ARM GAS  1.s 			page 1


   1              		 .thumb                 
   2              	         .syntax unified
   3              	.section .data
   4              		.align 4
   5              		
   6 0000 039F250D 	shumaguanmabiao: .byte 0x03,0x9f,0x25,0x0d,0x99,0x49,0x41,0x1f,0x01,0x09
   6      9949411F 
   6      0109
   7              	hongwaimabiao:	
   8 000a 472F472F 		.int 0x2f472f47,0x1f471f47,0x3b473b47,0x2b472b47,0x37473747,0x27472747,0x33473347,0x23472347,0x2a4
   8      471F471F 
   8      473B473B 
   8      472B472B 
   8      47374737 
   9              	
  10 0082 40201008 	shuaxinbiao: .byte 0x40,0x20,0x10,0x08,0x40,0x20,0x10,0x08
  10      40201008 
  11              		
  12 008a 33020000 	caidian: .word zhucaidan +1,dd1 +1,dd2 +1,dd3 +1,dd4 +1,dd5 +1,dd6 +1,dd7 +1,dd8 +1,dd9 +1,dd10 +1,
  12      49020000 
  12      49020000 
  12      49020000 
  12      49020000 
  13              		
  14              	        	.equ STACKINIT,          0x20005000
  15              			.equ systickbiaozhi,     0x20000300
  16              	.section .text
  17              	xiangliangbiao:
  18 0000 00500020 		.word STACKINIT
  19 0004 0D010000 		.word _start + 1
  20 0008 87030000 		.word _nmi_handler + 1
  21 000c 89030000 		.word _hard_fault  + 1
  22 0010 8B030000 		.word _memory_fault + 1
  23 0014 8D030000 		.word _bus_fault + 1
  24 0018 8F030000 		.word _usage_fault + 1
  25 001c 00000000 		.word 0
  26 0020 00000000 		.word 0
  27 0024 00000000 		.word 0
  28 0028 00000000 		.word 0
  29 002c 00000000 		.word 0
  30 0030 00000000 		.word 0
  31 0034 00000000 		.word 0
  32 0038 00000000 		.word 0
  33 003c 91030000 		.word systickdingshiqi +1
  34 0040 00000000 		.word	0 @WWDG  	0
  35 0044 00000000 		.word	0 @PVD  	1
  36 0048 00000000 		.word	0 @TAMPER	2
  37 004c 00000000 		.word	0 @RTC		3
  38 0050 00000000 		.word	0 @FLASH	4
  39 0054 00000000 		.word	0 @RCC		5
  40 0058 00000000 		.word	0 @EXTI0	6
  41 005c 00000000 		.word	0 @EXTI1	7
  42 0060 00000000 		.word	0 @EXTI2	8
  43 0064 00000000 		.word	0 @EXTI3	9
  44 0068 00000000 		.word	0 @EXTI4	10
  45 006c 00000000 		.word	0 @DMA11	11
  46 0070 00000000 		.word	0 @DMA12	12
ARM GAS  1.s 			page 2


  47 0074 00000000 		.word	0 @DMA13	13
  48 0078 00000000 		.word	0 @DMA14	14
  49 007c 00000000 		.word	0 @DMA15	15
  50 0080 00000000 		.word	0 @DMA16	16
  51 0084 00000000 		.word	0 @DMA17	17
  52 0088 00000000 		.word	0 @ADC1_2 	18
  53 008c 00000000 		.word	0 @USB_HP_CAN1_TX 19
  54 0090 00000000 		.word	0 @USB_LP_CAN1_RX0 20
  55 0094 00000000 		.word	0 @CAN1_RX1	21
  56 0098 00000000 		.word	0 @CAN1_SCE	22
  57 009c 00000000 		.word	0 @EXTI9_5	23
  58 00a0 00000000 		.word	0 @TIM1_BRK	24
  59 00a4 00000000 		.word	0 @TIM1_UP	25
  60 00a8 00000000 		.word	0 @TIM1_TRG_COM	26
  61 00ac 00000000 		.word	0 @TIM1_CC	27
  62 00b0 BB030000 		.word	tim2dingshiqi +1  @TIM2 28
  63 00b4 00000000 		.word	0 @tim3dingshiqi +1  @TIM3		29
  64 00b8 00000000 		.word	0 @TIM4		30
  65 00bc 00000000 		.word	0 @I2C1_EV	31
  66 00c0 00000000 		.word	0 @I2C1_ER	32
  67 00c4 00000000 		.word	0 @I2C2_EV	33
  68 00c8 00000000 		.word	0 @I2C2_ER	34
  69 00cc 00000000 		.word	0 @SPI1		35
  70 00d0 00000000 		.word	0 @SPI2		36
  71 00d4 00000000 		.word	0 @USART1	37
  72 00d8 00000000 		.word	0 @USART2	38
  73 00dc 00000000 		.word	0 @USART3	39
  74 00e0 00000000 		.word	0 @EXTI15_10	40
  75 00e4 00000000 		.word	0 @RTCAlarm_IRQ	41
  76 00e8 00000000 		.word	0 @USBWakeUp	42
  77 00ec 00000000 		.word	0	
  78 00f0 00000000 		.word	0	
  79 00f4 00000000 		.word	0
  80 00f8 00000000 		.word	0
  81 00fc 00000000 		.word	0
  82 0100 00000000 		.word	0
  83 0104 00000000 		.word	0
  84 0108 00000000 		.word	0 @BootRAM   
  85              	_start:
  86 010c C048     		ldr r0, = 0x40010004
  87 010e 4FF00071 		ldr r1, = 0x02000000
  88 0112 0160     		str r1, [r0]
  89              	
  90 0114 4160     		str r1, [r0, # 0x04]
  91 0116 BF48     		ldr r0, = 0x40021000
  92 0118 BF49     		ldr r1, = 0x14D83
  93 011a 0160     		str r1, [r0]
  94              	gsszbz: 
  95 011c 0268     		ldr r2, [r0]
  96 011e 4FF40031 		ldr r1, = 0x20000
  97 0122 1142     		tst r1, r2           @HSE高速时钟标志位           
  98 0124 00D1     		bne rccchushihua
  99 0126 F9E7     		b gsszbz
 100              	rccchushihua: 
 101 0128 BC48     		ldr r0, = 0x40022000
 102 012a 4FF03201 		mov r1, # 0x00000032
 103 012e 0160     		str r1, [r0]           @FLASH缓冲 缓冲开启 
ARM GAS  1.s 			page 3


 104 0130 BB48     		ldr r0, = 0x40021004
 105 0132 BC49     		ldr r1, = 0x1D8400
 106 0134 0160     		str r1, [r0]
 107 0136 B748     		ldr r0, = 0x40021000
 108 0138 BB49     		ldr r1, = 0x1033D03
 109 013a 0160     		str r1, [r0]
 110              	chaxun:
 111 013c 0268     		ldr r2, [r0]
 112 013e 4FF00071 		ldr r1, = 0x2000000
 113 0142 1142     		tst r1, r2
 114 0144 00D1     		bne rccgg               @等待PLL稳定
 115 0146 F9E7     		b chaxun
 116              	rccgg:
 117 0148 B548     		ldr r0, = 0x40021004
 118 014a B849     		ldr r1, = 0x1D8402
 119 014c 0160     		str r1, [r0]            @ PLL作为系统时钟
 120              	
 121 014e B048     		ldr r0, = 0x40010004
 122 0150 4FF00071 		ldr r1, = 0x02000000
 123 0154 0160     		str r1, [r0]
 124              	
 125              	neicunqingling:                  @ 无聊把内存清0
 126 0156 4FF00050 		ldr r0, = 0x20000000
 127 015a 44F6FF72 		ldr r2, = 0x4fff         @ 区域是0X4FFF大的地方
 128 015e 4FF00001 		mov r1, # 0              @ 写0
 129              	qingling_xunhuan:                
 130 0162 40F8041B 		str r1, [r0], 4         
 131 0166 013A     		subs r2, # 1
 132 0168 FBD1     		bne qingling_xunhuan     @ 循环清0
 133              	
 134              	chushihuayixieshuju:	 @初始化一些数据
 135 016a B148     		ldr r0, = 0x200004fc
 136 016c B149     		ldr r1, = 0x2200a000
 137 016e 0160     		str r1, [r0]
 138              		@ dma
 139 0170 B148     		ldr r0, = 0x20000600
 140 0172 42F21071 		ldr r1, = 10000
 141 0176 0160     		str r1, [r0]
 142              	systick:
 143              		@0xe000e010 SYSTICK控制状态寄存器
 144              		@0=定时器使能
 145              		@1=（1倒数到0发出异常请，0无动作）
 146              		@2=（0外部始终1内核时钟）
 147              		@16= 如果赏赐读取本寄存器后SYSTICK已经数到0则该位为1如果读取该位则清0
 148              		@0xe000e014 重载值寄存器 数到0将要被重载的值
 149              		@0xe000e018 当前值，写清0
 150              		@0e000e01c
 151              		@0-23 10MS的时间内倒计数的格数
 152              		@ 30=(1教准不是准确的10MS)（0教准是准确的10MS）
 153 0178 B048     		ldr r0, = 0xe000e010
 154 017a 4FF00001 		mov r1, # 0               
 155 017e 0160     		str r1, [r0]            @ 关掉SYSTICK
 156 0180 42F22831 		ldr r1, = 9000      @ 重载数
 157 0184 4160     		str r1, [r0, # 4]       @ 写进重载数
 158 0186 8160     		str r1, [r0, # 8]       @ 清0当前数          
 159 0188 AD4B     		ldr r3, = 0xe000ed23  @systick优先级
 160 018a 4FF0F001 		mov r1, # 240
ARM GAS  1.s 			page 4


 161 018e 1960     		str r1, [r3]
 162 0190 4FF00001 		mov r1, # 0x00
 163 0194 0160     		str r1, [r0] @ 开定时器
 164              		
 165              	waisheshizhong:
 166              	
 167              		@AHBENR=0x40021014
 168              		@0=DMA1,1=DMA2,2=SRAMEN,4=FLITFEN,6=CRCEN,8=FSMCEN,10=SDIOEN
 169 0196 AB48     		ldr r0, = 0x40021014
 170 0198 4FF01501 		mov r1, # 0x15
 171 019c 0160     		str r1, [r0]
 172              		
 173              		@APB2_ENR=0X40021018 0(AFIO)1(保留)2(PA)3(PB)4(PC)5(PD)6(PE)78(保留)
 174              		@9(ADC1)10(ADC2)11(TIM1)12(SPI1)13(保留)14（USART1）15(保留)
 175 019e AA48     		        ldr r0, = 0x40021018 @ APB2_ENR
 176 01a0 40F63C01 		        ldr r1, = 0x83c
 177 01a4 0160     		        str r1, [r0]
 178              		@APB1_ENR=0X4002101C
 179              		@0=TIM2,1=TIM3,2=TIM4,3=TIM5,4=TIM6,5=TIM7,11=WWDG
 180              		@14=SP12,15=SP13,17=UART3,19=UART4,20=UART5
 181              		@21=I2C,22=I2C2,23=USB,25=CAN,27=BKPT,28=PWR,29=DACEN
 182 01a6 A948     			ldr r0, = 0X4002101C @ APB1_ENR
 183 01a8 3F21     			ldr r1, = 0x3f
 184 01aa 0160     			str r1, [r0]
 185              	
 186              	dmachushihua:
 187              		DMA1= 0x40020000
 188              		@+0=LSR,+4=IFCR,
 189              		@+8=CCR1,+c=CNDTR1,+10=CPAR1+14=CMAR1,
 190              		@+1c=CCR2,+20=CNDTR2,+24=CPAR2,+28=CMAR2
 191              		@+30=CCR3,+34=CNDTR3,+38=CPAR2,+3c=CMAR3
 192              		@+44=CCR4,+48=CNDTR4,+4c=CPAR4,+50=CMAR4
 193              		@+58=CCR5,+5c=CNDTR5,+60=CPAR5,+64=CMAR5
 194              		@+6C=CCR6,+70=CNDTR6,+74=CPAR6,+78=CMAR6
 195              		@+80=CCR7,+84=CNDTR7,+88=CPAR7,+8c=CMAR7
 196 01ac A848     		ldr r0, = 0x40020000
 197 01ae A949     		ldr r1, = 0x40000834
 198 01b0 0161     		str r1, [r0, # 0x10]
 199 01b2 A149     		ldr r1, = 0x20000600
 200 01b4 4161     		str r1, [r0, # 0x14]
 201 01b6 8F21     		ldr r1, = 0x8f
 202 01b8 C160     		str r1, [r0, # 0x0c]
 203 01ba 42F63121 		ldr r1, = 0x2a31
 204 01be 8160     		str r1, [r0, # 0x8]
 205              		
 206              		
 207              		
 208              	zhongduankongzhi:
 209              		@SETENA0=0XE000E100,SETENA1=0XE000E104 @中断使能
 210              		@CLRENA0=0XE000E180,CLRENA1=0XE000E184 @中断除能
 211              		@SETPEND0=0XE000E200,SETPPEND1=0XE000E204 @中断悬起
 212              		@CLRPEND0=0XE000E280,CLRPEND1=0XE000E284  @中断解悬
 213              		@ACTIVE0=0XE000E300,ACTIVE1=0XE000E304   @ 中断活动状态
 214              		@0XE000E400-0XE000E43C 中断优先级阵列每个占8位
 215              		@0XE000ED00=CPUID，0XE000ED04=中断控制及状态寄存器
 216              		@0xe000ed08=向量表偏移，0xe000ed0c=应用程序中断及复位
 217              		@0xe000ed10=系统控制，0XE000ED14=配置与控制
ARM GAS  1.s 			page 5


 218              		@0xe000ed18-0xe000ed23=系统异常优先级阵列
 219 01c0 A548     		ldr r0, = 0xe000ed0c
 220 01c2 A649     		ldr r1, = 0x5fa0500
 221 01c4 0160     		str r1, [r0]
 222 01c6 A648     		ldr r0, = 0xe000e400
 223 01c8 4FF0C001 		mov r1, # 0xc0
 224 01cc C161     		str r1, [r0, # 28]
 225 01ce A548     		ldr r0, = 0xe000e100 @ 中断使能
 226 01d0 4FF08051 		ldr r1, = 0x10000000 @ tim2 
 227 01d4 0160     		str r1, [r0]	
 228              	timdingshiqi:
 229              		@tim1=0x40012c00
 230              		@+0=CR1 控制寄存器
 231              		@+4=CR2 控制寄存器2
 232              		@+8=SMCR 从模式控制寄存器
 233              		@+c=DIER 中断使能寄存器
 234              		@+10=SR 状态寄存器
 235              		@+14=EGR 事件产生寄存器
 236              		@+18=CCMR1 捕获/比较模式寄存器1
 237              		@+1C=CCMR2 捕获/比较模式寄存器2
 238              		@+20=CCER 捕获/比较使能寄存器
 239              		@+24=CNT 计数器
 240              		@+28=PSC 预分频器
 241              		@+2C=ARR 重载寄存器
 242              		@+30=RCR 重复计数寄存器
 243              		@+34=CCR1 捕获/比较寄存器1
 244              		@+38=CCR2 捕获/比较寄存器2
 245              		@+3C=CCR3 捕获/比较寄存器3
 246              		@+40=CCR4 捕获/比较寄存器4
 247              		@+44=BDTR 刹车/死区寄存器
 248              		@+48=DCR DMA控制器
 249              		@+4C=DMAR 连续模式的DMA地址
 250              		@TIM2=0x40000000
 251              	@18=CCMR1,18=OCMR1,1C=CCMR2,1C=OCMR2
 252              	@CNT与CCR比较占空，ARR与PSC决定频率。主频除以PSC=计数频率
 253 01d6 4FF08040 		ldr r0, = 0x40000000 @ tim2
 254 01da 4FF43471 		ldr r1, = 720
 255 01de 8162     		str r1, [r0, # 0x28] @ 分频
 256 01e0 6FF07F41 		ldr r1, = 0xffffff
 257 01e4 C162     		str r1, [r0, # 0x2c] @ 重载
 258 01e6 4FF00201 		mov r1, # 2
 259 01ea C160     		str r1, [r0, # 0x0c] @开中断
 260 01ec F121     		ldr r1, = 0xf1
 261 01ee 8161     		str r1, [r0, # 0x18] @ 捕获/比较模式
 262 01f0 4FF00301 		mov r1, # 3
 263 01f4 0162     		str r1, [r0, # 0x20] @ 下降沿捕获
 264 01f6 8121     		ldr r1, = 0x81
 265 01f8 0160     		str r1, [r0]
 266              	tim4chushihua:
 267 01fa 9B48     		ldr r0, = 0x40000800
 268 01fc 4FF40071 		ldr r1, = 0x200
 269 0200 C160     		str r1, [r0, # 0x0c]
 270 0202 4FF4E151 		ldr r1, = 7200
 271 0206 8162     		str r1, [r0, # 0x28]
 272 0208 42F21071 		ldr r1, = 10000
 273 020c C162     		str r1, [r0, # 0x2c]
 274 020e 7021     		ldr r1, = 0x70
ARM GAS  1.s 			page 6


 275 0210 8161     		str r1, [r0, # 0x18]
 276 0212 4FF00101 		mov r1, # 0x01
 277 0216 0162     		str r1, [r0, # 0x20]
 278 0218 4FF08101 		mov r1, # 0x81
 279 021c 0160     		str r1, [r0]
 280              	IOshezhi:
 281              		
 282              		@PA=0x40010800 PB=0x40010c00 PC=0x40011000 
 283              		@PD=0x40011400 PE=0x40011800 PF=0x40011c00 
 284              		@ IO 1(通用推挽10M)2(通用推挽2M)3(通用推挽50M)
 285              		@4(浮空输入)5(通用开漏输出10M)6(通用开漏输出2M)
 286              		@7(通用开漏输出50M)8(上拉下拉输入)9(复用功能推挽输出10M)
 287              		@A(复用功能推挽输出2M)B(复用功能推挽输出50M)C(保留)
 288              		@D(复用功能开溜输出10M)E(复用功能开漏输出2M)F(复用功能开漏输出50M)
 289              		@ 偏移0X8=IDR 输入数据寄存器
 290              		@偏移0XC=ODR 输出数据寄存器
 291              		@偏移0X10=BSRR IO开
 292              		@偏移0X14=BRR  IO关
 293 021e 9348     		ldr r0, = 0x40010c00
 294 0220 4FF0BB31 		ldr r1, = 0xbbbbbbbb
 295 0224 0160     		str r1, [r0]
 296 0226 9248     		ldr r0, = 0x40010800
 297 0228 9249     		ldr r1,	= 0x44444555
 298 022a 4160     		str r1, [r0, # 0x04]
 299 022c 4FF04431 		ldr r1, = 0x44444444
 300 0230 0160     		str r1, [r0]	
 301              	zhucaidan:
 302 0232 00F083F8 		bl anjian
 303 0236 904B     		ldr r3, = 0x200004f8
 304 0238 1868     		ldr r0, [r3]
 305 023a 9049     		ldr r1, = caidian
 306 023c D1F800E0 		ldr lr, [r1]
 307 0240 4FEA8000 		lsl r0, # 2
 308 0244 0A58     		ldr r2, [r1, r0]
 309 0246 9746     		mov pc, r2
 310              	dd0:
 311              	dd1:
 312              	dd2:
 313              	dd3:
 314              	dd4:
 315              	dd5:
 316              	dd6:
 317              	dd7:
 318              	dd8:
 319              	dd9:
 320              	dd10:
 321              	dd11:
 322              	dd12:
 323              	dd13:
 324              	dd14:
 325              	dd15:
 326 0248 7047     		bx lr
 327              	dd17:
 328 024a 07B5     		push {r0-r2,lr}
 329 024c 8C4A     		ldr r2, = 0x4000082c
 330 024e 1268     		ldr r2, [r2]
 331 0250 7948     		ldr r0, = 0x20000600
ARM GAS  1.s 			page 7


 332 0252 0168     		ldr r1, [r0]
 333 0254 01F16401 		add r1, r1, # 100
 334 0258 9142     		cmp r1, r2
 335 025a 88BF     		it hi
 336 025c 1146     		movhi r1, r2
 337 025e 0160     		str r1, [r0]
 338 0260 00F064F8 		bl qingchuanjian
 339 0264 07BD     		pop {r0-r2,pc}
 340              	dd16:
 341 0266 07B5     		push {r0-r2,lr}
 342 0268 854A     		ldr r2, = 0x4000082c
 343 026a 1268     		ldr r2, [r2]
 344 026c 7248     		ldr r0, = 0x20000600
 345 026e 0168     		ldr r1, [r0]
 346 0270 A1F16401 		sub r1, r1, # 100
 347 0274 9142     		cmp r1, r2
 348 0276 88BF     		it hi
 349 0278 0021     		movhi r1, # 0
 350 027a 0160     		str r1, [r0]
 351 027c 00F056F8 		bl qingchuanjian
 352 0280 07BD     		pop {r0-r2,pc}
 353              	dd18:
 354              	dd19:
 355              	dd20:
 356              	dd21:
 357              	dd22:
 358              	dd23:
 359              	dd24:
 360              	dd25:
 361              	dd26:
 362              	dd27:
 363              	dd28:
 364              	dd29:
 365              	dd30:	
 366 0282 7047     		bx lr
 367              	zhuye:
 368 0284 00F05AF8 		bl anjian
 369 0288 7B4A     		ldr r2, = 0x200004f8
 370 028a 1268     		ldr r2, [r2]
 371 028c 152A     		cmp r2, # 21
 372 028e D0D0     		beq zhucaidan
 373 0290 7C4A     		ldr r2, = 0x20000014
 374 0292 1068     		ldr r0, [r2]
 375 0294 4FF00401 		mov r1, # 4
 376 0298 7B4A     		ldr r2, = 0x20000100
 377 029a 00F022F8 		bl zhuan_ascii
 378 029e 4FF00400 		mov r0, # 4
 379 02a2 00F05DF8 		bl xieshumaguan
 380 02a6 EDE7     		b zhuye
 381              	
 382              	zhuan_shijinzhi:   @ R0=要转换的数的地址
 383 02a8 2DE9FF43 		push {r0-r9,lr}
 384 02ac EC46     		mov r12, sp
 385 02ae 81B0     		sub sp, # 0x04	
 386 02b0 90F80080 		ldrb r8, [r0]
 387 02b4 4278     		ldrb r2, [r0, # 1]
 388 02b6 8378     		ldrb r3, [r0, # 2]
ARM GAS  1.s 			page 8


 389 02b8 C478     		ldrb r4, [r0, # 3]
 390 02ba 4FF06405 		mov r5, # 100
 391 02be 02FB05F9 		mul r9, r2, r5
 392 02c2 42F21075 		movw r5, # 10000
 393 02c6 03FB05F7 		mul r7, r3, r5
 394 02ca 704D     		ldr r5, = 1000000
 395 02cc 04FB05F6 		mul r6, r4, r5
 396 02d0 C844     		add r8, r8, r9
 397 02d2 07EB0802 		add r2, r7, r8
 398 02d6 02EB0601 		add r1, r2, r6
 399 02da 0091     		str r1, [sp]
 400 02dc E546     		mov sp, r12
 401 02de BDE8FF83 		pop {r0-r9,pc}
 402              	zhuan_ascii: @ 入口R0=数据 R1= 长度 R2=出口
 403 02e2 FFB5     		push {r0-r7,lr}
 404 02e4 6A4F     		ldr r7, = shumaguanmabiao
 405 02e6 4FF00A05 		mov r5, # 10
 406              	xunhuanqiuma:
 407 02ea B0FBF5F4 		udiv r4, r0, r5
 408 02ee 04FB05F6 		mul r6, r4, r5
 409 02f2 A0EB0603 		sub r3, r0, r6
 410 02f6 FE5C     		ldrb r6, [r7, r3]
 411 02f8 02F8016B 		strb r6, [r2], # 1
 412 02fc 2046     		mov r0, r4
 413 02fe 0139     		subs r1, # 1
 414 0300 F3D1     		bne xunhuanqiuma
 415 0302 FFBD     		pop {r0-r7,pc}
 416              	
 417              	xie595:    @ 入口0X20000000
 418              		
 419              		@74HC595 11=输入锁存 12=输出锁存 14=数据
 420 0304 3FB5     		push {r0-r5,lr}
 421 0306 6348     		ldr r0, =  0x422101a0 @ 位带地址  
 422 0308 4FF00101 		mov r1, # 1       @ 1
 423 030c 4FF00002 		mov r2, # 0          @ 0
 424 0310 4FF00853 		ldr r3, = 0x22000000 @ 0x20000000的位带
 425 0314 4FF01004 		mov r4, # 16         @ 写两个8位
 426              	xunhuan595:
 427 0318 8260     		str r2, [r0, # 0x08] @ 595_11 输入锁存
 428 031a 53F8045B 		ldr r5, [r3], # 4    @ 取出一位的数据
 429 031e 0560     		str r5, [r0]         @14脚输出数据
 430 0320 8160     		str r1, [r0, # 0x08] @ 锁存
 431 0322 013C     		subs r4, # 1         
 432 0324 F8D1     		bne xunhuan595       @循环16次
 433 0326 4260     		str r2, [r0, # 0x04] @ 12输出锁存
 434 0328 4160     		str r1, [r0, # 0x04] 
 435 032a 3FBD     		pop {r0-r5,pc}      @ 弹出各寄存器返回
 436              		
 437              	qingchuanjian:
 438 032c 03B5     		push {r0-r1,lr}
 439 032e 5248     		ldr r0, = 0x200004f8
 440 0330 4FF00001 		mov r1, # 0
 441 0334 0160     		str r1, [r0]
 442 0336 5848     		ldr r0, = 0x20000500
 443 0338 0160     		str r1, [r0]
 444 033a 03BD     		pop {r0-r1,pc}
 445              	anjian:
ARM GAS  1.s 			page 9


 446 033c 2DE9FF5F 		push {r0-r12,lr}
 447 0340 554B     		ldr r3, = 0x20000500
 448 0342 564D     		ldr r5, = hongwaimabiao
 449 0344 4FF01E06 		mov r6, # 30        @ 按键数量
 450              	panduananjian:
 451 0348 55F8044B 		ldr r4, [r5], # 4
 452 034c 1A68     		ldr r2, [r3]
 453 034e A242     		cmp r2, r4
 454 0350 02D0     		beq anjianzhengque
 455 0352 013E     		subs r6, # 1
 456 0354 F8D1     		bne panduananjian
 457 0356 01E0     		b anjianfanhui
 458              	anjianzhengque:
 459 0358 474A     		ldr r2, = 0x200004f8
 460 035a 1660     		str r6, [r2]
 461              		
 462              	anjianfanhui:
 463 035c BDE8FF9F 		pop {r0-r12,pc}
 464              	xieshumaguan: @ r0位数
 465 0360 2DE9FF5F 		push {r0-r12,lr}
 466 0364 484F     		ldr r7, = 0x20000100
 467 0366 DFF83881 		ldr r8, = shuaxinbiao
 468 036a 4FF00056 		ldr r6, = 0x20000000
 469              	
 470              	xianshi:
 471 036e 18F8015B 		ldrb r5, [r8], # 1
 472 0372 17F8012B 		ldrb r2, [r7], # 1
 473 0376 3570     		strb r5, [r6]
 474 0378 7270     		strb r2, [r6, # 0x01]
 475 037a FFF7C3FF 		bl xie595
 476 037e 0138     		subs r0, # 1
 477 0380 F5D1     		bne xianshi
 478 0382 BDE8FF9F 		pop {r0-r12,pc}
 479              		
 480              	_nmi_handler:
 481 0386 7047     		bx lr
 482              	_hard_fault:
 483 0388 7047     		bx lr
 484              	_memory_fault:
 485 038a 7047     		bx lr
 486              	_bus_fault:
 487 038c 7047     		bx lr
 488              	_usage_fault:
 489 038e 7047     	 	bx lr
 490              	systickdingshiqi:	              @ SYSTICK定时期中断服务函数
 491 0390 2DE9FF5F 		push {r0-r12,lr}
 492 0394 4348     		ldr r0, = 0xe000ed04
 493 0396 4FF00071 		ldr r1, = 0x2000000
 494 039a 0160     		str r1, [r0]         @ 挂起SYSTICK
 495 039c 424A     		ldr r2, = 0x20000010
 496 039e 1168     		ldr r1, [r2]
 497 03a0 5368     		ldr r3, [r2, # 0x04]
 498 03a2 01F10101 		add r1, # 1
 499 03a6 B1F57A7F 		cmp.w r1, # 1000
 500 03aa 28BF     		it cs
 501 03ac 0021     		movcs r1, # 0
 502 03ae 03F10103 		add r3, # 1
ARM GAS  1.s 			page 10


 503 03b2 1160     		str r1, [r2]
 504 03b4 5360     		str r3, [r2, # 0x04]
 505 03b6 BDE8FF9F 		pop {r0-r12,pc}
 506              		
 507              	tim2dingshiqi:
 508 03ba 2DE9FF5F 		push {r0-r12,lr}	
 509 03be 1C4A     		ldr r2, = 0x200004fc
 510 03c0 3A48     		ldr r0, = 0x40000034
 511 03c2 1368     		ldr r3, [r2]
 512 03c4 0168     		ldr r1, [r0]  @ 读取时间
 513 03c6 B1F5604F 		cmp.w r1, # 0xe000
 514 03ca 1AD8     		bhi tim2fanhui
 515 03cc B1F5805F 		cmp.w r1, # 0x1000
 516 03d0 82BF     		ittt hi
 517 03d2 184C     		ldrhi r4, = 0x2200a000
 518 03d4 1460     		strhi r4, [r2]
 519 03d6 14E0     		bhi tim2fanhui
 520 03d8 FF29     		cmp r1, # 0xff
 521 03da 81BF     		itttt hi
 522 03dc 12F80C5C 		ldrbhi r5, [r2, # - 0x0c]
 523 03e0 0135     		addhi r5, # 1
 524 03e2 02F80C5C 		strbhi r5, [r2, # - 0x0c]
 525 03e6 0CE0     		bhi tim2fanhui
 526 03e8 A029     		cmp r1, # 0xa0
 527 03ea 81BF     		itttt hi
 528 03ec 0126     		movhi r6, # 1
 529 03ee 43F8046B 		strhi r6, [r3], # 4
 530 03f2 1360     		strhi r3, [r2]
 531 03f4 05E0     		bhi tim2fanhui
 532 03f6 6029     		cmp r1, # 0x60
 533 03f8 82BF     		ittt hi
 534 03fa 0026     		movhi r6, # 0
 535 03fc 43F8046B 		strhi r6, [r3], # 4
 536 0400 1360     		strhi r3, [r2]
 537              	tim2fanhui:
 538 0402 2B48     		ldr r0, = 0x40000024
 539 0404 4FF00001 		mov r1,  # 0
 540 0408 0160     		str r1, [r0]
 541 040a BDE8FF9F 		pop {r0-r12,pc}
 541      00000400 
 541      01400010 
 541      0240834D 
 541      01000020 
ARM GAS  1.s 			page 11


DEFINED SYMBOLS
                 1.s:4      .data:00000000 $d
                 1.s:6      .data:00000000 shumaguanmabiao
                 1.s:7      .data:0000000a hongwaimabiao
                 1.s:10     .data:00000082 shuaxinbiao
                 1.s:12     .data:0000008a caidian
                 1.s:301    .text:00000232 zhucaidan
                 1.s:311    .text:00000248 dd1
                 1.s:312    .text:00000248 dd2
                 1.s:313    .text:00000248 dd3
                 1.s:314    .text:00000248 dd4
                 1.s:315    .text:00000248 dd5
                 1.s:316    .text:00000248 dd6
                 1.s:317    .text:00000248 dd7
                 1.s:318    .text:00000248 dd8
                 1.s:319    .text:00000248 dd9
                 1.s:320    .text:00000248 dd10
                 1.s:321    .text:00000248 dd11
                 1.s:322    .text:00000248 dd12
                 1.s:323    .text:00000248 dd13
                 1.s:324    .text:00000248 dd14
                 1.s:325    .text:00000248 dd15
                 1.s:340    .text:00000266 dd16
                 1.s:327    .text:0000024a dd17
                 1.s:353    .text:00000282 dd18
                 1.s:354    .text:00000282 dd19
                 1.s:355    .text:00000282 dd20
                 1.s:356    .text:00000282 dd21
                 1.s:357    .text:00000282 dd22
                 1.s:358    .text:00000282 dd23
                 1.s:359    .text:00000282 dd24
                 1.s:360    .text:00000282 dd25
                 1.s:361    .text:00000282 dd26
                 1.s:362    .text:00000282 dd27
                 1.s:363    .text:00000282 dd28
                 1.s:364    .text:00000282 dd29
                 1.s:365    .text:00000282 dd30
                 1.s:14     *ABS*:20005000 STACKINIT
                 1.s:15     *ABS*:20000300 systickbiaozhi
                 1.s:17     .text:00000000 xiangliangbiao
                 1.s:85     .text:0000010c _start
                 1.s:480    .text:00000386 _nmi_handler
                 1.s:482    .text:00000388 _hard_fault
                 1.s:484    .text:0000038a _memory_fault
                 1.s:486    .text:0000038c _bus_fault
                 1.s:488    .text:0000038e _usage_fault
                 1.s:490    .text:00000390 systickdingshiqi
                 1.s:507    .text:000003ba tim2dingshiqi
                            .text:00000000 $d
                 1.s:86     .text:0000010c $t
                 1.s:94     .text:0000011c gsszbz
                 1.s:100    .text:00000128 rccchushihua
                 1.s:110    .text:0000013c chaxun
                 1.s:116    .text:00000148 rccgg
                 1.s:125    .text:00000156 neicunqingling
                 1.s:129    .text:00000162 qingling_xunhuan
                 1.s:134    .text:0000016a chushihuayixieshuju
ARM GAS  1.s 			page 12


                 1.s:142    .text:00000178 systick
                 1.s:165    .text:00000196 waisheshizhong
                 1.s:186    .text:000001ac dmachushihua
                 1.s:187    *ABS*:40020000 DMA1
                 1.s:208    .text:000001c0 zhongduankongzhi
                 1.s:228    .text:000001d6 timdingshiqi
                 1.s:266    .text:000001fa tim4chushihua
                 1.s:280    .text:0000021e IOshezhi
                 1.s:445    .text:0000033c anjian
                 1.s:310    .text:00000248 dd0
                 1.s:437    .text:0000032c qingchuanjian
                 1.s:367    .text:00000284 zhuye
                 1.s:402    .text:000002e2 zhuan_ascii
                 1.s:464    .text:00000360 xieshumaguan
                 1.s:382    .text:000002a8 zhuan_shijinzhi
                 1.s:406    .text:000002ea xunhuanqiuma
                 1.s:417    .text:00000304 xie595
                 1.s:426    .text:00000318 xunhuan595
                 1.s:450    .text:00000348 panduananjian
                 1.s:458    .text:00000358 anjianzhengque
                 1.s:462    .text:0000035c anjianfanhui
                 1.s:470    .text:0000036e xianshi
                 1.s:537    .text:00000402 tim2fanhui
                 1.s:541    .text:0000040e $d
                 1.s:541    .text:00000410 $d

NO UNDEFINED SYMBOLS
