ARM GAS  1.s 			page 1


   1              		@@单片机stm32f030f4p6
   2              		@@ 电阻桥
   3              		@作者：yjmwxwx
   4              		@时间：2019-07-20
   5              		@编译器：arm-none-eabi
   6              		 .thumb                 
   7              	         .syntax unified
   8              	.section .data
   9              	shumaguanmabiao:
  10 0000 FC000000 		.int 0xfc,0x60,0xda,0xf2,0x66,0xb6,0xbe,0xe0,0xfe,0xf6
  10      60000000 
  10      DA000000 
  10      F2000000 
  10      66000000 
  11              	shumaguanshuaxinbiao:
  12 0028 00FE0000 		.int 0xfe00,0xfd00,0xfb00,0xf700,0xef00,0xdf00,0xbf00,0x7f00,0
  12      00FD0000 
  12      00FB0000 
  12      00F70000 
  12      00EF0000 
  13              	       	.equ STACKINIT,                 0x20001000
  14              		.equ shumaguanma,		0x20000000
  15              		.equ dianyabiao,		0x20000030
  16              		.equ lvboqizhizhen,		0x20000024
  17              		.equ lvboqihuanchong,		0x20000028
  18              	.section .text
  19              	vectors:
  20 0000 00100020 		.word STACKINIT
  21 0004 B1000000 		.word _start + 1
  22 0008 53020000 		.word _nmi_handler + 1
  23 000c 55020000 		.word _hard_fault  + 1
  24 0010 00000000 		.word 0
  25 0014 00000000 		.word 0
  26 0018 00000000 		.word 0
  27 001c 00000000 		.word 0
  28 0020 00000000 		.word 0
  29 0024 00000000 		.word 0
  30 0028 00000000 		.word 0
  31 002c 57020000 		.word _svc_handler +1
  32 0030 00000000 		.word 0
  33 0034 00000000 		.word 0
  34 0038 59020000 		.word _pendsv_handler +1
  35 003c 5B020000 		.word aaa +1	@  _systickzhongduan +1               @ 15
  36 0040 5B020000 		.word aaa +1     @ _wwdg +1          @ 0
  37 0044 5B020000 		.word aaa +1     @_pvd +1            @ 1
  38 0048 5B020000 		.word aaa +1     @_rtc +1            @ 2
  39 004c 5B020000 		.word aaa +1     @_flash +1          @ 3
  40 0050 5B020000 		.word aaa +1	@ _rcc + 1          @ 4
  41 0054 5B020000 		.word aaa +1      @_exti0_1  +1      @ 5
  42 0058 5B020000 		.word aaa +1      @ _exti2_3 +1      @ 6
  43 005c 5B020000 		.word aaa +1       @_exti4_15 +1     @ 7
  44 0060 5B020000 		.word aaa +1                         @ 8
  45 0064 5B020000 		.word aaa +1 	@_dma1_1  +1    @ 9
  46 0068 5B020000 		.word aaa +1    @_dma1_2_3 +1        @ 10
  47 006c 5B020000 		.word aaa +1       @_dma1_4_5 +1     @ 11
  48 0070 5B020000 		.word aaa +1	 @_adc1 +1          @ 12
  49 0074 5B020000 		.word aaa +1       @_tim1_brk_up +1  @ 13
ARM GAS  1.s 			page 2


  50 0078 5B020000 		.word aaa +1        @ _tim1_cc +1    @ 14
  51 007c 5B020000 		.word aaa +1         @_tim2 +1       @ 15
  52 0080 5B020000 		.word aaa +1          @_tim3 +1      @ 16
  53 0084 5B020000 		.word aaa +1                         @ 17
  54 0088 5B020000 		.word aaa +1		                @ 18
  55 008c 5B020000 		.word aaa +1	@_tim14 +1    @ 19
  56 0090 5B020000 		.word aaa +1                         @ 20
  57 0094 5B020000 		.word aaa +1         @_tim16 +1      @ 21
  58 0098 5B020000 		.word aaa +1         @_tim17 +1      @ 22
  59 009c 5B020000 		.word aaa +1          @_i2c   +1     @ 23
  60 00a0 5B020000 		.word aaa +1                         @ 24
  61 00a4 5B020000 		.word aaa +1           @_spi   +1    @ 25
  62 00a8 5B020000 		.word aaa +1                         @ 26
  63 00ac 5B020000 		.word aaa +1         @_usart1 +1     @ 27
  64              	_start:
  65              	shizhong:
  66 00b0 6A4A     		ldr r2, = 0x40022000   @FLASH访问控制
  67 00b2 3221     		movs r1, # 0x32
  68 00b4 1160     		str r1, [r2]           @FLASH缓冲 缓冲开启
  69 00b6 6A48     	        ldr r0, = 0x40021000 @ rcc
  70 00b8 6A49     	        ldr r1, = 0x10001
  71 00ba 0160     	        str r1, [r0]
  72              	denghse:
  73 00bc 0168     	        ldr r1, [r0]
  74 00be 8903     	        lsls r1, r1, # 14
  75 00c0 FCD5     	        bpl denghse
  76              	dengpllguan:
  77 00c2 0168     	        ldr r1, [r0]
  78 00c4 8901     	        lsls r1, r1, # 6
  79 00c6 FCD4     	        bmi dengpllguan
  80 00c8 6749     	        ldr r1, = 0x110002
  81 00ca 4160     	        str r1, [r0, # 0x04]
  82 00cc 6749     	        ldr r1, = 0x1010000
  83 00ce 0000     		movs r0, r0
  84 00d0 0160     	        str r1, [r0]
  85              		
  86              	dengpll:
  87 00d2 0168     		ldr r1, [r0]
  88 00d4 8901     		lsls r1, # 6
  89 00d6 FCD5     		bpl dengpll
  90              		@0x34时钟控制寄存器 2 (RCC_CR2)
  91 00d8 0121     		movs r1, # 0x01
  92 00da 4163     		str r1, [r0, # 0x34]  @ HSI开14M时钟
  93              	dengdai14mshizhongwending:
  94 00dc 416B     		ldr r1, [r0, # 0x34]
  95 00de 8907     		lsls r1, r1, # 30     @ 左移30位
  96 00e0 FCD5     		bpl dengdai14mshizhongwending  @ 等待14M时钟稳定
  97              	
  98              	neicunqingling:
  99 00e2 6348     		ldr r0, = 0x20000000
 100 00e4 0021     		movs r1, # 0
 101 00e6 634B     		ldr r3, = 0x1000
 102              	neicunqinglingxunhuan:
 103 00e8 043B     		subs r3, # 4
 104 00ea C150     		str r1, [r0, r3]
 105 00ec FCD1     		bne neicunqinglingxunhuan
 106              	
ARM GAS  1.s 			page 3


 107              	@_systick:				@ systick定时器初始化
 108              	@
 109              	@	ldr r0, = 0xe000e010
 110              	@	ldr r1, = 0xffff
 111              	@	str r1, [r0, # 4]
 112              	@	str r1, [r0, # 8]
 113              	@	movs r1, # 0x07
 114              	@	str r1, [r0]
 115              	_waisheshizhong:		 @ 外设时钟
 116              		@+0x14=RCC_AHBENR
 117              		@0=DMA @2=SRAM @4=FLITF@6=CRC @17=PA @18=PB @19=PC @20=PD @22=PF
 118 00ee 5C48     		ldr r0, = 0x40021000
 119 00f0 6149     		ldr r1, = 0x460005
 120 00f2 4161     		str r1, [r0, # 0x14]
 121              	
 122              		@+0x18外设时钟使能寄存器 (RCC_APB2ENR)
 123              		@0=SYSCFG @5=USART6EN @9=ADC @11=TIM1 @12=SPI1 @14=USART1 @16=TIM15 @17=TIM16 @18=TIM17 @22=DBGMCU
 124 00f4 6149     		ldr r1, = 0xa00
 125 00f6 8161     		str r1, [r0, # 0x18]
 126              		@+0X1C=RCC_APB1ENR
 127              		@ 1=TIM3 @ 4=TIM6 @5=TIM7 @8=TIM14 @11=WWDG @14=SPI @17=USRT2 @18=USART3 @20=USART5 @21=I2C1 @22=I
 128 00f8 0221     		movs r1, # 0x02
 129 00fa C161     		str r1, [r0, # 0x1c]
 130              	io_she_zhi:
 131              	@@@@@@@@@@@@@@@@@@@@@@@@@@@@@@@@@@@@@@@@@@@@@@@@@@@@@@@@@@@@@@@@@@@@@@@@@@@@@@@@@@@@@@@@@@@@@@
 132              		@a(0x48000000)b(0x48000400)c(0x48000800)d(0x48000c00)f(0x48001400)
 133              		@ 输入（00），通用输出（01），复用功能（10），模拟（11）
 134              		@偏移0x4 = 端口输出类型 @ （0 推挽），（ 1 开漏）
 135              		@偏移0x8 = 输出速度  00低速， 01中速， 11高速
 136              		@偏移0xC = 上拉下拉 (00无上下拉，  01 上拉， 10下拉)
 137              		@偏移0x10 = 输入数据寄存器
 138              		@偏移0x14 = 输出数据寄存器
 139              		@偏移0x18 = 端口开  0-15置位 
 140              		@偏移0x28 = 端口关
 141              		@0X20 = 复用低
 142              		@GPIO口0（0-3位）每个IO口占用4位
 143              		@ AF0 = 0X0000, AF1 = 0X0001, AF2 = 0X0010 AF3 = 0X0011, AF4 = 0X0100
 144              		@ AF5 = 0X0101, AF6 = 0X0111, AF7 = 0X1000
 145              		@0x24 = 复用高
 146              		@GPIO口8 （0-3位）每个IO口占用4位
 147              		@ AF0 = 0X0000, AF1 = 0X0001, AF2 = 0X0010 AF3 = 0X0011, AF4 = 0X0100
 148              		@ AF5 = 0X0101, AF6 = 0X0111, AF7 = 0X1000
 149              	@@@@@@@@@@@@@@@@@@@@@@@@@@@@@@@@@@@@@@@@@@@@@@@@@@@@@@@@@@@@@@@@@@@@@@@@@@@@@@@@@@@@@@@@@@@@@@
 150              	
 151 00fc 6048     		ldr r0, = 0x48000000
 152 00fe 6149     		ldr r1, = 0x28005403
 153 0100 0160     		str r1, [r0]
 154              	
 155 0102 6149     		ldr r1, = 0x200
 156 0104 4162     		str r1, [r0, # 0x24]
 157              	tim3chushihua:				@ 48M
 158 0106 6148     		ldr r0, = 0x40000400 @ tim3_cr1
 159 0108 6149     		ldr r1, =  0
 160 010a 8162     		str r1, [r0, # 0x28] @ psc
 161 010c 6149     		ldr r1, = 33
 162 010e C162     		str r1, [r0, # 0x2c] @ ARR
 163 0110 6149     		ldr r1, =   0x3800
ARM GAS  1.s 			page 4


 164 0112 C161     		str r1, [r0, # 0x1c] @ ccmr2
 165 0114 6149     		ldr r1, = 9999
 166 0116 0162     		str r1, [r0, # 0x20] @ ccer
 167 0118 5E49     		ldr r1, = 33
 168 011a 0164     		str r1, [r0, # 0x40] @ ccr4
 169 011c 7021     		movs r1, # 0x70
 170 011e 4160     		str r1, [r0, # 0x04]
 171 0120 8121     		movs r1, # 0x81
 172 0122 0160     		str r1, [r0]
 173              	
 174              	_adcchushihua:
 175 0124 5E48     		ldr r0, = 0x40012400  @ adc基地址
 176 0126 5F49     		ldr r1, = 0x80000000
 177 0128 8160     		str r1, [r0, # 0x08]  @ ADC 控制寄存器 (ADC_CR)  @adc校准
 178              	_dengadcjiaozhun:
 179 012a 8168     		ldr r1, [r0, # 0x08]
 180 012c 0900     		 movs r1, r1
 181 012e FCD4     		bmi _dengadcjiaozhun   @ 等ADC校准
 182              	_kaiadc:
 183 0130 8168     		ldr r1, [r0, # 0x08]
 184 0132 0122     		movs r2, # 0x01
 185 0134 1143     		orrs r1, r1, r2
 186 0136 8160     		str r1, [r0, # 0x08]
 187              	_dengdaiadcwending:
 188 0138 0168     		ldr r1, [r0]
 189 013a C907     		lsls r1, r1, # 31
 190 013c FCD5     		bpl _dengdaiadcwending @ 等ADC稳定
 191              	_tongdaoxuanze:
 192 013e 5A49     		ldr r1, = 0x01
 193 0140 8162     		str r1, [r0, # 0x28]    @ 通道选择寄存器 (ADC_CHSELR)
 194              	@	ldr r1, = 0xcC3         @ tim3触发ADC
 195 0142 5A49     		ldr r1, = 0x3000
 196 0144 C160     		str r1, [r0, # 0x0c]    @ 配置寄存器 1 (ADC_CFGR1)
 197 0146 0021     		movs r1, # 0        
 198 0148 4161     		str r1, [r0, # 0x14]    @ ADC 采样时间寄存器 (ADC_SMPR)
 199 014a 8168     		ldr r1, [r0, # 0x08]
 200 014c 584A     		ldr r2, = 0x04         @ 开始转换
 201 014e 1143     		orrs r1, r1, r2
 202 0150 8160     		str r1, [r0, # 0x08]    @ 控制寄存器 (ADC_CR)
 203              	
 204              	
 205              		
 206              	_waishezhongduan:		@外设中断
 207              		@0xE000E100    0-31  写1开，写0没效
 208              		@0XE000E180    0-31 写1关，写0没效
 209              		@0XE000E200    0-31 挂起，写0没效
 210              		@0XE000E280    0-31 清除， 写0没效
 211              	
 212              	
 213              	
 214              	
 215              	ting:
 216 0152 5848     		ldr r0, = lvboqihuanchong
 217 0154 5849     		ldr r1, = 1024
 218 0156 594B     		ldr r3, = 0x40012440
 219 0158 594A     		ldr r2, = lvboqizhizhen
 220 015a 1B68     		ldr r3, [r3]
ARM GAS  1.s 			page 5


 221 015c 00F065F8 		bl _lvboqi
 222 0160 5849     		ldr r1, = 3300
 223 0162 4843     		muls r0, r0, r1
 224 0164 000B     		lsrs r0, r0, # 12
 225 0166 424A     		ldr r2, = shumaguanma
 226 0168 0821     		movs r1, # 8
 227 016a 00F004F8 		bl _zhuanshumaguanma
 228 016e 0820     		movs r0, # 8
 229 0170 00F013F8 		bl _xieshumaguan
 230 0174 EDE7     		b ting
 231              	
 232              	
 233              	_zhuanshumaguanma:@ 16进制转数码管码
 234              			@ R0要转的数据， R1长度，R2结果表首地址
 235 0176 FFB5     		push {r0-r7,lr}
 236 0178 534F     		ldr r7, = shumaguanmabiao
 237 017a 0546     		mov r5, r0
 238 017c 0E46     		mov r6, r1
 239 017e 0A21     		movs r1, # 10
 240              	_xunhuanqiuma:
 241 0180 00F040F8 		bl _chufa
 242 0184 0446     		mov r4, r0
 243 0186 4C43     		muls r4, r1
 244 0188 2B1B     		subs r3, r5, r4
 245 018a 9B00     		lsls r3, # 2
 246 018c FC58     		ldr r4, [r7, r3]
 247 018e 1460     		str r4, [r2]
 248 0190 0546     		mov r5, r0
 249 0192 0432     		adds r2, r2, # 4
 250 0194 013E     		subs r6, # 1
 251 0196 F3D1     		bne _xunhuanqiuma
 252 0198 FFBD     		pop {r0-r7,pc}
 253              	_xieshumaguan: @ r0=位数 @数码管码
 254 019a FFB5     		push {r0-r7,lr}
 255 019c 8000     		lsls r0, r0, # 2
 256 019e 0027     		movs r7, # 0
 257 01a0 0646     		mov r6, r0
 258 01a2 334D     		ldr r5, = shumaguanma
 259 01a4 494A     		ldr r2, = shumaguanshuaxinbiao
 260              	_shumaguanshuaxin:
 261 01a6 EB59     		ldr r3, [r5, r7]
 262 01a8 D459     		ldr r4, [r2, r7]
 263 01aa 1C43     		orrs r4, r4, r3
 264 01ac 2046     		mov r0, r4
 265 01ae 00F004F8 		bl _xie595
 266 01b2 0437     		adds  r7, r7, # 4
 267 01b4 B742     		cmp r7, r6
 268 01b6 F6D9     		bls _shumaguanshuaxin
 269 01b8 FFBD     		pop {r0-r7,pc}
 270              		
 271              	_xie595: @ R0=要写的数据
 272 01ba FFB5     		push {r0-r7,lr}
 273 01bc 0546     		mov r5, r0
 274 01be 4020     		movs r0, # 0x40
 275 01c0 8027     		movs r7, # 0x80 
 276 01c2 2026     		movs r6, # 0x20 
 277 01c4 1023     		movs r3, # 16   @16位
ARM GAS  1.s 			page 6


 278 01c6 2E4A     		ldr r2, = 0x48000000 @ gpioa
 279 01c8 0121     		movs r1, # 0x01
 280              	_xunhuan595:
 281 01ca 9761     		str r7, [r2, # 0x18]
 282 01cc 00F014F8 		bl _yanshi
 283 01d0 0D42     		tst r5, r1
 284 01d2 01D1     		bne _xie595_0
 285 01d4 9062     		str r0, [r2, # 0x28]
 286 01d6 00E0     		b _suocun595
 287              	_xie595_0:
 288 01d8 9061     		str r0, [r2, # 0x18]
 289              	_suocun595:
 290 01da 00F00DF8 		bl _yanshi
 291 01de 6D08     		lsrs r5, # 1
 292 01e0 9762     		str r7, [r2, # 0x28]
 293 01e2 00F009F8 		bl _yanshi
 294 01e6 013B     		subs r3, r3, # 1
 295 01e8 EFD1     		bne _xunhuan595
 296 01ea 9661     		str r6, [r2, # 0x18]
 297 01ec 00F004F8 		bl _yanshi
 298 01f0 9662     		str r6, [r2, # 0x28]
 299 01f2 00F001F8 		bl _yanshi
 300 01f6 FFBD     		pop {r0-r7,pc}
 301              	
 302              	
 303              	_yanshi:
 304 01f8 80B4     		push {r7}
 305 01fa 354F     		ldr r7, = 30
 306              	_yanshi11:
 307 01fc 013F     		subs r7, # 1
 308 01fe FDD1     		bne _yanshi11
 309 0200 80BC     		pop {r7}
 310 0202 7047     		bx lr
 311              	_chufa:			@软件除法
 312              		@ r0 除以 r1 等于 商(r0)余数R1
 313 0204 1EB5     		push {r1-r4,lr}
 314 0206 0028     		cmp r0, # 0
 315 0208 0ED0     		beq _chufafanhui
 316 020a 0029     		cmp r1, # 0
 317 020c 0CD0     		beq _chufafanhui
 318 020e 0246     		mov r2, r0
 319 0210 0123     		movs r3, # 1
 320 0212 DB07     		lsls r3, r3, # 31
 321 0214 0020     		movs r0, # 0
 322 0216 0446     		mov r4, r0
 323              	_chufaxunhuan:
 324 0218 5200     		lsls r2, r2, # 1
 325 021a 6441     		adcs r4, r4, r4
 326 021c 8C42     		cmp r4, r1
 327 021e 01D3     		bcc _chufaweishubudao0
 328 0220 C018     		adds r0, r0, r3
 329 0222 641A     		subs r4, r4, r1
 330              	_chufaweishubudao0:
 331 0224 5B08     		lsrs r3, r3, # 1
 332 0226 F7D1     		bne _chufaxunhuan
 333              	_chufafanhui:
 334 0228 1EBD     		pop {r1-r4,pc}
ARM GAS  1.s 			page 7


 335              	
 336              	
 337              	_lvboqi:
 338              				@滤波器
 339              				@R0=地址，R1=长度,r2=表指针地址,r3=ADC数值
 340              				@出R0=结果
 341 022a FEB5     		push {r1-r7,lr}	
 342 022c 1568     		ldr r5, [r2]		@读出表指针
 343 022e 4E00     		lsls r6, r1, # 1	
 344 0230 4353     		strh r3, [r0, r5]	@数值写到滤波器缓冲区
 345 0232 0235     		adds r5, r5, # 2
 346 0234 B542     		cmp r5, r6
 347 0236 00D1     		bne _lvboqimeidaohuanchongquding
 348 0238 0025     		movs r5, # 0
 349              	_lvboqimeidaohuanchongquding:
 350 023a 1560     		str r5, [r2]
 351 023c 0027     		movs r7, # 0
 352              	_lvboqixunhuan:
 353 023e B542     		cmp r5, r6
 354 0240 00D1     		bne _lvbozonghe
 355 0242 0025     		movs r5, # 0
 356              	_lvbozonghe:
 357 0244 445B     		ldrh r4, [r0, r5]
 358 0246 0235     		adds r5, r5, # 2
 359 0248 3F19     		adds r7, r7, r4
 360 024a 0139     		subs r1, r1, # 1
 361 024c F7D1     		bne _lvboqixunhuan
 362 024e B812     		asrs r0, r7, # 10	@修改
 363 0250 FEBD     		pop {r1-r7,pc}
 364              	_nmi_handler:
 365 0252 7047     		bx lr
 366              	_hard_fault:
 367 0254 7047     		bx lr
 368              	_svc_handler:
 369 0256 7047     		bx lr
 370              	_pendsv_handler:
 371 0258 7047     		bx lr
 372              	_systickzhongduan:
 373              	aaa:
 374 025a 70470020 		bx lr
 374      02400010 
 374      02400100 
 374      01000200 
 374      11000000 
ARM GAS  1.s 			page 8


DEFINED SYMBOLS
                 1.s:9      .data:0000000000000000 shumaguanmabiao
                 1.s:11     .data:0000000000000028 shumaguanshuaxinbiao
                 1.s:13     *ABS*:0000000020001000 STACKINIT
                 1.s:14     *ABS*:0000000020000000 shumaguanma
                 1.s:15     *ABS*:0000000020000030 dianyabiao
                 1.s:16     *ABS*:0000000020000024 lvboqizhizhen
                 1.s:17     *ABS*:0000000020000028 lvboqihuanchong
                 1.s:19     .text:0000000000000000 vectors
                 1.s:64     .text:00000000000000b0 _start
                 1.s:364    .text:0000000000000252 _nmi_handler
                 1.s:366    .text:0000000000000254 _hard_fault
                 1.s:368    .text:0000000000000256 _svc_handler
                 1.s:370    .text:0000000000000258 _pendsv_handler
                 1.s:373    .text:000000000000025a aaa
                 1.s:65     .text:00000000000000b0 shizhong
                            .text:0000000000000000 $d
                 1.s:66     .text:00000000000000b0 $t
                 1.s:72     .text:00000000000000bc denghse
                 1.s:76     .text:00000000000000c2 dengpllguan
                 1.s:86     .text:00000000000000d2 dengpll
                 1.s:93     .text:00000000000000dc dengdai14mshizhongwending
                 1.s:98     .text:00000000000000e2 neicunqingling
                 1.s:102    .text:00000000000000e8 neicunqinglingxunhuan
                 1.s:115    .text:00000000000000ee _waisheshizhong
                 1.s:130    .text:00000000000000fc io_she_zhi
                 1.s:157    .text:0000000000000106 tim3chushihua
                 1.s:174    .text:0000000000000124 _adcchushihua
                 1.s:178    .text:000000000000012a _dengadcjiaozhun
                 1.s:182    .text:0000000000000130 _kaiadc
                 1.s:187    .text:0000000000000138 _dengdaiadcwending
                 1.s:191    .text:000000000000013e _tongdaoxuanze
                 1.s:206    .text:0000000000000152 _waishezhongduan
                 1.s:215    .text:0000000000000152 ting
                 1.s:337    .text:000000000000022a _lvboqi
                 1.s:233    .text:0000000000000176 _zhuanshumaguanma
                 1.s:253    .text:000000000000019a _xieshumaguan
                 1.s:240    .text:0000000000000180 _xunhuanqiuma
                 1.s:311    .text:0000000000000204 _chufa
                 1.s:260    .text:00000000000001a6 _shumaguanshuaxin
                 1.s:271    .text:00000000000001ba _xie595
                 1.s:280    .text:00000000000001ca _xunhuan595
                 1.s:303    .text:00000000000001f8 _yanshi
                 1.s:287    .text:00000000000001d8 _xie595_0
                 1.s:289    .text:00000000000001da _suocun595
                 1.s:306    .text:00000000000001fc _yanshi11
                 1.s:333    .text:0000000000000228 _chufafanhui
                 1.s:323    .text:0000000000000218 _chufaxunhuan
                 1.s:330    .text:0000000000000224 _chufaweishubudao0
                 1.s:349    .text:000000000000023a _lvboqimeidaohuanchongquding
                 1.s:352    .text:000000000000023e _lvboqixunhuan
                 1.s:356    .text:0000000000000244 _lvbozonghe
                 1.s:372    .text:000000000000025a _systickzhongduan
                 1.s:374    .text:000000000000025c $d

NO UNDEFINED SYMBOLS
