ARM GAS  fft.s 			page 1


   1              		.syntax unified
   2              		.align 2
   3              		.globl fft
   4              		.thumb
   5              	
   6              	.section .data	
   7              	       	.equ STACKINIT,                 0x20001000
   8 0000 00000000 	shuru:	.int 0,1,2,3,4,5,6,7,8,9,10,11,12,13,14,15
   8      01000000 
   8      02000000 
   8      03000000 
   8      04000000 
   9 0040 10000000 		.int 16,17,18,19,20,21,22,23,24,25,26,27,28,29,30,31
   9      11000000 
   9      12000000 
   9      13000000 
   9      14000000 
  10 0080 00000000 	hudie:	.int 0,64,32,96,16,80,48,112,8,72,40,104,24,88,56,120
  10      40000000 
  10      20000000 
  10      60000000 
  10      10000000 
  11 00c0 04000000 		.int 4,68,36,100,20,84,52,116,12,76,44,108,28,92,60,124	
  11      44000000 
  11      24000000 
  11      64000000 
  11      14000000 
  12              	.section .text
  13              	_fftjisuan:
  14 0000 0946     		mov r1, r1
  15 0002 C046     	
ARM GAS  fft.s 			page 2


DEFINED SYMBOLS
               fft.s:2      .text:0000000000000000 $t
               fft.s:7      *ABS*:0000000020001000 STACKINIT
               fft.s:8      .data:0000000000000000 shuru
               fft.s:10     .data:0000000000000080 hudie
               fft.s:13     .text:0000000000000000 _fftjisuan

UNDEFINED SYMBOLS
fft
