ARM GAS  1.s 			page 1


   1              		@ stm32f030f4p6 asm
   2              		@fft 32点
   3              		 .thumb                 
   4              	         .syntax unified
   5              	.section .data	
   6              	       	.equ STACKINIT,                 0x20001000
   7              		.equ xuanzhuanyinzi,		0x20000120
   8 0000 6666742D 	xinxi:	.ascii "fft-32dian-2018-01-04"
   8      33326469 
   8      616E2D32 
   8      3031382D 
   8      30312D30 
   9 0015 00000000 		.align 4
   9      00000000 
   9      000000
  10 0020 00000000 	shuru:	.int 0,1,2,3,4,5,6,7,8,9,10,11,12,13,14,15
  10      01000000 
  10      02000000 
  10      03000000 
  10      04000000 
  11 0060 10000000 		.int 16,17,18,19,20,21,22,23,24,25,26,27,28,29,30,31
  11      11000000 
  11      12000000 
  11      13000000 
  11      14000000 
  12 00a0 00000000 	hudie:	.int 0,64,32,96,16,80,48,112,8,72,40,104,24,88,56,120
  12      40000000 
  12      20000000 
  12      60000000 
  12      10000000 
  13 00e0 04000000 		.int 4,68,36,100,20,84,52,116,12,76,44,108,28,92,60,124
  13      44000000 
  13      24000000 
  13      64000000 
  13      14000000 
  14              	fft3xuanzhuanyinzi:
  15 0120 00800000 		.int 0x8000,0x0000,0x5A82,0xFFFFA57E,0x0000,0xFFFF8000,0xFFFFA57E,0xFFFFA57E
  15      00000000 
  15      825A0000 
  15      7EA5FFFF 
  15      00000000 
  16              	fft4xuanzhuanyinzi:
  17 0140 00800000 		.int 0x8000,0x0000,0x7641,0xFFFFCF05,0x5A82,0xFFFFA57E,0x30FB,0xFFFF89BF,0x0000,0xFFFF8000,0xFFFFC
  17      00000000 
  17      41760000 
  17      05CFFFFF 
  17      825A0000 
  18              	fft5xuanzhuanyinzi:
  19 0180 00800000 		.int	0x8000,0x0000,0x7D8A,0xFFFFE708,0x7641,0xFFFFCF05,0x6A6D,0xFFFFB8E4,0x5A82,0xFFFFA57E,0x471C,
  19      00000000 
  19      8A7D0000 
  19      08E7FFFF 
  19      41760000 
  20              	
  21              		
  22              		           
  23              		           
ARM GAS  1.s 			page 2


  24              		
  25              	.section .text
  26              	vectors:        
  27 0000 00100020 	        .word STACKINIT         
  28 0004 3D000000 	        .word _start + 1        
  29 0008 87010000 	        .word _nmi_handler + 1  
  30 000c 89010000 	        .word _hard_fault  + 1  
  31 0010 00000000 	        .word 0 
  32 0014 00000000 	        .word 0    
  33 0018 00000000 	        .word 0
  34 001c 00000000 		.word 0
  35 0020 00000000 		.word 0
  36 0024 00000000 		.word 0
  37 0028 00000000 		.word 0
  38 002c 8B010000 		.word _svc_handler +1
  39 0030 00000000 		.word 0 
  40 0034 00000000 		.word 0
  41 0038 8D010000 		.word _pendsv_handler +1
  42              		.align 2
  43              	_start:
  44              	_shizhong:	                     @时钟设置
  45 003c 544A     		ldr r2, = 0x40022000   @FLASH访问控制
  46 003e 3221     		movs r1, # 0x32
  47 0040 1160     		str r1, [r2]
  48 0042 5448     		ldr r0, = 0x40021000 @ rcc
  49              		@0x34时钟控制寄存器 2 (RCC_CR2)
  50 0044 0121     		movs r1, # 0x01
  51 0046 4163     		str r1, [r0, # 0x34]  @ HSI开14M时钟
  52              	_dengdai14mshizhongwending:	    @等14M时钟稳定
  53 0048 416B     		ldr r1, [r0, # 0x34]
  54 004a 8907     		lsls r1, r1, # 30     @ 左移30位
  55 004c FCD5     		bpl _dengdai14mshizhongwending  @ 等待14M时钟稳定
  56              	
  57              	_neicunqingling:	                         @ 0x1000的内存清零
  58              		                                 @ 1K=1024BIT=0X400
  59 004e 5248     		ldr r0, = 0x20000000
  60 0050 0021     		movs r1, # 0
  61 0052 524B     		ldr r3, = 0x1000
  62              	_neicunqinglingxunhuan:	                   @ 内存清零循环
  63 0054 043B     		subs r3, # 4
  64 0056 C150     		str r1, [r0, r3]
  65 0058 FCD1     		bne _neicunqinglingxunhuan                @
  66              	
  67              	
  68              	
  69              		
  70              	_fftjisuan:
  71              	_fft1:	
  72 005a 5148     		ldr r0, = shuru
  73 005c 4E49     		ldr r1, = 0x20000000
  74 005e 1022     		movs r2, # 16
  75 0060 504B     		ldr r3, = hudie
  76              	_fft1xunhuan:
  77 0062 1E68     		ldr r6, [r3]
  78 0064 5F68     		ldr r7, [r3, # 0x04]
  79 0066 8659     		ldr r6, [r0, r6]
  80 0068 C759     		ldr r7, [r0, r7]
ARM GAS  1.s 			page 3


  81 006a F419     		adds r4, r6, r7
  82 006c F51B     		subs r5, r6, r7
  83 006e 0C60     		str r4, [r1]
  84 0070 4D60     		str r5, [r1, # 0x04]
  85 0072 0831     		adds r1, r1, # 0x08
  86 0074 0833     		adds r3, r3, # 0x08
  87 0076 013A     		subs r2, r2, # 1
  88 0078 F3D1     		bne _fft1xunhuan
  89              		
  90              	_fft2:
  91 007a 4748     		ldr r0, = 0x20000000
  92 007c 0446     		mov r4, r0
  93 007e 8034     		adds r4, r4, # 0x80
  94 0080 A046     		mov r8, r4
  95              	_fft2xunhuan:
  96 0082 0468     		ldr r4, [r0]
  97 0084 8568     		ldr r5, [r0, # 0x08]
  98 0086 4668     		ldr r6, [r0, # 0x04]
  99 0088 C768     		ldr r7, [r0, # 0x0c]
 100 008a 6119     		adds r1, r4, r5
 101 008c 621B     		subs r2, r4, r5
 102 008e 3346     		mov r3, r6		@0r
 103 0090 0024     		movs r4, # 0	
 104 0092 E41B     		subs r4, r4, r7		@0i
 105 0094 3546     		mov r5, r6		@3r
 106 0096 3E46     		mov r6, r7		@3i
 107 0098 0746     		mov r7, r0
 108 009a 8037     		adds r7, r7, # 0x80
 109 009c 0160     		str r1, [r0]
 110 009e 8260     		str r2, [r0, # 0x08]
 111 00a0 4360     		str r3, [r0, # 0x04]
 112 00a2 7C60     		str r4, [r7, # 0x04]
 113 00a4 C560     		str r5, [r0, # 0x0c]
 114 00a6 FE60     		str r6, [r7, # 0x0c]
 115 00a8 1030     		adds r0, r0, # 0x10
 116 00aa 4045     		cmp r0, r8
 117 00ac E9D1     		bne _fft2xunhuan
 118              	_fft3:
 119 00ae 3E4E     		ldr r6, = xuanzhuanyinzi
 120 00b0 3E4A     		ldr r2, = fft3xuanzhuanyinzi
 121 00b2 3948     		ldr r0, = 0x20000000
 122 00b4 3260     		str r2, [r6]
 123 00b6 0100     		movs r1, r0
 124 00b8 8031     		adds r1, r1, # 0x80
 125 00ba 8846     		mov r8, r1
 126 00bc 8146     		mov r9, r0
 127 00be 9246     		mov r10, r2
 128 00c0 1025     		movs r5, # 0x10
 129 00c2 AB46     		mov r11, r5
 130 00c4 0425     		movs r5, # 4
 131 00c6 AC46     		mov r12, r5
 132 00c8 00F01FF8 		bl _fftg
 133              	_fft4:
 134 00cc 364E     		ldr r6, = xuanzhuanyinzi
 135 00ce 384A     		ldr r2, = fft4xuanzhuanyinzi
 136 00d0 3148     		ldr r0, = 0x20000000
 137 00d2 3260     		str r2, [r6]
ARM GAS  1.s 			page 4


 138 00d4 0100     		movs r1, r0
 139 00d6 8031     		adds r1, r1, # 0x80
 140 00d8 8846     		mov r8, r1
 141 00da 8146     		mov r9, r0
 142 00dc 9246     		mov r10, r2
 143 00de 2025     		movs r5, # 0x20
 144 00e0 AB46     		mov r11, r5
 145 00e2 0825     		movs r5, # 8
 146 00e4 AC46     		mov r12, r5
 147 00e6 00F010F8 		bl _fftg
 148              	_fft5:
 149 00ea 2F4E     		ldr r6, = xuanzhuanyinzi
 150 00ec 314A     		ldr r2, = fft5xuanzhuanyinzi
 151 00ee 2A48     		ldr r0, = 0x20000000
 152 00f0 3260     		str r2, [r6]
 153 00f2 0100     		movs r1, r0
 154 00f4 8031     		adds r1, r1, # 0x80
 155 00f6 8846     		mov r8, r1
 156 00f8 8146     		mov r9, r0
 157 00fa 9246     		mov r10, r2
 158 00fc 4025     		movs r5, # 0x40
 159 00fe AB46     		mov r11, r5
 160 0100 1025     		movs r5, # 16
 161 0102 AC46     		mov r12, r5
 162 0104 00F001F8 		bl _fftg
 163              		
 164              		
 165              	tingting:
 166 0108 FEE7     		b tingting
 167              	_fftg:
 168 010a 00B5     		push {lr}
 169 010c 0024     		movs r4, # 0
 170 010e A646     		mov lr, r4
 171              	_fftxunhuan:
 172 0110 4846     		mov r0, r9
 173 0112 4146     		mov r1, r8
 174 0114 5246     		mov r2, r10
 175 0116 5B46     		mov r3, r11
 176 0118 0468     		ldr r4, [r0]
 177 011a 0D68     		ldr r5, [r1]
 178 011c C658     		ldr r6, [r0, r3]
 179 011e CF58     		ldr r7, [r1, r3]
 180 0120 1368     		ldr r3, [r2]		@sr
 181 0122 5268     		ldr r2, [r2, # 0x04]	@si
 182 0124 30B4     		push {r4,r5}
 183 0126 3446     		mov r4, r6
 184 0128 5C43     		muls r4, r4, r3
 185 012a 3D46     		mov r5, r7
 186 012c 5543     		muls r5, r5, r2
 187 012e 641B     		subs r4, r4, r5		@r	
 188 0130 E413     		asrs r4, r4, # 15
 189 0132 3546     		mov r5, r6
 190 0134 5543     		muls r5, r5, r2
 191 0136 5F43     		muls r7, r7, r3
 192 0138 7F19     		adds r7, r7, r5		@i
 193 013a FF13     		asrs r7, r7, # 15
 194 013c 24BC     		pop {r2,r5}
ARM GAS  1.s 			page 5


 195 013e 1319     		adds r3, r2, r4    @0r
 196 0140 121B     		subs r2, r2, r4    @1r
 197 0142 EC19     		adds r4, r5, r7
 198 0144 ED1B     		subs r5, r5, r7
 199 0146 5E46     		mov r6, r11
 200 0148 0360     		str r3, [r0]
 201 014a 0C60     		str r4, [r1]
 202 014c 8251     		str r2, [r0, r6]
 203 014e 8D51     		str r5, [r1, r6]
 204 0150 0430     		adds r0, r0, # 0x04
 205 0152 0431     		adds r1, r1, # 0x04
 206 0154 8146     		mov r9, r0
 207 0156 8846     		mov r8, r1
 208 0158 5246     		mov r2, r10
 209 015a 0832     		adds r2, r2, # 0x08
 210 015c 9246     		mov r10, r2
 211 015e 7446     		mov r4, lr
 212 0160 0134     		adds r4, r4, # 1
 213 0162 A646     		mov lr, r4
 214 0164 6746     		mov r7, r12
 215 0166 BC42     		cmp r4, r7
 216 0168 D2D1     		bne _fftxunhuan
 217 016a 0024     		movs  r4, # 0
 218 016c 0E4E     		ldr r6, = xuanzhuanyinzi
 219 016e 124D     		ldr r5, = 0x20000080
 220 0170 3668     		ldr r6, [r6]
 221 0172 B246     		mov r10, r6
 222 0174 A646     		mov lr, r4
 223 0176 5F46     		mov r7, r11
 224 0178 C019     		adds r0, r0, r7
 225 017a C919     		adds r1, r1, r7
 226 017c 8146     		mov r9, r0
 227 017e 8846     		mov r8, r1
 228 0180 A842     		cmp r0, r5
 229 0182 C5D1     		bne _fftxunhuan
 230 0184 00BD     		pop {pc}
 231              			
 232              	_nmi_handler:
 233 0186 7047     		bx lr
 234              	_hard_fault:
 235 0188 7047     		bx lr
 236              	_svc_handler:
 237 018a 7047     		bx lr
 238              	_pendsv_handler:
 239 018c 70470000 		bx lr
 239      00200240 
 239      00100240 
 239      00000020 
 239      00100000 
ARM GAS  1.s 			page 6


DEFINED SYMBOLS
                 1.s:6      *ABS*:0000000020001000 STACKINIT
                 1.s:7      *ABS*:0000000020000120 xuanzhuanyinzi
                 1.s:8      .data:0000000000000000 xinxi
                 1.s:9      .data:0000000000000015 $d
                 1.s:10     .data:0000000000000020 shuru
                 1.s:12     .data:00000000000000a0 hudie
                 1.s:14     .data:0000000000000120 fft3xuanzhuanyinzi
                 1.s:16     .data:0000000000000140 fft4xuanzhuanyinzi
                 1.s:18     .data:0000000000000180 fft5xuanzhuanyinzi
                 1.s:26     .text:0000000000000000 vectors
                 1.s:43     .text:000000000000003c _start
                 1.s:232    .text:0000000000000186 _nmi_handler
                 1.s:234    .text:0000000000000188 _hard_fault
                 1.s:236    .text:000000000000018a _svc_handler
                 1.s:238    .text:000000000000018c _pendsv_handler
                            .text:0000000000000000 $d
                 1.s:42     .text:000000000000003c $t
                 1.s:44     .text:000000000000003c _shizhong
                 1.s:52     .text:0000000000000048 _dengdai14mshizhongwending
                 1.s:57     .text:000000000000004e _neicunqingling
                 1.s:62     .text:0000000000000054 _neicunqinglingxunhuan
                 1.s:70     .text:000000000000005a _fftjisuan
                 1.s:71     .text:000000000000005a _fft1
                 1.s:76     .text:0000000000000062 _fft1xunhuan
                 1.s:90     .text:000000000000007a _fft2
                 1.s:95     .text:0000000000000082 _fft2xunhuan
                 1.s:118    .text:00000000000000ae _fft3
                 1.s:167    .text:000000000000010a _fftg
                 1.s:133    .text:00000000000000cc _fft4
                 1.s:148    .text:00000000000000ea _fft5
                 1.s:165    .text:0000000000000108 tingting
                 1.s:171    .text:0000000000000110 _fftxunhuan
                 1.s:239    .text:000000000000018e $d
                 1.s:239    .text:0000000000000190 $d

NO UNDEFINED SYMBOLS
