ARM GAS  1.s 			page 1


   1              		 .thumb                 
   2              	         .syntax unified
   3              	.section .data
   4              		.align 4
   5              		
   6 0000 039F250D 	shumaguanmabiao: .byte 0x03,0x9f,0x25,0x0d,0x99,0x49,0x41,0x1f,0x01,0x09
   6      9949411F 
   6      0109
   7              	hongwaimabiao:	
   8 000a 472F472F 		.int 0x2f472f47,0x1f471f47,0x3b473b47,0x2b472b47,0x37473747,0x27472747,0x33473347,0x23472347,0x2a4
   8      471F471F 
   8      473B473B 
   8      472B472B 
   8      47374737 
   9              	
  10 0082 40201008 	shuaxinbiao: .byte 0x40,0x20,0x10,0x08,0x40,0x20,0x10,0x08
  10      40201008 
  11              		
  12 008a 63020000 	caidian: .word zhucaidan +1,dd1 +1,dd2 +1,dd3 +1,dd4 +1,dd5 +1,dd6 +1,dd7 +1,dd8 +1,dd9 +1,dd10 +1,
  12      79020000 
  12      79020000 
  12      79020000 
  12      79020000 
  13              		
  14              	        	.equ STACKINIT,          0x20005000
  15              			.equ systickbiaozhi,     0x20000300
  16              	.section .text
  17              	xiangliangbiao:
  18 0000 00500020 		.word STACKINIT
  19 0004 0D010000 		.word _start + 1
  20 0008 B7030000 		.word _nmi_handler + 1
  21 000c B9030000 		.word _hard_fault  + 1
  22 0010 BB030000 		.word _memory_fault + 1
  23 0014 BD030000 		.word _bus_fault + 1
  24 0018 BF030000 		.word _usage_fault + 1
  25 001c 00000000 		.word 0
  26 0020 00000000 		.word 0
  27 0024 00000000 		.word 0
  28 0028 00000000 		.word 0
  29 002c 00000000 		.word 0
  30 0030 00000000 		.word 0
  31 0034 00000000 		.word 0
  32 0038 00000000 		.word 0
  33 003c C1030000 		.word systickdingshiqi +1
  34 0040 00000000 		.word	0 @WWDG  	0
  35 0044 00000000 		.word	0 @PVD  	1
  36 0048 00000000 		.word	0 @TAMPER	2
  37 004c 00000000 		.word	0 @RTC		3
  38 0050 00000000 		.word	0 @FLASH	4
  39 0054 00000000 		.word	0 @RCC		5
  40 0058 00000000 		.word	0 @EXTI0	6
  41 005c 00000000 		.word	0 @EXTI1	7
  42 0060 00000000 		.word	0 @EXTI2	8
  43 0064 00000000 		.word	0 @EXTI3	9
  44 0068 00000000 		.word	0 @EXTI4	10
  45 006c 00000000 		.word	0 @DMA11	11
  46 0070 00000000 		.word	0 @DMA12	12
ARM GAS  1.s 			page 2


  47 0074 00000000 		.word	0 @DMA13	13
  48 0078 00000000 		.word	0 @DMA14	14
  49 007c 00000000 		.word	0 @DMA15	15
  50 0080 00000000 		.word	0 @DMA16	16
  51 0084 00000000 		.word	0 @DMA17	17
  52 0088 00000000 		.word	0 @ADC1_2 	18
  53 008c 00000000 		.word	0 @USB_HP_CAN1_TX 19
  54 0090 00000000 		.word	0 @USB_LP_CAN1_RX0 20
  55 0094 00000000 		.word	0 @CAN1_RX1	21
  56 0098 00000000 		.word	0 @CAN1_SCE	22
  57 009c 00000000 		.word	0 @EXTI9_5	23
  58 00a0 00000000 		.word	0 @TIM1_BRK	24
  59 00a4 00000000 		.word	0 @TIM1_UP	25
  60 00a8 00000000 		.word	0 @TIM1_TRG_COM	26
  61 00ac 00000000 		.word	0 @TIM1_CC	27
  62 00b0 EB030000 		.word	tim2dingshiqi +1  @TIM2 28
  63 00b4 3F040000 		.word	tim3dingshiqi +1  @TIM3		29
  64 00b8 00000000 		.word	0 @TIM4		30
  65 00bc 00000000 		.word	0 @I2C1_EV	31
  66 00c0 00000000 		.word	0 @I2C1_ER	32
  67 00c4 00000000 		.word	0 @I2C2_EV	33
  68 00c8 00000000 		.word	0 @I2C2_ER	34
  69 00cc 00000000 		.word	0 @SPI1		35
  70 00d0 00000000 		.word	0 @SPI2		36
  71 00d4 00000000 		.word	0 @USART1	37
  72 00d8 00000000 		.word	0 @USART2	38
  73 00dc 00000000 		.word	0 @USART3	39
  74 00e0 00000000 		.word	0 @EXTI15_10	40
  75 00e4 00000000 		.word	0 @RTCAlarm_IRQ	41
  76 00e8 00000000 		.word	0 @USBWakeUp	42
  77 00ec 00000000 		.word	0	
  78 00f0 00000000 		.word	0	
  79 00f4 00000000 		.word	0
  80 00f8 00000000 		.word	0
  81 00fc 00000000 		.word	0
  82 0100 00000000 		.word	0
  83 0104 00000000 		.word	0
  84 0108 00000000 		.word	0 @BootRAM   
  85              	_start:
  86 010c D248     		ldr r0, = 0x40010004
  87 010e 4FF00071 		ldr r1, = 0x02000000
  88 0112 0160     		str r1, [r0]
  89              	
  90 0114 4160     		str r1, [r0, # 0x04]
  91 0116 D148     		ldr r0, = 0x40021000
  92 0118 D149     		ldr r1, = 0x14D83
  93 011a 0160     		str r1, [r0]
  94              	gsszbz: 
  95 011c 0268     		ldr r2, [r0]
  96 011e 4FF40031 		ldr r1, = 0x20000
  97 0122 1142     		tst r1, r2           @HSE高速时钟标志位           
  98 0124 00D1     		bne rccchushihua
  99 0126 F9E7     		b gsszbz
 100              	rccchushihua: 
 101 0128 CE48     		ldr r0, = 0x40022000
 102 012a 4FF03201 		mov r1, # 0x00000032
 103 012e 0160     		str r1, [r0]           @FLASH缓冲 缓冲开启 
ARM GAS  1.s 			page 3


 104 0130 CD48     		ldr r0, = 0x40021004
 105 0132 CE49     		ldr r1, = 0x1D8400
 106 0134 0160     		str r1, [r0]
 107 0136 C948     		ldr r0, = 0x40021000
 108 0138 CD49     		ldr r1, = 0x1033D03
 109 013a 0160     		str r1, [r0]
 110              	chaxun:
 111 013c 0268     		ldr r2, [r0]
 112 013e 4FF00071 		ldr r1, = 0x2000000
 113 0142 1142     		tst r1, r2
 114 0144 00D1     		bne rccgg               @等待PLL稳定
 115 0146 F9E7     		b chaxun
 116              	rccgg:
 117 0148 C748     		ldr r0, = 0x40021004
 118 014a CA49     		ldr r1, = 0x1D8402
 119 014c 0160     		str r1, [r0]            @ PLL作为系统时钟
 120              	
 121 014e C248     		ldr r0, = 0x40010004
 122 0150 4FF00071 		ldr r1, = 0x02000000
 123 0154 0160     		str r1, [r0]
 124              	
 125              	neicunqingling:                  @ 无聊把内存清0
 126 0156 4FF00050 		ldr r0, = 0x20000000
 127 015a 44F6FF72 		ldr r2, = 0x4fff         @ 区域是0X4FFF大的地方
 128 015e 4FF00001 		mov r1, # 0              @ 写0
 129              	qingling_xunhuan:                
 130 0162 40F8041B 		str r1, [r0], 4         
 131 0166 013A     		subs r2, # 1
 132 0168 FBD1     		bne qingling_xunhuan     @ 循环清0
 133              	
 134              	chushihuayixieshuju:	 @初始化一些数据
 135 016a C348     		ldr r0, = 0x200004fc
 136 016c C349     		ldr r1, = 0x2200a000
 137 016e 0160     		str r1, [r0]
 138 0170 C348     		ldr r0, = 0x200007fc
 139 0172 C449     		ldr r1, = 0x20000800
 140 0174 0160     		str r1, [r0]
 141              		
 142              		@ dma
 143 0176 C448     		ldr r0, = 0x20000600
 144 0178 5F21     		ldr r1, = 95
 145 017a 0160     		str r1, [r0]
 146              	systick:
 147              		@0xe000e010 SYSTICK控制状态寄存器
 148              		@0=定时器使能
 149              		@1=（1倒数到0发出异常请，0无动作）
 150              		@2=（0外部始终1内核时钟）
 151              		@16= 如果赏赐读取本寄存器后SYSTICK已经数到0则该位为1如果读取该位则清0
 152              		@0xe000e014 重载值寄存器 数到0将要被重载的值
 153              		@0xe000e018 当前值，写清0
 154              		@0e000e01c
 155              		@0-23 10MS的时间内倒计数的格数
 156              		@ 30=(1教准不是准确的10MS)（0教准是准确的10MS）
 157 017c C348     		ldr r0, = 0xe000e010
 158 017e 4FF00001 		mov r1, # 0               
 159 0182 0160     		str r1, [r0]            @ 关掉SYSTICK
 160 0184 42F22831 		ldr r1, = 9000      @ 重载数
ARM GAS  1.s 			page 4


 161 0188 4160     		str r1, [r0, # 4]       @ 写进重载数
 162 018a 8160     		str r1, [r0, # 8]       @ 清0当前数          
 163 018c C04B     		ldr r3, = 0xe000ed23  @systick优先级
 164 018e 4FF0F001 		mov r1, # 240
 165 0192 1960     		str r1, [r3]
 166 0194 4FF00001 		mov r1, # 0x00
 167 0198 0160     		str r1, [r0] @ 开定时器
 168              		
 169              	waisheshizhong:
 170              	
 171              		@AHBENR=0x40021014
 172              		@0=DMA1,1=DMA2,2=SRAMEN,4=FLITFEN,6=CRCEN,8=FSMCEN,10=SDIOEN
 173 019a BE48     		ldr r0, = 0x40021014
 174 019c 4FF01501 		mov r1, # 0x15
 175 01a0 0160     		str r1, [r0]
 176              		
 177              		@APB2_ENR=0X40021018 0(AFIO)1(保留)2(PA)3(PB)4(PC)5(PD)6(PE)78(保留)
 178              		@9(ADC1)10(ADC2)11(TIM1)12(SPI1)13(保留)14（USART1）15(保留)
 179 01a2 BD48     		        ldr r0, = 0x40021018 @ APB2_ENR
 180 01a4 40F63C01 		        ldr r1, = 0x83c
 181 01a8 0160     		        str r1, [r0]
 182              		@APB1_ENR=0X4002101C
 183              		@0=TIM2,1=TIM3,2=TIM4,3=TIM5,4=TIM6,5=TIM7,11=WWDG
 184              		@14=SP12,15=SP13,17=UART3,19=UART4,20=UART5
 185              		@21=I2C,22=I2C2,23=USB,25=CAN,27=BKPT,28=PWR,29=DACEN
 186 01aa BC48     			ldr r0, = 0X4002101C @ APB1_ENR
 187 01ac 3F21     			ldr r1, = 0x3f
 188 01ae 0160     			str r1, [r0]
 189              	
 190              	dmachushihua:
 191              		DMA1= 0x40020000
 192              		@+0=LSR,+4=IFCR,
 193              		@+8=CCR1,+c=CNDTR1,+10=CPAR1+14=CMAR1,
 194              		@+1c=CCR2,+20=CNDTR2,+24=CPAR2,+28=CMAR2
 195              		@+30=CCR3,+34=CNDTR3,+38=CPAR2,+3c=CMAR3
 196              		@+44=CCR4,+48=CNDTR4,+4c=CPAR4,+50=CMAR4
 197              		@+58=CCR5,+5c=CNDTR5,+60=CPAR5,+64=CMAR5
 198              		@+6C=CCR6,+70=CNDTR6,+74=CPAR6,+78=CMAR6
 199              		@+80=CCR7,+84=CNDTR7,+88=CPAR7,+8c=CMAR7
 200 01b0 BB48     		ldr r0, = 0x40020000
 201 01b2 BC49     		ldr r1, = 0x40000834
 202 01b4 0161     		str r1, [r0, # 0x10]
 203 01b6 B449     		ldr r1, = 0x20000600
 204 01b8 4161     		str r1, [r0, # 0x14]
 205 01ba 8F21     		ldr r1, = 0x8f
 206 01bc C160     		str r1, [r0, # 0x0c]
 207 01be 42F63121 		ldr r1, = 0x2a31
 208 01c2 8160     		str r1, [r0, # 0x8]
 209              		
 210              		
 211              		
 212              	zhongduankongzhi:
 213              		@SETENA0=0XE000E100,SETENA1=0XE000E104 @中断使能
 214              		@CLRENA0=0XE000E180,CLRENA1=0XE000E184 @中断除能
 215              		@SETPEND0=0XE000E200,SETPPEND1=0XE000E204 @中断悬起
 216              		@CLRPEND0=0XE000E280,CLRPEND1=0XE000E284  @中断解悬
 217              		@ACTIVE0=0XE000E300,ACTIVE1=0XE000E304   @ 中断活动状态
ARM GAS  1.s 			page 5


 218              		@0XE000E400-0XE000E43C 中断优先级阵列每个占8位
 219              		@0XE000ED00=CPUID，0XE000ED04=中断控制及状态寄存器
 220              		@0xe000ed08=向量表偏移，0xe000ed0c=应用程序中断及复位
 221              		@0xe000ed10=系统控制，0XE000ED14=配置与控制
 222              		@0xe000ed18-0xe000ed23=系统异常优先级阵列
 223 01c4 B848     		ldr r0, = 0xe000ed0c
 224 01c6 B949     		ldr r1, = 0x5fa0500
 225 01c8 0160     		str r1, [r0]
 226 01ca B948     		ldr r0, = 0xe000e400
 227 01cc 4FF0C001 		mov r1, # 0xc0
 228 01d0 C161     		str r1, [r0, # 28]
 229 01d2 B848     		ldr r0, = 0xe000e100 @ 中断使能
 230 01d4 4FF08051 		ldr r1, = 0x10000000 @ tim2 
 231 01d8 0160     		str r1, [r0]	
 232              	timdingshiqi:
 233              		@tim1=0x40012c00
 234              		@+0=CR1 控制寄存器
 235              		@+4=CR2 控制寄存器2
 236              		@+8=SMCR 从模式控制寄存器
 237              		@+c=DIER 中断使能寄存器
 238              		@+10=SR 状态寄存器
 239              		@+14=EGR 事件产生寄存器
 240              		@+18=CCMR1 捕获/比较模式寄存器1
 241              		@+1C=CCMR2 捕获/比较模式寄存器2
 242              		@+20=CCER 捕获/比较使能寄存器
 243              		@+24=CNT 计数器
 244              		@+28=PSC 预分频器
 245              		@+2C=ARR 重载寄存器
 246              		@+30=RCR 重复计数寄存器
 247              		@+34=CCR1 捕获/比较寄存器1
 248              		@+38=CCR2 捕获/比较寄存器2
 249              		@+3C=CCR3 捕获/比较寄存器3
 250              		@+40=CCR4 捕获/比较寄存器4
 251              		@+44=BDTR 刹车/死区寄存器
 252              		@+48=DCR DMA控制器
 253              		@+4C=DMAR 连续模式的DMA地址
 254              		@TIM2=0x40000000
 255              	@18=CCMR1,18=OCMR1,1C=CCMR2,1C=OCMR2
 256              	@CNT与CCR比较占空，ARR与PSC决定频率。主频除以PSC=计数频率
 257 01da 4FF08040 		ldr r0, = 0x40000000 @ tim2
 258 01de 4FF43471 		ldr r1, = 720
 259 01e2 8162     		str r1, [r0, # 0x28] @ 分频
 260 01e4 6FF07F41 		ldr r1, = 0xffffff
 261 01e8 C162     		str r1, [r0, # 0x2c] @ 重载
 262 01ea 4FF00201 		mov r1, # 2
 263 01ee C160     		str r1, [r0, # 0x0c] @开中断
 264 01f0 F121     		ldr r1, = 0xf1
 265 01f2 8161     		str r1, [r0, # 0x18] @ 捕获/比较模式
 266 01f4 4FF00301 		mov r1, # 3
 267 01f8 0162     		str r1, [r0, # 0x20] @ 下降沿捕获
 268 01fa 8121     		ldr r1, = 0x81
 269 01fc 0160     		str r1, [r0]
 270              	tim3chushihua:
 271 01fe AE48     		ldr r0, = 0x40000400 @ tim3
 272 0200 4FF03001 		mov r1, # 0x30
 273 0204 4160     		str r1, [r0, # 0x04]
 274 0206 4FF00001 		mov r1, # 0x00
ARM GAS  1.s 			page 6


 275 020a C160     		str r1, [r0, # 0x0c] @ 开中断
 276 020c 4FF4E151 		ldr r1, = 7200
 277 0210 8162     		str r1, [r0, # 0x28]
 278 0212 4FF6FF71 		ldr r1, = 0xffff
 279 0216 C162     		str r1, [r0, # 0x2c]
 280 0218 0121     		ldr r1, = 0x01
 281 021a 8161     		str r1, [r0, # 0x18] @ CCMR
 282 021c 4FF00101 		mov r1, # 0x01
 283 0220 0162     		str r1, [r0, # 0x20] @ CCER
 284 0222 8121     		ldr r1, = 0x81
 285 0224 0160     		str r1, [r0]         @ cr1
 286              		
 287 0226 A548     		ldr r0, = 0x40000800
 288 0228 4FF02601 		mov r1, # 0x26
 289 022c 8160     		str r1, [r0, # 0x08]
 290 022e 4FF40071 		ldr r1, = 0x200
 291 0232 C160     		str r1, [r0, # 0x0c]
 292 0234 4FF4E151 		ldr r1, = 7200
 293 0238 8162     		str r1, [r0, # 0x28]
 294 023a 5F21     		ldr r1, = 95
 295 023c C162     		str r1, [r0, # 0x2c]
 296 023e 7021     		ldr r1, = 0x70
 297 0240 8161     		str r1, [r0, # 0x18]
 298 0242 4FF00101 		mov r1, # 0x01
 299 0246 0162     		str r1, [r0, # 0x20]
 300 0248 4FF08901 		mov r1, # 0x89
 301 024c 0160     		str r1, [r0]
 302              	IOshezhi:
 303              		
 304              		@PA=0x40010800 PB=0x40010c00 PC=0x40011000 
 305              		@PD=0x40011400 PE=0x40011800 PF=0x40011c00 
 306              		@ IO 1(通用推挽10M)2(通用推挽2M)3(通用推挽50M)
 307              		@4(浮空输入)5(通用开漏输出10M)6(通用开漏输出2M)
 308              		@7(通用开漏输出50M)8(上拉下拉输入)9(复用功能推挽输出10M)
 309              		@A(复用功能推挽输出2M)B(复用功能推挽输出50M)C(保留)
 310              		@D(复用功能开溜输出10M)E(复用功能开漏输出2M)F(复用功能开漏输出50M)
 311              		@ 偏移0X8=IDR 输入数据寄存器
 312              		@偏移0XC=ODR 输出数据寄存器
 313              		@偏移0X10=BSRR IO开
 314              		@偏移0X14=BRR  IO关
 315 024e 9C48     		ldr r0, = 0x40010c00
 316 0250 4FF0BB31 		ldr r1, = 0xbbbbbbbb
 317 0254 0160     		str r1, [r0]
 318 0256 9B48     		ldr r0, = 0x40010800
 319 0258 9B49     		ldr r1,	= 0x44444555
 320 025a 4160     		str r1, [r0, # 0x04]
 321 025c 4FF04431 		ldr r1, = 0x44444444
 322 0260 0160     		str r1, [r0]	
 323              	zhucaidan:
 324 0262 00F083F8 		bl anjian
 325 0266 994B     		ldr r3, = 0x200004f8
 326 0268 1868     		ldr r0, [r3]
 327 026a 9949     		ldr r1, = caidian
 328 026c D1F800E0 		ldr lr, [r1]
 329 0270 4FEA8000 		lsl r0, # 2
 330 0274 0A58     		ldr r2, [r1, r0]
 331 0276 9746     		mov pc, r2
ARM GAS  1.s 			page 7


 332              	dd0:
 333              	dd1:
 334              	dd2:
 335              	dd3:
 336              	dd4:
 337              	dd5:
 338              	dd6:
 339              	dd7:
 340              	dd8:
 341              	dd9:
 342              	dd10:
 343              	dd11:
 344              	dd12:
 345              	dd13:
 346              	dd14:
 347              	dd15:
 348 0278 7047     		bx lr
 349              	dd16:
 350 027a 07B5     		push {r0-r2,lr}
 351 027c 954A     		ldr r2, = 0x4000082c
 352 027e 1268     		ldr r2, [r2]
 353 0280 8148     		ldr r0, = 0x20000600
 354 0282 0168     		ldr r1, [r0]
 355 0284 01F10101 		add r1, r1, # 1
 356 0288 9142     		cmp r1, r2
 357 028a 88BF     		it hi
 358 028c 1146     		movhi r1, r2
 359 028e 0160     		str r1, [r0]
 360 0290 00F064F8 		bl qingchuanjian
 361 0294 07BD     		pop {r0-r2,pc}
 362              	dd17:
 363 0296 07B5     		push {r0-r2,lr}
 364 0298 8E4A     		ldr r2, = 0x4000082c
 365 029a 1268     		ldr r2, [r2]
 366 029c 7A48     		ldr r0, = 0x20000600
 367 029e 0168     		ldr r1, [r0]
 368 02a0 A1F10101 		sub r1, r1, # 1
 369 02a4 9142     		cmp r1, r2
 370 02a6 88BF     		it hi
 371 02a8 0021     		movhi r1, # 0
 372 02aa 0160     		str r1, [r0]
 373 02ac 00F056F8 		bl qingchuanjian
 374 02b0 07BD     		pop {r0-r2,pc}
 375              	dd18:
 376              	dd19:
 377              	dd20:
 378              	dd21:
 379              	dd22:
 380              	dd23:
 381              	dd24:
 382              	dd25:
 383              	dd26:
 384              	dd27:
 385              	dd28:
 386              	dd29:
 387              	dd30:	
 388 02b2 7047     		bx lr
ARM GAS  1.s 			page 8


 389              	zhuye:
 390 02b4 00F05AF8 		bl anjian
 391 02b8 844A     		ldr r2, = 0x200004f8
 392 02ba 1268     		ldr r2, [r2]
 393 02bc 152A     		cmp r2, # 21
 394 02be D0D0     		beq zhucaidan
 395 02c0 854A     		ldr r2, = 0x20000014
 396 02c2 1068     		ldr r0, [r2]
 397 02c4 4FF00401 		mov r1, # 4
 398 02c8 844A     		ldr r2, = 0x20000100
 399 02ca 00F022F8 		bl zhuan_ascii
 400 02ce 4FF00400 		mov r0, # 4
 401 02d2 00F05DF8 		bl xieshumaguan
 402 02d6 EDE7     		b zhuye
 403              	
 404              	zhuan_shijinzhi:   @ R0=要转换的数的地址
 405 02d8 2DE9FF43 		push {r0-r9,lr}
 406 02dc EC46     		mov r12, sp
 407 02de 81B0     		sub sp, # 0x04	
 408 02e0 90F80080 		ldrb r8, [r0]
 409 02e4 4278     		ldrb r2, [r0, # 1]
 410 02e6 8378     		ldrb r3, [r0, # 2]
 411 02e8 C478     		ldrb r4, [r0, # 3]
 412 02ea 4FF06405 		mov r5, # 100
 413 02ee 02FB05F9 		mul r9, r2, r5
 414 02f2 42F21075 		movw r5, # 10000
 415 02f6 03FB05F7 		mul r7, r3, r5
 416 02fa 794D     		ldr r5, = 1000000
 417 02fc 04FB05F6 		mul r6, r4, r5
 418 0300 C844     		add r8, r8, r9
 419 0302 07EB0802 		add r2, r7, r8
 420 0306 02EB0601 		add r1, r2, r6
 421 030a 0091     		str r1, [sp]
 422 030c E546     		mov sp, r12
 423 030e BDE8FF83 		pop {r0-r9,pc}
 424              	zhuan_ascii: @ 入口R0=数据 R1= 长度 R2=出口
 425 0312 FFB5     		push {r0-r7,lr}
 426 0314 734F     		ldr r7, = shumaguanmabiao
 427 0316 4FF00A05 		mov r5, # 10
 428              	xunhuanqiuma:
 429 031a B0FBF5F4 		udiv r4, r0, r5
 430 031e 04FB05F6 		mul r6, r4, r5
 431 0322 A0EB0603 		sub r3, r0, r6
 432 0326 FE5C     		ldrb r6, [r7, r3]
 433 0328 02F8016B 		strb r6, [r2], # 1
 434 032c 2046     		mov r0, r4
 435 032e 0139     		subs r1, # 1
 436 0330 F3D1     		bne xunhuanqiuma
 437 0332 FFBD     		pop {r0-r7,pc}
 438              	
 439              	xie595:    @ 入口0X20000000
 440              		
 441              		@74HC595 11=输入锁存 12=输出锁存 14=数据
 442 0334 3FB5     		push {r0-r5,lr}
 443 0336 6C48     		ldr r0, =  0x422101a0 @ 位带地址  
 444 0338 4FF00101 		mov r1, # 1       @ 1
 445 033c 4FF00002 		mov r2, # 0          @ 0
ARM GAS  1.s 			page 9


 446 0340 4FF00853 		ldr r3, = 0x22000000 @ 0x20000000的位带
 447 0344 4FF01004 		mov r4, # 16         @ 写两个8位
 448              	xunhuan595:
 449 0348 8260     		str r2, [r0, # 0x08] @ 595_11 输入锁存
 450 034a 53F8045B 		ldr r5, [r3], # 4    @ 取出一位的数据
 451 034e 0560     		str r5, [r0]         @14脚输出数据
 452 0350 8160     		str r1, [r0, # 0x08] @ 锁存
 453 0352 013C     		subs r4, # 1         
 454 0354 F8D1     		bne xunhuan595       @循环16次
 455 0356 4260     		str r2, [r0, # 0x04] @ 12输出锁存
 456 0358 4160     		str r1, [r0, # 0x04] 
 457 035a 3FBD     		pop {r0-r5,pc}      @ 弹出各寄存器返回
 458              		
 459              	qingchuanjian:
 460 035c 03B5     		push {r0-r1,lr}
 461 035e 5B48     		ldr r0, = 0x200004f8
 462 0360 4FF00001 		mov r1, # 0
 463 0364 0160     		str r1, [r0]
 464 0366 6148     		ldr r0, = 0x20000500
 465 0368 0160     		str r1, [r0]
 466 036a 03BD     		pop {r0-r1,pc}
 467              	anjian:
 468 036c 2DE9FF5F 		push {r0-r12,lr}
 469 0370 5E4B     		ldr r3, = 0x20000500
 470 0372 5F4D     		ldr r5, = hongwaimabiao
 471 0374 4FF01E06 		mov r6, # 30        @ 按键数量
 472              	panduananjian:
 473 0378 55F8044B 		ldr r4, [r5], # 4
 474 037c 1A68     		ldr r2, [r3]
 475 037e A242     		cmp r2, r4
 476 0380 02D0     		beq anjianzhengque
 477 0382 013E     		subs r6, # 1
 478 0384 F8D1     		bne panduananjian
 479 0386 01E0     		b anjianfanhui
 480              	anjianzhengque:
 481 0388 504A     		ldr r2, = 0x200004f8
 482 038a 1660     		str r6, [r2]
 483              		
 484              	anjianfanhui:
 485 038c BDE8FF9F 		pop {r0-r12,pc}
 486              	xieshumaguan: @ r0位数
 487 0390 2DE9FF5F 		push {r0-r12,lr}
 488 0394 514F     		ldr r7, = 0x20000100
 489 0396 DFF85C81 		ldr r8, = shuaxinbiao
 490 039a 4FF00056 		ldr r6, = 0x20000000
 491              	
 492              	xianshi:
 493 039e 18F8015B 		ldrb r5, [r8], # 1
 494 03a2 17F8012B 		ldrb r2, [r7], # 1
 495 03a6 3570     		strb r5, [r6]
 496 03a8 7270     		strb r2, [r6, # 0x01]
 497 03aa FFF7C3FF 		bl xie595
 498 03ae 0138     		subs r0, # 1
 499 03b0 F5D1     		bne xianshi
 500 03b2 BDE8FF9F 		pop {r0-r12,pc}
 501              		
 502              	_nmi_handler:
ARM GAS  1.s 			page 10


 503 03b6 7047     		bx lr
 504              	_hard_fault:
 505 03b8 7047     		bx lr
 506              	_memory_fault:
 507 03ba 7047     		bx lr
 508              	_bus_fault:
 509 03bc 7047     		bx lr
 510              	_usage_fault:
 511 03be 7047     	 	bx lr
 512              	systickdingshiqi:	              @ SYSTICK定时期中断服务函数
 513 03c0 2DE9FF5F 		push {r0-r12,lr}
 514 03c4 4C48     		ldr r0, = 0xe000ed04
 515 03c6 4FF00071 		ldr r1, = 0x2000000
 516 03ca 0160     		str r1, [r0]         @ 挂起SYSTICK
 517 03cc 4B4A     		ldr r2, = 0x20000010
 518 03ce 1168     		ldr r1, [r2]
 519 03d0 5368     		ldr r3, [r2, # 0x04]
 520 03d2 01F10101 		add r1, # 1
 521 03d6 B1F57A7F 		cmp.w r1, # 1000
 522 03da 28BF     		it cs
 523 03dc 0021     		movcs r1, # 0
 524 03de 03F10103 		add r3, # 1
 525 03e2 1160     		str r1, [r2]
 526 03e4 5360     		str r3, [r2, # 0x04]
 527 03e6 BDE8FF9F 		pop {r0-r12,pc}
 528              		
 529              	tim2dingshiqi:
 530 03ea 2DE9FF5F 		push {r0-r12,lr}	
 531 03ee 224A     		ldr r2, = 0x200004fc
 532 03f0 4348     		ldr r0, = 0x40000034
 533 03f2 1368     		ldr r3, [r2]
 534 03f4 0168     		ldr r1, [r0]  @ 读取时间
 535 03f6 B1F5604F 		cmp.w r1, # 0xe000
 536 03fa 1AD8     		bhi tim2fanhui
 537 03fc B1F5805F 		cmp.w r1, # 0x1000
 538 0400 82BF     		ittt hi
 539 0402 1E4C     		ldrhi r4, = 0x2200a000
 540 0404 1460     		strhi r4, [r2]
 541 0406 14E0     		bhi tim2fanhui
 542 0408 FF29     		cmp r1, # 0xff
 543 040a 81BF     		itttt hi
 544 040c 12F80C5C 		ldrbhi r5, [r2, # - 0x0c]
 545 0410 0135     		addhi r5, # 1
 546 0412 02F80C5C 		strbhi r5, [r2, # - 0x0c]
 547 0416 0CE0     		bhi tim2fanhui
 548 0418 A029     		cmp r1, # 0xa0
 549 041a 81BF     		itttt hi
 550 041c 0126     		movhi r6, # 1
 551 041e 43F8046B 		strhi r6, [r3], # 4
 552 0422 1360     		strhi r3, [r2]
 553 0424 05E0     		bhi tim2fanhui
 554 0426 6029     		cmp r1, # 0x60
 555 0428 82BF     		ittt hi
 556 042a 0026     		movhi r6, # 0
 557 042c 43F8046B 		strhi r6, [r3], # 4
 558 0430 1360     		strhi r3, [r2]
 559              	tim2fanhui:
ARM GAS  1.s 			page 11


 560 0432 3448     		ldr r0, = 0x40000024
 561 0434 4FF00001 		mov r1,  # 0
 562 0438 0160     		str r1, [r0]
 563 043a BDE8FF9F 		pop {r0-r12,pc}
 564              	
 565              		
 566              	tim3dingshiqi:
 567              	tinglea:
 568 043e 00B5     		push {lr}
 569 0440 1D48     		ldr r0, = 0x40000400
 570 0442 416B     		ldr r1, [r0, # 0x34]
 571 0444 0E4A     		ldr r2, = 0x200007fc
 572 0446 1368     		ldr r3, [r2]
 573 0448 43F8041B 		str r1, [r3], # 0x04
 574 044c 1360     		str r3, [r2]
 575              	tim3fanhui:
 576 044e 4FF00001 		mov r1, # 0
 577 0452 4162     		str r1, [r0, # 0x24]
 578 0454 00BD     		pop {pc}
 579 0456 00000400 		
 579      01400010 
 579      0240834D 
 579      01000020 
 579      02400410 
ARM GAS  1.s 			page 12


DEFINED SYMBOLS
                 1.s:4      .data:00000000 $d
                 1.s:6      .data:00000000 shumaguanmabiao
                 1.s:7      .data:0000000a hongwaimabiao
                 1.s:10     .data:00000082 shuaxinbiao
                 1.s:12     .data:0000008a caidian
                 1.s:323    .text:00000262 zhucaidan
                 1.s:333    .text:00000278 dd1
                 1.s:334    .text:00000278 dd2
                 1.s:335    .text:00000278 dd3
                 1.s:336    .text:00000278 dd4
                 1.s:337    .text:00000278 dd5
                 1.s:338    .text:00000278 dd6
                 1.s:339    .text:00000278 dd7
                 1.s:340    .text:00000278 dd8
                 1.s:341    .text:00000278 dd9
                 1.s:342    .text:00000278 dd10
                 1.s:343    .text:00000278 dd11
                 1.s:344    .text:00000278 dd12
                 1.s:345    .text:00000278 dd13
                 1.s:346    .text:00000278 dd14
                 1.s:347    .text:00000278 dd15
                 1.s:349    .text:0000027a dd16
                 1.s:362    .text:00000296 dd17
                 1.s:375    .text:000002b2 dd18
                 1.s:376    .text:000002b2 dd19
                 1.s:377    .text:000002b2 dd20
                 1.s:378    .text:000002b2 dd21
                 1.s:379    .text:000002b2 dd22
                 1.s:380    .text:000002b2 dd23
                 1.s:381    .text:000002b2 dd24
                 1.s:382    .text:000002b2 dd25
                 1.s:383    .text:000002b2 dd26
                 1.s:384    .text:000002b2 dd27
                 1.s:385    .text:000002b2 dd28
                 1.s:386    .text:000002b2 dd29
                 1.s:387    .text:000002b2 dd30
                 1.s:14     *ABS*:20005000 STACKINIT
                 1.s:15     *ABS*:20000300 systickbiaozhi
                 1.s:17     .text:00000000 xiangliangbiao
                 1.s:85     .text:0000010c _start
                 1.s:502    .text:000003b6 _nmi_handler
                 1.s:504    .text:000003b8 _hard_fault
                 1.s:506    .text:000003ba _memory_fault
                 1.s:508    .text:000003bc _bus_fault
                 1.s:510    .text:000003be _usage_fault
                 1.s:512    .text:000003c0 systickdingshiqi
                 1.s:529    .text:000003ea tim2dingshiqi
                 1.s:566    .text:0000043e tim3dingshiqi
                            .text:00000000 $d
                 1.s:86     .text:0000010c $t
                 1.s:94     .text:0000011c gsszbz
                 1.s:100    .text:00000128 rccchushihua
                 1.s:110    .text:0000013c chaxun
                 1.s:116    .text:00000148 rccgg
                 1.s:125    .text:00000156 neicunqingling
                 1.s:129    .text:00000162 qingling_xunhuan
ARM GAS  1.s 			page 13


                 1.s:134    .text:0000016a chushihuayixieshuju
                 1.s:146    .text:0000017c systick
                 1.s:169    .text:0000019a waisheshizhong
                 1.s:190    .text:000001b0 dmachushihua
                 1.s:191    *ABS*:40020000 DMA1
                 1.s:212    .text:000001c4 zhongduankongzhi
                 1.s:232    .text:000001da timdingshiqi
                 1.s:270    .text:000001fe tim3chushihua
                 1.s:302    .text:0000024e IOshezhi
                 1.s:467    .text:0000036c anjian
                 1.s:332    .text:00000278 dd0
                 1.s:459    .text:0000035c qingchuanjian
                 1.s:389    .text:000002b4 zhuye
                 1.s:424    .text:00000312 zhuan_ascii
                 1.s:486    .text:00000390 xieshumaguan
                 1.s:404    .text:000002d8 zhuan_shijinzhi
                 1.s:428    .text:0000031a xunhuanqiuma
                 1.s:439    .text:00000334 xie595
                 1.s:448    .text:00000348 xunhuan595
                 1.s:472    .text:00000378 panduananjian
                 1.s:480    .text:00000388 anjianzhengque
                 1.s:484    .text:0000038c anjianfanhui
                 1.s:492    .text:0000039e xianshi
                 1.s:559    .text:00000432 tim2fanhui
                 1.s:567    .text:0000043e tinglea
                 1.s:575    .text:0000044e tim3fanhui
                 1.s:579    .text:00000456 $d
                 1.s:579    .text:00000458 $d

NO UNDEFINED SYMBOLS
