ARM GAS  1.s 			page 1


   1              			@ stm32f030f4p6 asm
   2              		 .thumb
   3              		         .syntax unified
   4              		.section .data
   5              	zheng_xian_biao:
   6 0000 30003300 	.short 0x30,0x33,0x36,0x38,0x3b,0x3e,0x41,0x44,0x47,0x49,0x4c,0x4e,0x50,0x52,0x54,0x56,0x58,0x59,0x
   6      36003800 
   6      3B003E00 
   6      41004400 
   6      47004900 
   7 00c8 00000000 		.align 4
   7      00000000 
   8              	shumaguanmabiao:
   9 00d0 02000000 		.int 0x02,0xae,0x14,0x0c,0xa8,0x48,0x40,0x2e,0x00,0x08
   9      AE000000 
   9      14000000 
   9      0C000000 
   9      A8000000 
  10              		
  11              		.equ STACKINIT,        	        0x20001000
  12              		.equ shumaguanma,		0x20000000
  13              		.equ dianyabiao,		0x20000100
  14              		.equ lvboqizhizhen,		0x20000200
  15              		.equ lvboqihuanchong,		0x20000204
  16              	.section .text
  17              	vectors:
  18 0000 00100020 		.word STACKINIT
  19 0004 B1000000 		.word _start + 1
  20 0008 73020000 		.word _nmi_handler + 1
  21 000c 75020000 		.word _hard_fault  + 1
  22 0010 00000000 		.word 0
  23 0014 00000000 		.word 0
  24 0018 00000000 		.word 0
  25 001c 00000000 		.word 0
  26 0020 00000000 		.word 0
  27 0024 00000000 		.word 0
  28 0028 00000000 		.word 0
  29 002c 77020000 		.word _svc_handler +1
  30 0030 00000000 		.word 0
  31 0034 00000000 		.word 0
  32 0038 79020000 		.word _pendsv_handler +1
  33 003c 7B020000 		.word _systickzhongduan +1               @ 15
  34 0040 7B020000 		.word aaa +1     @ _wwdg +1          @ 0
  35 0044 7B020000 		.word aaa +1     @_pvd +1            @ 1
  36 0048 7B020000 		.word aaa +1     @_rtc +1            @ 2
  37 004c 7B020000 		.word aaa +1     @_flash +1          @ 3
  38 0050 7B020000 		.word aaa +1	@ _rcc + 1          @ 4
  39 0054 7B020000 		.word aaa +1	@_exti0_1  +1      @ 5
  40 0058 7B020000 		.word aaa +1      @ _exti2_3 +1      @ 6
  41 005c 7B020000 		.word aaa +1       @_exti4_15 +1     @ 7
  42 0060 7B020000 		.word aaa +1                         @ 8
  43 0064 7B020000 		.word aaa +1 	@_dma1_1  +1    @ 9
  44 0068 7B020000 		.word aaa +1    @_dma1_2_3 +1        @ 10
  45 006c 7B020000 		.word aaa +1       @_dma1_4_5 +1     @ 11
  46 0070 7B020000 		.word aaa +1	 @_adc1 +1          @ 12
  47 0074 7B020000 		.word aaa +1	@_tim1_brk_up +1  @ 13
  48 0078 7B020000 		.word aaa +1 @_tim1_buhuo +1    @ 14
ARM GAS  1.s 			page 2


  49 007c 7B020000 		.word aaa +1         @_tim2 +1       @ 15
  50 0080 7B020000 		.word aaa +1          @_tim3 +1      @ 16
  51 0084 7B020000 		.word aaa +1                         @ 17
  52 0088 7B020000 		.word aaa +1		                @ 18
  53 008c 7B020000 		.word aaa +1		@_tim14 +1    @ 19
  54 0090 7B020000 		.word aaa +1                         @ 20
  55 0094 7B020000 		.word aaa +1 	@_tim16 +1      @ 21
  56 0098 7B020000 		.word aaa +1         @_tim17 +1      @ 22
  57 009c 7B020000 		.word aaa +1          @_i2c   +1     @ 23
  58 00a0 7B020000 		.word aaa +1                         @ 24
  59 00a4 7B020000 		.word aaa +1           @_spi   +1    @ 25
  60 00a8 7B020000 		.word aaa +1                         @ 26
  61 00ac 7B020000 		.word aaa +1         @_usart1 +1     @ 27
  62              	_start:
  63              	shizhong:
  64 00b0 7248     		ldr r0, = 0x40021000 @ rcc
  65 00b2 734A     		ldr r2, = 0x40022000   @FLASH访问控制
  66 00b4 3221     		movs r1, # 0x32
  67 00b6 1160     		str r1, [r2]           @FLASH缓冲 缓冲开启
  68 00b8 7048     		ldr r0, = 0x40021000 @ rcc
  69 00ba 7249     		ldr r1, = 0x100002
  70 00bc 4160     		str r1, [r0, # 0x04]
  71 00be 7249     		ldr r1, = 0x1000001
  72 00c0 0160     		str r1, [r0]
  73              	dengrc:
  74 00c2 0168     		ldr r1, [r0]
  75 00c4 8907     		lsls r1, # 30
  76 00c6 FCD5     		bpl dengrc
  77              	dengpll:
  78 00c8 0168     		ldr r1, [r0]
  79 00ca 8901     		lsls r1, # 6
  80 00cc FCD5     		bpl dengpll
  81              		@0x34时钟控制寄存器 2 (RCC_CR2)
  82 00ce 0121     		movs r1, # 0x01
  83 00d0 4163     		str r1, [r0, # 0x34]  @ HSI开14M时钟
  84              	dengdai14mshizhongwending:
  85 00d2 416B     		ldr r1, [r0, # 0x34]
  86 00d4 8907     		lsls r1, r1, # 30     @ 左移30位
  87 00d6 FCD5     		bpl dengdai14mshizhongwending  @ 等待14M时钟稳定
  88              		
  89              	neicunqingling:
  90 00d8 6C48     		ldr r0, = 0x20000000
  91 00da 0021     		movs r1, # 0
  92 00dc 6C4B     		ldr r3, = 0x1000
  93              	neicunqinglingxunhuan:
  94 00de 043B     		subs r3, # 4
  95 00e0 C150     		str r1, [r0, r3]
  96 00e2 FCD1     		bne neicunqinglingxunhuan
  97              	
  98              	_waisheshizhong:			 @ 外设时钟
  99              		@ +0x14=RCC_AHBENR
 100              		@ 0=DMA 2=SRAM 4=FLITF 6=CRC  17=PA  18=PB 19=PC 20=PD 22=PF
 101 00e4 6548     		ldr r0, = 0x40021000
 102 00e6 6B49     		ldr r1, = 0x460005
 103 00e8 4161     		str r1, [r0, # 0x14]
 104              	
 105              		@ +0x18外设时钟使能寄存器 (RCC_APB2ENR)
ARM GAS  1.s 			page 3


 106              		@ 0=SYSCFG 5=USART6EN 9=ADC 11=TIM1 12=SPI1 14=USART1
 107              		@ 16=TIM15 17=TIM16 18=TIM17 22=DBGMCU
 108 00ea 6B49     		ldr r1, = 0xa00
 109 00ec 8161     		str r1, [r0, # 0x18]
 110              		@+0X1C=RCC_APB1ENR
 111              		@ 1=TIM3 4=TIM6 5=TIM7 8=TIM14 11=WWDG 14=SPI 17=USRT2 18=USART3
 112              		@ 20=USART5 21=I2C1 22=I2C2  23=USB 28=PWR
 113              	
 114              	
 115              	io_she_zhi:
 116              		@@@@@@@@@@@@@@@@@@@@@@@@@@@@@@@@@@@@@@@@@@@@@@@@@@@@@@@@@@@@@@@@@@@@@@@@@@@@@@@@@@@@@@@@@@@@@@
 117              		@a(0x48000000)b(0x48000400)c(0x48000800)d(0x48000c00)f(0x48001400)
 118              		@ 输入（00），通用输出（01），复用功能（10），模拟（11）
 119              		@偏移0x4 = 端口输出类型 @ （0 推挽），（ 1 开漏）
 120              		@偏移0x8 = 输出速度  00低速， 01中速， 11高速
 121              		@偏移0xC = 上拉下拉 (00无上下拉，  01 上拉， 10下拉)
 122              		@偏移0x10 = 输入数据寄存器
 123              		@偏移0x14 = 输出数据寄存器
 124              		@偏移0x18 = 端口开  0-15置位
 125              		@偏移0x28 = 端口关
 126              		@0X20 = 复用低
 127              		@GPIO口0（0-3位）每个IO口占用4位
 128              		@ AF0 = 0X0000, AF1 = 0X0001, AF2 = 0X0010 AF3 = 0X0011, AF4 = 0X0100
 129              		@ AF5 = 0X0101, AF6 = 0X0111, AF7 = 0X1000
 130              		@0x24 = 复用高
 131              		@GPIO口8 （0-3位）每个IO口占用4位
 132              		@ AF0 = 0X0000, AF1 = 0X0001, AF2 = 0X0010 AF3 = 0X0011, AF4 = 0X0100
 133              		@ AF5 = 0X0101, AF6 = 0X0111, AF7 = 0X1000
 134              		@@@@@@@@@@@@@@@@@@@@@@@@@@@@@@@@@@@@@@@@@@@@@@@@@@@@@@@@@@@@@@@@@@@@@@@@@@@@@@@@@@@@@@@@@@@@@@
 135              		
 136 00ee 6B48     		ldr r0, = 0x48000000
 137 00f0 6B49     		ldr r1, = 0x28145557
 138 00f2 0160     		str r1, [r0]
 139              	
 140 00f4 6B48     		ldr r0, = 0x48000400
 141 00f6 0821     		movs r1, # 0x08 @ pb1
 142 00f8 0160     		str r1, [r0]
 143 00fa 2021     		movs r1, # 0x20
 144 00fc 0162     		str r1, [r0, # 0x20]
 145              	
 146              		
 147 00fe 6A48     		ldr r0, = 0x48001400
 148 0100 0521     		movs r1, # 0x05
 149 0102 0160     		str r1, [r0]
 150 0104 0021     		movs r1, # 0x00
 151 0106 4161     		str r1, [r0, # 0x14]
 152              	
 153              	_adcchushihua:
 154 0108 6848     	        ldr r0, = 0x40012400  @ adc基地址
 155 010a 6949     	        ldr r1, = 0x80000000
 156 010c 8160     	        str r1, [r0, # 0x08]  @ ADC 控制寄存器 (ADC_CR)  @adc校准
 157              	_dengadcjiaozhun:
 158 010e 8168     	        ldr r1, [r0, # 0x08]
 159 0110 0900     	        movs r1, r1
 160 0112 FCD4     	        bmi _dengadcjiaozhun   @ 等ADC校准
 161              	_kaiadc:
 162 0114 8168     		ldr r1, [r0, # 0x08]
ARM GAS  1.s 			page 4


 163 0116 0122     	        movs r2, # 0x01
 164 0118 1143     		orrs r1, r1, r2
 165 011a 8160     	        str r1, [r0, # 0x08]
 166              	_dengdaiadcwending:
 167 011c 0168     		ldr r1, [r0]
 168 011e C907     		lsls r1, r1, # 31
 169 0120 FCD5     		bpl _dengdaiadcwending @ 等ADC稳定
 170              	_tongdaoxuanze:
 171 0122 6449     		ldr r1, = 1
 172 0124 8162     	        str r1, [r0, # 0x28]    @ 通道选择寄存器 (ADC_CHSELR)
 173 0126 6449     	        ldr r1, = 0x803
 174 0128 C160     	        str r1, [r0, # 0x0c]    @ 配置寄存器 1 (ADC_CFGR1)
 175 012a 0021     		movs r1, # 0
 176 012c 4161     	        str r1, [r0, # 0x14]    @ ADC 采样时间寄存器 (ADC_SMPR)
 177 012e 8168     		ldr r1, [r0, # 0x08]
 178 0130 624A     	        ldr r2, = 0x04         @ 开始转换
 179 0132 1143     	        orrs r1, r1, r2
 180 0134 8160     		str r1, [r0, # 0x08]    @ 控制寄存器 (ADC_CR)
 181              	
 182              	
 183              		
 184              	dmachushihua:
 185              	        @+0=LSR,+4=IFCR,
 186              	        @+8=CCR1,+c=CNDTR1,+10=CPAR1+14=CMAR1,
 187              	        @+1c=CCR2,+20=CNDTR2,+24=CPAR2,+28=CMAR2
 188              	        @+30=CCR3,+34=CNDTR3,+38=CPAR2,+3c=CMAR3
 189              	        @+44=CCR4,+48=CNDTR4,+4c=CPAR4,+50=CMAR4
 190              	        @+58=CCR5,+5c=CNDTR5,+60=CPAR5,+64=CMAR5
 191              	        @+6C=CCR6,+70=CNDTR6,+74=CPAR6,+78=CMAR6
 192              	        @+80=CCR7,+84=CNDTR7,+88=CPAR7,+8c=CMAR7
 193              	
 194              	        @tim1ch3DMA
 195 0136 6248     	        ldr r0, = 0x40020000
 196 0138 6249     	        ldr r1, = 0x40012c3c @ 外设地址
 197 013a 0166     	        str r1, [r0, # 0x60]
 198 013c 6249     	        ldr r1, = zheng_xian_biao @ 储存器地址
 199 013e 4166     	        str r1, [r0, # 0x64]
 200 0140 6249     	        ldr r1, = 100             @点数
 201 0142 C165     	        str r1, [r0, # 0x5c]
 202 0144 6249     	        ldr r1, = 0x35b1         @ 储存到外设
 203 0146 8165     	        str r1, [r0, # 0x58]
 204              		@ adc dma
 205 0148 5D48     		ldr r0, = 0x40020000
 206 014a 6249     		ldr r1, = 0x40012440
 207 014c 0161     		str r1, [r0, # 0x10]
 208 014e 6249     		ldr r1, = dianyabiao
 209 0150 4161     		str r1, [r0, # 0x14]
 210 0152 5E49     		ldr r1, =  100
 211 0154 C160     		str r1, [r0, # 0x0c]
 212 0156 6149     		ldr r1, = 0x5a1		@ 5a1
 213 0158 8160     		str r1, [r0, # 0x08]
 214              	
 215              		
 216              	tim1chushiha:
 217 015a 6148     	        ldr r0, = 0x40012c00 @ tim1_cr1
 218 015c 0021     	        movs r1, # 0
 219 015e 8162     	        str r1, [r0, # 0x28] @ psc
ARM GAS  1.s 			page 5


 220 0160 6049     	        ldr r1, = 96
 221 0162 C162     	        str r1, [r0, # 0x2c] @ ARR
 222              		@	movs r1, # 0x40
 223 0164 2021     		movs r1, # 0x20
 224 0166 4160     		str r1, [r0, # 0x04] @ TRGO
 225 0168 3821     		movs r1, # 0x38
 226 016a 8161     		str r1, [r0, # 0x18] @ ccmr1 cc1
 227 016c 6021     		movs r1, # 96
 228 016e 4163     		str r1, [r0, # 0x34]
 229 0170 5D49     	        ldr r1, = 0x68
 230 0172 C161     	        str r1, [r0, # 0x1c] @ ccmr2  CC3
 231 0174 5D49     	        ldr r1, = 0x400    @  CC3
 232 0176 0162     	        str r1, [r0, # 0x20] @ ccer
 233 0178 5D49     	        ldr r1, = 0x8000
 234 017a 4164     	        str r1, [r0, # 0x44] @ BDTR
 235 017c 5D49     	        ldr r1, = 0x800 @ CC3 DMA
 236 017e C160     	        str r1, [r0, # 0x0c] @ DIER
 237 0180 5D49     	        ldr r1, = 0x81
 238 0182 0160     	        str r1, [r0]
 239              	
 240              		
 241 0184 5D4D     		ldr r5, = 0
 242 0186 5E4E     		ldr r6, = 9999
 243              	_tingting:
 244 0188 5E48     		ldr r0, = 0x20000150
 245 018a 5F4A     		ldr r2, = 0x20000190
 246 018c 0188     		ldrh r1, [r0]
 247 018e 1388     		ldrh r3, [r2]
 248 0190 9942     		cmp r1, r3
 249 0192 01D8     		bhi __zheng
 250 0194 5B1A     		subs r3, r3, r1
 251 0196 01E0     		b __xian_shi_led
 252              	__zheng:
 253 0198 C91A     		subs r1, r1, r3
 254 019a 0B46     		mov r3, r1
 255              	__xian_shi_led:	
 256 019c 5B48     		ldr r0, = lvboqihuanchong
 257 019e 5C49     		ldr r1, = 256
 258 01a0 5C4A     		ldr r2, = lvboqizhizhen
 259 01a2 00F03FF8 		bl _lvboqi
 260 01a6 0421     		movs r1, # 4
 261 01a8 384A     	        ldr r2, = shumaguanma
 262 01aa 00F029F8 	        bl _zhuanshumaguanma
 263 01ae 00F001F8 	        bl _xieshumaguan
 264 01b2 E9E7     		b _tingting
 265              	
 266              	_xieshumaguan:			@ r0=4位10进制数
 267 01b4 FFB5     		push {r0-r7,lr}
 268 01b6 354A     		ldr r2, = shumaguanma
 269 01b8 574F     		ldr r7, = 0xfff
 270 01ba 384C     		ldr r4, = 0x48000000
 271 01bc 3A4D     		ldr r5, = 0x48001400
 272 01be 574E     		ldr r6, = 0x200
 273 01c0 1168     		ldr r1, [r2]
 274 01c2 A661     		str r6, [r4, # 0x18]
 275 01c4 2175     		strb r1, [r4, # 0x14]
 276              	_shumaguanyanshi:	
ARM GAS  1.s 			page 6


 277 01c6 013F     		subs r7, r7, # 1
 278 01c8 FDD1     		bne _shumaguanyanshi
 279 01ca A662     		str r6, [r4, # 0x28]
 280 01cc 7600     		lsls r6, r6, # 1
 281 01ce 524F     		ldr r7, = 0xfff
 282 01d0 5168     		ldr r1, [r2, # 0x04]
 283 01d2 A661     		str r6, [r4, # 0x18]
 284 01d4 2175     		strb r1, [r4, # 0x14]
 285 01d6 524E     		ldr r6, = 0x600
 286              	_shumaguanyanshi1:	
 287 01d8 013F     		subs r7, r7, # 1
 288 01da FDD1     		bne _shumaguanyanshi1
 289 01dc A662     		str  r6, [r4, # 0x28]
 290 01de 0226     		movs r6, # 0x02
 291 01e0 4D4F     		ldr r7, = 0xfff
 292 01e2 9168     		ldr r1, [r2, # 0x08]
 293 01e4 6E61     		str r6, [r5, # 0x14]
 294 01e6 2175     		strb r1, [r4, # 0x14]
 295              	_shumaguanyanshi2:	
 296 01e8 013F     		subs r7, r7, # 1
 297 01ea FDD1     		bne _shumaguanyanshi2
 298 01ec 0126     		movs r6, # 0x01
 299 01ee 4A4F     		ldr r7, = 0xfff
 300 01f0 D168     		ldr r1, [r2, # 0x0c]
 301 01f2 6E61     		str r6, [r5, # 0x14]
 302 01f4 2175     		strb r1, [r4, # 0x14]
 303              	_shumaguanyanshi3:
 304 01f6 013F     		subs r7,  r7, # 1
 305 01f8 FDD1     		bne _shumaguanyanshi3
 306 01fa 0023     		movs r3, # 0
 307 01fc 6B61     		str r3, [r5, # 0x14]
 308 01fe FFBD     		pop {r0-r7,pc}
 309              		
 310              	_zhuanshumaguanma:			@ 16进制转数码管码
 311              			@ R0要转的数据， R1长度，R2结果表首地址
 312 0200 FFB5     		push {r0-r7,lr}
 313 0202 484F     		ldr r7, = shumaguanmabiao
 314 0204 0546     		mov r5, r0
 315 0206 0E46     		mov r6, r1
 316 0208 0A21     		movs r1, # 10
 317              	_xunhuanqiuma:
 318 020a 00F01FF8 		bl _chufa
 319 020e 0446     		mov r4, r0
 320 0210 4C43     		muls r4, r1
 321 0212 2B1B     		subs r3, r5, r4
 322 0214 9B00     		lsls r3, # 2
 323 0216 FC58     		ldr r4, [r7, r3]
 324 0218 1460     		str r4, [r2]
 325 021a 0546     		mov r5, r0
 326 021c 0432     		adds r2, r2, # 4
 327 021e 013E     		subs r6, # 1
 328 0220 F3D1     		bne _xunhuanqiuma
 329 0222 FFBD     		pop {r0-r7,pc}
 330              	
 331              	_lvboqi:				@滤波器
 332              				@R0=地址，R1=长度,r2=表指针地址,r3=ADC数值
 333              				@出R0=结果
ARM GAS  1.s 			page 7


 334 0224 FEB5     		push {r1-r7,lr}	
 335 0226 1568     		ldr r5, [r2]		@读出表指针
 336 0228 4E00     		lsls r6, r1, # 1	
 337 022a 4353     		strh r3, [r0, r5]	@数值写到滤波器缓冲区
 338 022c 0235     		adds r5, r5, # 2
 339 022e B542     		cmp r5, r6
 340 0230 00D1     		bne _lvboqimeidaohuanchongquding
 341 0232 0025     		movs r5, # 0
 342              	_lvboqimeidaohuanchongquding:
 343 0234 1560     		str r5, [r2]
 344 0236 0027     		movs r7, # 0
 345              	_lvboqixunhuan:
 346 0238 B542     		cmp r5, r6
 347 023a 00D1     		bne _lvbozonghe
 348 023c 0025     		movs r5, # 0
 349              	_lvbozonghe:
 350 023e 445B     		ldrh r4, [r0, r5]
 351 0240 0235     		adds r5, r5, # 2
 352 0242 3F19     		adds r7, r7, r4
 353 0244 0139     		subs r1, r1, # 1
 354 0246 F7D1     		bne _lvboqixunhuan
 355 0248 3812     		asrs r0, r7, # 8	@修改
 356 024a FEBD     		pop {r1-r7,pc}
 357              	_chufa:				@软件除法
 358              		@ r0 除以 r1 等于 商(r0)余数R1
 359 024c 1EB5     		push {r1-r4,lr}
 360 024e 0028     		cmp r0, # 0
 361 0250 0ED0     		beq _chufafanhui
 362 0252 0029     		cmp r1, # 0
 363 0254 0CD0     		beq _chufafanhui
 364 0256 0246     		mov r2, r0
 365 0258 0123     		movs r3, # 1
 366 025a DB07     		lsls r3, r3, # 31
 367 025c 0020     		movs r0, # 0
 368 025e 0446     		mov r4, r0
 369              	_chufaxunhuan:
 370 0260 5200     		lsls r2, r2, # 1
 371 0262 6441     		adcs r4, r4, r4
 372 0264 8C42     		cmp r4, r1
 373 0266 01D3     		bcc _chufaweishubudao0
 374 0268 C018     		adds r0, r0, r3
 375 026a 641A     		subs r4, r4, r1
 376              	_chufaweishubudao0:
 377 026c 5B08     		lsrs r3, r3, # 1
 378 026e F7D1     		bne _chufaxunhuan
 379              	_chufafanhui:
 380 0270 1EBD     		pop {r1-r4,pc}
 381              	_nmi_handler:
 382 0272 7047     		bx lr
 383              	_hard_fault:
 384 0274 7047     		bx lr
 385              	_svc_handler:
 386 0276 7047     		bx lr
 387              	_pendsv_handler:
 388 0278 7047     		bx lr
 389              	_systickzhongduan:
 390              	aaa:
ARM GAS  1.s 			page 8


 391 027a 7047     		bx lr
 392              	
 393 027c 00100240 	
 393      00200240 
 393      02001000 
 393      01000001 
 393      00000020 
ARM GAS  1.s 			page 9


DEFINED SYMBOLS
                 1.s:5      .data:0000000000000000 zheng_xian_biao
                 1.s:7      .data:00000000000000c8 $d
                 1.s:8      .data:00000000000000d0 shumaguanmabiao
                 1.s:11     *ABS*:0000000020001000 STACKINIT
                 1.s:12     *ABS*:0000000020000000 shumaguanma
                 1.s:13     *ABS*:0000000020000100 dianyabiao
                 1.s:14     *ABS*:0000000020000200 lvboqizhizhen
                 1.s:15     *ABS*:0000000020000204 lvboqihuanchong
                 1.s:17     .text:0000000000000000 vectors
                 1.s:62     .text:00000000000000b0 _start
                 1.s:381    .text:0000000000000272 _nmi_handler
                 1.s:383    .text:0000000000000274 _hard_fault
                 1.s:385    .text:0000000000000276 _svc_handler
                 1.s:387    .text:0000000000000278 _pendsv_handler
                 1.s:389    .text:000000000000027a _systickzhongduan
                 1.s:390    .text:000000000000027a aaa
                 1.s:63     .text:00000000000000b0 shizhong
                            .text:0000000000000000 $d
                 1.s:64     .text:00000000000000b0 $t
                 1.s:73     .text:00000000000000c2 dengrc
                 1.s:77     .text:00000000000000c8 dengpll
                 1.s:84     .text:00000000000000d2 dengdai14mshizhongwending
                 1.s:89     .text:00000000000000d8 neicunqingling
                 1.s:93     .text:00000000000000de neicunqinglingxunhuan
                 1.s:98     .text:00000000000000e4 _waisheshizhong
                 1.s:115    .text:00000000000000ee io_she_zhi
                 1.s:153    .text:0000000000000108 _adcchushihua
                 1.s:157    .text:000000000000010e _dengadcjiaozhun
                 1.s:161    .text:0000000000000114 _kaiadc
                 1.s:166    .text:000000000000011c _dengdaiadcwending
                 1.s:170    .text:0000000000000122 _tongdaoxuanze
                 1.s:184    .text:0000000000000136 dmachushihua
                 1.s:216    .text:000000000000015a tim1chushiha
                 1.s:243    .text:0000000000000188 _tingting
                 1.s:252    .text:0000000000000198 __zheng
                 1.s:255    .text:000000000000019c __xian_shi_led
                 1.s:331    .text:0000000000000224 _lvboqi
                 1.s:310    .text:0000000000000200 _zhuanshumaguanma
                 1.s:266    .text:00000000000001b4 _xieshumaguan
                 1.s:276    .text:00000000000001c6 _shumaguanyanshi
                 1.s:286    .text:00000000000001d8 _shumaguanyanshi1
                 1.s:295    .text:00000000000001e8 _shumaguanyanshi2
                 1.s:303    .text:00000000000001f6 _shumaguanyanshi3
                 1.s:317    .text:000000000000020a _xunhuanqiuma
                 1.s:357    .text:000000000000024c _chufa
                 1.s:342    .text:0000000000000234 _lvboqimeidaohuanchongquding
                 1.s:345    .text:0000000000000238 _lvboqixunhuan
                 1.s:349    .text:000000000000023e _lvbozonghe
                 1.s:379    .text:0000000000000270 _chufafanhui
                 1.s:369    .text:0000000000000260 _chufaxunhuan
                 1.s:376    .text:000000000000026c _chufaweishubudao0
                 1.s:393    .text:000000000000027c $d

NO UNDEFINED SYMBOLS
