ARM GAS  1.s 			page 1


   1              		@@单片机stm32f030f4p6
   2              		@@io口输出SPWM_ram运行 
   3              		@作者：yjmwxwx
   4              		@时间：2019-06-17
   5              		@编译器：ARM-NONE-EABI-AS
   6              		 .thumb
   7              		.syntax unified
   8              		.section .data
   9              	_zhengxianbiao:
  10 0000 080B0E0F 		.byte 0x8,0xb,0xe,0xf,0x10,0xf,0xe,0xb,0x8,0x5,0x2,0x1,0x0,0x1,0x2,0x5,0x8
  10      100F0E0B 
  10      08050201 
  10      00010205 
  10      08
  11 0011 000000   		.align 2
  12              	_fanhui:
  13 0014 01210A46 		.long 0x460a2101, 0x06d20289, 0x468f4411
  13      8902D206 
  13      11448F46 
  14              		.equ STACKINIT,        	        0x20001000
  15              		.section .text
  16              	vectors:
  17 0000 00100020 		.word STACKINIT
  18 0004 B1000000 		.word _start + 1
  19 0008 4D010000 		.word _nmi_handler + 1
  20 000c 4F010000 		.word _hard_fault  + 1
  21 0010 00000000 		.word 0
  22 0014 00000000 		.word 0
  23 0018 00000000 		.word 0
  24 001c 00000000 		.word 0
  25 0020 00000000 		.word 0
  26 0024 00000000 		.word 0
  27 0028 00000000 		.word 0
  28 002c 51010000 		.word _svc_handler +1
  29 0030 00000000 		.word 0
  30 0034 00000000 		.word 0
  31 0038 53010000 		.word _pendsv_handler +1
  32 003c 57010000 		.word aaa +1	@_systickzhongduan +1               @ 15
  33 0040 57010000 		.word aaa +1     @ _wwdg +1          @ 0
  34 0044 57010000 		.word aaa +1     @_pvd +1            @ 1
  35 0048 57010000 		.word aaa +1     @_rtc +1            @ 2
  36 004c 57010000 		.word aaa +1     @_flash +1          @ 3
  37 0050 57010000 		.word aaa +1	@ _rcc + 1          @ 4
  38 0054 57010000 		.word aaa +1	@_exti0_1  +1      @ 5
  39 0058 57010000 		.word aaa +1      @ _exti2_3 +1      @ 6
  40 005c 57010000 		.word aaa +1       @_exti4_15 +1     @ 7
  41 0060 57010000 		.word aaa +1                         @ 8
  42 0064 57010000 		.word aaa +1 	@_dma1_1  +1    @ 9
  43 0068 57010000 		.word aaa +1    @_dma1_2_3 +1        @ 10
  44 006c 57010000 		.word aaa +1       @_dma1_4_5 +1     @ 11
  45 0070 57010000 		.word aaa +1	 @_adc1 +1          @ 12
  46 0074 57010000 		.word aaa +1	@_tim1_brk_up +1  @ 13
  47 0078 57010000 		.word aaa +1 @_tim1_buhuo +1    @ 14
  48 007c 57010000 		.word aaa +1         @_tim2 +1       @ 15
  49 0080 57010000 		.word aaa +1          @_tim3 +1      @ 16
  50 0084 57010000 		.word aaa +1                         @ 17
  51 0088 57010000 		.word aaa +1		                @ 18
ARM GAS  1.s 			page 2


  52 008c 57010000 		.word aaa +1		@_tim14 +1    @ 19
  53 0090 57010000 		.word aaa +1                         @ 20
  54 0094 57010000 		.word aaa +1 	@_tim16 +1      @ 21
  55 0098 57010000 		.word aaa +1         @_tim17 +1      @ 22
  56 009c 57010000 		.word aaa +1          @_i2c   +1     @ 23
  57 00a0 57010000 		.word aaa +1                         @ 24
  58 00a4 57010000 		.word aaa +1           @_spi   +1    @ 25
  59 00a8 57010000 		.word aaa +1                         @ 26
  60 00ac 57010000 		.word aaa +1         @_usart1 +1     @ 27
  61              	_start:
  62 00b0 72B6     		cpsid i
  63              	shizhong:
  64 00b2 294A     		ldr r2, = 0x40022000   @FLASH访问控制
  65 00b4 3221     		movs r1, # 0x32
  66 00b6 1160     		str r1, [r2]           @FLASH缓冲 缓冲开启
  67 00b8 2848     		ldr r0, = 0x40021000 @ rcc
  68 00ba 2949     		ldr r1, = 0x10001
  69 00bc 0160     		str r1, [r0]
  70              	denghse:
  71 00be 0168     		ldr r1, [r0]
  72 00c0 8903     		lsls r1, r1, # 14
  73 00c2 FCD5     		bpl denghse
  74              	dengpllguan:
  75 00c4 0168     		ldr r1, [r0]
  76 00c6 8901     		lsls r1, r1, # 6
  77 00c8 FCD4     		bmi dengpllguan
  78 00ca 2649     	        ldr r1, = 0x310002
  79 00cc 4160     	        str r1, [r0, # 0x04]
  80 00ce 2649     		ldr r1, = 0x1010000
  81 00d0 0160     		str r1, [r0]
  82              	dengpll:
  83 00d2 0168     		ldr r1, [r0]
  84 00d4 8901     		lsls r1, # 6
  85 00d6 FCD5     		bpl dengpll
  86              	_neicunqingling:
  87 00d8 2448     		ldr r0, = 0x20000000
  88 00da 0021     		movs r1, # 0
  89 00dc 244B     		ldr r3, = 0x1000
  90              	_neicunqinglingxunhuan:
  91 00de 043B     		subs r3, # 4
  92 00e0 C150     		str r1, [r0, r3]
  93 00e2 FCD1     		bne _neicunqinglingxunhuan
  94              	_waisheshizhong:			 @ 外设时钟
  95              		@+0x14=RCC_AHBENR
  96              		@0=DMA @2=SRAM @4=FLITF@6=CRC @17=PA @18=PB @19=PC @20=PD @22=PF
  97 00e4 1D48     		ldr r0, = 0x40021000
  98 00e6 2349     		ldr r1, = 0x460005
  99 00e8 4161     		str r1, [r0, # 0x14]
 100              	
 101              		@+0x18外设时钟使能寄存器 (RCC_APB2ENR)
 102              		@0=SYSCFG @5=USART6EN @9=ADC @11=TIM1 @12=SPI1 @14=USART1 @16=TIM15 @17=TIM16 @18=TIM17 @22=DBGMCU
 103 00ea 2349     		ldr r1, = 0xa00
 104 00ec 8161     		str r1, [r0, # 0x18]
 105              		@+0X1C=RCC_APB1ENR
 106              		@1=TIM3 @4=TIM6 @5=TIM7 @8=TIM14 @11=WWDG @14=SPI @17=USRT2 @18=USART3 @20=USART5 @21=I2C1
 107              		@22=I2C2 @23=USB @28=PWR
 108              	
ARM GAS  1.s 			page 3


 109              	io_she_zhi:
 110              		@@@@@@@@@@@@@@@@@@@@@@@@@@@@@@@@@@@@@@@@@@@@@@@@@@@@@@@@@@@@@@@@@@@@@@@@@@@@@@@@@@@@@@@@@@@@@@
 111              		@a(0x48000000)b(0x48000400)c(0x48000800)d(0x48000c00)f(0x48001400)
 112              		@ 输入（00），通用输出（01），复用功能（10），模拟（11）
 113              		@偏移0x4 = 端口输出类型 @ （0 推挽），（ 1 开漏）
 114              		@偏移0x8 = 输出速度  00低速， 01中速， 11高速
 115              		@偏移0xC = 上拉下拉 (00无上下拉，  01 上拉， 10下拉)
 116              		@偏移0x10 = 输入数据寄存器
 117              		@偏移0x14 = 输出数据寄存器
 118              		@偏移0x18 = 端口开  0-15置位
 119              		@偏移0x28 = 端口关
 120              		@0X20 = 复用低
 121              		@GPIO口0（0-3位）每个IO口占用4位
 122              		@ AF0 = 0X0000, AF1 = 0X0001, AF2 = 0X0010 AF3 = 0X0011, AF4 = 0X0100
 123              		@ AF5 = 0X0101, AF6 = 0X0111, AF7 = 0X1000
 124              		@0x24 = 复用高
 125              		@GPIO口8 （0-3位）每个IO口占用4位
 126              		@ AF0 = 0X0000, AF1 = 0X0001, AF2 = 0X0010 AF3 = 0X0011, AF4 = 0X0100
 127              		@ AF5 = 0X0101, AF6 = 0X0111, AF7 = 0X1000
 128              		@@@@@@@@@@@@@@@@@@@@@@@@@@@@@@@@@@@@@@@@@@@@@@@@@@@@@@@@@@@@@@@@@@@@@@@@@@@@@@@@@@@@@@@@@@@@@@
 129              	
 130              	_xiezhengxianbo:
 131 00ee 2348     	        ldr r0, = _zhengxianbiao
 132 00f0 1E4B     		ldr r3, = 0x20000000
 133 00f2 0022     		movs r2, # 0
 134 00f4 1026     		movs r6, # 16		@ 点数
 135 00f6 1746     		mov r7, r2
 136              	_xiezhengxianbiao:
 137 00f8 845C     		ldrb r4, [r0, r2]
 138 00fa 0132     		adds r2, r2, # 1
 139 00fc 1E25     		movs r5, # 30
 140 00fe 2D1B     		subs r5, r5, r4
 141              	_kai:
 142 0100 002C     		cmp r4, # 0
 143 0102 07D0     		beq _guan
 144 0104 1E49     		ldr r1, = 0x2218
 145 0106 D953     		strh r1, [r3, r7]
 146 0108 0237     		adds r7, r7, # 2
 147 010a 1E49     		ldr r1, = 0x5083
 148              	_kaixunhuan:
 149 010c D953     		strh r1, [r3, r7]
 150 010e 0237     		adds r7, r7, # 2
 151 0110 013C     		subs r4, r4, # 1
 152 0112 FBD1     		bne _kaixunhuan
 153              	_guan:
 154 0114 002D     		cmp r5, # 0
 155 0116 07D0     		beq _xiezhengxianbiaoxunhuan1
 156 0118 1B49     		ldr r1, = 0x2228
 157 011a D953     		strh r1, [r3, r7]
 158 011c 0237     		adds r7, r7, # 2
 159 011e 1949     		ldr r1, = 0x5083
 160              	_guanxunhuan:
 161 0120 D953     		strh r1, [r3, r7]
 162 0122 0237     		adds r7, r7, # 2
 163 0124 013D     		subs r5, r5, # 1
 164 0126 FBD1     		bne _guanxunhuan
 165              	_xiezhengxianbiaoxunhuan1:	
ARM GAS  1.s 			page 4


 166 0128 013E     		subs r6, r6, # 1
 167 012a E5D1     		bne _xiezhengxianbiao
 168 012c 1749     		ldr r1, = 0x2101
 169 012e 184A     		ldr r2, = 0x0749
 170 0130 184C     		ldr r4, = 0x468f
 171 0132 D953     		strh r1, [r3, r7]
 172 0134 0237     		adds r7, r7, # 2
 173 0136 DA53     		strh r2, [r3, r7]
 174 0138 0237     		adds r7, r7, # 2
 175 013a DC53     		strh r4, [r3, r7]
 176 013c 1648     		ldr r0, = 0x48000000
 177 013e 1749     		ldr r1, = 0x28040000
 178 0140 0160     		str r1, [r0]
 179 0142 0121     		movs r1, # 1
 180 0144 0B46     		mov r3, r1
 181 0146 5B02     		lsls r3, r3, # 9
 182 0148 4907     		lsls r1, r1, # 29
 183 014a 8F46     		mov pc, r1
 184              		
 185              	_nmi_handler:
 186 014c 7047     		bx lr
 187              	_hard_fault:
 188 014e 7047     		bx lr
 189              	_svc_handler:
 190 0150 7047     		bx lr
 191              	_pendsv_handler:
 192 0152 7047     		bx lr
 193              	_systickzhongduan:
 194 0154 7047     		bx lr
 195              	aaa:
 196 0156 70470020 		bx lr
 196      02400010 
 196      02400100 
 196      01000200 
 196      31000000 
ARM GAS  1.s 			page 5


DEFINED SYMBOLS
                 1.s:9      .data:0000000000000000 _zhengxianbiao
                 1.s:11     .data:0000000000000011 $d
                 1.s:12     .data:0000000000000014 _fanhui
                 1.s:14     *ABS*:0000000020001000 STACKINIT
                 1.s:16     .text:0000000000000000 vectors
                 1.s:61     .text:00000000000000b0 _start
                 1.s:185    .text:000000000000014c _nmi_handler
                 1.s:187    .text:000000000000014e _hard_fault
                 1.s:189    .text:0000000000000150 _svc_handler
                 1.s:191    .text:0000000000000152 _pendsv_handler
                 1.s:195    .text:0000000000000156 aaa
                            .text:0000000000000000 $d
                 1.s:62     .text:00000000000000b0 $t
                 1.s:63     .text:00000000000000b2 shizhong
                 1.s:70     .text:00000000000000be denghse
                 1.s:74     .text:00000000000000c4 dengpllguan
                 1.s:82     .text:00000000000000d2 dengpll
                 1.s:86     .text:00000000000000d8 _neicunqingling
                 1.s:90     .text:00000000000000de _neicunqinglingxunhuan
                 1.s:94     .text:00000000000000e4 _waisheshizhong
                 1.s:109    .text:00000000000000ee io_she_zhi
                 1.s:130    .text:00000000000000ee _xiezhengxianbo
                 1.s:136    .text:00000000000000f8 _xiezhengxianbiao
                 1.s:141    .text:0000000000000100 _kai
                 1.s:153    .text:0000000000000114 _guan
                 1.s:148    .text:000000000000010c _kaixunhuan
                 1.s:165    .text:0000000000000128 _xiezhengxianbiaoxunhuan1
                 1.s:160    .text:0000000000000120 _guanxunhuan
                 1.s:193    .text:0000000000000154 _systickzhongduan
                 1.s:196    .text:0000000000000158 $d

NO UNDEFINED SYMBOLS
