ARM GAS  1.s 			page 1


   1              		 .thumb                 
   2              	         .syntax unified
   3              	.section .data
   4              		.align 4
   5              		
   6 0000 88BEC494 	shumaguanmabiao: .byte 0x88,0xbe,0xc4,0x94,0xb2,0x91,0x81,0xbc,0x80,0x90
   6      B29181BC 
   6      8090
   7 000a 00FF45BA 	hongwaimabiao: .int 0xba45ff00,0xb946ff00,0xb847ff00,0xbb44ff00,0xbf40ff00,0xbc43ff00,0xf807ff00,0x
   7      00FF46B9 
   7      00FF47B8 
   7      00FF44BB 
   7      00FF40BF 
   8 005a 80010204 	shuaxinbiao: .byte 0x80,0x01,0x02,0x04,0x08,0x10,0x20,0x40,0x00
   8      08102040 
   8      00
   9 0063 2B020000 	caidian: .word zhucaidan +1,dd1 +1,dd2 +1,dd3 +1,dd4 +1,dd5 +1,dd6 +1,dd7 +1,dd8 +1,dd9 +1,dd10 +1,
   9      6F030000 
   9      7D020000 
   9      83020000 
   9      9D020000 
  10              		
  11 00db 00201D20 	yuefenbiao: .byte 0x00,0x20,0x1d,0x20,0x1f,0x20,0x1f,0x20,0x1f,0x20,0x1f,0x20,0x1f,0x20
  11      1F201F20 
  11      1F201F20 
  11      1F20
  12              	        	.equ STACKINIT,          0x20005000
  13              			.equ systickbiaozhi,     0x20000300
  14              	.section .text
  15              	xiangliangbiao:
  16 0000 00500020 		.word STACKINIT
  17 0004 0D010000 		.word _start + 1
  18 0008 9F040000 		.word _nmi_handler + 1
  19 000c A1040000 		.word _hard_fault  + 1
  20 0010 A3040000 		.word _memory_fault + 1
  21 0014 A5040000 		.word _bus_fault + 1
  22 0018 A7040000 		.word _usage_fault + 1
  23 001c 00000000 		.word 0
  24 0020 00000000 		.word 0
  25 0024 00000000 		.word 0
  26 0028 00000000 		.word 0
  27 002c 00000000 		.word 0
  28 0030 00000000 		.word 0
  29 0034 00000000 		.word 0
  30 0038 00000000 		.word 0
  31 003c A9040000 		.word systickdingshiqi +1
  32 0040 00000000 		.word	0 @WWDG  	0
  33 0044 00000000 		.word	0 @PVD  	1
  34 0048 00000000 		.word	0 @TAMPER	2
  35 004c 00000000 		.word	0 @RTC		3
  36 0050 00000000 		.word	0 @FLASH	4
  37 0054 00000000 		.word	0 @RCC		5
  38 0058 00000000 		.word	0 @EXTI0	6
  39 005c 00000000 		.word	0 @EXTI1	7
  40 0060 00000000 		.word	0 @EXTI2	8
  41 0064 00000000 		.word	0 @EXTI3	9
  42 0068 00000000 		.word	0 @EXTI4	10
ARM GAS  1.s 			page 2


  43 006c 00000000 		.word	0 @DMA11	11
  44 0070 00000000 		.word	0 @DMA12	12
  45 0074 00000000 		.word	0 @DMA13	13
  46 0078 00000000 		.word	0 @DMA14	14
  47 007c 00000000 		.word	0 @DMA15	15
  48 0080 00000000 		.word	0 @DMA16	16
  49 0084 00000000 		.word	0 @DMA17	17
  50 0088 00000000 		.word	0 @ADC1_2 	18
  51 008c 00000000 		.word	0 @USB_HP_CAN1_TX 19
  52 0090 00000000 		.word	0 @USB_LP_CAN1_RX0 20
  53 0094 00000000 		.word	0 @CAN1_RX1	21
  54 0098 00000000 		.word	0 @CAN1_SCE	22
  55 009c 00000000 		.word	0 @EXTI9_5	23
  56 00a0 00000000 		.word	0 @TIM1_BRK	24
  57 00a4 00000000 		.word	0 @TIM1_UP	25
  58 00a8 00000000 		.word	0 @TIM1_TRG_COM	26
  59 00ac 00000000 		.word	0 @TIM1_CC	27
  60 00b0 83050000 		.word	tim2dingshiqi +1  @TIM2 28
  61 00b4 00000000 		.word	0 @TIM3		29
  62 00b8 00000000 		.word	0 @TIM4		30
  63 00bc 00000000 		.word	0 @I2C1_EV	31
  64 00c0 00000000 		.word	0 @I2C1_ER	32
  65 00c4 00000000 		.word	0 @I2C2_EV	33
  66 00c8 00000000 		.word	0 @I2C2_ER	34
  67 00cc 00000000 		.word	0 @SPI1		35
  68 00d0 00000000 		.word	0 @SPI2		36
  69 00d4 00000000 		.word	0 @USART1	37
  70 00d8 00000000 		.word	0 @USART2	38
  71 00dc 00000000 		.word	0 @USART3	39
  72 00e0 00000000 		.word	0 @EXTI15_10	40
  73 00e4 00000000 		.word	0 @RTCAlarm_IRQ	41
  74 00e8 00000000 		.word	0 @USBWakeUp	42
  75 00ec 00000000 		.word	0	
  76 00f0 00000000 		.word	0	
  77 00f4 00000000 		.word	0
  78 00f8 00000000 		.word	0
  79 00fc 00000000 		.word	0
  80 0100 00000000 		.word	0
  81 0104 00000000 		.word	0
  82 0108 00000000 		.word	0 @BootRAM   
  83              	_start:
  84 010c DFF8C804 		ldr r0, = 0x40010004
  85 0110 4FF00071 		ldr r1, = 0x02000000
  86 0114 0160     		str r1, [r0]
  87              	
  88 0116 4160     		str r1, [r0, # 0x04]
  89 0118 DFF8C004 		ldr r0, = 0x40021000
  90 011c DFF8C014 		ldr r1, = 0x14D83
  91 0120 0160     		str r1, [r0]
  92              	gsszbz: 
  93 0122 0268     		ldr r2, [r0]
  94 0124 4FF40031 		ldr r1, = 0x20000
  95 0128 1142     		tst r1, r2           @HSE高速时钟标志位           
  96 012a 00D1     		bne rccchushihua
  97 012c F9E7     		b gsszbz
  98              	rccchushihua: 
  99 012e DFF8B404 		ldr r0, = 0x40022000
ARM GAS  1.s 			page 3


 100 0132 4FF03201 		mov r1, # 0x00000032
 101 0136 0160     		str r1, [r0]           @FLASH缓冲 缓冲开启 
 102 0138 DFF8AC04 		ldr r0, = 0x40021004
 103 013c DFF8AC14 		ldr r1, = 0x1D8400
 104 0140 0160     		str r1, [r0]
 105 0142 DFF89804 		ldr r0, = 0x40021000
 106 0146 DFF8A814 		ldr r1, = 0x1033D03
 107 014a 0160     		str r1, [r0]
 108              	chaxun:
 109 014c 0268     		ldr r2, [r0]
 110 014e 4FF00071 		ldr r1, = 0x2000000
 111 0152 1142     		tst r1, r2
 112 0154 00D1     		bne rccgg               @等待PLL稳定
 113 0156 F9E7     		b chaxun
 114              	rccgg:
 115 0158 DFF88C04 		ldr r0, = 0x40021004
 116 015c DFF89414 		ldr r1, = 0x1D8402
 117 0160 0160     		str r1, [r0]            @ PLL作为系统时钟
 118              	
 119 0162 DFF87404 		ldr r0, = 0x40010004
 120 0166 4FF00071 		ldr r1, = 0x02000000
 121 016a 0160     		str r1, [r0]
 122              	
 123              	neicunqingling:                  @ 无聊把内存清0
 124 016c 4FF00050 		ldr r0, = 0x20000000
 125 0170 44F6FF72 		ldr r2, = 0x4fff         @ 区域是0X4FFF大的地方
 126 0174 4FF00001 		mov r1, # 0              @ 写0
 127              	qingling_xunhuan:                
 128 0178 40F8041B 		str r1, [r0], 4         
 129 017c 013A     		subs r2, # 1
 130 017e FBD1     		bne qingling_xunhuan     @ 循环清0
 131              	
 132              	chushihuayixieshuju:	 @初始化一些数据
 133 0180 DFF87404 		ldr r0, = 0x200004fc
 134 0184 DFF87414 		ldr r1, = 0x2200a000
 135 0188 0160     		str r1, [r0]
 136 018a DFF87404 		ldr r0, = 0x2000001c
 137 018e 6FF07F41 		ldr r1, = 0xffffff
 138 0192 0160     		str r1, [r0]
 139 0194 DFF86C54 		ldr r5, = 0x20000024 @ 22000480
 140 0198 DFF86C14 		ldr r1, = 0x00110001
 141 019c 4FF00112 		ldr r2, = 0x00010001
 142 01a0 DFF86834 		ldr r3, = 0x00010101
 143 01a4 2960     		str r1, [r5]
 144 01a6 6A60     		str r2, [r5, # 4]
 145 01a8 AB60     		str r3, [r5, # 8]
 146              		
 147              	systick:
 148              		@0xe000e010 SYSTICK控制状态寄存器
 149              		@0=定时器使能
 150              		@1=（1倒数到0发出异常请，0无动作）
 151              		@2=（0外部始终1内核时钟）
 152              		@16= 如果赏赐读取本寄存器后SYSTICK已经数到0则该位为1如果读取该位则清0
 153              		@0xe000e014 重载值寄存器 数到0将要被重载的值
 154              		@0xe000e018 当前值，写清0
 155              		@0e000e01c
 156              		@0-23 10MS的时间内倒计数的格数
ARM GAS  1.s 			page 4


 157              		@ 30=(1教准不是准确的10MS)（0教准是准确的10MS）
 158 01aa DFF86404 		ldr r0, = 0xe000e010
 159 01ae 4FF00001 		mov r1, # 0               
 160 01b2 0160     		str r1, [r0]            @ 关掉SYSTICK
 161 01b4 42F22831 		ldr r1, = 9000      @ 重载数
 162 01b8 4160     		str r1, [r0, # 4]       @ 写进重载数
 163 01ba 8160     		str r1, [r0, # 8]       @ 清0当前数          
 164 01bc DFF85434 		ldr r3, = 0xe000ed23  @systick优先级
 165 01c0 4FF0F001 		mov r1, # 240
 166 01c4 1960     		str r1, [r3]
 167 01c6 4FF00301 		mov r1, # 3
 168 01ca 0160     		str r1, [r0] @ 开定时器
 169              		
 170              	waisheshizhong:
 171              	
 172              	
 173              		@APB2_ENR=0X40021018 0(AFIO)1(保留)2(PA)3(PB)4(PC)5(PD)6(PE)78(保留)
 174              		@9(ADC1)10(ADC2)11(TIM1)12(SPI1)13(保留)14（USART1）15(保留)
 175 01cc DFF84804 		        ldr r0, = 0x40021018 @ APB2_ENR
 176 01d0 3C21     		        ldr r1, = 0x3c
 177 01d2 0160     		        str r1, [r0]
 178              		@APB1_ENR=0X4002101C
 179              		@0=TIM2,1=TIM3,2=TIM4,3=TIM5,4=TIM6,5=TIM7,11=WWDG
 180              		@14=SP12,15=SP13,17=UART3,19=UART4,20=UART5
 181              		@21=I2C,22=I2C2,23=USB,25=CAN,27=BKPT,28=PWR,29=DACEN
 182 01d4 DFF84404 			ldr r0, = 0X4002101C @ APB1_ENR
 183 01d8 0121     			ldr r1, = 0x01
 184 01da 0160     			str r1, [r0]
 185              		
 186              	zhongduankongzhi:
 187              		@SETENA0=0XE000E100,SETENA1=0XE000E104 @中断使能
 188              		@CLRENA0=0XE000E180,CLRENA1=0XE000E184 @中断除能
 189              		@SETPEND0=0XE000E200,SETPPEND1=0XE000E204 @中断悬起
 190              		@CLRPEND0=0XE000E280,CLRPEND1=0XE000E284  @中断解悬
 191              		@ACTIVE0=0XE000E300,ACTIVE1=0XE000E304   @ 中断活动状态
 192              		@0XE000E400-0XE000E43C 中断优先级阵列每个占8位
 193              		@0XE000ED00=CPUID，0XE000ED04=中断控制及状态寄存器
 194              		@0xe000ed08=向量表偏移，0xe000ed0c=应用程序中断及复位
 195              		@0xe000ed10=系统控制，0XE000ED14=配置与控制
 196              		@0xe000ed18-0xe000ed23=系统异常优先级阵列
 197 01dc DFF84004 		ldr r0, = 0xe000ed0c
 198 01e0 DFF84014 		ldr r1, = 0x5fa0500
 199 01e4 0160     		str r1, [r0]
 200 01e6 DFF84004 		ldr r0, = 0xe000e400
 201 01ea 4FF0C001 		mov r1, # 0xc0
 202 01ee C161     		str r1, [r0, # 28]
 203 01f0 DFF83804 		ldr r0, = 0xe000e100 @ 中断使能
 204 01f4 4FF08051 		ldr r1, = 0x10000000
 205 01f8 0160     		str r1, [r0]
 206              		
 207              		
 208              		
 209              	timdingshiqi:
 210              		@tim1=0x40012c00
 211              		@+0=CR1 控制寄存器
 212              		@+4=CR2 控制寄存器2
 213              		@+8=SMCR 从模式控制寄存器
ARM GAS  1.s 			page 5


 214              		@+c=DIER 中断使能寄存器
 215              		@+10=SR 状态寄存器
 216              		@+14=EGR 事件产生寄存器
 217              		@+18=CCMR1 捕获/比较模式寄存器1
 218              		@+1C=CCMR2 捕获/比较模式寄存器2
 219              		@+20=CCER 捕获/比较使能寄存器
 220              		@+24=CNT 计数器
 221              		@+28=PSC 预分频器
 222              		@+2C=ARR 重载寄存器
 223              		@+30=RCR 重复计数寄存器
 224              		@+34=CCR1 捕获/比较寄存器1
 225              		@+38=CCR2 捕获/比较寄存器2
 226              		@+3C=CCR3 捕获/比较寄存器3
 227              		@+40=CCR4 捕获/比较寄存器4
 228              		@+44=BDTR 刹车/死区寄存器
 229              		@+48=DCR DMA控制器
 230              		@+4C=DMAR 连续模式的DMA地址
 231              		@TIM2=0x40000000
 232              	@18=CCMR1,18=OCMR1,1C=CCMR2,1C=OCMR2
 233              	@CNT与CCR比较占空，ARR与PSC决定频率。主频除以PSC=计数频率
 234 01fa 4FF08040 		ldr r0, = 0x40000000 @ tim2
 235 01fe 4FF43471 		ldr r1, = 720
 236 0202 8162     		str r1, [r0, # 0x28] @ 分频
 237 0204 6FF07F41 		ldr r1, = 0xffffff
 238 0208 C162     		str r1, [r0, # 0x2c] @ 重载
 239 020a 4FF00201 		mov r1, # 2
 240 020e C160     		str r1, [r0, # 0x0c] @开中断
 241 0210 4FF0F101 		mov r1, # 0xf1
 242 0214 8161     		str r1, [r0, # 0x18] @ 捕获/比较模式
 243 0216 4FF00301 		mov r1, # 3
 244 021a 0162     		str r1, [r0, # 0x20] @ 下降沿捕获
 245 021c 8121     		ldr r1, = 0x81
 246 021e 0160     		str r1, [r0]
 247              		
 248              	IOshezhi:
 249              		
 250 0220 DFF80C04 		ldr r0, = 0x40010c00
 251              		@PA=0x40010800 PB=0x40010c00 PC=0x40011000 
 252              		@PD=0x40011400 PE=0x40011800 PF=0x40011c00 
 253              		@ IO 1(通用推挽10M)2(通用推挽2M)3(通用推挽50M)
 254              		@4(浮空输入)5(通用开漏输出10M)6(通用开漏输出2M)
 255              		@7(通用开漏输出50M)8(上拉下拉输入)9(复用功能推挽输出10M)
 256              		@A(复用功能推挽输出2M)B(复用功能推挽输出50M)C(保留)
 257              		@D(复用功能开溜输出10M)E(复用功能开漏输出2M)F(复用功能开漏输出50M)
 258              		@ 偏移0X8=IDR 输入数据寄存器
 259              		@偏移0XC=ODR 输出数据寄存器
 260              		@偏移0X10=BSRR IO开
 261              		@偏移0X14=BRR  IO关
 262 0224 DFF80C14 		ldr r1, = 0x45554444
 263 0228 4160     		str r1, [r0, # 0x04]
 264              		
 265              	zhucaidan:
 266              	
 267 022a F948     		ldr r0, = 0xe000e010
 268 022c 4FF00001 		mov r1, # 0
 269 0230 0160     		str r1, [r0]
 270 0232 00F039F9 		bl systickdingshiqi
ARM GAS  1.s 			page 6


 271              		
 272 0236 00F008F9 		bl anjian
 273 023a FF48     		ldr r0, = 0x20000014
 274 023c 00F0BBF8 		bl zhuan_shijinzhi
 275 0240 5CF8040C 		ldr r0, [r12, # -4]
 276 0244 4FF00801 		mov r1, # 8
 277 0248 FC4A     		ldr r2, = 0x20000100
 278 024a 00F0D1F8 		bl zhuan_ascii
 279 024e FC48     		ldr r0, = 0x20000018
 280 0250 00F0B1F8 		bl zhuan_shijinzhi
 281 0254 5CF8040C 		ldr r0, [r12, # -4]
 282 0258 4FF00801 		mov r1, # 8
 283 025c F94A     		ldr r2, = 0x20000110
 284 025e 00F0C7F8 		bl zhuan_ascii
 285              		
 286 0262 4FF00800 		mov r0, # 8
 287 0266 00F002F9 		bl xieshumaguan
 288              		
 289 026a F74B     		ldr r3, = 0x200004f8
 290 026c 1868     		ldr r0, [r3]
 291 026e F749     		ldr r1, = caidian
 292 0270 D1F800E0 		ldr lr, [r1]
 293 0274 4FEA8000 		lsl r0, # 2
 294 0278 0A58     		ldr r2, [r1, r0]
 295 027a 9746     		mov pc, r2
 296              	dd2:
 297 027c 40F2011B 		ldr r11, = 0x101
 298 0280 7047     		bx lr
 299              	dd3:
 300 0282 2DE9FF47 		push {r0-r10,lr}
 301 0286 F24B     		ldr r3, = 0x20000020
 302 0288 1B68     		ldr r3, [r3]
 303 028a EB48     		ldr r0, = 0x20000014
 304 028c C15C     		ldrb r1, [r0, r3]
 305 028e 01F10101 		add r1, # 1
 306 0292 C154     		strb r1, [r0, r3]
 307              		
 308 0294 00F0D1F8 		bl qingchuanjian
 309              		
 310 0298 BDE8FF87 		pop {r0-r10,pc}
 311              	dd4:
 312 029c 2DE9FF47 		push {r0-r10,lr}
 313 02a0 EB4D     		ldr r5, = 0x20000020
 314 02a2 2C68     		ldr r4, [r5]
 315 02a4 04F10104 		add r4, # 1
 316 02a8 082C     		cmp r4, # 8
 317 02aa 08BF     		it eq
 318 02ac 0024     		moveq r4, # 0
 319 02ae 2C60     		str r4, [r5]
 320 02b0 00F0C3F8 		bl qingchuanjian
 321 02b4 40F2031B 		ldr r11, = 0x103
 322 02b8 BDE8FF87 		pop {r0-r10,pc}
 323              		
 324              	dd5:
 325 02bc 4FF4827B 		ldr r11, = 0x104
 326 02c0 7047     		bx lr
 327              	dd6:
ARM GAS  1.s 			page 7


 328 02c2 40F2051B 		ldr r11, = 0x105
 329 02c6 7047     		bx lr
 330              	dd7:
 331 02c8 4FF4837B 		ldr r11, = 0x106
 332 02cc 7047     		bx lr
 333              	dd8:
 334 02ce 40F2071B 		ldr r11, = 0x107
 335 02d2 7047     		bx lr
 336              	dd9:
 337 02d4 4FF4847B 		ldr r11, = 0x108
 338 02d8 7047     		bx lr
 339              	dd10:
 340 02da 40F2091B 		ldr r11, = 0x109
 341 02de 7047     		bx lr
 342              	dd11:
 343 02e0 4FF4887B 		ldr r11, = 0x110
 344 02e4 7047     		bx lr
 345              	dd12:
 346 02e6 40F2111B 		ldr r11, = 0x111
 347 02ea 7047     		bx lr
 348              	dd13:
 349 02ec 4FF4897B 		ldr r11, = 0x112
 350 02f0 7047     		bx lr
 351              	dd14:
 352 02f2 40F2131B 		ldr r11, = 0x113
 353 02f6 7047     		bx lr
 354              	dd15:
 355 02f8 4FF48A7B 		ldr r11, = 0x114
 356 02fc 7047     		bx lr
 357              	dd16:
 358 02fe 40F2151B 		ldr r11, = 0x115
 359 0302 7047     		bx lr
 360              	dd17:
 361 0304 4FF48B7B 		ldr r11, = 0x116
 362 0308 7047     		bx lr
 363              	dd18:
 364 030a 40F2171B 		ldr r11, = 0x117
 365 030e 7047     		bx lr
 366              	dd19:
 367 0310 4FF48C7B 		ldr r11, = 0x118
 368 0314 7047     		bx lr
 369              	dd20:
 370 0316 40F2191B 		ldr r11, = 0x119
 371 031a 7047     		bx lr
 372              	dd21:
 373 031c 4FF4907B 		ldr r11, = 0x120
 374 0320 7047     		bx lr
 375              	dd22:
 376 0322 40F2211B 		ldr r11, = 0x121
 377 0326 7047     		bx lr
 378              	dd23:
 379 0328 4FF4917B 		ldr r11, = 0x122
 380 032c 7047     		bx lr
 381              	dd24:
 382 032e 40F2231B 		ldr r11, = 0x123
 383 0332 7047     		bx lr
 384              	dd25:
ARM GAS  1.s 			page 8


 385 0334 4FF4927B 		ldr r11, = 0x124
 386 0338 7047     		bx lr
 387              	dd26:
 388 033a 40F2251B 		ldr r11, = 0x125
 389 033e 7047     		bx lr
 390              	dd27:
 391 0340 4FF4937B 		ldr r11, = 0x126
 392 0344 7047     		bx lr
 393              	dd28:
 394 0346 4FF00001 		mov r1, # 0
 395 034a C248     		ldr r0, = hongwaimabiao
 396 034c 50F82120 		ldr r2, [r0, r1, lsl # 2]
 397 0350 40F2271B 		ldr r11, = 0x127
 398 0354 F7E7     		b dd28
 399              		
 400 0356 7047     		bx lr
 401              	dd29:
 402 0358 4FF00001 		        mov r1, # 0
 403 035c BD48     		ldr r0, = hongwaimabiao
 404 035e 50F82120 		ldr r2, [r0, r1, lsl # 2]
 405 0362 40F2271B 		        ldr r11, = 0x127
 406 0366 EEE7     		b dd28
 407              		
 408 0368 4FF4947B 		ldr r11, = 0x128
 409 036c 7047     		bx lr
 410              		
 411              		
 412              	dd1:
 413 036e A848     		ldr r0, = 0xe000e010
 414 0370 4FF00301 		mov r1, # 3
 415 0374 0160     		str r1, [r0]
 416              		
 417              		
 418              	zhuye:
 419              	
 420              		
 421 0376 00F068F8 		bl anjian
 422 037a B34A     		ldr r2, = 0x200004f8
 423 037c 1278     		ldrb r2, [r2]
 424 037e 022A     		cmp r2, # 2
 425 0380 08BF     		it eq
 426 0382 52E7     		beq zhucaidan
 427 0384 AC48     		ldr r0, = 0x20000014
 428 0386 00F016F8 		bl zhuan_shijinzhi
 429 038a 5CF8040C 		ldr r0, [r12, # -4]
 430 038e 4FF00801 		mov r1, # 8
 431 0392 AA4A     		ldr r2, = 0x20000100
 432 0394 00F02CF8 		bl zhuan_ascii
 433              		
 434 0398 A948     		ldr r0, = 0x20000018
 435 039a 00F00CF8 		bl zhuan_shijinzhi
 436 039e 5CF8040C 		ldr r0, [r12, # -4]
 437 03a2 4FF00801 		mov r1, # 8
 438 03a6 A74A     		ldr r2, = 0x20000110
 439 03a8 00F022F8 		bl zhuan_ascii
 440              		
 441 03ac 4FF00800 		mov r0, # 8
ARM GAS  1.s 			page 9


 442 03b0 00F05DF8 		bl xieshumaguan
 443 03b4 DFE7     		b zhuye
 444              	
 445              	zhuan_shijinzhi:   @ R0=要转换的数的地址
 446 03b6 2DE9FF43 		push {r0-r9,lr}
 447 03ba EC46     		mov r12, sp
 448 03bc 81B0     		sub sp, # 0x04	
 449 03be 90F80080 		ldrb r8, [r0]
 450 03c2 4278     		ldrb r2, [r0, # 1]
 451 03c4 8378     		ldrb r3, [r0, # 2]
 452 03c6 C478     		ldrb r4, [r0, # 3]
 453 03c8 4FF06405 		mov r5, # 100
 454 03cc 02FB05F9 		mul r9, r2, r5
 455 03d0 42F21075 		movw r5, # 10000
 456 03d4 03FB05F7 		mul r7, r3, r5
 457 03d8 9F4D     		ldr r5, = 1000000
 458 03da 04FB05F6 		mul r6, r4, r5
 459 03de C844     		add r8, r8, r9
 460 03e0 07EB0802 		add r2, r7, r8
 461 03e4 02EB0601 		add r1, r2, r6
 462 03e8 0091     		str r1, [sp]
 463 03ea E546     		mov sp, r12
 464 03ec BDE8FF83 		pop {r0-r9,pc}
 465              	zhuan_ascii: @ 入口R0=数据 R1= 长度 R2=出口
 466 03f0 FFB5     		push {r0-r7,lr}
 467 03f2 9A4F     		ldr r7, = shumaguanmabiao
 468 03f4 4FF00A05 		mov r5, # 10
 469              	xunhuanqiuma:
 470 03f8 B0FBF5F4 		udiv r4, r0, r5
 471 03fc 04FB05F6 		mul r6, r4, r5
 472 0400 A0EB0603 		sub r3, r0, r6
 473 0404 FE5C     		ldrb r6, [r7, r3]
 474 0406 02F8016B 		strb r6, [r2], # 1
 475 040a 2046     		mov r0, r4
 476 040c 0139     		subs r1, # 1
 477 040e F3D1     		bne xunhuanqiuma
 478 0410 FFBD     		pop {r0-r7,pc}
 479              	xie595:    @ 入口0X20000000
 480              		
 481              		@74HC595 11=输入锁存 12=输出锁存 14=数据
 482 0412 3FB5     		push {r0-r5,lr}
 483 0414 9248     		ldr r0, = 0x422181b0 @ 位带地址  
 484 0416 4FF00101 		mov r1, # 1          @ 1
 485 041a 4FF00002 		mov r2, # 0          @ 0
 486 041e 4FF00853 		ldr r3, = 0x22000000 @ 0x20000000的位带
 487 0422 4FF01804 		mov r4, # 24         @ 写两个8位
 488              	xunhuan595:
 489 0426 8260     		str r2, [r0, # 0x08] @ 595_11 输入锁存
 490 0428 53F8045B 		ldr r5, [r3], # 4    @ 取出一位的数据
 491 042c 0560     		str r5, [r0]         @14脚输出数据
 492 042e 8160     		str r1, [r0, # 0x08] @ 锁存
 493 0430 013C     		subs r4, # 1         
 494 0432 F8D1     		bne xunhuan595       @循环16次
 495 0434 4260     		str r2, [r0, # 0x04] @ 12输出锁存
 496 0436 4160     		str r1, [r0, # 0x04] 
 497 0438 3FBD     		pop {r0-r5,pc}      @ 弹出各寄存器返回
 498              	qingchuanjian:
ARM GAS  1.s 			page 10


 499 043a 03B5     		push {r0-r1,lr}
 500 043c 8248     		ldr r0, = 0x200004f8
 501 043e 4FF00001 		mov r1, # 0
 502 0442 0160     		str r1, [r0]
 503 0444 8748     		ldr r0, = 0x20000500
 504 0446 0160     		str r1, [r0]
 505 0448 03BD     		pop {r0-r1,pc}
 506              	anjian:
 507 044a 2DE9FF5F 		push {r0-r12,lr}
 508 044e 854B     		ldr r3, = 0x20000500
 509 0450 804D     		ldr r5, = hongwaimabiao
 510 0452 4FF01D06 		mov r6, # 29
 511              	panduananjian:
 512 0456 55F8044B 		ldr r4, [r5], # 4
 513 045a 1A68     		ldr r2, [r3]
 514 045c A242     		cmp r2, r4
 515 045e 02D0     		beq anjianzhengque
 516 0460 013E     		subs r6, # 1
 517 0462 F8D1     		bne panduananjian
 518 0464 01E0     		b anjianfanhui
 519              	anjianzhengque:
 520 0466 784A     		ldr r2, = 0x200004f8
 521 0468 1660     		str r6, [r2]
 522              		
 523              	anjianfanhui:
 524 046a BDE8FF9F 		pop {r0-r12,pc}
 525              	xieshumaguan: @ r0位数
 526 046e 2DE9FF5F 		push {r0-r12,lr}
 527 0472 DFF8D091 		ldr r9, = 0x20000110
 528 0476 714F     		ldr r7, = 0x20000100
 529 0478 DFF8EC81 		ldr r8, = shuaxinbiao
 530 047c 4FF00056 		ldr r6, = 0x20000000
 531              	
 532              	xianshi:
 533 0480 18F8015B 		ldrb r5, [r8], # 1
 534 0484 17F8012B 		ldrb r2, [r7], # 1
 535 0488 19F8014B 		ldrb r4, [r9], # 1
 536 048c 7270     		strb r2, [r6, # 1]
 537 048e B470     		strb r4, [r6, # 2]
 538 0490 3570     		strb r5, [r6]
 539 0492 FFF7BEFF 		bl xie595
 540 0496 0138     		subs r0, # 1
 541 0498 F2D1     		bne xianshi
 542 049a BDE8FF9F 		pop {r0-r12,pc}
 543              		
 544              	_nmi_handler:
 545 049e 7047     		bx lr
 546              	_hard_fault:
 547 04a0 7047     		bx lr
 548              	_memory_fault:
 549 04a2 7047     		bx lr
 550              	_bus_fault:
 551 04a4 7047     		bx lr
 552              	_usage_fault:
 553 04a6 7047     	 	bx lr
 554              	systickdingshiqi:              @ SYSTICK定时期中断服务函数
 555 04a8 2DE9FF5F 		push {r0-r12,lr}
ARM GAS  1.s 			page 11


 556 04ac 6F48     		ldr r0, = 0xe00ed04
 557 04ae 4FF00071 		ldr r1, = 0x2000000 
 558 04b2 0160     		str r1, [r0]         @ 挂起SYSTICK
 559 04b4 6E4A     		ldr r2, = 0x20000010
 560 04b6 604C     		ldr r4, = 0x20000014
 561 04b8 6378     		ldrb r3, [r4, # 1]
 562 04ba A578     		ldrb r5, [r4, # 2]
 563 04bc E678     		ldrb r6, [r4, # 3]
 564 04be 94F80480 		ldrb r8, [r4, # 4]
 565 04c2 94F80590 		ldrb r9, [r4, # 5]
 566 04c6 94F806A0 		ldrb r10, [r4, # 6]
 567 04ca 94F807B0 		ldrb r11, [r4, # 7]
 568              		
 569 04ce 2778     		ldrb r7, [r4]
 570 04d0 1168     		ldr r1, [r2]
 571 04d2 4F48     		ldr r0, = 0xe000e010
 572 04d4 0068     		ldr r0, [r0]
 573 04d6 0028     		cmp r0, # 0
 574 04d8 01D0     		beq tiaoguojiajia
 575 04da 01F10101 		add r1, # 1
 576              	tiaoguojiajia:
 577 04de B1F57A7F 		cmp.w r1, # 1000
 578 04e2 24BF     		itt cs
 579 04e4 0021     		movcs r1, # 0
 580 04e6 0133     		addcs r3, # 1
 581 04e8 3C2B     		cmp r3 ,# 60
 582 04ea 24BF     		itt cs
 583 04ec 0023     		movcs r3, # 0
 584 04ee 0135     		addcs r5, # 1
 585 04f0 3C2D     		cmp r5, # 60
 586 04f2 24BF     		itt cs
 587 04f4 0025     		movcs r5, # 0
 588 04f6 0136     		addcs r6, # 1
 589 04f8 182E     		cmp r6, # 24
 590 04fa 22BF     		ittt cs
 591 04fc 0026     		movcs r6, # 0
 592 04fe 0137     		addcs r7, # 1
 593 0500 08F10108 		addcs r8, # 1
 594 0504 082F     		cmp r7, # 8
 595 0506 28BF     		it cs
 596 0508 0127     		movcs r7, # 1
 597 050a 5A48     		ldr r0, = 0x20000038
 598 050c DFF868C1 		ldr r12, = yuefenbiao
 599 0510 1CF80900 		ldrb r0, [r12, r9]
 600 0514 1D28     		cmp r0, # 0x1d
 601 0516 0CD1     		bne runnianbuchang
 602 0518 DFF860C1 		ldr r12, = 0x22000480
 603 051c 2DE90202 		push {r1, r9}
 604 0520 4FEA8909 		lsl r9, # 2
 605 0524 5CF80A10 		ldr r1, [r12, r10]
 606 0528 0129     		cmp r1, # 1
 607 052a 08BF     		it eq
 608 052c 0130     		addeq r0, # 1
 609 052e BDE80202 		pop {r1, r9}
 610              	runnianbuchang:	
 611 0532 8045     		cmp r8, r0
 612 0534 24BF     		itt cs
ARM GAS  1.s 			page 12


 613 0536 4FF00108 		movcs r8, # 1
 614 053a 09F10109 		addcs r9, # 1
 615 053e B9F10D0F 		cmp r9, # 13
 616 0542 24BF     		itt cs 
 617 0544 4FF00109 		movcs r9, # 1
 618 0548 0AF1010A 		addcs r10, # 1
 619 054c BAF1630F 		cmp r10, # 99
 620 0550 24BF     		itt cs
 621 0552 4FF0000A 		movcs r10, # 0
 622 0556 0BF1010B 		addcs r11, # 1
 623 055a BBF1630F 		cmp r11, # 99
 624 055e 28BF     		it cs
 625 0560 4FF0000B 		movcs r11, # 0
 626 0564 2770     		strb r7, [r4]
 627 0566 6370     		strb r3, [r4, # 1]
 628 0568 A570     		strb r5, [r4, # 2]
 629 056a E670     		strb r6, [r4, # 3]
 630 056c 84F80480 		strb r8, [r4, # 4]
 631 0570 84F80590 		strb r9, [r4, # 5]
 632 0574 84F806A0 		strb r10, [r4, # 6]
 633 0578 84F807B0 		strb r11, [r4, # 7]
 634 057c 1160     		str r1, [r2]
 635 057e BDE8FF9F 		pop {r0-r12,pc}
 636              	
 637              	tim2dingshiqi:
 638 0582 2DE9FF5F 		push {r0-r12,lr}
 639 0586 1C4A     		ldr r2, = 0x200004fc
 640 0588 3D48     		ldr r0, = 0x40000034
 641 058a 1368     		ldr r3, [r2]
 642 058c 0168     		ldr r1, [r0]  @ 读取时间
 643 058e B1F5604F 		cmp.w r1, # 0xe000
 644 0592 1AD8     		bhi tim2fanhui
 645 0594 B1F5805F 		cmp.w r1, # 0x1000
 646 0598 82BF     		ittt hi
 647 059a 184C     		ldrhi r4, = 0x2200a000
 648 059c 1460     		strhi r4, [r2]
 649 059e 14E0     		bhi tim2fanhui
 650              		
 651 05a0 FF29     		cmp r1, # 0xff
 652 05a2 81BF     		itttt hi
 653 05a4 12F80C5C 		ldrbhi r5, [r2, # - 0x0c]
 654 05a8 0135     		addhi r5, # 1
 655 05aa 02F80C5C 		strbhi r5, [r2, # - 0x0c]
 656 05ae 0CE0     		bhi tim2fanhui
 657 05b0 A029     		cmp r1, # 0xa0
 658 05b2 81BF     		itttt hi
 659 05b4 0126     		movhi r6, # 1
 660 05b6 43F8046B 		strhi r6, [r3], # 4
 661 05ba 1360     		strhi r3, [r2]
 662 05bc 05E0     		bhi tim2fanhui
 663              		
 664 05be 6029     		cmp r1, # 0x60
 665 05c0 82BF     		ittt hi
 666 05c2 0026     		movhi r6, # 0
 667 05c4 43F8046B 		strhi r6, [r3], # 4
 668 05c8 1360     		strhi r3, [r2]
 669              		
ARM GAS  1.s 			page 13


 670              	tim2fanhui:
 671 05ca 2E48     		ldr r0, = 0x40000024
 672 05cc 4FF00001 		mov r1,  # 0
 673 05d0 0160     		str r1, [r0]
 674 05d2 BDE8FF9F 		pop {r0-r12,pc}
 675 05d6 00000400 		
 675      01400010 
 675      0240834D 
 675      01000020 
 675      02400410 
ARM GAS  1.s 			page 14


DEFINED SYMBOLS
                 1.s:4      .data:00000000 $d
                 1.s:6      .data:00000000 shumaguanmabiao
                 1.s:7      .data:0000000a hongwaimabiao
                 1.s:8      .data:0000005a shuaxinbiao
                 1.s:9      .data:00000063 caidian
                 1.s:265    .text:0000022a zhucaidan
                 1.s:412    .text:0000036e dd1
                 1.s:296    .text:0000027c dd2
                 1.s:299    .text:00000282 dd3
                 1.s:311    .text:0000029c dd4
                 1.s:324    .text:000002bc dd5
                 1.s:327    .text:000002c2 dd6
                 1.s:330    .text:000002c8 dd7
                 1.s:333    .text:000002ce dd8
                 1.s:336    .text:000002d4 dd9
                 1.s:339    .text:000002da dd10
                 1.s:342    .text:000002e0 dd11
                 1.s:345    .text:000002e6 dd12
                 1.s:348    .text:000002ec dd13
                 1.s:351    .text:000002f2 dd14
                 1.s:354    .text:000002f8 dd15
                 1.s:357    .text:000002fe dd16
                 1.s:360    .text:00000304 dd17
                 1.s:363    .text:0000030a dd18
                 1.s:366    .text:00000310 dd19
                 1.s:369    .text:00000316 dd20
                 1.s:372    .text:0000031c dd21
                 1.s:375    .text:00000322 dd22
                 1.s:378    .text:00000328 dd23
                 1.s:381    .text:0000032e dd24
                 1.s:384    .text:00000334 dd25
                 1.s:387    .text:0000033a dd26
                 1.s:390    .text:00000340 dd27
                 1.s:393    .text:00000346 dd28
                 1.s:401    .text:00000358 dd29
                 1.s:11     .data:000000db yuefenbiao
                 1.s:12     *ABS*:20005000 STACKINIT
                 1.s:13     *ABS*:20000300 systickbiaozhi
                 1.s:15     .text:00000000 xiangliangbiao
                 1.s:83     .text:0000010c _start
                 1.s:544    .text:0000049e _nmi_handler
                 1.s:546    .text:000004a0 _hard_fault
                 1.s:548    .text:000004a2 _memory_fault
                 1.s:550    .text:000004a4 _bus_fault
                 1.s:552    .text:000004a6 _usage_fault
                 1.s:554    .text:000004a8 systickdingshiqi
                 1.s:637    .text:00000582 tim2dingshiqi
                            .text:00000000 $d
                 1.s:84     .text:0000010c $t
                 1.s:92     .text:00000122 gsszbz
                 1.s:98     .text:0000012e rccchushihua
                 1.s:108    .text:0000014c chaxun
                 1.s:114    .text:00000158 rccgg
                 1.s:123    .text:0000016c neicunqingling
                 1.s:127    .text:00000178 qingling_xunhuan
                 1.s:132    .text:00000180 chushihuayixieshuju
ARM GAS  1.s 			page 15


                 1.s:147    .text:000001aa systick
                 1.s:170    .text:000001cc waisheshizhong
                 1.s:186    .text:000001dc zhongduankongzhi
                 1.s:209    .text:000001fa timdingshiqi
                 1.s:248    .text:00000220 IOshezhi
                 1.s:506    .text:0000044a anjian
                 1.s:445    .text:000003b6 zhuan_shijinzhi
                 1.s:465    .text:000003f0 zhuan_ascii
                 1.s:525    .text:0000046e xieshumaguan
                 1.s:498    .text:0000043a qingchuanjian
                 1.s:418    .text:00000376 zhuye
                 1.s:469    .text:000003f8 xunhuanqiuma
                 1.s:479    .text:00000412 xie595
                 1.s:488    .text:00000426 xunhuan595
                 1.s:511    .text:00000456 panduananjian
                 1.s:519    .text:00000466 anjianzhengque
                 1.s:523    .text:0000046a anjianfanhui
                 1.s:532    .text:00000480 xianshi
                 1.s:576    .text:000004de tiaoguojiajia
                 1.s:610    .text:00000532 runnianbuchang
                 1.s:670    .text:000005ca tim2fanhui
                 1.s:675    .text:000005d6 $d
                 1.s:675    .text:000005d8 $d

NO UNDEFINED SYMBOLS
