ARM GAS  1.s 			page 1


   1              		 .thumb                 
   2              	         .syntax unified
   3              	.section .data
   4 0000 88BEC494 	shumaguanmabiao: .byte 0x88,0xbe,0xc4,0x94,0xb2,0x91,0x81,0xbc,0x80,0x90
   4      B29181BC 
   4      8090
   5 000a 08E743BC 	hongwaimabiao: .int 0xbc43e708,0xb847e708,0xbd42e708,0xbe41e708,0xbf40e708,0xb946e708,0xba45e708,0x
   5      08E747B8 
   5      08E742BD 
   5      08E741BE 
   5      08E740BF 
   6              	
   7 007e 80010204 	shuaxinbiao: .byte 0x80,0x01,0x02,0x04,0x08,0x10,0x20,0x40,0x00
   7      08102040 
   7      00
   8              		
   9              	        	.equ STACKINIT,          0x20005000
  10              			.equ systickbiaozhi,     0x20000300
  11              	.section .text
  12              	xiangliangbiao:
  13 0000 00500020 		.word STACKINIT
  14 0004 0D010000 		.word _start + 1
  15 0008 A9020000 		.word _nmi_handler + 1
  16 000c AB020000 		.word _hard_fault  + 1
  17 0010 AD020000 		.word _memory_fault + 1
  18 0014 AF020000 		.word _bus_fault + 1
  19 0018 B1020000 		.word _usage_fault + 1
  20 001c 00000000 		.word 0
  21 0020 00000000 		.word 0
  22 0024 00000000 		.word 0
  23 0028 00000000 		.word 0
  24 002c 00000000 		.word 0
  25 0030 00000000 		.word 0
  26 0034 00000000 		.word 0
  27 0038 00000000 		.word 0
  28 003c B3020000 		.word systickdingshiqi +1
  29 0040 00000000 		.word	0 @WWDG  	0
  30 0044 00000000 		.word	0 @PVD  	1
  31 0048 00000000 		.word	0 @TAMPER	2
  32 004c 00000000 		.word	0 @RTC		3
  33 0050 00000000 		.word	0 @FLASH	4
  34 0054 00000000 		.word	0 @RCC		5
  35 0058 00000000 		.word	0 @EXTI0	6
  36 005c 00000000 		.word	0 @EXTI1	7
  37 0060 00000000 		.word	0 @EXTI2	8
  38 0064 00000000 		.word	0 @EXTI3	9
  39 0068 00000000 		.word	0 @EXTI4	10
  40 006c 00000000 		.word	0 @DMA11	11
  41 0070 00000000 		.word	0 @DMA12	12
  42 0074 00000000 		.word	0 @DMA13	13
  43 0078 00000000 		.word	0 @DMA14	14
  44 007c 00000000 		.word	0 @DMA15	15
  45 0080 00000000 		.word	0 @DMA16	16
  46 0084 00000000 		.word	0 @DMA17	17
  47 0088 00000000 		.word	0 @ADC1_2 	18
  48 008c 00000000 		.word	0 @USB_HP_CAN1_TX 19
  49 0090 00000000 		.word	0 @USB_LP_CAN1_RX0 20
ARM GAS  1.s 			page 2


  50 0094 00000000 		.word	0 @CAN1_RX1	21
  51 0098 00000000 		.word	0 @CAN1_SCE	22
  52 009c 00000000 		.word	0 @EXTI9_5	23
  53 00a0 00000000 		.word	0 @TIM1_BRK	24
  54 00a4 00000000 		.word	0 @TIM1_UP	25
  55 00a8 00000000 		.word	0 @TIM1_TRG_COM	26
  56 00ac 00000000 		.word	0 @TIM1_CC	27
  57 00b0 E3020000 		.word	tim2dingshiqi +1  @TIM2 28
  58 00b4 00000000 		.word	0 @TIM3		29
  59 00b8 00000000 		.word	0 @TIM4		30
  60 00bc 00000000 		.word	0 @I2C1_EV	31
  61 00c0 00000000 		.word	0 @I2C1_ER	32
  62 00c4 00000000 		.word	0 @I2C2_EV	33
  63 00c8 00000000 		.word	0 @I2C2_ER	34
  64 00cc 00000000 		.word	0 @SPI1		35
  65 00d0 00000000 		.word	0 @SPI2		36
  66 00d4 00000000 		.word	0 @USART1	37
  67 00d8 00000000 		.word	0 @USART2	38
  68 00dc 00000000 		.word	0 @USART3	39
  69 00e0 00000000 		.word	0 @EXTI15_10	40
  70 00e4 00000000 		.word	0 @RTCAlarm_IRQ	41
  71 00e8 00000000 		.word	0 @USBWakeUp	42
  72 00ec 00000000 		.word	0	
  73 00f0 00000000 		.word	0	
  74 00f4 00000000 		.word	0
  75 00f8 00000000 		.word	0
  76 00fc 00000000 		.word	0
  77 0100 00000000 		.word	0
  78 0104 00000000 		.word	0
  79 0108 00000000 		.word	0 @BootRAM   
  80              	_start:
  81 010c 8648     		ldr r0, = 0x40010004
  82 010e 4FF00071 		ldr r1, = 0x02000000
  83 0112 0160     		str r1, [r0]
  84              	
  85 0114 4160     		str r1, [r0, # 0x04]
  86 0116 8548     		ldr r0, = 0x40021000
  87 0118 8549     		ldr r1, = 0x14D83
  88 011a 0160     		str r1, [r0]
  89              	gsszbz: 
  90 011c 0268     		ldr r2, [r0]
  91 011e 4FF40031 		ldr r1, = 0x20000
  92 0122 1142     		tst r1, r2           @HSE高速时钟标志位           
  93 0124 00D1     		bne rccchushihua
  94 0126 F9E7     		b gsszbz
  95              	rccchushihua: 
  96 0128 8248     		ldr r0, = 0x40022000
  97 012a 4FF03201 		mov r1, # 0x00000032
  98 012e 0160     		str r1, [r0]           @FLASH缓冲 缓冲开启 
  99 0130 8148     		ldr r0, = 0x40021004
 100 0132 8249     		ldr r1, = 0x1D8400
 101 0134 0160     		str r1, [r0]
 102 0136 7D48     		ldr r0, = 0x40021000
 103 0138 8149     		ldr r1, = 0x1033D03
 104 013a 0160     		str r1, [r0]
 105              	chaxun:
 106 013c 0268     		ldr r2, [r0]
ARM GAS  1.s 			page 3


 107 013e 4FF00071 		ldr r1, = 0x2000000
 108 0142 1142     		tst r1, r2
 109 0144 00D1     		bne rccgg               @等待PLL稳定
 110 0146 F9E7     		b chaxun
 111              	rccgg:
 112 0148 7B48     		ldr r0, = 0x40021004
 113 014a 7E49     		ldr r1, = 0x1D8402
 114 014c 0160     		str r1, [r0]            @ PLL作为系统时钟
 115              	
 116 014e 7648     		ldr r0, = 0x40010004
 117 0150 4FF00071 		ldr r1, = 0x02000000
 118 0154 0160     		str r1, [r0]
 119              	
 120              	neicunqingling:                  @ 无聊把内存清0
 121 0156 4FF00050 		ldr r0, = 0x20000000
 122 015a 44F6FF72 		ldr r2, = 0x4fff         @ 区域是0X4FFF大的地方
 123 015e 4FF00001 		mov r1, # 0              @ 写0
 124              	qingling_xunhuan:                
 125 0162 40F8041B 		str r1, [r0], 4         
 126 0166 013A     		subs r2, # 1
 127 0168 FBD1     		bne qingling_xunhuan     @ 循环清0
 128              	
 129              	chushihuayixieshuju:	 @初始化一些数据
 130 016a 7748     		ldr r0, = 0x200004fc
 131 016c 0021     		ldr r1, = 0x00
 132 016e 0160     		str r1, [r0]
 133 0170 0160     		str r1, [r0]
 134 0172 4FF00000 		mov r0, # 0
 135 0176 0146     		mov r1, r0
 136 0178 0246     		mov r2, r0
 137 017a 0346     		mov r3, r0
 138 017c 0446     		mov r4, r0
 139 017e 0546     		mov r5, r0
 140 0180 0646     		mov r6, r0
 141 0182 0746     		mov r7, r0
 142 0184 8046     		mov r8, r0
 143 0186 8146     		mov r9, r0
 144 0188 8246     		mov r10, r0
 145 018a 8346     		mov r11, r0
 146 018c 8446     		mov r12, r0
 147              		
 148              		
 149              	systick:
 150              		@0xe000e010 SYSTICK控制状态寄存器
 151              		@0=定时器使能
 152              		@1=（1倒数到0发出异常请，0无动作）
 153              		@2=（0外部始终1内核时钟）
 154              		@16= 如果赏赐读取本寄存器后SYSTICK已经数到0则该位为1如果读取该位则清0
 155              		@0xe000e014 重载值寄存器 数到0将要被重载的值
 156              		@0xe000e018 当前值，写清0
 157              		@0e000e01c
 158              		@0-23 10MS的时间内倒计数的格数
 159              		@ 30=(1教准不是准确的10MS)（0教准是准确的10MS）
 160 018e 6F48     		ldr r0, = 0xe000e010
 161 0190 4FF00001 		mov r1, # 0               
 162 0194 0160     		str r1, [r0]            @ 关掉SYSTICK
 163 0196 42F22831 		ldr r1, = 9000      @ 重载数
ARM GAS  1.s 			page 4


 164 019a 4160     		str r1, [r0, # 4]       @ 写进重载数
 165 019c 8160     		str r1, [r0, # 8]       @ 清0当前数          
 166 019e 6C4B     		ldr r3, = 0xe000ed23  @systick优先级
 167 01a0 4FF0F001 		mov r1, # 240
 168 01a4 1960     		str r1, [r3]
 169 01a6 4FF00301 		mov r1, # 3
 170 01aa 0160     		str r1, [r0] @ 开定时器
 171              		
 172              	waisheshizhong:
 173              	
 174              	
 175              		@APB2_ENR=0X40021018 0(AFIO)1(保留)2(PA)3(PB)4(PC)5(PD)6(PE)78(保留)
 176              		@9(ADC1)10(ADC2)11(TIM1)12(SPI1)13(保留)14（USART1）15(保留)
 177 01ac 6948     		        ldr r0, = 0x40021018 @ APB2_ENR
 178 01ae 3C21     		        ldr r1, = 0x3c
 179 01b0 0160     		        str r1, [r0]
 180              		@APB1_ENR=0X4002101C
 181              		@0=TIM2,1=TIM3,2=TIM4,3=TIM5,4=TIM6,5=TIM7,11=WWDG
 182              		@14=SP12,15=SP13,17=UART3,19=UART4,20=UART5
 183              		@21=I2C,22=I2C2,23=USB,25=CAN,27=BKPT,28=PWR,29=DACEN
 184 01b2 6948     			ldr r0, = 0X4002101C @ APB1_ENR
 185 01b4 0121     			ldr r1, = 0x01
 186 01b6 0160     			str r1, [r0]
 187              		
 188              	zhongduankongzhi:
 189              		@SETENA0=0XE000E100,SETENA1=0XE000E104 @中断使能
 190              		@CLRENA0=0XE000E180,CLRENA1=0XE000E184 @中断除能
 191              		@SETPEND0=0XE000E200,SETPPEND1=0XE000E204 @中断悬起
 192              		@CLRPEND0=0XE000E280,CLRPEND1=0XE000E284  @中断解悬
 193              		@ACTIVE0=0XE000E300,ACTIVE1=0XE000E304   @ 中断活动状态
 194              		@0XE000E400-0XE000E43C 中断优先级阵列每个占8位
 195              		@0XE000ED00=CPUID，0XE000ED04=中断控制及状态寄存器
 196              		@0xe000ed08=向量表偏移，0xe000ed0c=应用程序中断及复位
 197              		@0xe000ed10=系统控制，0XE000ED14=配置与控制
 198              		@0xe000ed18-0xe000ed23=系统异常优先级阵列
 199 01b8 6848     		ldr r0, = 0xe000ed0c
 200 01ba 6949     		ldr r1, = 0x5fa0500
 201 01bc 0160     		str r1, [r0]
 202 01be 6948     		ldr r0, = 0xe000e400
 203 01c0 4FF0C001 		mov r1, # 0xc0
 204 01c4 C161     		str r1, [r0, # 28]
 205 01c6 6848     		ldr r0, = 0xe000e100 @ 中断使能
 206 01c8 4FF08051 		ldr r1, = 0x10000000
 207 01cc 0160     		str r1, [r0]
 208              		
 209              		
 210              		
 211              	timdingshiqi:
 212              		@tim1=0x40012c00
 213              		@+0=CR1 控制寄存器
 214              		@+4=CR2 控制寄存器2
 215              		@+8=SMCR 从模式控制寄存器
 216              		@+c=DIER 中断使能寄存器
 217              		@+10=SR 状态寄存器
 218              		@+14=EGR 事件产生寄存器
 219              		@+18=CCMR1 捕获/比较模式寄存器1
 220              		@+1C=CCMR2 捕获/比较模式寄存器2
ARM GAS  1.s 			page 5


 221              		@+20=CCER 捕获/比较使能寄存器
 222              		@+24=CNT 计数器
 223              		@+28=PSC 预分频器
 224              		@+2C=ARR 重载寄存器
 225              		@+30=RCR 重复计数寄存器
 226              		@+34=CCR1 捕获/比较寄存器1
 227              		@+38=CCR2 捕获/比较寄存器2
 228              		@+3C=CCR3 捕获/比较寄存器3
 229              		@+40=CCR4 捕获/比较寄存器4
 230              		@+44=BDTR 刹车/死区寄存器
 231              		@+48=DCR DMA控制器
 232              		@+4C=DMAR 连续模式的DMA地址
 233              		@TIM2=0x40000000
 234              	@18=CCMR1,18=OCMR1,1C=CCMR2,1C=OCMR2
 235              	@CNT与CCR比较占空，ARR与PSC决定频率。主频除以PSC=计数频率
 236 01ce 4FF08040 		ldr r0, = 0x40000000 @ tim2
 237 01d2 4FF43471 		ldr r1, = 720
 238 01d6 8162     		str r1, [r0, # 0x28] @ 分频
 239 01d8 6FF07F41 		ldr r1, = 0xffffff
 240 01dc C162     		str r1, [r0, # 0x2c] @ 重载
 241 01de 4FF00201 		mov r1, # 2
 242 01e2 C160     		str r1, [r0, # 0x0c] @开中断
 243 01e4 4FF0F101 		mov r1, # 0xf1
 244 01e8 8161     		str r1, [r0, # 0x18] @ 捕获/比较模式
 245 01ea 4FF00301 		mov r1, # 3
 246 01ee 0162     		str r1, [r0, # 0x20] @ 下降沿捕获
 247 01f0 8121     		ldr r1, = 0x81
 248 01f2 0160     		str r1, [r0]
 249              		
 250              	IOshezhi:
 251              		
 252 01f4 5D48     		ldr r0, = 0x40010c00
 253              		@PA=0x40010800 PB=0x40010c00 PC=0x40011000 
 254              		@PD=0x40011400 PE=0x40011800 PF=0x40011c00 
 255              		@ IO 1(通用推挽10M)2(通用推挽2M)3(通用推挽50M)
 256              		@4(浮空输入)5(通用开漏输出10M)6(通用开漏输出2M)
 257              		@7(通用开漏输出50M)8(上拉下拉输入)9(复用功能推挽输出10M)
 258              		@A(复用功能推挽输出2M)B(复用功能推挽输出50M)C(保留)
 259              		@D(复用功能开溜输出10M)E(复用功能开漏输出2M)F(复用功能开漏输出50M)
 260              		@ 偏移0X8=IDR 输入数据寄存器
 261              		@偏移0XC=ODR 输出数据寄存器
 262              		@偏移0X10=BSRR IO开
 263              		@偏移0X14=BRR  IO关
 264 01f6 5E49     		ldr r1, = 0x45554444
 265 01f8 4160     		str r1, [r0, # 0x04]
 266              	zhuchengxu:
 267 01fa 4FF00E00 		mov r0, 14
 268 01fe 4FF00201 		mov r1, # 2
 269 0202 00F014F8 		bl zhuan_ascii
 270 0206 5B48     		ldr r0, = 0x20000004
 271 0208 DFF86C81 		ldr r8, = shuaxinbiao
 272 020c 4FF00209 		mov r9, # 2
 273              	xianshi:
 274 0210 58F8015B 		ldr r5, [r8], # 1
 275 0214 4FF00056 		ldr r6, = 0x20000000
 276 0218 10F8012B 		ldrb r2, [r0], # 1
 277 021c 7270     		strb r2, [r6, # 1]
ARM GAS  1.s 			page 6


 278 021e B270     		strb r2, [r6, # 2]
 279 0220 3570     		strb r5, [r6]
 280 0222 00F019F8 		bl xie595
 281 0226 B9F10109 		subs r9, # 1
 282 022a F1D1     		bne xianshi
 283 022c E5E7     		b zhuchengxu
 284              	zhuan_ascii: @ 入口R0=数据 R1= 长度
 285 022e FFB5     		push {r0-r7,lr}
 286 0230 EC46     		mov r12, sp
 287 0232 524A     		ldr r2, = shumaguanmabiao
 288 0234 83B0     		sub sp, sp, # 0x0c
 289 0236 4F4F     		ldr r7, = 0x20000004
 290 0238 4FF00A05 		mov r5, # 10
 291              	xunhuanqiuma:
 292 023c B0FBF5F4 		udiv r4, r0, r5
 293 0240 04FB05F6 		mul r6, r4, r5
 294 0244 A0EB0603 		sub r3, r0, r6
 295 0248 D65C     		ldrb r6, [r2, r3]
 296 024a 07F8016B 		strb r6, [r7], # 1
 297 024e 2046     		mov r0, r4
 298 0250 0139     		subs r1, # 1
 299 0252 F3D1     		bne xunhuanqiuma
 300 0254 E546     		mov sp, r12
 301 0256 FFBD     		pop {r0-r7,pc}
 302              	xie595:    @ 入口0X20000000
 303              		
 304              		@74HC595 11=输入锁存 12=输出锁存 14=数据
 305 0258 3FB5     		push {r0-r5,lr}
 306 025a EC46     		mov r12, sp          @把SP指针保存到R12
 307 025c 4848     		ldr r0, = 0x422181b0 @ 位带地址  
 308 025e 4FF00101 		mov r1, # 1          @ 1
 309 0262 4FF00002 		mov r2, # 0          @ 0
 310 0266 4FF00853 		ldr r3, = 0x22000000 @ 0x20000000的位带
 311 026a 4FF01804 		mov r4, # 24         @ 写两个8位
 312              	xunhuan595:
 313 026e 8260     		str r2, [r0, # 0x08] @ 595_11 输入锁存
 314 0270 53F8045B 		ldr r5, [r3], # 4    @ 取出一位的数据
 315 0274 0560     		str r5, [r0]         @14脚输出数据
 316 0276 8160     		str r1, [r0, # 0x08] @ 锁存
 317 0278 013C     		subs r4, # 1         
 318 027a F8D1     		bne xunhuan595       @循环16次
 319 027c 4260     		str r2, [r0, # 0x04] @ 12输出锁存
 320 027e 4160     		str r1, [r0, # 0x04] 
 321 0280 E546     		mov sp, r12          @ 恢复指针
 322 0282 3FBD     		pop {r0-r5,pc}      @ 弹出各寄存器返回
 323              	anjian:
 324 0284 7FB5     		push {r0-r6,lr}
 325 0286 EC46     		mov r12, sp
 326 0288 3E4B     		ldr r3, = 0x20000500
 327 028a 3F4D     		ldr r5, = hongwaimabiao
 328 028c 4FF01D06 		mov r6, # 29
 329              	panduananjian:
 330 0290 55F8044B 		ldr r4, [r5], # 4
 331 0294 1A68     		ldr r2, [r3]
 332 0296 A242     		cmp r2, r4
 333 0298 02D0     		beq anjianzhengque
 334 029a 013E     		subs r6, # 1
ARM GAS  1.s 			page 7


 335 029c F8D1     		bne panduananjian
 336 029e 01E0     		b anjianfanhui
 337              	anjianzhengque:
 338 02a0 3A4A     		ldr r2, = 0x200004f8
 339 02a2 1660     		str r6, [r2]
 340              		
 341              	anjianfanhui:
 342 02a4 E546     		mov sp, r12
 343 02a6 7FBD     		pop {r0-r6,pc}
 344              	_nmi_handler:
 345 02a8 7047     		bx lr
 346              	_hard_fault:
 347 02aa 7047     		bx lr
 348              	_memory_fault:
 349 02ac 7047     		bx lr
 350              	_bus_fault:
 351 02ae 7047     		bx lr
 352              	_usage_fault:
 353 02b0 7047     	 	bx lr
 354              	systickdingshiqi:              @ SYSTICK定时期中断服务函数
 355 02b2 7FB5     		push {r0-r6,lr}
 356 02b4 EC46     		mov r12, sp
 357 02b6 3648     		ldr r0, = 0xe00ed04
 358 02b8 4FF00071 		ldr r1, = 0x2000000 
 359 02bc 0160     		str r1, [r0]         @ 挂起SYSTICK
 360 02be 354A     		ldr r2, = 0x20000010
 361 02c0 354C     		ldr r4, = 0x20000014
 362 02c2 2368     		ldr r3, [r4]
 363 02c4 1168     		ldr r1, [r2]
 364 02c6 01F10101 		add r1, # 1
 365 02ca B1F57A7F 		cmp.w r1, # 1000
 366 02ce 04BF     		itt eq
 367 02d0 0021     		moveq r1, # 0
 368 02d2 0133     		addeq r3, # 1
 369 02d4 3C2B     		cmp r3 ,# 60
 370 02d6 08BF     		it eq
 371 02d8 0023     		moveq r3, # 0
 372 02da 2360     		str r3, [r4]
 373 02dc 1160     		str r1, [r2]
 374              		
 375 02de E546     		mov sp, r12              @恢复指针
 376 02e0 7FBD     		pop {r0-r6,pc}
 377              	
 378              	
 379              	tim2dingshiqi:
 380 02e2 FFB5     		push {r0-r7,lr}
 381 02e4 EC46     		mov r12, sp
 382 02e6 2D48     		ldr r0, = 0x40000034 @ ccr1
 383 02e8 0268     		ldr r2, [r0] @duqushijian
 384 02ea FF2A     		cmp r2, # 0xff
 385 02ec 15D8     		bhi  tim2fanhui
 386 02ee A02A     		cmp r2, # 0xa0
 387 02f0 02D8     		bhi hongwai1
 388 02f2 602A     		cmp r2, # 0x60
 389 02f4 03D8     		bhi hongwai0
 390 02f6 10E0     		b tim2fanhui
 391              	hongwai1:
ARM GAS  1.s 			page 8


 392 02f8 4FF00104 		mov r4, # 1
 393 02fc 02E0     		b ddd1
 394              	hongwai0:
 395 02fe 4FF00004 		mov r4, # 0
 396 0302 FFE7     		b ddd1
 397              	hongwaijia:
 398              	ddd1:
 399 0304 1049     		ldr r1, = 0x200004fc
 400 0306 0B68     		ldr r3, [r1]
 401 0308 2548     		ldr r0, = 0x2200a000
 402 030a C450     		str r4, [r0, r3]
 403 030c 03F10403 		add r3, r3, # 4
 404 0310 7C2B     		cmp r3, # 124
 405 0312 01D9     		bls cccc1
 406 0314 4FF00003 		mov r3, # 0
 407              	cccc1:	
 408 0318 0B60     		str r3, [r1]
 409              		
 410              	tim2fanhui:
 411 031a 2248     		ldr r0, = 0x40000024
 412 031c 4FF00003 		mov r3, # 0
 413 0320 0360     		str r3, [r0]
 414 0322 E546     		mov sp, r12
 415 0324 FFBD0000 		pop {r0-r7,pc}
 415      04000140 
 415      00100240 
 415      834D0100 
 415      00200240 
ARM GAS  1.s 			page 9


DEFINED SYMBOLS
                 1.s:4      .data:00000000 shumaguanmabiao
                 1.s:5      .data:0000000a hongwaimabiao
                 1.s:7      .data:0000007e shuaxinbiao
                 1.s:9      *ABS*:20005000 STACKINIT
                 1.s:10     *ABS*:20000300 systickbiaozhi
                 1.s:12     .text:00000000 xiangliangbiao
                 1.s:80     .text:0000010c _start
                 1.s:344    .text:000002a8 _nmi_handler
                 1.s:346    .text:000002aa _hard_fault
                 1.s:348    .text:000002ac _memory_fault
                 1.s:350    .text:000002ae _bus_fault
                 1.s:352    .text:000002b0 _usage_fault
                 1.s:354    .text:000002b2 systickdingshiqi
                 1.s:379    .text:000002e2 tim2dingshiqi
                            .text:00000000 $d
                 1.s:81     .text:0000010c $t
                 1.s:89     .text:0000011c gsszbz
                 1.s:95     .text:00000128 rccchushihua
                 1.s:105    .text:0000013c chaxun
                 1.s:111    .text:00000148 rccgg
                 1.s:120    .text:00000156 neicunqingling
                 1.s:124    .text:00000162 qingling_xunhuan
                 1.s:129    .text:0000016a chushihuayixieshuju
                 1.s:149    .text:0000018e systick
                 1.s:172    .text:000001ac waisheshizhong
                 1.s:188    .text:000001b8 zhongduankongzhi
                 1.s:211    .text:000001ce timdingshiqi
                 1.s:250    .text:000001f4 IOshezhi
                 1.s:266    .text:000001fa zhuchengxu
                 1.s:284    .text:0000022e zhuan_ascii
                 1.s:273    .text:00000210 xianshi
                 1.s:302    .text:00000258 xie595
                 1.s:291    .text:0000023c xunhuanqiuma
                 1.s:312    .text:0000026e xunhuan595
                 1.s:323    .text:00000284 anjian
                 1.s:329    .text:00000290 panduananjian
                 1.s:337    .text:000002a0 anjianzhengque
                 1.s:341    .text:000002a4 anjianfanhui
                 1.s:410    .text:0000031a tim2fanhui
                 1.s:391    .text:000002f8 hongwai1
                 1.s:394    .text:000002fe hongwai0
                 1.s:398    .text:00000304 ddd1
                 1.s:397    .text:00000304 hongwaijia
                 1.s:407    .text:00000318 cccc1
                 1.s:415    .text:00000326 $d
                 1.s:415    .text:00000328 $d

NO UNDEFINED SYMBOLS
