ARM GAS  1.s 			page 1


   1              	@ stm32f030f4p6 asm 
   2              	@ 温度控制
   3              		 .thumb                 
   4              	         .syntax unified
   5              	.section .data
   6              		.equ duizhanding,       0x20001000
   7              		.equ dqrwyxj,           0x20000044 @ 当前任务优先级
   8              		.equ xtzgyxj,           0x20000048 @ 系统里最高优先级
   9              		.equ dangqian,          0x2000004c @  当前TCB任务控制块指针
  10              		.equ dengyunxing,       0x20000050 @ 待运行TCB任务控制块指针
  11              		.equ jiuxubiao,         0x20000054 @ 就绪查找表8个任务
  12              		 @ 保留0X20
  13              		.equ renwubiao,         0x20000074 @ 任务控制块指针表
  14              		@保留0x20
  15              		.equ renwukongzhikuai,  0x20000094 @ 任务控制块起始地址
  16              		@每个控制块两个数据，+0堆栈顶，+4任务时间
  17              		@保留 0x40
  18              		.equ renwuduizhan,	0x200000d4 @ 任务堆栈
  19              		@每个占用16个32位=0X40，8个就是0x200
  20              		@保留 0X200
  21              		.equ ddd, 0x200002d4
  22              		
  23              	.section .text
  24              	vectors:          @向量表
  25 0000 00100020 	        .word duizhanding                     
  26 0004 41000000 	        .word _start + 1             @复位向量
  27 0008 95000000 	        .word _nmi_handler + 1  
  28 000c 97000000 	        .word _hard_fault  + 1  
  29 0010 00000000 	        .word 0 
  30 0014 00000000 	        .word 0    
  31 0018 00000000 	        .word 0
  32 001c 00000000 		.word 0
  33 0020 00000000 		.word 0
  34 0024 00000000 		.word 0
  35 0028 00000000 		.word 0
  36 002c 99000000 		.word _svc + 1
  37 0030 00000000 		.word 0
  38 0034 00000000 		.word 0
  39 0038 9B000000 		.word _pendsvzhongduan + 1
  40 003c C3000000 		.word _systickzhongduan + 1
  41              		
  42              		
  43              	
  44              	_start:
  45              	_shizhong:                     @时钟设置
  46 0040 204A     		ldr r2, = 0x40022000   @FLASH访问控制
  47 0042 3221     		movs r1, # 0x32
  48 0044 1160     		str r1, [r2]
  49 0046 2048     		ldr r0, = 0x40021000 @ rcc
  50              		@0x34时钟控制寄存器 2 (RCC_CR2)
  51 0048 0121     		movs r1, # 0x01
  52 004a 4163     		str r1, [r0, # 0x34]  @ HSI开14M时钟
  53              	
  54              	_neicunqingling:
  55 004c 4FF00050 		ldr r0, = 0x20000000
  56 0050 0021     		movs r1, # 0
  57 0052 4FF48053 		ldr r3, = 0x1000
ARM GAS  1.s 			page 2


  58              	_neicunqinglingxunhuan:
  59 0056 043B     		subs r3, # 4
  60 0058 C150     		str r1, [r0, r3]
  61 005a FCD1     		bne _neicunqinglingxunhuan
  62              	
  63              	_systick:
  64              		@ 0xe000ed20 30-31 youxianji
  65 005c 1B48     		ldr r0, = 0xe000e010
  66 005e 42F21071 		ldr r1, = 10000    
  67 0062 4160     		str r1, [r0, # 4]
  68 0064 8160     		str r1, [r0, # 8]
  69              		@movs r1, # 0x07
  70              		@str r1, [r0]
  71              	
  72 0066 0020     		movs r0, # 0
  73 0068 80F30988 		msr psp, r0
  74              	
  75 006c 1848     		ldr r0, = renwuduizhan
  76 006e 1949     		ldr r1, = _kongxianrenwu
  77 0070 4162     		str r1, [r0, # 0x24]
  78 0072 8162     		str r1, [r0, # 0x28]
  79 0074 4FF08071 		ldr r1, = 0x01000000
  80 0078 C162     		str r1, [r0, # 0x2c]
  81 007a 1021     		movs r1, # 0x10
  82 007c 0046     		mov r0, r0
  83              		
  84 007e 1649     		ldr r1, = renwukongzhikuai
  85 0080 0860     		str r0, [r1]
  86              	
  87 0082 1648     		ldr r0, = renwubiao
  88 0084 0160     		str r1, [r0]
  89              	
  90 0086 1649     		ldr r1, = dengyunxing
  91 0088 0860     		str r0, [r1]
  92              		
  93              		
  94              		
  95              		
  96              	_kongxianrenwu:
  97              		
  98 008a 1648     		ldr r0, = 0xe000ed04
  99 008c 4FF08051 		ldr r1, = 0x10000000
 100 0090 0160     		str r1, [r0]
 101 0092 FAE7     		b _kongxianrenwu
 102              		
 103              	_nmi_handler:
 104 0094 7047     		bx lr
 105              	_hard_fault:
 106 0096 7047     		bx lr
 107              	_svc:
 108 0098 7047     		bx lr
 109              	_pendsvzhongduan:             @PENDSV中断
 110 009a 72B6     		cpsid i               @ 关中断
 111 009c EFF30980 		mrs r0, psp           @ 读PSP当前地址到R0
 112 00a0 0028     		cmp r0, # 0	      @ psp等不等于0	
 113 00a2 01D0     		beq _qiehuanrenwu     @ 不等于0就切换任务
 114 00a4 0C38     		subs r0, r0, # 0X0c   @ PSP堆栈保留4个32位数
ARM GAS  1.s 			page 3


 115 00a6 F0C0     		stmia r0!, {r4-r7}
 116              	_qiehuanrenwu:                @ 切换任务
 117 00a8 0F48     		ldr r0, = dangqian    @ 当前任务指针
 118 00aa 0D49     		ldr r1, = dengyunxing @ 等待运行指针
 119 00ac 0A68     		ldr r2, [r1]          @ 取出任务表里的指针
 120 00ae 0260     		str r2, [r0]          @ 任务表里的指针写到待运行指针
 121 00b0 1068     		ldr r0, [r2]          @ R0等于任务表地址
 122 00b2 0068     		ldr r0, [r0]          @ 取出任务堆栈底
 123 00b4 F0C8     	  	ldmia r0!, {r4-r7}    @ 当前任务堆栈里的数据写到R4-R11
 124 00b6 80F30988 		msr psp, r0
 125 00ba 5EF0040E 		orrs lr, lr, # 0x04
 126 00be 62B6     		cpsie i               @ 开中断
 127 00c0 7047     		bx lr
 128              	_systickzhongduan:
 129 00c2 70470020 		bx lr
 129      02400010 
 129      024010E0 
 129      00E0D400 
 129      00208A00 
ARM GAS  1.s 			page 4


DEFINED SYMBOLS
                 1.s:6      *ABS*:0000000020001000 duizhanding
                 1.s:7      *ABS*:0000000020000044 dqrwyxj
                 1.s:8      *ABS*:0000000020000048 xtzgyxj
                 1.s:9      *ABS*:000000002000004c dangqian
                 1.s:10     *ABS*:0000000020000050 dengyunxing
                 1.s:11     *ABS*:0000000020000054 jiuxubiao
                 1.s:13     *ABS*:0000000020000074 renwubiao
                 1.s:15     *ABS*:0000000020000094 renwukongzhikuai
                 1.s:18     *ABS*:00000000200000d4 renwuduizhan
                 1.s:21     *ABS*:00000000200002d4 ddd
                 1.s:24     .text:0000000000000000 vectors
                 1.s:44     .text:0000000000000040 _start
                 1.s:103    .text:0000000000000094 _nmi_handler
                 1.s:105    .text:0000000000000096 _hard_fault
                 1.s:107    .text:0000000000000098 _svc
                 1.s:109    .text:000000000000009a _pendsvzhongduan
                 1.s:128    .text:00000000000000c2 _systickzhongduan
                 1.s:45     .text:0000000000000040 _shizhong
                            .text:0000000000000000 $d
                 1.s:46     .text:0000000000000040 $t
                 1.s:54     .text:000000000000004c _neicunqingling
                 1.s:58     .text:0000000000000056 _neicunqinglingxunhuan
                 1.s:63     .text:000000000000005c _systick
                 1.s:96     .text:000000000000008a _kongxianrenwu
                 1.s:116    .text:00000000000000a8 _qiehuanrenwu
                 1.s:129    .text:00000000000000c4 $d

NO UNDEFINED SYMBOLS
