ARM GAS  led-stm32.s 			page 1


   1              	 
   2              	        
   3              	
   4              	        
   5              	        .ifdef lpc2106
   6              	          .include "custom-lpc2106.s"
   7              	 
   8              	
   9              	
  10              	        bl setup_clocks
  11              	
ARM GAS  led-stm32.s 			page 2


DEFINED SYMBOLS
         led-stm32.s:0      .text:00000000 L0F0
         led-stm32.s:11     .text:00000000 $t
                            .data:00000000 $d
                             .bss:00000000 $d
                            .stab:00000018 $d
                         .stabstr:00000019 $d
                  .ARM.attributes:00000021 $d

NO UNDEFINED SYMBOLS
