ARM GAS  led-stm32.s 			page 1


   1              	@@@
   2              	        .thumb                 
   3              	        .syntax unified
   4              	
   5              	.section .data
   6              	
   7 0000 1F001FF8 	yjm:	 .short 0x001f, 0xf81f, 0xffe0, 0x07ff, 0xf800
   7      E0FFFF07 
   7      00F8
   8 000a 00000008 	wxwx:	 .byte 0x00,0x00,0x00,0x08,0x08,0x18,0x14,0x14,0x24,0x3C,0x22,0x42,0x42,0xE7,0x00,0x00		
   8      08181414 
   8      243C2242 
   8      42E70000 
   9              	 
  10              	
  11              	
  12              	
  13              	
  14              	        .equ STACKINIT, 	0x20005000
  15              		.equ gpioddi,   	0x40011400
  16              	        .equ gpiododr,   	0x4001140C
  17              	        .equ RCC_APB2ENR,	0x40021018 @rccAPB2ENR
  18              		.equ syskz,		0xE000E010 @ 控制寄存器
  19              		.equ syscz,		0xE000E014 @systick定时器重载
  20              		.equ syssz,		0xE000E018 @systick计数值查询
  21              		.equ rcckz,		0x40021000 @rcc时钟控制寄存器
  22              		.equ rccpz,		0x40021004 @时钟配置寄存器
  23              		.equ flashacr,		0x40022000 @flash闪存访问寄存器
  24              		.equ ledliang,		0x04
  25              		.equ yanshishu,		200
  26              		.equ lcdpianyi,	        240
  27              	
  28              		.equ lcdpy,		0x20000010
  29              		
  30              	.section .text
  31              	
  32              	vectors_table:
  33              	        
  34              	        .ifdef lpc2106
  35              	          .include "custom-lpc2106.s"
  36              	        .endif
  37              	
  38              	
  39              	vectors:        
  40 0000 00500020 	        .word STACKINIT         
  41 0004 41000000 	        .word _start + 1        
  42 0008 99000000 	        .word _nmi_handler + 1  
  43 000c 9B000000 	        .word _hard_fault  + 1  
  44 0010 9D000000 	        .word _memory_fault + 1 
  45 0014 9F000000 	        .word _bus_fault + 1    
  46 0018 A1000000 	        .word _usage_fault + 1   
  47 001c 00000000 		.word 0
  48 0020 00000000 		.word 0
  49 0024 00000000 		.word 0
  50 0028 00000000 		.word 0
  51 002c 00000000 		.word 0
  52 0030 00000000 		.word 0
ARM GAS  led-stm32.s 			page 2


  53 0034 00000000 		.word 0 
  54 0038 00000000 		.word 0
  55 003c A3000000 		.word _dingshiqi + 1
  56              	_start:
  57              		@@AFIO-MAPR 开SWD模式
  58 0040 1948     		ldr r0, = 0x40010004
  59 0042 1A49     		ldr r1, = 0x02000000
  60 0044 0160     		str r1, [r0]
  61              	
  62 0046 FFF7FEFF 		bl pllshizhong
  63              		
  64              	systick:
  65              	
  66 004a 1949     		ldr r1, = syskz
  67 004c 1948     		ldr r0, = syscz
  68 004e 1A4A     		ldr r2, = syssz
  69              		
  70 0050 4FF00003 		mov r3, #0
  71 0054 0B60     		str r3, [r1]
  72              	
  73 0056 194B     		ldr r3, = 0x2328
  74 0058 0360     		str r3, [r0]
  75 005a 1360     		str r3, [r2]
  76              	
  77 005c 4FF00303 		mov r3, # 0x03
  78 0060 0B60     		str r3, [r1]
  79              	
  80              	ledled:
  81              	
  82 0062 1748     	        ldr r0, = RCC_APB2ENR
  83 0064 4FF03901 	        mov r1, 0x39
  84 0068 0160     	        str r1, [r0]
  85              	
  86 006a 1648     	        ldr r0, = gpioddi
  87 006c 1649     	        ldr r1, = 0x44444344
  88 006e 0160     	        str r1, [r0]
  89              	
  90              	ledhanshu:
  91 0070 1648     		ldr r0, = gpiododr
  92 0072 1749     		ldr r1, = ledliang
  93 0074 0160     		str r1, [r0]
  94              		
  95 0076 00F008F8 		bl yanshi 
  96              	
  97 007a 1448     		ldr r0, = gpiododr
  98 007c 4FF00001 		mov r1, # 0
  99 0080 0160     		str r1, [r0]
 100 0082 00F002F8 		bl yanshi
 101              	
 102 0086 FFF7F3BF 		b ledhanshu
 103              	
 104              	
 105              	
 106              	yanshi:
 107 008a 1248     		ldr r0, = yanshishu
 108 008c 8542     		cmp r5, r0
 109 008e 7FF4FCAF 		bne yanshi
ARM GAS  led-stm32.s 			page 3


 110 0092 4FF00005 		mov r5, 0
 111 0096 7047     		bx lr
 112              	
 113              		
 114              	
 115              	_nmi_handler:
 116 0098 7047     		bx lr
 117              	_hard_fault:
 118 009a 7047     		bx lr
 119              	_memory_fault:
 120 009c 7047     		bx lr
 121              	_bus_fault:
 122 009e 7047     		bx lr
 123              	_usage_fault:
 124 00a0 7047     		bx lr
 125              	_dingshiqi:
 126 00a2 0135     		adds r5, 1	
 127 00a4 7047     		bx lr
 128              	         
 129 00a6 00000400 	
 129      01400000 
 129      000210E0 
 129      00E014E0 
 129      00E018E0 
ARM GAS  led-stm32.s 			page 4


DEFINED SYMBOLS
         led-stm32.s:7      .data:00000000 yjm
         led-stm32.s:8      .data:0000000a wxwx
         led-stm32.s:14     *ABS*:20005000 STACKINIT
         led-stm32.s:15     *ABS*:40011400 gpioddi
         led-stm32.s:16     *ABS*:4001140c gpiododr
         led-stm32.s:17     *ABS*:40021018 RCC_APB2ENR
         led-stm32.s:18     *ABS*:e000e010 syskz
         led-stm32.s:19     *ABS*:e000e014 syscz
         led-stm32.s:20     *ABS*:e000e018 syssz
         led-stm32.s:21     *ABS*:40021000 rcckz
         led-stm32.s:22     *ABS*:40021004 rccpz
         led-stm32.s:23     *ABS*:40022000 flashacr
         led-stm32.s:24     *ABS*:00000004 ledliang
         led-stm32.s:25     *ABS*:000000c8 yanshishu
         led-stm32.s:26     *ABS*:000000f0 lcdpianyi
         led-stm32.s:28     *ABS*:20000010 lcdpy
         led-stm32.s:32     .text:00000000 vectors_table
         led-stm32.s:39     .text:00000000 vectors
         led-stm32.s:56     .text:00000040 _start
         led-stm32.s:115    .text:00000098 _nmi_handler
         led-stm32.s:117    .text:0000009a _hard_fault
         led-stm32.s:119    .text:0000009c _memory_fault
         led-stm32.s:121    .text:0000009e _bus_fault
         led-stm32.s:123    .text:000000a0 _usage_fault
         led-stm32.s:125    .text:000000a2 _dingshiqi
                            .text:00000000 $d
         led-stm32.s:58     .text:00000040 $t
         led-stm32.s:64     .text:0000004a systick
         led-stm32.s:80     .text:00000062 ledled
         led-stm32.s:90     .text:00000070 ledhanshu
         led-stm32.s:106    .text:0000008a yanshi
         led-stm32.s:129    .text:000000a6 $d

UNDEFINED SYMBOLS
pllshizhong
