ARM GAS  1.s 			page 1


   1              		@ stm32f030f4p6 asm
   2              		@fft 64点
   3              		@2018-01-05
   4              		 .thumb                 
   5              	         .syntax unified
   6              	.section .data	
   7              	       	.equ STACKINIT,                 0x20001000
   8              		.equ xuanzhuanyinzi,		0x20000804
   9              		.align 4
  10              	shuru:
  11 0000 00000000 		.int 0,1,2,3,4,5,6,7,8,9,10,11,12,13,14,15,16,17,18,19,20,21,22,23,24,25,26,27,28,29,30,31,32,33,3
  11      01000000 
  11      02000000 
  11      03000000 
  11      04000000 
  12              		
  13              	hudieweifanzhuan:
  14 0400 00000000 		.int 0x0000,0x0200,0x0100,0x0300,0x0080,0x0280,0x0180,0x0380,0x0040,0x0240,0x0140,0x0340,0x00C0,0x
  14      00020000 
  14      00010000 
  14      00030000 
  14      80000000 
  15              	fft3xuanzhuanyinzi:
  16 0800 00800000 		.int 0x8000,0x0000,0x5A82,0xFFFFA57E,0x0000,0xFFFF8000,0xFFFFA57E,0xFFFFA57E
  16      00000000 
  16      825A0000 
  16      7EA5FFFF 
  16      00000000 
  17              	fft4xuanzhuanyinzi:
  18 0820 00800000 		.int 0x8000,0x0000,0x7641,0xFFFFCF05,0x5A82,0xFFFFA57E,0x30FB,0xFFFF89BF,0x0000,0xFFFF8000,0xFFFFC
  18      00000000 
  18      41760000 
  18      05CFFFFF 
  18      825A0000 
  19              	fft5xuanzhuanyinzi:
  20 0860 00800000 		.int 0x8000,0x0000,0x7D8A,0xFFFFE708,0x7641,0xFFFFCF05,0x6A6D,0xFFFFB8E4,0x5A82,0xFFFFA57E,0x471C,
  20      00000000 
  20      8A7D0000 
  20      08E7FFFF 
  20      41760000 
  21              	fft6xuanzhuanyinzi:
  22 08e0 00800000 		.int 0x8000,0x0000,0x7F62,0xFFFFF375,0x7D8A,0xFFFFE708,0x7A7D,0xFFFFDAD8,0x7641,0xFFFFCF05,0x70E2,
  22      00000000 
  22      627F0000 
  22      75F3FFFF 
  22      8A7D0000 
  23              	fft7xuanzhuanyinzi:
  24 09e0 00800000 		.int 0x8000,0x0000,0x7FD8,0xFFFFF9B9,0x7F62,0xFFFFF375,0x7E9D,0xFFFFED38,0x7D8A,0xFFFFE708,0x7C29,
  24      00000000 
  24      D87F0000 
  24      B9F9FFFF 
  24      627F0000 
  25              	
  26              	fft8xuanzhuanyinzi:
  27 0be0 00800000 		.int 0x8000,0x0000,0x7FF6,0xFFFFFCDC,0x7FD8,0xFFFFF9B9,0x7FA7,0xFFFFF696,0x7F62,0xFFFFF375,0x7F09,
  27      00000000 
  27      F67F0000 
ARM GAS  1.s 			page 2


  27      DCFCFFFF 
  27      D87F0000 
  28              		           	
  29              	.section .text
  30              	vectors:        
  31 0000 00100020 	        .word STACKINIT         
  32 0004 3D000000 	        .word _start + 1        
  33 0008 2D020000 	        .word _nmi_handler + 1  
  34 000c 2F020000 	        .word _hard_fault  + 1  
  35 0010 00000000 	        .word 0 
  36 0014 00000000 	        .word 0    
  37 0018 00000000 	        .word 0
  38 001c 00000000 		.word 0
  39 0020 00000000 		.word 0
  40 0024 00000000 		.word 0
  41 0028 00000000 		.word 0
  42 002c 31020000 		.word _svc_handler +1
  43 0030 00000000 		.word 0 
  44 0034 00000000 		.word 0
  45 0038 33020000 		.word _pendsv_handler +1
  46              		.align 2
  47              	_start:
  48              	_shizhong:	                     @时钟设置
  49 003c 6D4A     		ldr r2, = 0x40022000   @FLASH访问控制
  50 003e 3221     		movs r1, # 0x32
  51 0040 1160     		str r1, [r2]
  52 0042 6D48     		ldr r0, = 0x40021000 @ rcc
  53              		@0x34时钟控制寄存器 2 (RCC_CR2)
  54 0044 0121     		movs r1, # 0x01
  55 0046 4163     		str r1, [r0, # 0x34]  @ HSI开14M时钟
  56              	_dengdai14mshizhongwending:	    @等14M时钟稳定
  57 0048 416B     		ldr r1, [r0, # 0x34]
  58 004a 8907     		lsls r1, r1, # 30     @ 左移30位
  59 004c FCD5     		bpl _dengdai14mshizhongwending  @ 等待14M时钟稳定
  60              	
  61              	_neicunqingling:	                         @ 0x1000的内存清零
  62              		                                 @ 1K=1024BIT=0X400
  63 004e 6B48     		ldr r0, = 0x20000000
  64 0050 0021     		movs r1, # 0
  65 0052 6B4B     		ldr r3, = 0x1000
  66              	_neicunqinglingxunhuan:	                   @ 内存清零循环
  67 0054 043B     		subs r3, # 4
  68 0056 C150     		str r1, [r0, r3]
  69 0058 FCD1     		bne _neicunqinglingxunhuan                @
  70              	
  71              	
  72              	
  73              		
  74              	_fftjisuan:
  75              	_fft1:	
  76 005a 6A48     		ldr r0, = shuru
  77 005c 6749     		ldr r1, = 0x20000000
  78 005e 8022     		movs r2, # 128
  79 0060 694B     		ldr r3, = hudieweifanzhuan
  80              	_fft1xunhuan:
  81 0062 1E68     		ldr r6, [r3]
  82 0064 5F68     		ldr r7, [r3, # 0x04]
ARM GAS  1.s 			page 3


  83 0066 8659     		ldr r6, [r0, r6]
  84 0068 C759     		ldr r7, [r0, r7]
  85 006a F419     		adds r4, r6, r7
  86 006c F51B     		subs r5, r6, r7
  87 006e 0C60     		str r4, [r1]
  88 0070 4D60     		str r5, [r1, # 0x04]
  89 0072 0831     		adds r1, r1, # 0x08
  90 0074 0833     		adds r3, r3, # 0x08
  91 0076 013A     		subs r2, r2, # 1
  92 0078 F3D1     		bne _fft1xunhuan
  93              		
  94              	_fft2:
  95 007a 6048     		ldr r0, = 0x20000000
  96 007c 0124     		movs r4, # 1
  97 007e A402     		lsls r4, r4, # 10
  98 0080 2418     		adds r4, r4, r0
  99 0082 A046     		mov r8, r4
 100              	_fft2xunhuan:
 101 0084 0468     		ldr r4, [r0]
 102 0086 8568     		ldr r5, [r0, # 0x08]
 103 0088 4668     		ldr r6, [r0, # 0x04]
 104 008a C768     		ldr r7, [r0, # 0x0c]
 105 008c 6119     		adds r1, r4, r5
 106 008e 621B     		subs r2, r4, r5
 107 0090 3346     		mov r3, r6		@0r
 108 0092 0024     		movs r4, # 0	
 109 0094 E41B     		subs r4, r4, r7		@0i
 110 0096 3546     		mov r5, r6		@3r
 111 0098 3E46     		mov r6, r7		@3i
 112 009a 0127     		movs r7, # 1
 113 009c BF02     		lsls r7, r7, # 10
 114 009e 3F18     		adds r7, r7, r0
 115 00a0 0160     		str r1, [r0]
 116 00a2 8260     		str r2, [r0, # 0x08]
 117 00a4 4360     		str r3, [r0, # 0x04]
 118 00a6 7C60     		str r4, [r7, # 0x04]
 119 00a8 C560     		str r5, [r0, # 0x0c]
 120 00aa FE60     		str r6, [r7, # 0x0c]
 121 00ac 1030     		adds r0, r0, # 0x10
 122 00ae 4045     		cmp r0, r8
 123 00b0 E8D1     		bne _fft2xunhuan
 124              	_fft3:
 125 00b2 564E     		ldr r6, = xuanzhuanyinzi
 126 00b4 564A     		ldr r2, = fft3xuanzhuanyinzi
 127 00b6 5148     		ldr r0, = 0x20000000
 128 00b8 3260     		str r2, [r6]
 129 00ba 0121     		movs r1, # 1
 130 00bc 8902     		lsls r1, r1, # 10
 131 00be 0918     		adds r1, r1, r0
 132 00c0 8846     		mov r8, r1
 133 00c2 8146     		mov r9, r0
 134 00c4 9246     		mov r10, r2
 135 00c6 1025     		movs r5, # 0x10
 136 00c8 AB46     		mov r11, r5
 137 00ca 0425     		movs r5, # 4
 138 00cc AC46     		mov r12, r5
 139 00ce 00F053F8 		bl _fftg
ARM GAS  1.s 			page 4


 140              	_fft4:
 141 00d2 4E4E     		ldr r6, = xuanzhuanyinzi
 142 00d4 4F4A     		ldr r2, = fft4xuanzhuanyinzi
 143 00d6 4948     		ldr r0, = 0x20000000
 144 00d8 3260     		str r2, [r6]
 145 00da 0121     		movs r1, # 1
 146 00dc 8902     		lsls r1, r1, # 10
 147 00de 0918     		adds r1, r1, r0
 148 00e0 8846     		mov r8, r1
 149 00e2 8146     		mov r9, r0
 150 00e4 9246     		mov r10, r2
 151 00e6 2025     		movs r5, # 0x20
 152 00e8 AB46     		mov r11, r5
 153 00ea 0825     		movs r5, # 8
 154 00ec AC46     		mov r12, r5
 155 00ee 00F043F8 		bl _fftg
 156              	_fft5:
 157 00f2 464E     		ldr r6, = xuanzhuanyinzi
 158 00f4 484A     		ldr r2, = fft5xuanzhuanyinzi
 159 00f6 4148     		ldr r0, = 0x20000000
 160 00f8 3260     		str r2, [r6]
 161 00fa 0121     		movs r1, # 1
 162 00fc 8902     		lsls r1, r1, # 10
 163 00fe 0918     		adds r1, r1, r0
 164 0100 8846     		mov r8, r1
 165 0102 8146     		mov r9, r0
 166 0104 9246     		mov r10, r2
 167 0106 4025     		movs r5, # 0x40
 168 0108 AB46     		mov r11, r5
 169 010a 1025     		movs r5, # 16
 170 010c AC46     		mov r12, r5
 171 010e 00F033F8 		bl _fftg
 172              	
 173              	_fft6:
 174 0112 3E4E     		ldr r6, = xuanzhuanyinzi
 175 0114 414A     		ldr r2, = fft6xuanzhuanyinzi
 176 0116 3948     		ldr r0, = 0x20000000
 177 0118 3260     		str r2, [r6]
 178 011a 0121     		movs r1, # 1
 179 011c 8902     		lsls r1, r1, # 10
 180 011e 0918     		adds r1, r1, r0
 181 0120 8846     		mov r8, r1
 182 0122 8146     		mov r9, r0
 183 0124 9246     		mov r10, r2
 184 0126 8025     		movs r5, # 0x80
 185 0128 AB46     		mov r11, r5
 186 012a 2025     		movs r5, # 32
 187 012c AC46     		mov r12, r5
 188 012e 00F023F8 		bl _fftg
 189              		
 190              	_fft7:
 191 0132 364E     		ldr r6, = xuanzhuanyinzi
 192 0134 3A4A     		ldr r2, = fft7xuanzhuanyinzi
 193 0136 3148     		ldr r0, = 0x20000000
 194 0138 3260     		str r2, [r6]
 195 013a 0121     		movs r1, # 1
 196 013c 8902     		lsls r1, r1, # 10
ARM GAS  1.s 			page 5


 197 013e 0918     		adds r1, r1, r0
 198 0140 8846     		mov r8, r1
 199 0142 8146     		mov r9, r0
 200 0144 9246     		mov r10, r2
 201 0146 0125     		movs r5, # 1
 202 0148 2D02     		lsls r5, r5, # 8
 203 014a AB46     		mov r11, r5
 204 014c 4025     		movs r5, # 64
 205 014e AC46     		mov r12, r5
 206 0150 00F012F8 		bl _fftg
 207              	
 208              	_fft8:
 209 0154 2D4E     		ldr r6, = xuanzhuanyinzi
 210 0156 334A     		ldr r2, = fft8xuanzhuanyinzi
 211 0158 2848     		ldr r0, = 0x20000000
 212 015a 3260     		str r2, [r6]
 213 015c 0121     		movs r1, # 1
 214 015e 8902     		lsls r1, r1, # 10
 215 0160 0918     		adds r1, r1, r0
 216 0162 8846     		mov r8, r1
 217 0164 8146     		mov r9, r0
 218 0166 9246     		mov r10, r2
 219 0168 0125     		movs r5, # 1
 220 016a 6D02     		lsls r5, r5, # 9
 221 016c AB46     		mov r11, r5
 222 016e 8025     		movs r5, # 128
 223 0170 AC46     		mov r12, r5
 224 0172 00F001F8 		bl _fftg
 225              		
 226              		
 227              	tingting:
 228 0176 FEE7     		b tingting
 229              	_fftg:
 230 0178 00B5     		push {lr}
 231 017a 0024     		movs r4, # 0
 232 017c A646     		mov lr, r4
 233              	_fftxunhuan:
 234 017e 4846     		mov r0, r9
 235 0180 4146     		mov r1, r8
 236 0182 5246     		mov r2, r10
 237 0184 5B46     		mov r3, r11
 238 0186 0468     		ldr r4, [r0]
 239 0188 0D68     		ldr r5, [r1]
 240 018a C658     		ldr r6, [r0, r3]
 241 018c CF58     		ldr r7, [r1, r3]
 242 018e 1368     		ldr r3, [r2]		@sr
 243 0190 5268     		ldr r2, [r2, # 0x04]	@si
 244 0192 30B4     		push {r4,r5}
 245 0194 3446     		mov r4, r6
 246 0196 5C43     		muls r4, r4, r3
 247 0198 3D46     		mov r5, r7
 248 019a 5543     		muls r5, r5, r2
 249 019c 641B     		subs r4, r4, r5		@r
 250 019e E413     		asrs r4, r4, # 15
 251 01a0 3546     		mov r5, r6
 252 01a2 5543     		muls r5, r5, r2
 253 01a4 5F43     		muls r7, r7, r3
ARM GAS  1.s 			page 6


 254 01a6 7F19     		adds r7, r7, r5    @i
 255 01a8 FF13     		asrs r7, r7, # 15
 256 01aa 24BC     		pop {r2,r5}
 257 01ac 1319     		adds r3, r2, r4    @0r
 258 01ae 121B     		subs r2, r2, r4    @1r
 259 01b0 EC19     		adds r4, r5, r7
 260 01b2 ED1B     		subs r5, r5, r7
 261 01b4 5E46     		mov r6, r11
 262 01b6 0360     		str r3, [r0]
 263 01b8 0C60     		str r4, [r1]
 264 01ba 8251     		str r2, [r0, r6]
 265 01bc 8D51     		str r5, [r1, r6]
 266 01be 0430     		adds r0, r0, # 0x04
 267 01c0 0431     		adds r1, r1, # 0x04
 268 01c2 8146     		mov r9, r0
 269 01c4 8846     		mov r8, r1
 270 01c6 5246     		mov r2, r10
 271 01c8 0832     		adds r2, r2, # 0x08
 272 01ca 9246     		mov r10, r2
 273 01cc 7446     		mov r4, lr
 274 01ce 0134     		adds r4, r4, # 1
 275 01d0 A646     		mov lr, r4
 276 01d2 6746     		mov r7, r12
 277 01d4 BC42     		cmp r4, r7
 278 01d6 D2D1     		bne _fftxunhuan
 279 01d8 0024     		movs  r4, # 0
 280 01da 0C4E     		ldr r6, = xuanzhuanyinzi
 281 01dc 124D     		ldr r5, = 0x20000400
 282 01de 3668     		ldr r6, [r6]
 283 01e0 B246     		mov r10, r6
 284 01e2 A646     		mov lr, r4
 285 01e4 5F46     		mov r7, r11
 286 01e6 C019     		adds r0, r0, r7
 287 01e8 C919     		adds r1, r1, r7
 288 01ea 8146     		mov r9, r0
 289 01ec 8846     		mov r8, r1
 290 01ee A842     		cmp r0, r5
 291 01f0 C5D1     		bne _fftxunhuan
 292 01f2 00BD     		pop {pc}
 293 01f4 00200240 		.ltorg
 293      00100240 
 293      00000020 
 293      00100000 
 293      00000000 
 294              	_nmi_handler:
 295 022c 7047     		bx lr
 296              	_hard_fault:
 297 022e 7047     		bx lr
 298              	_svc_handler:
 299 0230 7047     		bx lr
 300              	_pendsv_handler:
 301 0232 7047     		bx lr
ARM GAS  1.s 			page 7


DEFINED SYMBOLS
                 1.s:7      *ABS*:0000000020001000 STACKINIT
                 1.s:8      *ABS*:0000000020000804 xuanzhuanyinzi
                 1.s:9      .data:0000000000000000 $d
                 1.s:10     .data:0000000000000000 shuru
                 1.s:13     .data:0000000000000400 hudieweifanzhuan
                 1.s:15     .data:0000000000000800 fft3xuanzhuanyinzi
                 1.s:17     .data:0000000000000820 fft4xuanzhuanyinzi
                 1.s:19     .data:0000000000000860 fft5xuanzhuanyinzi
                 1.s:21     .data:00000000000008e0 fft6xuanzhuanyinzi
                 1.s:23     .data:00000000000009e0 fft7xuanzhuanyinzi
                 1.s:26     .data:0000000000000be0 fft8xuanzhuanyinzi
                 1.s:30     .text:0000000000000000 vectors
                 1.s:47     .text:000000000000003c _start
                 1.s:294    .text:000000000000022c _nmi_handler
                 1.s:296    .text:000000000000022e _hard_fault
                 1.s:298    .text:0000000000000230 _svc_handler
                 1.s:300    .text:0000000000000232 _pendsv_handler
                            .text:0000000000000000 $d
                 1.s:46     .text:000000000000003c $t
                 1.s:48     .text:000000000000003c _shizhong
                 1.s:56     .text:0000000000000048 _dengdai14mshizhongwending
                 1.s:61     .text:000000000000004e _neicunqingling
                 1.s:66     .text:0000000000000054 _neicunqinglingxunhuan
                 1.s:74     .text:000000000000005a _fftjisuan
                 1.s:75     .text:000000000000005a _fft1
                 1.s:80     .text:0000000000000062 _fft1xunhuan
                 1.s:94     .text:000000000000007a _fft2
                 1.s:100    .text:0000000000000084 _fft2xunhuan
                 1.s:124    .text:00000000000000b2 _fft3
                 1.s:229    .text:0000000000000178 _fftg
                 1.s:140    .text:00000000000000d2 _fft4
                 1.s:156    .text:00000000000000f2 _fft5
                 1.s:173    .text:0000000000000112 _fft6
                 1.s:190    .text:0000000000000132 _fft7
                 1.s:208    .text:0000000000000154 _fft8
                 1.s:227    .text:0000000000000176 tingting
                 1.s:233    .text:000000000000017e _fftxunhuan
                 1.s:293    .text:00000000000001f4 $d
                 1.s:295    .text:000000000000022c $t

NO UNDEFINED SYMBOLS
