ARM GAS  111.s 			page 1


   1              	  	.thumb                 
   2              	
   3              	
   4              	.section .data
   5              	
   6              	
   7              	
   8              	        .equ STACKINIT, 	0x20005000
   9              		.equ lcdyanshia, 	40000
  10              	
  11              		
  12              	.section .text
  13              	vectors:        
  14 ???? 00500020 	        .word STACKINIT         
  15 ???? 41000000 	        .word _start + 1        
  16 ???? 79000000 	        .word _nmi_handler + 1  
  17 ???? 7B000000 	        .word _hard_fault  + 1  
  18 ???? 7D000000 	        .word _memory_fault + 1 
  19 ???? 7F000000 	        .word _bus_fault + 1    
  20 ???? 81000000 	        .word _usage_fault + 1 
  21 ???? 00000000 		.word 0
  22 ???? 00000000 		.word 0
  23 ???? 00000000 		.word 0
  24 ???? 00000000 		.word 0
  25 ???? 00000000 		.word 0
  26 ???? 00000000 		.word 0
  27 ???? 00000000 		.word 0 
  28 ???? 00000000 		.word 0
  29 ???? 83000000 		.word _dingshiqi + 1
  30              	
  31              	_start:
  32              	@@AFIO-MAPR 开SWD模式
  33 ???? 1048     		ldr r0, = 0x40010004
  34 ???? 1149     		ldr r1, = 0x02000000
  35 ???? 0160     		str r1, [r0]
  36              	shizhong:
  37 ???? 1148     		ldr r0, = 0x40021000
  38 ???? 1149     		ldr r1, = 0x14D83
  39 ???? 0160     		str r1, [r0]
  40              	gsszbz: 
  41 ???? 0268     		ldr r2, [r0]
  42 ???? 1149     		ldr r1, = 0x20000
  43 ???? 1142     		tst r1, r2           @高速时钟标志位           
  44 ???? 00D1     		bne rccchushihua
  45 ???? FAE7     		b gsszbz
  46              	rccchushihua: 
  47 ???? 1048     		ldr r0, = 0x40022000
  48 ???? FFFF     		ldr r1, 0x32
  49 ???? 0160     		str r1, [r0]           @FLASH缓冲 缓冲开启 
  50 ???? 0F48     		ldr r0, = 0x40021004
  51 ???? 1049     		ldr r1, = 0x1D8400
  52 ???? 0160     		str r1, [r0]
  53 ???? 0A48     		ldr r0, = 0x40021000
  54 ???? 0F49     		ldr r1, = 0x1033D03
  55 ???? 0160     		str r1, [r0]
  56              	chaxun:
  57 ???? 0268     		ldr r2, [r0]
ARM GAS  111.s 			page 2


  58 ???? 0749     		ldr r1, = 0x2000000
  59 ???? 1142     		tst r1, r2
  60 ???? 00D1     		bne rccgg
  61 ???? FAE7     		b chaxun
  62              	rccgg:
  63 ???? 0A48     		ldr r0, = 0x40021004
  64 ???? 0C49     		ldr r1, = 0x1d8402
  65 ???? 0160     		str r1, [r0]
  66              	
  67              	
  68              	
  69              	
  70              		
  71              		
  72              	_nmi_handler:
  73 ???? 7047     		bx lr
  74              	_hard_fault:
  75 ???? 7047     		bx lr
  76              	_memory_fault:
  77 ???? 7047     		bx lr
  78              	_bus_fault:
  79 ???? 7047     		bx lr
  80              	_usage_fault:
  81 ???? 7047     		bx lr
  82              	_dingshiqi:	
  83 ???? 7047     		bx lr
  84              	         
  85 ???? 04000140 	
****  Error:invalid offset, value too big (0xFFFFFFFC)
  85      00000002 
  85      00100240 
  85      834D0100 
  85      00000200 
ARM GAS  111.s 			page 3


DEFINED SYMBOLS
               111.s:8      *ABS*:20005000 STACKINIT
               111.s:9      *ABS*:00009c40 lcdyanshia
               111.s:13     .text:00000000 vectors
               111.s:31     .text:00000040 _start
               111.s:72     .text:00000078 _nmi_handler
               111.s:74     .text:0000007a _hard_fault
               111.s:76     .text:0000007c _memory_fault
               111.s:78     .text:0000007e _bus_fault
               111.s:80     .text:00000080 _usage_fault
               111.s:82     .text:00000082 _dingshiqi
                            .text:00000000 $d
               111.s:33     .text:00000040 $t
               111.s:36     .text:00000046 shizhong
               111.s:40     .text:0000004c gsszbz
               111.s:46     .text:00000056 rccchushihua
                            *ABS*:00000032 *ABS*0x32
               111.s:56     .text:00000068 chaxun
               111.s:62     .text:00000072 rccgg
               111.s:85     .text:00000084 $d

NO UNDEFINED SYMBOLS
