ARM GAS  1.s 			page 1


   1              		@ stm32f030f4p6 asm
   2              		@计数器
   3              		@100小时，没测试
   4              		@到时间GPIOA0-GPIOA7=高， 没测试。
   5              		@ 没测试
   6              		 .thumb
   7              		.syntax unified
   8              		.section .data
   9              		.equ STACKINIT,         0x20001000
  10              		.equ jishu,		0x20000000
  11              		.equ yaoxiedeflash,	0x20000004
  12              	.section .text
  13              	xiangliangbiao:        
  14 0000 00100020 	        .word STACKINIT         
  15 0004 41000000 	        .word _start + 1        
  16 0008 E3000000 	        .word _nmi_handler + 1  
  17 000c E5000000 	        .word _hard_fault  + 1  
  18 0010 00000000 	        .word 0 
  19 0014 00000000 	        .word 0    
  20 0018 00000000 	        .word 0
  21 001c 00000000 		.word 0
  22 0020 00000000 		.word 0
  23 0024 00000000 		.word 0
  24 0028 00000000 		.word 0
  25 002c E7000000 		.word _svc_handler +1
  26 0030 00000000 		.word 0 
  27 0034 00000000 		.word 0
  28 0038 E9000000 		.word _pendsv_handler +1
  29 003c EB000000 		.word _systickzhongduan + 1
  30              	_start:
  31 0040 4248     		ldr r0, = 0x40022000
  32 0042 4349     		ldr r1, = 0x45670123
  33 0044 4160     		str r1, [r0, # 0x04]
  34 0046 4349     		ldr r1, = 0xcdef89ab
  35 0048 4160     		str r1, [r0, # 0x04]
  36              		
  37 004a 4348     		ldr r0, = 0x8000800
  38 004c 434A     		ldr r2, = 0xa55a
  39 004e 0188     		ldrh r1, [r0]
  40 0050 9142     		cmp r1, r2
  41 0052 11D0     		beq _zhaozuidadeshu
  42              		
  43 0054 424A     		ldr r2, = yaoxiedeflash
  44 0056 4348     		ldr r0, = jishu
  45 0058 4349     		ldr r1, = 0x8000c00
  46 005a 0023     		movs r3, # 0
  47              		
  48 005c 0360     		str r3, [r0]
  49 005e 1160     		str r1, [r2]
  50              		
  51 0060 3A48     		ldr r0, = 0x40022000
  52 0062 3E4C     		ldr r4, = 0xa55a
  53 0064 3C4F     		ldr r7, = 0x8000800
  54              	_xieflashmang:
  55 0066 C268     		ldr r2, [r0, # 0x0c]
  56 0068 D207     		lsls r2, r2, # 31
  57 006a FCD4     		bmi _xieflashmang
ARM GAS  1.s 			page 2


  58 006c 0121     		movs r1, # 1
  59 006e 0161     		str r1, [r0, # 0x10]
  60 0070 3C80     		strh r4, [r7]
  61              		
  62              	_xieflashmang1:
  63 0072 C268     		ldr r2, [r0, # 0x0c]
  64 0074 D207     		lsls r2, r2, # 31
  65 0076 FCD4     		bmi _xieflashmang1
  66              		
  67              	_zhaozuidadeshu:	
  68 0078 3B48     		ldr r0, = 0x8000c00
  69 007a 3C49     		ldr r1, = 0x3400
  70 007c 3C4E     		ldr r6, = 0xffffffff
  71 007e 0022     		movs r2, # 0
  72 0080 1346     		mov r3, r2
  73              	_zhaozuidade:
  74 0082 8458     		ldr r4, [r0, r2]
  75 0084 9C42     		cmp r4, r3
  76 0086 01D9     		bls _zhaozuidade1
  77 0088 1546     		mov r5, r2
  78 008a 2346     		mov r3, r4
  79              	_zhaozuidade1:
  80 008c 0432     		adds r2, r2, # 4
  81 008e 8A42     		cmp r2, r1
  82 0090 F7D1     		bne _zhaozuidade
  83 0092 B342     		cmp r3, r6
  84 0094 04D1     		bne _bushiffff
  85 0096 043D     		subs r5, r5, # 4
  86 0098 2F46     		mov r7, r5
  87 009a FF07     		lsls r7, r7,  # 31
  88 009c 00D5     		bpl _bushiffff
  89 009e 0025     		movs r5, # 0
  90              	_bushiffff:	
  91 00a0 2F4A     		ldr r2, = yaoxiedeflash
  92 00a2 3049     		ldr r1, = jishu
  93 00a4 2844     		add r0, r0, r5
  94 00a6 1060     		str r0, [r2]
  95 00a8 0368     		ldr r3, [r0]
  96 00aa 0B60     		str r3, [r1]
  97              	_systick:			@ systick定时器初始化
  98              		
  99 00ac 3148     		ldr r0, = 0xe000e010
 100 00ae 3249     		ldr r1, = 10000000
 101 00b0 4160     		str r1, [r0, # 4]
 102 00b2 8160     		str r1, [r0, # 8]
 103 00b4 0721     		movs r1, # 0x07
 104 00b6 0160     		str r1, [r0]
 105              	
 106              	_waisheshizhong:	                         @ 外设时钟
 107 00b8 3048     		ldr r0, = 0x40021000
 108 00ba 3149     		ldr r1, = 0x460005
 109 00bc 4161     		str r1, [r0, # 0x14]
 110 00be 3148     		ldr r0, = 0x48000000
 111 00c0 3149     		ldr r1, = 0x28005555
 112 00c2 0160     		str r1, [r0]
 113              	tingting:
 114 00c4 2A4E     		ldr r6, = 0xffffffff
ARM GAS  1.s 			page 3


 115 00c6 2748     		ldr r0, = jishu
 116 00c8 3049     		ldr r1, = 360000
 117 00ca 0268     		ldr r2, [r0]
 118 00cc B242     		cmp r2, r6
 119 00ce F9D0     		beq tingting
 120 00d0 8A42     		cmp r2, r1
 121 00d2 F7D9     		bls tingting
 122 00d4 2E4A     		ldr r2, = 0x48000018
 123 00d6 274B     		ldr r3, = 0xe000e010
 124 00d8 0024     		movs r4, # 0
 125 00da FF21     		movs r1, # 0xff
 126 00dc 1160     		str r1, [r2]
 127 00de 1C60     		str r4, [r3]
 128 00e0 F0E7     		b tingting
 129              	_nmi_handler:
 130 00e2 7047     		bx lr
 131              	_hard_fault:
 132 00e4 7047     		bx lr
 133              	_svc_handler:
 134 00e6 7047     		bx lr
 135              	_pendsv_handler:
 136 00e8 7047     		bx lr
 137              	_systickzhongduan:
 138 00ea 2A48     		ldr r0, = 0xe0000d04
 139 00ec 2A49     		ldr r1, = 0x02000000
 140 00ee 0160     		str r1, [r0]                 @ 清除SYSTICK中断
 141 00f0 72B6     		cpsid i
 142 00f2 1648     		 ldr r0, = 0x40022000
 143 00f4 1B49     		ldr r1, = jishu
 144 00f6 0A68     		ldr r2, [r1]
 145 00f8 0132     		adds r2, r2, # 1
 146 00fa 0A60     		str r2, [r1]
 147 00fc 184F     		ldr r7, = yaoxiedeflash
 148 00fe 274E     		ldr r6, = 0x8004000
 149 0100 3B68     		ldr r3, [r7]
 150 0102 0433     		adds r3, r3, # 4
 151 0104 B342     		cmp r3, r6
 152 0106 0ED1     		bne _meichaochu
 153 0108 174C     		ldr r4, = 0x8000c00
 154 010a 2346     		mov r3, r4
 155              		
 156 010c 0E25     		movs r5, # 14
 157 010e 244E     		ldr r6, = 0x400
 158              	_caflashmang:
 159 0110 C268     		ldr r2, [r0, # 0x0c]
 160 0112 D207     		lsls r2, r2, # 31
 161 0114 FCD4     		bmi _caflashmang
 162 0116 0221     		movs r1, # 2
 163 0118 0161     		str r1, [r0, # 0x10]
 164 011a 4461     		str r4, [r0, # 0x14]
 165 011c 4221     		movs r1, # 0x42
 166 011e 0161     		str r1, [r0, # 0x10]
 167 0120 3444     		add r4, r4, r6
 168 0122 013D     		subs r5, # 1
 169 0124 F4D1     		bne _caflashmang
 170              		
 171              	_meichaochu:	
ARM GAS  1.s 			page 4


 172 0126 3B60     		str r3, [r7]
 173 0128 1F46     		mov r7, r3
 174 012a 1346     		mov r3, r2
 175              		
 176              	
 177              	_flashmang1:
 178 012c C268     		ldr r2, [r0, # 0x0c]
 179 012e D207     		lsls r2, r2, # 31
 180 0130 FCD4     		bmi _flashmang1
 181              		
 182 0132 0121     		movs r1, # 1
 183 0134 0161     		str r1, [r0, # 0x10]
 184 0136 3B80     		strh r3, [r7]
 185 0138 1B0C     		lsrs r3, r3, # 16
 186              		
 187              	_flashmang2:
 188 013a C268     		ldr r2, [r0, # 0x0c]
 189 013c D207     		lsls r2, r2, # 31
 190 013e FCD4     		bmi _flashmang2
 191              		
 192 0140 7B80     		strh r3, [r7, # 0x02]
 193              	_flashmang3:
 194 0142 C268     		ldr r2, [r0, # 0x0c]
 195 0144 D207     		lsls r2, r2, # 31
 196 0146 FCD4     		bmi _flashmang3
 197 0148 62B6     		cpsie i
 198 014a 70470020 		bx lr
 198      02402301 
 198      6745AB89 
 198      EFCD0008 
 198      00085AA5 
ARM GAS  1.s 			page 5


DEFINED SYMBOLS
                 1.s:9      *ABS*:0000000020001000 STACKINIT
                 1.s:10     *ABS*:0000000020000000 jishu
                 1.s:11     *ABS*:0000000020000004 yaoxiedeflash
                 1.s:13     .text:0000000000000000 xiangliangbiao
                 1.s:30     .text:0000000000000040 _start
                 1.s:129    .text:00000000000000e2 _nmi_handler
                 1.s:131    .text:00000000000000e4 _hard_fault
                 1.s:133    .text:00000000000000e6 _svc_handler
                 1.s:135    .text:00000000000000e8 _pendsv_handler
                 1.s:137    .text:00000000000000ea _systickzhongduan
                            .text:0000000000000000 $d
                 1.s:31     .text:0000000000000040 $t
                 1.s:67     .text:0000000000000078 _zhaozuidadeshu
                 1.s:54     .text:0000000000000066 _xieflashmang
                 1.s:62     .text:0000000000000072 _xieflashmang1
                 1.s:73     .text:0000000000000082 _zhaozuidade
                 1.s:79     .text:000000000000008c _zhaozuidade1
                 1.s:90     .text:00000000000000a0 _bushiffff
                 1.s:97     .text:00000000000000ac _systick
                 1.s:106    .text:00000000000000b8 _waisheshizhong
                 1.s:113    .text:00000000000000c4 tingting
                 1.s:171    .text:0000000000000126 _meichaochu
                 1.s:158    .text:0000000000000110 _caflashmang
                 1.s:177    .text:000000000000012c _flashmang1
                 1.s:187    .text:000000000000013a _flashmang2
                 1.s:193    .text:0000000000000142 _flashmang3
                 1.s:198    .text:000000000000014c $d

NO UNDEFINED SYMBOLS
