ARM GAS  1.s 			page 1


   1              		@@单片机stm32f030f4p6
   2              		@@io口输出SPWM
   3              		@作者：yjmwxwx
   4              		@时间：2019-06-16
   5              		@编译器：ARM-NONE-EABI-AS
   6              		 .thumb
   7              		.syntax unified
   8              		.section .data
   9              	_zhengxianbiao:
  10 0000 0F121518 		.byte 15,18,21,24,26,28,29,30,30,29,28,26,24,21,18,15,12,9,6,4,2,1,0,0,1,2,4,6,9,12,15
  10      1A1C1D1E 
  10      1E1D1C1A 
  10      1815120F 
  10      0C090604 
  11 001f 00       		.align 2
  12              	_fanhui:
  13 0020 01210A46 		.long 0x460a2101, 0x06d20289, 0x468f4411
  13      8902D206 
  13      11448F46 
  14              		.equ STACKINIT,        	        0x20001000
  15              		.section .text
  16              	vectors:
  17 0000 00100020 		.word STACKINIT
  18 0004 B1000000 		.word _start + 1
  19 0008 E7010000 		.word _nmi_handler + 1
  20 000c E9010000 		.word _hard_fault  + 1
  21 0010 00000000 		.word 0
  22 0014 00000000 		.word 0
  23 0018 00000000 		.word 0
  24 001c 00000000 		.word 0
  25 0020 00000000 		.word 0
  26 0024 00000000 		.word 0
  27 0028 00000000 		.word 0
  28 002c EB010000 		.word _svc_handler +1
  29 0030 00000000 		.word 0
  30 0034 00000000 		.word 0
  31 0038 ED010000 		.word _pendsv_handler +1
  32 003c F1010000 		.word aaa +1	@_systickzhongduan +1               @ 15
  33 0040 F1010000 		.word aaa +1     @ _wwdg +1          @ 0
  34 0044 F1010000 		.word aaa +1     @_pvd +1            @ 1
  35 0048 F1010000 		.word aaa +1     @_rtc +1            @ 2
  36 004c F1010000 		.word aaa +1     @_flash +1          @ 3
  37 0050 F1010000 		.word aaa +1	@ _rcc + 1          @ 4
  38 0054 F1010000 		.word aaa +1	@_exti0_1  +1      @ 5
  39 0058 F1010000 		.word aaa +1      @ _exti2_3 +1      @ 6
  40 005c F1010000 		.word aaa +1       @_exti4_15 +1     @ 7
  41 0060 F1010000 		.word aaa +1                         @ 8
  42 0064 F1010000 		.word aaa +1 	@_dma1_1  +1    @ 9
  43 0068 F1010000 		.word aaa +1    @_dma1_2_3 +1        @ 10
  44 006c F1010000 		.word aaa +1       @_dma1_4_5 +1     @ 11
  45 0070 F1010000 		.word aaa +1	 @_adc1 +1          @ 12
  46 0074 F1010000 		.word aaa +1	@_tim1_brk_up +1  @ 13
  47 0078 F1010000 		.word aaa +1 @_tim1_buhuo +1    @ 14
  48 007c F1010000 		.word aaa +1         @_tim2 +1       @ 15
  49 0080 F1010000 		.word aaa +1          @_tim3 +1      @ 16
  50 0084 F1010000 		.word aaa +1                         @ 17
  51 0088 F1010000 		.word aaa +1		                @ 18
ARM GAS  1.s 			page 2


  52 008c F1010000 		.word aaa +1		@_tim14 +1    @ 19
  53 0090 F1010000 		.word aaa +1                         @ 20
  54 0094 F1010000 		.word aaa +1 	@_tim16 +1      @ 21
  55 0098 F1010000 		.word aaa +1         @_tim17 +1      @ 22
  56 009c F1010000 		.word aaa +1          @_i2c   +1     @ 23
  57 00a0 F1010000 		.word aaa +1                         @ 24
  58 00a4 F1010000 		.word aaa +1           @_spi   +1    @ 25
  59 00a8 F1010000 		.word aaa +1                         @ 26
  60 00ac F1010000 		.word aaa +1         @_usart1 +1     @ 27
  61              	_start:
  62 00b0 72B6     		cpsid i
  63              	shizhong:
  64 00b2 504A     		ldr r2, = 0x40022000   @FLASH访问控制
  65 00b4 3221     		movs r1, # 0x32
  66 00b6 1160     		str r1, [r2]           @FLASH缓冲 缓冲开启
  67 00b8 4F48     		ldr r0, = 0x40021000 @ rcc
  68 00ba 5049     		ldr r1, = 0x10001
  69 00bc 0160     		str r1, [r0]
  70              	denghse:
  71 00be 0168     		ldr r1, [r0]
  72 00c0 8903     		lsls r1, r1, # 14
  73 00c2 FCD5     		bpl denghse
  74              	dengpllguan:
  75 00c4 0168     		ldr r1, [r0]
  76 00c6 8901     		lsls r1, r1, # 6
  77 00c8 FCD4     		bmi dengpllguan
  78 00ca 4D49     	        ldr r1, = 0x310002
  79 00cc 4160     	        str r1, [r0, # 0x04]
  80 00ce 4D49     		ldr r1, = 0x1010000
  81 00d0 0160     		str r1, [r0]
  82              	dengpll:
  83 00d2 0168     		ldr r1, [r0]
  84 00d4 8901     		lsls r1, # 6
  85 00d6 FCD5     		bpl dengpll
  86              	_neicunqingling:
  87 00d8 4B48     		ldr r0, = 0x20000000
  88 00da 0021     		movs r1, # 0
  89 00dc 4B4B     		ldr r3, = 0x1000
  90              	_neicunqinglingxunhuan:
  91 00de 043B     		subs r3, # 4
  92 00e0 C150     		str r1, [r0, r3]
  93 00e2 FCD1     		bne _neicunqinglingxunhuan
  94              	_waisheshizhong:			 @ 外设时钟
  95              		@+0x14=RCC_AHBENR
  96              		@0=DMA @2=SRAM @4=FLITF@6=CRC @17=PA @18=PB @19=PC @20=PD @22=PF
  97 00e4 4448     		ldr r0, = 0x40021000
  98 00e6 4A49     		ldr r1, = 0x460005
  99 00e8 4161     		str r1, [r0, # 0x14]
 100              	
 101              		@+0x18外设时钟使能寄存器 (RCC_APB2ENR)
 102              		@0=SYSCFG @5=USART6EN @9=ADC @11=TIM1 @12=SPI1 @14=USART1 @16=TIM15 @17=TIM16 @18=TIM17 @22=DBGMCU
 103 00ea 4A49     		ldr r1, = 0xa00
 104 00ec 8161     		str r1, [r0, # 0x18]
 105              		@+0X1C=RCC_APB1ENR
 106              		@1=TIM3 @4=TIM6 @5=TIM7 @8=TIM14 @11=WWDG @14=SPI @17=USRT2 @18=USART3 @20=USART5 @21=I2C1
 107              		@22=I2C2 @23=USB @28=PWR
 108              	
ARM GAS  1.s 			page 3


 109              	io_she_zhi:
 110              		@@@@@@@@@@@@@@@@@@@@@@@@@@@@@@@@@@@@@@@@@@@@@@@@@@@@@@@@@@@@@@@@@@@@@@@@@@@@@@@@@@@@@@@@@@@@@@
 111              		@a(0x48000000)b(0x48000400)c(0x48000800)d(0x48000c00)f(0x48001400)
 112              		@ 输入（00），通用输出（01），复用功能（10），模拟（11）
 113              		@偏移0x4 = 端口输出类型 @ （0 推挽），（ 1 开漏）
 114              		@偏移0x8 = 输出速度  00低速， 01中速， 11高速
 115              		@偏移0xC = 上拉下拉 (00无上下拉，  01 上拉， 10下拉)
 116              		@偏移0x10 = 输入数据寄存器
 117              		@偏移0x14 = 输出数据寄存器
 118              		@偏移0x18 = 端口开  0-15置位
 119              		@偏移0x28 = 端口关
 120              		@0X20 = 复用低
 121              		@GPIO口0（0-3位）每个IO口占用4位
 122              		@ AF0 = 0X0000, AF1 = 0X0001, AF2 = 0X0010 AF3 = 0X0011, AF4 = 0X0100
 123              		@ AF5 = 0X0101, AF6 = 0X0111, AF7 = 0X1000
 124              		@0x24 = 复用高
 125              		@GPIO口8 （0-3位）每个IO口占用4位
 126              		@ AF0 = 0X0000, AF1 = 0X0001, AF2 = 0X0010 AF3 = 0X0011, AF4 = 0X0100
 127              		@ AF5 = 0X0101, AF6 = 0X0111, AF7 = 0X1000
 128              		@@@@@@@@@@@@@@@@@@@@@@@@@@@@@@@@@@@@@@@@@@@@@@@@@@@@@@@@@@@@@@@@@@@@@@@@@@@@@@@@@@@@@@@@@@@@@@
 129              	
 130 00ee 4A48     		ldr r0, = 0x8000400
 131 00f0 4A4A     		ldr r2, = 0xffffffff
 132 00f2 0168     		ldr r1, [r0]
 133 00f4 9142     		cmp r1, r2
 134 00f6 08D0     		beq _xiezhengxianbo
 135              		
 136 00f8 4948     		ldr r0, = 0x48000000
 137 00fa 4A49     		ldr r1, = 0x28040000
 138 00fc 0160     		str r1, [r0]
 139 00fe 4A49     		ldr r1, = 0xc0000
 140 0100 8160     		str r1, [r0, # 0x08]
 141              		
 142              		
 143 0102 0123     		movs r3, # 1
 144 0104 5B02     		lsls r3, r3, # 9
 145 0106 444A     		ldr r2, = 0x8000400
 146 0108 9746     		mov pc, r2
 147              		
 148              	_xiezhengxianbo:
 149 010a 4848     	        ldr r0, = _zhengxianbiao
 150 010c 484B     		ldr r3, = 0x20000004
 151 010e 0022     		movs r2, # 0
 152 0110 1E26     		movs r6, # 30
 153 0112 1746     		mov r7, r2
 154              	_xiezhengxianbiao:
 155 0114 845C     		ldrb r4, [r0, r2]
 156 0116 0132     		adds r2, r2, # 1
 157 0118 1E25     		movs r5, # 30
 158 011a 2D1B     		subs r5, r5, r4
 159              	_kai:
 160 011c 002C     		cmp r4, # 0
 161 011e 07D0     		beq _guan
 162 0120 4449     		ldr r1, = 0x2218
 163 0122 D953     		strh r1, [r3, r7]
 164 0124 0237     		adds r7, r7, # 2
 165 0126 4449     		ldr r1, = 0x5083
ARM GAS  1.s 			page 4


 166              	_kaixunhuan:
 167 0128 D953     		strh r1, [r3, r7]
 168 012a 0237     		adds r7, r7, # 2
 169 012c 013C     		subs r4, r4, # 1
 170 012e FBD1     		bne _kaixunhuan
 171              	_guan:
 172 0130 002D     		cmp r5, # 0
 173 0132 07D0     		beq _xiezhengxianbiaoxunhuan1
 174 0134 4149     		ldr r1, = 0x2228
 175 0136 D953     		strh r1, [r3, r7]
 176 0138 0237     		adds r7, r7, # 2
 177 013a 3F49     		ldr r1, = 0x5083
 178              	_guanxunhuan:
 179 013c D953     		strh r1, [r3, r7]
 180 013e 0237     		adds r7, r7, # 2
 181 0140 013D     		subs r5, r5, # 1
 182 0142 FBD1     		bne _guanxunhuan
 183              	_xiezhengxianbiaoxunhuan1:	
 184 0144 013E     		subs r6, r6, # 1
 185 0146 E5D1     		bne _xiezhengxianbiao
 186              	
 187 0148 2F48     		ldr r0, = 0x20000000
 188 014a BF08     		lsrs r7, r7, # 2
 189 014c 0760     		str r7, [r0]
 190              	
 191              	_xieflash:			@ flsh解锁
 192 014e 2948     		ldr r0, = 0x40022000
 193 0150 3B49     		ldr r1, = 0x45670123
 194 0152 4160     		str r1, [r0, # 0x04]
 195 0154 3B49     		ldr r1, = 0xcdef89ab
 196 0156 4160     		str r1, [r0, # 0x04]
 197              	
 198              						@擦除15页
 199 0158 0E25     		movs r5, # 14
 200 015a 2F4C     		ldr r4, = 0x8000400
 201 015c 0127     		movs r7, # 1
 202 015e BF02     		lsls r7, r7, # 10
 203              	_flashmang:
 204 0160 C268     		ldr r2, [r0, # 0x0c]
 205 0162 D207     		lsls r2, r2, # 31
 206 0164 FCD4     		bmi _flashmang
 207 0166 0221     		movs r1, # 2
 208 0168 0161     		str r1, [r0, # 0x10]
 209 016a 4461     		str r4, [r0, # 0x14]
 210 016c 4221     		movs r1, # 0x42
 211 016e 0161     		str r1, [r0, # 0x10]
 212 0170 3C44     		add r4, r4, r7
 213 0172 013D     		subs r5, # 1
 214 0174 F4D1     		bne _flashmang
 215              		
 216              	 					@写FLASH
 217 0176 284F     		ldr r7, = 0x8000400
 218 0178 2D4C     		ldr r4, = 0x20000004
 219 017a 0025     		movs r5, # 0
 220 017c 2946     		mov r1, r5
 221 017e 224E     		ldr r6, = 0x20000000
 222 0180 3668     		ldr r6, [r6]
ARM GAS  1.s 			page 5


 223 0182 B046     		mov r8, r6
 224              		@movs r2, # 6
 225              		@muls r6, r6, r2
 226              	_flashmang1:
 227 0184 C268     		ldr r2, [r0, # 0x0c]
 228 0186 D207     		lsls r2, r2, # 31
 229 0188 FCD4     		bmi _flashmang1
 230 018a 0122     		movs r2, # 1
 231 018c 0261     		str r2, [r0, # 0x10]
 232 018e 635B     		ldrh r3, [r4, r5]
 233 0190 7B53     		strh r3, [r7, r5]
 234 0192 0235     		adds r5, r5, # 2
 235 0194 0231     		adds r1, r1, # 2
 236 0196 4145     		cmp r1, r8
 237 0198 00D1     		bne _flashmang2
 238 019a 0021     		movs r1, # 0
 239              	_flashmang2:
 240 019c C268     		ldr r2, [r0, # 0x0c]
 241 019e D207     		lsls r2, r2, # 31
 242 01a0 FCD4     		bmi _flashmang2
 243 01a2 635B     		ldrh r3, [r4, r5]
 244 01a4 7B53     		strh r3, [r7, r5]
 245 01a6 0235     		adds r5, r5, # 2
 246 01a8 0231     		adds r1, r1, # 2
 247 01aa 4145     		cmp r1, r8
 248 01ac 00D1     		bne _xunhuanxieflash
 249 01ae 0021     		movs r1, # 0
 250              	_xunhuanxieflash:	
 251 01b0 013E     		subs r6, r6, # 1
 252 01b2 E7D1     		bne _flashmang1
 253 01b4 0324     		movs r4, # 3
 254 01b6 2449     		ldr r1, = _fanhui
 255              	_flashmang3:
 256              		
 257 01b8 C268     		ldr r2, [r0, # 0x0c]
 258 01ba D207     		lsls r2, r2, # 31
 259 01bc FCD4     		bmi _flashmang3
 260 01be 8B5B     		ldrh r3, [r1, r6]
 261 01c0 0236     		adds r6, r6, # 2
 262 01c2 7B53     	        strh r3, [r7, r5]
 263 01c4 0235     	        adds r5, r5, # 2
 264              	_flashmang4:
 265 01c6 C268     	        ldr r2, [r0, # 0x0c]
 266 01c8 D207     	        lsls r2, r2, # 31
 267 01ca FCD4     	        bmi _flashmang4
 268 01cc 8B5B     		ldrh r3, [r1, r6]
 269 01ce 0236     		adds r6, r6, # 2
 270 01d0 7B53     	        strh r3, [r7, r5]
 271 01d2 0235     	        adds r5, r5, # 2
 272 01d4 013C     		subs r4, r4, # 1
 273 01d6 EFD1     		bne _flashmang3
 274              		
 275              	_flashmang5:
 276 01d8 C268     		ldr r2, [r0, # 0x0c]
 277 01da D207     		lsls r2, r2, # 31
 278 01dc FCD4     		bmi _flashmang5
 279 01de 8021     		movs r1, # 0x80
ARM GAS  1.s 			page 6


 280              	@	str r1, [r0]          		@flsh上锁
 281 01e0 1A48     		ldr r0, = 0xe000ed0c
 282 01e2 1B49     		ldr r1, = 0x05fa0004
 283 01e4 0160     		str r1, [r0]          		@复位
 284              		
 285              	_nmi_handler:
 286 01e6 7047     		bx lr
 287              	_hard_fault:
 288 01e8 7047     		bx lr
 289              	_svc_handler:
 290 01ea 7047     		bx lr
 291              	_pendsv_handler:
 292 01ec 7047     		bx lr
 293              	_systickzhongduan:
 294 01ee 7047     		bx lr
 295              	aaa:
 296 01f0 70470000 		bx lr
 296      00200240 
 296      00100240 
 296      01000100 
 296      02003100 
ARM GAS  1.s 			page 7


DEFINED SYMBOLS
                 1.s:9      .data:0000000000000000 _zhengxianbiao
                 1.s:11     .data:000000000000001f $d
                 1.s:12     .data:0000000000000020 _fanhui
                 1.s:14     *ABS*:0000000020001000 STACKINIT
                 1.s:16     .text:0000000000000000 vectors
                 1.s:61     .text:00000000000000b0 _start
                 1.s:285    .text:00000000000001e6 _nmi_handler
                 1.s:287    .text:00000000000001e8 _hard_fault
                 1.s:289    .text:00000000000001ea _svc_handler
                 1.s:291    .text:00000000000001ec _pendsv_handler
                 1.s:295    .text:00000000000001f0 aaa
                            .text:0000000000000000 $d
                 1.s:62     .text:00000000000000b0 $t
                 1.s:63     .text:00000000000000b2 shizhong
                 1.s:70     .text:00000000000000be denghse
                 1.s:74     .text:00000000000000c4 dengpllguan
                 1.s:82     .text:00000000000000d2 dengpll
                 1.s:86     .text:00000000000000d8 _neicunqingling
                 1.s:90     .text:00000000000000de _neicunqinglingxunhuan
                 1.s:94     .text:00000000000000e4 _waisheshizhong
                 1.s:109    .text:00000000000000ee io_she_zhi
                 1.s:148    .text:000000000000010a _xiezhengxianbo
                 1.s:154    .text:0000000000000114 _xiezhengxianbiao
                 1.s:159    .text:000000000000011c _kai
                 1.s:171    .text:0000000000000130 _guan
                 1.s:166    .text:0000000000000128 _kaixunhuan
                 1.s:183    .text:0000000000000144 _xiezhengxianbiaoxunhuan1
                 1.s:178    .text:000000000000013c _guanxunhuan
                 1.s:191    .text:000000000000014e _xieflash
                 1.s:203    .text:0000000000000160 _flashmang
                 1.s:226    .text:0000000000000184 _flashmang1
                 1.s:239    .text:000000000000019c _flashmang2
                 1.s:250    .text:00000000000001b0 _xunhuanxieflash
                 1.s:255    .text:00000000000001b8 _flashmang3
                 1.s:264    .text:00000000000001c6 _flashmang4
                 1.s:275    .text:00000000000001d8 _flashmang5
                 1.s:293    .text:00000000000001ee _systickzhongduan
                 1.s:296    .text:00000000000001f2 $d
                 1.s:296    .text:00000000000001f4 $d

NO UNDEFINED SYMBOLS
