ARM GAS  1.s 			page 1


   1              	@ stm32f030f4p6 asm 
   2              		 .thumb                 
   3              	         .syntax unified
   4              	.section .data	
   5              	        	.equ STACKINIT,          0x20000300
   6              			.equ shumaguanma,	0x20000000
   7 0000 FC000000 	shumaguanmabiao:	.int 0xfc,0x60,0xda,0xf2,0x66,0xb6,0xbe,0xe0,0xfe,0xf6
   7      60000000 
   7      DA000000 
   7      F2000000 
   7      66000000 
   8 0028 D8090000 	wendubiao:     .int 2520,2500,2460,2430,2410,2370,2340,2310,2260,2230,2200,2160,2130,2090,2050,2010
   8      C4090000 
   8      9C090000 
   8      7E090000 
   8      6A090000 
   9              		
  10              	.section .text
  11              	vectors:        
  12 0000 00030020 	        .word STACKINIT         
  13 0004 41000000 	        .word _start + 1        
  14 0008 A3020000 	        .word _nmi_handler + 1  
  15 000c A5020000 	        .word _hard_fault  + 1  
  16 0010 00000000 	        .word 0 
  17 0014 00000000 	        .word 0    
  18 0018 00000000 	        .word 0
  19 001c 00000000 		.word 0
  20 0020 00000000 		.word 0
  21 0024 00000000 		.word 0
  22 0028 00000000 		.word 0
  23 002c A7020000 		.word _svc_handler +1
  24 0030 00000000 		.word 0 
  25 0034 00000000 		.word 0
  26 0038 A9020000 		.word _pendsv_handler +1
  27 003c AB020000 		.word _systick +1   
  28              	
  29              	_start:
  30              	shizhong:
  31 0040 9D48     		ldr r0, = 0x40021000 @ rcc
  32 0042 9E4A     		ldr r2, = 0x40022000   @FLASH访问控制
  33 0044 3221     		movs r1, # 0x32
  34 0046 1160     		str r1, [r2]           @FLASH缓冲 缓冲开启
  35 0048 9D49     		ldr r1, = 0x110002     @HSE-PLL 6
  36 004a 4160     		str r1, [r0, # 0x04]
  37 004c 9D49     		ldr r1, = 0x1090001
  38 004e 0160     		str r1, [r0]
  39              	dengrc:
  40 0050 0168     		ldr r1, [r0]
  41 0052 8907     		lsls r1, # 30
  42 0054 FCD5     		bpl dengrc
  43              	dengjingzhen:
  44 0056 0168     		ldr r1, [r0]
  45 0058 8903     		lsls r1, # 14
  46 005a FCD5     		bpl dengjingzhen
  47              	dengpll:
  48 005c 0168     		ldr r1, [r0]
  49 005e 8901     		lsls r1, # 6
ARM GAS  1.s 			page 2


  50 0060 FCD5     		bpl dengpll
  51              		@0x34时钟控制寄存器 2 (RCC_CR2)
  52 0062 0121     		movs r1, # 0x01
  53 0064 4163     		str r1, [r0, # 0x34]  @ HSI开14M时钟
  54              	dengdai14mshizhongwending:
  55 0066 416B     		ldr r1, [r0, # 0x34]
  56 0068 8907     		lsls r1, r1, # 30     @ 左移30位
  57 006a FCD5     		bpl dengdai14mshizhongwending  @ 等待14M时钟稳定
  58              		
  59              	waisheshizhong:	 @ 外设时钟              
  60              		@+0x18外设时钟使能寄存器 (RCC_APB2ENR)
  61              		@ （0）SYSCFGEN（9）ADC（11）TIM1（12）SPI（14）USART1
  62              		@ （16）TIM15 （17）TIM6（18）TIM17 (22)DBGMCU
  63 006c 9649     		ldr r1, = 0x200
  64 006e 8161     		str r1, [r0, # 0x18]  
  65              		@ DMA（0）SRAM（2）FLITF（4）CRC（6）PA（17）
  66              		@PB（18）PC（19）PD（20）PF（22）TSCEN（24）
  67 0070 9648     		ldr r0, = 0x40021014    @ AHB外部时钟
  68 0072 9749     		ldr r1, = 0x60014       @ 开时钟
  69 0074 0160     		str r1, [r0]
  70              		
  71 0076 9748     		ldr r0, = 0x4002101c
  72 0078 9749     		ldr r1, = 0x132
  73 007a 0160     		str r1, [r0]
  74              	systick:
  75              		@ 0xe000ed20 30-31 优先级
  76 007c 9748     		ldr r0, = 0xe000e010
  77 007e 9849     		ldr r1, = 47999 @ 重载数
  78 0080 4160     		str r1, [r0, # 4] @ 写入重载数
  79 0082 8160     		str r1, [r0, # 8] @ 清除当前数
  80 0084 0021     		movs r1, # 0
  81 0086 0160     		str r1, [r0] @ 开定时器
  82              	adcchushihua:
  83 0088 9648     		ldr r0, = 0x40012400  @ adc基地址
  84 008a 9749     		ldr r1, = 0x80000000
  85 008c 8160     		str r1, [r0, # 0x08]  @ ADC 控制寄存器 (ADC_CR)  @adc校准
  86              	dengadcjiaozhun:
  87 008e 8168     		ldr r1, [r0, # 0x08]
  88 0090 0900     		 movs r1, r1
  89 0092 FCD4     		bmi dengadcjiaozhun   @ 等ADC校准
  90              	kaiadc:
  91 0094 8168     		ldr r1, [r0, # 0x08]
  92 0096 0122     		movs r2, # 0x01
  93 0098 1143     		orrs r1, r1, r2
  94 009a 8160     		str r1, [r0, # 0x08]
  95              	dengdaiadcwending:
  96 009c 0168     		ldr r1, [r0]
  97 009e C907     		lsls r1, r1, # 31
  98              		@bpl dengdaiadcwending @ 等ADC稳定
  99              	tongdaoxuanze:
 100 00a0 0121     		ldr r1, = 0x01
 101 00a2 8162     		str r1, [r0, # 0x28]    @ 通道选择寄存器 (ADC_CHSELR)
 102 00a4 9149     		ldr r1, = 0x2000        @ 13 连续转换
 103 00a6 C160     		str r1, [r0, # 0x0c]    @ 配置寄存器 1 (ADC_CFGR1)
 104 00a8 0521     		movs r1, # 0x05         @ 
 105 00aa 4161     		str r1, [r0, # 0x14]    @ ADC 采样时间寄存器 (ADC_SMPR)
 106 00ac 8168     		ldr r1, [r0, # 0x08]
ARM GAS  1.s 			page 3


 107 00ae 0422     		movs r2, # 0x04         @ 开始转换
 108 00b0 1143     		orrs r1, r1, r2
 109 00b2 8160     		str r1, [r0, # 0x08]    @ 控制寄存器 (ADC_CR)
 110              	
 111              	
 112              		
 113              	io_she_zhi:
 114              	@@@@@@@@@@@@@@@@@@@@@@@@@@@@@@@@@@@@@@@@@@@@@@@@@@@@@@@@@@@@@@@@@@@@@@@@@@@@@@@@@@@@@@@@@@@@@@
 115              		@a(0x48000000)b(0x48000400)c(0x48000800)d(0x48000c00)f(0x48001400)
 116              		@ 输入（00），通用输出（01），复用功能（10），模拟（11）
 117              		@偏移0x4 = 端口输出类型 @ （0 推挽），（ 1 开漏）
 118              		@偏移0x8 = 输出速度  00低速， 01中速， 11高速
 119              		@偏移0xC = 上拉下拉 00无上下拉，  01 上拉， 10下拉
 120              		@偏移0x10 = 输入数据寄存器
 121              		@偏移0x14 = 输出数据寄存器
 122              		@偏移0x18 = 端口开  0-15置位 
 123              		@偏移0x28 = 端口关
 124              		@0X20 = 复用低
 125              		@GPIO口0（0-3位）每个IO口占用4位
 126              		@ AF0 = 0X0000, AF1 = 0X0001, AF2 = 0X0010 AF3 = 0X0011, AF4 = 0X0100
 127              		@ AF5 = 0X0101, AF6 = 0X0111, AF7 = 0X1000
 128              		@0x24 = 复用高
 129              		@GPIO口8 （0-3位）每个IO口占用4位
 130              		@ AF0 = 0X0000, AF1 = 0X0001, AF2 = 0X0010 AF3 = 0X0011, AF4 = 0X0100
 131              		@ AF5 = 0X0101, AF6 = 0X0111, AF7 = 0X1000
 132              	@@@@@@@@@@@@@@@@@@@@@@@@@@@@@@@@@@@@@@@@@@@@@@@@@@@@@@@@@@@@@@@@@@@@@@@@@@@@@@@@@@@@@@@@@@@@@@
 133 00b4 8E48     		ldr r0, = 0x48000000
 134 00b6 8F49     		ldr r1, = 0x28005403
 135 00b8 0160     		str r1, [r0]
 136 00ba 0021     		movs r1, # 0
 137 00bc C160     		str r1, [r0, # 0x0c]
 138 00be 8168     		ldr r1, [r0, # 0x08]
 139 00c0 8D4A     		ldr r2, = 0xfc00
 140 00c2 1143     		orrs r1, r2
 141 00c4 8160     		str r1, [r0, # 0x08]
 142              	
 143              		
 144 00c6 8D49     		ldr r1, = 0x20000300
 145 00c8 0020     		movs r0, # 0
 146 00ca 0860     		str r0, [r1]
 147              	
 148              	
 149 00cc 8C4B     		        ldr r3, = 0x48000400
 150 00ce 0421     		        ldr r1, = 0x04
 151 00d0 1960     		        str r1, [r3]
 152              	
 153              	
 154              		
 155              	jishu:
 156 00d2 0020     		movs r0, # 0
 157 00d4 0221     		movs r1, # 0x02
 158 00d6 9962     		str r1, [r3, # 0X28]
 159 00d8 8A4A     		ldr r2, = 6000
 160 00da 9446     		mov r12, r2
 161 00dc 00F0DCF8 		bl yanshius
 162 00e0 0021     		movs r1, # 0
 163 00e2 1960     		str r1, [r3]
ARM GAS  1.s 			page 4


 164              	pbgaopanduan:
 165 00e4 1969     		ldr r1, [r3, # 0x10]
 166 00e6 8907     		lsls r1, # 30
 167 00e8 FCD5     		bpl pbgaopanduan
 168              	pbdipanduan:
 169 00ea 1969     		ldr r1, [r3, # 0x10]
 170 00ec 8907     		lsls r1, # 30
 171 00ee FCD4     		bmi pbdipanduan
 172              	pb_di:
 173 00f0 1969     		ldr r1, [r3, # 0x10]
 174 00f2 8907     		lsls r1, # 30
 175 00f4 FCD5     		bpl pb_di
 176              	
 177              	xie18b20:
 178 00f6 00F01FF8 		bl ds18b20_0
 179 00fa 00F01DF8 		bl ds18b20_0
 180 00fe 00F024F8 		bl ds18b20_1
 181 0102 00F022F8 		bl ds18b20_1
 182 0106 00F017F8 		bl ds18b20_0
 183 010a 00F015F8 		bl ds18b20_0
 184 010e 00F01CF8 		bl ds18b20_1
 185 0112 00F01AF8 		bl ds18b20_1
 186              	
 187 0116 00F00FF8 		bl ds18b20_0
 188 011a 00F00DF8 		bl ds18b20_0
 189 011e 00F014F8 		bl ds18b20_1
 190 0122 00F009F8 		bl ds18b20_0
 191 0126 00F007F8 		bl ds18b20_0
 192 012a 00F005F8 		bl ds18b20_0
 193 012e 00F00CF8 		bl ds18b20_1
 194 0132 00F001F8 		bl ds18b20_0
 195              		
 196 0136 11E0     		b cccc1
 197              		
 198              	
 199              	ds18b20_0:
 200 0138 FFB5     		push {r0-r7,lr}
 201 013a 0221     		movs r1, # 0x02
 202 013c 9962     		str r1, [r3, # 0x28]
 203 013e 724A     		ldr r2, = 300
 204 0140 9446     		mov r12, r2
 205 0142 00F0A9F8 		bl yanshius
 206 0146 9961     		str r1, [r3, # 0x18]
 207 0148 FFBD     		pop {r0-r7,pc}
 208              		
 209              	ds18b20_1:
 210 014a FFB5     		push {r0-r7,lr}
 211 014c 0221     		movs r1, # 0x02
 212 014e 9962     		str r1, [r3, # 0x28]
 213 0150 0A22     		movs r2, # 10
 214 0152 9446     		mov r12, r2
 215 0154 00F0A0F8 		bl yanshius
 216 0158 9961     		str r1, [r3, # 0x18]
 217 015a FFBD     		pop {r0-r7,pc}
 218              	
 219              	
 220              	
ARM GAS  1.s 			page 5


 221              	cccc1:
 222 015c 0130     		adds r0, r0, # 1
 223 015e 1969     		ldr r1, [r3, # 0x10]
 224 0160 8907     		lsls r1, # 30
 225 0162 FBD4     		bmi cccc1
 226              	
 227              	
 228              		
 229 0164 0821     		movs r1, # 8
 230 0166 694A     		ldr r2, = shumaguanma
 231 0168 00F024F8 		bl zhuanshumaguanma
 232              	aaaa:
 233 016c 0826     		movs r6, # 8
 234 016e B600     		lsls r6, # 2
 235 0170 00F033F8 		bl xieshumaguan
 236 0174 FAE7     		b aaaa
 237              	
 238              		
 239              		
 240              	shiyan:
 241 0176 FF27     		ldr r7, = 0xff
 242 0178 6548     		ldr r0, = 0x40012440
 243 017a 0068     		ldr r0, [r0]
 244 017c 6549     		ldr r1, = 3300
 245 017e 4843     		muls r0, r1
 246 0180 6549     		ldr r1, = 4096
 247 0182 8446     		mov r12, r0
 248 0184 8B46     		mov r11, r1
 249 0186 00F05DF8 		bl chufa
 250 018a 6046     		mov r0, r12
 251 018c 634A     		ldr r2, = wendubiao
 252 018e 0024     		movs r4, # 0
 253              	panduanwendu:
 254 0190 1359     		ldr r3, [r2, r4]
 255 0192 8342     		cmp r3, r0
 256 0194 01D3     		bcc dedaowendu
 257 0196 0434     		adds r4, r4, # 4
 258 0198 FAE7     		b panduanwendu
 259              	dedaowendu:	
 260 019a A408     		lsrs r4, # 2
 261 019c 2046     		mov r0, r4
 262 019e 0821     		ldr r1, = 8
 263 01a0 5A4A     		ldr r2, = shumaguanma
 264 01a2 00F007F8 		bl zhuanshumaguanma
 265              	CC1:	
 266 01a6 0826     		movs r6, # 8
 267 01a8 B600     		lsls r6, # 2
 268 01aa 00F016F8 		bl xieshumaguan
 269 01ae 013F     		subs r7, # 1
 270 01b0 F9D1     		bne CC1
 271 01b2 E0E7     		b shiyan
 272              		
 273              	zhuanshumaguanma:@ 16进制转数码管码
 274              			@ R0要转的数据， R1长度，R2结果表首地址
 275 01b4 FFB5     		push {r0-r7,lr}
 276 01b6 5A4F     		ldr r7, = shumaguanmabiao
 277 01b8 0A25     		movs r5, # 10
ARM GAS  1.s 			page 6


 278 01ba AB46     		mov r11, r5
 279              	xunhuanqiuma:
 280 01bc 8446     		mov r12, r0
 281 01be 00F041F8 		bl chufa
 282 01c2 6446     		mov r4, r12
 283 01c4 6C43     		muls r4, r5
 284 01c6 2646     		mov r6, r4
 285 01c8 831B     		subs r3, r0, r6
 286 01ca 9B00     		lsls r3, # 2
 287 01cc FE58     		ldr r6, [r7, r3]
 288 01ce 1660     		str r6, [r2]
 289 01d0 0432     		adds r2, r2, # 4
 290 01d2 6046     		mov r0, r12
 291 01d4 0139     		subs r1, # 1
 292 01d6 F1D1     		bne xunhuanqiuma
 293 01d8 FFBD     		pop {r0-r7,pc}
 294              		
 295              	xieshumaguan: @ r6=位数 @数码管码
 296 01da FFB5     		push {r0-r7,lr}
 297 01dc 5149     		ldr r1, = 0xfefefefe
 298 01de 0122     		movs r2, # 0x01
 299 01e0 0027     		movs r7, # 0
 300 01e2 4A4D     		ldr r5, = shumaguanma
 301              	shumaguanshuaxin:
 302 01e4 EB59     		ldr r3, [r5, r7]
 303 01e6 0C0E     		lsrs r4, r1, # 24
 304 01e8 2402     		lsls r4, r4, # 8
 305 01ea 1C43     		orrs r4, r4, r3
 306 01ec A446     		mov r12, r4
 307 01ee 00F005F8 		bl xie595
 308 01f2 D141     		rors r1, r2
 309 01f4 0437     		adds  r7, r7, # 4
 310 01f6 B742     		cmp r7, r6
 311 01f8 F4D3     		bcc shumaguanshuaxin
 312 01fa FFBD     		pop {r0-r7,pc}
 313              		
 314              	xie595: @ R12=要写的数据
 315 01fc FFB5     		push {r0-r7,lr}
 316 01fe 4020     		movs r0, # 0x40
 317 0200 8027     		movs r7, # 0x80 
 318 0202 2026     		movs r6, # 0x20 
 319 0204 6546     		mov r5, r12
 320 0206 1023     		movs r3, # 16   @16位
 321 0208 394A     		ldr r2, = 0x48000000 @ gpioa
 322 020a 0121     		movs r1, # 0x01
 323              	xunhuan595:
 324 020c 9761     		str r7, [r2, # 0x18]
 325 020e 00F014F8 		bl yanshi
 326 0212 0D42     		tst r5, r1
 327 0214 01D1     		bne xie595_0
 328 0216 9062     		str r0, [r2, # 0x28]
 329 0218 00E0     		b suocun595
 330              	xie595_0:
 331 021a 9061     		str r0, [r2, # 0x18]
 332              	suocun595:
 333 021c 00F00DF8 		bl yanshi
 334 0220 6D08     		lsrs r5, # 1
ARM GAS  1.s 			page 7


 335 0222 9762     		str r7, [r2, # 0x28]
 336 0224 00F009F8 		bl yanshi
 337 0228 013B     		subs r3, r3, # 1
 338 022a EFD1     		bne xunhuan595
 339 022c 9661     		str r6, [r2, # 0x18]
 340 022e 00F004F8 		bl yanshi
 341 0232 9662     		str r6, [r2, # 0x28]
 342 0234 00F001F8 		bl yanshi
 343 0238 FFBD     		pop {r0-r7,pc}
 344              	
 345              	yanshi:
 346 023a FFB5     		push {r0-r7,lr}
 347 023c 0A20     		ldr r0, = 10
 348              	yanshi1:
 349 023e 0138     		subs r0, # 1
 350 0240 FDD1     		bne yanshi1
 351 0242 FFBD     		pop {r0-r7,pc}
 352              		
 353              	chufa:	@软件除法
 354              		@ r12 除以 R11
 355 0244 FFB5     		push {r0-r7,lr}
 356 0246 6646     		mov r6, r12
 357 0248 002E     		cmp r6, # 0
 358 024a 1BD0     		beq chufafanhui
 359 024c 5F46     		mov r7, r11
 360 024e 002F     		cmp r7, # 0
 361 0250 18D0     		beq chufafanhui
 362 0252 0020     		movs r0, # 0
 363              	chufaxunhuan:
 364 0254 B446     		mov r12, r6
 365 0256 00F016F8 		bl jianceweishu
 366 025a 6246     		mov r2, r12
 367 025c BC46     		mov r12, r7
 368 025e 00F012F8 		bl jianceweishu
 369 0262 6346     		mov r3, r12
 370 0264 9A1A     		subs r2, r3, r2
 371 0266 3C46     		mov r4, r7
 372 0268 9440     		lsls r4, r2
 373 026a 2346     		mov r3, r4
 374 026c 9E42     		cmp r6, r3
 375 026e 00D3     		bcc dd1
 376 0270 01E0     		b dd2
 377              	dd1:
 378 0272 013A     		subs r2, r2, # 1
 379 0274 5B08     		lsrs r3, # 1
 380              	dd2:
 381 0276 F61A     		subs r6, r6, r3
 382 0278 0123     		movs r3, # 1
 383 027a 9340     		lsls r3, r2
 384 027c 1843     		orrs  r0, r3
 385 027e BE42     		cmp r6, r7
 386 0280 E8D2     		bcs chufaxunhuan
 387 0282 8446     		mov r12, r0
 388              	chufafanhui:
 389 0284 FFBD     		pop {r0-r7,pc}
 390              	
 391              	jianceweishu:
ARM GAS  1.s 			page 8


 392 0286 FFB5     		push {r0-r7,lr}
 393 0288 0020     		movs r0, # 0
 394 028a 6146     		mov r1, r12
 395              	jianceweishu1:
 396 028c 02D4     		bmi weishufanhui
 397 028e 0130     		adds r0, r0, # 1
 398 0290 4900     		lsls r1, # 1
 399 0292 FBE7     		b jianceweishu1
 400              	weishufanhui:
 401 0294 8446     		mov r12, r0
 402 0296 FFBD     		pop {r0-r7,pc}
 403              	yanshius: @ 10 = 1us
 404 0298 FFB5     		push {r0-r7,lr}
 405 029a 6046     		mov r0, r12
 406              	usxunhuan:
 407 029c 0138     		subs r0, r0, # 1
 408 029e FDD1     		bne usxunhuan
 409 02a0 FFBD     		pop {r0-r7,pc}
 410              	_nmi_handler:
 411 02a2 7047     		bx lr
 412              	_hard_fault:
 413 02a4 7047     		bx lr
 414              	_svc_handler:
 415 02a6 7047     		bx lr
 416              	_pendsv_handler:
 417 02a8 7047     		bx lr
 418              	_systick:
 419 02aa FFB5     		push {r0-r7,lr}
 420 02ac 1348     		ldr r0, = 0x20000300
 421 02ae 0168     		ldr r1, [r0]
 422 02b0 0131     		adds r1, r1, # 1
 423 02b2 0160     		str r1, [r0]
 424 02b4 FFBD     		pop {r0-r7,pc}
 425              		
 426 02b6 00000010 		
 426      02400020 
 426      02400200 
 426      11000100 
 426      09010002 
ARM GAS  1.s 			page 9


DEFINED SYMBOLS
                 1.s:5      *ABS*:20000300 STACKINIT
                 1.s:6      *ABS*:20000000 shumaguanma
                 1.s:7      .data:00000000 shumaguanmabiao
                 1.s:8      .data:00000028 wendubiao
                 1.s:11     .text:00000000 vectors
                 1.s:29     .text:00000040 _start
                 1.s:410    .text:000002a2 _nmi_handler
                 1.s:412    .text:000002a4 _hard_fault
                 1.s:414    .text:000002a6 _svc_handler
                 1.s:416    .text:000002a8 _pendsv_handler
                 1.s:418    .text:000002aa _systick
                 1.s:30     .text:00000040 shizhong
                            .text:00000000 $d
                 1.s:31     .text:00000040 $t
                 1.s:39     .text:00000050 dengrc
                 1.s:43     .text:00000056 dengjingzhen
                 1.s:47     .text:0000005c dengpll
                 1.s:54     .text:00000066 dengdai14mshizhongwending
                 1.s:59     .text:0000006c waisheshizhong
                 1.s:74     .text:0000007c systick
                 1.s:82     .text:00000088 adcchushihua
                 1.s:86     .text:0000008e dengadcjiaozhun
                 1.s:90     .text:00000094 kaiadc
                 1.s:95     .text:0000009c dengdaiadcwending
                 1.s:99     .text:000000a0 tongdaoxuanze
                 1.s:113    .text:000000b4 io_she_zhi
                 1.s:155    .text:000000d2 jishu
                 1.s:403    .text:00000298 yanshius
                 1.s:164    .text:000000e4 pbgaopanduan
                 1.s:168    .text:000000ea pbdipanduan
                 1.s:172    .text:000000f0 pb_di
                 1.s:177    .text:000000f6 xie18b20
                 1.s:199    .text:00000138 ds18b20_0
                 1.s:209    .text:0000014a ds18b20_1
                 1.s:221    .text:0000015c cccc1
                 1.s:273    .text:000001b4 zhuanshumaguanma
                 1.s:232    .text:0000016c aaaa
                 1.s:295    .text:000001da xieshumaguan
                 1.s:240    .text:00000176 shiyan
                 1.s:353    .text:00000244 chufa
                 1.s:253    .text:00000190 panduanwendu
                 1.s:259    .text:0000019a dedaowendu
                 1.s:265    .text:000001a6 CC1
                 1.s:279    .text:000001bc xunhuanqiuma
                 1.s:301    .text:000001e4 shumaguanshuaxin
                 1.s:314    .text:000001fc xie595
                 1.s:323    .text:0000020c xunhuan595
                 1.s:345    .text:0000023a yanshi
                 1.s:330    .text:0000021a xie595_0
                 1.s:332    .text:0000021c suocun595
                 1.s:348    .text:0000023e yanshi1
                 1.s:388    .text:00000284 chufafanhui
                 1.s:363    .text:00000254 chufaxunhuan
                 1.s:391    .text:00000286 jianceweishu
                 1.s:377    .text:00000272 dd1
                 1.s:380    .text:00000276 dd2
ARM GAS  1.s 			page 10


                 1.s:395    .text:0000028c jianceweishu1
                 1.s:400    .text:00000294 weishufanhui
                 1.s:406    .text:0000029c usxunhuan
                 1.s:426    .text:000002b6 $d
                 1.s:426    .text:000002b8 $d

NO UNDEFINED SYMBOLS
