ARM GAS  1.s 			page 1


   1              			@ stm32f030f4p6 asm
   2              		 .thumb
   3              		         .syntax unified
   4              	.section .data
   5              	zhengxian1k:
   6 0000 30003300 		.short 0x30,0x33,0x36,0x38,0x3b,0x3e,0x41,0x44,0x47,0x49,0x4c,0x4e,0x50,0x52,0x54,0x56,0x58,0x59,0
   6      36003800 
   6      3B003E00 
   6      41004400 
   6      47004900 
   7              	qingping:
   8 00c8 20202020 		.ascii "                "
   8      20202020 
   8      20202020 
   8      20202020 
   9              	zheng:
  10 00d8 3E       		.ascii ">"
  11              	fu:
  12 00d9 3C       		.ascii	"<"
  13              	fute:
  14 00da 56       		.ascii "V"
  15              	fute1:
  16 00db 563D     		.ascii	"V="
  17              	lcdshuju:
  18 00dd 796A6D77 		.ascii  "yjmwxwx-20180303"
  18      7877782D 
  18      32303138 
  18      30333033 
  19              	dianhua:	
  20 00ed 20202020 		.ascii	"      15552208295"
  20      20203135 
  20      35353232 
  20      30383239 
  20      35
  21              	qq:
  22 00fe 20202051 		.ascii	"   QQ:3341656346"
  22      513A3333 
  22      34313635 
  22      36333436 
  23              		.equ STACKINIT,        	        0x20001000
  24              		.equ asciimabiao,		0x20000000
  25              		.equ jishu,			0x20000010
  26              		.equ caiyangbiaozhizhen,	0x20000020
  27              		.equ caiyangbiao,		0x20000024
  28              		.equ adczhengfu,		0x20000104	@1正0负
  29              	.section .text
  30              	vectors:
  31 0000 00100020 		.word STACKINIT
  32 0004 B1000000 		.word _start + 1
  33 0008 2D040000 		.word _nmi_handler + 1
  34 000c 2F040000 		.word _hard_fault  + 1
  35 0010 00000000 		.word 0
  36 0014 00000000 		.word 0
  37 0018 00000000 		.word 0
  38 001c 00000000 		.word 0
  39 0020 00000000 		.word 0
  40 0024 00000000 		.word 0
ARM GAS  1.s 			page 2


  41 0028 00000000 		.word 0
  42 002c 31040000 		.word _svc_handler +1
  43 0030 00000000 		.word 0
  44 0034 00000000 		.word 0
  45 0038 33040000 		.word _pendsv_handler +1
  46 003c 35040000 		.word _systickzhongduan +1               @ 15
  47 0040 43040000 		.word aaa +1     @ _wwdg +1          @ 0
  48 0044 43040000 		.word aaa +1     @_pvd +1            @ 1
  49 0048 43040000 		.word aaa +1     @_rtc +1            @ 2
  50 004c 43040000 		.word aaa +1     @_flash +1          @ 3
  51 0050 43040000 		.word aaa +1	@ _rcc + 1          @ 4
  52 0054 43040000 		.word aaa +1      @_exti0_1  +1      @ 5
  53 0058 43040000 		.word aaa +1      @ _exti2_3 +1      @ 6
  54 005c 43040000 		.word aaa +1       @_exti4_15 +1     @ 7
  55 0060 43040000 		.word aaa +1                         @ 8
  56 0064 43040000 		.word aaa +1 	@_dma1_1  +1    @ 9
  57 0068 43040000 		.word aaa +1    @_dma1_2_3 +1        @ 10
  58 006c 43040000 		.word aaa +1       @_dma1_4_5 +1     @ 11
  59 0070 43040000 		.word aaa +1	 @_adc1 +1          @ 12
  60 0074 43040000 		.word aaa +1       @_tim1_brk_up +1  @ 13
  61 0078 43040000 		.word aaa +1        @ _tim1_cc +1    @ 14
  62 007c 43040000 		.word aaa +1         @_tim2 +1       @ 15
  63 0080 43040000 		.word aaa +1          @_tim3 +1      @ 16
  64 0084 43040000 		.word aaa +1                         @ 17
  65 0088 43040000 		.word aaa +1		                @ 18
  66 008c 43040000 		.word aaa +1	@_tim14 +1    @ 19
  67 0090 43040000 		.word aaa +1                         @ 20
  68 0094 43040000 		.word aaa +1         @_tim16 +1      @ 21
  69 0098 43040000 		.word aaa +1         @_tim17 +1      @ 22
  70 009c 43040000 		.word aaa +1          @_i2c   +1     @ 23
  71 00a0 43040000 		.word aaa +1                         @ 24
  72 00a4 43040000 		.word aaa +1           @_spi   +1    @ 25
  73 00a8 43040000 		.word aaa +1                         @ 26
  74 00ac 43040000 		.word aaa +1         @_usart1 +1     @ 27
  75              		.align 2
  76              	
  77              	_start:
  78              	shizhong:
  79 00b0 9C48     		ldr r0, = 0x40021000 @ rcc
  80 00b2 9D4A     		ldr r2, = 0x40022000   @FLASH访问控制
  81 00b4 3221     		movs r1, # 0x32
  82 00b6 1160     		str r1, [r2]           @FLASH缓冲 缓冲开启
  83 00b8 9A48     		ldr r0, = 0x40021000 @ rcc
  84 00ba 9C49     		ldr r1, = 0x100002
  85 00bc 4160     		str r1, [r0, # 0x04]
  86 00be 9C49     		ldr r1, = 0x1000001
  87 00c0 0160     		str r1, [r0]
  88              	dengrc:
  89 00c2 0168     		ldr r1, [r0]
  90 00c4 8907     		lsls r1, # 30
  91 00c6 FCD5     		bpl dengrc
  92              	dengpll:
  93 00c8 0168     		ldr r1, [r0]
  94 00ca 8901     		lsls r1, # 6
  95 00cc FCD5     		bpl dengpll
  96              		@0x34时钟控制寄存器 2 (RCC_CR2)
  97 00ce 0121     		movs r1, # 0x01
ARM GAS  1.s 			page 3


  98 00d0 4163     		str r1, [r0, # 0x34]  @ HSI开14M时钟
  99              	dengdai14mshizhongwending:
 100 00d2 416B     		ldr r1, [r0, # 0x34]
 101 00d4 8907     		lsls r1, r1, # 30     @ 左移30位
 102 00d6 FCD5     		bpl dengdai14mshizhongwending  @ 等待14M时钟稳定
 103              	
 104              	neicunqingling:
 105 00d8 9648     		ldr r0, = 0x20000000
 106 00da 0021     		movs r1, # 0
 107 00dc 964B     		ldr r3, = 0x1000
 108              	neicunqinglingxunhuan:
 109 00de 043B     		subs r3, # 4
 110 00e0 C150     		str r1, [r0, r3]
 111 00e2 FCD1     		bne neicunqinglingxunhuan
 112              	
 113              	_waisheshizhong:			 @ 外设时钟
 114              		@+0x14=RCC_AHBENR
 115              		@0=DMA @2=SRAM @4=FLITF@6=CRC @17=PA @18=PB @19=PC @20=PD @22=PF
 116 00e4 8F48     		ldr r0, = 0x40021000
 117 00e6 9549     		ldr r1, = 0x460005
 118 00e8 4161     		str r1, [r0, # 0x14]
 119              	
 120              		@+0x18外设时钟使能寄存器 (RCC_APB2ENR)
 121              		@0=SYSCFG @5=USART6EN @9=ADC @11=TIM1 @12=SPI1 @14=USART1 @16=TIM15 @17=TIM16 @18=TIM17 @22=DBGMCU
 122 00ea 9549     		ldr r1, = 0xa00
 123 00ec 8161     		str r1, [r0, # 0x18]
 124              		@+0X1C=RCC_APB1ENR
 125              		@1=TIM3 @4=TIM6 @5=TIM7 @8=TIM14 @11=WWDG @14=SPI @17=USRT2 @18=USART3 @20=USART5 @21=I2C1
 126              		@22=I2C2 @23=USB @28=PWR
 127              	
 128              	
 129              	tim1chushiha:
 130 00ee 9548     		ldr r0, = 0x40012c00 @ tim1_cr1
 131 00f0 0021     		movs r1, # 0
 132 00f2 8162     		str r1, [r0, # 0x28] @ psc
 133 00f4 9449     		ldr r1, = 96
 134 00f6 C162     		str r1, [r0, # 0x2c] @ ARR
 135 00f8 9449     		ldr r1, = 0x68
 136 00fa C161     		str r1, [r0, # 0x1c] @ ccmr2  CC3
 137 00fc 9449     		ldr r1, = 0x100    @  CC3
 138 00fe 0162     		str r1, [r0, # 0x20] @ ccer
 139 0100 9449     		ldr r1, = 0x8000
 140 0102 4164     		str r1, [r0, # 0x44] @ BDTR
 141 0104 9449     		ldr r1, = 0x800 @ CC3 DMA
 142 0106 C160     		str r1, [r0, # 0x0c] @ DIER
 143 0108 9449     		ldr r1, = 0xe1
 144 010a 0160     		str r1, [r0]
 145              	
 146              		
 147              	_adcchushihua:
 148 010c 9448     		ldr r0, = 0x40012400  @ adc基地址
 149 010e 9549     		ldr r1, = 0x80000000
 150 0110 8160     		str r1, [r0, # 0x08]  @ ADC 控制寄存器 (ADC_CR)  @adc校准
 151              	_dengadcjiaozhun:
 152 0112 8168     		ldr r1, [r0, # 0x08]
 153 0114 0900     		 movs r1, r1
 154 0116 FCD4     		bmi _dengadcjiaozhun   @ 等ADC校准
ARM GAS  1.s 			page 4


 155              	_kaiadc:
 156 0118 8168     		ldr r1, [r0, # 0x08]
 157 011a 0122     		movs r2, # 0x01
 158 011c 1143     		orrs r1, r1, r2
 159 011e 8160     		str r1, [r0, # 0x08]
 160              	_dengdaiadcwending:
 161 0120 0168     		ldr r1, [r0]
 162 0122 C907     		lsls r1, r1, # 31
 163 0124 FCD5     		bpl _dengdaiadcwending @ 等ADC稳定
 164              	_tongdaoxuanze:
 165 0126 9049     		ldr r1, = 0x01
 166 0128 8162     		str r1, [r0, # 0x28]    @ 通道选择寄存器 (ADC_CHSELR)
 167 012a 9049     		ldr r1, = 0x2000        @ 13 连续转换
 168 012c C160     		str r1, [r0, # 0x0c]    @ 配置寄存器 1 (ADC_CFGR1)
 169 012e 0721     		movs r1, # 0x07         @
 170 0130 4161     		str r1, [r0, # 0x14]    @ ADC 采样时间寄存器 (ADC_SMPR)
 171 0132 8168     		ldr r1, [r0, # 0x08]
 172 0134 0422     		movs r2, # 0x04         @ 开始转换
 173 0136 1143     		orrs r1, r1, r2
 174 0138 8160     		str r1, [r0, # 0x08]    @ 控制寄存器 (ADC_CR)
 175              	
 176              	dmachushihua:
 177              		@+0=LSR,+4=IFCR,
 178              		@+8=CCR1,+c=CNDTR1,+10=CPAR1+14=CMAR1,
 179              		@+1c=CCR2,+20=CNDTR2,+24=CPAR2,+28=CMAR2
 180              		@+30=CCR3,+34=CNDTR3,+38=CPAR2,+3c=CMAR3
 181              		@+44=CCR4,+48=CNDTR4,+4c=CPAR4,+50=CMAR4
 182              		@+58=CCR5,+5c=CNDTR5,+60=CPAR5,+64=CMAR5
 183              		@+6C=CCR6,+70=CNDTR6,+74=CPAR6,+78=CMAR6
 184              		@+80=CCR7,+84=CNDTR7,+88=CPAR7,+8c=CMAR7
 185              	
 186              	
 187              		@tim1ch3DMA
 188 013a 8D48     		ldr r0, = 0x40020000
 189 013c 8D49     		ldr r1, = 0x40012c3c @ 外设地址
 190 013e 0166     		str r1, [r0, # 0x60]
 191 0140 8D49     		ldr r1, = zhengxian1k @ 储存器地址
 192 0142 4166     		str r1, [r0, # 0x64]
 193 0144 8D49     		ldr r1, = 100             @点数
 194 0146 C165     		str r1, [r0, # 0x5c]
 195 0148 8D49     		ldr r1, = 0x25b1         @ 储存到外设
 196 014a 8165     		str r1, [r0, # 0x58]
 197              		
 198              	_waishezhongduan:				@外设中断
 199              		@0xE000E100    0-31  写1开，写0没效
 200              		@0XE000E180    0-31 写1关，写0没效
 201              		@0XE000E200    0-31 挂起，写0没效
 202              		@0XE000E280    0-31 清除， 写0没效
 203              	
 204              		
 205              		
 206              	_systick:				@ systick定时器初始化
 207              	
 208 014c 8D48     		ldr r0, = 0xe000e010
 209 014e 8E49     		ldr r1, = 0xffffff
 210 0150 4160     		str r1, [r0, # 4]
 211 0152 8160     		str r1, [r0, # 8]
ARM GAS  1.s 			page 5


 212 0154 0721     		movs r1, # 0x07
 213 0156 0160     		str r1, [r0]
 214              	
 215              		
 216              	io_she_zhi:
 217              		@@@@@@@@@@@@@@@@@@@@@@@@@@@@@@@@@@@@@@@@@@@@@@@@@@@@@@@@@@@@@@@@@@@@@@@@@@@@@@@@@@@@@@@@@@@@@@
 218              		@a(0x48000000)b(0x48000400)c(0x48000800)d(0x48000c00)f(0x48001400)
 219              		@ 输入（00），通用输出（01），复用功能（10），模拟（11）
 220              		@偏移0x4 = 端口输出类型 @ （0 推挽），（ 1 开漏）
 221              		@偏移0x8 = 输出速度  00低速， 01中速， 11高速
 222              		@偏移0xC = 上拉下拉 (00无上下拉，  01 上拉， 10下拉)
 223              		@偏移0x10 = 输入数据寄存器
 224              		@偏移0x14 = 输出数据寄存器
 225              		@偏移0x18 = 端口开  0-15置位
 226              		@偏移0x28 = 端口关
 227              		@0X20 = 复用低
 228              		@GPIO口0（0-3位）每个IO口占用4位
 229              		@ AF0 = 0X0000, AF1 = 0X0001, AF2 = 0X0010 AF3 = 0X0011, AF4 = 0X0100
 230              		@ AF5 = 0X0101, AF6 = 0X0111, AF7 = 0X1000
 231              		@0x24 = 复用高
 232              		@GPIO口8 （0-3位）每个IO口占用4位
 233              		@ AF0 = 0X0000, AF1 = 0X0001, AF2 = 0X0010 AF3 = 0X0011, AF4 = 0X0100
 234              		@ AF5 = 0X0101, AF6 = 0X0111, AF7 = 0X1000
 235              		@@@@@@@@@@@@@@@@@@@@@@@@@@@@@@@@@@@@@@@@@@@@@@@@@@@@@@@@@@@@@@@@@@@@@@@@@@@@@@@@@@@@@@@@@@@@@@
 236              	
 237 0158 8C48     		ldr r0, = 0x48000000
 238 015a 8D49     		ldr r1, = 0x28205553
 239 015c 0160     		str r1, [r0]
 240              	
 241 015e 8D49     		ldr r1, = 0x200
 242 0160 4162     		str r1, [r0, # 0x24]
 243              	
 244              	_lcdchushihua:
 245 0162 3320     		movs r0, # 0x33
 246 0164 0021     		movs r1, # 0
 247 0166 00F0A6F8 		bl _xielcd
 248 016a 00F09FF8 		bl _lcdyanshi
 249 016e 3220     		movs r0, # 0x32
 250 0170 0021     		movs r1, # 0
 251 0172 00F0A0F8 		bl _xielcd
 252 0176 00F099F8 		bl _lcdyanshi
 253 017a 2820     		movs r0, # 0x28
 254 017c 0021     		movs r1, # 0
 255 017e 00F09AF8 		bl _xielcd
 256 0182 00F093F8 		bl _lcdyanshi
 257 0186 0C20     		movs r0, # 0x0c
 258 0188 0021     		movs r1, # 0
 259 018a 00F094F8 		bl _xielcd
 260 018e 00F08DF8 		bl _lcdyanshi
 261 0192 0120     		movs r0, # 0x01
 262 0194 0021     		movs r1, # 0
 263 0196 00F08EF8 		bl _xielcd
 264 019a 00F087F8 		bl _lcdyanshi
 265              	
 266              	tingting:
 267 019e 7E48     		ldr r0, = jishu
 268 01a0 0168     		ldr r1, [r0]
ARM GAS  1.s 			page 6


 269 01a2 0229     		cmp r1, # 2
 270 01a4 04D0     		beq _lcddi1
 271 01a6 0429     		cmp r1, # 4
 272 01a8 0CD0     		beq _lcddi2
 273 01aa 0629     		cmp r1, # 6
 274 01ac 11D0     		beq _lcddi3
 275 01ae 19E0     		b _tiaoguolcdxunhuan
 276              	_lcddi1:
 277 01b0 8020     		movs r0, # 0x80
 278 01b2 7A49     		ldr r1, = lcdshuju
 279 01b4 1022     		movs r2, # 16
 280 01b6 FF23     		movs r3, # 0xff
 281 01b8 00F06AF8 		bl _lcdxianshi
 282 01bc 6C48     		ldr r0, = 0x40020000
 283 01be 7849     		ldr r1, = 0
 284 01c0 8160     		str r1, [r0, # 0x08]
 285 01c2 0FE0     		b _tiaoguolcdxunhuan
 286              	_lcddi2:
 287 01c4 8020     		movs r0, # 0x80
 288 01c6 7749     		ldr r1, = dianhua
 289 01c8 1022     		movs r2, # 16
 290 01ca FF23     		movs r3, # 0xff
 291 01cc 00F060F8 		bl _lcdxianshi
 292 01d0 08E0     		b _tiaoguolcdxunhuan
 293              	_lcddi3:
 294              		
 295 01d2 8020     		movs r0, # 0x80
 296 01d4 7449     		ldr r1, = qq
 297 01d6 1022     		movs r2, # 16
 298 01d8 FF23     		movs r3, # 0xff
 299 01da 00F059F8 		bl _lcdxianshi
 300 01de 6E48     		ldr r0, = jishu
 301 01e0 0021     		movs r1, # 0
 302 01e2 0160     		str r1, [r0]	
 303              	_tiaoguolcdxunhuan:
 304 01e4 00F033F8 		bl _jianbo
 305 01e8 7048     		ldr r0, = caiyangbiao
 306 01ea 714A     		ldr r2, = caiyangbiaozhizhen
 307 01ec 2021     		movs r1, # 32
 308 01ee 00F041F8 		bl _lvboqi
 309              	
 310              		
 311 01f2 0C21     		movs r1, # 12
 312 01f4 4F4A     		ldr r2, = asciimabiao
 313 01f6 FF23     		movs r3, # 0xff
 314 01f8 00F0ECF8 		bl _zhuanascii
 315              	
 316 01fc C320     		movs r0, # 0xc3
 317 01fe 4D49     		ldr r1, = asciimabiao
 318 0200 0C22     		movs r2, # 12
 319 0202 00F045F8 		bl _lcdxianshi
 320              	
 321 0206 6B4C     		ldr r4, = adczhengfu
 322 0208 2568     		ldr r5, [r4]
 323 020a 012D     		cmp r5, # 1
 324 020c 06D0     		beq _adcshifude
 325              	_adcshizhengde:
ARM GAS  1.s 			page 7


 326 020e C220     		movs r0, # 0xc2
 327 0210 6949     		ldr r1, = zheng
 328 0212 0122     		movs r2, # 1
 329 0214 FF23     		movs r3, # 0xff
 330 0216 00F03BF8 		bl _lcdxianshi
 331 021a C0E7     		b tingting
 332              	
 333              	_adcshifude:
 334 021c C220     		movs r0, # 0xc2
 335 021e 6749     		ldr r1, = fu
 336 0220 0122     		movs r2, # 1
 337 0222 FF23     		movs r3, # 0xff
 338 0224 00F034F8 		bl _lcdxianshi
 339              	
 340              	
 341 0228 B9E7     		b tingting
 342              	
 343              		
 344              		
 345              	_jisuanfuzhi:			@计算幅值
 346              					@R0=ADC90度采样
 347 022a 0EB5     		push {r1-r3,lr}
 348 022c 6449     		ldr r1, = 0x04		@实 Q15
 349 022e 654A     		ldr r2, = 0xffff8004    @虚 Q15
 350 0230 0346     		mov r3, r0
 351 0232 5843     		muls r0, r0, r3		@实
 352 0234 0000     		asrs r0, r0, # 0
 353 0236 6343     		muls r3, r3, r4		@虚
 354 0238 1B00     		asrs r3, r3, # 0
 355              	_shibushibushi0:		@检测实部是不是负数
 356 023a 0000     		movs r0, r0
 357 023c 01D5     		bpl _fzbushifushu1
 358 023e C043     		mvns r0, r0		@是负数转成正数
 359 0240 0130     		adds r0, r0, # 1
 360              	_fzbushifushu1:			@检测虚部是不是负数
 361 0242 1B00     		movs  r3, r3
 362 0244 01D5     		bpl _fzbushifushu
 363 0246 DB43     		mvns r3, r3		@是负数转成正数
 364 0248 0133     		adds r3, r3, # 1
 365              	_fzbushifushu:
 366 024a 5819     		adds r0, r3, r5		@相加得到副值
 367 024c 0EBD     		pop {r1-r3,pc}
 368              		
 369              	_jianbo:				@检波
 370 024e 1FB5     		push {r0-r4,lr}
 371 0250 5D48     		ldr r0, = 0x4002005c
 372 0252 5E49     		ldr r1, = 0x40012440
 373              	_jianboxunhuan:
 374 0254 0468     		ldr r4, [r0]
 375 0256 192C     		cmp r4, # 25
 376 0258 FCD1     		bne _jianboxunhuan
 377 025a 0868     		ldr r0, [r1]			@取出90度
 378 025c 5C4C     		ldr r4, = 32
 379 025e 5449     		ldr r1, = caiyangbiaozhizhen
 380 0260 524A     		ldr r2, = caiyangbiao
 381 0262 0B68     		ldr r3, [r1]
 382 0264 A400     		lsls r4, r4, # 2
ARM GAS  1.s 			page 8


 383 0266 0433     		adds r3, r3, # 4
 384 0268 A342     		cmp r3, r4
 385 026a 00D1     		bne _baocuncaiyang
 386 026c 0023     		movs r3, # 0
 387              	_baocuncaiyang:	
 388 026e D050     		str r0, [r2, r3]
 389 0270 0B60     		str r3, [r1]
 390 0272 1FBD     		pop {r0-r4,pc}
 391              	
 392              	_lvboqi:				@滤波器
 393              				@入R0=地址，R1=长度,r2=表指针地址
 394              				@出R0=结果
 395 0274 F8B5     		push {r3-r7,lr}
 396 0276 8E00     		lsls r6, r1, # 2
 397 0278 1568     		ldr r5, [r2]
 398 027a 3746     		mov r7, r6
 399              	_lvboqixunhuan:
 400 027c B542     		cmp r5, r6
 401 027e 00D1     		bne _lvbozonghe
 402 0280 0025     		movs r5, # 0
 403              	_lvbozonghe:
 404 0282 4459     		ldr r4, [r0, r5]
 405 0284 0435     		adds r5, r5, # 4
 406 0286 3F19     		adds r7, r7, r4
 407 0288 0139     		subs r1, r1, # 1
 408 028a F7D1     		bne _lvboqixunhuan
 409 028c 7811     		asrs r0, r7, # 5
 410 028e F8BD     		pop {r3-r7,pc}
 411              		
 412              	
 413              	_lcdxianshi:	  		@r0=LCD位置，r1=数据地址，r2=长度
 414 0290 1FB5     		push {r0-r4,lr}
 415 0292 0C46     		mov r4, r1
 416              	
 417 0294 0021     		movs r1, # 0
 418 0296 00F00EF8 		bl _xielcd
 419              	
 420 029a 0121     		movs r1, # 1
 421 029c 0023     		movs r3, # 0
 422              	_lcdxianshixunhuan:
 423 029e E05C     		ldrb r0, [r4,r3]
 424 02a0 00F009F8 		bl _xielcd
 425 02a4 0133     		adds r3, r3, # 1
 426 02a6 9342     		cmp r3, r2
 427 02a8 F9D1     		bne _lcdxianshixunhuan
 428 02aa 1FBD     		pop {r0-r4,pc}
 429              	
 430              	_lcdyanshi:
 431 02ac 20B5     		push {r5,lr}
 432 02ae 2F4D     		ldr r5, = 0x2000
 433              	_lcdyanshixunhuan:
 434 02b0 013D     		subs r5, r5, # 1
 435 02b2 FDD1     		bne _lcdyanshixunhuan
 436 02b4 20BD     		pop {r5,pc}
 437              	
 438              	_xielcd:			@入R0=8位,r1=0命令,r1=1数据
 439 02b6 FFB5     		push {r0-r7,lr}
ARM GAS  1.s 			page 9


 440 02b8 0609     		lsrs r6, r0, # 4
 441 02ba 0007     		lsls r0, r0, # 28
 442 02bc 000F     		lsrs r0, r0, # 28
 443 02be 8022     		movs r2, # 0x80		@ RS
 444 02c0 4023     		movs r3, # 0x40		@ E
 445 02c2 3C25     		movs r5, # 0x3c
 446 02c4 314C     		ldr r4, = 0x48000000
 447 02c6 0029     		cmp r1, # 0
 448 02c8 01D0     		beq _lcdmingling
 449 02ca A261     		str r2, [r4, # 0x18]	@RS=1
 450 02cc 00E0     		b _lcdshuju
 451              	_lcdmingling:
 452 02ce A262     		str r2, [r4, # 0x28]	@RS=0
 453              	_lcdshuju:
 454 02d0 A361     		str r3, [r4, # 0x18]	@E=1
 455 02d2 A562     		str r5, [r4, # 0x28]
 456              	
 457 02d4 F707     		lsls r7, r6, # 31
 458 02d6 BF0E     		lsrs r7, r7, # 26
 459 02d8 A761     		str r7, [r4, # 0x18]
 460              	
 461 02da 7708     		lsrs r7, r6, # 1
 462 02dc FF07     		lsls r7, r7, # 31
 463 02de FF0E     		lsrs r7, r7, # 27
 464 02e0 A761     		str r7, [r4, # 0x18]
 465              	
 466 02e2 B708     		lsrs r7, r6, # 2
 467 02e4 FF07     		lsls r7, r7, # 31
 468 02e6 3F0F     		lsrs r7, r7, # 28
 469 02e8 A761     		str r7, [r4, # 0x18]
 470              	
 471 02ea F708     		lsrs r7, r6, # 3
 472 02ec FF07     		lsls r7, r7, # 31
 473 02ee 7F0F     		lsrs r7, r7, # 29
 474 02f0 A761     		str r7, [r4, # 0x18]
 475              	
 476 02f2 FFF7DBFF 		bl _lcdyanshi
 477 02f6 A362     		str r3, [r4, # 0x28]	@E=0
 478              	
 479              	
 480 02f8 A361     		str r3, [r4, # 0x18]    @E=1
 481 02fa A562     		str r5, [r4, # 0x28]
 482              	
 483 02fc C707     		lsls r7, r0, # 31
 484 02fe BF0E     		lsrs r7, r7, # 26
 485 0300 A761     		str r7, [r4, # 0x18]
 486              	
 487 0302 4708     		lsrs r7, r0, # 1
 488 0304 FF07     		lsls r7, r7, # 31
 489 0306 FF0E     		lsrs r7, r7, # 27
 490 0308 A761     		str r7, [r4, # 0x18]
 491              	
 492 030a 8708     		lsrs r7, r0, # 2
 493 030c FF07     		lsls r7, r7, # 31
 494 030e 3F0F     		lsrs r7, r7, # 28
 495 0310 A761     		str r7, [r4, # 0x18]
 496              	
ARM GAS  1.s 			page 10


 497 0312 C708     		lsrs r7, r0, # 3
 498 0314 FF07     		lsls r7, r7, # 31
 499 0316 7F0F     		lsrs r7, r7, # 29
 500 0318 A761     		str r7, [r4, # 0x18]
 501              	
 502 031a FFF7C7FF 		bl _lcdyanshi
 503 031e A362     		str r3, [r4, # 0x28]    @E=0
 504              	
 505 0320 FFBD     		pop {r0-r7,pc}
 506 0322 00000010 		.ltorg
 506      02400020 
 506      02400200 
 506      10000100 
 506      00010000 
 507              	
 508              	
 509              	_zhuanascii:					@ 16进制转数码管码
 510              			@ R0要转的数据， R1长度，R2结果表首地址, r3=小数点位置
 511 03d4 FFB5     		push {r0-r7,lr}
 512 03d6 1F46     		mov r7, r3
 513 03d8 0546     		mov r5, r0
 514 03da 0E46     		mov r6, r1
 515 03dc 0A21     		movs r1, # 10
 516              	_xunhuanqiuma:
 517 03de 00F012F8 		bl _chufa
 518 03e2 0446     		mov r4, r0
 519 03e4 4C43     		muls r4, r1
 520 03e6 2B1B     		subs r3, r5, r4
 521 03e8 3033     		adds r3, r3, # 0x30
 522 03ea 0546     		mov r5, r0
 523 03ec 013E     		subs r6, r6, # 1
 524 03ee 08D0     		beq _qiumafanhui
 525 03f0 BE42     		cmp r6, r7
 526 03f2 02D1     		bne _meidaoxiaoshudian
 527 03f4 2E24     		movs r4, # 0x2e		@小数点
 528 03f6 9455     		strb r4, [r2,r6]	@插入小数点
 529 03f8 013E     		subs r6, r6, # 1
 530              	_meidaoxiaoshudian:
 531 03fa 9355     		strb r3, [r2,r6]
 532 03fc 3600     		movs r6, r6
 533 03fe EED1     		bne _xunhuanqiuma
 534 0400 FFBD     		pop {r0-r7,pc}
 535              	_qiumafanhui:
 536 0402 9355     		strb r3, [r2, r6]
 537 0404 FFBD     		pop {r0-r7,pc}
 538              	
 539              		
 540              	_chufa:				@软件除法
 541              		@ r0 除以 r1 等于 商(r0)余数R1
 542 0406 1EB5     		push {r1-r4,lr}
 543 0408 0028     		cmp r0, # 0
 544 040a 0ED0     		beq _chufafanhui
 545 040c 0029     		cmp r1, # 0
 546 040e 0CD0     		beq _chufafanhui
 547 0410 0246     		mov r2, r0
 548 0412 0123     		movs r3, # 1
 549 0414 DB07     		lsls r3, r3, # 31
ARM GAS  1.s 			page 11


 550 0416 0020     		movs r0, # 0
 551 0418 0446     		mov r4, r0
 552              	_chufaxunhuan:
 553 041a 5200     		lsls r2, r2, # 1
 554 041c 6441     		adcs r4, r4, r4
 555 041e 8C42     		cmp r4, r1
 556 0420 01D3     		bcc _chufaweishubudao0
 557 0422 C018     		adds r0, r0, r3
 558 0424 641A     		subs r4, r4, r1
 559              	_chufaweishubudao0:
 560 0426 5B08     		lsrs r3, r3, # 1
 561 0428 F7D1     		bne _chufaxunhuan
 562              	_chufafanhui:
 563 042a 1EBD     		pop {r1-r4,pc}
 564              		.ltorg
 565              	
 566              	
 567              	_nmi_handler:
 568 042c 7047     		bx lr
 569              	_hard_fault:
 570 042e 7047     		bx lr
 571              	_svc_handler:
 572 0430 7047     		bx lr
 573              	_pendsv_handler:
 574 0432 7047     		bx lr
 575              	_systickzhongduan:
 576 0434 034A     		ldr r2, = jishu
 577 0436 0448     		ldr r0, = 0xe0000d04
 578 0438 1368     		ldr r3, [r2]
 579 043a 0449     		ldr r1, = 0x02000000
 580 043c 0133     		adds r3, r3, # 1
 581 043e 1360     		str r3, [r2]
 582 0440 0160     		str r1, [r0]                 @ 清除SYSTICK中断
 583              	aaa:
 584 0442 70471000 		bx lr
 584      0020040D 
 584      00E00000 
 584      0002
ARM GAS  1.s 			page 12


DEFINED SYMBOLS
                 1.s:5      .data:0000000000000000 zhengxian1k
                 1.s:7      .data:00000000000000c8 qingping
                 1.s:9      .data:00000000000000d8 zheng
                 1.s:11     .data:00000000000000d9 fu
                 1.s:13     .data:00000000000000da fute
                 1.s:15     .data:00000000000000db fute1
                 1.s:17     .data:00000000000000dd lcdshuju
                 1.s:19     .data:00000000000000ed dianhua
                 1.s:21     .data:00000000000000fe qq
                 1.s:23     *ABS*:0000000020001000 STACKINIT
                 1.s:24     *ABS*:0000000020000000 asciimabiao
                 1.s:25     *ABS*:0000000020000010 jishu
                 1.s:26     *ABS*:0000000020000020 caiyangbiaozhizhen
                 1.s:27     *ABS*:0000000020000024 caiyangbiao
                 1.s:28     *ABS*:0000000020000104 adczhengfu
                 1.s:30     .text:0000000000000000 vectors
                 1.s:77     .text:00000000000000b0 _start
                 1.s:567    .text:000000000000042c _nmi_handler
                 1.s:569    .text:000000000000042e _hard_fault
                 1.s:571    .text:0000000000000430 _svc_handler
                 1.s:573    .text:0000000000000432 _pendsv_handler
                 1.s:575    .text:0000000000000434 _systickzhongduan
                 1.s:583    .text:0000000000000442 aaa
                            .text:0000000000000000 $d
                 1.s:75     .text:00000000000000b0 $t
                 1.s:78     .text:00000000000000b0 shizhong
                 1.s:88     .text:00000000000000c2 dengrc
                 1.s:92     .text:00000000000000c8 dengpll
                 1.s:99     .text:00000000000000d2 dengdai14mshizhongwending
                 1.s:104    .text:00000000000000d8 neicunqingling
                 1.s:108    .text:00000000000000de neicunqinglingxunhuan
                 1.s:113    .text:00000000000000e4 _waisheshizhong
                 1.s:129    .text:00000000000000ee tim1chushiha
                 1.s:147    .text:000000000000010c _adcchushihua
                 1.s:151    .text:0000000000000112 _dengadcjiaozhun
                 1.s:155    .text:0000000000000118 _kaiadc
                 1.s:160    .text:0000000000000120 _dengdaiadcwending
                 1.s:164    .text:0000000000000126 _tongdaoxuanze
                 1.s:176    .text:000000000000013a dmachushihua
                 1.s:198    .text:000000000000014c _waishezhongduan
                 1.s:206    .text:000000000000014c _systick
                 1.s:216    .text:0000000000000158 io_she_zhi
                 1.s:244    .text:0000000000000162 _lcdchushihua
                 1.s:438    .text:00000000000002b6 _xielcd
                 1.s:430    .text:00000000000002ac _lcdyanshi
                 1.s:266    .text:000000000000019e tingting
                 1.s:276    .text:00000000000001b0 _lcddi1
                 1.s:286    .text:00000000000001c4 _lcddi2
                 1.s:293    .text:00000000000001d2 _lcddi3
                 1.s:303    .text:00000000000001e4 _tiaoguolcdxunhuan
                 1.s:413    .text:0000000000000290 _lcdxianshi
                 1.s:369    .text:000000000000024e _jianbo
                 1.s:392    .text:0000000000000274 _lvboqi
                 1.s:509    .text:00000000000003d4 _zhuanascii
                 1.s:333    .text:000000000000021c _adcshifude
                 1.s:325    .text:000000000000020e _adcshizhengde
ARM GAS  1.s 			page 13


                 1.s:345    .text:000000000000022a _jisuanfuzhi
                 1.s:355    .text:000000000000023a _shibushibushi0
                 1.s:360    .text:0000000000000242 _fzbushifushu1
                 1.s:365    .text:000000000000024a _fzbushifushu
                 1.s:373    .text:0000000000000254 _jianboxunhuan
                 1.s:387    .text:000000000000026e _baocuncaiyang
                 1.s:399    .text:000000000000027c _lvboqixunhuan
                 1.s:403    .text:0000000000000282 _lvbozonghe
                 1.s:422    .text:000000000000029e _lcdxianshixunhuan
                 1.s:433    .text:00000000000002b0 _lcdyanshixunhuan
                 1.s:451    .text:00000000000002ce _lcdmingling
                 1.s:453    .text:00000000000002d0 _lcdshuju
                 1.s:506    .text:0000000000000322 $d
                 1.s:506    .text:0000000000000324 $d
                 1.s:511    .text:00000000000003d4 $t
                 1.s:516    .text:00000000000003de _xunhuanqiuma
                 1.s:540    .text:0000000000000406 _chufa
                 1.s:535    .text:0000000000000402 _qiumafanhui
                 1.s:530    .text:00000000000003fa _meidaoxiaoshudian
                 1.s:562    .text:000000000000042a _chufafanhui
                 1.s:552    .text:000000000000041a _chufaxunhuan
                 1.s:559    .text:0000000000000426 _chufaweishubudao0
                 1.s:584    .text:0000000000000444 $d

NO UNDEFINED SYMBOLS
