ARM GAS  1.s 			page 1


   1              	  	.thumb                 
   2              	        .syntax unified
   3              	
   4              	.section .data
   5 0000 55010000 	anjianmabiao:	.int anjianfanhui+1,anjian1+1,anjian2+1,anjianfanhui+1,anjian4+1,anjianfanhui+1,anjia
   5      29010000 
   5      57010000 
   5      55010000 
   5      8D010000 
   6              		
   7              	        .equ STACKINIT, 	0x20005000
   8              		.equ lcdyanshia, 	40000
   9              		.equ anjianyanshi,	40000
  10              		.equ led1,		0x42228188
  11              		
  12              	.section .text
  13              	vectors:        
  14 0000 00500020 	        .word STACKINIT         
  15 0004 41000000 	        .word _start + 1        
  16 0008 F1010000 	        .word _nmi_handler + 1  
  17 000c F3010000 	        .word _hard_fault  + 1  
  18 0010 F5010000 	        .word _memory_fault + 1 
  19 0014 F7010000 	        .word _bus_fault + 1    
  20 0018 F9010000 	        .word _usage_fault + 1 
  21 001c 00000000 		.word 0
  22 0020 00000000 		.word 0
  23 0024 00000000 		.word 0
  24 0028 00000000 		.word 0
  25 002c 00000000 		.word 0
  26 0030 00000000 		.word 0
  27 0034 00000000 		.word 0 
  28 0038 00000000 		.word 0
  29 003c FB010000 		.word _dingshiqi + 1
  30              	
  31              		
  32              	_start:
  33              	
  34              	shizhong:
  35 0040 6E48     		ldr r0, = 0x40021000
  36 0042 6F49     		ldr r1, = 0x14D83
  37 0044 0160     		str r1, [r0]
  38              	gsszbz: 
  39 0046 0268     		ldr r2, [r0]
  40 0048 6E49     		ldr r1, = 0x20000
  41 004a 1142     		tst r1, r2           @高速时钟标志位           
  42 004c 00D1     		bne rccchushihua
  43 004e FAE7     		b gsszbz
  44              	rccchushihua: 
  45 0050 6D48     		ldr r0, = 0x40022000
  46 0052 4FF03201 		mov r1, # 0x32
  47 0056 0160     		str r1, [r0]           @FLASH缓冲 缓冲开启 
  48 0058 6C48     		ldr r0, = 0x40021004
  49 005a 6D49     		ldr r1, = 0x1D8400
  50 005c 0160     		str r1, [r0]
  51 005e 6748     		ldr r0, = 0x40021000
  52 0060 6C49     		ldr r1, = 0x1033D03
  53 0062 0160     		str r1, [r0]
ARM GAS  1.s 			page 2


  54              	chaxun:
  55 0064 0268     		ldr r2, [r0]
  56 0066 6C49     		ldr r1, = 0x2000000
  57 0068 1142     		tst r1, r2
  58 006a 00D1     		bne rccgg
  59 006c FAE7     		b chaxun
  60              	rccgg:
  61 006e 6748     		ldr r0, = 0x40021004
  62 0070 6A49     		ldr r1, = 0x1d8402
  63 0072 0160     		str r1, [r0]
  64              	
  65 0074 6A48     		ldr r0, = 0x40021018 @rcc_apb2_enr
  66 0076 6B49     		ldr r1, = 0x83d
  67 0078 0160     		str r1, [r0]
  68              		
  69              	ioshezhi:
  70              		@@AFIO-MAPR 开SWD
  71 007a 6B48     		ldr r0, = 0x40010004
  72 007c 6649     		ldr r1, = 0x02000000
  73 007e 0160     		str r1, [r0]
  74 0080 6A48     		ldr r0, = 0x40010800
  75 0082 6B49     		ldr r1, = 0x44448888 
  76 0084 0160     		str r1, [r0]
  77 0086 6B49     		ldr r1, = 0x44444bbb
  78 0088 4160     		str r1, [r0, # 4]
  79 008a 4FF00F01 		mov r1, # 0xf
  80 008e C160     		str r1, [r0, # 0x0c]
  81              	
  82 0090 6948     		ldr r0, = 0x40011400
  83 0092 6A49     		ldr r1, = 0x44444344
  84 0094 0160     		str r1, [r0]
  85              		
  86              		
  87              	tim1chushihua:
  88 0096 6A48     		ldr r0, = 0x40012c00
  89 0098 6A49     		ldr r1, = 5000
  90 009a C162     		str r1, [r0, # 0x2c] @ tim1_arr 
  91 009c 6A49     		ldr r1, = 7200
  92 009e 8162     		str r1, [r0, # 0x28] @ tim1_psc
  93 00a0 6A49     		ldr r1, = 0x78
  94 00a2 8161     		str r1, [r0, # 0x18] @ tim1_ccmr1
  95 00a4 6A49     		ldr r1, = 0x1
  96 00a6 0162     		str r1, [r0, # 0x20] @ tim1_ccer
  97 00a8 6A49     		ldr r1, =  2500
  98 00aa 4163     		str r1, [r0, # 0x34] @ tim1_ccr1
  99 00ac 6A49     		ldr r1, = 0x8000
 100 00ae 4164     		str r1, [r0, # 0x44] @ tim1_BDTR
 101 00b0 6A49     		ldr r1, = 0x81
 102 00b2 0160     		str r1, [r0]
 103              	
 104 00b4 6A49     		ldr r1, = 0x20000304
 105 00b6 634A     		ldr r2, = 5000
 106 00b8 0A60     		str r2, [r1]
 107 00ba 664A     		ldr r2, = 2500
 108 00bc 4A60     		str r2, [r1, # 4]
 109 00be 624A     		ldr r2, = 7200
 110 00c0 8A60     		str r2, [r1, # 8]
ARM GAS  1.s 			page 3


 111 00c2 4FF00002 		mov r2, # 0
 112 00c6 CA60     		str r2, [r1, # 12]
 113 00c8 0A61     		str r2, [r1, # 16]
 114              		
 115              	
 116              	tingzhuba:
 117 00ca 5D48     		ldr r0, = 0x40012c00
 118 00cc 6449     		ldr r1, = 0x20000304
 119 00ce 0A68     		ldr r2, [r1]
 120 00d0 C262     		str r2, [r0, # 0x2c]
 121 00d2 01F1040C 		add r12, r1, # 4
 122 00d6 00F010F8 		bl anjianpanduan
 123 00da 4B68     		ldr r3, [r1, # 4]
 124 00dc 9342     		cmp r3, r2
 125 00de 00D9     		bls zhankongpanduan
 126 00e0 1346     		mov r3, r2
 127              	zhankongpanduan:	
 128 00e2 4363     		str r3, [r0, # 0x34]
 129 00e4 01F1080B 		add r11, r1, # 8
 130 00e8 00F007F8 		bl anjianpanduan
 131 00ec 8C68     		ldr r4, [r1, # 8]
 132 00ee 5D4D     		ldr r5, = 0xffff
 133 00f0 AC42     		cmp r4, r5
 134 00f2 00D9     		bls pinlvpanduan
 135 00f4 2C46     		mov r4, r5
 136              	pinlvpanduan:
 137 00f6 8462     		str r4, [r0, # 0x28]
 138 00f8 E7E7     		b tingzhuba
 139              		
 140              	
 141              	anjianpanduan:
 142 00fa 3FB5     		push {r0-r5, lr}
 143 00fc 5A48     		ldr r0, = 0x20000300
 144 00fe 4FF00001 		mov r1, # 0
 145 0102 0160     		str r1, [r0]
 146 0104 594C     		ldr r4, = 0x42210100
 147 0106 0FCC     		ldmia r4!, {r0-r3}
 148 0108 594C     		ldr r4, = 0x22006000
 149 010a 0FC4     		stmia r4!, {r0-r3}
 150 010c 564C     		ldr r4, = 0x20000300
 151 010e 5948     		ldr r0, = anjianmabiao
 152 0110 2368     		ldr r3, [r4]
 153 0112 0F2B     		cmp r3, # 0xf
 154 0114 1ED0     		beq anjianfanhui
 155 0116 4FF00F05 		mov r5, # 0xf
 156 011a A5EB0303 		sub r3, r5, r3
 157 011e 4FEA8303 		lsl r3, # 2
 158 0122 0344     		add r3, r0, r3
 159 0124 1B68     		ldr r3, [r3]
 160 0126 9F46     		mov pc, r3	
 161              	anjian1:
 162 0128 5348     		ldr r0, = led1
 163 012a 4FF00001 		mov r1, # 0
 164 012e 0160     		str r1, [r0]
 165 0130 5248     		ldr r0, = 0x20000310
 166 0132 0168     		ldr r1, [r0]
 167 0134 01F10101 		add r1, # 1
ARM GAS  1.s 			page 4


 168 0138 0160     		str r1, [r0]
 169 013a 514B     		ldr r3, = 0xfff
 170 013c 9942     		cmp r1, r3
 171 013e 09D1     		bne anjianfanhui
 172 0140 4E48     		ldr r0, = 0x20000310
 173 0142 4FF00001 		mov r1, # 0
 174 0146 0160     		str r1, [r0]
 175 0148 DCF80010 		ldr r1, [r12]
 176 014c 01F10101 		add r1, # 1
 177 0150 CCF80010 		str r1, [r12]
 178              	
 179              	anjianfanhui:
 180 0154 3FBD     		pop {r0-r5, pc}
 181              	anjian2:
 182 0156 4848     		ldr r0, = led1
 183 0158 4FF00101 		mov r1, # 1
 184 015c 0160     		str r1, [r0]
 185 015e 4748     		ldr r0, = 0x20000310
 186 0160 0168     		ldr r1, [r0]
 187 0162 01F10101 		add r1, # 1
 188 0166 0160     		str r1, [r0]
 189 0168 454B     		ldr r3, = 0xfff
 190 016a 9942     		cmp r1, r3
 191 016c F2D1     		bne anjianfanhui
 192 016e 4348     		ldr r0, = 0x20000310
 193 0170 4FF00001 		mov r1, # 0
 194 0174 0160     		str r1, [r0]
 195 0176 DCF80010 		ldr r1, [r12]
 196 017a A1F10101 		sub r1, # 1
 197 017e 0229     		cmp r1, # 2
 198 0180 01D8     		bhi anjiantaixiao
 199 0182 4FF00201 		mov r1, # 2
 200              	anjiantaixiao:
 201 0186 CCF80010 		str r1, [r12]
 202 018a 3FBD     		pop {r0-r5, pc}
 203              	anjian4:
 204 018c 3A48     		ldr r0, = led1
 205 018e 4FF00001 		mov r1, # 0
 206 0192 0160     		str r1, [r0]
 207 0194 3948     		ldr r0, = 0x20000310
 208 0196 0168     		ldr r1, [r0]
 209 0198 01F10101 		add r1, # 1
 210 019c 0160     		str r1, [r0]
 211 019e 384B     		ldr r3, = 0xfff
 212 01a0 9942     		cmp r1, r3
 213 01a2 D7D1     		bne anjianfanhui
 214 01a4 3548     		ldr r0, = 0x20000310
 215 01a6 4FF00001 		mov r1, # 0
 216 01aa 0160     		str r1, [r0]
 217 01ac DBF80010 		ldr r1, [r11]
 218 01b0 01F10101 		add r1, # 1
 219 01b4 CBF80010 		str r1, [r11]
 220 01b8 3FBD     		pop {r0-r5, pc}
 221              	anjian8:
 222 01ba 2F48     		ldr r0, = led1
 223 01bc 4FF00101 		mov r1, # 1
 224 01c0 0160     		str r1, [r0]
ARM GAS  1.s 			page 5


 225 01c2 2E48     		ldr r0, = 0x20000310
 226 01c4 0168     		ldr r1, [r0]
 227 01c6 01F10101 		add r1, # 1
 228 01ca 0160     		str r1, [r0]
 229 01cc 2C4B     		ldr r3, = 0xfff
 230 01ce 9942     		cmp r1, r3
 231 01d0 C0D1     		bne anjianfanhui
 232 01d2 2A48     		ldr r0, = 0x20000310
 233 01d4 4FF00001 		mov r1, # 0
 234 01d8 0160     		str r1, [r0]
 235 01da DBF80010 		ldr r1, [r11]
 236 01de A1F10101 		sub r1, # 1
 237 01e2 0229     		cmp r1, # 2
 238 01e4 01D8     		bhi anjiantaixiao1
 239 01e6 4FF00201 		mov r1, # 2
 240              	anjiantaixiao1:
 241 01ea CBF80010 		str r1, [r11]
 242 01ee 3FBD     		pop {r0-r5, pc}
 243              	
 244              	
 245              	_nmi_handler:
 246 01f0 7047     		bx lr
 247              	_hard_fault:
 248 01f2 7047     		bx lr
 249              	_memory_fault:
 250 01f4 7047     		bx lr
 251              	_bus_fault:
 252 01f6 7047     		bx lr
 253              	_usage_fault:
 254 01f8 7047     		bx lr
 255              	_dingshiqi:	
 256 01fa 7047     		bx lr
 257              	
 258              		
 259 01fc 00100240 		
 259      834D0100 
 259      00000200 
 259      00200240 
 259      04100240 
ARM GAS  1.s 			page 6


DEFINED SYMBOLS
                 1.s:5      .data:00000000 anjianmabiao
                 1.s:179    .text:00000154 anjianfanhui
                 1.s:161    .text:00000128 anjian1
                 1.s:181    .text:00000156 anjian2
                 1.s:203    .text:0000018c anjian4
                 1.s:221    .text:000001ba anjian8
                 1.s:7      *ABS*:20005000 STACKINIT
                 1.s:8      *ABS*:00009c40 lcdyanshia
                 1.s:9      *ABS*:00009c40 anjianyanshi
                 1.s:10     *ABS*:42228188 led1
                 1.s:13     .text:00000000 vectors
                 1.s:32     .text:00000040 _start
                 1.s:245    .text:000001f0 _nmi_handler
                 1.s:247    .text:000001f2 _hard_fault
                 1.s:249    .text:000001f4 _memory_fault
                 1.s:251    .text:000001f6 _bus_fault
                 1.s:253    .text:000001f8 _usage_fault
                 1.s:255    .text:000001fa _dingshiqi
                 1.s:34     .text:00000040 shizhong
                            .text:00000000 $d
                 1.s:35     .text:00000040 $t
                 1.s:38     .text:00000046 gsszbz
                 1.s:44     .text:00000050 rccchushihua
                 1.s:54     .text:00000064 chaxun
                 1.s:60     .text:0000006e rccgg
                 1.s:69     .text:0000007a ioshezhi
                 1.s:87     .text:00000096 tim1chushihua
                 1.s:116    .text:000000ca tingzhuba
                 1.s:141    .text:000000fa anjianpanduan
                 1.s:127    .text:000000e2 zhankongpanduan
                 1.s:136    .text:000000f6 pinlvpanduan
                 1.s:200    .text:00000186 anjiantaixiao
                 1.s:240    .text:000001ea anjiantaixiao1
                 1.s:259    .text:000001fc $d

NO UNDEFINED SYMBOLS
