ARM GAS  1.s 			page 1


   1              		 .thumb
   2              		.syntax unified
   3              	.section .data
   4              		.section .text
   5              	_ting:
   6 ???? 0648     		ldr r0, = 0x20000000
   7 ???? 0749     		ldr r1, = 0x20000100
   8 ???? 00F001F8 		bl _neicunqingling
   9 ???? FAE7     		b _ting
  10              	
  11              	_neicunqingling:
  12 ???? 01E0     		b _neicun0
  13              		pld byte1
  14 ???? FFFFFFFF 		.word 0xffffffff
  15              	_neicun0:	
  16 ???? 0022     		movs r2, # 0
  17              	_qinglingxunhuan:
  18 ???? 0260     		str r2, [r0]
  19 ???? 0430     		adds r0, r0, # 4
  20 ???? 8842     		cmp r0, r1
  21 ???? FBD1     		bne _qinglingxunhuan
  22 ???? 7047     		bx lr
  23              		
  24              		
  25              	
  26 ???? 00000020 		
  26      00010020 
ARM GAS  1.s 			page 2


DEFINED SYMBOLS
                 1.s:5      .text:0000000000000000 _ting
                 1.s:6      .text:0000000000000000 $t
                 1.s:11     .text:000000000000000a _neicunqingling
                 1.s:15     .text:0000000000000010 _neicun0
                 1.s:14     .text:000000000000000c $d
                 1.s:16     .text:0000000000000010 $t
                 1.s:17     .text:0000000000000012 _qinglingxunhuan
                 1.s:26     .text:000000000000001c $d

NO UNDEFINED SYMBOLS
