ARM GAS  1.s 			page 1


   1              		@@ 单片机stm32f030f4p6
   2              		@lcr
   3              		@作者：yjmwxwx
   4              		@时间：2021-07-31
   5              		@编译器：ARM-NONE-EABI
   6              		.thumb
   7              		.syntax unified
   8              		.section .data
   9              	zheng_xian_100khz:
  10 0000 07090B0D 		.byte 0x7,0x9,0xb,0xd,0xe,0xe,0xe,0xd,0xb,0x9,0x7,0x5,0x3,0x1,0x0,0x0,0x0,0x1,0x3,0x5
  10      0E0E0E0D 
  10      0B090705 
  10      03010000 
  10      00010305 
  11 0014 00000000 		.align 4
  11      00000000 
  11      00000000 
  12              	zheng_xian_10khz:
  13 0020 0E0E0E0F 		.byte 14,14,14,15,15,16,16,16,17,17,18,18,18,19,19,20,20,20,21,21,21,22,22,22,23,23,23,24,24,24,24
  13      0F101010 
  13      11111212 
  13      12131314 
  13      14141515 
  14 00e8 00000000 		.align 4
  14      00000000 
  15              	zheng_xian_1khz:
  16 00f0 1C1C1C1C 		.byte 28,28,28,28,28,28,29,29,29,29,29,29,30,30,30,30,30,30,31,31,31,31,31,31,32,32,32,32,32,32,33
  16      1C1C1D1D 
  16      1D1D1D1D 
  16      1E1E1E1E 
  16      1E1E1F1F 
  17 04d8 00000000 		.align 4
  17      00000000 
  18              	zheng_xian_100hz:
  19 04e0 18011901 		.short 280,281,283,285,287,288,290,292,294,295,297,299,301,302,304,306,308,309,311,313,315,316,318
  19      1B011D01 
  19      1F012001 
  19      22012401 
  19      26012701 
  20              	
  21              		.align 4
  22              	cos_sin_biao_100k:
  23 0cb0 00800000 		.int 0x00008000,0x00000000,0x0000678D,0xFFFFB4C4,0x0000278D,0xFFFF8644,0xFFFFD873,0xFFFF8644,0xFFF
  23      00000000 
  23      8D670000 
  23      C4B4FFFF 
  23      8D270000 
  24              	cos_sin_biao_10k:
  25 0d54 00800000 		.int 0x00008000,0x00000000,0x00007FBF,0xFFFFF7F7,0x00007EFD,0xFFFFEFF6,0x00007DBB,0xFFFFE804,0x000
  25      00000000 
  25      BF7F0000 
  25      F7F7FFFF 
  25      FD7E0000 
  26              	cos_sin_biao_100_1k:
  27 1398 00800000 		.int 0x00008000,0x00000000,0x00007FFF,0xFFFFFF33,0x00007FFD,0xFFFFFE65,0x00007FFA,0xFFFFFD97,0x000
  27      00000000 
  27      FF7F0000 
ARM GAS  1.s 			page 2


  27      33FFFFFF 
  27      FD7F0000 
  28              	shangbi_liangcheng:
  29 32d8 0E000A00 		.short 0x0e,0x0a,0x06,0x02
  29      06000200 
  30 32e0 00000000 		.short 0x00,0x00,0x200,0x200
  30      00020002 
  31 32e8 40004000 		.short 0x40,0x40,0x240,0x240
  31      40024002 
  32 32f0 40024002 		.short 0x240,0x240,0x240
  32      4002
  33              	xiabi_liangcheng:	
  34 32f6 00000000 		.short 0x00,0x00,0x00,0x00
  34      00000000 
  35 32fe 00000200 		.short 0x00,0x02,0x200,0x202
  35      00020202 
  36 3306 40004200 		.short 0x40,0x42,0x240,0x242
  36      40024202 
  37 330e 46024A02 		.short 0x246,0x24a,0x24e
  37      4E02
  38 3314 00000000 		.align 4
  38      00000000 
  38      00000000 
  39              	zukang_xiaoshu_dian:			@jdjd
  40 3320 FF020203 		.byte 0xff,0x02,0x02,0x03
  41 3324 03FFFF02 		.byte 0x03,0xff,0xff,0x02
  42 3328 020303FF 		.byte 0x02,0x03,0x03,0xff
  43 332c 010202   		.byte 0x01,0x02,0x02
  44 332f 00       		.align 4
  45              	zukang_huansuan_biao:
  46 3330 379A0000 		.int 39479,12124,27890,10922
  46      5C2F0000 
  46      F26C0000 
  46      AA2A0000 
  47 3340 00800000 		.int 32768,9830,32768,9830
  47      66260000 
  47      00800000 
  47      66260000 
  48 3350 00800000 		.int 32768,9830,32768,9830
  48      66260000 
  48      00800000 
  48      66260000 
  49 3360 00800000 		.int 32768,8856,27197
  49      98220000 
  49      3D6A0000 
  50              	zukang_danwei:
  51              		@毫欧=0XF46D，欧=0XF420, 千欧=0XF44B，兆欧=0XF44D
  52 336c 6DF40000 		.int 0xf46d,0xf420,0xf420,0xf420
  52      20F40000 
  52      20F40000 
  52      20F40000 
  53 337c 20F40000 		.int 0xf420,0xf420,0xf420,0xf44b
  53      20F40000 
  53      20F40000 
  53      4BF40000 
  54 338c 4BF40000 		.int 0xf44b,0xf44b,0xf44b,0xf44b
  54      4BF40000 
ARM GAS  1.s 			page 3


  54      4BF40000 
  54      4BF40000 
  55 339c 4DF40000 		.int 0xf44d,0xf44d,0xf44d
  55      4DF40000 
  55      4DF40000 
  56 33a8 00000000 		.align 4
  56      00000000 
  57              	
  58              	kong:
  59 33b0 20202020 		.int 0x20202020
  60              	_fu:
  61 33b4 2D       		.ascii "-"
  62              	yjmwxwx:
  63 33b5 796A6D77 		.ascii "yjmwxwx-20210731"
  63      7877782D 
  63      32303231 
  63      30373331 
  64 33c5 00000000 		.align 4
  64      00000000 
  64      000000
  65              		.equ STACKINIT,        	        0x20001000
  66              		.equ asciimabiao,		0x20000000
  67              		.equ lcd_beiguang,		0x20000020
  68              		.equ shangbi_r, 		0x20000024
  69              		.equ shangbi_i,			0x20000028
  70              		.equ xiabi_r,			0x2000002c
  71              		.equ xiabi_i,			0x20000030
  72              		.equ shangxiabi_qiehuan,	0x20000034
  73              		.equ liangcheng,		0x20000038
  74              		.equ z_r,			0x2000003c
  75              		.equ z_i,			0x20000040
  76              		.equ dma_r,			0x20000044
  77              		.equ dma_i,			0x20000048
  78              		.equ huandangyanshi,		0x2000004c
  79              		.equ shangbi_rr,		0x20000050
  80              		.equ shangbi_ii,		0x20000054
  81              		.equ xiabi_rr,			0x20000058
  82              		.equ xiabi_ii,			0x2000005c
  83              		.equ jishu,			0x20000060
  84              		.equ xianshi_biaozhi,		0x20000064
  85              		.equ z_fudu,			0x20000068
  86              		.equ cossin,			0x2000006c
  87              		.equ pinlv,			0x20000070
  88              		.equ anjian,			0x20000074
  89              		.equ shezhi_pinlv,		0x20000078
  90              		.equ zhenfu,			0x2000007c
  91              		.equ dianyabiao,		0x20000100
  92              		.equ lvboqizhizhen,		0x200008d0
  93              		.equ lvboqihuanchong,		0x200008d8
  94              		.equ lvboqizhizhen1,            0x200009e0
  95              		.equ lvboqihuanchong1,          0x200009e8
  96              	        .equ lvboqizhizhen2,            0x20000af0
  97              		.equ lvboqihuanchong2,          0x20000af8
  98              		.equ lvboqizhizhen3,            0x20000c00
  99              		.equ lvboqihuanchong3,          0x20000c08
 100              		
 101              		
ARM GAS  1.s 			page 4


 102              		.section .text
 103              	
 104              	vectors:
 105 0000 00100020 		.word STACKINIT
 106 0004 B1000000 		.word _start + 1
 107 0008 DD0C0000 		.word _nmi_handler + 1
 108 000c DF0C0000 		.word _hard_fault  + 1
 109 0010 00000000 		.word 0
 110 0014 00000000 		.word 0
 111 0018 00000000 		.word 0
 112 001c 00000000 		.word 0
 113 0020 00000000 		.word 0
 114 0024 00000000 		.word 0
 115 0028 00000000 		.word 0
 116 002c E10C0000 		.word _svc_handler +1
 117 0030 00000000 		.word 0
 118 0034 00000000 		.word 0
 119 0038 E30C0000 		.word _pendsv_handler +1
 120 003c E50C0000 		.word _systickzhongduan +1           @ 15
 121 0040 B70D0000 		.word aaa +1     @ _wwdg +1          @ 0
 122 0044 B70D0000 		.word aaa +1     @_pvd +1            @ 1
 123 0048 B70D0000 		.word aaa +1     @_rtc +1            @ 2
 124 004c B70D0000 		.word aaa +1     @_flash +1          @ 3
 125 0050 B70D0000 		.word aaa +1	@ _rcc + 1           @ 4
 126 0054 B70D0000 		.word aaa +1      @_exti0_1  +1      @ 5
 127 0058 B70D0000 		.word aaa +1      @ _exti2_3 +1      @ 6
 128 005c B70D0000 		.word aaa +1       @_exti4_15 +1     @ 7
 129 0060 B70D0000 		.word aaa +1                         @ 8
 130 0064 B70D0000 		.word aaa +1	@__dma_wan  +1	     @ 9
 131 0068 B70D0000 		.word aaa +1    @_dma1_2_3 +1        @ 10
 132 006c B70D0000 		.word aaa +1       @_dma1_4_5 +1     @ 11
 133 0070 B70D0000 		.word aaa +1	 @_adc1 +1           @ 12
 134 0074 B70D0000 		.word aaa +1       @_tim1_brk_up +1  @ 13
 135 0078 B70D0000 		.word aaa +1        @ _tim1_cc +1    @ 14
 136 007c B70D0000 		.word aaa +1         @_tim2 +1       @ 15
 137 0080 B70D0000 		.word aaa +1          @_tim3 +1      @ 16
 138 0084 B70D0000 		.word aaa +1                         @ 17
 139 0088 B70D0000 		.word aaa +1		             @ 18
 140 008c B70D0000 		.word aaa +1	@_tim14 +1           @ 19
 141 0090 B70D0000 		.word aaa +1                         @ 20
 142 0094 B70D0000 		.word aaa +1         @_tim16 +1      @ 21
 143 0098 B70D0000 		.word aaa +1         @_tim17 +1      @ 22
 144 009c B70D0000 		.word aaa +1          @_i2c   +1     @ 23
 145 00a0 B70D0000 		.word aaa +1                         @ 24
 146 00a4 B70D0000 		.word aaa +1           @_spi   +1    @ 25
 147 00a8 B70D0000 		.word aaa +1                         @ 26
 148 00ac B70D0000 		.word aaa +1         @_usart1 +1     @ 27
 149              		.align 2
 150              	_start:
 151              	shizhong:
 152 00b0 4E4A     		ldr r2, = 0x40022000   @FLASH访问控制
 153 00b2 3221     		movs r1, # 0x32
 154 00b4 1160     		str r1, [r2]           @FLASH缓冲 缓冲开启
 155 00b6 4E48     		ldr r0, = 0x40021000 @ rcc
 156 00b8 4E49     		ldr r1, = 0x10001
 157 00ba 0160     		str r1, [r0]
 158              	denghse:
ARM GAS  1.s 			page 5


 159 00bc 0168     		ldr r1, [r0]
 160 00be 8903     		lsls r1, r1, # 14
 161 00c0 FCD5     		bpl denghse
 162              	dengpllguan:
 163 00c2 0168     		ldr r1, [r0]
 164 00c4 8901     		lsls r1, r1, # 6
 165 00c6 FCD4     		bmi dengpllguan
 166 00c8 4B49     		ldr r1, = 0x150002	@0x150002
 167 00ca 0046     		mov r0, r0
 168 00cc 4160     		str r1, [r0, # 0x04]
 169 00ce 0046     		mov r0, r0
 170 00d0 4A49     		ldr r1, = 0x1010000
 171 00d2 0046     		mov r0, r0
 172 00d4 0160     		str r1, [r0]
 173              	
 174              	dengpll:
 175 00d6 0168     		ldr r1, [r0]
 176 00d8 8901     		lsls r1, # 6
 177 00da FCD5     		bpl dengpll
 178              	
 179              	
 180 00dc 4849     		ldr r1, = 100
 181 00de 0163     		str r1, [r0, # 0x30]
 182              	
 183              	_waisheshizhong:	                         @ 外设时钟
 184              		@+0x14=RCC_AHBENR
 185              		@ 0=DMA @ 2=SRAM @ 4=FLITF@ 6=CRC @ 17=PA @ 18=PB @ 19=PC @ 20=PD @ 22=PF
 186 00e0 4348     		ldr r0, = 0x40021000
 187 00e2 4849     		ldr r1, = 0x60001
 188 00e4 4161     		str r1, [r0, # 0x14]
 189              	
 190              		@+0x18外设时钟使能寄存器 (RCC_APB2ENR)
 191              		@0=SYSCFG @5=USART6EN @9=ADC @11=TIM1 @12=SPI1 @14=USART1 @16=TIM15 @17=TIM16 @18=TIM17 @22=DBGMCU
 192 00e6 4849     		ldr r1, = 0x1a00
 193 00e8 8161     		str r1, [r0, # 0x18]
 194              		@+0X1C=RCC_APB1ENR
 195              		@ 1=TIM3 @ 4=TIM6 @ 5=TIM7 @ 8=TIM14 @ 11=WWDG @ 14=SPI @ 17=USRT2 @ 18=USART3 @ 20=USART5 @ 21=I2
 196              		@ 22=I2C2 @ 23=USB @ 28=PWR
 197 00ea 484A     		ldr r2, = 0x902
 198 00ec C261     		str r2, [r0, # 0x1c]
 199              	
 200              	_neicunqingling:
 201 00ee 4848     		ldr r0, = 0x20000000
 202 00f0 0021     		movs r1, # 0
 203 00f2 484B     		ldr r3, = 0x1000
 204              	_neicunqinglingxunhuan:
 205 00f4 043B     		subs r3, # 4
 206 00f6 C150     		str r1, [r0, r3]
 207 00f8 FCD1     		bne _neicunqinglingxunhuan
 208              	
 209              	_waishezhongduan:					@外设中断
 210              		@0xE000E100    0-31  写1开，写0没效
 211              		@0XE000E180    0-31 写1关，写0没效
 212              		@0XE000E200    0-31 挂起，写0没效
 213              		@0XE000E280    0-31 清除， 写0没效
 214 00fa 4748     		ldr r0, =  0xe000e100
 215 00fc 4749     		ldr r1, = 0x200 @0x10200  @ 0x10000
ARM GAS  1.s 			page 6


 216 00fe 0160     		str r1, [r0]
 217              		
 218              	@_kanmengou:
 219              	@	ldr r0, = 0x40003000
 220              	@	ldr r1, = 0x5555
 221              	@	str r1, [r0]
 222              	@	movs r1, # 7
 223              	@	str r1, [r0, # 4]
 224              	@	ldr r1, = 0xfff
 225              	@	str r1, [r0, # 8]
 226              	@	ldr r1, = 0xaaaa
 227              	@	str r1, [r0]
 228              	@	ldr r1, = 0xcccc
 229              	@	str r1, [r0]
 230              		
 231              	io_she_zhi:
 232              		@@@@@@@@@@@@@@@@@@@@@@@@@@@@@@@@@@@@@@@@@@@@@@@@@@@@@@@@@@@@@@@@@@@@@@@@@@@@@@@@@@@@@@@@@@@@@@
 233              		@a(0x48000000)b(0x48000400)c(0x48000800)d(0x48000c00)f(0x48001400)
 234              		@ 输入（00），通用输出（01），复用功能（10），模拟（11）
 235              		@偏移0x4 = 端口输出类型 @ （0 推挽），（ 1 开漏）
 236              		@偏移0x8 = 输出速度  00低速， 01中速， 11高速
 237              		@偏移0xC = 上拉下拉 (00无上下拉，  01 上拉， 10下拉)
 238              		@偏移0x10 = 输入数据寄存器
 239              		@偏移0x14 = 输出数据寄存器
 240              		@偏移0x18 = 端口开  0-15置位
 241              		@偏移0x28 = 端口关
 242              		@0X20 = 复用低
 243              		@GPIO口0（0-3位）每个IO口占用4位
 244              		@ AF0 = 0X0000, AF1 = 0X0001, AF2 = 0X0010 AF3 = 0X0011, AF4 = 0X0100
 245              		@ AF5 = 0X0101, AF6 = 0X0111, AF7 = 0X1000
 246              		@0x24 = 复用高
 247              		@GPIO口8 （0-3位）每个IO口占用4位
 248              		@ AF0 = 0X0000, AF1 = 0X0001, AF2 = 0X0010 AF3 = 0X0011, AF4 = 0X0100
 249              		@ AF5 = 0X0101, AF6 = 0X0111, AF7 = 0X1000
 250              		@@@@@@@@@@@@@@@@@@@@@@@@@@@@@@@@@@@@@@@@@@@@@@@@@@@@@@@@@@@@@@@@@@@@@@@@@@@@@@@@@@@@@@@@@@@@@@
 251              	
 252 0100 4748     		ldr r0, = 0x48000000
 253 0102 4849     		ldr r1, = 0x28249a57
 254 0104 0160     		str r1, [r0]
 255 0106 B021     		movs r1, 0xb0
 256 0108 4160     		str r1, [r0, # 0x04]
 257 010a 4749     		ldr r1, = 0x30cf00
 258 010c 8160     		str r1, [r0, # 0x08]
 259 010e 4349     		ldr r1, = 0x200
 260 0110 4162     		str r1, [r0, # 0x24]
 261              		
 262 0112 4648     	        ldr r0, = 0x48000400
 263 0114 0421     		movs r1, # 0x04
 264 0116 0160     		str r1, [r0]
 265              	
 266              	spi_chushihua:
 267 0118 4548     		ldr r0, = 0x40013000
 268 011a 4649     		ldr  r1, = 0x708
 269 011c 4160     		str r1, [r0, # 0x04]
 270 011e 4649     		ldr r1, = 0x5c
 271 0120 0160     		str r1, [r0]
 272              	
ARM GAS  1.s 			page 7


 273              	_lcdchushihua:
 274 0122 3320     		movs r0, # 0x33
 275 0124 0021     		movs r1, # 0
 276 0126 00F096FC 		bl _xielcd
 277 012a 00F08FFC 		bl _lcdyanshi
 278              	
 279 012e 3220     		movs r0, # 0x32
 280 0130 0021     		movs r1, # 0
 281 0132 00F090FC 		bl _xielcd
 282 0136 00F089FC 		bl _lcdyanshi
 283 013a 2820     		movs r0, # 0x28
 284 013c 0021     		movs r1, # 0
 285 013e 00F08AFC 		bl _xielcd
 286 0142 00F083FC 		bl _lcdyanshi
 287 0146 0C20     		movs r0, # 0x0c
 288 0148 0021     		movs r1, # 0
 289 014a 00F084FC 		bl _xielcd
 290 014e 00F07DFC 		bl _lcdyanshi
 291 0152 0120     		movs r0, # 0x01
 292 0154 0021     		movs r1, # 0
 293 0156 00F07EFC 		bl _xielcd
 294 015a 00F077FC 		bl _lcdyanshi
 295              	
 296 015e 8020     		movs r0, # 0x80
 297 0160 3649     		ldr r1, = yjmwxwx
 298 0162 1022     		movs r2, # 16
 299 0164 00F064FC 		bl _lcdxianshi
 300 0168 3548     		ldr r0, = 0xffffff
 301              	yjmwxwx_yanshi:
 302 016a 0138     		subs r0, r0, # 1
 303 016c FDD1     		bne yjmwxwx_yanshi
 304              	
 305 016e 0120     		movs r0, # 0x01
 306 0170 0021     		movs r1, # 0
 307 0172 00F070FC 		bl _xielcd
 308 0176 00F069FC 		bl _lcdyanshi
 309              			
 310              	_adcchushihua:
 311 017a 3248     		ldr r0, = 0x40012400  @ adc基地址
 312 017c 3249     		ldr r1, = 0x80000000
 313 017e 8160     		str r1, [r0, # 0x08]  @ ADC 控制寄存器 (ADC_CR)  @adc校准
 314              	_dengadcjiaozhun:
 315 0180 8168     		ldr r1, [r0, # 0x08]
 316 0182 0900     		movs r1, r1
 317 0184 FCD4     		bmi _dengadcjiaozhun   @ 等ADC校准
 318 0186 0121     		movs r1, # 1
 319 0188 0160     		str r1, [r0]
 320              	_kaiadc:
 321 018a 8168     		ldr r1, [r0, # 0x08]
 322 018c 0122     		movs r2, # 0x01
 323 018e 1143     		orrs r1, r1, r2
 324 0190 8160     		str r1, [r0, # 0x08]
 325              	_deng_adc_wen_ding:
 326 0192 0168     		ldr r1, [r0]
 327 0194 C907     		lsls r1, r1, # 31
 328 0196 FCD5     		bpl _deng_adc_wen_ding @ 等ADC稳定
 329              	_tongdaoxuanze:
ARM GAS  1.s 			page 8


 330 0198 2C49     		ldr r1, = 0x40000000
 331 019a 0161     		str r1, [r0, # 0x10]
 332 019c 2C49     		ldr r1, = 0x01
 333 019e 8162     		str r1, [r0, # 0x28]    @ 通道选择寄存器 (ADC_CHSELR)
 334 01a0 2C49     		ldr r1, = 0x8c3 @ 0xc43		@TIM3 0x8c3 @0x2003 @0x8c3
 335 01a2 C160     		str r1, [r0, # 0x0c]    @ 配置寄存器 1 (ADC_CFGR1)
 336 01a4 0021     		movs r1, # 0
 337 01a6 4161     		str r1, [r0, # 0x14]    @ ADC 采样时间寄存器 (ADC_SMPR)
 338 01a8 8168     		ldr r1, [r0, # 0x08]
 339 01aa 2B4A     		ldr r2, = 0x04         @ 开始转换
 340 01ac 1143     		orrs r1, r1, r2
 341 01ae 8160     		str r1, [r0, # 0x08]    @ 控制寄存器 (ADC_CR)
 342              	
 343              	
 344              	
 345              	
 346              		
 347 01b0 0120     		movs r0, # 1
 348 01b2 00F059F8 		bl __pinlv_shezhi
 349 01b6 00F037FA 		bl __pin_lv_xian_shi
 350 01ba 2848     		ldr r0, = liangcheng
 351 01bc 0E21     		movs r1, # 14
 352 01be 0160     		str r1, [r0]
 353              	
 354              	
 355              		
 356              	ting:
 357 01c0 2748     		ldr r0, = shezhi_pinlv
 358 01c2 0068     		ldr r0, [r0]
 359 01c4 00F050F8 		bl __pinlv_shezhi
 360 01c8 00F02EFA 		bl __pin_lv_xian_shi
 361              	__tiaoguo_pinlv_shezhi:	
 362 01cc 00F0ACFA 		bl __jisuan_zukang
 363 01d0 8E20     		movs r0, # 0x8e
 364 01d2 224A     		ldr r2, = liangcheng
 365 01d4 2349     		ldr r1, = zukang_danwei
 366 01d6 1268     		ldr r2, [r2]
 367 01d8 9200     		lsls r2, r2, # 2
 368 01da 8918     		adds r1, r1, r2
 369 01dc 0222     		movs r2, # 2
 370 01de 00F027FC 		bl _lcdxianshi
 371 01e2 00F0FDFA 		bl __xianshi_zukang
 372 01e6 00F044FB 		bl __xianshi_liangcheng	
 373 01ea E9E7     		b ting
 374 01ec 00200240 		.ltorg
 374      00100240 
 374      01000100 
 374      02001500 
 374      00000101 
 375              	
 376              	__pinlv_shezhi:
 377              		@入口R0
 378              		@1=100, 2=1KHZ, 3=10KHZ, 4=100KHZ
 379 0268 06B5     		push {r1-r2,lr}
 380 026a 3349     		ldr r1, = pinlv
 381 026c 0A68     		ldr r2, [r1]
 382 026e 8242     		cmp r2, r0
ARM GAS  1.s 			page 9


 383 0270 16D0     		beq __pinlv_shezhi_fanhui
 384 0272 0128     		cmp r0, # 1
 385 0274 03D1     		bne __pl1
 386 0276 0860     		str r0, [r1]
 387 0278 00F013F8 		bl __pinlv_100
 388 027c 10E0     		b __pinlv_shezhi_fanhui
 389              	__pl1:
 390 027e 0228     		cmp r0, # 2
 391 0280 03D1     		bne __pl2
 392 0282 0860     		str r0, [r1]
 393 0284 00F08AF8 		bl __pinlv_1K
 394 0288 0AE0     		b __pinlv_shezhi_fanhui
 395              	__pl2:
 396 028a 0328     		cmp r0, # 3
 397 028c 03D1     		bne __pl3
 398 028e 0860     		str r0, [r1]
 399 0290 00F000F9 		bl __pinlv_10K
 400 0294 04E0     		b __pinlv_shezhi_fanhui
 401              	__pl3:
 402 0296 0428     		cmp r0, # 4
 403 0298 02D1     		bne __pinlv_shezhi_fanhui
 404 029a 0860     		str r0, [r1]
 405 029c 00F076F9 		bl __pinlv_100K
 406              	__pinlv_shezhi_fanhui:
 407 02a0 06BD     		pop {r1-r2,pc}
 408              	__pinlv_100:
 409 02a2 0FB5     		push {r0-r3,lr}
 410 02a4 2548     		ldr r0, = 0x40022000
 411 02a6 2649     		ldr r1, = 0x800
 412 02a8 C160     		str r1, [r0, # 0x0c]
 413 02aa 2648     	        ldr r0, = 0xe000e010
 414 02ac 0021     		movs r1, # 0
 415 02ae 0160     		str r1, [r0]
 416 02b0 2548     		ldr r0, = 0x40012408
 417              	__deng_adc_ting:	
 418 02b2 0168     		ldr r1, [r0]
 419 02b4 4906     		lsls r1, r1, # 25
 420 02b6 FCD4     		bmi __deng_adc_ting
 421 02b8 00F0B2F9 		bl __pinlv_yanshi
 422              		@tim1ch3DMA
 423 02bc 2348     		ldr r0, = 0x40020000
 424 02be 0021     		movs r1, # 0
 425 02c0 8165     		str r1, [r0, # 0x58]
 426 02c2 8160     		str r1, [r0, # 0x08]
 427 02c4 2249     		ldr r1, = 0x40012c3c @ 外设地址
 428 02c6 0166     		str r1, [r0, # 0x60]
 429 02c8 2249     		ldr r1, = zheng_xian_100hz @ 储存器地址
 430 02ca 4166     		str r1, [r0, # 0x64]
 431 02cc 2249     		ldr r1, = 1000             @点数
 432 02ce C165     		str r1, [r0, # 0x5c]
 433 02d0 2249     		ldr r1, = 0x35b1         @ 储存到外设
 434 02d2 8165     		str r1, [r0, # 0x58]
 435              		
 436              	        @ adc dma
 437 02d4 2249     		ldr r1, = 0x40012440
 438 02d6 0161     		str r1, [r0, # 0x10]
 439 02d8 2249     		ldr r1, = dianyabiao
ARM GAS  1.s 			page 10


 440 02da 4161     		str r1, [r0, # 0x14]
 441 02dc 1E49     		ldr r1, = 1000
 442 02de C160     		str r1, [r0, # 0x0c]
 443 02e0 2149     		ldr r1, = 0x5a1 @  0x583        @ 5a1
 444 02e2 8160     		str r1, [r0, # 0x08]
 445              		
 446              		@tim3chushihua:
 447 02e4 214B     		ldr r3, = 0x40000400 @ tim3_cr1
 448 02e6 224A     		ldr r2, = 0
 449 02e8 9A62     		str r2, [r3, # 0x28] @ psc
 450 02ea 224A     		ldr r2, = 559
 451 02ec DA62     		str r2, [r3, # 0x2c] @ ARR
 452 02ee 2022     		movs r2, # 0x20
 453 02f0 5A60     		str r2, [r3, # 0x04] @ TRGO
 454 02f2 0622     		movs r2, # 0x06
 455 02f4 9A60     		str r2, [r3, # 0x08]
 456 02f6 8022     		movs r2, # 0x80
 457              		@tim1chushiha:
 458 02f8 1F48     		ldr r0, = 0x40012c00 @ tim1_cr1
 459 02fa 0021     		movs r1, # 0
 460 02fc 8162     		str r1, [r0, # 0x28] @ psc
 461 02fe 1D49     		ldr r1, = 559
 462 0300 C162     		str r1, [r0, # 0x2c] @ ARR
 463 0302 2021     		movs r1, # 0x20
 464 0304 4160     		str r1, [r0, # 0x04] @ TRGO
 465 0306 1D49     		ldr r1, = 0x68
 466 0308 C161     		str r1, [r0, # 0x1c] @ ccmr2  CC3
 467 030a 1D49     		ldr r1, = 0x100    @  CC3
 468 030c 0162     		str r1, [r0, # 0x20] @ ccer
 469 030e 1D49     		ldr r1, = 0x8000
 470 0310 4164     		str r1, [r0, # 0x44] @ BDTR
 471 0312 0B49     		ldr r1, = 0x800 @ CC3 DMA
 472 0314 C160     		str r1, [r0, # 0x0c] @ DIER
 473 0316 1C49     		ldr r1, = 0x81
 474 0318 0160     		str r1, [r0]
 475 031a 1A60     		str r2, [r3]
 476 031c 0948     		ldr r0, = 0xe000e010
 477 031e 1B49     		ldr r1, = 559999
 478 0320 4160     		str r1, [r0, # 4]
 479 0322 8160     		str r1, [r0, # 8]
 480 0324 0721     		movs r1, # 0x07
 481 0326 0160     		str r1, [r0]    @systick 开
 482 0328 1948     	        ldr r0, = cossin
 483 032a 1A49     		ldr r1, = cos_sin_biao_100_1k
 484 032c 0160     		str r1, [r0]
 485 032e 1A48     		ldr r0, = lcd_beiguang
 486 0330 C021     		movs r1, # 0xc0
 487 0332 0160     		str r1, [r0]
 488 0334 0FBD     		pop {r0-r3,pc}
 489 0336 00007000 		.ltorg
 489      00200020 
 489      02400008 
 489      000010E0 
 489      00E00824 
 490              		
 491              	__pinlv_1K:
 492 039c 0FB5     		push {r0-r3,lr}
ARM GAS  1.s 			page 11


 493 039e 2448     		ldr r0, = 0x40022000
 494 03a0 2449     		ldr r1, = 0x800
 495 03a2 C160     		str r1, [r0, # 0x0c]
 496 03a4 2448     	        ldr r0, = 0xe000e010
 497 03a6 0021     		movs r1, # 0
 498 03a8 0160     		str r1, [r0]
 499 03aa 2448     	        ldr r0, = 0x40012408
 500              	__deng_adc_ting1:
 501 03ac 0168     		ldr r1, [r0]
 502 03ae 4906     		lsls r1, r1, # 25
 503 03b0 FCD4     		bmi __deng_adc_ting1
 504 03b2 00F035F9 		bl __pinlv_yanshi
 505              		@tim1ch3DMA
 506 03b6 2248     		ldr r0, = 0x40020000
 507 03b8 0021     		movs r1, # 0
 508 03ba 8165     		str r1, [r0, # 0x58]
 509 03bc 8160     		str r1, [r0, # 0x08]
 510 03be 2149     		ldr r1, = 0x40012c3c @ 外设地址
 511 03c0 0166     		str r1, [r0, # 0x60]
 512 03c2 2149     		ldr r1, = zheng_xian_1khz @ 储存器地址
 513 03c4 4166     		str r1, [r0, # 0x64]
 514 03c6 2149     		ldr r1, = 1000             @点数
 515 03c8 C165     		str r1, [r0, # 0x5c]
 516 03ca 2149     		ldr r1, = 0x31b1         @ 储存到外设
 517 03cc 8165     		str r1, [r0, # 0x58]
 518              		@ adc dma
 519 03ce 2149     		ldr r1, = 0x40012440
 520 03d0 0161     		str r1, [r0, # 0x10]
 521 03d2 2149     		ldr r1, = dianyabiao
 522 03d4 4161     		str r1, [r0, # 0x14]
 523 03d6 1D49     		ldr r1, = 1000
 524 03d8 C160     		str r1, [r0, # 0x0c]
 525 03da 2049     		ldr r1, = 0x5a1 @  0x583        @ 5a1
 526 03dc 8160     		str r1, [r0, # 0x08]
 527              		
 528              		
 529              		@tim3chushihua:
 530 03de 204B     		ldr r3, = 0x40000400 @ tim3_cr1
 531 03e0 204A     		ldr r2, = 0
 532 03e2 9A62     		str r2, [r3, # 0x28] @ psc
 533 03e4 204A     		ldr r2, = 559
 534 03e6 DA62     		str r2, [r3, # 0x2c] @ ARR
 535 03e8 2022     		movs r2, # 0x20
 536 03ea 5A60     		str r2, [r3, # 0x04] @ TRGO
 537 03ec 0622     		movs r2, # 0x06
 538 03ee 9A60     		str r2, [r3, # 0x08]
 539 03f0 8022     		movs r2, # 0x80
 540              		@tim1chushiha:
 541 03f2 1E48     		ldr r0, = 0x40012c00 @ tim1_cr1
 542 03f4 0021     		movs r1, # 0
 543 03f6 8162     		str r1, [r0, # 0x28] @ psc
 544 03f8 1D49     		ldr r1, = 55
 545 03fa C162     		str r1, [r0, # 0x2c] @ ARR
 546 03fc 2021     		movs r1, # 0x20
 547 03fe 4160     		str r1, [r0, # 0x04] @ TRGO
 548 0400 1C49     		ldr r1, = 0x68
 549 0402 C161     		str r1, [r0, # 0x1c] @ ccmr2  CC3
ARM GAS  1.s 			page 12


 550 0404 1C49     		ldr r1, = 0x100    @  CC3
 551 0406 0162     		str r1, [r0, # 0x20] @ ccer
 552 0408 1C49     		ldr r1, = 0x8000
 553 040a 4164     		str r1, [r0, # 0x44] @ BDTR
 554 040c 0949     		ldr r1, = 0x800 @ CC3 DMA
 555 040e C160     		str r1, [r0, # 0x0c] @ DIER
 556 0410 1B49     		ldr r1, = 0x81
 557 0412 0160     		str r1, [r0]
 558 0414 1A60     		str r2, [r3]
 559 0416 0848     	        ldr r0, = 0xe000e010
 560 0418 1A49     		ldr r1, = 559999
 561 041a 4160     		str r1, [r0, # 4]
 562 041c 8160     		str r1, [r0, # 8]
 563 041e 0721     		movs r1, # 0x07
 564 0420 0160     		str r1, [r0]    @systick 开
 565 0422 1948     		ldr r0, = cossin
 566 0424 1949     		ldr r1, = cos_sin_biao_10k
 567 0426 0160     		str r1, [r0]
 568 0428 1948     		ldr r0, = lcd_beiguang
 569 042a C021     		movs r1, # 0xc0
 570 042c 0160     		str r1, [r0]
 571 042e 0FBD     		pop {r0-r3,pc}
 572 0430 00200240 		.ltorg
 572      00080000 
 572      10E000E0 
 572      08240140 
 572      00000240 
 573              	
 574              		
 575              	__pinlv_10K:
 576 0494 0FB5     		push {r0-r3,lr}
 577 0496 2448     		ldr r0, = 0x40022000
 578 0498 2449     		ldr r1, = 0x800
 579 049a C160     		str r1, [r0, # 0x0c]
 580 049c 2448     	        ldr r0, = 0xe000e010
 581 049e 0021     		movs r1, # 0
 582 04a0 0160     		str r1, [r0]
 583 04a2 2448     	        ldr r0, = 0x40012408
 584              	__deng_adc_ting2:
 585 04a4 0168     		ldr r1, [r0]
 586 04a6 4906     		lsls r1, r1, # 25
 587 04a8 FCD4     		bmi __deng_adc_ting2
 588 04aa 00F0B9F8 		bl __pinlv_yanshi
 589              		@tim1ch3DMA
 590 04ae 2248     		ldr r0, = 0x40020000
 591 04b0 0021     		movs r1, # 0
 592 04b2 8165     		str r1, [r0, # 0x58]
 593 04b4 8160     		str r1, [r0, # 0x08]
 594 04b6 2149     		ldr r1, = 0x40012c3c @ 外设地址
 595 04b8 0166     		str r1, [r0, # 0x60]
 596 04ba 2149     		ldr r1, = zheng_xian_10khz @ 储存器地址
 597 04bc 4166     		str r1, [r0, # 0x64]
 598 04be 2149     		ldr r1, = 200             @点数
 599 04c0 C165     		str r1, [r0, # 0x5c]
 600 04c2 2149     		ldr r1, = 0x31b1         @ 储存到外设
 601 04c4 8165     		str r1, [r0, # 0x58]
 602              		@ adc dma
ARM GAS  1.s 			page 13


 603 04c6 2149     		ldr r1, = 0x40012440
 604 04c8 0161     		str r1, [r0, # 0x10]
 605 04ca 2149     		ldr r1, = dianyabiao
 606 04cc 4161     		str r1, [r0, # 0x14]
 607 04ce 2149     		ldr r1, = 1000
 608 04d0 C160     		str r1, [r0, # 0x0c]
 609 04d2 2149     		ldr r1, = 0x5a1 @  0x583        @ 5a1
 610 04d4 8160     		str r1, [r0, # 0x08]
 611              		
 612              		@tim3chushihua:
 613 04d6 214B     		ldr r3, = 0x40000400 @ tim3_cr1
 614 04d8 214A     		ldr r2, = 0
 615 04da 9A62     		str r2, [r3, # 0x28] @ psc
 616 04dc 214A     		ldr r2, = 27
 617 04de DA62     		str r2, [r3, # 0x2c] @ ARR
 618 04e0 2022     		movs r2, # 0x20
 619 04e2 5A60     		str r2, [r3, # 0x04] @ TRGO
 620 04e4 0622     		movs r2, # 0x06
 621 04e6 9A60     		str r2, [r3, # 0x08]
 622 04e8 8022     		movs r2, # 0x80
 623              		@tim1chushiha:
 624 04ea 1F48     		ldr r0, = 0x40012c00 @ tim1_cr1
 625 04ec 0021     		movs r1, # 0
 626 04ee 8162     		str r1, [r0, # 0x28] @ psc
 627 04f0 1C49     		ldr r1, = 27
 628 04f2 C162     		str r1, [r0, # 0x2c] @ ARR
 629 04f4 2021     		movs r1, # 0x20
 630 04f6 4160     		str r1, [r0, # 0x04] @ TRGO
 631 04f8 1C49     		ldr r1, = 0x68
 632 04fa C161     		str r1, [r0, # 0x1c] @ ccmr2  CC3
 633 04fc 1C49     		ldr r1, = 0x100    @  CC3
 634 04fe 0162     		str r1, [r0, # 0x20] @ ccer
 635 0500 1C49     		ldr r1, = 0x8000
 636 0502 4164     		str r1, [r0, # 0x44] @ BDTR
 637 0504 0949     		ldr r1, = 0x800 @ CC3 DMA
 638 0506 C160     		str r1, [r0, # 0x0c] @ DIER
 639 0508 1B49     		ldr r1, = 0x81
 640 050a 0160     		str r1, [r0]
 641 050c 1A60     		str r2, [r3]
 642 050e 0848     		ldr r0, = 0xe000e010
 643 0510 1A49     		ldr r1, = 55999
 644 0512 4160     		str r1, [r0, # 4]
 645 0514 8160     		str r1, [r0, # 8]
 646 0516 0721     		movs r1, # 0x07
 647 0518 0160     		str r1, [r0]    @systick 开
 648 051a 1948     	        ldr r0, = cossin
 649 051c 1949     		ldr r1, = cos_sin_biao_10k
 650 051e 0160     		str r1, [r0]
 651 0520 1948     		ldr r0, = lcd_beiguang
 652 0522 C021     		movs r1, # 0xc0
 653 0524 0160     		str r1, [r0]
 654 0526 0FBD     		pop {r0-r3,pc}
 655 0528 00200240 		.ltorg
 655      00080000 
 655      10E000E0 
 655      08240140 
 655      00000240 
ARM GAS  1.s 			page 14


 656              	__pinlv_100K:
 657 058c 0FB5     		push {r0-r3,lr}
 658 058e 2D48     		ldr r0, = 0x40022000
 659 0590 2D49     		ldr r1, = 0x800
 660 0592 C160     		str r1, [r0, # 0x0c]
 661 0594 2D48     	        ldr r0, = 0xe000e010
 662 0596 0021     		movs r1, # 0
 663 0598 0160     		str r1, [r0]
 664 059a 2D48     	        ldr r0, = 0x40012408
 665              	__deng_adc_ting3:
 666 059c 0168     		ldr r1, [r0]
 667 059e 4906     		lsls r1, r1, # 25
 668 05a0 FCD4     		bmi __deng_adc_ting3
 669 05a2 00F03DF8 		bl __pinlv_yanshi
 670              	        @tim1ch3DMA
 671 05a6 2B48     		ldr r0, = 0x40020000
 672 05a8 0021     		movs r1, # 0
 673 05aa 8165     		str r1, [r0, # 0x58]
 674 05ac 8160     		str r1, [r0, # 0x08]
 675 05ae 2A49     		ldr r1, = 0x40012c3c @ 外设地址
 676 05b0 0166     		str r1, [r0, # 0x60]
 677 05b2 2A49     		ldr r1, = zheng_xian_100khz @ 储存器地址
 678 05b4 4166     		str r1, [r0, # 0x64]
 679 05b6 2A49     		ldr r1, = 20             @点数
 680 05b8 C165     		str r1, [r0, # 0x5c]
 681 05ba 2A49     		ldr r1, = 0x31b1         @ 储存到外设
 682 05bc 8165     		str r1, [r0, # 0x58]
 683              		@ adc dma
 684 05be 2A49     		ldr r1, = 0x40012440
 685 05c0 0161     		str r1, [r0, # 0x10]
 686 05c2 2A49     		ldr r1, = dianyabiao
 687 05c4 4161     		str r1, [r0, # 0x14]
 688 05c6 2A49     		ldr r1, = 1000
 689 05c8 C160     		str r1, [r0, # 0x0c]
 690 05ca 2A49     		ldr r1, = 0x5a1 @  0x583        @ 5a1
 691 05cc 8160     		str r1, [r0, # 0x08]
 692              		
 693              	@tim3chushihua:
 694 05ce 2A4B     		ldr r3, = 0x40000400 @ tim3_cr1
 695 05d0 2A4A     		ldr r2, = 0
 696 05d2 9A62     		str r2, [r3, # 0x28] @ psc
 697 05d4 2A4A     		ldr r2, = 27
 698 05d6 DA62     		str r2, [r3, # 0x2c] @ ARR
 699 05d8 2022     		movs r2, # 0x20
 700 05da 5A60     		str r2, [r3, # 0x04] @ TRGO
 701 05dc 0622     		movs r2, # 0x06
 702 05de 9A60     		str r2, [r3, # 0x08]
 703 05e0 8022     		movs r2, # 0x80
 704              	@tim1chushiha:
 705 05e2 2848     		ldr r0, = 0x40012c00 @ tim1_cr1
 706 05e4 0021     		movs r1, # 0
 707 05e6 8162     		str r1, [r0, # 0x28] @ psc
 708 05e8 2549     		ldr r1, = 27
 709 05ea C162     		str r1, [r0, # 0x2c] @ ARR
 710 05ec 2021     		movs r1, # 0x20
 711 05ee 4160     		str r1, [r0, # 0x04] @ TRGO
 712 05f0 2549     		ldr r1, = 0x68
ARM GAS  1.s 			page 15


 713 05f2 C161     		str r1, [r0, # 0x1c] @ ccmr2  CC3
 714 05f4 2549     		ldr r1, = 0x100    @  CC3
 715 05f6 0162     		str r1, [r0, # 0x20] @ ccer
 716 05f8 2549     		ldr r1, = 0x8000
 717 05fa 4164     		str r1, [r0, # 0x44] @ BDTR
 718 05fc 1249     		ldr r1, = 0x800 @ CC3 DMA
 719 05fe C160     		str r1, [r0, # 0x0c] @ DIER
 720 0600 2449     		ldr r1, = 0x81
 721 0602 0160     		str r1, [r0]
 722 0604 1A60     		str r2, [r3]
 723 0606 1148     		ldr r0, = 0xe000e010
 724 0608 2349     		ldr r1, = 55999
 725 060a 4160     		str r1, [r0, # 4]
 726 060c 8160     		str r1, [r0, # 8]
 727 060e 0721     		movs r1, # 0x07
 728 0610 0160     		str r1, [r0]    @systick 开
 729 0612 2248     		ldr r0, = cossin
 730 0614 2249     		ldr r1, = cos_sin_biao_100k
 731 0616 0160     		str r1, [r0]
 732 0618 2248     		ldr r0, = lcd_beiguang
 733 061a 0021     		movs r1, # 0
 734 061c 0160     		str r1, [r0]
 735 061e 0FBD     		pop {r0-r3,pc}
 736              	__pinlv_yanshi:
 737 0620 2148     		ldr r0, = 0xffff
 738              	__pinlv_yanshi_xunhuan:
 739 0622 0138     		subs r0, r0, # 1
 740 0624 FDD1     		bne __pinlv_yanshi_xunhuan
 741 0626 F746     		mov pc, lr
 742              	__pin_lv_xian_shi:
 743 0628 0FB5     		push {r0-r3,lr}
 744 062a 2048     		ldr r0, = pinlv
 745 062c 0121     		movs r1, # 1
 746 062e 0068     		ldr r0, [r0]
 747 0630 1F4A     		ldr r2, = asciimabiao
 748 0632 FF23     		movs r3, # 0xff
 749 0634 00F042FA 		bl _zhuanascii
 750 0638 8020     		movs r0, # 0x80
 751 063a 1D49     		ldr r1, = asciimabiao
 752 063c 0122     		movs r2, # 1
 753 063e 00F0F7F9 		bl _lcdxianshi
 754 0642 0FBD     		pop {r0-r3,pc}
 755 0644 00200240 		.ltorg
 755      00080000 
 755      10E000E0 
 755      08240140 
 755      00000240 
 756              		
 757              	__jisuan_z_fudu:
 758 06b4 07B5     		push {r0-r2,lr}
 759 06b6 3748     		ldr r0, = xiabi_rr
 760 06b8 3749     		ldr r1, = xiabi_ii
 761 06ba 0068     		ldr r0, [r0]
 762 06bc 0968     		ldr r1, [r1]
 763 06be 4012     		asrs r0, r0, # 9
 764 06c0 4912     		asrs r1, r1, # 9
 765 06c2 00F044F8 		bl __ji_suan_fu_du
ARM GAS  1.s 			page 16


 766 06c6 0246     		mov r2, r0
 767 06c8 3448     		ldr r0, = shangbi_rr
 768 06ca 3549     		ldr r1, = shangbi_ii
 769 06cc 0068     		ldr r0, [r0]
 770 06ce 0968     		ldr r1, [r1]
 771 06d0 4012     		asrs r0, r0, # 9
 772 06d2 4912     		asrs r1, r1, # 9
 773 06d4 00F03BF8 		bl __ji_suan_fu_du
 774 06d8 1146     		mov r1, r2
 775 06da 324A     		ldr r2, = 1000
 776 06dc 5043     		muls r0, r0, r2
 777 06de 00F0EAFA 		bl _chufa
 778 06e2 3149     		ldr r1, = z_fudu
 779              	@	lsrs r0, r0, # 5
 780 06e4 0860     		str r0, [r1]
 781 06e6 07BD     		pop {r0-r2,pc}
 782              		
 783              	__zidong_dangwei:
 784 06e8 0FB5     		push {r0-r3,lr}
 785              	__huan_dang:
 786 06ea 3048     		ldr r0, = zhenfu
 787 06ec 304A     		ldr r2, = 4000
 788 06ee 0068     		ldr r0, [r0]
 789 06f0 9042     		cmp r0, r2
 790 06f2 10D8     		bhi __dang_wei_jian
 791 06f4 2C48     		ldr r0, = z_fudu
 792 06f6 0068     		ldr r0, [r0]
 793 06f8 2E4B     		ldr r3, =  900
 794 06fa 9842     		cmp r0, r3
 795 06fc 0BD3     		bcc __dang_wei_jian
 796 06fe 2E4B     		ldr r3, = 3000
 797 0700 9842     		cmp r0, r3
 798 0702 10D3     		bcc __zi_dong_dang_wei_fan_hui
 799 0704 2D48     		ldr r0, = liangcheng
 800 0706 0168     		ldr r1, [r0]
 801 0708 0131     		adds r1, r1, # 1
 802 070a 0160     		str r1, [r0]
 803 070c 0F29     		cmp r1, # 15
 804 070e 0AD1     		bne __zi_dong_dang_wei_fan_hui
 805 0710 0E21     		movs r1, # 14
 806 0712 0160     		str r1, [r0]
 807 0714 07E0     		b __zi_dong_dang_wei_fan_hui
 808              	__dang_wei_jian:
 809 0716 2948     		ldr r0, = liangcheng
 810 0718 0168     		ldr r1, [r0]
 811 071a 0139     		subs r1, r1, # 1
 812 071c 0160     		str r1, [r0]
 813 071e FF29     		cmp r1, # 0xff
 814 0720 01D3     		bcc __zi_dong_dang_wei_fan_hui
 815 0722 0021     		movs r1, # 0
 816 0724 0160     		str r1, [r0]
 817              	__zi_dong_dang_wei_fan_hui:
 818 0726 0FBD     		pop {r0-r3,pc}
 819              	
 820              	__jisuan_zukang:
 821 0728 1FB5     		push {r0-r4,lr}
 822 072a 2548     		ldr r0, = shangbi_r
ARM GAS  1.s 			page 17


 823 072c 2549     		ldr r1, = shangbi_i
 824 072e 264A     		ldr r2, = xiabi_r
 825 0730 264B     		ldr r3, = xiabi_i
 826 0732 1C4C     		ldr r4, = 1000
 827 0734 0068     		ldr r0, [r0]
 828 0736 0968     		ldr r1, [r1]
 829 0738 1268     		ldr r2, [r2]
 830 073a 1B68     		ldr r3, [r3]
 831 073c 6043     		muls r0, r0, r4
 832 073e 6143     		muls r1, r1, r4
 833 0740 00F0D5F9 		bl __fu_shu_chu_fa
 834 0744 2248     		ldr r0, = z_r
 835 0746 234B     		ldr r3, = z_i
 836 0748 1960     		str r1, [r3]
 837 074a 0260     		str r2, [r0]
 838 074c 1FBD     		pop {r0-r4,pc}
 839              		
 840              	__ji_suan_fu_du:	    @ 计算幅度
 841              		@ 入r0= 实部，r1= 虚部
 842              		@ 出r0 = 幅度
 843              		@ Mag ~=Alpha * max(|I|, |Q|) + Beta * min(|I|, |Q|)
 844              		@ Alpha * Max + Beta * Min
 845 074e 0EB5     		push {r1-r3,lr}
 846 0750 0000     		movs r0, r0
 847 0752 01D5     		bpl _shibubushifushu
 848 0754 C043     		mvns r0, r0                             @ 是负数转成正数
 849 0756 0130     		adds r0, r0, # 1
 850              	_shibubushifushu:	                               @ 实部不是负数
 851 0758 0900     		movs r1, r1
 852 075a 01D5     		bpl _xububushifushu
 853 075c C943     		mvns r1, r1                             @ 是负数转成正数
 854 075e 0131     		adds r1, r1, # 1
 855              	_xububushifushu:	                                @ 虚部不是负数
 856 0760 0028     		cmp r0, # 0
 857 0762 01D1     		bne _panduanxubushibushi0
 858 0764 0846     		mov r0, r1
 859 0766 0EBD     		pop {r1-r3,pc}
 860              	_panduanxubushibushi0:
 861 0768 0029     		cmp r1, # 0
 862 076a 00D1     		bne _jisuanfudu1
 863 076c 0EBD     		pop {r1-r3,pc}
 864              	_jisuanfudu1:
 865 076e 1A4A     		ldr r2, = 31066		@ Alpha q15 0.948059448969
 866 0770 1A4B     		ldr r3, = 12867		@ Beta q15 0.392699081699
 867 0772 8142     		cmp r1, r0
 868 0774 06D8     		bhi _alpha_min_beta_max
 869              	_alpha_max_beta_min:
 870 0776 5043     		muls r0, r0, r2
 871 0778 5943     		muls r1, r1, r3
 872 077a C013     		asrs r0, r0, # 15
 873 077c C913     		asrs r1, r1, # 15
 874 077e 4018     		adds r0, r0, r1
 875 0780 0121     		movs r1, # 1
 876 0782 0EBD     		pop {r1-r3,pc}
 877              	_alpha_min_beta_max:
 878 0784 5843     		muls r0, r0, r3
 879 0786 5143     		muls r1, r1, r2
ARM GAS  1.s 			page 18


 880 0788 C013     		asrs r0, r0, # 15
 881 078a C913     		asrs r1, r1, # 15
 882 078c 4018     		adds r0, r0, r1
 883 078e 0021     		movs r1, # 0
 884 0790 0EBD     		pop {r1-r3,pc}
 885 0792 00005800 		.ltorg
 885      00205C00 
 885      00205000 
 885      00205400 
 885      0020E803 
 886              	__xianshi_zukang:
 887 07e0 3FB5     		push {r0-r5,lr}
 888 07e2 824C     		ldr r4, = z_r
 889 07e4 824D     		ldr r5, = z_i
 890 07e6 2468     		ldr r4, [r4]
 891 07e8 2D68     		ldr r5, [r5]
 892 07ea 8249     		ldr r1, = liangcheng
 893 07ec 8248     		ldr r0, = zukang_huansuan_biao
 894 07ee 0968     		ldr r1, [r1]
 895 07f0 8900     		lsls r1, r1, # 2
 896 07f2 4058     		ldr r0, [r0, r1]
 897 07f4 4443     		muls r4, r4, r0
 898 07f6 4543     		muls r5, r5, r0
 899 07f8 E413     		asrs r4, r4, # 15
 900 07fa ED13     		asrs r5, r5, # 15
 901 07fc 2400     		movs r4, r4
 902 07fe 07D5     		bpl aaa1
 903 0800 8220     		movs r0, # 0x82
 904 0802 7E49     		ldr r1, = _fu
 905 0804 0122     		movs r2, # 1
 906 0806 00F013F9 		bl _lcdxianshi
 907 080a E443     		mvns r4, r4
 908 080c 0134     		adds r4, r4, # 1
 909 080e 04E0     		b aaa2
 910              	aaa1:
 911 0810 8220     		movs r0, # 0x82
 912 0812 7B49     		ldr r1, = kong
 913 0814 0122     		movs r2, # 1
 914 0816 00F00BF9 		bl _lcdxianshi
 915              	aaa2:
 916 081a 2046     		mov r0, r4
 917 081c 0521     		movs r1, # 5
 918 081e 794A     		ldr r2, = asciimabiao
 919 0820 794C     	        ldr r4, = zukang_xiaoshu_dian
 920 0822 744B     		ldr r3, = liangcheng
 921 0824 1B68     		ldr r3, [r3]
 922 0826 E35C     		ldrb r3, [r4, r3]
 923 0828 00F048F9 		bl _zhuanascii
 924 082c 8320     		movs r0, # 0x83
 925 082e 7549     		ldr r1, = asciimabiao
 926 0830 0522     		movs r2, # 5
 927 0832 00F0FDF8 		bl _lcdxianshi
 928              	
 929              	
 930 0836 2C00     		movs r4, r5
 931 0838 07D5     		bpl bbb1
 932 083a 8820     		movs r0, # 0x88
ARM GAS  1.s 			page 19


 933 083c 6F49     		ldr r1, = _fu
 934 083e 0122     		movs r2, # 1
 935 0840 00F0F6F8 		bl _lcdxianshi
 936 0844 E443     		mvns r4, r4
 937 0846 0134     		adds r4, r4, # 1
 938 0848 04E0     		b bbb2
 939              	bbb1:
 940 084a 8820     		movs r0, # 0x88
 941 084c 6C49     		ldr r1, = kong
 942 084e 0122     		movs r2, # 1
 943 0850 00F0EEF8 		bl _lcdxianshi
 944              	bbb2:
 945 0854 2046     		mov r0, r4
 946 0856 0521     		movs r1, # 5
 947 0858 6A4A     		ldr r2, = asciimabiao
 948 085a 6B4D     		ldr r5, = zukang_xiaoshu_dian
 949 085c 654B     		ldr r3, = liangcheng
 950 085e 1B68     		ldr r3, [r3]
 951 0860 EB5C     		ldrb r3, [r5, r3]
 952 0862 00F02BF9 		bl _zhuanascii
 953 0866 8920     		movs r0, # 0x89
 954 0868 6649     		ldr r1, = asciimabiao
 955 086a 0522     		movs r2, # 5
 956 086c 00F0E0F8 		bl _lcdxianshi
 957 0870 3FBD     		pop {r0-r5,pc}
 958              	
 959              	
 960              	__xianshi_liangcheng:
 961 0872 0FB5     		push {r0-r3,lr}
 962 0874 5F48     	        ldr r0, = liangcheng
 963 0876 0221     		movs r1, # 2
 964 0878 0068     		ldr r0, [r0]
 965 087a 624A     		ldr r2, = asciimabiao
 966 087c FF23     		movs r3, # 0xff
 967 087e 00F01DF9 		bl _zhuanascii
 968 0882 C020     		movs r0, # 0xc0
 969 0884 5F49     		ldr r1, = asciimabiao
 970 0886 0222     		movs r2, # 2
 971 0888 00F0D2F8 		bl _lcdxianshi
 972 088c 0FBD     		pop {r0-r3,pc}
 973              		
 974              	__xianshi_shangxia_bi:
 975 088e FFB5     		push {r0-r7,lr}
 976 0890 5E48     		ldr r0, = shangbi_r
 977 0892 5F4A     		ldr r2, = shangbi_i
 978 0894 0168     		ldr r1, [r0]
 979 0896 1768     		ldr r7, [r2]
 980 0898 0C00     		movs r4, r1
 981 089a 07D5     		bpl aa1
 982 089c 8020     		movs r0, # 0x80
 983 089e 5749     		ldr r1, = _fu
 984 08a0 0122     		movs r2, # 1
 985 08a2 00F0C5F8 		bl _lcdxianshi
 986 08a6 E443     		mvns r4, r4
 987 08a8 0134     		adds r4, r4, # 1
 988 08aa 04E0     		b aa2
 989              	aa1:
ARM GAS  1.s 			page 20


 990 08ac 8020     		movs r0, # 0x80
 991 08ae 5449     		ldr r1, = kong
 992 08b0 0122     		movs r2, # 1
 993 08b2 00F0BDF8 		bl _lcdxianshi
 994              	aa2:
 995 08b6 2046     		mov r0, r4
 996 08b8 0521     		movs r1, # 5
 997 08ba 524A     		ldr r2, = asciimabiao
 998 08bc FF23     		movs r3, # 0xff
 999 08be 00F0FDF8 		bl _zhuanascii
 1000 08c2 8120     		movs r0, # 0x81
 1001 08c4 4F49     		ldr r1, = asciimabiao
 1002 08c6 0522     		movs r2, # 5
 1003 08c8 00F0B2F8 		bl _lcdxianshi
 1004              	
 1005              	
 1006 08cc 3C00     		movs r4, r7
 1007 08ce 07D5     		bpl bb1
 1008 08d0 8A20     		movs r0, # 0x8a
 1009 08d2 4A49     		ldr r1, = _fu
 1010 08d4 0122     		movs r2, # 1
 1011 08d6 00F0ABF8 		bl _lcdxianshi
 1012 08da E443     		mvns r4, r4
 1013 08dc 0134     		adds r4, r4, # 1
 1014 08de 04E0     		b bb2
 1015              	bb1:
 1016 08e0 8A20     		movs r0, # 0x8a
 1017 08e2 4749     		ldr r1, = kong
 1018 08e4 0122     		movs r2, # 1
 1019 08e6 00F0A3F8 		bl _lcdxianshi
 1020              	bb2:
 1021 08ea 2046     		mov r0, r4
 1022 08ec 0521     		movs r1, # 5
 1023 08ee 454A     		ldr r2, = asciimabiao
 1024 08f0 FF23     		movs r3, # 0xff
 1025 08f2 00F0E3F8 		bl _zhuanascii
 1026 08f6 8B20     		movs r0, # 0x8b
 1027 08f8 4249     		ldr r1, = asciimabiao
 1028 08fa 0522     		movs r2, # 5
 1029 08fc 00F098F8 		bl _lcdxianshi
 1030              	
 1031 0900 4448     	        ldr r0, = xiabi_r
 1032 0902 454A     		ldr r2, = xiabi_i
 1033 0904 0168     		ldr r1, [r0]
 1034 0906 1768     		ldr r7, [r2]
 1035 0908 0C00     		movs r4, r1
 1036 090a 07D5     		bpl cc1
 1037 090c C020     		movs r0, # 0xc0
 1038 090e 3B49     		ldr r1, = _fu
 1039 0910 0122     		movs r2, # 1
 1040 0912 00F08DF8 		bl _lcdxianshi
 1041 0916 E443     		mvns r4, r4
 1042 0918 0134     		adds r4, r4, # 1
 1043 091a 04E0     		b cc2
 1044              	cc1:
 1045 091c C020     		movs r0, # 0xc0
 1046 091e 3849     		ldr r1, = kong
ARM GAS  1.s 			page 21


 1047 0920 0122     		movs r2, # 1
 1048 0922 00F085F8 		bl _lcdxianshi
 1049              	cc2:
 1050 0926 2046     		mov r0, r4
 1051 0928 0521     		movs r1, # 5
 1052 092a 364A     		ldr r2, = asciimabiao
 1053 092c FF23     		movs r3, # 0xff
 1054 092e 00F0C5F8 		bl _zhuanascii
 1055 0932 C120     		movs r0, # 0xc1
 1056 0934 3349     		ldr r1, = asciimabiao
 1057 0936 0522     		movs r2, # 5
 1058 0938 00F07AF8 		bl _lcdxianshi
 1059              	
 1060              	
 1061 093c 3C00     		movs r4, r7
 1062 093e 07D5     		bpl dd1
 1063 0940 CA20     		movs r0, # 0xca
 1064 0942 2E49     		ldr r1, = _fu
 1065 0944 0122     		movs r2, # 1
 1066 0946 00F073F8 		bl _lcdxianshi
 1067 094a E443     		mvns r4, r4
 1068 094c 0134     		adds r4, r4, # 1
 1069 094e 04E0     		b dd2
 1070              	dd1:
 1071 0950 CA20     		movs r0, # 0xca
 1072 0952 2B49     		ldr r1, = kong
 1073 0954 0122     		movs r2, # 1
 1074 0956 00F06BF8 		bl _lcdxianshi
 1075              	dd2:
 1076 095a 2046     		mov r0, r4
 1077 095c 0521     		movs r1, # 5
 1078 095e 294A     		ldr r2, = asciimabiao
 1079 0960 FF23     		movs r3, # 0xff
 1080 0962 00F0ABF8 		bl _zhuanascii
 1081 0966 CB20     		movs r0, # 0xcb
 1082 0968 2649     		ldr r1, = asciimabiao
 1083 096a 0522     		movs r2, # 5
 1084 096c 00F060F8 		bl _lcdxianshi
 1085 0970 FFBD     		pop {r0-r7,pc}
 1086              	
 1087              	__dft:
 1088 0972 FCB5     		push {r2-r7,lr}
 1089 0974 4246     		mov r2, r8
 1090 0976 4B46     		mov r3, r9
 1091 0978 0CB4     		push {r2-r3}
 1092 097a 2849     		ldr r1, = 0x12345678
 1093 097c 8946     		mov r9, r1
 1094 097e 2848     		ldr r0, = dianyabiao
 1095 0980 2849     		ldr r1, = cossin
 1096 0982 0968     		ldr r1, [r1]
 1097 0984 284B     		ldr r3, = 1984	@ 点数*2-16
 1098 0986 294C     		ldr r4, = 2048
 1099 0988 1B18     		adds r3, r3, r0
 1100 098a 9846     		mov r8, r3
 1101 098c 0022     		movs r2, # 0
 1102 098e 1746     		mov r7, r2
 1103              	__dft_xunhuan:
ARM GAS  1.s 			page 22


 1104 0990 0388     		ldrh r3, [r0]
 1105 0992 0D68     		ldr r5, [r1]
 1106 0994 4D45     		cmp r5, r9
 1107 0996 02D1     		bne __du_sin
 1108 0998 2249     		ldr r1, = cossin
 1109 099a 0968     		ldr r1, [r1]
 1110 099c 0D68     		ldr r5, [r1]
 1111              	__du_sin:	
 1112 099e 4E68     		ldr r6, [r1, # 0x04]
 1113 09a0 1B1B     		subs r3, r3, r4
 1114 09a2 5D43     		muls r5, r5, r3
 1115 09a4 ED13     		asrs r5, r5, # 15
 1116 09a6 5E43     		muls r6, r6, r3
 1117 09a8 F613     		asrs r6, r6, # 15
 1118 09aa 5219     		adds r2, r2, r5
 1119 09ac BF19     		adds r7, r7, r6
 1120 09ae 0230     		adds r0, r0, # 0x02
 1121 09b0 0831     		adds r1, r1, # 0x08
 1122 09b2 4045     		cmp r0, r8
 1123 09b4 ECD1     		bne __dft_xunhuan
 1124 09b6 1046     		mov r0, r2
 1125 09b8 3946     		mov r1, r7
 1126 09ba 0CBC     		pop {r2-r3}
 1127 09bc 9046     		mov r8, r2
 1128 09be 9946     		mov r9, r3
 1129 09c0 FCBD     		pop {r2-r7,pc}
 1130              		
 1131              	__lv_bo_qi:
 1132              		@地址顺序：指针，累加值，缓冲区
 1133              		@入口R0=缓冲区，R1=数据, r2,=指针
 1134              		@出口R0
 1135 09c2 78B5     		push {r3-r6,lr}
 1136 09c4 4024     		movs r4, # 64
 1137 09c6 1568     		ldr r5, [r2]
 1138 09c8 2B46     		mov r3, r5
 1139 09ca AB00     		lsls r3, r5, # 2
 1140 09cc C658     		ldr r6, [r0, r3]
 1141 09ce C150     		str r1, [r0, r3]
 1142 09d0 0135     		adds r5, r5, # 1
 1143 09d2 1560     		str r5, [r2]
 1144 09d4 A542     		cmp r5, r4
 1145 09d6 01D1     		bne __huanchong_leijia
 1146 09d8 0025     		movs r5, # 0
 1147 09da 1560     		str r5, [r2]
 1148              	__huanchong_leijia:
 1149 09dc 0438     		subs r0, r0, # 4
 1150 09de 0568     		ldr r5, [r0]
 1151 09e0 4919     		adds r1, r1, r5
 1152 09e2 891B     		subs r1, r1, r6
 1153 09e4 0160     		str r1, [r0]
 1154 09e6 0813     		asrs r0, r1, # 12 @  7	@128
 1155 09e8 78BD     		pop {r3-r6,pc}
 1156 09ea 00003C00 		.ltorg
 1156      00204000 
 1156      00203800 
 1156      00203033 
 1156      0000B433 
ARM GAS  1.s 			page 23


 1157              	
 1158              		
 1159              	_lcdxianshi:		  		@r0=LCD位置，r1=数据地址，r2=长度
 1160 0a30 1FB5     		push {r0-r4,lr}
 1161 0a32 0C46     		mov r4, r1
 1162              	
 1163 0a34 0021     		movs r1, # 0
 1164 0a36 00F00EF8 		bl _xielcd
 1165              	
 1166 0a3a 0121     		movs r1, # 1
 1167 0a3c 0023     		movs r3, # 0
 1168              	_lcdxianshixunhuan:
 1169 0a3e E05C     		ldrb r0, [r4,r3]
 1170 0a40 00F009F8 		bl _xielcd
 1171 0a44 0133     		adds r3, r3, # 1
 1172 0a46 9342     		cmp r3, r2
 1173 0a48 F9D1     		bne _lcdxianshixunhuan
 1174 0a4a 1FBD     		pop {r0-r4,pc}
 1175              	
 1176              	_lcdyanshi:
 1177 0a4c 20B5     		push {r5,lr}
 1178 0a4e DA4D     		ldr r5, = 0x1000
 1179              	_lcdyanshixunhuan:
 1180 0a50 013D     		subs r5, r5, # 1
 1181 0a52 FDD1     		bne _lcdyanshixunhuan
 1182 0a54 20BD     		pop {r5,pc}
 1183              	_xielcd:					@入R0=8位,r1=0命令,r1=1数据
 1184 0a56 3FB5     		push {r0-r5,lr}
 1185 0a58 D84C     		ldr r4, = lcd_beiguang  @ 量程开关 (第6位和第7位)
 1186 0a5a 0246     		mov r2, r0
 1187 0a5c 2568     		ldr r5, [r4]
 1188 0a5e 1209     		lsrs r2, r2, # 4
 1189 0a60 9200     		lsls r2, r2, # 2	@ 高四位
 1190 0a62 0007     		lsls r0, r0, # 28
 1191 0a64 800E     		lsrs r0, r0, # 26	@ 低四位
 1192 0a66 C907     		lsls r1, r1, # 31
 1193 0a68 01D5     		bpl __lcd_ming_ling
 1194              	__lcd_shu_ju:
 1195 0a6a 0323     		movs r3, # 0x03		@ RS = 1 E = 1
 1196 0a6c 00E0     		b __xie_lcd_shu_ju
 1197              	__lcd_ming_ling:
 1198 0a6e 0223     		movs r3, # 0x02		@ RS = 0 E = 1
 1199              	__xie_lcd_shu_ju:
 1200 0a70 5B19     		adds r3, r3, r5
 1201 0a72 0146     		mov r1, r0
 1202 0a74 D218     		adds r2, r2, r3
 1203 0a76 D24D     		ldr r5, = 0x4001300c
 1204 0a78 1000     		movs r0, r2
 1205 0a7a 2870     		strb r0, [r5]
 1206 0a7c 00F016F8 		bl __spi_mang
 1207 0a80 00F018F8 		bl __yanshi_595
 1208 0a84 0238     		subs r0, r0, # 0x02
 1209 0a86 2870     		strb r0, [r5]
 1210 0a88 00F010F8 		bl __spi_mang
 1211 0a8c 00F012F8 		bl __yanshi_595
 1212 0a90 0846     		mov r0, r1
 1213 0a92 C018     		adds r0, r0, r3
ARM GAS  1.s 			page 24


 1214 0a94 2870     		strb r0, [r5]
 1215 0a96 00F009F8 		bl __spi_mang
 1216 0a9a 00F00BF8 		bl __yanshi_595
 1217 0a9e 0238     		subs r0, r0, # 0x02
 1218 0aa0 2870     		strb r0, [r5]
 1219 0aa2 00F003F8 		bl __spi_mang
 1220 0aa6 00F005F8 		bl __yanshi_595
 1221 0aaa 3FBD     		pop {r0-r5,pc}
 1222              	__spi_mang:
 1223 0aac AA68     		ldr r2, [r5, # 0x08]
 1224 0aae 1206     		lsls r2, r2, # 24
 1225 0ab0 FCD4     		bmi __spi_mang
 1226 0ab2 F746     		mov pc, lr
 1227              	__yanshi_595:
 1228 0ab4 C34A     		ldr r2, = 0x2000
 1229              	__yanshi__595:
 1230 0ab6 013A     		subs r2, r2, # 1
 1231 0ab8 FDD1     		bne __yanshi__595
 1232 0aba F746     		mov pc, lr
 1233              		
 1234              	
 1235              	_zhuanascii:						@ 16进制转ASCII
 1236              		@ R0要转的数据， R1长度，R2结果表首地址, r3=小数点位置
 1237 0abc FFB5     		push {r0-r7,lr}
 1238 0abe 1F46     		mov r7, r3
 1239 0ac0 0546     		mov r5, r0
 1240 0ac2 0E46     		mov r6, r1
 1241 0ac4 0A21     		movs r1, # 10
 1242              	_xunhuanqiuma:
 1243 0ac6 00F0F6F8 		bl _chufa
 1244 0aca 0446     		mov r4, r0
 1245 0acc 4C43     		muls r4, r1
 1246 0ace 2B1B     		subs r3, r5, r4
 1247 0ad0 3033     		adds r3, r3, # 0x30
 1248 0ad2 0546     		mov r5, r0
 1249 0ad4 013E     		subs r6, r6, # 1
 1250 0ad6 08D0     		beq _qiumafanhui
 1251 0ad8 BE42     		cmp r6, r7
 1252 0ada 02D1     		bne _meidaoxiaoshudian
 1253 0adc 2E24     		movs r4, # 0x2e		@小数点
 1254 0ade 9455     		strb r4, [r2,r6]	@插入小数点
 1255 0ae0 013E     		subs r6, r6, # 1
 1256              	_meidaoxiaoshudian:
 1257 0ae2 9355     		strb r3, [r2,r6]
 1258 0ae4 3600     		movs r6, r6
 1259 0ae6 EED1     		bne _xunhuanqiuma
 1260 0ae8 FFBD     		pop {r0-r7,pc}
 1261              	_qiumafanhui:
 1262 0aea 9355     		strb r3, [r2, r6]
 1263 0aec FFBD     		pop {r0-r7,pc}
 1264              	
 1265              	__fu_shu_chu_fa:
 1266              		@入口R0=a R1=b,R2=c R3=d
 1267              		@出口R2=实部 R1=虚部
 1268 0aee F0B5     		push {r4-r7,lr}
 1269 0af0 002A     		cmp r2, # 0
 1270 0af2 03D1     		bne __tiao_guo_bei_chu_shu_0_pan_duan
ARM GAS  1.s 			page 25


 1271 0af4 002B     		cmp r3, # 0
 1272 0af6 01D1     		bne __tiao_guo_bei_chu_shu_0_pan_duan
 1273 0af8 0246     		mov r2, r0
 1274 0afa F0BD     		pop {r4-r7,pc}
 1275              	__tiao_guo_bei_chu_shu_0_pan_duan:
 1276 0afc 4446     		mov r4, r8
 1277 0afe 4D46     		mov r5, r9
 1278 0b00 5646     		mov r6, r10
 1279 0b02 5F46     		mov r7, r11
 1280 0b04 F0B4     		push {r4-r7}
 1281              	__ji_suan_chu_fa:
 1282 0b06 8046     		mov r8, r0	@a
 1283 0b08 8946     		mov r9, r1	@b
 1284 0b0a 9246     		mov r10, r2	@c
 1285 0b0c 9B46     		mov r11, r3	@d
 1286 0b0e 0027     		movs r7, # 0
 1287              		@ (a+bi)/(c+di)=(ac+bd)/(c*c+d*d)+(bc-ad)/(c*c+d*d)
 1288 0b10 0000     		movs r0, r0
 1289 0b12 02D5     		bpl b1
 1290 0b14 C043     		mvns r0, r0
 1291 0b16 0130     		adds r0, r0, # 1
 1292 0b18 0127     		movs r7, # 1
 1293              	b1:
 1294 0b1a 5146     		mov r1, r10
 1295 0b1c 0900     		movs r1, r1
 1296 0b1e 02D5     		bpl b2
 1297 0b20 C943     		mvns r1, r1
 1298 0b22 0131     		adds r1, r1, # 1
 1299 0b24 0137     		adds r7, r7, # 1
 1300              	b2:
 1301 0b26 00F0A1F8 		bl __chengfa
 1302              	b3:
 1303 0b2a 012F     		cmp r7, # 1
 1304 0b2c 01D1     		bne a1
 1305 0b2e C043     		mvns r0, r0
 1306 0b30 C943     		mvns r1, r1
 1307              	a1:
 1308 0b32 0446     		mov r4, r0	@a*c高32
 1309 0b34 0D46     		mov r5, r1	@a*c低32
 1310 0b36 0027     		movs r7, # 0
 1311 0b38 4846     		mov r0, r9
 1312 0b3a 5946     		mov r1, r11
 1313 0b3c 0000     		movs r0, r0
 1314 0b3e 02D5     		bpl b4
 1315 0b40 C043     		mvns r0, r0
 1316 0b42 0130     		adds r0, r0, # 1
 1317 0b44 0137     		adds r7, r7, # 1
 1318              	b4:
 1319 0b46 0900     		movs r1, r1
 1320 0b48 02D5     		bpl b5
 1321 0b4a C943     		mvns r1, r1
 1322 0b4c 0131     		adds r1, r1, # 1
 1323 0b4e 0137     		adds r7, r7, # 1
 1324              	b5:
 1325 0b50 00F08CF8 		bl __chengfa
 1326              	b6:
 1327 0b54 012F     		cmp r7, # 1
ARM GAS  1.s 			page 26


 1328 0b56 01D1     		bne a2
 1329 0b58 C043     		mvns r0, r0
 1330 0b5a C943     		mvns r1, r1
 1331              	a2:
 1332 0b5c 4919     		adds r1, r1, r5	@ac+bd低32
 1333 0b5e 6041     		adcs r0, r0, r4	@ac+bd高32
 1334 0b60 0646     		mov r6, r0
 1335 0b62 0F46     		mov r7, r1
 1336 0b64 5046     		mov r0, r10
 1337 0b66 4043     		muls r0, r0, r0
 1338 0b68 0446     		mov r4, r0	@c*c
 1339 0b6a 5846     		mov r0, r11
 1340 0b6c 4043     		muls r0, r0, r0
 1341 0b6e 0019     		adds r0, r0, r4
 1342 0b70 01B4     		push {r0}
 1343 0b72 3946     		mov r1, r7
 1344 0b74 0027     		movs r7, # 0
 1345 0b76 0200     		movs r2, r0
 1346 0b78 02D5     		bpl b7
 1347 0b7a D243     		mvns r2, r2
 1348 0b7c 0132     		adds r2, r2, # 1
 1349 0b7e 0137     		adds r7, r7, # 1
 1350              	b7:
 1351 0b80 3000     		movs r0, r6
 1352 0b82 02D5     		bpl b8
 1353 0b84 C043     		mvns r0, r0
 1354 0b86 C943     		mvns r1, r1
 1355 0b88 0137     		adds r7, r7, # 1
 1356              	b8:
 1357 0b8a 00F04BF8 		bl __chufa64
 1358 0b8e 012F     		cmp r7, # 1
 1359 0b90 01D1     		bne __bao_cun_chu_fa_shi_bu_jie_guo
 1360 0b92 C043     		mvns r0, r0
 1361 0b94 C943     		mvns r1, r1
 1362              	__bao_cun_chu_fa_shi_bu_jie_guo:
 1363 0b96 0646     		mov r6, r0	@实部高32
 1364 0b98 0F46     		mov r7, r1	@实部低32
 1365              		@r8=a, r9=b, r10=c, r11=d
 1366              		@(b*c-a*d)/(c*c+d*d)
 1367 0b9a 0025     		movs r5, # 0
 1368 0b9c 4846     		mov r0, r9
 1369 0b9e 0000     		movs r0, r0
 1370 0ba0 02D5     		bpl b9
 1371 0ba2 C043     		mvns r0, r0
 1372 0ba4 0130     		adds r0, r0, # 1
 1373 0ba6 0135     		adds r5, r5, # 1
 1374              	b9:
 1375 0ba8 5146     		mov r1, r10
 1376 0baa 0900     		movs r1, r1
 1377 0bac 02D5     		bpl b10
 1378 0bae C943     		mvns r1, r1
 1379 0bb0 0131     		adds r1, r1, # 1
 1380 0bb2 0135     		adds r5, r5, # 1
 1381              	b10:
 1382 0bb4 00F05AF8 		bl __chengfa
 1383 0bb8 012D     		cmp r5, # 1
 1384 0bba 01D1     		bne a3
ARM GAS  1.s 			page 27


 1385 0bbc C043     		mvns r0, r0
 1386 0bbe C943     		mvns r1, r1
 1387              	a3:
 1388 0bc0 0446     		mov r4, r0      @b*c高32
 1389 0bc2 0D46     		mov r5, r1      @b*c低32
 1390 0bc4 0023     		movs r3, # 0
 1391 0bc6 4046     		mov r0, r8
 1392 0bc8 0000     		movs r0, r0
 1393 0bca 02D5     		bpl b11
 1394 0bcc C043     		mvns r0, r0
 1395 0bce 0130     		adds r0, r0, # 1
 1396 0bd0 0133     		adds r3, r3, # 1
 1397              	b11:
 1398 0bd2 5946     		mov r1, r11
 1399 0bd4 0900     		movs r1, r1
 1400 0bd6 02D5     		bpl b12
 1401 0bd8 C943     		mvns r1, r1
 1402 0bda 0131     		adds r1, r1, # 1
 1403 0bdc 0133     		adds r3, r3, # 1
 1404              	b12:
 1405 0bde 00F045F8 		bl __chengfa
 1406 0be2 012B     		cmp r3, # 1
 1407 0be4 01D1     		bne a4
 1408 0be6 C043     		mvns r0, r0
 1409 0be8 C943     		mvns r1, r1
 1410              	a4:
 1411 0bea 6D1A     		subs r5, r5, r1 @bc-ad低32
 1412 0bec 8441     		sbcs r4, r4, r0 @bc-ad高32
 1413 0bee 04BC     		pop {r2}
 1414 0bf0 2946     		mov r1, r5
 1415 0bf2 0025     		movs r5, # 0
 1416 0bf4 1200     		movs r2, r2
 1417 0bf6 02D5     		bpl b13
 1418 0bf8 D243     		mvns r2, r2
 1419 0bfa 0132     		adds r2, r2, # 1
 1420 0bfc 0135     		adds r5, r5, # 1
 1421              	b13:
 1422 0bfe 2000     		movs r0, r4
 1423 0c00 02D5     		bpl b14
 1424 0c02 C043     		mvns r0, r0
 1425 0c04 C943     		mvns r1, r1
 1426 0c06 0135     		adds r5, r5, # 1
 1427              	b14:
 1428 0c08 00F00CF8 		bl __chufa64
 1429 0c0c 012D     		cmp r5, # 1
 1430 0c0e 02D1     		bne __bao_cun_chu_fa_xu_bu_jie_guo
 1431 0c10 C943     		mvns r1, r1
 1432 0c12 C043     		mvns r0, r0
 1433 0c14 0131     		adds r1, r1, # 1
 1434              	__bao_cun_chu_fa_xu_bu_jie_guo:
 1435 0c16 3A46     		mov r2, r7
 1436 0c18 F0BC     		pop {r4-r7}
 1437 0c1a A046     		mov r8, r4
 1438 0c1c A946     		mov r9, r5
 1439 0c1e B246     		mov r10, r6
 1440 0c20 BB46     		mov r11, r7
 1441 0c22 F0BD     		pop {r4-r7,pc}
ARM GAS  1.s 			page 28


 1442              	
 1443              	__chufa64:
 1444              		@64位除32位
 1445              		@ （R0=高32位R1=低32位）除（R2)= （R0高32）（R1低32）
 1446 0c24 F8B5     		push {r3-r7,lr}
 1447 0c26 002A     		cmp r2, # 0
 1448 0c28 1DD0     		beq __chu_fa64_fan_hui0
 1449 0c2a 0029     		cmp r1, # 0
 1450 0c2c 01D1     		bne __chu_fa64_ji_suan
 1451 0c2e 0028     		cmp r0, # 0
 1452 0c30 19D0     		beq __chu_fa64_fan_hui0
 1453              	__chu_fa64_ji_suan:
 1454 0c32 0024     		movs r4, # 0
 1455 0c34 2746     		mov r7, r4
 1456 0c36 2346     		mov r3, r4
 1457 0c38 2546     		mov r5, r4
 1458 0c3a 0126     		movs r6, # 1
 1459 0c3c F607     		lsls r6, r6, # 31
 1460              	__chu_fa64_xun_huan:
 1461 0c3e 4900     		lsls r1, r1, # 1
 1462 0c40 4041     		adcs r0, r0, r0
 1463 0c42 6441     		adcs r4, r4, r4
 1464 0c44 9442     		cmp r4, r2
 1465 0c46 02D3     		bcc __chu_fa_yi_wei
 1466 0c48 9B19     		adds r3, r3, r6
 1467 0c4a 7D41     		adcs r5, r5, r7
 1468 0c4c A41A     		subs r4, r4, r2
 1469              	__chu_fa_yi_wei:
 1470 0c4e 3600     		movs r6, r6
 1471 0c50 04D0     		beq __di_yi_wei
 1472 0c52 7608     		lsrs r6, r6, # 1        @高32位移位
 1473 0c54 F3D1     		bne __chu_fa64_xun_huan
 1474 0c56 0127     		movs r7, # 1
 1475 0c58 FF07     		lsls r7, r7, # 31
 1476 0c5a F0E7     		b __chu_fa64_xun_huan
 1477              	__di_yi_wei:	            @低32位移位
 1478 0c5c 7F08     		lsrs r7, r7, # 1
 1479 0c5e EED1     		bne __chu_fa64_xun_huan
 1480 0c60 1846     		mov r0, r3
 1481 0c62 2946     		mov r1, r5
 1482 0c64 F8BD     		pop {r3-r7,pc}
 1483              	__chu_fa64_fan_hui0:
 1484 0c66 0020     		movs r0, # 0
 1485 0c68 0021     		movs r1, # 0
 1486 0c6a F8BD     		pop {r3-r7,pc}
 1487              	__chengfa:
 1488              		@入R0 乘以 R1
 1489              		@出 R0高32 ， R1低32
 1490              		@0xffffffff*0xffffffff
 1491              		@4        F F F E 0 0 0 1                       @4
 1492              		@3                F F F E 0 0 0 1               @3
 1493              		@2                F F F E 0 0 0 1               @2
 1494              		@1                        F F F E 0 0 0 1       @1
 1495              		@         F F F F F F F E 0 0 0 0 0 0 0 1
 1496 0c6c FCB5     		push {r2-r7,lr}
 1497 0c6e 0028     		cmp r0, # 0
 1498 0c70 1ED0     		beq __cheng_fa_fan_hui
ARM GAS  1.s 			page 29


 1499 0c72 0029     		cmp r1, # 0
 1500 0c74 1CD0     		beq __cheng_fa_fan_hui
 1501              	__ji_suan_cheng_fa:
 1502 0c76 0246     		mov r2, r0
 1503 0c78 0B46     		mov r3, r1
 1504 0c7a 000C     		lsrs r0, r0, # 16       @高16
 1505 0c7c 1204     		lsls r2, r2, # 16       @ 低16
 1506 0c7e 120C     		lsrs r2, r2, # 16
 1507 0c80 090C     		lsrs r1, r1, # 16       @高16
 1508 0c82 1B04     		lsls r3, r3, # 16       @低16
 1509 0c84 1B0C     		lsrs r3, r3, # 16
 1510 0c86 1446     		mov r4, r2
 1511 0c88 0546     		mov r5, r0
 1512 0c8a 5A43     		muls r2, r2, r3         @1
 1513 0c8c 5843     		muls r0, r0, r3         @2
 1514 0c8e 4C43     		muls r4, r4, r1         @3
 1515 0c90 4D43     		muls r5, r5, r1         @4
 1516 0c92 0646     		mov r6, r0
 1517 0c94 2746     		mov r7, r4
 1518 0c96 0004     		lsls r0, r0, # 16       @2低32
 1519 0c98 2404     		lsls r4, r4, # 16       @3低32
 1520 0c9a 360C     		lsrs r6, r6, # 16       @2高32
 1521 0c9c 3F0C     		lsrs r7, r7, # 16       @3高32
 1522 0c9e 0021     		movs r1, # 0
 1523 0ca0 1218     		adds r2, r2, r0         @低32
 1524 0ca2 4E41     		adcs r6, r6, r1         @高32
 1525 0ca4 1219     		adds r2, r2, r4
 1526 0ca6 7E41     		adcs r6, r6, r7
 1527 0ca8 7619     		adds r6, r6, r5
 1528 0caa 3046     		mov r0, r6
 1529 0cac 1146     		mov r1, r2
 1530 0cae FCBD     		pop {r2-r7,pc}
 1531              	__cheng_fa_fan_hui:
 1532 0cb0 0020     		movs r0, # 0
 1533 0cb2 0021     		movs r1, # 0
 1534 0cb4 FCBD     		pop {r2-r7,pc}
 1535              		
 1536              	_chufa:				@软件除法
 1537              		@ r0 除以 r1 等于 商(r0)
 1538 0cb6 1EB5     		push {r1-r4,lr}
 1539 0cb8 0028     		cmp r0, # 0
 1540 0cba 0ED0     		beq _chufafanhui
 1541 0cbc 0029     		cmp r1, # 0
 1542 0cbe 0CD0     		beq _chufafanhui
 1543 0cc0 0246     		mov r2, r0
 1544 0cc2 0123     		movs r3, # 1
 1545 0cc4 DB07     		lsls r3, r3, # 31
 1546 0cc6 0020     		movs r0, # 0
 1547 0cc8 0446     		mov r4, r0
 1548              	_chufaxunhuan:
 1549 0cca 5200     		lsls r2, r2, # 1
 1550 0ccc 6441     		adcs r4, r4, r4
 1551 0cce 8C42     		cmp r4, r1
 1552 0cd0 01D3     		bcc _chufaweishubudao0
 1553 0cd2 C018     		adds r0, r0, r3
 1554 0cd4 641A     		subs r4, r4, r1
 1555              	_chufaweishubudao0:
ARM GAS  1.s 			page 30


 1556 0cd6 5B08     		lsrs r3, r3, # 1
 1557 0cd8 F7D1     		bne _chufaxunhuan
 1558              	_chufafanhui:
 1559 0cda 1EBD     		pop {r1-r4,pc}
 1560              	
 1561              	_nmi_handler:
 1562 0cdc 7047     		bx lr
 1563              	_hard_fault:
 1564 0cde 7047     		bx lr
 1565              	_svc_handler:
 1566 0ce0 7047     		bx lr
 1567              	_pendsv_handler:
 1568 0ce2 7047     		bx lr
 1569              	_systickzhongduan:
 1570 0ce4 10B5     		push {r4,lr}
 1571 0ce6 3848     		ldr r0, = 0xe0000d04
 1572 0ce8 3849     		ldr r1, = 0x02000000
 1573 0cea 0160     		str r1, [r0]                 @ 清除SYSTICK中断
 1574 0cec 384A     		ldr r2, = shangxiabi_qiehuan
 1575 0cee 1368     		ldr r3, [r2]
 1576 0cf0 012B     		cmp r3, # 1
 1577 0cf2 2CD1     		bne __shangbi_dft
 1578 0cf4 0023     	        movs r3, # 0
 1579 0cf6 1360     		str r3, [r2]
 1580 0cf8 364A     		ldr r2, = 0x48000400
 1581 0cfa 0223     		movs r3, #  0x02
 1582 0cfc 9362     		str r3, [r2, # 0x28]    @cd4053_9_10 上臂开
 1583 0cfe 3648     		ldr r0, = liangcheng
 1584 0d00 3649     		ldr r1, = shangbi_liangcheng
 1585 0d02 0068     		ldr r0, [r0]
 1586 0d04 4000     		lsls r0, r0, # 1
 1587 0d06 364A     		ldr r2, = 0x48000000
 1588 0d08 0B5A     		ldrh  r3, [r1, r0]
 1589 0d0a 5361     		str r3, [r2, # 0x14]
 1590 0d0c 354A     		ldr r2, = dma_r
 1591 0d0e 3648     		ldr r0, = 0x40020000
 1592 0d10 C068     		ldr r0, [r0, # 0x0c]
 1593 0d12 1060     		str r0, [r2]
 1594 0d14 FFF72DFE 		bl __dft
 1595 0d18 344C     		ldr r4, = 0x20000340
 1596 0d1a 354B     		ldr r3, = zhenfu
 1597 0d1c 2488     		ldrh r4, [r4]
 1598 0d1e 1C60     		str r4, [r3]
 1599 0d20 C043     		mvns r0, r0
 1600 0d22 C943     		mvns r1, r1
 1601 0d24 0130     		adds r0, r0, # 1
 1602 0d26 0131     		adds r1, r1, # 1
 1603 0d28 324A     		ldr r2, = xiabi_rr
 1604 0d2a 334B     		ldr r3, = xiabi_ii
 1605 0d2c 1060     		str r0, [r2]
 1606 0d2e 1960     		str r1, [r3]
 1607 0d30 0446     	        mov r4, r0
 1608 0d32 324A     		ldr r2, = lvboqizhizhen3
 1609 0d34 3248     		ldr r0, =lvboqihuanchong3
 1610 0d36 FFF744FE 		bl __lv_bo_qi
 1611 0d3a 3249     		ldr r1, = xiabi_i
 1612 0d3c 0860     		str r0, [r1]
ARM GAS  1.s 			page 31


 1613 0d3e 2146     		mov r1, r4
 1614 0d40 314A     		ldr r2, = lvboqizhizhen2
 1615 0d42 3248     		ldr r0, = lvboqihuanchong2
 1616 0d44 FFF73DFE 		bl __lv_bo_qi
 1617 0d48 3149     		ldr r1, = xiabi_r
 1618 0d4a 0860     		str r0, [r1]
 1619 0d4c 32E0     		b __systick_fanhui
 1620              		
 1621              	__shangbi_dft:
 1622 0d4e 0123     		movs r3, # 1
 1623 0d50 1360     		str r3, [r2]
 1624 0d52 204A     		ldr r2, = 0x48000400
 1625 0d54 0223     	        movs r3, #  0x02
 1626 0d56 9361     		str r3, [r2, # 0x18]    @cd4053_9_10 下臂开
 1627 0d58 1F48     	        ldr r0, = liangcheng
 1628 0d5a 2E49     		ldr r1, = xiabi_liangcheng
 1629 0d5c 0068     		ldr r0, [r0]
 1630 0d5e 4000     		lsls r0, r0, # 1
 1631 0d60 1F4A     		ldr r2, = 0x48000000
 1632 0d62 0B5A     		ldrh r3, [r1, r0]
 1633 0d64 5361     		str r3, [r2, # 0x14]
 1634 0d66 2C4A     		ldr r2, = dma_i
 1635 0d68 1F48     		ldr r0, = 0x40020000
 1636 0d6a C068     		ldr r0, [r0, # 0x0c]
 1637 0d6c 1060     		str r0, [r2]
 1638 0d6e FFF700FE 		bl __dft
 1639 0d72 2A4A     		ldr r2, = shangbi_rr
 1640 0d74 2A4B     		ldr r3, = shangbi_ii
 1641 0d76 1060     		str r0, [r2]
 1642 0d78 1960     		str r1, [r3]
 1643 0d7a 0446     		mov r4, r0
 1644 0d7c 294A     		ldr r2, = lvboqizhizhen1
 1645 0d7e 2A48     		ldr r0, =lvboqihuanchong1
 1646 0d80 FFF71FFE 		bl __lv_bo_qi
 1647 0d84 2949     		ldr r1, = shangbi_i
 1648 0d86 0860     		str r0, [r1]
 1649 0d88 2146     		mov r1, r4
 1650 0d8a 294A     	        ldr r2, = lvboqizhizhen
 1651 0d8c 2948     		ldr r0, =lvboqihuanchong
 1652 0d8e FFF718FE 		bl __lv_bo_qi
 1653 0d92 2949     		ldr r1, = shangbi_r
 1654 0d94 0860     		str r0, [r1]
 1655 0d96 2948     		ldr r0, = jishu
 1656 0d98 0168     		ldr r1, [r0]
 1657 0d9a 0131     		adds r1, r1, # 1
 1658 0d9c 0160     		str r1, [r0]
 1659 0d9e 0529     		cmp r1, # 5
 1660 0da0 08D1     		bne __systick_fanhui
 1661 0da2 0021     		movs r1, # 0
 1662 0da4 0160     		str r1, [r0]
 1663 0da6 2648     		ldr r0, = xianshi_biaozhi
 1664 0da8 0121     		movs r1, # 1
 1665 0daa 0160     		str r1, [r0]
 1666 0dac FFF782FC 		bl __jisuan_z_fudu
 1667 0db0 FFF79AFC 		bl __zidong_dangwei
 1668              	__systick_fanhui:	
 1669 0db4 10BD     		pop {r4,pc}
ARM GAS  1.s 			page 32


 1670              	aaa:
 1671 0db6 7047     		bx lr
 1672 0db8 00100000 		.ltorg
 1672      20000020 
 1672      0C300140 
 1672      00200000 
 1672      040D00E0 
 1673              		.end
ARM GAS  1.s 			page 33


DEFINED SYMBOLS
                 1.s:9      .data:0000000000000000 zheng_xian_100khz
                 1.s:11     .data:0000000000000014 $d
                 1.s:12     .data:0000000000000020 zheng_xian_10khz
                 1.s:15     .data:00000000000000f0 zheng_xian_1khz
                 1.s:18     .data:00000000000004e0 zheng_xian_100hz
                 1.s:22     .data:0000000000000cb0 cos_sin_biao_100k
                 1.s:24     .data:0000000000000d54 cos_sin_biao_10k
                 1.s:26     .data:0000000000001398 cos_sin_biao_100_1k
                 1.s:28     .data:00000000000032d8 shangbi_liangcheng
                 1.s:33     .data:00000000000032f6 xiabi_liangcheng
                 1.s:39     .data:0000000000003320 zukang_xiaoshu_dian
                 1.s:45     .data:0000000000003330 zukang_huansuan_biao
                 1.s:50     .data:000000000000336c zukang_danwei
                 1.s:58     .data:00000000000033b0 kong
                 1.s:60     .data:00000000000033b4 _fu
                 1.s:62     .data:00000000000033b5 yjmwxwx
                 1.s:65     *ABS*:0000000020001000 STACKINIT
                 1.s:66     *ABS*:0000000020000000 asciimabiao
                 1.s:67     *ABS*:0000000020000020 lcd_beiguang
                 1.s:68     *ABS*:0000000020000024 shangbi_r
                 1.s:69     *ABS*:0000000020000028 shangbi_i
                 1.s:70     *ABS*:000000002000002c xiabi_r
                 1.s:71     *ABS*:0000000020000030 xiabi_i
                 1.s:72     *ABS*:0000000020000034 shangxiabi_qiehuan
                 1.s:73     *ABS*:0000000020000038 liangcheng
                 1.s:74     *ABS*:000000002000003c z_r
                 1.s:75     *ABS*:0000000020000040 z_i
                 1.s:76     *ABS*:0000000020000044 dma_r
                 1.s:77     *ABS*:0000000020000048 dma_i
                 1.s:78     *ABS*:000000002000004c huandangyanshi
                 1.s:79     *ABS*:0000000020000050 shangbi_rr
                 1.s:80     *ABS*:0000000020000054 shangbi_ii
                 1.s:81     *ABS*:0000000020000058 xiabi_rr
                 1.s:82     *ABS*:000000002000005c xiabi_ii
                 1.s:83     *ABS*:0000000020000060 jishu
                 1.s:84     *ABS*:0000000020000064 xianshi_biaozhi
                 1.s:85     *ABS*:0000000020000068 z_fudu
                 1.s:86     *ABS*:000000002000006c cossin
                 1.s:87     *ABS*:0000000020000070 pinlv
                 1.s:88     *ABS*:0000000020000074 anjian
                 1.s:89     *ABS*:0000000020000078 shezhi_pinlv
                 1.s:90     *ABS*:000000002000007c zhenfu
                 1.s:91     *ABS*:0000000020000100 dianyabiao
                 1.s:92     *ABS*:00000000200008d0 lvboqizhizhen
                 1.s:93     *ABS*:00000000200008d8 lvboqihuanchong
                 1.s:94     *ABS*:00000000200009e0 lvboqizhizhen1
                 1.s:95     *ABS*:00000000200009e8 lvboqihuanchong1
                 1.s:96     *ABS*:0000000020000af0 lvboqizhizhen2
                 1.s:97     *ABS*:0000000020000af8 lvboqihuanchong2
                 1.s:98     *ABS*:0000000020000c00 lvboqizhizhen3
                 1.s:99     *ABS*:0000000020000c08 lvboqihuanchong3
                 1.s:104    .text:0000000000000000 vectors
                 1.s:150    .text:00000000000000b0 _start
                 1.s:1561   .text:0000000000000cdc _nmi_handler
                 1.s:1563   .text:0000000000000cde _hard_fault
                 1.s:1565   .text:0000000000000ce0 _svc_handler
ARM GAS  1.s 			page 34


                 1.s:1567   .text:0000000000000ce2 _pendsv_handler
                 1.s:1569   .text:0000000000000ce4 _systickzhongduan
                 1.s:1670   .text:0000000000000db6 aaa
                            .text:0000000000000000 $d
                 1.s:149    .text:00000000000000b0 $t
                 1.s:151    .text:00000000000000b0 shizhong
                 1.s:158    .text:00000000000000bc denghse
                 1.s:162    .text:00000000000000c2 dengpllguan
                 1.s:174    .text:00000000000000d6 dengpll
                 1.s:183    .text:00000000000000e0 _waisheshizhong
                 1.s:200    .text:00000000000000ee _neicunqingling
                 1.s:204    .text:00000000000000f4 _neicunqinglingxunhuan
                 1.s:209    .text:00000000000000fa _waishezhongduan
                 1.s:231    .text:0000000000000100 io_she_zhi
                 1.s:266    .text:0000000000000118 spi_chushihua
                 1.s:273    .text:0000000000000122 _lcdchushihua
                 1.s:1183   .text:0000000000000a56 _xielcd
                 1.s:1176   .text:0000000000000a4c _lcdyanshi
                 1.s:1159   .text:0000000000000a30 _lcdxianshi
                 1.s:301    .text:000000000000016a yjmwxwx_yanshi
                 1.s:310    .text:000000000000017a _adcchushihua
                 1.s:314    .text:0000000000000180 _dengadcjiaozhun
                 1.s:320    .text:000000000000018a _kaiadc
                 1.s:325    .text:0000000000000192 _deng_adc_wen_ding
                 1.s:329    .text:0000000000000198 _tongdaoxuanze
                 1.s:376    .text:0000000000000268 __pinlv_shezhi
                 1.s:742    .text:0000000000000628 __pin_lv_xian_shi
                 1.s:356    .text:00000000000001c0 ting
                 1.s:361    .text:00000000000001cc __tiaoguo_pinlv_shezhi
                 1.s:820    .text:0000000000000728 __jisuan_zukang
                 1.s:886    .text:00000000000007e0 __xianshi_zukang
                 1.s:960    .text:0000000000000872 __xianshi_liangcheng
                 1.s:374    .text:00000000000001ec $d
                 1.s:379    .text:0000000000000268 $t
                 1.s:406    .text:00000000000002a0 __pinlv_shezhi_fanhui
                 1.s:389    .text:000000000000027e __pl1
                 1.s:408    .text:00000000000002a2 __pinlv_100
                 1.s:395    .text:000000000000028a __pl2
                 1.s:491    .text:000000000000039c __pinlv_1K
                 1.s:401    .text:0000000000000296 __pl3
                 1.s:575    .text:0000000000000494 __pinlv_10K
                 1.s:656    .text:000000000000058c __pinlv_100K
                 1.s:417    .text:00000000000002b2 __deng_adc_ting
                 1.s:736    .text:0000000000000620 __pinlv_yanshi
                 1.s:489    .text:0000000000000336 $d
                 1.s:489    .text:0000000000000338 $d
                 1.s:492    .text:000000000000039c $t
                 1.s:500    .text:00000000000003ac __deng_adc_ting1
                 1.s:572    .text:0000000000000430 $d
                 1.s:576    .text:0000000000000494 $t
                 1.s:584    .text:00000000000004a4 __deng_adc_ting2
                 1.s:655    .text:0000000000000528 $d
                 1.s:657    .text:000000000000058c $t
                 1.s:665    .text:000000000000059c __deng_adc_ting3
                 1.s:738    .text:0000000000000622 __pinlv_yanshi_xunhuan
                 1.s:1235   .text:0000000000000abc _zhuanascii
                 1.s:755    .text:0000000000000644 $d
ARM GAS  1.s 			page 35


                 1.s:757    .text:00000000000006b4 __jisuan_z_fudu
                 1.s:758    .text:00000000000006b4 $t
                 1.s:840    .text:000000000000074e __ji_suan_fu_du
                 1.s:1536   .text:0000000000000cb6 _chufa
                 1.s:783    .text:00000000000006e8 __zidong_dangwei
                 1.s:785    .text:00000000000006ea __huan_dang
                 1.s:808    .text:0000000000000716 __dang_wei_jian
                 1.s:817    .text:0000000000000726 __zi_dong_dang_wei_fan_hui
                 1.s:1265   .text:0000000000000aee __fu_shu_chu_fa
                 1.s:850    .text:0000000000000758 _shibubushifushu
                 1.s:855    .text:0000000000000760 _xububushifushu
                 1.s:860    .text:0000000000000768 _panduanxubushibushi0
                 1.s:864    .text:000000000000076e _jisuanfudu1
                 1.s:877    .text:0000000000000784 _alpha_min_beta_max
                 1.s:869    .text:0000000000000776 _alpha_max_beta_min
                 1.s:885    .text:0000000000000792 $d
                 1.s:885    .text:0000000000000794 $d
                 1.s:887    .text:00000000000007e0 $t
                 1.s:910    .text:0000000000000810 aaa1
                 1.s:915    .text:000000000000081a aaa2
                 1.s:939    .text:000000000000084a bbb1
                 1.s:944    .text:0000000000000854 bbb2
                 1.s:974    .text:000000000000088e __xianshi_shangxia_bi
                 1.s:989    .text:00000000000008ac aa1
                 1.s:994    .text:00000000000008b6 aa2
                 1.s:1015   .text:00000000000008e0 bb1
                 1.s:1020   .text:00000000000008ea bb2
                 1.s:1044   .text:000000000000091c cc1
                 1.s:1049   .text:0000000000000926 cc2
                 1.s:1070   .text:0000000000000950 dd1
                 1.s:1075   .text:000000000000095a dd2
                 1.s:1087   .text:0000000000000972 __dft
                 1.s:1103   .text:0000000000000990 __dft_xunhuan
                 1.s:1111   .text:000000000000099e __du_sin
                 1.s:1131   .text:00000000000009c2 __lv_bo_qi
                 1.s:1148   .text:00000000000009dc __huanchong_leijia
                 1.s:1156   .text:00000000000009ea $d
                 1.s:1156   .text:00000000000009ec $d
                 1.s:1160   .text:0000000000000a30 $t
                 1.s:1168   .text:0000000000000a3e _lcdxianshixunhuan
                 1.s:1179   .text:0000000000000a50 _lcdyanshixunhuan
                 1.s:1197   .text:0000000000000a6e __lcd_ming_ling
                 1.s:1194   .text:0000000000000a6a __lcd_shu_ju
                 1.s:1199   .text:0000000000000a70 __xie_lcd_shu_ju
                 1.s:1222   .text:0000000000000aac __spi_mang
                 1.s:1227   .text:0000000000000ab4 __yanshi_595
                 1.s:1229   .text:0000000000000ab6 __yanshi__595
                 1.s:1242   .text:0000000000000ac6 _xunhuanqiuma
                 1.s:1261   .text:0000000000000aea _qiumafanhui
                 1.s:1256   .text:0000000000000ae2 _meidaoxiaoshudian
                 1.s:1275   .text:0000000000000afc __tiao_guo_bei_chu_shu_0_pan_duan
                 1.s:1281   .text:0000000000000b06 __ji_suan_chu_fa
                 1.s:1293   .text:0000000000000b1a b1
                 1.s:1300   .text:0000000000000b26 b2
                 1.s:1487   .text:0000000000000c6c __chengfa
                 1.s:1302   .text:0000000000000b2a b3
                 1.s:1307   .text:0000000000000b32 a1
ARM GAS  1.s 			page 36


                 1.s:1318   .text:0000000000000b46 b4
                 1.s:1324   .text:0000000000000b50 b5
                 1.s:1326   .text:0000000000000b54 b6
                 1.s:1331   .text:0000000000000b5c a2
                 1.s:1350   .text:0000000000000b80 b7
                 1.s:1356   .text:0000000000000b8a b8
                 1.s:1443   .text:0000000000000c24 __chufa64
                 1.s:1362   .text:0000000000000b96 __bao_cun_chu_fa_shi_bu_jie_guo
                 1.s:1374   .text:0000000000000ba8 b9
                 1.s:1381   .text:0000000000000bb4 b10
                 1.s:1387   .text:0000000000000bc0 a3
                 1.s:1397   .text:0000000000000bd2 b11
                 1.s:1404   .text:0000000000000bde b12
                 1.s:1410   .text:0000000000000bea a4
                 1.s:1421   .text:0000000000000bfe b13
                 1.s:1427   .text:0000000000000c08 b14
                 1.s:1434   .text:0000000000000c16 __bao_cun_chu_fa_xu_bu_jie_guo
                 1.s:1483   .text:0000000000000c66 __chu_fa64_fan_hui0
                 1.s:1453   .text:0000000000000c32 __chu_fa64_ji_suan
                 1.s:1460   .text:0000000000000c3e __chu_fa64_xun_huan
                 1.s:1469   .text:0000000000000c4e __chu_fa_yi_wei
                 1.s:1477   .text:0000000000000c5c __di_yi_wei
                 1.s:1531   .text:0000000000000cb0 __cheng_fa_fan_hui
                 1.s:1501   .text:0000000000000c76 __ji_suan_cheng_fa
                 1.s:1558   .text:0000000000000cda _chufafanhui
                 1.s:1548   .text:0000000000000cca _chufaxunhuan
                 1.s:1555   .text:0000000000000cd6 _chufaweishubudao0
                 1.s:1621   .text:0000000000000d4e __shangbi_dft
                 1.s:1668   .text:0000000000000db4 __systick_fanhui
                 1.s:1672   .text:0000000000000db8 $d

NO UNDEFINED SYMBOLS
