ARM GAS  1.s 			page 1


   1              		@@ 单片机stm32f030f4p6
   2              		@@ 阻抗桥
   3              		@作者：yjmwxwx
   4              		@时间：2019-08-12
   5              		@编译器：ARM-NONE-EABI
   6              		 .thumb
   7              		         .syntax unified
   8              	.section .data
   9              	zheng_xian_biao:
  10 0000 18001900 		.short 0x18,0x19,0x1a,0x1c,0x1d,0x1f,0x20,0x22,0x23,0x24,0x25,0x26,0x28,0x29,0x2a,0x2b,0x2b,0x2c,0
  10      1A001C00 
  10      1D001F00 
  10      20002200 
  10      23002400 
  11 00ca 00000000 		.align 4
  11      0000
  12              	xuan_zhuan_yin_zi:
  13 00d0 00800000 		.int 0x8000,0x0000,0x7EFD,0xFFFFEFF6,0x7BFA,0xFFFFE02B,0x7702,0xFFFFD0E2,0x702A,0xFFFFC256,0x678D,
  13      00000000 
  13      FD7E0000 
  13      F6EFFFFF 
  13      FA7B0000 
  14              	lcdshuju:
  15 03f0 796A6D77 		.ascii  "yjmwxwx-20190812"
  15      7877782D 
  15      32303139 
  15      30383132 
  16              	dianhua:	
  17 0400 20202020 		.ascii	"     15552208295"
  17      20313535 
  17      35323230 
  17      38323935 
  18              	qq:
  19 0410 20202051 		.ascii	"   QQ:3341656346"
  19      513A3333 
  19      34313635 
  19      36333436 
  20              	xushu:
  21 0420 69       		.ascii "i"
  22              	fu:
  23 0421 2D       		.ascii "-"
  24              	zheng:
  25 0422 2B       		.ascii "+"
  26              	dianzu:
  27 0423 523D     		.ascii	"R="
  28              	dianrong:
  29 0425 433D     		.ascii	"C="
  30              	pinlv:
  31 0427 31304B48 		.ascii	"10KHZ"
  31      5A
  32              	qianou:
  33 042c 4B       		.ascii	"K"
  34              	ou:
  35 042d F4000000 	        .int    0xf4
  36              	kong:
  37 0431 20202020 		.int 0x20202020
  38              	pifa:
ARM GAS  1.s 			page 2


  39 0435 5046     		.ascii "PF"
  40              	_fu:	
  41 0437 2D       		.ascii "-"
  42              		
  43              		.equ STACKINIT,        	        0x20001000
  44              		.equ asciimabiao,		0x20000000
  45              		.equ liangcheng,		0x20000030
  46              		.equ jishu,			0x20000034
  47              		.equ jianbo,			0x20000038
  48              		.equ dianyabiao,		0x20000040
  49              		.equ zhengxiangbiao,		0x20000110
  50              		.equ fanxiangbiao,		0x200001e0
  51              		.equ lvboqizhizhen,		0x20000600
  52              		.equ lvboqihuanchong,		0x20000604
  53              		.equ lvboqizhizhen1,		0x20000700
  54              		.equ lvboqihuanchong1,		0x20000704
  55              		.equ lvboqizhizhen2,		0x20000800
  56              		.equ lvboqihuanchong2,		0x20000804
  57              		.equ lvboqizhizhen3,		0x20000900
  58              		.equ lvboqihuanchong3,		0x20000904
  59              		.equ xia_bi_shi_bu,		0x20000a00
  60              		.equ shang_bi_shi_bu,		0x20000a04
  61              		.equ xia_bi_xu_bu,		0x20000a08
  62              		.equ shang_bi_xu_bu,		0x20000a0c
  63              		.equ bu_chang_100r,		0x20000a10
  64              		.equ zidongliangchengyanshi,	0x20000a14
  65              		.equ dianzuzhi,			0x20000a18
  66              		.equ dianrongzhi,		0x20000a1c
  67              		.section .text
  68              	vectors:
  69 0000 00100020 		.word STACKINIT
  70 0004 B1000000 		.word _start + 1
  71 0008 15090000 		.word _nmi_handler + 1
  72 000c 17090000 		.word _hard_fault  + 1
  73 0010 00000000 		.word 0
  74 0014 00000000 		.word 0
  75 0018 00000000 		.word 0
  76 001c 00000000 		.word 0
  77 0020 00000000 		.word 0
  78 0024 00000000 		.word 0
  79 0028 00000000 		.word 0
  80 002c 19090000 		.word _svc_handler +1
  81 0030 00000000 		.word 0
  82 0034 00000000 		.word 0
  83 0038 1B090000 		.word _pendsv_handler +1
  84 003c 1D090000 		.word _systickzhongduan +1               @ 15
  85 0040 2B090000 		.word aaa +1     @ _wwdg +1          @ 0
  86 0044 2B090000 		.word aaa +1     @_pvd +1            @ 1
  87 0048 2B090000 		.word aaa +1     @_rtc +1            @ 2
  88 004c 2B090000 		.word aaa +1     @_flash +1          @ 3
  89 0050 2B090000 		.word aaa +1	@ _rcc + 1          @ 4
  90 0054 2B090000 		.word aaa +1      @_exti0_1  +1      @ 5
  91 0058 2B090000 		.word aaa +1      @ _exti2_3 +1      @ 6
  92 005c 2B090000 		.word aaa +1       @_exti4_15 +1     @ 7
  93 0060 2B090000 		.word aaa +1                         @ 8
  94 0064 2B090000 		.word aaa +1 	@_dma1_1  +1    @ 9
  95 0068 2B090000 		.word aaa +1    @_dma1_2_3 +1        @ 10
ARM GAS  1.s 			page 3


  96 006c 2B090000 		.word aaa +1       @_dma1_4_5 +1     @ 11
  97 0070 2B090000 		.word aaa +1	 @_adc1 +1          @ 12
  98 0074 2B090000 		.word aaa +1       @_tim1_brk_up +1  @ 13
  99 0078 2B090000 		.word aaa +1        @ _tim1_cc +1    @ 14
 100 007c 2B090000 		.word aaa +1         @_tim2 +1       @ 15
 101 0080 2B090000 		.word aaa +1          @_tim3 +1      @ 16
 102 0084 2B090000 		.word aaa +1                         @ 17
 103 0088 2B090000 		.word aaa +1		                @ 18
 104 008c 2B090000 		.word aaa +1	@_tim14 +1    @ 19
 105 0090 2B090000 		.word aaa +1                         @ 20
 106 0094 2B090000 		.word aaa +1         @_tim16 +1      @ 21
 107 0098 2B090000 		.word aaa +1         @_tim17 +1      @ 22
 108 009c 2B090000 		.word aaa +1          @_i2c   +1     @ 23
 109 00a0 2B090000 		.word aaa +1                         @ 24
 110 00a4 2B090000 		.word aaa +1           @_spi   +1    @ 25
 111 00a8 2B090000 		.word aaa +1                         @ 26
 112 00ac 2B090000 		.word aaa +1         @_usart1 +1     @ 27
 113              		.align 2
 114              	
 115              	_start:
 116 00b0 9348     		ldr r0, = 0xffff
 117              	yanshi111:
 118 00b2 0138     		subs r0, r0, # 1
 119 00b4 FDD1     		bne yanshi111
 120              		
 121              	shizhong:
 122 00b6 934A     		ldr r2, = 0x40022000   @FLASH访问控制
 123 00b8 3221     		movs r1, # 0x32
 124 00ba 1160     		str r1, [r2]           @FLASH缓冲 缓冲开启
 125 00bc 9248     		ldr r0, = 0x40021000 @ rcc
 126 00be 9349     		ldr r1, = 0x10001
 127 00c0 0160     		str r1, [r0]
 128              	denghse:
 129 00c2 0168     		ldr r1, [r0]
 130 00c4 8903     		lsls r1, r1, # 14
 131 00c6 FCD5     		bpl denghse
 132              	dengpllguan:
 133 00c8 0168     		ldr r1, [r0]
 134 00ca 8901     		lsls r1, r1, # 6
 135 00cc FCD4     		bmi dengpllguan
 136 00ce 9049     	        ldr r1, = 0x110002
 137 00d0 4160     	        str r1, [r0, # 0x04]
 138 00d2 9049     		ldr r1, = 0x1010001
 139 00d4 0160     		str r1, [r0]
 140              	dengpll:
 141 00d6 0168     		ldr r1, [r0]
 142 00d8 8901     		lsls r1, # 6
 143 00da FCD5     		bpl dengpll
 144              		@0x34时钟控制寄存器 2 (RCC_CR2)
 145 00dc 0121     		movs r1, # 0x01
 146 00de 4163     		str r1, [r0, # 0x34]  @ HSI开14M时钟
 147              	dengdai14mshizhongwending:
 148 00e0 416B     		ldr r1, [r0, # 0x34]
 149 00e2 8907     		lsls r1, r1, # 30     @ 左移30位
 150 00e4 FCD5     		bpl dengdai14mshizhongwending  @ 等待14M时钟稳定
 151              	
 152              	_neicunqingling:
ARM GAS  1.s 			page 4


 153 00e6 8C48     		ldr r0, = 0x20000000
 154 00e8 0021     		movs r1, # 0
 155 00ea 8C4B     		ldr r3, = 0x1000
 156              	_neicunqinglingxunhuan:
 157 00ec 043B     		subs r3, # 4
 158 00ee C150     		str r1, [r0, r3]
 159 00f0 FCD1     		bne _neicunqinglingxunhuan
 160              	
 161              	_waisheshizhong:			 @ 外设时钟
 162              		@+0x14=RCC_AHBENR
 163              		@0=DMA @2=SRAM @4=FLITF@6=CRC @17=PA @18=PB @19=PC @20=PD @22=PF
 164 00f2 8548     		ldr r0, = 0x40021000
 165 00f4 8A49     		ldr r1, = 0x460005
 166 00f6 4161     		str r1, [r0, # 0x14]
 167              	
 168              		@+0x18外设时钟使能寄存器 (RCC_APB2ENR)
 169              		@0=SYSCFG @5=USART6EN @9=ADC @11=TIM1 @12=SPI1 @14=USART1 @16=TIM15 @17=TIM16 @18=TIM17 @22=DBGMCU
 170 00f8 8A49     		ldr r1, = 0xa00
 171 00fa 8161     		str r1, [r0, # 0x18]
 172              		@+0X1C=RCC_APB1ENR
 173              		@1=TIM3 @4=TIM6 @5=TIM7 @8=TIM14 @11=WWDG @14=SPI @17=USRT2 @18=USART3 @20=USART5 @21=I2C1
 174              		@22=I2C2 @23=USB @28=PWR
 175              	
 176              	_waishezhongduan:				@外设中断
 177              		@0xE000E100    0-31  写1开，写0没效
 178              		@0XE000E180    0-31 写1关，写0没效
 179              		@0XE000E200    0-31 挂起，写0没效
 180              		@0XE000E280    0-31 清除， 写0没效
 181              	
 182              	@_systick:				@ systick定时器初始化
 183              	
 184              	@	ldr r0, = 0xe000e010
 185              	@	ldr r1, = 0xffffff
 186              	@	str r1, [r0, # 4]
 187              	@	str r1, [r0, # 8]
 188              	@	movs r1, # 0x07
 189              	@	str r1, [r0]
 190              		
 191              	io_she_zhi:
 192              		@@@@@@@@@@@@@@@@@@@@@@@@@@@@@@@@@@@@@@@@@@@@@@@@@@@@@@@@@@@@@@@@@@@@@@@@@@@@@@@@@@@@@@@@@@@@@@
 193              		@a(0x48000000)b(0x48000400)c(0x48000800)d(0x48000c00)f(0x48001400)
 194              		@ 输入（00），通用输出（01），复用功能（10），模拟（11）
 195              		@偏移0x4 = 端口输出类型 @ （0 推挽），（ 1 开漏）
 196              		@偏移0x8 = 输出速度  00低速， 01中速， 11高速
 197              		@偏移0xC = 上拉下拉 (00无上下拉，  01 上拉， 10下拉)
 198              		@偏移0x10 = 输入数据寄存器
 199              		@偏移0x14 = 输出数据寄存器
 200              		@偏移0x18 = 端口开  0-15置位
 201              		@偏移0x28 = 端口关
 202              		@0X20 = 复用低
 203              		@GPIO口0（0-3位）每个IO口占用4位
 204              		@ AF0 = 0X0000, AF1 = 0X0001, AF2 = 0X0010 AF3 = 0X0011, AF4 = 0X0100
 205              		@ AF5 = 0X0101, AF6 = 0X0111, AF7 = 0X1000
 206              		@0x24 = 复用高
 207              		@GPIO口8 （0-3位）每个IO口占用4位
 208              		@ AF0 = 0X0000, AF1 = 0X0001, AF2 = 0X0010 AF3 = 0X0011, AF4 = 0X0100
 209              		@ AF5 = 0X0101, AF6 = 0X0111, AF7 = 0X1000
ARM GAS  1.s 			page 5


 210              		@@@@@@@@@@@@@@@@@@@@@@@@@@@@@@@@@@@@@@@@@@@@@@@@@@@@@@@@@@@@@@@@@@@@@@@@@@@@@@@@@@@@@@@@@@@@@@
 211              	
 212 00fc 8A48     		ldr r0, = 0x48000000
 213 00fe 8B49     		ldr r1, = 0x2824540f
 214 0100 0160     		str r1, [r0]
 215 0102 8B49     		ldr r1, = 0x200
 216 0104 4162     		str r1, [r0, # 0x24]
 217              	
 218              	
 219              	
 220              	_adcchushihua:
 221 0106 8B48     	        ldr r0, = 0x40012400  @ adc基地址
 222 0108 8B49     	        ldr r1, = 0x80000000
 223 010a 8160     	        str r1, [r0, # 0x08]  @ ADC 控制寄存器 (ADC_CR)  @adc校准
 224              	_dengadcjiaozhun:
 225 010c 8168     	        ldr r1, [r0, # 0x08]
 226 010e 0900     	        movs r1, r1
 227 0110 FCD4     	        bmi _dengadcjiaozhun   @ 等ADC校准
 228              	_kaiadc:
 229 0112 8168     		ldr r1, [r0, # 0x08]
 230 0114 0122     	        movs r2, # 0x01
 231 0116 1143     		orrs r1, r1, r2
 232 0118 8160     	        str r1, [r0, # 0x08]
 233              	_dengdaiadcwending:
 234 011a 0168     		ldr r1, [r0]
 235 011c C907     		lsls r1, r1, # 31
 236 011e FCD5     		bpl _dengdaiadcwending @ 等ADC稳定
 237              	_tongdaoxuanze:
 238 0120 8649     		ldr r1, = 2
 239 0122 8162     	        str r1, [r0, # 0x28]    @ 通道选择寄存器 (ADC_CHSELR)
 240 0124 8649     	        ldr r1, = 0x803
 241 0126 C160     	        str r1, [r0, # 0x0c]    @ 配置寄存器 1 (ADC_CFGR1)
 242 0128 0021     		movs r1, # 0
 243 012a 4161     	        str r1, [r0, # 0x14]    @ ADC 采样时间寄存器 (ADC_SMPR)
 244 012c 8168     		ldr r1, [r0, # 0x08]
 245 012e 854A     	        ldr r2, = 0x04         @ 开始转换
 246 0130 1143     	        orrs r1, r1, r2
 247 0132 8160     		str r1, [r0, # 0x08]    @ 控制寄存器 (ADC_CR)
 248              	
 249              	
 250              		
 251              	dmachushihua:
 252              	        @+0=LSR,+4=IFCR,
 253              	        @+8=CCR1,+c=CNDTR1,+10=CPAR1+14=CMAR1,
 254              	        @+1c=CCR2,+20=CNDTR2,+24=CPAR2,+28=CMAR2
 255              	        @+30=CCR3,+34=CNDTR3,+38=CPAR2,+3c=CMAR3
 256              	        @+44=CCR4,+48=CNDTR4,+4c=CPAR4,+50=CMAR4
 257              	        @+58=CCR5,+5c=CNDTR5,+60=CPAR5,+64=CMAR5
 258              	        @+6C=CCR6,+70=CNDTR6,+74=CPAR6,+78=CMAR6
 259              	        @+80=CCR7,+84=CNDTR7,+88=CPAR7,+8c=CMAR7
 260              	
 261              	        @tim1ch3DMA
 262 0134 8448     	        ldr r0, = 0x40020000
 263 0136 8549     	        ldr r1, = 0x40012c3c @ 外设地址
 264 0138 0166     	        str r1, [r0, # 0x60]
 265 013a 8549     	        ldr r1, = zheng_xian_biao @ 储存器地址
 266 013c 4166     	        str r1, [r0, # 0x64]
ARM GAS  1.s 			page 6


 267 013e 8549     	        ldr r1, = 100             @点数
 268 0140 C165     	        str r1, [r0, # 0x5c]
 269 0142 8549     	        ldr r1, = 0x35b1         @ 储存到外设
 270 0144 8165     	        str r1, [r0, # 0x58]
 271              		@ adc dma
 272 0146 8048     		ldr r0, = 0x40020000
 273 0148 8449     		ldr r1, = 0x40012440
 274 014a 0161     		str r1, [r0, # 0x10]
 275 014c 8449     		ldr r1, = dianyabiao
 276 014e 4161     		str r1, [r0, # 0x14]
 277 0150 8049     		ldr r1, =  100
 278 0152 C160     		str r1, [r0, # 0x0c]
 279 0154 8349     		ldr r1, = 0x5a1		@ 5a1
 280 0156 8160     		str r1, [r0, # 0x08]
 281              	
 282              		
 283              	tim1chushiha:
 284 0158 8348     	        ldr r0, = 0x40012c00 @ tim1_cr1
 285 015a 0021     	        movs r1, # 0
 286 015c 8162     	        str r1, [r0, # 0x28] @ psc
 287 015e 8349     	        ldr r1, = 47
 288 0160 C162     	        str r1, [r0, # 0x2c] @ ARR
 289              		@	movs r1, # 0x40
 290 0162 2021     		movs r1, # 0x20
 291 0164 4160     		str r1, [r0, # 0x04] @ TRGO
 292 0166 3821     		movs r1, # 0x38
 293 0168 8161     		str r1, [r0, # 0x18] @ ccmr1 cc1
 294 016a 2F21     		movs r1, # 47
 295 016c 4163     		str r1, [r0, # 0x34]
 296 016e 8049     	        ldr r1, = 0x68
 297 0170 C161     	        str r1, [r0, # 0x1c] @ ccmr2  CC3
 298 0172 8049     	        ldr r1, = 0x100    @  CC3
 299 0174 0162     	        str r1, [r0, # 0x20] @ ccer
 300 0176 8049     	        ldr r1, = 0x8000
 301 0178 4164     	        str r1, [r0, # 0x44] @ BDTR
 302 017a 8049     	        ldr r1, = 0x800 @ CC3 DMA
 303 017c C160     	        str r1, [r0, # 0x0c] @ DIER
 304 017e 8049     	        ldr r1, = 0x81
 305 0180 0160     	        str r1, [r0]
 306              	
 307              	
 308              	
 309              	_lcdchushihua:
 310 0182 3320     		movs r0, # 0x33
 311 0184 0021     		movs r1, # 0
 312 0186 00F054FB 		bl _xielcd
 313 018a 00F04DFB 		bl _lcdyanshi
 314 018e 3220     		movs r0, # 0x32
 315 0190 0021     		movs r1, # 0
 316 0192 00F04EFB 		bl _xielcd
 317 0196 00F047FB 		bl _lcdyanshi
 318 019a 2820     		movs r0, # 0x28
 319 019c 0021     		movs r1, # 0
 320 019e 00F048FB 		bl _xielcd
 321 01a2 00F041FB 		bl _lcdyanshi
 322 01a6 0C20     		movs r0, # 0x0c
 323 01a8 0021     		movs r1, # 0
ARM GAS  1.s 			page 7


 324 01aa 00F042FB 		bl _xielcd
 325 01ae 00F03BFB 		bl _lcdyanshi
 326 01b2 0120     		movs r0, # 0x01
 327 01b4 0021     		movs r1, # 0
 328 01b6 00F03CFB 		bl _xielcd
 329 01ba 00F035FB 		bl _lcdyanshi
 330              	
 331              	@	movs r0, # 0x80
 332              	@	ldr r1, = lcdshuju
 333              	@	movs r2, # 16
 334              	@	movs r3, # 0xff
 335              	@	bl _lcdxianshi
 336              		
 337 01be 7148     		ldr r0, = liangcheng
 338 01c0 0021     		movs r1, # 0x00
 339 01c2 0160     		str r1, [r0]
 340 01c4 F6E0     		b dd
 341              	
 342              	ting:
 343 01c6 00F02AFA 		bl __zi_dong_liang_cheng
 344 01ca 00F097FA 	        bl _jianbo
 345 01ce 00F004FA 		bl __zhen_fu_lv_bo
 346 01d2 00F02FF9 		bl __zu_kang_ji_suan
 347 01d6 6C48     		ldr r0, = dianrongzhi
 348 01d8 0821     	        movs r1, # 8
 349 01da 0068     		ldr r0, [r0]
 350 01dc 4E4A     	        ldr r2, = asciimabiao
 351 01de FF23     	        movs r3, # 0xff
 352 01e0 00F063FB 	        bl _zhuanascii
 353 01e4 8520     	        movs r0, # 0x85
 354 01e6 4C49     	        ldr r1, = asciimabiao
 355 01e8 0822     	        movs r2, # 8
 356 01ea 00F00FFB 	        bl _lcdxianshi
 357 01ee 6548     		ldr r0, = liangcheng
 358 01f0 0168     		ldr r1, [r0]
 359              	__liangcheng100k:
 360 01f2 0029     		cmp r1, # 0x00
 361 01f4 19D1     		bne __liangcheng10k
 362 01f6 6548     	        ldr r0, = dianzuzhi
 363 01f8 6549     	        ldr r1, = 1000
 364 01fa 0068     	        ldr r0, [r0]
 365 01fc 00F070FB 		bl _chufa
 366 0200 0421     		movs r1, # 4
 367 0202 454A     		ldr r2, = asciimabiao
 368 0204 FF23     		movs r3, # 0xff
 369 0206 00F050FB 	        bl _zhuanascii
 370 020a C320     		movs r0, # 0xc3
 371 020c 4249     		ldr r1, = asciimabiao
 372 020e 0422     		movs r2, # 4
 373 0210 00F0FCFA 	        bl _lcdxianshi
 374 0214 C720     		movs r0, # 0xc7
 375 0216 5F49     	        ldr r1, = qianou
 376 0218 0222     	        movs r2, # 2
 377 021a 00F0F7FA 	        bl _lcdxianshi
 378 021e C920     		movs r0, # 0xc9
 379 0220 5D49     	        ldr r1, = kong
 380 0222 0122     	        movs r2, # 1
ARM GAS  1.s 			page 8


 381 0224 00F0F2FA 	        bl _lcdxianshi
 382 0228 48E0     		b __xian_shi_qi_ta
 383              	__liangcheng10k:
 384 022a 5648     	        ldr r0, = liangcheng
 385 022c 0168     	        ldr r1, [r0]
 386 022e 4029     		cmp r1, # 0x40
 387 0230 14D1     		bne __liangcheng1k
 388 0232 5648     	        ldr r0, = dianzuzhi
 389 0234 4749     	        ldr r1, = 100
 390 0236 0068     	        ldr r0, [r0]
 391 0238 00F052FB 	        bl _chufa
 392 023c 0521     	        movs r1, # 5
 393 023e 364A     	        ldr r2, = asciimabiao
 394 0240 0323     		movs r3, # 3
 395 0242 00F032FB 	        bl _zhuanascii
 396 0246 C320     	        movs r0, # 0xc3
 397 0248 3349     	        ldr r1, = asciimabiao
 398 024a 0522     	        movs r2, # 5
 399 024c 00F0DEFA 	        bl _lcdxianshi
 400 0250 C820     	        movs r0, # 0xc8
 401 0252 5049     	        ldr r1, = qianou
 402 0254 0222     	        movs r2, # 2
 403 0256 00F0D9FA 	        bl _lcdxianshi
 404 025a 2FE0     		b __xian_shi_qi_ta
 405              	__liangcheng1k:
 406 025c 4948     	        ldr r0, = liangcheng
 407 025e 0168     	        ldr r1, [r0]
 408 0260 8029     	        cmp r1, # 0x80
 409 0262 14D1     	        bne __liangcheng100r
 410 0264 4948     		ldr r0, = dianzuzhi
 411 0266 4D49     	        ldr r1, = 10
 412 0268 0068     	        ldr r0, [r0]
 413 026a 00F039FB 	        bl _chufa
 414 026e 0521     	        movs r1, # 5
 415 0270 294A     	        ldr r2, = asciimabiao
 416 0272 0223     	        movs r3, # 2
 417 0274 00F019FB 	        bl _zhuanascii
 418 0278 C320     	        movs r0, # 0xc3
 419 027a 2749     	        ldr r1, = asciimabiao
 420 027c 0522     	        movs r2, # 5
 421 027e 00F0C5FA 	        bl _lcdxianshi
 422 0282 C820     	        movs r0, # 0xc8
 423 0284 4349     	        ldr r1, = qianou
 424 0286 0222     	        movs r2, # 2
 425 0288 00F0C0FA 	        bl _lcdxianshi
 426 028c 16E0     		b __xian_shi_qi_ta
 427              	__liangcheng100r:
 428 028e 3F48     	        ldr r0, = dianzuzhi
 429 0290 0421     		movs r1, # 4
 430 0292 0068     	        ldr r0, [r0]
 431 0294 204A     	        ldr r2, = asciimabiao
 432 0296 FF23     	        movs r3, # 0xff
 433 0298 00F007FB 	        bl _zhuanascii
 434 029c C320     	        movs r0, # 0xc3
 435 029e 1E49     	        ldr r1, = asciimabiao
 436 02a0 0422     	        movs r2, # 4
 437 02a2 00F0B3FA 	        bl _lcdxianshi
ARM GAS  1.s 			page 9


 438 02a6 C720     	        movs r0, # 0xc7
 439 02a8 3D49     	        ldr r1, = ou
 440 02aa 0122     	        movs r2, # 1
 441 02ac 00F0AEFA 	        bl _lcdxianshi
 442 02b0 C820     	        movs r0, # 0xc8
 443 02b2 3949     	        ldr r1, = kong
 444 02b4 0222     	        movs r2, # 2
 445 02b6 00F0A9FA 	        bl _lcdxianshi
 446 02ba FFE7     	        b __xian_shi_qi_ta
 447              	
 448              	__xian_shi_qi_ta:
 449 02bc 3148     		ldr r0, = liangcheng
 450 02be 0068     		ldr r0, [r0]
 451 02c0 8009     		lsrs r0, r0, # 6
 452 02c2 0121     		movs r1, # 1
 453 02c4 144A     	        ldr r2, = asciimabiao
 454 02c6 FF23     	        movs r3, # 0xff
 455 02c8 00F0EFFA 	        bl _zhuanascii
 456 02cc 8020     	        movs r0, # 0x80
 457 02ce 1249     	        ldr r1, = asciimabiao
 458 02d0 0122     	        movs r2, # 1
 459 02d2 00F09BFA 	        bl _lcdxianshi
 460              	
 461 02d6 C120     	        movs r0, # 0xc1
 462 02d8 3249     	        ldr r1, = dianzu
 463 02da 0222     	        movs r2, # 2
 464 02dc 00F096FA 	        bl _lcdxianshi
 465 02e0 CB20     	        movs r0, # 0xcb
 466 02e2 3149     	        ldr r1, = pinlv
 467 02e4 0522     	        movs r2, # 5
 468 02e6 00F091FA 	        bl _lcdxianshi
 469              	__xian_shi_dian_rong:
 470 02ea 8320     		movs r0, # 0x83
 471 02ec 2F49     		ldr r1, = dianrong
 472 02ee 0222     		movs r2, # 2
 473 02f0 00F08CFA 		bl _lcdxianshi
 474 02f4 8E20     	        movs r0, # 0x8e
 475 02f6 2E49     	        ldr r1, = pifa
 476 02f8 0222     	        movs r2, # 2
 477 02fa 00F087FA 		bl _lcdxianshi
 478              	
 479 02fe 62E7     		b ting
 480              	
 481 0300 FFFF0000 		.ltorg
 481      00200240 
 481      00100240 
 481      01000100 
 481      02001100 
 482              	
 483              	dd:
 484 03b4 F048     		ldr r0, = liangcheng
 485 03b6 8021     		movs r1, # 0x80
 486 03b8 0160     		str r1, [r0]
 487 03ba 0068     	        ldr r0, [r0]
 488 03bc 8009     		lsrs r0, r0, # 6
 489 03be 0121     	        movs r1, # 1
 490 03c0 EE4A     	        ldr r2, = asciimabiao
ARM GAS  1.s 			page 10


 491 03c2 FF23     	        movs r3, # 0xff
 492 03c4 00F071FA 	        bl _zhuanascii
 493 03c8 C720     	        movs r0, # 0xc7
 494 03ca EC49     	        ldr r1, = asciimabiao
 495 03cc 0122     		movs r2, # 1
 496 03ce 00F01DFA 		bl _lcdxianshi
 497 03d2 00F093F9 		bl _jianbo
 498 03d6 00F000F9 		bl __zhen_fu_lv_bo
 499 03da E948     		ldr r0, = xia_bi_shi_bu
 500 03dc E949     		ldr r1, = shang_bi_shi_bu
 501 03de EA4A     		ldr r2, = xia_bi_xu_bu
 502 03e0 EA4B     		ldr r3, = shang_bi_xu_bu
 503 03e2 0068     		ldr r0, [r0]
 504 03e4 0968     		ldr r1, [r1]
 505 03e6 1268     		ldr r2, [r2]
 506 03e8 1B68     		ldr r3, [r3]
 507 03ea 00F085F8 		bl __xian_shi_shang_xia_bi
 508 03ee E1E7     		b dd
 509              	
 510              	__ji_suan_fu_du:    @ 计算幅度
 511              	                @ 入r0= 实部，r1= 虚部
 512              	                @ 出r0 = 幅度
 513              	                @ Mag ~=Alpha * max(|I|, |Q|) + Beta * min(|I|, |Q|)
 514              	                @ Alpha * Max + Beta * Min
 515 03f0 0EB5     	        push {r1-r3,lr}
 516 03f2 0000     	        movs r0, r0
 517 03f4 01D5     	        bpl _shibubushifushu
 518 03f6 C043     	        mvns r0, r0                             @ 是负数转成正数
 519 03f8 0130     	        adds r0, r0, # 1
 520              	_shibubushifushu:                               @ 实部不是负数
 521 03fa 0900     	        movs r1, r1
 522 03fc 01D5     	        bpl _xububushifushu
 523 03fe C943     	        mvns r1, r1                             @ 是负数转成正数
 524 0400 0131     	        adds r1, r1, # 1
 525              	_xububushifushu:                                @ 虚部不是负数
 526 0402 0028     	        cmp r0, # 0
 527 0404 01D1     	        bne _panduanxubushibushi0
 528 0406 0846     	        mov r0, r1
 529 0408 0EBD     	        pop {r1-r3,pc}
 530              	_panduanxubushibushi0:	
 531 040a 0029     		cmp r1, # 0
 532 040c 00D1     		bne _jisuanfudu1
 533 040e 0EBD     		pop {r1-r3,pc}
 534              	_jisuanfudu1:
 535 0410 DF4A     		ldr r2, = 31066		@ Alpha q15 0.948059448969
 536 0412 E04B     		ldr r3, = 12867		@ Beta q15 0.392699081699
 537 0414 8142     		cmp r1, r0
 538 0416 06D8     		bhi _alpha_min_beta_max
 539              	_alpha_max_beta_min:
 540 0418 5043     		muls r0, r0, r2
 541 041a 5943     		muls r1, r1, r3
 542 041c C013     		asrs r0, r0, # 15
 543 041e C913     		asrs r1, r1, # 15
 544 0420 4018     		adds r0, r0, r1
 545 0422 0121     		movs r1, # 1
 546 0424 0EBD     		pop {r1-r3,pc}
 547              	_alpha_min_beta_max:
ARM GAS  1.s 			page 11


 548 0426 5843     		muls r0, r0, r3
 549 0428 5143     		muls r1, r1, r2
 550 042a C013     		asrs r0, r0, # 15
 551 042c C913     		asrs r1, r1, # 15
 552 042e 4018     		adds r0, r0, r1
 553 0430 0021     		movs r1, # 0
 554 0432 0EBD     		pop {r1-r3,pc}
 555              		
 556              	__zu_kang_ji_suan:
 557 0434 FFB5     		push {r0-r7,lr}
 558 0436 D348     		ldr r0, = shang_bi_shi_bu
 559 0438 D449     		ldr r1, = shang_bi_xu_bu
 560 043a D14A     		ldr r2, = xia_bi_shi_bu
 561 043c D24B     		ldr r3, = xia_bi_xu_bu
 562 043e CE4C     		ldr r4, = liangcheng
 563 0440 0068     		ldr r0, [r0]
 564 0442 0968     		ldr r1, [r1]
 565 0444 1268     		ldr r2, [r2]
 566 0446 1B68     		ldr r3, [r3]
 567 0448 2568     		ldr r5, [r4]
 568              	__c_liang_cheng_100k:
 569 044a 002D     	        cmp r5, # 0x00
 570 044c 01D1     		bne __c_liang_cheng10k
 571 044e D24C     	        ldr r4, = 100000
 572 0450 08E0     		b __ji_suan_dian_rong
 573              	__c_liang_cheng10k:
 574 0452 402D     	        cmp r5, # 0x40
 575 0454 01D1     	        bne __c_liang_cheng1k
 576 0456 D14C     	        ldr r4, = 10000
 577 0458 04E0     	        b __ji_suan_dian_rong
 578              	__c_liang_cheng1k:
 579 045a 802D     	        cmp r5, # 0x80
 580 045c 01D1     		bne __c_liang_cheng100ou
 581 045e D04C     	        ldr r4, = 1000
 582 0460 00E0     	        b __ji_suan_dian_rong
 583              	__c_liang_cheng100ou:
 584 0462 6424     		movs r4, # 100
 585              	__ji_suan_dian_rong:
 586              	@ Z=R+jx
 587              	@ Z=R*[(a+bi)/(c+di)]=R*[(ac+bd)/(c*c+d*d)+(bc-ad)/(c*c+d*d)]
 588              	@c=1/[(2*pi*f)*xc]
 589 0464 10B4     		push {r4}
 590 0466 0446     		mov r4, r0
 591 0468 0D46     		mov r5, r1
 592 046a 1646     		mov r6, r2
 593 046c 1F46     		mov r7, r3
 594 046e 5043     		muls r0, r0, r2		@ac
 595 0470 5943     		muls r1, r1, r3		@bd
 596 0472 4018     		adds r0, r0, r1		@ac+bd
 597 0474 5243     		muls r2, r2, r2		@c*c
 598 0476 5B43     		muls r3, r3, r3		@d*d
 599 0478 D218     		adds r2, r2, r3		@c*c+d*d
 600 047a 1146     		mov r1, r2
 601 047c 8002     		lsls r0, r0, # 10
 602 047e 00F02FFA 		bl _chufa		@(ac+bd)/(c*c+d*d)
 603 0482 01B4     		push {r0}
 604 0484 7543     		muls r5, r5, r6		@ bc
ARM GAS  1.s 			page 12


 605 0486 7C43     		muls r4, r4, r7		@ ad
 606 0488 2D1B     		subs r5, r5, r4		@ bc-ad
 607 048a 1146     		mov r1, r2
 608 048c 2846     		mov r0, r5
 609 048e 8002     		lsls r0, r0, # 10
 610 0490 00F026FA 		bl _chufa
 611 0494 0146     		mov r1, r0		@ R1=结果虚部
 612 0496 01BC     		pop {r0}		@ R0=结果实部
 613 0498 04BC     		pop {r2}		@ R2=R（量程）
 614 049a 5043     		muls r0, r0, r2		@ 
 615 049c 5143     		muls r1, r1, r2		@
 616 049e 8012     		asrs r0, r0, # 10
 617 04a0 C04A     		ldr r2, = dianzuzhi
 618 04a2 8912     		asrs r1, r1, # 10
 619 04a4 1060     		str r0, [r2]
 620 04a6 FFF7A3FF 		bl __ji_suan_fu_du
 621 04aa BF4B     		ldr r3, = 62831		@ 2pi*10khz
 622 04ac 0146     		mov r1, r0
 623 04ae 5943     		muls r1, r1, r3
 624 04b0 0C46     		mov r4, r1
 625 04b2 BE48     		ldr r0, = 1000000000
 626 04b4 8142     		cmp r1, r0
 627 04b6 0DD8     		bhi __shu_tai_da
 628 04b8 00F012FA 		bl _chufa
 629 04bc 0346     		mov r3, r0
 630 04be B84A     		ldr r2, = 1000
 631 04c0 0846     		mov r0, r1
 632 04c2 5043     		muls r0, r0, r2
 633 04c4 5343     		muls r3, r3, r2
 634 04c6 2146     		mov r1, r4
 635 04c8 00F00AFA 		bl _chufa
 636 04cc B84A     		ldr r2, = dianrongzhi
 637 04ce 1B18     		adds r3, r3, r0
 638 04d0 1360     		str r3, [r2]
 639 04d2 FFBD     		pop {r0-r7,pc}
 640              	__shu_tai_da:
 641 04d4 890A     		lsrs r1, r1, # 10
 642 04d6 00F003FA 		bl _chufa
 643 04da B149     		ldr r1, = 1000
 644 04dc 8002     		lsls r0, r0, # 10
 645 04de 00F0FFF9 		bl _chufa
 646 04e2 B34A     		ldr r2, = dianrongzhi
 647 04e4 1060     		str r0, [r2]
 648 04e6 FFBD     		pop {r0-r7,pc}
 649              	__fu_zhi_nei_cun:
 650              		@ 入口 R0 = 要复制的地址，R1=目标地址，R2=复制的数量
 651 04e8 10B5     		push {r4,lr}
 652 04ea 0024     		movs r4, # 0
 653              	__fu_zhi_xun_huan:	
 654 04ec 035B     		ldrh r3, [r0, r4]
 655 04ee 0B53     		strh r3, [r1, r4]
 656 04f0 0234     		adds r4, r4, # 2
 657 04f2 013A     		subs r2, r2, # 1
 658 04f4 FAD1     		bne __fu_zhi_xun_huan
 659 04f6 10BD     		pop {r4,pc}
 660              	
 661              		
ARM GAS  1.s 			page 13


 662              	__xian_shi_shang_xia_bi:
 663              	@入口 R0= 下臂实部，R1=上臂实部，R2=下臂虚部，R3=上臂虚部
 664 04f8 FFB5     		push {r0-r7,lr}
 665 04fa 8046     		mov r8, r0
 666 04fc 8946     		mov r9, r1
 667 04fe 9246     		mov r10, r2
 668 0500 9B46     		mov r11, r3
 669              	@显示上臂实部
 670 0502 0C00     		movs r4, r1
 671 0504 07D5     		bpl __shang_bi_shi_bu_zheng
 672 0506 8020     	        movs r0, # 0x80
 673 0508 AA49     	        ldr r1, = _fu
 674 050a 0122     	        movs r2, # 1
 675 050c 00F07EF9 	        bl _lcdxianshi
 676 0510 E443     		mvns r4, r4
 677 0512 0134     		adds r4, r4, # 1
 678 0514 04E0     		b __xian_shi_shang_bi_shi_bu
 679              	__shang_bi_shi_bu_zheng:	
 680 0516 8020     	        movs r0, # 0x80
 681 0518 A749     		ldr r1, = kong
 682 051a 0122     	        movs r2, # 1
 683 051c 00F076F9 	        bl _lcdxianshi
 684              	__xian_shi_shang_bi_shi_bu:
 685 0520 2046     		mov r0, r4
 686 0522 0521     		movs r1, # 5
 687 0524 954A     		ldr r2, = asciimabiao
 688 0526 FF23     		movs r3, # 0xff
 689 0528 00F0BFF9 		bl _zhuanascii
 690 052c 8120     		movs r0, # 0x81
 691 052e 9349     		ldr r1, = asciimabiao
 692 0530 0522     		movs r2, # 5
 693 0532 00F06BF9 		bl _lcdxianshi
 694              	@显示上臂虚部
 695 0536 5C46     	        mov r4, r11
 696 0538 2400     		movs r4, r4
 697 053a 07D5     	        bpl __shang_bi_xu_bu_zheng
 698 053c C020     	        movs r0, # 0xc0
 699 053e 9D49     	        ldr r1, = _fu
 700 0540 0122     	        movs r2, # 1
 701 0542 00F063F9 	        bl _lcdxianshi
 702 0546 E443     	        mvns r4, r4
 703 0548 0134     	        adds r4, r4, # 1
 704 054a 04E0     	        b __xian_shi_shang_bi_xu_bu
 705              	__shang_bi_xu_bu_zheng:
 706 054c C020     	        movs r0, # 0xc0
 707 054e 9A49     		ldr r1, = kong
 708 0550 0122     	        movs r2, # 1
 709 0552 00F05BF9 	        bl _lcdxianshi
 710              	__xian_shi_shang_bi_xu_bu:
 711 0556 2046     	        mov r0, r4
 712 0558 0521     	        movs r1, # 5
 713 055a 884A     	        ldr r2, = asciimabiao
 714 055c FF23     	        movs r3, # 0xff
 715 055e 00F0A4F9 		bl _zhuanascii
 716 0562 C120     		movs r0, # 0xc1
 717 0564 8549     	        ldr r1, = asciimabiao
 718 0566 0522     	        movs r2, # 5
ARM GAS  1.s 			page 14


 719 0568 00F050F9 		bl _lcdxianshi
 720              	@显示下臂实部：
 721 056c 4446     	        mov r4, r8
 722 056e 2400     		movs r4, r4
 723 0570 07D5     	        bpl __xia_bi_shi_bu_zheng
 724 0572 8A20     	        movs r0, # 0x8a
 725 0574 8F49     	        ldr r1, = _fu
 726 0576 0122     	        movs r2, # 1
 727 0578 00F048F9 	        bl _lcdxianshi
 728 057c E443     	        mvns r4, r4
 729 057e 0134     		adds r4, r4, # 1
 730 0580 04E0     		b __xian_shi_xia_bi_shi_bu
 731              	__xia_bi_shi_bu_zheng:
 732 0582 8A20     	        movs r0, # 0x8a
 733 0584 8C49     	        ldr r1, = kong
 734 0586 0122     	        movs r2, # 1
 735 0588 00F040F9 		bl _lcdxianshi
 736              	__xian_shi_xia_bi_shi_bu:
 737 058c 2046     		mov r0, r4
 738 058e 0521     		movs r1, # 5
 739 0590 7A4A     		ldr r2, = asciimabiao
 740 0592 FF23     		movs r3, # 0xff
 741 0594 00F089F9 		bl _zhuanascii
 742 0598 8B20     	        movs r0, # 0x8b
 743 059a 7849     	        ldr r1, = asciimabiao
 744 059c 0522     	        movs r2, # 5
 745 059e 00F035F9 	        bl _lcdxianshi
 746              	
 747              	@显示下臂虚部
 748 05a2 5446     		mov r4, r10
 749 05a4 2400     		movs r4, r4
 750 05a6 07D5     	        bpl __xia_bi_xu_bu_zheng
 751 05a8 CA20     	        movs r0, # 0xca
 752 05aa 8249     	        ldr r1, = _fu
 753 05ac 0122     	        movs r2, # 1
 754 05ae 00F02DF9 	        bl _lcdxianshi
 755 05b2 E443     	        mvns r4, r4
 756 05b4 0134     	        adds r4, r4, # 1
 757 05b6 04E0     	        b __xian_shi_xia_bi_xu_bu
 758              	__xia_bi_xu_bu_zheng:
 759 05b8 CA20     	        movs r0, # 0xca
 760 05ba 7F49     	        ldr r1, = kong
 761 05bc 0122     	        movs r2, # 1
 762 05be 00F025F9 	        bl _lcdxianshi
 763              	__xian_shi_xia_bi_xu_bu:
 764 05c2 2046     	        mov r0, r4
 765 05c4 0521     	        movs r1, # 5
 766 05c6 6D4A     	        ldr r2, = asciimabiao
 767 05c8 FF23     	        movs r3, # 0xff
 768 05ca 00F06EF9 	        bl _zhuanascii
 769 05ce CB20     	        movs r0, # 0xcb
 770 05d0 6A49     	        ldr r1, = asciimabiao
 771 05d2 0522     	        movs r2, # 5
 772 05d4 00F01AF9 	        bl _lcdxianshi
 773 05d8 FFBD     		pop {r0-r7,pc}
 774              	
 775              	
ARM GAS  1.s 			page 15


 776              	__zhen_fu_lv_bo:
 777              		@ 入口 R0= 下臂实部，R1=上臂实部，R2=下臂虚部，R3=上臂虚部
 778 05da FFB5     		push {r0-r7,lr}
 779 05dc 684F     		ldr r7, = xia_bi_shi_bu
 780 05de 1546     		mov r5, r2
 781 05e0 1E46     		mov r6, r3
 782 05e2 0C46     		mov r4, r1
 783 05e4 0346     		mov r3, r0
 784 05e6 7548     		ldr r0, = lvboqihuanchong
 785 05e8 7549     		ldr r1, = 32
 786 05ea 764A     		ldr r2, = lvboqizhizhen
 787 05ec 00F0B0F8 		bl _lvboqi
 788 05f0 3860     		str r0, [r7]			@保存下臂实部
 789 05f2 2346     	        mov r3, r4
 790 05f4 7448     	        ldr r0, = lvboqihuanchong1
 791 05f6 7249     		ldr r1, = 32
 792 05f8 744A     		ldr r2, = lvboqizhizhen1
 793 05fa 00F0A9F8 	        bl _lvboqi
 794 05fe 7860     	        str r0, [r7, # 0x04]		@保存上臂实部
 795 0600 2B46     		mov r3, r5
 796 0602 7348     		ldr r0, = lvboqihuanchong2
 797 0604 6E49     	        ldr r1, = 32
 798 0606 734A     	        ldr r2, = lvboqizhizhen2
 799 0608 00F0A2F8 		bl _lvboqi
 800 060c B860     		str r0, [r7, # 0x08]		@保存下臂虚部
 801              	
 802 060e 3346     	        mov r3, r6
 803 0610 7148     		ldr r0, = lvboqihuanchong3
 804 0612 6B49     		ldr r1, = 32
 805 0614 714A     		ldr r2, = lvboqizhizhen3
 806 0616 00F09BF8 	        bl _lvboqi
 807 061a F860     		str r0, [r7, # 0x0c]		@保存上臂虚部
 808 061c FFBD     		pop {r0-r7,pc}
 809              		
 810              	
 811              	__zi_dong_liang_cheng:
 812              		@ 0xc0=100,0x80=1k
 813              		@0x40=10k,0x00=100k
 814 061e 7FB5     		push {r0-r6,lr}
 815 0620 6F48     		ldr r0, = zidongliangchengyanshi
 816 0622 1E22     		movs r2, # 30
 817 0624 0168     		ldr r1, [r0]
 818 0626 0131     		adds r1, r1, # 1
 819 0628 0160     		str r1, [r0]
 820 062a 9142     		cmp r1, r2
 821 062c 17D3     		bcc __liang_cheng_fan_hui
 822 062e 0021     		movs r1, # 0
 823 0630 0160     		str r1, [r0]
 824 0632 5448     		ldr r0, = shang_bi_shi_bu
 825 0634 524D     		ldr r5, = xia_bi_shi_bu
 826 0636 5049     		ldr r1, = liangcheng
 827 0638 0A68     		ldr r2, [r1]
 828 063a 6A4E     		ldr r6, = 2200
 829 063c 6A4B     		ldr r3, = 20
 830 063e C02A     		cmp r2, # 0xc0
 831 0640 07D0     		beq __xuan_kong
 832              	__pan_duan_liang_cheng:
ARM GAS  1.s 			page 16


 833 0642 2C68     		ldr r4, [r5]
 834 0644 B442     		cmp r4, r6
 835 0646 02D2     		bcs __gai_liang_cheng
 836 0648 0468     		ldr r4, [r0]
 837 064a 9C42     		cmp r4,	r3
 838 064c 00D2     		bcs __bao_cun_liang_cheng
 839              	__gai_liang_cheng:
 840 064e 4032     		adds r2, r2, # 0x40
 841              	__bao_cun_liang_cheng:
 842 0650 0A60     		str r2, [r1]
 843              	__xuan_kong:
 844 0652 4B48     		ldr r0, = xia_bi_shi_bu
 845 0654 0468     		ldr r4, [r0]
 846 0656 142C     		cmp r4, # 20
 847 0658 01D2     		bcs __liang_cheng_fan_hui
 848              	__liang_cheng_chong_zhi:
 849 065a 0022     		movs r2, # 0
 850 065c 0A60     		str r2, [r1]
 851              	__liang_cheng_fan_hui:	
 852 065e 7FBD     		pop {r0-r6,pc}
 853              	__jianbo:
 854              		@入口R0=0（上臂）1（下臂）
 855              		@出口R0=实部 R1=虚部
 856 0660 FCB5     		push {r2-r7,lr}
 857 0662 624C     		ldr r4, = 0x48000000
 858 0664 624D     		ldr r5, = 0x200
 859 0666 634E     		ldr r6, = 0x40012428
 860 0668 0028     		cmp r0, # 0
 861 066a 01D1     		bne __xia_bi_kai
 862 066c A561     		str r5, [r4, # 0x18]	@上臂开
 863 066e 00E0     		b __tong_dao_xuan_ze
 864              	__xia_bi_kai:
 865 0670 A562     		str r5, [r4, # 0x28]	@ 下臂开
 866              	__tong_dao_xuan_ze:
 867 0672 0124     		movs r4, # 1
 868 0674 3460     		str r4, [r6]		@ 反相通道开
 869 0676 00F056F8 		bl _jianboyanshi
 870 067a 5F48     		ldr r0, = dianyabiao
 871 067c 5F49     		ldr r1, = fanxiangbiao
 872 067e 6422     		movs r2, # 100
 873 0680 FFF732FF 		bl __fu_zhi_nei_cun
 874 0684 0224     		movs r4, # 2
 875 0686 3460     		str r4, [r6]		@ 正相通道开
 876 0688 00F04DF8 		bl _jianboyanshi
 877 068c 5A48     		ldr r0, = dianyabiao
 878 068e 5C49     		ldr r1, = zhengxiangbiao
 879 0690 6422     		movs r2, # 100
 880 0692 FFF729FF 		bl __fu_zhi_nei_cun
 881 0696 5A48     		ldr r0, = zhengxiangbiao
 882 0698 5849     		ldr r1, = fanxiangbiao
 883 069a 00F001F8 		bl __DFT_ji_suan
 884 069e FCBD     		pop {r2-r7,pc}
 885              	
 886              	__DFT_ji_suan:
 887              		@入口R0=正相表，R1=反相表
 888 06a0 FCB5     		push {r2-r7,lr}
 889 06a2 4446     		mov r4, r8
ARM GAS  1.s 			page 17


 890 06a4 4D46     		mov r5, r9
 891 06a6 5646     		mov r6, r10
 892 06a8 70B4     		push {r4-r6}
 893 06aa 0026     		movs r6, # 0
 894 06ac B046     		mov r8, r6
 895 06ae B146     		mov r9, r6
 896 06b0 C822     		movs r2, # 200
 897 06b2 9246     		mov r10, r2
 898 06b4 3246     		mov r2, r6
 899              	__ji_suan_dft_xun_huan:
 900 06b6 835A     		ldrh r3, [r0, r2]
 901 06b8 8C5A     		ldrh r4, [r1, r2]
 902 06ba 002B     		cmp r3, # 0
 903 06bc 00D0     		beq __qu_fan_r4
 904 06be 02E0     		b __ji_suan_dft
 905              	__qu_fan_r4:
 906 06c0 E443     		mvns r4, r4
 907 06c2 0134     		adds r4, r4, # 1
 908 06c4 2346     		mov r3, r4
 909              	__ji_suan_dft:
 910 06c6 4F4D     		ldr r5, = xuan_zhuan_yin_zi
 911 06c8 AF59     		ldr r7, [r5, r6]
 912 06ca 0436     		adds r6, r6, # 4
 913 06cc 5F43     		muls r7, r7, r3		@ 实部
 914 06ce FF13     		asrs r7, r7, # 15
 915 06d0 4446     		mov r4, r8
 916 06d2 E419     		adds r4, r4, r7
 917 06d4 A046     		mov r8, r4
 918 06d6 AF59     		ldr r7, [r5, r6]
 919 06d8 0436     		adds r6, r6, # 4
 920 06da 5F43     		muls r7, r7, r3		@ 虚部
 921 06dc FF13     		asrs r7, r7, # 15
 922 06de FF43     		mvns r7, r7
 923 06e0 0137     		adds r7, r7, # 1
 924 06e2 4C46     		mov r4, r9
 925 06e4 E419     		adds r4, r4, r7
 926 06e6 A146     		mov r9, r4
 927 06e8 0232     		adds r2, r2, # 2
 928 06ea 5245     		cmp r2, r10
 929 06ec E3D1     		bne __ji_suan_dft_xun_huan
 930 06ee 4046     		mov r0, r8
 931 06f0 4946     		mov r1, r9
 932 06f2 70BC     		pop {r4-r6}
 933 06f4 A046     		mov r8, r4
 934 06f6 A946     		mov r9, r5
 935 06f8 B246     		mov r10, r6
 936 06fa FCBD     		pop {r2-r7,pc}
 937              	_jianbo:
 938 06fc 30B5     		push {r4-r5,lr}
 939 06fe 0020     		movs r0, # 0
 940 0700 FFF7AEFF 		bl __jianbo
 941 0704 03B4     		push {r0,r1}
 942 0706 0120     		movs r0, # 1
 943 0708 FFF7AAFF 		bl __jianbo
 944 070c 30BC     		pop {r4,r5}	
 945 070e 2B00     		movs r3, r5
 946 0710 0A00     		movs r2, r1
ARM GAS  1.s 			page 18


 947 0712 2100     		movs r1, r4
 948 0714 C043     		mvns r0, r0
 949 0716 0130     		adds r0, r0, # 1
 950 0718 D243     		mvns r2, r2
 951 071a 0132     		adds r2, r2, # 1
 952 071c 0011     		asrs r0, r0, # 4
 953 071e 0911     		asrs r1, r1, # 4
 954 0720 1211     		asrs r2, r2, # 4
 955 0722 1B11     		asrs r3, r3, # 4
 956 0724 30BD     		pop {r4-r5,pc}
 957              	_jianboyanshi:
 958 0726 80B5     		push {r7,lr}
 959 0728 374F     		ldr r7, = 0xffff
 960              	_jianboyanshixunhuan:
 961 072a 013F     		subs r7, r7, # 1
 962 072c FDD1     		bne _jianboyanshixunhuan
 963 072e 80BD     		pop {r7,pc}
 964              	
 965              	__zhao_zui_da_shu:
 966 0730 1CB5     		push {r2-r4,lr}
 967 0732 3148     		ldr r0, = dianyabiao
 968 0734 6522     		movs r2, # 101
 969 0736 5200     		lsls r2, r2, # 1
 970 0738 0023     		movs r3, # 0
 971              	__zhao:
 972 073a 815A     		ldrh r1, [r0, r2]
 973 073c 9942     		cmp r1, r3
 974 073e 01D3     		bcc __di_zhi_jian
 975 0740 0B46     		mov r3, r1
 976 0742 1446     		mov r4, r2
 977              	__di_zhi_jian:	
 978 0744 023A     		subs r2, r2, # 2
 979 0746 F8D1     		bne __zhao
 980 0748 0146     		mov r1, r0
 981 074a 1846     		mov r0, r3
 982 074c 0919     		adds r1, r1, r4
 983 074e 1CBD     		pop {r2-r4,pc}
 984              		
 985              	_lvboqi:
 986              				@滤波器
 987              				@R0=地址，R1=长度,r2=表指针地址,r3=ADC数值
 988              				@出R0=结果
 989 0750 FEB5     		push {r1-r7,lr}	
 990 0752 1568     		ldr r5, [r2]		@读出表指针
 991 0754 8E00     		lsls r6, r1, # 2	
 992 0756 4351     		str r3, [r0, r5]	@数值写到滤波器缓冲区
 993 0758 0435     		adds r5, r5, # 4
 994 075a B542     		cmp r5, r6
 995 075c 00D1     		bne _lvboqimeidaohuanchongquding
 996 075e 0025     		movs r5, # 0
 997              	_lvboqimeidaohuanchongquding:
 998 0760 1560     		str r5, [r2]
 999 0762 0027     		movs r7, # 0
 1000              	_lvboqixunhuan:
 1001 0764 B542     		cmp r5, r6
 1002 0766 00D1     		bne _lvbozonghe
 1003 0768 0025     		movs r5, # 0
ARM GAS  1.s 			page 19


 1004              	_lvbozonghe:
 1005 076a 4459     		ldr r4, [r0, r5]
 1006 076c 0435     		adds r5, r5, # 4
 1007 076e 3F19     		adds r7, r7, r4
 1008 0770 0139     		subs r1, r1, # 1
 1009 0772 F7D1     		bne _lvboqixunhuan
 1010 0774 7811     		asrs r0, r7, # 5	@修改
 1011 0776 FEBD     		pop {r1-r7,pc}
 1012 0778 30000020 		.ltorg
 1012      00000020 
 1012      000A0020 
 1012      040A0020 
 1012      080A0020 
 1013              	
 1014              		
 1015              	_lcdxianshi:	  		@r0=LCD位置，r1=数据地址，r2=长度
 1016 080c 1FB5     		push {r0-r4,lr}
 1017 080e 0C46     		mov r4, r1
 1018              	
 1019 0810 0021     		movs r1, # 0
 1020 0812 00F00EF8 		bl _xielcd
 1021              	
 1022 0816 0121     		movs r1, # 1
 1023 0818 0023     		movs r3, # 0
 1024              	_lcdxianshixunhuan:
 1025 081a E05C     		ldrb r0, [r4,r3]
 1026 081c 00F009F8 		bl _xielcd
 1027 0820 0133     		adds r3, r3, # 1
 1028 0822 9342     		cmp r3, r2
 1029 0824 F9D1     		bne _lcdxianshixunhuan
 1030 0826 1FBD     		pop {r0-r4,pc}
 1031              	
 1032              	_lcdyanshi:
 1033 0828 20B5     		push {r5,lr}
 1034 082a 374D     		ldr r5, = 0x2000
 1035              	_lcdyanshixunhuan:
 1036 082c 013D     		subs r5, r5, # 1
 1037 082e FDD1     		bne _lcdyanshixunhuan
 1038 0830 20BD     		pop {r5,pc}
 1039              	
 1040              	_xielcd:			@入R0=8位,r1=0命令,r1=1数据
 1041 0832 3FB5     		push {r0-r5,lr}
 1042 0834 354C     		ldr r4, = liangcheng  @ 量程开关 (第6位和第7位)
 1043 0836 0246     		mov r2, r0
 1044 0838 2568     		ldr r5, [r4]
 1045 083a 1209     		lsrs r2, r2, # 4
 1046 083c 9200     		lsls r2, r2, # 2	@ 高四位
 1047 083e 0007     		lsls r0, r0, # 28
 1048 0840 800E     		lsrs r0, r0, # 26	@ 低四位
 1049 0842 C907     		lsls r1, r1, # 31
 1050 0844 01D5     		bpl __lcd_ming_ling
 1051              	__lcd_shu_ju:
 1052 0846 0323     		movs r3, # 0x03		@ RS = 1 E = 1
 1053 0848 00E0     		b __xie_lcd_shu_ju
 1054              	__lcd_ming_ling:
 1055 084a 0223     		movs r3, # 0x02		@ RS = 0 E = 1
 1056              	__xie_lcd_shu_ju:
ARM GAS  1.s 			page 20


 1057 084c 5B19     		adds r3, r3, r5
 1058 084e 0146     		mov r1, r0
 1059 0850 D218     		adds r2, r2, r3
 1060 0852 1000     		movs r0, r2
 1061 0854 00F00BF8 		bl __74hc595
 1062 0858 0238     		subs r0, r0, # 0x02
 1063 085a 00F008F8 		bl __74hc595
 1064 085e 0846     		mov r0, r1
 1065 0860 C018     		adds r0, r0, r3
 1066 0862 00F004F8 		bl __74hc595
 1067 0866 0238     		subs r0, r0, # 0x02
 1068 0868 00F001F8 		bl __74hc595
 1069 086c 3FBD     		pop {r0-r5,pc}
 1070              		
 1071              	__74hc595:			@ 入R0=8位
 1072 086e FFB5     		push {r0-r7,lr}
 1073 0870 274E     		ldr r6, = 0x48000000
 1074 0872 2025     		movs r5, # 0x20		@ SRCLK
 1075 0874 4022     		movs r2, # 0x40		@ RCLK
 1076 0876 8023     		movs r3, # 0x80		@ SER
 1077 0878 1824     		movs r4, # 24
 1078              	__595_yiweixunhuan:
 1079 087a B261     		str r2, [r6, # 0x18]	@ rclk=0
 1080 087c B561     		str r5, [r6, # 0x18]	@ srclk=0
 1081 087e FF27     		movs r7, # 0xff
 1082              	__595_yanshi:
 1083 0880 013F     		subs r7, r7, # 1
 1084 0882 FDD1     		bne __595_yanshi
 1085 0884 0146     		mov r1, r0
 1086 0886 A140     		lsls r1, r1, r4
 1087 0888 01D5     		bpl __ser_0
 1088              	__ser_1:
 1089 088a B362     		str r3, [r6, # 0x28]	@ ser=1
 1090 088c 00E0     		b __595_yiwei
 1091              	__ser_0:
 1092 088e B361     		str r3, [r6, # 0x18]	@ ser=0
 1093              	__595_yiwei:
 1094 0890 B562     		str r5, [r6, # 0x28]
 1095 0892 FF27     		movs r7, # 0xff
 1096              	__595_yanshi1:
 1097 0894 013F     		subs r7, r7, # 1
 1098 0896 FDD1     		bne __595_yanshi1
 1099 0898 0134     		adds r4, r4, # 1
 1100 089a 202C     		cmp r4, # 32
 1101 089c EDD1     		bne __595_yiweixunhuan
 1102 089e B262     		str r2, [r6, # 0x28]	@ rclk=1
 1103 08a0 FF27     		movs r7, # 0xff
 1104              	__595_yanshi2:
 1105 08a2 013F     		subs r7, r7, # 1
 1106 08a4 FDD1     		bne __595_yanshi2
 1107 08a6 B261     		str r2, [r6, # 0x18]	@ rclk = 0
 1108 08a8 FFBD     		pop {r0-r7,pc}
 1109              	
 1110              	
 1111              	
 1112              	_zhuanascii:					@ 16进制转ASCII
 1113              			@ R0要转的数据， R1长度，R2结果表首地址, r3=小数点位置
ARM GAS  1.s 			page 21


 1114 08aa FFB5     		push {r0-r7,lr}
 1115 08ac 1F46     		mov r7, r3
 1116 08ae 0546     		mov r5, r0
 1117 08b0 0E46     		mov r6, r1
 1118 08b2 0A21     		movs r1, # 10
 1119              	_xunhuanqiuma:
 1120 08b4 02B4     		push {r1}
 1121 08b6 00F013F8 		bl _chufa
 1122 08ba 02BC     		pop {r1}
 1123 08bc 0446     		mov r4, r0
 1124 08be 4C43     		muls r4, r1
 1125 08c0 2B1B     		subs r3, r5, r4
 1126 08c2 3033     		adds r3, r3, # 0x30
 1127 08c4 0546     		mov r5, r0
 1128 08c6 013E     		subs r6, r6, # 1
 1129 08c8 08D0     		beq _qiumafanhui
 1130 08ca BE42     		cmp r6, r7
 1131 08cc 02D1     		bne _meidaoxiaoshudian
 1132 08ce 2E24     		movs r4, # 0x2e		@小数点
 1133 08d0 9455     		strb r4, [r2,r6]	@插入小数点
 1134 08d2 013E     		subs r6, r6, # 1
 1135              	_meidaoxiaoshudian:
 1136 08d4 9355     		strb r3, [r2,r6]
 1137 08d6 3600     		movs r6, r6
 1138 08d8 ECD1     		bne _xunhuanqiuma
 1139 08da FFBD     		pop {r0-r7,pc}
 1140              	_qiumafanhui:
 1141 08dc 9355     		strb r3, [r2, r6]
 1142 08de FFBD     		pop {r0-r7,pc}
 1143              	
 1144              	
 1145              		
 1146              	_chufa:				@软件除法
 1147              		@ r0 除以 r1 等于 商(r0)余数R1
 1148 08e0 1CB5     		push {r2-r4,lr}
 1149 08e2 0028     		cmp r0, # 0
 1150 08e4 0FD0     		beq _chufafanhui
 1151 08e6 0029     		cmp r1, # 0
 1152 08e8 0DD0     		beq _chufafanhui
 1153 08ea 0246     		mov r2, r0
 1154 08ec 0123     		movs r3, # 1
 1155 08ee DB07     		lsls r3, r3, # 31
 1156 08f0 0020     		movs r0, # 0
 1157 08f2 0446     		mov r4, r0
 1158              	_chufaxunhuan:
 1159 08f4 5200     		lsls r2, r2, # 1
 1160 08f6 6441     		adcs r4, r4, r4
 1161 08f8 8C42     		cmp r4, r1
 1162 08fa 01D3     		bcc _chufaweishubudao0
 1163 08fc C018     		adds r0, r0, r3
 1164 08fe 641A     		subs r4, r4, r1
 1165              	_chufaweishubudao0:
 1166 0900 5B08     		lsrs r3, r3, # 1
 1167 0902 F7D1     		bne _chufaxunhuan
 1168 0904 2146     		mov r1, r4
 1169              	_chufafanhui:
 1170 0906 1CBD     		pop {r2-r4,pc}
ARM GAS  1.s 			page 22


 1171 0908 00200000 		.ltorg
 1171      30000020 
 1171      00000048 
 1172              	
 1173              	
 1174              	_nmi_handler:
 1175 0914 7047     		bx lr
 1176              	_hard_fault:
 1177 0916 7047     		bx lr
 1178              	_svc_handler:
 1179 0918 7047     		bx lr
 1180              	_pendsv_handler:
 1181 091a 7047     		bx lr
 1182              	_systickzhongduan:
 1183 091c 034A     		ldr r2, = jishu
 1184 091e 0448     		ldr r0, = 0xe0000d04
 1185 0920 1368     		ldr r3, [r2]
 1186 0922 0449     		ldr r1, = 0x02000000
 1187 0924 0133     		adds r3, r3, # 1
 1188 0926 1360     		str r3, [r2]
 1189 0928 0160     		str r1, [r0]                 @ 清除SYSTICK中断
 1190              	aaa:
 1191 092a 70473400 		bx lr
 1191      0020040D 
 1191      00E00000 
 1191      0002
ARM GAS  1.s 			page 23


DEFINED SYMBOLS
                 1.s:9      .data:0000000000000000 zheng_xian_biao
                 1.s:11     .data:00000000000000ca $d
                 1.s:12     .data:00000000000000d0 xuan_zhuan_yin_zi
                 1.s:14     .data:00000000000003f0 lcdshuju
                 1.s:16     .data:0000000000000400 dianhua
                 1.s:18     .data:0000000000000410 qq
                 1.s:20     .data:0000000000000420 xushu
                 1.s:22     .data:0000000000000421 fu
                 1.s:24     .data:0000000000000422 zheng
                 1.s:26     .data:0000000000000423 dianzu
                 1.s:28     .data:0000000000000425 dianrong
                 1.s:30     .data:0000000000000427 pinlv
                 1.s:32     .data:000000000000042c qianou
                 1.s:34     .data:000000000000042d ou
                 1.s:36     .data:0000000000000431 kong
                 1.s:38     .data:0000000000000435 pifa
                 1.s:40     .data:0000000000000437 _fu
                 1.s:43     *ABS*:0000000020001000 STACKINIT
                 1.s:44     *ABS*:0000000020000000 asciimabiao
                 1.s:45     *ABS*:0000000020000030 liangcheng
                 1.s:46     *ABS*:0000000020000034 jishu
                 1.s:47     *ABS*:0000000020000038 jianbo
                 1.s:48     *ABS*:0000000020000040 dianyabiao
                 1.s:49     *ABS*:0000000020000110 zhengxiangbiao
                 1.s:50     *ABS*:00000000200001e0 fanxiangbiao
                 1.s:51     *ABS*:0000000020000600 lvboqizhizhen
                 1.s:52     *ABS*:0000000020000604 lvboqihuanchong
                 1.s:53     *ABS*:0000000020000700 lvboqizhizhen1
                 1.s:54     *ABS*:0000000020000704 lvboqihuanchong1
                 1.s:55     *ABS*:0000000020000800 lvboqizhizhen2
                 1.s:56     *ABS*:0000000020000804 lvboqihuanchong2
                 1.s:57     *ABS*:0000000020000900 lvboqizhizhen3
                 1.s:58     *ABS*:0000000020000904 lvboqihuanchong3
                 1.s:59     *ABS*:0000000020000a00 xia_bi_shi_bu
                 1.s:60     *ABS*:0000000020000a04 shang_bi_shi_bu
                 1.s:61     *ABS*:0000000020000a08 xia_bi_xu_bu
                 1.s:62     *ABS*:0000000020000a0c shang_bi_xu_bu
                 1.s:63     *ABS*:0000000020000a10 bu_chang_100r
                 1.s:64     *ABS*:0000000020000a14 zidongliangchengyanshi
                 1.s:65     *ABS*:0000000020000a18 dianzuzhi
                 1.s:66     *ABS*:0000000020000a1c dianrongzhi
                 1.s:68     .text:0000000000000000 vectors
                 1.s:115    .text:00000000000000b0 _start
                 1.s:1174   .text:0000000000000914 _nmi_handler
                 1.s:1176   .text:0000000000000916 _hard_fault
                 1.s:1178   .text:0000000000000918 _svc_handler
                 1.s:1180   .text:000000000000091a _pendsv_handler
                 1.s:1182   .text:000000000000091c _systickzhongduan
                 1.s:1190   .text:000000000000092a aaa
                            .text:0000000000000000 $d
                 1.s:113    .text:00000000000000b0 $t
                 1.s:117    .text:00000000000000b2 yanshi111
                 1.s:121    .text:00000000000000b6 shizhong
                 1.s:128    .text:00000000000000c2 denghse
                 1.s:132    .text:00000000000000c8 dengpllguan
                 1.s:140    .text:00000000000000d6 dengpll
ARM GAS  1.s 			page 24


                 1.s:147    .text:00000000000000e0 dengdai14mshizhongwending
                 1.s:152    .text:00000000000000e6 _neicunqingling
                 1.s:156    .text:00000000000000ec _neicunqinglingxunhuan
                 1.s:161    .text:00000000000000f2 _waisheshizhong
                 1.s:176    .text:00000000000000fc _waishezhongduan
                 1.s:191    .text:00000000000000fc io_she_zhi
                 1.s:220    .text:0000000000000106 _adcchushihua
                 1.s:224    .text:000000000000010c _dengadcjiaozhun
                 1.s:228    .text:0000000000000112 _kaiadc
                 1.s:233    .text:000000000000011a _dengdaiadcwending
                 1.s:237    .text:0000000000000120 _tongdaoxuanze
                 1.s:251    .text:0000000000000134 dmachushihua
                 1.s:283    .text:0000000000000158 tim1chushiha
                 1.s:309    .text:0000000000000182 _lcdchushihua
                 1.s:1040   .text:0000000000000832 _xielcd
                 1.s:1032   .text:0000000000000828 _lcdyanshi
                 1.s:483    .text:00000000000003b4 dd
                 1.s:342    .text:00000000000001c6 ting
                 1.s:811    .text:000000000000061e __zi_dong_liang_cheng
                 1.s:937    .text:00000000000006fc _jianbo
                 1.s:776    .text:00000000000005da __zhen_fu_lv_bo
                 1.s:556    .text:0000000000000434 __zu_kang_ji_suan
                 1.s:1112   .text:00000000000008aa _zhuanascii
                 1.s:1015   .text:000000000000080c _lcdxianshi
                 1.s:359    .text:00000000000001f2 __liangcheng100k
                 1.s:383    .text:000000000000022a __liangcheng10k
                 1.s:1146   .text:00000000000008e0 _chufa
                 1.s:448    .text:00000000000002bc __xian_shi_qi_ta
                 1.s:405    .text:000000000000025c __liangcheng1k
                 1.s:427    .text:000000000000028e __liangcheng100r
                 1.s:469    .text:00000000000002ea __xian_shi_dian_rong
                 1.s:481    .text:0000000000000300 $d
                 1.s:484    .text:00000000000003b4 $t
                 1.s:662    .text:00000000000004f8 __xian_shi_shang_xia_bi
                 1.s:510    .text:00000000000003f0 __ji_suan_fu_du
                 1.s:520    .text:00000000000003fa _shibubushifushu
                 1.s:525    .text:0000000000000402 _xububushifushu
                 1.s:530    .text:000000000000040a _panduanxubushibushi0
                 1.s:534    .text:0000000000000410 _jisuanfudu1
                 1.s:547    .text:0000000000000426 _alpha_min_beta_max
                 1.s:539    .text:0000000000000418 _alpha_max_beta_min
                 1.s:568    .text:000000000000044a __c_liang_cheng_100k
                 1.s:573    .text:0000000000000452 __c_liang_cheng10k
                 1.s:585    .text:0000000000000464 __ji_suan_dian_rong
                 1.s:578    .text:000000000000045a __c_liang_cheng1k
                 1.s:583    .text:0000000000000462 __c_liang_cheng100ou
                 1.s:640    .text:00000000000004d4 __shu_tai_da
                 1.s:649    .text:00000000000004e8 __fu_zhi_nei_cun
                 1.s:653    .text:00000000000004ec __fu_zhi_xun_huan
                 1.s:679    .text:0000000000000516 __shang_bi_shi_bu_zheng
                 1.s:684    .text:0000000000000520 __xian_shi_shang_bi_shi_bu
                 1.s:705    .text:000000000000054c __shang_bi_xu_bu_zheng
                 1.s:710    .text:0000000000000556 __xian_shi_shang_bi_xu_bu
                 1.s:731    .text:0000000000000582 __xia_bi_shi_bu_zheng
                 1.s:736    .text:000000000000058c __xian_shi_xia_bi_shi_bu
                 1.s:758    .text:00000000000005b8 __xia_bi_xu_bu_zheng
                 1.s:763    .text:00000000000005c2 __xian_shi_xia_bi_xu_bu
ARM GAS  1.s 			page 25


                 1.s:985    .text:0000000000000750 _lvboqi
                 1.s:851    .text:000000000000065e __liang_cheng_fan_hui
                 1.s:843    .text:0000000000000652 __xuan_kong
                 1.s:832    .text:0000000000000642 __pan_duan_liang_cheng
                 1.s:839    .text:000000000000064e __gai_liang_cheng
                 1.s:841    .text:0000000000000650 __bao_cun_liang_cheng
                 1.s:848    .text:000000000000065a __liang_cheng_chong_zhi
                 1.s:853    .text:0000000000000660 __jianbo
                 1.s:864    .text:0000000000000670 __xia_bi_kai
                 1.s:866    .text:0000000000000672 __tong_dao_xuan_ze
                 1.s:957    .text:0000000000000726 _jianboyanshi
                 1.s:886    .text:00000000000006a0 __DFT_ji_suan
                 1.s:899    .text:00000000000006b6 __ji_suan_dft_xun_huan
                 1.s:905    .text:00000000000006c0 __qu_fan_r4
                 1.s:909    .text:00000000000006c6 __ji_suan_dft
                 1.s:960    .text:000000000000072a _jianboyanshixunhuan
                 1.s:965    .text:0000000000000730 __zhao_zui_da_shu
                 1.s:971    .text:000000000000073a __zhao
                 1.s:977    .text:0000000000000744 __di_zhi_jian
                 1.s:997    .text:0000000000000760 _lvboqimeidaohuanchongquding
                 1.s:1000   .text:0000000000000764 _lvboqixunhuan
                 1.s:1004   .text:000000000000076a _lvbozonghe
                 1.s:1012   .text:0000000000000778 $d
                 1.s:1016   .text:000000000000080c $t
                 1.s:1024   .text:000000000000081a _lcdxianshixunhuan
                 1.s:1035   .text:000000000000082c _lcdyanshixunhuan
                 1.s:1054   .text:000000000000084a __lcd_ming_ling
                 1.s:1051   .text:0000000000000846 __lcd_shu_ju
                 1.s:1056   .text:000000000000084c __xie_lcd_shu_ju
                 1.s:1071   .text:000000000000086e __74hc595
                 1.s:1078   .text:000000000000087a __595_yiweixunhuan
                 1.s:1082   .text:0000000000000880 __595_yanshi
                 1.s:1091   .text:000000000000088e __ser_0
                 1.s:1088   .text:000000000000088a __ser_1
                 1.s:1093   .text:0000000000000890 __595_yiwei
                 1.s:1096   .text:0000000000000894 __595_yanshi1
                 1.s:1104   .text:00000000000008a2 __595_yanshi2
                 1.s:1119   .text:00000000000008b4 _xunhuanqiuma
                 1.s:1140   .text:00000000000008dc _qiumafanhui
                 1.s:1135   .text:00000000000008d4 _meidaoxiaoshudian
                 1.s:1169   .text:0000000000000906 _chufafanhui
                 1.s:1158   .text:00000000000008f4 _chufaxunhuan
                 1.s:1165   .text:0000000000000900 _chufaweishubudao0
                 1.s:1171   .text:0000000000000908 $d
                 1.s:1175   .text:0000000000000914 $t
                 1.s:1191   .text:000000000000092c $d

NO UNDEFINED SYMBOLS
