ARM GAS  1.s 			page 1


   1              	@ stm32f030f4p6 asm 
   2              	@ 温度控制
   3              		 .thumb                 
   4              	         .syntax unified
   5              	.section .data
   6              		.equ duizhanding,       0x20001000 @ 堆栈顶
   7              		.equ dqrwyxj,           0x20000044 @ 当前任务优先级
   8              		.equ xtzgyxj,           0x20000048 @ 系统里最高优先级
   9              		.equ dangqian,          0x2000004c @ 当前任务指向控制块里指针
  10              		.equ dengyunxing,       0x20000050 @ 待运行任务指向控制块里指针
  11              		.equ jiuxubiao,         0x20000054 @ 就绪查找表8个任务
  12              		 @ 保留0X20
  13              		.equ renwubiao,         0x20000074 @ 指向任务控制块地址的指针表
  14              		@保留0x20
  15              		.equ renwukongzhikuai,  0x20000094 @ 任务控制块地址
  16              		@每个控制块4个数据，+0堆栈顶，+4任务时间,+8优先级，+C
  17              		
  18              		.equ renwuduizhan,	0x20000500 @ 任务堆栈顶
  19              		
  20              		
  21              		
  22              	.section .text
  23              	vectors:          @向量表
  24 0000 00100020 	        .word duizhanding                     
  25 0004 41000000 	        .word _start + 1             @复位向量
  26 0008 2F010000 	        .word _nmi_handler + 1  
  27 000c 31010000 	        .word _hard_fault  + 1  
  28 0010 00000000 	        .word 0 
  29 0014 00000000 	        .word 0    
  30 0018 00000000 	        .word 0
  31 001c 00000000 		.word 0
  32 0020 00000000 		.word 0
  33 0024 00000000 		.word 0
  34 0028 00000000 		.word 0
  35 002c 33010000 		.word _svc + 1
  36 0030 00000000 		.word 0
  37 0034 00000000 		.word 0
  38 0038 35010000 		.word _pendsvzhongduan + 1
  39 003c 6B010000 		.word _systickzhongduan + 1
  40              		
  41              		
  42              	
  43              	_start:
  44              	_shizhong:                     @时钟设置
  45 0040 4E4A     		ldr r2, = 0x40022000   @FLASH访问控制
  46 0042 3221     		movs r1, # 0x32
  47 0044 1160     		str r1, [r2]
  48 0046 4E48     		ldr r0, = 0x40021000 @ rcc
  49              		@0x34时钟控制寄存器 2 (RCC_CR2)
  50 0048 0121     		movs r1, # 0x01
  51 004a 4163     		str r1, [r0, # 0x34]  @ HSI开14M时钟
  52              	_dengdai14mshizhongwending:    @等14M时钟稳定
  53 004c 416B     		ldr r1, [r0, # 0x34]
  54 004e 8907     		lsls r1, r1, # 30     @ 左移30位
  55 0050 FCD5     		bpl _dengdai14mshizhongwending  @ 等待14M时钟稳定
  56              	
  57              	_neicunqingling:                         @ 0x1000的内存清零
ARM GAS  1.s 			page 2


  58              		                                 @ 1K=1024BIT=0X400
  59 0052 4C48     		ldr r0, = 0x20000000
  60 0054 0021     		movs r1, # 0
  61 0056 4C4B     		ldr r3, = 0x1000                  
  62              	_neicunqinglingxunhuan:                   @ 内存清零循环
  63 0058 043B     		subs r3, # 4                    
  64 005a C150     		str r1, [r0, r3]                  
  65 005c FCD1     		bne _neicunqinglingxunhuan                @
  66              	
  67              	_systick:                                  @ systick定时器初始化
  68              		@ 0xe000ed20 30-31 youxianji
  69              		@ 22-23 PENDSV
  70 005e 4B48     		ldr r0, = 0xe000ed20
  71 0060 4B49     		ldr r1, = 0x00c00000
  72 0062 0160     		str r1, [r0]                      @设置优先级
  73              		
  74 0064 4B48     		ldr r0, = 0xe000e010
  75 0066 4C49     		ldr r1, = 100    
  76 0068 4160     		str r1, [r0, # 4]
  77 006a 8160     		str r1, [r0, # 8]
  78 006c 0721     		movs r1, # 0x07
  79 006e 0160     		str r1, [r0]
  80              	
  81              	_renwuchushihua1:                       @ 空闲任务初始化
  82 0070 4A48     		ldr r0, = renwuduizhan          @ 任务堆栈顶             
  83 0072 4B49     		ldr r1, = _kongxianrenwu        @ 空闲任务地址 
  84 0074 0131     		adds r1, r1, # 1                @ +1进入thumb 
  85 0076 4B4A     		ldr r2, = 0x01000000            @ xpsr
  86 0078 0023     		movs r3, # 0                    
  87 007a 1746     		mov r7, r2                      @ pc
  88 007c 0E46     		mov r6, r1                     
  89 007e 1D46     		mov r5, r3                       
  90 0080 1C46     		mov r4, r3
  91 0082 EC46     		mov r12, sp                     @ 当前堆栈指针放到R12 
  92 0084 8546     		mov sp, r0                      @ 当前堆栈指针等于任务堆栈顶
  93 0086 FFB4     		push {r0-r7}                    @ 把刚才数据保存到任务堆栈
  94 0088 F0B4     		push {r4-r7}                    
  95 008a 4748     		ldr r0, = renwukongzhikuai      @ 任务控制块地址
  96 008c 4349     		ldr r1, = renwuduizhan          @ 任务堆栈顶
  97 008e 0160     		str r1, [r0]                    @ 空闲任务的堆栈顶写到任务控制块
  98              	
  99              		
 100 0090 4649     		ldr r1, = renwubiao             @ 任务表
 101              		 
 102 0092 0860     		str r0, [r1]                    @ 把任务控制块地址写到任务表
 103              	
 104              		
 105              	_renwu1chushihua:                     @ 同上面一样，只是地址偏移
 106 0094 4148     		ldr r0, = renwuduizhan
 107 0096 4649     		ldr r1, = 0x100
 108 0098 401A     		subs r0, r0, r1         
 109 009a 4649     		ldr r1, = _renwu1
 110 009c 0131     		adds r1, r1, # 1
 111 009e 414A     		ldr r2, = 0x01000000
 112 00a0 0023     		movs r3, # 0
 113 00a2 1746     		mov r7, r2
 114 00a4 0E46     		mov r6, r1
ARM GAS  1.s 			page 3


 115 00a6 1D46     		mov r5, r3
 116 00a8 1C46     		mov r4, r3
 117 00aa 8546     		mov sp, r0
 118 00ac FFB4     		push {r0-r7}	
 119 00ae 0FB4     		push {r0-r3}
 120 00b0 3D48     		ldr r0, = renwukongzhikuai
 121 00b2 3A49     		ldr r1, = renwuduizhan
 122 00b4 3E4A     		ldr r2, = 0x100
 123 00b6 891A     		subs r1, r2
 124 00b8 1030     		adds r0, # 0x10
 125 00ba 0160     		str r1, [r0]
 126              		
 127 00bc 3B49     		ldr r1, = renwubiao
 128 00be 4860     	        str r0, [r1, # 0x04]
 129              		
 130              	
 131 00c0 3D48     		ldr r0, = jiuxubiao           @ 就绪表
 132 00c2 0121     		movs r1, # 1                  
 133 00c4 0160     		str r1, [r0]                  @ 空闲任务一直就绪
 134 00c6 4160     		str r1, [r0, # 0x04]          @ 任务1就绪
 135              	
 136 00c8 E546     		mov sp, r12                   @ 恢复堆栈指针
 137              	
 138 00ca 0020     		movs r0, # 0
 139 00cc 80F30988 		msr psp, r0               @ PSP清零
 140              	
 141 00d0 00F01EF8 		bl _diaodu                    @ 自动调度
 142              	
 143              	_dddd:
 144 00d4 FEE7     		b _dddd
 145              	
 146              	_kongxianrenwu:                        @ 空闲任务
 147 00d6 3648     		ldr r0, = 0x100                @ 任务1延时时间
 148 00d8 00F00FF8 		bl _renwushijian               @ 判断任务1到没到，到了执行调度
 149 00dc 3748     		ldr r0, = 0x20000704           @ 空闲任务执行次数
 150 00de 0168     		ldr r1, [r0]
 151 00e0 0431     		adds r1, r1, # 4
 152 00e2 0160     		str r1, [r0]
 153 00e4 F7E7     		b _kongxianrenwu
 154              		
 155              	_renwu1:
 156 00e6 3448     		ldr r0, = jiuxubiao           @ 就绪表
 157 00e8 0021     		movs r1, # 0
 158 00ea 4160     		str r1, [r0, # 0x04]          @ 任务1放开CPU
 159 00ec 3448     		ldr r0, = 0x20000700          @ 任务1执行次数
 160 00ee 0168     		ldr r1, [r0]
 161 00f0 0131     		adds r1, r1, # 1
 162 00f2 0160     		str r1, [r0]
 163 00f4 00F00CF8 		bl _diaodu                    @ 调度
 164 00f8 F5E7     		b _renwu1
 165              	
 166              	_renwushijian:                        @ 任务多长时间执行一次
 167 00fa 2B4A     		ldr r2, = renwukongzhikuai    @ 任务控制块
 168 00fc 5169     		ldr r1, [r2, # 0x14]          @ 读出任务1时间
 169 00fe 8142     		cmp r1, r0                    @ 等不等于R0
 170 0100 05D9     		bls _renwushijianfanhui       @ 小于返回
 171 0102 2D48     		ldr r0, = jiuxubiao           @ 大于执行我
ARM GAS  1.s 			page 4


 172 0104 0121     		movs r1, # 1                 
 173 0106 4160     		str r1, [r0, # 0x04]          @ 就绪表里面任务1写1表示就绪
 174 0108 0021     		movs r1, # 0
 175 010a 5161     		str r1, [r2, # 0x14]          @ 清零任务1时间
 176 010c 00E0     		b _diaodu                    @ 调度
 177              	_renwushijianfanhui:
 178 010e 7047     		bx lr
 179              	_diaodu:
 180 0110 2948     	        ldr r0, = jiuxubiao          @就绪表
 181 0112 0821     		movs r1, # 0x08              @ 8个任务， 每个任务用32位表示 
 182 0114 8900     		lsls r1, # 2                 @ R1等于32 
 183              	_zhaozuigao:                         @ 从高开始减，找最高优先级任务
 184 0116 0439     	        subs r1, r1, # 4              
 185 0118 4258     	        ldr r2, [r0, r1]
 186 011a 012A     	        cmp r2, # 1
 187 011c FBD1     	        bne _zhaozuigao              @循环找，由于空闲任务一直就绪
 188              		                             @没有别的任务就执行空闲的
 189              	_zhaodaozuigao:                      @ 找到了最高优先级的了
 190 011e 2348     		ldr r0, = renwubiao          @ 任务表
 191 0120 4018     		adds r0, r1                  @ 任务表指针偏移
 192 0122 284A     		ldr r2, = dengyunxing        @ 等运行
 193 0124 1060     	        str r0, [r2]                 @ 任务表偏移指针写道等运行
 194 0126 2848     		ldr r0, = 0xe000ed04         @ 触发pendsv中断
 195 0128 2849     		ldr r1, = 0x10000000
 196 012a 0160     		str r1, [r0]
 197 012c 7047     		bx lr
 198              		
 199              	_nmi_handler:
 200 012e 7047     		bx lr
 201              	_hard_fault:
 202 0130 7047     		bx lr
 203              	_svc:
 204 0132 7047     		bx lr
 205              	_pendsvzhongduan:             @PENDSV中断
 206 0134 72B6     		cpsid i               @ 关中断
 207 0136 EFF30980 		mrs r0, psp           @ 读PSP当前地址到R0
 208 013a 0028     		cmp r0, # 0           @ r0和0比较
 209 013c 02D0     		beq _qiehuanrenwu     @ 等于0执行任务切换
 210 013e EC46     		mov r12, sp           @ 堆栈指针保存到R12
 211 0140 8546     		mov sp, r0            @ SP等于r0
 212 0142 F0B4     		push {r4-r7}          @ 把R4-R7保存到堆栈最低四个32位
 213              	_qiehuanrenwu:                @ 切换任务
 214 0144 2248     		ldr r0, = dangqian    @ 当前任务指针
 215 0146 1F49     		ldr r1, = dengyunxing @ 等待运行指针
 216 0148 0A68     		ldr r2, [r1]          @ 取出任务表里的指针
 217 014a 0260     		str r2, [r0]          @ 任务表里的指针写到待运行指针
 218 014c 1068     		ldr r0, [r2]          @ R0等于任务控制块地址表
 219 014e 0068     		ldr r0, [r0]          @ 取出任务堆栈顶
 220 0150 3038     		subs r0, # 0x30       @ R0等于堆栈底
 221 0152 8546     		mov sp, r0            @ SP等于R0
 222 0154 F0BC     		pop {r4-r7}           @ 弹出R4-R7
 223 0156 7146     		mov r1, lr            @ lr写到R1
 224 0158 0422     		movs r2, # 0x04       @ R2等于0X04 选择LR第2位
 225 015a 1143     		orrs r1, r2           @ R1或R2
 226 015c 8E46     		mov lr, r1            @ 写回到LR
 227 015e 6846     		mov r0, sp            @ R0等于堆栈底加0X10
 228 0160 80F30988 		msr psp, r0           @ 写到PSP
ARM GAS  1.s 			page 5


 229 0164 E546     		mov sp, r12           @ 恢复SP
 230 0166 62B6     		cpsie i               @ 开中断
 231 0168 7047     		bx lr                 @ 返回
 232              	_systickzhongduan:
 233 016a 1A48     		ldr r0, = 0xe0000d04
 234 016c 1A49     		ldr r1, = 0x02000000
 235 016e 0160     		str r1, [r0]                 @ 清除SYSTICK中断
 236 0170 0D48     		ldr r0, = renwukongzhikuai   @ 任务控制块
 237 0172 4169     		ldr r1, [r0, # 0x14]         @ 任务1的任务时间
 238 0174 0131     		adds r1, r1, # 1             @ 加1
 239 0176 4161     		str r1, [r0, # 0x14]         @ 写回去
 240 0178 70470000 		bx lr                        @ 返回
 240      00200240 
 240      00100240 
 240      00000020 
 240      00100000 
ARM GAS  1.s 			page 6


DEFINED SYMBOLS
                 1.s:6      *ABS*:0000000020001000 duizhanding
                 1.s:7      *ABS*:0000000020000044 dqrwyxj
                 1.s:8      *ABS*:0000000020000048 xtzgyxj
                 1.s:9      *ABS*:000000002000004c dangqian
                 1.s:10     *ABS*:0000000020000050 dengyunxing
                 1.s:11     *ABS*:0000000020000054 jiuxubiao
                 1.s:13     *ABS*:0000000020000074 renwubiao
                 1.s:15     *ABS*:0000000020000094 renwukongzhikuai
                 1.s:18     *ABS*:0000000020000500 renwuduizhan
                 1.s:23     .text:0000000000000000 vectors
                 1.s:43     .text:0000000000000040 _start
                 1.s:199    .text:000000000000012e _nmi_handler
                 1.s:201    .text:0000000000000130 _hard_fault
                 1.s:203    .text:0000000000000132 _svc
                 1.s:205    .text:0000000000000134 _pendsvzhongduan
                 1.s:232    .text:000000000000016a _systickzhongduan
                 1.s:44     .text:0000000000000040 _shizhong
                            .text:0000000000000000 $d
                 1.s:45     .text:0000000000000040 $t
                 1.s:52     .text:000000000000004c _dengdai14mshizhongwending
                 1.s:57     .text:0000000000000052 _neicunqingling
                 1.s:62     .text:0000000000000058 _neicunqinglingxunhuan
                 1.s:67     .text:000000000000005e _systick
                 1.s:81     .text:0000000000000070 _renwuchushihua1
                 1.s:146    .text:00000000000000d6 _kongxianrenwu
                 1.s:105    .text:0000000000000094 _renwu1chushihua
                 1.s:155    .text:00000000000000e6 _renwu1
                 1.s:179    .text:0000000000000110 _diaodu
                 1.s:143    .text:00000000000000d4 _dddd
                 1.s:166    .text:00000000000000fa _renwushijian
                 1.s:177    .text:000000000000010e _renwushijianfanhui
                 1.s:183    .text:0000000000000116 _zhaozuigao
                 1.s:189    .text:000000000000011e _zhaodaozuigao
                 1.s:213    .text:0000000000000144 _qiehuanrenwu
                 1.s:240    .text:000000000000017a $d
                 1.s:240    .text:000000000000017c $d

NO UNDEFINED SYMBOLS
