ARM GAS  1.s 			page 1


   1              		@@ 单片机stm32f030f4p6
   2              		@旋转变压器
   3              		@作者：yjmwxwx
   4              		@时间：2021-02-02
   5              		@编译器：ARM-NONE-EABI
   6              		.thumb
   7              		.syntax unified
   8              		.section .data
   9              	yjmwxwx:
  10 0000 796A6D77 		.ascii "yjmwxwx-20210202"
  10      7877782D 
  10      32303231 
  10      30323032 
  11              	kong:
  12 0010 20202020 		.int 0x20202020
  13              	_fu:
  14 0014 2D       		.ascii "-"
  15              	jiaodu1:
  16 0015 F23D0000 		.int 0x3df2
  17              	jiaodufuhao:
  18 0019 DF000000 		.int 0xdf
  19 001d 000000   		.align 4
  20              	zheng_xian_biao:
  21 0020 1C001D00 		.short 28,29,31,33,34,36,38,39,41,42,44,45,46,48,49,50,51,52,52,53,54,54,55,55,55,55,55,55,55,54,5
  21      1F002100 
  21      22002400 
  21      26002700 
  21      29002A00 
  22 00ea 00000000 		.align 4
  22      0000
  23              	cordic_yong_cos_sin:
  24 00f0 00000000 		.int 0x0000,0x4000,0x2D41,0x2D41,0x3B20,0x187D,0x3EC5,0x0C7C,0x3FB1,0x0645,0x3FEC,0x0323,0x3FFB,0x
  24      00400000 
  24      412D0000 
  24      412D0000 
  24      203B0000 
  25              	cordic_yong_atan_biao:
  26 0170 87640000 		.int 0x00006487,0x00003B58,0x00001F5B,0x00000FEA,0x000007FD,0x000003FF,0x000001FF,0x000000FF,0x000
  26      583B0000 
  26      5B1F0000 
  26      EA0F0000 
  26      FD070000 
  27              		.align 4
  28              		.equ STACKINIT,        	        0x20001000
  29              		.equ asciimabiao,		0x20000000
  30              		.equ guoling_jishu,		0x200000a8
  31              		.equ jiaodu2,			0x200000ac
  32              		.equ zhuansu,			0x200000b0
  33              		.equ jishu,			0x200000b4
  34              		.equ cos,			0x200000b8
  35              		.equ sin,			0x200000bc
  36              		.equ cos1,			0x200000c0
  37              		.equ sin1,			0x200000c4
  38              		.equ jiaodu_cha,		0x200000c8
  39              		.equ jiaodu_1,			0x200000cc
  40              		.equ cos_jiaozheng,		0x200000e0
  41              		.equ sin_jiaozheng,		0x200000e4
ARM GAS  1.s 			page 2


  42              		.equ jiaodu_jiaozheng,		0x200000e8
  43              		.equ guoling,			0x200000ec
  44              		.equ jiaodu,			0x200000f0
  45              		.equ sin_zheng,			0x200000f4
  46              		.equ sin_fu,			0x200000f8
  47              		.equ liangcheng,		0x200000fc
  48              		.equ dianyabiao,		0x20000100
  49              		.equ lvboqizhizhen,		0x20000300
  50              		.equ lvboqihuanchong,		0x20000304
  51              		.equ lvboqizhizhen1,		0x20000900
  52              		.equ lvboqihuanchong1,		0x20000904
  53              		.equ lvboqizhizhen2,		0x20000a10
  54              		.equ lvboqihuanchong2,		0x20000a14
  55              		.section .text
  56              	vectors:
  57 0000 00100020 		.word STACKINIT
  58 0004 B1000000 		.word _start + 1
  59 0008 DB070000 		.word _nmi_handler + 1
  60 000c DD070000 		.word _hard_fault  + 1
  61 0010 00000000 		.word 0
  62 0014 00000000 		.word 0
  63 0018 00000000 		.word 0
  64 001c 00000000 		.word 0
  65 0020 00000000 		.word 0
  66 0024 00000000 		.word 0
  67 0028 00000000 		.word 0
  68 002c DF070000 		.word _svc_handler +1
  69 0030 00000000 		.word 0
  70 0034 00000000 		.word 0
  71 0038 E1070000 		.word _pendsv_handler +1
  72 003c E3070000 		.word _systickzhongduan +1           @ 15
  73 0040 75080000 		.word aaa +1     @ _wwdg +1          @ 0
  74 0044 75080000 		.word aaa +1     @_pvd +1            @ 1
  75 0048 75080000 		.word aaa +1     @_rtc +1            @ 2
  76 004c 75080000 		.word aaa +1     @_flash +1          @ 3
  77 0050 75080000 		.word aaa +1	@ _rcc + 1           @ 4
  78 0054 75080000 		.word aaa +1      @_exti0_1  +1      @ 5
  79 0058 75080000 		.word aaa +1      @ _exti2_3 +1      @ 6
  80 005c 75080000 		.word aaa +1       @_exti4_15 +1     @ 7
  81 0060 75080000 		.word aaa +1                         @ 8
  82 0064 75080000 		.word aaa +1	@__dma_wan  +1	     @ 9
  83 0068 75080000 		.word aaa +1    @_dma1_2_3 +1        @ 10
  84 006c 75080000 		.word aaa +1       @_dma1_4_5 +1     @ 11
  85 0070 75080000 		.word aaa +1	 @_adc1 +1           @ 12
  86 0074 75080000 		.word aaa +1       @_tim1_brk_up +1  @ 13
  87 0078 75080000 		.word aaa +1        @ _tim1_cc +1    @ 14
  88 007c 75080000 		.word aaa +1         @_tim2 +1       @ 15
  89 0080 75080000 		.word aaa +1          @_tim3 +1      @ 16
  90 0084 75080000 		.word aaa +1                         @ 17
  91 0088 75080000 		.word aaa +1		             @ 18
  92 008c 75080000 		.word aaa +1	@_tim14 +1           @ 19
  93 0090 75080000 		.word aaa +1                         @ 20
  94 0094 75080000 		.word aaa +1         @_tim16 +1      @ 21
  95 0098 75080000 		.word aaa +1         @_tim17 +1      @ 22
  96 009c 75080000 		.word aaa +1          @_i2c   +1     @ 23
  97 00a0 75080000 		.word aaa +1                         @ 24
  98 00a4 75080000 		.word aaa +1           @_spi   +1    @ 25
ARM GAS  1.s 			page 3


  99 00a8 75080000 		.word aaa +1                         @ 26
 100 00ac 75080000 		.word aaa +1         @_usart1 +1     @ 27
 101              		.align 2
 102              	_start:
 103              	shizhong:
 104 00b0 CC4A     	        ldr r2, = 0x40022000   @FLASH访问控制
 105 00b2 3221     	        movs r1, # 0x32
 106 00b4 1160     	        str r1, [r2]           @FLASH缓冲 缓冲开启
 107 00b6 CC48     	        ldr r0, = 0x40021000 @ rcc
 108 00b8 CC49     		ldr r1, = 0x10001
 109 00ba 0160     	        str r1, [r0]
 110              	denghse:
 111 00bc 0168     	        ldr r1, [r0]
 112 00be 8903     	        lsls r1, r1, # 14
 113 00c0 FCD5     	        bpl denghse
 114              	dengpllguan:
 115 00c2 0168     	        ldr r1, [r0]
 116 00c4 8901     		lsls r1, r1, # 6
 117 00c6 FCD4     		bmi dengpllguan
 118 00c8 C949     		ldr r1, = 0x150002
 119 00ca 0046     		mov r0, r0
 120 00cc 4160     		str r1, [r0, # 0x04]
 121 00ce 0046     		mov r0, r0
 122 00d0 C849     		ldr r1, = 0x1010000
 123 00d2 0046     		mov r0, r0
 124 00d4 0160     		str r1, [r0]
 125              	
 126              	dengpll:
 127 00d6 0168     	        ldr r1, [r0]
 128 00d8 8901     		lsls r1, # 6
 129 00da FCD5     		bpl dengpll
 130              	
 131              	
 132 00dc C649     		ldr r1, = 100
 133 00de 0163     		str r1, [r0, # 0x30]
 134              	_waisheshizhong:                         @ 外设时钟
 135              	        @+0x14=RCC_AHBENR
 136              		@ 0=DMA @ 2=SRAM @ 4=FLITF@ 6=CRC @ 17=PA @ 18=PB @ 19=PC @ 20=PD @ 22=PF
 137 00e0 C148     		ldr r0, = 0x40021000
 138 00e2 C649     		ldr r1, = 0x60001
 139 00e4 4161     	        str r1, [r0, # 0x14]
 140              	
 141              	        @+0x18外设时钟使能寄存器 (RCC_APB2ENR)
 142              	        @0=SYSCFG @5=USART6EN @9=ADC @11=TIM1 @12=SPI1 @14=USART1 @16=TIM15 @17=TIM16 @18=TIM17 @22
 143 00e6 C649     	        ldr r1, = 0xa00
 144 00e8 8161     		str r1, [r0, # 0x18]
 145              		@+0X1C=RCC_APB1ENR
 146              		@ 1=TIM3 @ 4=TIM6 @ 5=TIM7 @ 8=TIM14 @ 11=WWDG @ 14=SPI @ 17=USRT2 @ 18=USART3 @ 20=USART5 @ 21=I2
 147              		@ 22=I2C2 @ 23=USB @ 28=PWR
 148 00ea C64A     	        ldr r2, = 0x902
 149 00ec C261     	        str r2, [r0, # 0x1c]
 150              	
 151              	_neicunqingling:
 152 00ee C648     		ldr r0, = 0x20000000
 153 00f0 0021     		movs r1, # 0
 154 00f2 C64B     		ldr r3, = 0x1000
 155              	_neicunqinglingxunhuan:
ARM GAS  1.s 			page 4


 156 00f4 043B     		subs r3, # 4
 157 00f6 C150     		str r1, [r0, r3]
 158 00f8 FCD1     		bne _neicunqinglingxunhuan
 159              	
 160              	_waishezhongduan:				@外设中断
 161              		@0xE000E100    0-31  写1开，写0没效
 162              		@0XE000E180    0-31 写1关，写0没效
 163              		@0XE000E200    0-31 挂起，写0没效
 164              		@0XE000E280    0-31 清除， 写0没效
 165 00fa C548     		ldr r0, =  0xe000e100
 166 00fc C549     		ldr r1, = 0x200 @0x10200  @ 0x10000
 167 00fe 0160     		str r1, [r0]
 168              	@_kanmengou:
 169              	@	ldr r0, = 0x40003000
 170              	@	ldr r1, = 0x5555
 171              	@	str r1, [r0]
 172              	@	movs r1, # 7
 173              	@	str r1, [r0, # 4]
 174              	@	ldr r1, = 0xfff
 175              	@	str r1, [r0, # 8]
 176              	@	ldr r1, = 0xaaaa
 177              	@	str r1, [r0]
 178              	@	ldr r1, = 0xcccc
 179              	@	str r1, [r0]
 180              	
 181              		
 182              	io_she_zhi:
 183              		@@@@@@@@@@@@@@@@@@@@@@@@@@@@@@@@@@@@@@@@@@@@@@@@@@@@@@@@@@@@@@@@@@@@@@@@@@@@@@@@@@@@@@@@@@@@@@
 184              		@a(0x48000000)b(0x48000400)c(0x48000800)d(0x48000c00)f(0x48001400)
 185              		@ 输入（00），通用输出（01），复用功能（10），模拟（11）
 186              		@偏移0x4 = 端口输出类型 @ （0 推挽），（ 1 开漏）
 187              		@偏移0x8 = 输出速度  00低速， 01中速， 11高速
 188              		@偏移0xC = 上拉下拉 (00无上下拉，  01 上拉， 10下拉)
 189              		@偏移0x10 = 输入数据寄存器
 190              		@偏移0x14 = 输出数据寄存器
 191              		@偏移0x18 = 端口开  0-15置位
 192              		@偏移0x28 = 端口关
 193              		@0X20 = 复用低
 194              		@GPIO口0（0-3位）每个IO口占用4位
 195              		@ AF0 = 0X0000, AF1 = 0X0001, AF2 = 0X0010 AF3 = 0X0011, AF4 = 0X0100
 196              		@ AF5 = 0X0101, AF6 = 0X0111, AF7 = 0X1000
 197              		@0x24 = 复用高
 198              		@GPIO口8 （0-3位）每个IO口占用4位
 199              		@ AF0 = 0X0000, AF1 = 0X0001, AF2 = 0X0010 AF3 = 0X0011, AF4 = 0X0100
 200              		@ AF5 = 0X0101, AF6 = 0X0111, AF7 = 0X1000
 201              		@@@@@@@@@@@@@@@@@@@@@@@@@@@@@@@@@@@@@@@@@@@@@@@@@@@@@@@@@@@@@@@@@@@@@@@@@@@@@@@@@@@@@@@@@@@@@@
 202              	
 203 0100 C548     		ldr r0, = 0x48000000
 204 0102 C649     		ldr r1, = 0x281457c1
 205 0104 0160     		str r1, [r0]
 206 0106 C649     		ldr r1, =  0x6e0
 207 0108 4160     		str r1, [r0, # 0x04]
 208 010a C649     		ldr r1, = 0x0c3c0000
 209 010c 8160     		str r1, [r0, # 0x08]
 210              	
 211 010e C648     		ldr r0, = 0x48000400
 212 0110 0821     		movs r1, # 0x08 @ pb1
ARM GAS  1.s 			page 5


 213 0112 0160     		str r1, [r0]
 214 0114 2021     		movs r1, # 0x20
 215 0116 0162     		str r1, [r0, # 0x20]
 216              		
 217              	_lcdchushihua:
 218 0118 3320     		movs r0, # 0x33
 219 011a 0021     		movs r1, # 0
 220 011c 00F099FA 		bl _xielcd
 221 0120 00F092FA 		bl _lcdyanshi
 222              	
 223 0124 3220     		movs r0, # 0x32
 224 0126 0021     		movs r1, # 0
 225 0128 00F093FA 		bl _xielcd
 226 012c 00F08CFA 		bl _lcdyanshi
 227 0130 2820     		movs r0, # 0x28
 228 0132 0021     		movs r1, # 0
 229 0134 00F08DFA 		bl _xielcd
 230 0138 00F086FA 		bl _lcdyanshi
 231 013c 0C20     		movs r0, # 0x0c
 232 013e 0021     		movs r1, # 0
 233 0140 00F087FA 		bl _xielcd
 234 0144 00F080FA 		bl _lcdyanshi
 235 0148 0120     		movs r0, # 0x01
 236 014a 0021     		movs r1, # 0
 237 014c 00F081FA 		bl _xielcd
 238 0150 00F07AFA 		bl _lcdyanshi
 239              	
 240 0154 8020     		movs r0, # 0x80
 241 0156 B549     		ldr r1, = yjmwxwx
 242 0158 1022     		movs r2, # 16
 243 015a 00F067FA 		bl _lcdxianshi
 244              		
 245              	
 246              	
 247              	
 248              	
 249              	
 250              		
 251              	_adcchushihua:
 252 015e B448     		ldr r0, = 0x40012400  @ adc基地址
 253 0160 B449     		ldr r1, = 0x80000000
 254 0162 8160     		str r1, [r0, # 0x08]  @ ADC 控制寄存器 (ADC_CR)  @adc校准
 255              	_dengadcjiaozhun:
 256 0164 8168     		ldr r1, [r0, # 0x08]
 257 0166 0900     		movs r1, r1
 258 0168 FCD4     		bmi _dengadcjiaozhun   @ 等ADC校准
 259 016a 0121     		movs r1, # 1
 260 016c 0160     		str r1, [r0]
 261              	_kaiadc:
 262 016e 8168     		ldr r1, [r0, # 0x08]
 263 0170 0122     		movs r2, # 0x01
 264 0172 1143     		orrs r1, r1, r2
 265 0174 8160     		str r1, [r0, # 0x08]
 266              	_deng_adc_wen_ding:
 267 0176 0168     		ldr r1, [r0]
 268 0178 C907     		lsls r1, r1, # 31
 269 017a FCD5     		bpl _deng_adc_wen_ding @ 等ADC稳定
ARM GAS  1.s 			page 6


 270              	_tongdaoxuanze:
 271 017c AE49     		ldr r1, = 0x40000000
 272 017e 0161     		str r1, [r0, # 0x10]
 273 0180 1821     		movs r1, # 0x18
 274 0182 8162     		str r1, [r0, # 0x28]    @ 通道选择寄存器 (ADC_CHSELR)
 275 0184 AD49     		ldr r1, = 0x803
 276 0186 C160     		str r1, [r0, # 0x0c]    @ 配置寄存器 1 (ADC_CFGR1)
 277 0188 0021     		movs r1, # 0
 278 018a 4161     		str r1, [r0, # 0x14]    @ ADC 采样时间寄存器 (ADC_SMPR)
 279 018c 8168     		ldr r1, [r0, # 0x08]
 280 018e AC4A     		ldr r2, = 0x04         @ 开始转换
 281 0190 1143     		orrs r1, r1, r2
 282 0192 8160     		str r1, [r0, # 0x08]    @ 控制寄存器 (ADC_CR)
 283              	
 284              	
 285              	
 286              	dmachushihua:
 287              		@+0=LSR,+4=IFCR,
 288              		@+8=CCR1,+c=CNDTR1,+10=CPAR1+14=CMAR1,
 289              		@+1c=CCR2,+20=CNDTR2,+24=CPAR2,+28=CMAR2
 290              		@+30=CCR3,+34=CNDTR3,+38=CPAR2,+3c=CMAR3
 291              		@+44=CCR4,+48=CNDTR4,+4c=CPAR4,+50=CMAR4
 292              		@+58=CCR5,+5c=CNDTR5,+60=CPAR5,+64=CMAR5
 293              		@+6C=CCR6,+70=CNDTR6,+74=CPAR6,+78=CMAR6
 294              		@+80=CCR7,+84=CNDTR7,+88=CPAR7,+8c=CMAR7
 295              	
 296              		@tim1ch3DMA
 297 0194 AB48     		ldr r0, = 0x40020000
 298 0196 AC49     		ldr r1, = 0x40012c3c @ 外设地址
 299 0198 0166     		str r1, [r0, # 0x60]
 300 019a AC49     		ldr r1, = zheng_xian_biao @ 储存器地址
 301 019c 4166     		str r1, [r0, # 0x64]
 302 019e 9649     		ldr r1, = 100             @点数
 303 01a0 C165     		str r1, [r0, # 0x5c]
 304 01a2 AB49     		ldr r1, = 0x35b1         @ 储存到外设
 305 01a4 8165     		str r1, [r0, # 0x58]
 306              		@ adc dma
 307 01a6 A748     		ldr r0, = 0x40020000
 308 01a8 AA49     		ldr r1, = 0x40012440
 309 01aa 0161     		str r1, [r0, # 0x10]
 310 01ac AA49     		ldr r1, = dianyabiao
 311 01ae 4161     		str r1, [r0, # 0x14]
 312 01b0 9149     		ldr r1, =  100
 313 01b2 C160     		str r1, [r0, # 0x0c]
 314 01b4 A949     		ldr r1, = 0xaa1		@ 5a1
 315 01b6 8160     		str r1, [r0, # 0x08]
 316              	
 317              	_systick:	@ systick定时器初始化
 318              	
 319 01b8 A94F     		ldr r7, = 0xe000e010
 320 01ba AA4E     		ldr r6, = 5600
 321 01bc 7E60     		str r6, [r7, # 4]
 322 01be BE60     		str r6, [r7, # 8]
 323 01c0 0726     		movs r6, # 0x07
 324              	tim1chushiha:
 325 01c2 A948     		ldr r0, = 0x40012c00 @ tim1_cr1
 326 01c4 0021     		movs r1, # 0
ARM GAS  1.s 			page 7


 327 01c6 8162     		str r1, [r0, # 0x28] @ psc
 328 01c8 A849     		ldr r1, = 56
 329 01ca C162     		str r1, [r0, # 0x2c] @ ARR
 330              		@	movs r1, # 0x40
 331 01cc 2021     		movs r1, # 0x20
 332 01ce 4160     		str r1, [r0, # 0x04] @ TRGO
 333 01d0 3821     		movs r1, # 0x38
 334 01d2 8161     		str r1, [r0, # 0x18] @ ccmr1 cc1
 335 01d4 3821     		movs r1, # 56
 336 01d6 4163     		str r1, [r0, # 0x34]
 337 01d8 A549     		ldr r1, = 0x68
 338 01da C161     		str r1, [r0, # 0x1c] @ ccmr2  CC3
 339 01dc A549     		ldr r1, = 0x400    @  CC3
 340 01de 0162     		str r1, [r0, # 0x20] @ ccer
 341 01e0 A549     		ldr r1, = 0x8000
 342 01e2 4164     		str r1, [r0, # 0x44] @ BDTR
 343 01e4 A549     		ldr r1, = 0x800 @ CC3 DMA
 344 01e6 C160     		str r1, [r0, # 0x0c] @ DIER
 345 01e8 A549     		ldr r1, = 0x81
 346 01ea 0160     		str r1, [r0]
 347 01ec 3E60     		str r6, [r7]	@systick 开
 348              		
 349              		
 350              	ting:
 351 01ee FEE7     		b ting
 352 01f0 A448     		ldr r0, = cos1
 353 01f2 A549     		ldr r1, = sin1
 354 01f4 0068     		ldr r0, [r0]
 355 01f6 0968     		ldr r1, [r1]
 356 01f8 0746     		mov r7, r0
 357 01fa 0E46     		mov r6, r1
 358              		
 359 01fc 00F0BDF8 		bl __atan2_ji_suan
 360 0200 03D5     	        bpl __xianshi
 361 0202 A249     		ldr r1, = 36000
 362 0204 C043     		mvns r0, r0
 363 0206 0130     		adds r0, r0, # 1
 364 0208 081A     		subs r0, r1, r0
 365              	__xianshi:	
 366 020a 00F054F8 		bl __xian_shi_jiao_du
 367              		
 368 020e 3C00     		movs r4, r7
 369 0210 07D5     		bpl a1
 370 0212 C020     		movs r0, # 0xc0
 371 0214 9E49     		ldr r1, = _fu
 372 0216 0122     		movs r2, # 1
 373 0218 00F008FA 		bl _lcdxianshi
 374 021c E443     		mvns r4, r4
 375 021e 0134     		adds r4, r4, # 1
 376 0220 04E0     		b a2
 377              	a1:	
 378 0222 C020     		movs r0, # 0xc0
 379 0224 9B49     		ldr r1, = kong
 380 0226 0122     		movs r2, # 1
 381 0228 00F000FA 		bl _lcdxianshi
 382              	a2:	
 383 022c 2046     		mov r0, r4
ARM GAS  1.s 			page 8


 384 022e 0421     		movs r1, # 4
 385 0230 754A     		ldr r2, = asciimabiao
 386 0232 FF23     		movs r3, # 0xff
 387 0234 00F049FA 		bl _zhuanascii
 388 0238 C120     		movs r0, # 0xc1
 389 023a 7349     		ldr r1, = asciimabiao
 390 023c 0422     		movs r2, # 4
 391 023e 00F0F5F9 		bl _lcdxianshi
 392              	
 393              		
 394 0242 3400     		movs r4, r6
 395 0244 07D5     		bpl b1
 396 0246 C820     		movs r0, # 0xc8
 397 0248 9149     		ldr r1, = _fu
 398 024a 0122     		movs r2, # 1
 399 024c 00F0EEF9 		bl _lcdxianshi
 400 0250 E443     		mvns r4, r4
 401 0252 0134     		adds r4, r4, # 1
 402 0254 04E0     		b b2
 403              	b1:
 404 0256 C820     		movs r0, # 0xc8
 405 0258 8E49     		ldr r1, = kong
 406 025a 0122     		movs r2, # 1
 407 025c 00F0E6F9 		bl _lcdxianshi
 408              	b2:
 409 0260 2046     		mov r0, r4
 410 0262 0421     		movs r1, # 4
 411 0264 684A     		ldr r2, = asciimabiao
 412 0266 FF23     		movs r3, # 0xff
 413 0268 00F02FFA 		bl _zhuanascii
 414 026c C920     		movs r0, # 0xc9
 415 026e 6649     		ldr r1, = asciimabiao
 416 0270 0422     		movs r2, # 4
 417 0272 00F0DBF9 		bl _lcdxianshi
 418              	
 419 0276 00F00EF8 		bl __jisuan_zhuansu
 420 027a 8748     		ldr r0, = zhuansu
 421 027c 0468     		ldr r4, [r0]
 422 027e 2046     		mov r0, r4
 423 0280 0621     		movs r1, # 6
 424 0282 614A     		ldr r2, = asciimabiao
 425 0284 FF23     		movs r3, # 0xff
 426 0286 00F020FA 		bl _zhuanascii
 427 028a 8020     		movs r0, # 0x80
 428 028c 5E49     		ldr r1, = asciimabiao
 429 028e 0622     		movs r2, # 6
 430 0290 00F0CCF9 		bl _lcdxianshi
 431              		
 432 0294 ABE7     		b ting
 433              	
 434              	
 435              	__jisuan_zhuansu:
 436              		@角度差0.01秒
 437 0296 0FB5     		push {r0-r3,lr}
 438 0298 8048     		ldr r0, = jiaodu_cha
 439 029a 8149     		ldr r1, = 18849555
 440 029c 0068     		ldr r0, [r0]
ARM GAS  1.s 			page 9


 441 029e 0000     		movs r0, r0
 442 02a0 01D5     		bpl __suan_zhuansu
 443 02a2 C043     		mvns r0, r0
 444 02a4 0130     		adds r0, r0, # 1
 445              	__suan_zhuansu:	
 446 02a6 7F4A     		ldr r2, = 113097335
 447 02a8 00F05FFA 		bl __chengfa
 448 02ac 00F039FA 		bl __chufa64
 449 02b0 794A     		ldr r2, = zhuansu
 450 02b2 1160     		str r1, [r2]
 451 02b4 0FBD     		pop {r0-r3,pc}
 452              	
 453              	
 454              		
 455              	__xian_shi_jiao_du:
 456              		@入口R0=角度
 457 02b6 1FB5     		push {r0-r4,lr}
 458 02b8 0446     		mov r4, r0
 459 02ba 8F20     		movs r0, # 0x8f
 460 02bc 7A49     		ldr r1, = jiaodufuhao
 461 02be 0122     		movs r2, # 1
 462 02c0 00F0B4F9 		bl _lcdxianshi
 463              	
 464 02c4 2400     		movs r4, r4
 465 02c6 07D5     		bpl __jiaodu_bu_shi_zheng
 466 02c8 8820     		movs r0, # 0x88
 467 02ca 7149     		ldr r1, = _fu
 468 02cc 0122     		movs r2, # 1
 469 02ce 00F0ADF9 		bl _lcdxianshi
 470 02d2 E443     		mvns r4, r4
 471 02d4 0134     		adds r4, r4, # 1
 472 02d6 04E0     		b __xian_shi_jiaodu
 473              	__jiaodu_bu_shi_zheng:
 474 02d8 8820     		movs r0, # 0x88
 475 02da 6E49     		ldr r1, = kong
 476 02dc 0122     		movs r2, # 1
 477 02de 00F0A5F9 		bl _lcdxianshi
 478              	__xian_shi_jiaodu:
 479 02e2 2046     		mov r0, r4
 480 02e4 0621     		movs r1, # 6
 481 02e6 484A     		ldr r2, = asciimabiao
 482 02e8 0323     		movs r3, # 3
 483 02ea 00F0EEF9 		bl _zhuanascii
 484 02ee 8920     		movs r0, # 0x89
 485 02f0 4549     		ldr r1, = asciimabiao
 486 02f2 0622     		movs r2, # 6
 487 02f4 00F09AF9 		bl _lcdxianshi
 488 02f8 1FBD     		pop {r0-r4,pc}
 489              	
 490              	__xiang_wei_xuan_zhuan:
 491 02fa FCB5     		push {r2-r7,lr}
 492              		@R0=R,R1=I
 493 02fc 0346     		mov r3, r0
 494 02fe 0846     		mov r0, r1
 495 0300 6A4C     		ldr r4, = cos_jiaozheng         @cos
 496 0302 6B4D     		ldr r5, = sin_jiaozheng         @sin
 497 0304 2468     		ldr r4, [r4]
ARM GAS  1.s 			page 10


 498 0306 2D68     		ldr r5, [r5]
 499 0308 2400     		movs r4, r4
 500 030a 03D5     		bpl __xuan_zhuan_xiang_wei
 501 030c 2646     		mov r6, r4
 502 030e 2F46     		mov r7, r5
 503 0310 3C46     		mov r4, r7
 504 0312 3546     		mov r5, r6
 505              	__xuan_zhuan_xiang_wei:
 506 0314 2646     		mov r6, r4
 507 0316 2F46     		mov r7, r5
 508 0318 5C43     		muls r4, r4, r3         @x*cos
 509 031a 4643     		muls r6, r6, r0         @y*cos
 510 031c 5D43     		muls r5, r5, r3         @x*sin
 511 031e 4743     		muls r7, r7, r0         @y*sin
 512 0320 E413     		asrs r4, r4, # 15
 513 0322 ED13     		asrs r5, r5, # 15
 514 0324 F613     		asrs r6, r6, # 15
 515 0326 FF13     		asrs r7, r7, # 15
 516              	
 517 0328 E41B     		subs r4, r4, r7         @x
 518 032a 7619     		adds r6, r6, r5         @y
 519 032c 3146     		mov r1, r6		@i
 520 032e 2046     		mov r0, r4		@r
 521 0330 FCBD     		pop {r2-r7,pc}
 522              	__cordic_cos_sin:
 523              		@入口R0
 524              		@出口R0=COS，R1=SIN
 525              		@ x= 0x4dba
 526              		@ r1=x,r2=y,r0=z,r4=d,r5=k,r6=cordic_mabiao
 527              	
 528 0332 FCB5     		push {r2-r7,lr}
 529 0334 4246     		mov r2, r8
 530 0336 4B46     		mov r3, r9
 531 0338 0CB4     		push {r2-r3}
 532 033a 0025     		movs r5, # 0
 533 033c 2A46     		mov r2, r5
 534 033e 2C46     		mov r4, r5
 535 0340 5C49     		ldr r1, = 0x4dba
 536              	cordicxunhuan:		 @ 循环
 537 0342 C413     		asrs r4, r0, # 15
 538              		@ x
 539 0344 1746     		mov r7, r2
 540 0346 2A41     		asrs r2, r2, r5
 541 0348 6240     		eors r2, r2, r4
 542 034a 121B     		subs r2, r2, r4
 543 034c 8B1A     		subs r3, r1, r2
 544              		@ y
 545 034e 0E46     		mov r6, r1
 546 0350 2941     		asrs r1, r1, r5
 547 0352 6140     		eors r1, r1, r4
 548 0354 091B     		subs r1, r1, r4
 549 0356 7F18     		adds r7, r7, r1
 550              		@ z
 551 0358 574E     		ldr r6, = cordic_yong_atan_biao
 552 035a AA00     		lsls r2, r5, # 2
 553 035c B158     		ldr r1, [r6, r2]
 554 035e 6140     		eors r1, r1, r4
ARM GAS  1.s 			page 11


 555 0360 091B     		subs r1, r1, r4
 556 0362 401A     		subs r0, r0, r1
 557 0364 1946     		mov r1, r3
 558 0366 3A46     		mov r2, r7
 559 0368 0135     		adds r5, # 1
 560 036a 102D     		cmp r5, # 16
 561 036c E9D1     		bne cordicxunhuan
 562 036e 1846     		mov r0, r3
 563 0370 3946     		mov r1, r7
 564 0372 0CBC     		pop {r2-r3}
 565 0374 9046     		mov r8, r2
 566 0376 9946     		mov r9, r3
 567 0378 FCBD     		pop {r2-r7,pc}
 568              	__atan2_ji_suan:
 569              		@入口R0=实部，R1=虚部，结果=R0
 570 037a FCB5     		push {r2-r7,lr}
 571 037c 4246     		mov r2, r8
 572 037e 04B4     		push {r2}
 573 0380 4E4B     		ldr r3, = cordic_yong_cos_sin
 574 0382 0A22     		movs r2, # 10
 575 0384 5043     		muls r0, r0, r2
 576 0386 5143     		muls r1, r1, r2
 577 0388 0022     		movs r2, # 0
 578 038a 9046     		mov r8, r2
 579 038c 4C4C     		ldr r4, = 9000
 580 038e E403     		lsls r4, r4, # 15
 581              	__cordic_atan2_xun_huan:
 582              	__du_cos_sin:
 583 0390 1D68     		ldr r5, [r3]	@cos
 584 0392 0433     		adds r3, r3, # 4
 585 0394 2F46     		mov r7, r5
 586 0396 1E68     		ldr r6, [r3]	@sin
 587 0398 0433     		adds r3, r3, # 4
 588 039a 3246     		mov r2, r6
 589 039c 4543     		muls r5, r5, r0         @x*cos
 590 039e 4243     		muls r2, r2, r0         @x*sin
 591 03a0 4E43     		muls r6, r6, r1         @y*sin
 592 03a2 4F43     		muls r7, r7, r1         @y*cos
 593 03a4 0900     		movs r1, r1
 594 03a6 05D5     		bpl __ni_shi_zhen_zhuan
 595              	__shun_shi_zhen_zhuan:
 596 03a8 AD1B     		subs r5, r5, r6
 597 03aa BF18     		adds r7, r7, r2
 598 03ac 4646     		mov r6, r8
 599 03ae 3619     		adds r6, r6, r4
 600 03b0 B046     		mov r8, r6
 601 03b2 04E0     		b __xuan_zhuan_wan
 602              	__ni_shi_zhen_zhuan:
 603 03b4 AD19     		adds r5, r5, r6
 604 03b6 BF1A     		subs r7, r7, r2
 605 03b8 4646     		mov r6, r8
 606 03ba 361B     		subs r6, r6, r4
 607 03bc B046     		mov r8, r6
 608              	__xuan_zhuan_wan:
 609 03be 3F4E     		ldr r6, = cordic_yong_cos_sin
 610 03c0 2022     		movs r2, # 32
 611 03c2 9200     		lsls r2, r2, # 2
ARM GAS  1.s 			page 12


 612 03c4 B618     		adds r6, r6, r2
 613 03c6 AD13     		asrs r5, r5, # 14
 614 03c8 BF13     		asrs r7, r7, # 14
 615 03ca 2846     		mov r0, r5
 616 03cc 3946     		mov r1, r7
 617 03ce 6408     		lsrs r4, r4, # 1	@旋转
 618 03d0 B342     		cmp r3,	r6
 619 03d2 DDD1     		bne __cordic_atan2_xun_huan
 620 03d4 4046     		mov r0, r8
 621 03d6 C043     		mvns r0, r0
 622 03d8 0130     		adds r0, r0, # 1
 623 03da C013     		asrs r0, r0, # 15      @除32768等于角度
 624 03dc 04BC     		pop {r2}
 625 03de 9046     		mov r8, r2
 626 03e0 FCBD     		pop {r2-r7,pc}
 627 03e2 00000020 		.ltorg
 627      02400010 
 627      02400100 
 627      01000200 
 627      15000000 
 628              	
 629              	
 630              		
 631              	__xiangwei_jiaozheng:
 632 04c4 3FB5     		push {r0-r5,lr}
 633 04c6 4448     		ldr r0, = jiaodu_jiaozheng
 634 04c8 4449     		ldr r1, = 9000
 635 04ca 0068     		ldr r0, [r0]
 636 04cc 444A     		ldr r2, = 51471
 637 04ce 0000     		movs r0, r0
 638 04d0 02D5     		bpl __jiaozheng_jiaodu_bushi0
 639 04d2 C043     		mvns r0, r0
 640 04d4 0130     		adds r0, r0, # 1
 641 04d6 0124     		movs r4, # 1
 642              	__jiaozheng_jiaodu_bushi0:
 643 04d8 0024     		movs r4, # 0
 644 04da 424D     		ldr r5, = 10000
 645 04dc 6843     		muls r0, r0, r5
 646 04de 00F00DF9 		bl _chufa
 647 04e2 5043     		muls r0, r0, r2
 648 04e4 2946     		mov r1, r5
 649 04e6 00F009F9 		bl _chufa
 650 04ea 012C     		cmp r4, # 1
 651 04ec 01D1     		bne __suan_cos_sin
 652 04ee C043     		mvns r0, r0
 653 04f0 0130     		adds r0, r0, # 1
 654              	__suan_cos_sin:
 655 04f2 FFF71EFF 		bl __cordic_cos_sin
 656 04f6 3C4A     		ldr r2, = cos_jiaozheng
 657 04f8 3C4B     		ldr r3, = sin_jiaozheng
 658 04fa 1060     		str r0, [r2]
 659 04fc 1960     		str r1, [r3]
 660 04fe 3FBD     		pop {r0-r5,pc}
 661              	
 662              	
 663              	__chuan_gan_qi_lvbo:
 664 0500 FCB5     		push {r2-r7,lr}
ARM GAS  1.s 			page 13


 665 0502 3B48     		ldr r0, = 0x20000174 @sin_zheng
 666 0504 3B49     		ldr r1, = 0x2000023c @sin_fu
 667 0506 3C4B     		ldr r3, = 0x20000170 @cos_zheng
 668 0508 3C4A     		ldr r2, = 0x20000238 @cos_fu
 669 050a 0468     		ldr r4, [r0]
 670 050c 0D68     		ldr r5, [r1]
 671 050e 1668     		ldr r6, [r2]
 672 0510 1F68     		ldr r7, [r3]
 673 0512 3B4A     		ldr r2, = guoling
 674 0514 641B     		subs r4, r4, r5
 675 0516 F61B     		subs r6, r6, r7
 676 0518 1368     		ldr r3, [r2]
 677 051a 2400     		movs r4, r4
 678 051c 02D5     		bpl __zheng
 679              	__fan:
 680 051e 0021     		movs r1, # 0
 681 0520 1160     		str r1, [r2]
 682 0522 01E0     		b __guo_ling_jian_ce
 683              	__zheng:
 684 0524 0121     		movs r1, # 1
 685 0526 1160     		str r1, [r2]
 686              	__guo_ling_jian_ce:
 687 0528 364A     		ldr r2, = jiaodu
 688 052a 2B48     		ldr r0, = jiaodu_jiaozheng
 689 052c 1268     		ldr r2, [r2]
 690 052e C91A     		subs r1, r1, r3
 691 0530 06D4     		bmi __zheng_90
 692 0532 10D0     		beq __xiangwei
 693              	__fu_90:
 694 0534 0FE0     		b __xiangwei
 695 0536 1200     		movs r2, r2
 696 0538 0DD5     		bpl __xiangwei
 697 053a 3349     		ldr r1, = -9000
 698 053c 891A     		subs r1, r1, r2
 699 053e 07E0     		b __baocun_jiaozheng
 700              	__zheng_90:
 701 0540 3600     		movs r6, r6
 702 0542 08D4     		bmi __xiangwei
 703 0544 2400     		movs r4, r4
 704 0546 06D5     		bpl __xiangwei
 705 0548 304F     		ldr r7, = guoling_jishu
 706 054a 3A60     		str r2, [r7]
 707 054c 2349     		ldr r1, = 9000
 708 054e 511A     		subs r1, r2, r1
 709              	__baocun_jiaozheng:
 710 0550 0160     		str r1, [r0]
 711 0552 FFF7B7FF 		bl __xiangwei_jiaozheng
 712              	__xiangwei:
 713              		
 714              	__lv_bo:
 715 0556 3346     		mov r3, r6
 716 0558 2D4A     		ldr r2, = lvboqizhizhen
 717 055a 2E48     		ldr r0, =lvboqihuanchong
 718 055c 2E49     		ldr r1, = 128
 719 055e 00F012F8 		bl _lvboqi
 720 0562 2346     		mov r3, r4
 721 0564 0646     		mov r6, r0
ARM GAS  1.s 			page 14


 722 0566 2D4A     		ldr r2, = lvboqizhizhen1
 723 0568 2D48     		ldr r0, = lvboqihuanchong1
 724 056a 2B49     		ldr r1, = 128
 725 056c 00F00BF8 		bl _lvboqi
 726 0570 3146     		mov r1, r6
 727 0572 0446     		mov r4, r0
 728 0574 FFF7C1FE 		bl __xiang_wei_xuan_zhuan
 729 0578 2A4F     		ldr r7, = cos1
 730 057a 2B4D     		ldr r5, = sin1
 731 057c 3860     		str r0, [r7]
 732 057e 2960     		str r1, [r5]
 733 0580 3146     		mov r1, r6
 734 0582 2046     		mov r0, r4
 735 0584 FCBD     		pop {r2-r7,pc}
 736              	
 737              	
 738              	_lvboqi:
 739              		@滤波器
 740              		@R0=地址，R1=长度,r2=表指针地址,r3=ADC数值
 741              		@出R0=结果
 742 0586 FEB5     		push {r1-r7,lr}
 743 0588 1568     		ldr r5, [r2]		@读出表指针
 744 058a 8E00     		lsls r6, r1, # 2
 745 058c 4351     		str r3, [r0, r5]	@数值写到滤波器缓冲区
 746 058e 0435     		adds r5, r5, # 4
 747 0590 B542     		cmp r5, r6
 748 0592 00D1     		bne _lvboqimeidaohuanchongquding
 749 0594 0025     		movs r5, # 0
 750              	_lvboqimeidaohuanchongquding:
 751 0596 1560     		str r5, [r2]
 752 0598 0027     		movs r7, # 0
 753              	_lvboqixunhuan:
 754 059a B542     		cmp r5, r6
 755 059c 00D1     		bne _lvbozonghe
 756 059e 0025     		movs r5, # 0
 757              	_lvbozonghe:
 758 05a0 4459     		ldr r4, [r0, r5]
 759 05a2 0435     		adds r5, r5, # 4
 760 05a4 3F19     		adds r7, r7, r4
 761 05a6 0139     		subs r1, r1, # 1
 762 05a8 F7D1     		bne _lvboqixunhuan
 763 05aa F811     		asrs r0, r7, # 7	@修改
 764 05ac FEBD     		pop {r1-r7,pc}
 765              	
 766              	_lvboqi1:
 767              		@滤波器
 768              		@R0=地址，R1=长度,r2=表指针地址,r3=ADC数值
 769              		@出R0=结果
 770 05ae FEB5     		push {r1-r7,lr}
 771 05b0 1568     		ldr r5, [r2]            @读出表指针
 772 05b2 4E00     		lsls r6, r1, # 1
 773 05b4 4353     		strh r3, [r0, r5]        @数值写到滤波器缓冲区
 774 05b6 0235     		adds r5, r5, # 2
 775 05b8 B542     		cmp r5, r6
 776 05ba 00D1     		bne _lvboqimeidaohuanchongquding1
 777 05bc 0025     		movs r5, # 0
 778              	_lvboqimeidaohuanchongquding1:
ARM GAS  1.s 			page 15


 779 05be 1560     		str r5, [r2]
 780 05c0 0027     		movs r7, # 0
 781              	_lvboqixunhuan1:
 782 05c2 B542     		cmp r5, r6
 783 05c4 00D1     		bne _lvbozonghe1
 784 05c6 0025     		movs r5, # 0
 785              	_lvbozonghe1:
 786 05c8 445B     		ldrh r4, [r0, r5]
 787 05ca 0235     		adds r5, r5, # 2
 788 05cc 3F19     		adds r7, r7, r4
 789 05ce 0139     		subs r1, r1, # 1
 790 05d0 F7D1     		bne _lvboqixunhuan1
 791 05d2 7812     		asrs r0, r7, # 9        @修改
 792 05d4 FEBD     		pop {r1-r7,pc}
 793              		
 794 05d6 0000E800 		.ltorg
 794      00202823 
 794      00000FC9 
 794      00001027 
 794      0000E000 
 795              	_lcdxianshi:	  		@r0=LCD位置，r1=数据地址，r2=长度
 796 062c 1FB5     		push {r0-r4,lr}
 797 062e 0C46     		mov r4, r1
 798              	
 799 0630 0021     		movs r1, # 0
 800 0632 00F00EF8 		bl _xielcd
 801              	
 802 0636 0121     		movs r1, # 1
 803 0638 0023     		movs r3, # 0
 804              	_lcdxianshixunhuan:
 805 063a E05C     		ldrb r0, [r4,r3]
 806 063c 00F009F8 		bl _xielcd
 807 0640 0133     		adds r3, r3, # 1
 808 0642 9342     		cmp r3, r2
 809 0644 F9D1     		bne _lcdxianshixunhuan
 810 0646 1FBD     		pop {r0-r4,pc}
 811              	
 812              	_lcdyanshi:
 813 0648 20B5     		push {r5,lr}
 814 064a 8B4D     		ldr r5, = 0x1000
 815              	_lcdyanshixunhuan:
 816 064c 013D     		subs r5, r5, # 1
 817 064e FDD1     		bne _lcdyanshixunhuan
 818 0650 20BD     		pop {r5,pc}
 819              	
 820              	_xielcd:			@入R0=8位,r1=0命令,r1=1数据
 821 0652 3FB5     		push {r0-r5,lr}
 822 0654 894C     		ldr r4, = liangcheng  @ 量程开关 (第6位和第7位)
 823 0656 0246     		mov r2, r0
 824 0658 2568     		ldr r5, [r4]
 825 065a 1209     		lsrs r2, r2, # 4
 826 065c 9200     		lsls r2, r2, # 2	@ 高四位
 827 065e 0007     		lsls r0, r0, # 28
 828 0660 800E     		lsrs r0, r0, # 26	@ 低四位
 829 0662 C907     		lsls r1, r1, # 31
 830 0664 01D5     		bpl __lcd_ming_ling
 831              	__lcd_shu_ju:
ARM GAS  1.s 			page 16


 832 0666 0323     		movs r3, # 0x03		@ RS = 1 E = 1
 833 0668 00E0     		b __xie_lcd_shu_ju
 834              	__lcd_ming_ling:
 835 066a 0223     		movs r3, # 0x02		@ RS = 0 E = 1
 836              	__xie_lcd_shu_ju:
 837 066c 5B19     		adds r3, r3, r5
 838 066e 0146     		mov r1, r0
 839 0670 D218     		adds r2, r2, r3
 840 0672 1000     		movs r0, r2
 841 0674 00F00BF8 		bl __74hc595
 842 0678 0238     		subs r0, r0, # 0x02
 843 067a 00F008F8 		bl __74hc595
 844 067e 0846     		mov r0, r1
 845 0680 C018     		adds r0, r0, r3
 846 0682 00F004F8 		bl __74hc595
 847 0686 0238     		subs r0, r0, # 0x02
 848 0688 00F001F8 		bl __74hc595
 849 068c 3FBD     		pop {r0-r5,pc}
 850              		
 851              	__74hc595:			@ 入R0=8位
 852 068e FFB5     		push {r0-r7,lr}
 853 0690 7B4E     		ldr r6, = 0x48000000
 854 0692 2025     		movs r5, # 0x20		@ SRCLK
 855 0694 4022     		movs r2, # 0x40		@ RCLK
 856 0696 8023     		movs r3, # 0x80		@ SER
 857 0698 1824     		movs r4, # 24
 858              	__595_yiweixunhuan:
 859 069a B262     		str r2, [r6, # 0x28]	@ rclk=0
 860 069c B562     		str r5, [r6, # 0x28]	@ srclk=0
 861              		@ovs r7, # 0xff
 862 069e 794F     		ldr r7, = 0x1ff
 863              	__595_yanshi:
 864 06a0 013F     		subs r7, r7, # 1
 865 06a2 FDD1     		bne __595_yanshi
 866 06a4 0146     		mov r1, r0
 867 06a6 A140     		lsls r1, r1, r4
 868 06a8 01D5     		bpl __ser_0
 869              	__ser_1:
 870 06aa B361     		str r3, [r6, # 0x18]	@ ser=1
 871 06ac 00E0     		b __595_yiwei
 872              	__ser_0:
 873 06ae B362     		str r3, [r6, # 0x28]	@ ser=0
 874              	__595_yiwei:
 875 06b0 B561     		str r5, [r6, # 0x18]
 876              		@movs r7, # 0xff
 877 06b2 744F     		ldr r7, = 0x1ff
 878              	__595_yanshi1:
 879 06b4 013F     		subs r7, r7, # 1
 880 06b6 FDD1     		bne __595_yanshi1
 881 06b8 0134     		adds r4, r4, # 1
 882 06ba 202C     		cmp r4, # 32
 883 06bc EDD1     		bne __595_yiweixunhuan
 884 06be B261     		str r2, [r6, # 0x18]	@ rclk=1
 885              		@movs r7, # 0xff
 886 06c0 704F     		ldr r7, = 0x1ff
 887              	__595_yanshi2:
 888 06c2 013F     		subs r7, r7, # 1
ARM GAS  1.s 			page 17


 889 06c4 FDD1     		bne __595_yanshi2
 890 06c6 B262     		str r2, [r6, # 0x28]	@ rclk = 0
 891 06c8 FFBD     		pop {r0-r7,pc}
 892              	
 893              	
 894              	
 895              	_zhuanascii:					@ 16进制转ASCII
 896              			@ R0要转的数据， R1长度，R2结果表首地址, r3=小数点位置
 897 06ca FFB5     		push {r0-r7,lr}
 898 06cc 1F46     		mov r7, r3
 899 06ce 0546     		mov r5, r0
 900 06d0 0E46     		mov r6, r1
 901 06d2 0A21     		movs r1, # 10
 902              	_xunhuanqiuma:
 903 06d4 00F012F8 		bl _chufa
 904 06d8 0446     		mov r4, r0
 905 06da 4C43     		muls r4, r1
 906 06dc 2B1B     		subs r3, r5, r4
 907 06de 3033     		adds r3, r3, # 0x30
 908 06e0 0546     		mov r5, r0
 909 06e2 013E     		subs r6, r6, # 1
 910 06e4 08D0     		beq _qiumafanhui
 911 06e6 BE42     		cmp r6, r7
 912 06e8 02D1     		bne _meidaoxiaoshudian
 913 06ea 2E24     		movs r4, # 0x2e		@小数点
 914 06ec 9455     		strb r4, [r2,r6]	@插入小数点
 915 06ee 013E     		subs r6, r6, # 1
 916              	_meidaoxiaoshudian:
 917 06f0 9355     		strb r3, [r2,r6]
 918 06f2 3600     		movs r6, r6
 919 06f4 EED1     		bne _xunhuanqiuma
 920 06f6 FFBD     		pop {r0-r7,pc}
 921              	_qiumafanhui:
 922 06f8 9355     		strb r3, [r2, r6]
 923 06fa FFBD     		pop {r0-r7,pc}
 924              	
 925              	_chufa:				@软件除法
 926              		@ r0 除以 r1 等于 商(r0)
 927 06fc 1EB5     		push {r1-r4,lr}
 928 06fe 0028     		cmp r0, # 0
 929 0700 0ED0     		beq _chufafanhui
 930 0702 0029     		cmp r1, # 0
 931 0704 0CD0     		beq _chufafanhui
 932 0706 0246     		mov r2, r0
 933 0708 0123     		movs r3, # 1
 934 070a DB07     		lsls r3, r3, # 31
 935 070c 0020     		movs r0, # 0
 936 070e 0446     		mov r4, r0
 937              	_chufaxunhuan:
 938 0710 5200     		lsls r2, r2, # 1
 939 0712 6441     		adcs r4, r4, r4
 940 0714 8C42     		cmp r4, r1
 941 0716 01D3     		bcc _chufaweishubudao0
 942 0718 C018     		adds r0, r0, r3
 943 071a 641A     		subs r4, r4, r1
 944              	_chufaweishubudao0:
 945 071c 5B08     		lsrs r3, r3, # 1
ARM GAS  1.s 			page 18


 946 071e F7D1     		bne _chufaxunhuan
 947              	_chufafanhui:
 948 0720 1EBD     		pop {r1-r4,pc}
 949              	__chufa64:
 950              		@64位除32位
 951              		@ （R0=高32位R1=低32位）除（R2)= （R0高32）（R1低32）
 952 0722 F8B5     		push {r3-r7,lr}
 953 0724 002A     		cmp r2, # 0
 954 0726 1DD0     		beq __chu_fa64_fan_hui0
 955 0728 0029     		cmp r1, # 0
 956 072a 01D1     		bne __chu_fa64_ji_suan
 957 072c 0028     		cmp r0, # 0
 958 072e 19D0     		beq __chu_fa64_fan_hui0
 959              	__chu_fa64_ji_suan:
 960 0730 0024     		movs r4, # 0
 961 0732 2746     		mov r7, r4
 962 0734 2346     		mov r3, r4
 963 0736 2546     		mov r5, r4
 964 0738 0126     		movs r6, # 1
 965 073a F607     		lsls r6, r6, # 31
 966              	__chu_fa64_xun_huan:
 967 073c 4900     		lsls r1, r1, # 1
 968 073e 4041     		adcs r0, r0, r0
 969 0740 6441     		adcs r4, r4, r4
 970 0742 9442     		cmp r4, r2
 971 0744 02D3     		bcc __chu_fa_yi_wei
 972 0746 9B19     		adds r3, r3, r6
 973 0748 7D41     		adcs r5, r5, r7
 974 074a A41A     		subs r4, r4, r2
 975              	__chu_fa_yi_wei:
 976 074c 3600     		movs r6, r6
 977 074e 04D0     		beq __di_yi_wei
 978 0750 7608     		lsrs r6, r6, # 1        @高32位移位
 979 0752 F3D1     		bne __chu_fa64_xun_huan
 980 0754 0127     		movs r7, # 1
 981 0756 FF07     		lsls r7, r7, # 31
 982 0758 F0E7     		b __chu_fa64_xun_huan
 983              	__di_yi_wei:	            @低32位移位
 984 075a 7F08     		lsrs r7, r7, # 1
 985 075c EED1     		bne __chu_fa64_xun_huan
 986 075e 1846     		mov r0, r3
 987 0760 2946     		mov r1, r5
 988 0762 F8BD     		pop {r3-r7,pc}
 989              	__chu_fa64_fan_hui0:
 990 0764 0020     		movs r0, # 0
 991 0766 0021     		movs r1, # 0
 992 0768 F8BD     		pop {r3-r7,pc}
 993              	__chengfa:
 994              		@入R0 乘以 R1
 995              		@出 R0高32 ， R1低32
 996              		@0xffffffff*0xffffffff
 997              		@4        F F F E 0 0 0 1			@4
 998              		@3                F F F E 0 0 0 1		@3
 999              		@2                F F F E 0 0 0 1		@2
 1000              		@1                        F F F E 0 0 0 1	@1
 1001              		@         F F F F F F F E 0 0 0 0 0 0 0 1
 1002 076a FCB5     		push {r2-r7,lr}
ARM GAS  1.s 			page 19


 1003 076c 0028     		cmp r0, # 0
 1004 076e 1ED0     		beq __cheng_fa_fan_hui
 1005 0770 0029     		cmp r1, # 0
 1006 0772 1CD0     		beq __cheng_fa_fan_hui
 1007              	__ji_suan_cheng_fa:
 1008 0774 0246     		mov r2, r0
 1009 0776 0B46     		mov r3, r1
 1010 0778 000C     		lsrs r0, r0, # 16	@高16
 1011 077a 1204     		lsls r2, r2, # 16	@ 低16
 1012 077c 120C     		lsrs r2, r2, # 16
 1013 077e 090C     		lsrs r1, r1, # 16	@高16
 1014 0780 1B04     		lsls r3, r3, # 16	@低16
 1015 0782 1B0C     		lsrs r3, r3, # 16
 1016 0784 1446     		mov r4, r2
 1017 0786 0546     		mov r5, r0
 1018 0788 5A43     		muls r2, r2, r3		@1
 1019 078a 5843     		muls r0, r0, r3		@2
 1020 078c 4C43     		muls r4, r4, r1		@3
 1021 078e 4D43     		muls r5, r5, r1		@4
 1022 0790 0646     		mov r6, r0
 1023 0792 2746     		mov r7, r4
 1024 0794 0004     		lsls r0, r0, # 16	@2低32
 1025 0796 2404     		lsls r4, r4, # 16	@3低32
 1026 0798 360C     		lsrs r6, r6, # 16	@2高32
 1027 079a 3F0C     		lsrs r7, r7, # 16	@3高32
 1028 079c 0021     		movs r1, # 0
 1029 079e 1218     		adds r2, r2, r0		@低32
 1030 07a0 4E41     		adcs r6, r6, r1		@高32
 1031 07a2 1219     		adds r2, r2, r4
 1032 07a4 7E41     		adcs r6, r6, r7
 1033 07a6 7619     		adds r6, r6, r5
 1034 07a8 3046     		mov r0, r6
 1035 07aa 1146     		mov r1, r2
 1036 07ac FCBD     		pop {r2-r7,pc}
 1037              	__cheng_fa_fan_hui:
 1038 07ae 0020     		movs r0, # 0
 1039 07b0 0021     		movs r1, # 0
 1040 07b2 FCBD     		pop {r2-r7,pc}
 1041              	__dai_yu_shu_chufa:	                         @软件除法
 1042              		@ r0 除以 r1 等于 商(r0)余R1
 1043 07b4 1CB5     		push {r2-r4,lr}
 1044 07b6 0028     		cmp r0, # 0
 1045 07b8 0ED0     		beq __dai_yu_shu_chufafanhui
 1046 07ba 0029     		cmp r1, # 0
 1047 07bc 0CD0     		beq __dai_yu_shu_chufafanhui
 1048 07be 0246     		mov r2, r0
 1049 07c0 0123     		movs r3, # 1
 1050 07c2 DB07     		lsls r3, r3, # 31
 1051 07c4 0020     		movs r0, # 0
 1052 07c6 0446     		mov r4, r0
 1053              	__dai_yu_shu_chufaxunhuan:
 1054 07c8 5200     		lsls r2, r2, # 1
 1055 07ca 6441     		adcs r4, r4, r4
 1056 07cc 8C42     		cmp r4, r1
 1057 07ce 01D3     		bcc __dai_yu_shu_chufaweishubudao0
 1058 07d0 C018     		adds r0, r0, r3
 1059 07d2 641A     		subs r4, r4, r1
ARM GAS  1.s 			page 20


 1060              	__dai_yu_shu_chufaweishubudao0:
 1061 07d4 5B08     		lsrs r3, r3, # 1
 1062 07d6 F7D1     		bne __dai_yu_shu_chufaxunhuan
 1063              	__dai_yu_shu_chufafanhui:
 1064 07d8 1CBD     		        pop {r2-r4,pc}
 1065              	_nmi_handler:
 1066 07da 7047     		bx lr
 1067              	_hard_fault:
 1068 07dc 7047     		bx lr
 1069              	_svc_handler:
 1070 07de 7047     		bx lr
 1071              	_pendsv_handler:
 1072 07e0 7047     		bx lr
 1073              	_systickzhongduan:
 1074 07e2 F0B5     		push {r4-r7,lr}
 1075 07e4 2848     		ldr r0, = 0xe0000d04
 1076 07e6 2949     		ldr r1, = 0x02000000
 1077 07e8 0160     		str r1, [r0]                 @ 清除SYSTICK中断
 1078 07ea FFF789FE 		bl __chuan_gan_qi_lvbo
 1079 07ee 284A     		ldr r2, = cos
 1080 07f0 284B     		ldr r3, = sin
 1081 07f2 1060     		str r0, [r2]		@r
 1082 07f4 1960     		str r1, [r3]		@i
 1083 07f6 FFF7C0FD 		bl __atan2_ji_suan
 1084 07fa 274C     		ldr r4, = jiaodu
 1085 07fc 2060     		str r0, [r4]
 1086              	
 1087 07fe 2748     		ldr r0, = cos1
 1088 0800 2749     		ldr r1, = sin1
 1089 0802 0068     		ldr r0, [r0]
 1090 0804 0968     		ldr r1, [r1]
 1091 0806 FFF7B8FD 		bl __atan2_ji_suan
 1092              		
 1093              	@	b __systick_fanhui
 1094 080a 06E0     		b __led_jiance1
 1095              	
 1096              		
 1097 080c 0000     		movs r0, r0
 1098 080e 03D5     		bpl __jiaodu_bushi_fu
 1099 0810 2449     		ldr r1, = 36000
 1100 0812 C043     		mvns r0, r0
 1101 0814 0130     		adds r0, r0, # 1
 1102 0816 081A     		subs r0, r1, r0
 1103              	__jiaodu_bushi_fu:
 1104 0818 2060     		str r0, [r4]
 1105              	
 1106              	
 1107              	__led_jiance1:
 1108 081a 234B     		ldr r3, = 100
 1109 081c 184A     		ldr r2, = 0x48000000
 1110 081e 0121     		movs r1, # 1
 1111 0820 0A28     		cmp r0, # 10
 1112 0822 03D9     		bls __led_guan1
 1113 0824 9842     		cmp r0, r3
 1114 0826 01D8     		bhi __led_guan1
 1115 0828 9161     		str r1, [r2, # 0x18]
 1116 082a 00E0     		b __ji_shu
ARM GAS  1.s 			page 21


 1117              	__led_guan1:
 1118 082c 9162     		str r1, [r2, # 0x28]
 1119              		
 1120              	
 1121              	__ji_shu:
 1122 082e 20E0     		b __systick_fanhui
 1123              		
 1124              		
 1125              		
 1126 0830 1E4B     		ldr r3, = jishu
 1127 0832 1A68     		ldr r2, [r3]
 1128 0834 0132     		adds r2, r2, # 1
 1129 0836 1A60     		str r2, [r3]
 1130 0838 652A     		cmp r2, # 101
 1131 083a 14D1     		bne __budao_jiaodu
 1132 083c 0022     		movs r2, # 0
 1133 083e 1A60     		str r2, [r3]
 1134 0840 1B4A     		ldr r2, = 10000
 1135 0842 1C49     		ldr r1, = jiaodu_1
 1136 0844 1C4B     		ldr r3, = jiaodu_cha
 1137 0846 0968     		ldr r1, [r1]
 1138 0848 401A     		subs r0, r0, r1
 1139 084a 0000     		movs r0, r0
 1140 084c 01D5     		bpl __jiaodu_cha_bushi_fu
 1141 084e C043     		mvns r0, r0
 1142 0850 0130     		adds r0, r0, # 1
 1143              	__jiaodu_cha_bushi_fu:
 1144 0852 9042     		cmp r0, r2
 1145 0854 06D8     		bhi __jiaodu_kua_360
 1146 0856 0A28     		cmp r0, # 10
 1147 0858 01D9     		bls __mei_zhuan 
 1148 085a 1860     		str r0, [r3]
 1149 085c 09E0     		b __systick_fanhui
 1150              	__mei_zhuan:
 1151 085e 0020     		movs r0, # 0
 1152 0860 1860     		str r0, [r3]
 1153 0862 06E0     		b __systick_fanhui
 1154              	__jiaodu_kua_360:
 1155 0864 05E0     		b __systick_fanhui
 1156              	__budao_jiaodu:
 1157 0866 012A     		cmp r2, # 1
 1158 0868 00D0     		beq __baocun_jiaodu1
 1159 086a 02E0     		b __systick_fanhui
 1160              	__baocun_jiaodu1:
 1161 086c 114A     		ldr r2, = jiaodu_1
 1162 086e 1060     		str r0, [r2]
 1163 0870 FFE7     		b __systick_fanhui
 1164              	__systick_fanhui:	
 1165 0872 F0BD     		pop {r4-r7,pc}
 1166              	aaa:
 1167 0874 7047     		bx lr
 1168 0876 00000010 		.ltorg
 1168      0000FC00 
 1168      00200000 
 1168      0048FF01 
 1168      0000040D 
 1169              		.end
ARM GAS  1.s 			page 22


ARM GAS  1.s 			page 23


DEFINED SYMBOLS
                 1.s:9      .data:0000000000000000 yjmwxwx
                 1.s:11     .data:0000000000000010 kong
                 1.s:13     .data:0000000000000014 _fu
                 1.s:15     .data:0000000000000015 jiaodu1
                 1.s:17     .data:0000000000000019 jiaodufuhao
                 1.s:19     .data:000000000000001d $d
                 1.s:20     .data:0000000000000020 zheng_xian_biao
                 1.s:23     .data:00000000000000f0 cordic_yong_cos_sin
                 1.s:25     .data:0000000000000170 cordic_yong_atan_biao
                 1.s:28     *ABS*:0000000020001000 STACKINIT
                 1.s:29     *ABS*:0000000020000000 asciimabiao
                 1.s:30     *ABS*:00000000200000a8 guoling_jishu
                 1.s:31     *ABS*:00000000200000ac jiaodu2
                 1.s:32     *ABS*:00000000200000b0 zhuansu
                 1.s:33     *ABS*:00000000200000b4 jishu
                 1.s:34     *ABS*:00000000200000b8 cos
                 1.s:35     *ABS*:00000000200000bc sin
                 1.s:36     *ABS*:00000000200000c0 cos1
                 1.s:37     *ABS*:00000000200000c4 sin1
                 1.s:38     *ABS*:00000000200000c8 jiaodu_cha
                 1.s:39     *ABS*:00000000200000cc jiaodu_1
                 1.s:40     *ABS*:00000000200000e0 cos_jiaozheng
                 1.s:41     *ABS*:00000000200000e4 sin_jiaozheng
                 1.s:42     *ABS*:00000000200000e8 jiaodu_jiaozheng
                 1.s:43     *ABS*:00000000200000ec guoling
                 1.s:44     *ABS*:00000000200000f0 jiaodu
                 1.s:45     *ABS*:00000000200000f4 sin_zheng
                 1.s:46     *ABS*:00000000200000f8 sin_fu
                 1.s:47     *ABS*:00000000200000fc liangcheng
                 1.s:48     *ABS*:0000000020000100 dianyabiao
                 1.s:49     *ABS*:0000000020000300 lvboqizhizhen
                 1.s:50     *ABS*:0000000020000304 lvboqihuanchong
                 1.s:51     *ABS*:0000000020000900 lvboqizhizhen1
                 1.s:52     *ABS*:0000000020000904 lvboqihuanchong1
                 1.s:53     *ABS*:0000000020000a10 lvboqizhizhen2
                 1.s:54     *ABS*:0000000020000a14 lvboqihuanchong2
                 1.s:56     .text:0000000000000000 vectors
                 1.s:102    .text:00000000000000b0 _start
                 1.s:1065   .text:00000000000007da _nmi_handler
                 1.s:1067   .text:00000000000007dc _hard_fault
                 1.s:1069   .text:00000000000007de _svc_handler
                 1.s:1071   .text:00000000000007e0 _pendsv_handler
                 1.s:1073   .text:00000000000007e2 _systickzhongduan
                 1.s:1166   .text:0000000000000874 aaa
                            .text:0000000000000000 $d
                 1.s:101    .text:00000000000000b0 $t
                 1.s:103    .text:00000000000000b0 shizhong
                 1.s:110    .text:00000000000000bc denghse
                 1.s:114    .text:00000000000000c2 dengpllguan
                 1.s:126    .text:00000000000000d6 dengpll
                 1.s:134    .text:00000000000000e0 _waisheshizhong
                 1.s:151    .text:00000000000000ee _neicunqingling
                 1.s:155    .text:00000000000000f4 _neicunqinglingxunhuan
                 1.s:160    .text:00000000000000fa _waishezhongduan
                 1.s:182    .text:0000000000000100 io_she_zhi
                 1.s:217    .text:0000000000000118 _lcdchushihua
ARM GAS  1.s 			page 24


                 1.s:820    .text:0000000000000652 _xielcd
                 1.s:812    .text:0000000000000648 _lcdyanshi
                 1.s:795    .text:000000000000062c _lcdxianshi
                 1.s:251    .text:000000000000015e _adcchushihua
                 1.s:255    .text:0000000000000164 _dengadcjiaozhun
                 1.s:261    .text:000000000000016e _kaiadc
                 1.s:266    .text:0000000000000176 _deng_adc_wen_ding
                 1.s:270    .text:000000000000017c _tongdaoxuanze
                 1.s:286    .text:0000000000000194 dmachushihua
                 1.s:317    .text:00000000000001b8 _systick
                 1.s:324    .text:00000000000001c2 tim1chushiha
                 1.s:350    .text:00000000000001ee ting
                 1.s:568    .text:000000000000037a __atan2_ji_suan
                 1.s:365    .text:000000000000020a __xianshi
                 1.s:455    .text:00000000000002b6 __xian_shi_jiao_du
                 1.s:377    .text:0000000000000222 a1
                 1.s:382    .text:000000000000022c a2
                 1.s:895    .text:00000000000006ca _zhuanascii
                 1.s:403    .text:0000000000000256 b1
                 1.s:408    .text:0000000000000260 b2
                 1.s:435    .text:0000000000000296 __jisuan_zhuansu
                 1.s:445    .text:00000000000002a6 __suan_zhuansu
                 1.s:993    .text:000000000000076a __chengfa
                 1.s:949    .text:0000000000000722 __chufa64
                 1.s:473    .text:00000000000002d8 __jiaodu_bu_shi_zheng
                 1.s:478    .text:00000000000002e2 __xian_shi_jiaodu
                 1.s:490    .text:00000000000002fa __xiang_wei_xuan_zhuan
                 1.s:505    .text:0000000000000314 __xuan_zhuan_xiang_wei
                 1.s:522    .text:0000000000000332 __cordic_cos_sin
                 1.s:536    .text:0000000000000342 cordicxunhuan
                 1.s:581    .text:0000000000000390 __cordic_atan2_xun_huan
                 1.s:582    .text:0000000000000390 __du_cos_sin
                 1.s:602    .text:00000000000003b4 __ni_shi_zhen_zhuan
                 1.s:595    .text:00000000000003a8 __shun_shi_zhen_zhuan
                 1.s:608    .text:00000000000003be __xuan_zhuan_wan
                 1.s:627    .text:00000000000003e2 $d
                 1.s:627    .text:00000000000003e4 $d
                 1.s:631    .text:00000000000004c4 __xiangwei_jiaozheng
                 1.s:632    .text:00000000000004c4 $t
                 1.s:642    .text:00000000000004d8 __jiaozheng_jiaodu_bushi0
                 1.s:925    .text:00000000000006fc _chufa
                 1.s:654    .text:00000000000004f2 __suan_cos_sin
                 1.s:663    .text:0000000000000500 __chuan_gan_qi_lvbo
                 1.s:683    .text:0000000000000524 __zheng
                 1.s:679    .text:000000000000051e __fan
                 1.s:686    .text:0000000000000528 __guo_ling_jian_ce
                 1.s:700    .text:0000000000000540 __zheng_90
                 1.s:712    .text:0000000000000556 __xiangwei
                 1.s:693    .text:0000000000000534 __fu_90
                 1.s:709    .text:0000000000000550 __baocun_jiaozheng
                 1.s:714    .text:0000000000000556 __lv_bo
                 1.s:738    .text:0000000000000586 _lvboqi
                 1.s:750    .text:0000000000000596 _lvboqimeidaohuanchongquding
                 1.s:753    .text:000000000000059a _lvboqixunhuan
                 1.s:757    .text:00000000000005a0 _lvbozonghe
                 1.s:766    .text:00000000000005ae _lvboqi1
                 1.s:778    .text:00000000000005be _lvboqimeidaohuanchongquding1
ARM GAS  1.s 			page 25


                 1.s:781    .text:00000000000005c2 _lvboqixunhuan1
                 1.s:785    .text:00000000000005c8 _lvbozonghe1
                 1.s:794    .text:00000000000005d6 $d
                 1.s:794    .text:00000000000005d8 $d
                 1.s:796    .text:000000000000062c $t
                 1.s:804    .text:000000000000063a _lcdxianshixunhuan
                 1.s:815    .text:000000000000064c _lcdyanshixunhuan
                 1.s:834    .text:000000000000066a __lcd_ming_ling
                 1.s:831    .text:0000000000000666 __lcd_shu_ju
                 1.s:836    .text:000000000000066c __xie_lcd_shu_ju
                 1.s:851    .text:000000000000068e __74hc595
                 1.s:858    .text:000000000000069a __595_yiweixunhuan
                 1.s:863    .text:00000000000006a0 __595_yanshi
                 1.s:872    .text:00000000000006ae __ser_0
                 1.s:869    .text:00000000000006aa __ser_1
                 1.s:874    .text:00000000000006b0 __595_yiwei
                 1.s:878    .text:00000000000006b4 __595_yanshi1
                 1.s:887    .text:00000000000006c2 __595_yanshi2
                 1.s:902    .text:00000000000006d4 _xunhuanqiuma
                 1.s:921    .text:00000000000006f8 _qiumafanhui
                 1.s:916    .text:00000000000006f0 _meidaoxiaoshudian
                 1.s:947    .text:0000000000000720 _chufafanhui
                 1.s:937    .text:0000000000000710 _chufaxunhuan
                 1.s:944    .text:000000000000071c _chufaweishubudao0
                 1.s:989    .text:0000000000000764 __chu_fa64_fan_hui0
                 1.s:959    .text:0000000000000730 __chu_fa64_ji_suan
                 1.s:966    .text:000000000000073c __chu_fa64_xun_huan
                 1.s:975    .text:000000000000074c __chu_fa_yi_wei
                 1.s:983    .text:000000000000075a __di_yi_wei
                 1.s:1037   .text:00000000000007ae __cheng_fa_fan_hui
                 1.s:1007   .text:0000000000000774 __ji_suan_cheng_fa
                 1.s:1041   .text:00000000000007b4 __dai_yu_shu_chufa
                 1.s:1063   .text:00000000000007d8 __dai_yu_shu_chufafanhui
                 1.s:1053   .text:00000000000007c8 __dai_yu_shu_chufaxunhuan
                 1.s:1060   .text:00000000000007d4 __dai_yu_shu_chufaweishubudao0
                 1.s:1107   .text:000000000000081a __led_jiance1
                 1.s:1103   .text:0000000000000818 __jiaodu_bushi_fu
                 1.s:1117   .text:000000000000082c __led_guan1
                 1.s:1121   .text:000000000000082e __ji_shu
                 1.s:1164   .text:0000000000000872 __systick_fanhui
                 1.s:1156   .text:0000000000000866 __budao_jiaodu
                 1.s:1143   .text:0000000000000852 __jiaodu_cha_bushi_fu
                 1.s:1154   .text:0000000000000864 __jiaodu_kua_360
                 1.s:1150   .text:000000000000085e __mei_zhuan
                 1.s:1160   .text:000000000000086c __baocun_jiaodu1
                 1.s:1168   .text:0000000000000876 $d
                 1.s:1168   .text:0000000000000878 $d

NO UNDEFINED SYMBOLS
