ARM GAS  led-stm32.s 			page 1


   1              		 .thumb                 
   2              	         .syntax unified
   3              	.section .data
   4 0000 796A6D77 	lcdshuju: .ascii "yjmwxwx yjmwxwx " 	
   4      78777820 
   4      796A6D77 
   4      78777820 
   5              	        	.equ STACKINIT,          0x20005000
   6              			.equ yanshius,           0x20000200
   7              			.equ ledkongzhi,         0x20000204
   8              			.equ lcdshu,		  0x20000208
   9              			.equ lcdyanshi,		800000
  10              			.equ lcdyanshi1, 	2000
  11              	.section .text
  12              	vectors:        
  13 0000 00500020 	        .word STACKINIT         
  14 0004 1D000000 	        .word _start + 1        
  15 0008 7F010000 	        .word _nmi_handler + 1  
  16 000c 81010000 	        .word _hard_fault  + 1  
  17 0010 83010000 	        .word _memory_fault + 1 
  18 0014 85010000 	        .word _bus_fault + 1    
  19 0018 87010000 	        .word _usage_fault + 1 
  20              	
  21              	_start:
  22 001c 5A48     		ldr r0, = yanshius
  23 001e 5B49     		ldr r1, = 0xfffe
  24 0020 0160     		str r1, [r0]
  25 0022 4FF00000 		mov r0, # 0
  26 0026 4FF00001 		mov r1, # 0
  27 002a 4FF00002 		mov r2, # 0
  28 002e 4FF00003 		mov r3, # 0
  29 0032 4FF00004 		mov r4, # 0
  30 0036 4FF00005 		mov r5, # 0
  31 003a 4FF00006 		mov r6, # 0 
  32 003e 4FF00007 		mov r7, # 0
  33 0042 4FF00008 		mov r8, # 0
  34 0046 4FF00009 		mov r9, # 0
  35 004a 4FF0000A 		mov r10, # 0
  36 004e 4FF0000B 		mov r11, # 0 
  37              	
  38              	@@AFIO-MAPR 开SWD模式
  39 0052 4F48     		ldr r0, = 0x40010004
  40 0054 4F49     		ldr r1, = 0x02000000
  41 0056 0160     		str r1, [r0]
  42              		shizhong:
  43              		
  44 0058 4F48     		ldr r0, = 0x40021000
  45 005a 5049     		ldr r1, = 0x14D83
  46 005c 0160     		str r1, [r0]
  47              	gsszbz: 
  48 005e 0268     		ldr r2, [r0]
  49 0060 4F49     		ldr r1, = 0x20000
  50 0062 1142     		tst r1, r2           @高速时钟标志位           
  51 0064 40F00280 		bne rccchushihua
  52 0068 FFF7F9BF 		b gsszbz
  53              	rccchushihua: 
  54 006c 4D48     		ldr r0, = 0x40022000
ARM GAS  led-stm32.s 			page 2


  55 006e 4FF03201 		mov r1, # 0x00000032
  56 0072 0160     		str r1, [r0]           @FLASH缓冲 缓冲开启 
  57 0074 4C48     		ldr r0, = 0x40021004
  58 0076 4D49     		ldr r1, = 0x1D8400
  59 0078 0160     		str r1, [r0]
  60 007a 4748     		ldr r0, = 0x40021000
  61 007c 4C49     		ldr r1, = 0x1033D03
  62 007e 0160     		str r1, [r0]
  63              	chaxun:
  64 0080 0268     		ldr r2, [r0]
  65 0082 4449     		ldr r1, = 0x2000000
  66 0084 1142     		tst r1, r2
  67 0086 40F00280 		bne rccgg
  68 008a FFF7F9BF 		b chaxun
  69              	rccgg:
  70 008e 4648     		ldr r0, = 0x40021004
  71 0090 4849     		ldr r1, = 0x1D8402
  72 0092 0160     		str r1, [r0]
  73              	
  74              	
  75              	rccapb2enr:
  76 0094 4848     	        ldr r0, = 0x40021018
  77 0096 4FF03D01 	        mov r1, # 0x3D
  78 009a 0160     	        str r1, [r0]
  79              	ioshezhi:
  80 009c 4748     		ldr r0, = 0x40010800 @ gpioa
  81 009e 4849     		ldr r1, = 0x44443443
  82 00a0 0160     		str r1, [r0]
  83 00a2 4848     	        ldr r0, = 0x40010c04
  84 00a4 4849     	        ldr r1, = 0x33334444
  85 00a6 0160     	        str r1, [r0]
  86              		
  87              	lcdchushihua:
  88 00a8 4848     		ldr r0, = 0x20000208
  89 00aa DFF824A1 		ldr r10, = 0x42210180
  90 00ae 4FF00009 		mov r9,  # 0
  91 00b2 CAF80090 		str r9, [r10]
  92              	
  93 00b6 4FF03301 		MOV R1, # 0x33
  94 00ba 0160     		str r1, [r0]
  95 00bc 00F040F8 		bl xielcd
  96              	
  97 00c0 444E     		ldr r6, = lcdyanshi
  98              	yanshila3:
  99 00c2 013E     		subs r6, # 1
 100 00c4 7FF4FDAF 		bne yanshila3
 101              	
 102 00c8 4FF03201 		MOV R1, # 0x32
 103 00cc 0160     		str r1, [r0]
 104 00ce 00F037F8 		bl xielcd
 105              	
 106 00d2 404E     		ldr r6, = lcdyanshi
 107              	yanshila5:
 108 00d4 013E     		subs r6, # 1
 109 00d6 7FF4FDAF 		bne yanshila5
 110              	
 111 00da 4FF02801 		MOV R1, # 0x28
ARM GAS  led-stm32.s 			page 3


 112 00de 0160     		str r1, [r0]
 113 00e0 00F02EF8 		bl xielcd
 114              	
 115 00e4 4FF00C01 		MOV R1, # 0x0c
 116 00e8 0160     		str r1, [r0]
 117 00ea 00F029F8 		bl xielcd
 118              	
 119 00ee 4FF00101 		MOV R1, # 0x01
 120 00f2 0160     		str r1, [r0]
 121 00f4 00F024F8 		bl xielcd
 122 00f8 364E     		ldr r6, = lcdyanshi
 123              	yanshila6:
 124 00fa 013E     		subs r6, # 1
 125 00fc 7FF4FDAF 		bne yanshila6
 126              	zhuchengxu:
 127              		
 128 0100 00F002F8 		bl lcdlcd
 129              	ddd3:
 130 0104 FFF7FEBF 		b ddd3
 131              		
 132              		
 133              	
 134              	
 135              	lcdlcd:
 136 0108 2DE9FF47 		push {r0-r10, lr}
 137 010c 4FF08001 		MOV R1, # 0x80
 138 0110 0160     		str r1, [r0]
 139 0112 00F015F8 		bl xielcd
 140              	lcdd1:	
 141 0116 2D48     		ldr r0, = 0x20000208
 142 0118 2F49     		ldr r1, = lcdshuju
 143 011a 4FF00003 		mov r3, # 0
 144              	lcdchengxu:
 145 011e CA5C     		ldrb r2, [r1, r3]
 146 0120 0260     		str r2, [r0]
 147 0122 DFF8ACA0 		ldr r10, = 0x42210180
 148 0126 4FF00109 		mov r9,  # 1
 149 012a CAF80090 		str r9, [r10]
 150 012e 00F007F8 		bl xielcd
 151 0132 03F10103 		add r3, # 1
 152 0136 102B     		cmp r3, # 16
 153 0138 7FF4F1AF 		bne lcdchengxu
 154 013c BDE8FF87 		pop {r0-r10, pc}
 155              	
 156              	
 157              	xielcd:
 158 0140 2DE9FF43 		push {r0-r9, lr}
 159 0144 254C     		ldr r4, = 0x22004110
 160 0146 0FCC     		ldmia r4!, {r0-r3}
 161 0148 00F006F8 		bl xielcd1
 162 014c 244C     		ldr r4, = 0x22004100
 163 014e 0FCC     		ldmia r4!, {r0-r3}
 164 0150 00F002F8 		bl xielcd1
 165 0154 BDE8FF83 		pop {r0-r9, pc}
 166              		
 167              	xielcd1:
 168 0158 2DE9FF47 		push {r0-r10, lr}
ARM GAS  led-stm32.s 			page 4


 169 015c 214F     		ldr r7,  = 0x4221018c
 170 015e 4FF0010B 		mov r11, # 1
 171 0162 C7F800B0 		str r11, [r7]
 172 0166 204D     		ldr r5, = 0x422181b0
 173 0168 0FC5     		stmia r5!, {r0-r3}
 174 016a 204E     		ldr r6, = lcdyanshi1
 175              	yanshila:
 176 016c 013E     		subs r6, # 1
 177 016e 7FF4FDAF 		bne yanshila
 178 0172 4FF0000B 		mov r11, # 0
 179 0176 C7F800B0 		str r11, [r7]
 180 017a BDE8FF87 		pop {r0-r10, pc}
 181              		
 182              	_nmi_handler:
 183 017e 7047     		bx lr
 184              	_hard_fault:
 185 0180 7047     		bx lr
 186              	_memory_fault:
 187 0182 7047     		bx lr
 188              	_bus_fault:
 189 0184 7047     		bx lr
 190              	_usage_fault:
 191 0186 7047     	 	bx lr
 192 0188 00020020 		
 192      FEFF0000 
 192      04000140 
 192      00000002 
 192      00100240 
ARM GAS  led-stm32.s 			page 5


DEFINED SYMBOLS
         led-stm32.s:4      .data:00000000 lcdshuju
         led-stm32.s:5      *ABS*:20005000 STACKINIT
         led-stm32.s:6      *ABS*:20000200 yanshius
         led-stm32.s:7      *ABS*:20000204 ledkongzhi
         led-stm32.s:8      *ABS*:20000208 lcdshu
         led-stm32.s:9      *ABS*:000c3500 lcdyanshi
         led-stm32.s:10     *ABS*:000007d0 lcdyanshi1
         led-stm32.s:12     .text:00000000 vectors
         led-stm32.s:21     .text:0000001c _start
         led-stm32.s:182    .text:0000017e _nmi_handler
         led-stm32.s:184    .text:00000180 _hard_fault
         led-stm32.s:186    .text:00000182 _memory_fault
         led-stm32.s:188    .text:00000184 _bus_fault
         led-stm32.s:190    .text:00000186 _usage_fault
                            .text:00000000 $d
         led-stm32.s:22     .text:0000001c $t
         led-stm32.s:42     .text:00000058 shizhong
         led-stm32.s:47     .text:0000005e gsszbz
         led-stm32.s:53     .text:0000006c rccchushihua
         led-stm32.s:63     .text:00000080 chaxun
         led-stm32.s:69     .text:0000008e rccgg
         led-stm32.s:75     .text:00000094 rccapb2enr
         led-stm32.s:79     .text:0000009c ioshezhi
         led-stm32.s:87     .text:000000a8 lcdchushihua
         led-stm32.s:157    .text:00000140 xielcd
         led-stm32.s:98     .text:000000c2 yanshila3
         led-stm32.s:107    .text:000000d4 yanshila5
         led-stm32.s:123    .text:000000fa yanshila6
         led-stm32.s:126    .text:00000100 zhuchengxu
         led-stm32.s:135    .text:00000108 lcdlcd
         led-stm32.s:129    .text:00000104 ddd3
         led-stm32.s:140    .text:00000116 lcdd1
         led-stm32.s:144    .text:0000011e lcdchengxu
         led-stm32.s:167    .text:00000158 xielcd1
         led-stm32.s:175    .text:0000016c yanshila
         led-stm32.s:192    .text:00000188 $d

NO UNDEFINED SYMBOLS
