ARM GAS  led-stm32.s 			page 1


   1              	@@@
   2              	        .thumb                 
   3              	        .syntax unified
   4              	@@@
   5              	        .equ STACKINIT, 	0x20005000
   6              		.equ GPIOC_CRH,   	0x40011004
   7              	        .equ GPIOC_ODR,   	0x4001100C
   8              	        .equ RCC_APB2ENR,	0x40021018
   9              		.equ syskz,		0xE000E010 @ 控制寄存器
  10              		.equ syscz,		0xE000E014 @systick定时器重载
  11              		.equ syssz,		0xE000E018 @systick计数值查询
  12              		.equ rcckz,		0x40021000 @rcc时钟控制寄存器
  13              		.equ rccpz,		0x40021004 @时钟配置寄存器
  14              		.equ flashacr,		0x40022000 @flash闪存访问寄存器
  15              		
  16              	.section .text
  17              	
  18              	vectors_table:
  19              	vectors:        
  20 0000 00500020 	        .word STACKINIT         
  21 0004 41000000 	        .word _start + 1        
  22 0008 DF000000 	        .word _nmi_handler + 1  
  23 000c E1000000 	        .word _hard_fault  + 1  
  24 0010 E3000000 	        .word _memory_fault + 1 
  25 0014 E5000000 	        .word _bus_fault + 1    
  26 0018 E7000000 	        .word _usage_fault + 1   
  27 001c 00000000 		.word 0
  28 0020 00000000 		.word 0
  29 0024 00000000 		.word 0
  30 0028 00000000 		.word 0
  31 002c 00000000 		.word 0
  32 0030 00000000 		.word 0
  33 0034 00000000 		.word 0 
  34 0038 00000000 		.word 0
  35 003c E9000000 		.word _dingshiqi + 1
  36              	_start:
  37              	chushihua:
  38 0040 4FF00000 		mov r0, #0
  39 0044 4FF00001 		mov r1, #0
  40 0048 4FF00002 		mov r2, #0
  41 004c 4FF00003 		mov r3, #0
  42 0050 4FF00004 		mov r4, #0
  43 0054 4FF00005 		mov r5, #0
  44 0058 4FF00006 		mov r6, #0
  45 005c 4FF00007 		mov r7, #0
  46 0060 4FF00008 		mov r8, #0
  47              	shizhong:
  48 0064 2148     		ldr r0, = rcckz
  49 0066 2249     		ldr r1, = 0x14D83
  50 0068 0160     		str r1, [r0]
  51              	gsszbz: @高速时钟标志位
  52 006a 0168     		ldr r1, [r0]
  53 006c 214A     		ldr r2, = 0x34D83
  54 006e 8A42     		cmp r2, r1 
  55 0070 FBD1     		bne	gsszbz
  56              	
  57              		@FLASH缓冲 缓冲开启 
ARM GAS  led-stm32.s 			page 2


  58 0072 2148     		ldr r0, = flashacr
  59 0074 4FF03201 		mov r1, # 0x00000032
  60 0078 0160     		str r1, [r0]
  61              		@设置
  62 007a 2048     		ldr r0, = rccpz
  63 007c 2049     		ldr r1, = 0x1D8400
  64 007e 0160     		str r1, [r0]
  65              		
  66 0080 1A48     		ldr r0, = rcckz
  67 0082 2049     		ldr r1, = 0x1033D03
  68 0084 0160     		str r1, [r0]
  69              	chaxun:
  70 0086 0168     		ldr r1, [r0]
  71 0088 1F4A     		ldr r2, = 0x03033D03
  72 008a 9142     		cmp r1, r2
  73 008c FBD1     		bne chaxun
  74              	
  75 008e 1B48     		ldr r0, = rccpz
  76 0090 1E49     		ldr r1, = 0x1D8402
  77 0092 0160     		str r1, [r0]
  78              	
  79              		
  80              		
  81              	systick:
  82              	
  83 0094 1E49     		ldr r1, = syskz
  84 0096 1F48     		ldr r0, = syscz
  85 0098 1F4A     		ldr r2, = syssz
  86              		
  87 009a 4FF00003 		mov r3, #0
  88 009e 0B60     		str r3, [r1]
  89              	
  90 00a0 1E4B     		ldr r3, = 0x2328
  91 00a2 0360     		str r3, [r0]
  92 00a4 1360     		str r3, [r2]
  93              	
  94 00a6 4FF00303 		mov r3, # 0x03
  95 00aa 0B60     		str r3, [r1]
  96              	
  97              	
  98              	ledled:
  99              	
 100 00ac 1C4E     	        ldr r6, = RCC_APB2ENR
 101 00ae 4FF01000 	        mov r0, 0x10
 102 00b2 3060     	        str r0, [r6]
 103              	
 104              	
 105 00b4 1B4E     	        ldr r6, = GPIOC_CRH
 106 00b6 1C48     	        ldr r0, = 0x44434444
 107 00b8 3060     	        str r0, [r6]
 108              	
 109 00ba 4FF00002 	        mov r2, 0            
 110 00be 4FF48053 	        mov r3, 0x1000        
 111 00c2 1A4E     	        ldr r6, = GPIOC_ODR  
 112              	main: 
 113              	                     
 114 00c4 3360     		str r3, [r6]
ARM GAS  led-stm32.s 			page 3


 115 00c6 00F004F8 		bl yanshi
 116 00ca 3260     		str r2, [r6]
 117 00cc 00F001F8 		bl yanshi
 118 00d0 F8E7     		b main
 119              	
 120              	yanshi:	
 121 00d2 B5F57A7F 		cmp r5, #1000
 122 00d6 FCD1     		bne yanshi
 123 00d8 4FF00005 		mov r5, #0
 124 00dc 7047     		bx lr
 125              		
 126              			
 127              		
 128              	
 129              	
 130              	
 131              	
 132              	_nmi_handler:
 133 00de 7047     		bx lr
 134              	_hard_fault:
 135 00e0 7047     		bx lr
 136              	_memory_fault:
 137 00e2 7047     		bx lr
 138              	_bus_fault:
 139 00e4 7047     		bx lr
 140              	_usage_fault:
 141 00e6 7047     		bx lr
 142              	_dingshiqi:		
 143 00e8 0135     		adds r5, 1	
 144 00ea 7047     		bx lr 
 145              	         
 146 00ec 00100240 	
 146      834D0100 
 146      834D0300 
 146      00200240 
 146      04100240 
ARM GAS  led-stm32.s 			page 4


DEFINED SYMBOLS
         led-stm32.s:5      *ABS*:20005000 STACKINIT
         led-stm32.s:6      *ABS*:40011004 GPIOC_CRH
         led-stm32.s:7      *ABS*:4001100c GPIOC_ODR
         led-stm32.s:8      *ABS*:40021018 RCC_APB2ENR
         led-stm32.s:9      *ABS*:e000e010 syskz
         led-stm32.s:10     *ABS*:e000e014 syscz
         led-stm32.s:11     *ABS*:e000e018 syssz
         led-stm32.s:12     *ABS*:40021000 rcckz
         led-stm32.s:13     *ABS*:40021004 rccpz
         led-stm32.s:14     *ABS*:40022000 flashacr
         led-stm32.s:18     .text:00000000 vectors_table
         led-stm32.s:19     .text:00000000 vectors
         led-stm32.s:36     .text:00000040 _start
         led-stm32.s:132    .text:000000de _nmi_handler
         led-stm32.s:134    .text:000000e0 _hard_fault
         led-stm32.s:136    .text:000000e2 _memory_fault
         led-stm32.s:138    .text:000000e4 _bus_fault
         led-stm32.s:140    .text:000000e6 _usage_fault
         led-stm32.s:142    .text:000000e8 _dingshiqi
         led-stm32.s:37     .text:00000040 chushihua
                            .text:00000000 $d
         led-stm32.s:38     .text:00000040 $t
         led-stm32.s:47     .text:00000064 shizhong
         led-stm32.s:51     .text:0000006a gsszbz
         led-stm32.s:69     .text:00000086 chaxun
         led-stm32.s:81     .text:00000094 systick
         led-stm32.s:98     .text:000000ac ledled
         led-stm32.s:112    .text:000000c4 main
         led-stm32.s:120    .text:000000d2 yanshi
         led-stm32.s:146    .text:000000ec $d

NO UNDEFINED SYMBOLS
