ARM GAS  led-stm32.s 			page 1


   1              	@@@
   2              	        .thumb                 
   3              	        .syntax unified
   4              	
   5              	.section .data
   6              	
   7 0000 1F001FF8 	yjm:	 .short 0x001f, 0xf81f, 0xffe0, 0x07ff, 0xf800
   7      E0FFFF07 
   7      00F8
   8 000a 00000008 	wxwx:	 .byte 0x00,0x00,0x00,0x08,0x08,0x18,0x14,0x14,0x24,0x3C,0x22,0x42,0x42,0xE7,0x00,0x00		
   8      08181414 
   8      243C2242 
   8      42E70000 
   9              	 
  10              	
  11              	
  12              	
  13              	
  14              	        .equ STACKINIT, 	0x20005000
  15              		.equ gpioddi,   	0x40011400
  16              	        .equ gpiododr,   	0x4001140C
  17              	        .equ RCC_APB2ENR,	0x40021018 @rccAPB2ENR
  18              		.equ syskz,		0xE000E010 @ 控制寄存器
  19              		.equ syscz,		0xE000E014 @systick定时器重载
  20              		.equ syssz,		0xE000E018 @systick计数值查询
  21              		.equ rcckz,		0x40021000 @rcc时钟控制寄存器
  22              		.equ rccpz,		0x40021004 @时钟配置寄存器
  23              		.equ flashacr,		0x40022000 @flash闪存访问寄存器
  24              		.equ ledliang,		0x04
  25              		.equ yanshishu,		200
  26              		.equ lcdpianyi,	        240
  27              	
  28              		.equ lcdpy,		0x20000010
  29              		
  30              	.section .text
  31              	vectors:        
  32 0000 00500020 	        .word STACKINIT         
  33 0004 41000000 	        .word _start + 1        
  34 0008 D1000000 	        .word _nmi_handler + 1  
  35 000c D3000000 	        .word _hard_fault  + 1  
  36 0010 D5000000 	        .word _memory_fault + 1 
  37 0014 D7000000 	        .word _bus_fault + 1    
  38 0018 D9000000 	        .word _usage_fault + 1   
  39 001c 00000000 		.word 0
  40 0020 00000000 		.word 0
  41 0024 00000000 		.word 0
  42 0028 00000000 		.word 0
  43 002c 00000000 		.word 0
  44 0030 00000000 		.word 0
  45 0034 00000000 		.word 0 
  46 0038 00000000 		.word 0
  47 003c DB000000 		.word _dingshiqi + 1
  48              	_start:
  49              		@@AFIO-MAPR 开SWD模式
  50 0040 2748     		ldr r0, = 0x40010004
  51 0042 2849     		ldr r1, = 0x02000000
  52 0044 0160     		str r1, [r0]
ARM GAS  led-stm32.s 			page 2


  53              	shizhong:
  54 0046 2848     		ldr r0, = rcckz
  55 0048 2849     		ldr r1, = 0x14D83
  56 004a 0160     		str r1, [r0]
  57              	gsszbz: 
  58 004c 0268     		ldr r2, [r0]
  59 004e 2849     		ldr r1, = 0x20000
  60 0050 1142     		tst r1, r2           @高速时钟标志位           
  61 0052 40F00280 		bne rccchushihua
  62 0056 FFF7F9BF 		b gsszbz
  63              	
  64              	rccchushihua: 
  65 005a 2648     		ldr r0, = flashacr
  66 005c 4FF03201 		mov r1, # 0x00000032
  67 0060 0160     		str r1, [r0]           @FLASH缓冲 缓冲开启 
  68              	
  69 0062 2548     		ldr r0, = rccpz
  70 0064 2549     		ldr r1, = 0x1D8400
  71 0066 0160     		str r1, [r0]
  72              		
  73 0068 1F48     		ldr r0, = rcckz
  74 006a 2549     		ldr r1, = 0x1033D03
  75 006c 0160     		str r1, [r0]
  76              	chaxun:
  77 006e 0268     		ldr r2, [r0]
  78 0070 1C49     		ldr r1, = 0x2000000
  79 0072 1142     		tst r1, r2
  80 0074 40F00280 		bne rccgg
  81 0078 FFF7F9BF 		b chaxun
  82              	rccgg:
  83              	
  84 007c 1E48     		ldr r0, = rccpz
  85 007e 2149     		ldr r1, = 0x1D8402
  86 0080 0160     		str r1, [r0]
  87              		
  88              	systick:
  89              	
  90 0082 2149     		ldr r1, = syskz
  91 0084 2148     		ldr r0, = syscz
  92 0086 224A     		ldr r2, = syssz
  93              		
  94 0088 4FF00003 		mov r3, #0
  95 008c 0B60     		str r3, [r1]
  96              	
  97 008e 214B     		ldr r3, = 0x2328
  98 0090 0360     		str r3, [r0]
  99 0092 1360     		str r3, [r2]
 100              	
 101 0094 4FF00303 		mov r3, # 0x03
 102 0098 0B60     		str r3, [r1]
 103              	
 104              	ledled:
 105              	
 106 009a 1F48     	        ldr r0, = RCC_APB2ENR
 107 009c 4FF03901 	        mov r1, 0x39
 108 00a0 0160     	        str r1, [r0]
 109              	
ARM GAS  led-stm32.s 			page 3


 110 00a2 1E48     	        ldr r0, = gpioddi
 111 00a4 1E49     	        ldr r1, = 0x44444344
 112 00a6 0160     	        str r1, [r0]
 113              	
 114              	ledhanshu:
 115 00a8 1E48     		ldr r0, = gpiododr
 116 00aa 1F49     		ldr r1, = ledliang
 117 00ac 0160     		str r1, [r0]
 118              		
 119 00ae 00F008F8 		bl yanshi 
 120              	
 121 00b2 1C48     		ldr r0, = gpiododr
 122 00b4 4FF00001 		mov r1, # 0
 123 00b8 0160     		str r1, [r0]
 124 00ba 00F002F8 		bl yanshi
 125              	
 126 00be FFF7F3BF 		b ledhanshu
 127              	
 128              	
 129              	
 130              	yanshi:
 131 00c2 1A48     		ldr r0, = yanshishu
 132 00c4 8542     		cmp r5, r0
 133 00c6 7FF4FCAF 		bne yanshi
 134 00ca 4FF00005 		mov r5, 0
 135 00ce 7047     		bx lr
 136              	
 137              		
 138              	
 139              	_nmi_handler:
 140 00d0 7047     		bx lr
 141              	_hard_fault:
 142 00d2 7047     		bx lr
 143              	_memory_fault:
 144 00d4 7047     		bx lr
 145              	_bus_fault:
 146 00d6 7047     		bx lr
 147              	_usage_fault:
 148 00d8 7047     		bx lr
 149              	_dingshiqi:
 150 00da 0135     		adds r5, 1	
 151 00dc 7047     		bx lr
 152              	         
 153 00de 00000400 	
 153      01400000 
 153      00020010 
 153      0240834D 
 153      01000000 
ARM GAS  led-stm32.s 			page 4


DEFINED SYMBOLS
         led-stm32.s:7      .data:00000000 yjm
         led-stm32.s:8      .data:0000000a wxwx
         led-stm32.s:14     *ABS*:20005000 STACKINIT
         led-stm32.s:15     *ABS*:40011400 gpioddi
         led-stm32.s:16     *ABS*:4001140c gpiododr
         led-stm32.s:17     *ABS*:40021018 RCC_APB2ENR
         led-stm32.s:18     *ABS*:e000e010 syskz
         led-stm32.s:19     *ABS*:e000e014 syscz
         led-stm32.s:20     *ABS*:e000e018 syssz
         led-stm32.s:21     *ABS*:40021000 rcckz
         led-stm32.s:22     *ABS*:40021004 rccpz
         led-stm32.s:23     *ABS*:40022000 flashacr
         led-stm32.s:24     *ABS*:00000004 ledliang
         led-stm32.s:25     *ABS*:000000c8 yanshishu
         led-stm32.s:26     *ABS*:000000f0 lcdpianyi
         led-stm32.s:28     *ABS*:20000010 lcdpy
         led-stm32.s:31     .text:00000000 vectors
         led-stm32.s:48     .text:00000040 _start
         led-stm32.s:139    .text:000000d0 _nmi_handler
         led-stm32.s:141    .text:000000d2 _hard_fault
         led-stm32.s:143    .text:000000d4 _memory_fault
         led-stm32.s:145    .text:000000d6 _bus_fault
         led-stm32.s:147    .text:000000d8 _usage_fault
         led-stm32.s:149    .text:000000da _dingshiqi
                            .text:00000000 $d
         led-stm32.s:50     .text:00000040 $t
         led-stm32.s:53     .text:00000046 shizhong
         led-stm32.s:57     .text:0000004c gsszbz
         led-stm32.s:64     .text:0000005a rccchushihua
         led-stm32.s:76     .text:0000006e chaxun
         led-stm32.s:82     .text:0000007c rccgg
         led-stm32.s:88     .text:00000082 systick
         led-stm32.s:104    .text:0000009a ledled
         led-stm32.s:114    .text:000000a8 ledhanshu
         led-stm32.s:130    .text:000000c2 yanshi
         led-stm32.s:153    .text:000000de $d

NO UNDEFINED SYMBOLS
