ARM GAS  led-stm32.s 			page 1


   1              		 .thumb                 
   2              	         .syntax unified
   3              	.section .data
   4              	        	.equ STACKINIT,          0x20005000
   5              			.equ yanshius,           0x20000200
   6              			.equ ledkongzhi,         0x20000204
   7              			.equ lcdshu,		  0x20000208
   8              			.equ lcdyanshi,		800000
   9              			.equ lcdyanshi1, 	2000
  10              			.equ lcdyanshi3, 	8000000
  11              	.section .text
  12              	vectors:        
  13 0000 00500020 	        .word STACKINIT         
  14 0004 1D000000 	        .word _start + 1        
  15 0008 2F010000 	        .word _nmi_handler + 1  
  16 000c 31010000 	        .word _hard_fault  + 1  
  17 0010 33010000 	        .word _memory_fault + 1 
  18 0014 35010000 	        .word _bus_fault + 1    
  19 0018 37010000 	        .word _usage_fault + 1 
  20              	
  21              	_start:
  22 001c 4FF00000 		mov r0, # 0
  23 0020 4FF00001 		mov r1, # 0
  24 0024 4FF00002 		mov r2, # 0
  25 0028 4FF00003 		mov r3, # 0
  26 002c 4FF00004 		mov r4, # 0
  27 0030 4FF00005 		mov r5, # 0
  28 0034 4FF00006 		mov r6, # 0 
  29 0038 4FF00007 		mov r7, # 0
  30 003c 4FF00008 		mov r8, # 0
  31 0040 4FF00009 		mov r9, # 0
  32 0044 4FF0000A 		mov r10, # 0
  33 0048 4FF0000B 		mov r11, # 0 
  34              	
  35              	@@AFIO-MAPR 开SWD模式
  36 004c 3A48     		ldr r0, = 0x40010004
  37 004e 3B49     		ldr r1, = 0x02000000
  38 0050 0160     		str r1, [r0]
  39              		shizhong:
  40              		
  41 0052 3B48     		ldr r0, = 0x40021000
  42 0054 3B49     		ldr r1, = 0x14D83
  43 0056 0160     		str r1, [r0]
  44              	gsszbz: 
  45 0058 0268     		ldr r2, [r0]
  46 005a 3B49     		ldr r1, = 0x20000
  47 005c 1142     		tst r1, r2           @高速时钟标志位           
  48 005e 00D1     		bne rccchushihua
  49 0060 FAE7     		b gsszbz
  50              	rccchushihua: 
  51 0062 3A48     		ldr r0, = 0x40022000
  52 0064 4FF03201 		mov r1, # 0x00000032
  53 0068 0160     		str r1, [r0]           @FLASH缓冲 缓冲开启 
  54 006a 3948     		ldr r0, = 0x40021004
  55 006c 3949     		ldr r1, = 0x1D8400
  56 006e 0160     		str r1, [r0]
  57 0070 3348     		ldr r0, = 0x40021000
ARM GAS  led-stm32.s 			page 2


  58 0072 3949     		ldr r1, = 0x1033D03
  59 0074 0160     		str r1, [r0]
  60              	chaxun:
  61 0076 0268     		ldr r2, [r0]
  62 0078 3049     		ldr r1, = 0x2000000
  63 007a 1142     		tst r1, r2
  64 007c 00D1     		bne rccgg
  65 007e FAE7     		b chaxun
  66              	rccgg:
  67 0080 3348     		ldr r0, = 0x40021004
  68 0082 3649     		ldr r1, = 0x1D8402
  69 0084 0160     		str r1, [r0] @@ 
  70              	
  71              	rccapb2enr:
  72 0086 3648     	        ldr r0, = 0x40021018
  73 0088 4FF03D01 	        mov r1, # 0x3D
  74 008c 0160     	        str r1, [r0]
  75              	ioshezhi:
  76 008e 3548     		ldr r0, = 0x40010804 @ gpioa
  77 0090 3549     		ldr r1, = 0x34444444
  78 0092 0160     		str r1, [r0]
  79 0094 3548     	        ldr r0, = 0x40010c00
  80 0096 3649     	        ldr r1, = 0x44443444
  81 0098 0160     	        str r1, [r0]
  82 009a 3648     	        ldr r0, = 0x40010c04
  83 009c 3649     	        ldr r1, = 0x33334444
  84 009e 0160     	        str r1, [r0]	
  85              	lcdchushihua:
  86 00a0 3648     		ldr r0, = 0x20000208
  87 00a2 DFF8DCA0 		ldr r10, = 0x4221818c
  88 00a6 4FF00009 		mov r9,  # 0
  89 00aa CAF80090 		str r9, [r10]
  90 00ae 4FF03301 		MOV R1, # 0x33
  91 00b2 0160     		str r1, [r0]
  92 00b4 00F01DF8 		bl xielcd
  93 00b8 324E     		ldr r6, = lcdyanshi
  94              	yanshila3:
  95 00ba 013E     		subs r6, # 1
  96 00bc FDD1     		bne yanshila3
  97              	
  98 00be 4FF03201 		MOV R1, # 0x32
  99 00c2 0160     		str r1, [r0]
 100 00c4 00F015F8 		bl xielcd
 101 00c8 2E4E     		ldr r6, = lcdyanshi
 102              	yanshila5:
 103 00ca 013E     		subs r6, # 1
 104 00cc FDD1     		bne yanshila5
 105 00ce 4FF02801 		MOV R1, # 0x28
 106 00d2 0160     		str r1, [r0]
 107 00d4 00F00DF8 		bl xielcd
 108 00d8 4FF00C01 		MOV R1, # 0x0c
 109 00dc 0160     		str r1, [r0]
 110 00de 00F008F8 		bl xielcd
 111 00e2 4FF00101 		MOV R1, # 0x01
 112 00e6 0160     		str r1, [r0]
 113 00e8 00F003F8 		bl xielcd
 114 00ec 254E     		ldr r6, = lcdyanshi
ARM GAS  led-stm32.s 			page 3


 115              	yanshila6:
 116 00ee 013E     		subs r6, # 1
 117 00f0 FDD1     		bne yanshila6
 118              		
 119              	
 120              	xielcd:
 121 00f2 2DE9FF43 		push {r0-r9, lr}
 122 00f6 244C     		ldr r4, = 0x22004100
 123 00f8 0FCC     		ldmia r4!, {r0-r3}
 124 00fa 00F006F8 		bl xielcd1
 125 00fe 234C     		ldr r4, = 0x22004110
 126 0100 0FCC     		ldmia r4!, {r0-r3}
 127 0102 00F002F8 		bl xielcd1
 128 0106 BDE8FF83 		pop {r0-r9, pc}
 129              		
 130              	xielcd1:
 131 010a 2DE9FF47 		push {r0-r10, lr}
 132 010e 204F     		ldr r7,  = 0x422101bc
 133 0110 4FF0010B 		mov r11, # 1
 134 0114 C7F800B0 		str r11, [r7]
 135 0118 1E4D     		ldr r5, = 0x422181b0
 136 011a 0FC5     		stmia r5!, {r0-r3}
 137 011c 1E4E     		ldr r6, = lcdyanshi1
 138              	yanshila:
 139 011e 013E     		subs r6, # 1
 140 0120 FDD1     		bne yanshila
 141 0122 4FF0000B 		mov r11, # 0
 142 0126 C7F800B0 		str r11, [r7]
 143 012a BDE8FF87 		pop {r0-r10, pc}
 144              		
 145              	_nmi_handler:
 146 012e 7047     		bx lr
 147              	_hard_fault:
 148 0130 7047     		bx lr
 149              	_memory_fault:
 150 0132 7047     		bx lr
 151              	_bus_fault:
 152 0134 7047     		bx lr
 153              	_usage_fault:
 154 0136 7047     	 	bx lr
 155 0138 04000140 		
 155      00000002 
 155      00100240 
 155      834D0100 
 155      00000200 
ARM GAS  led-stm32.s 			page 4


DEFINED SYMBOLS
         led-stm32.s:4      *ABS*:20005000 STACKINIT
         led-stm32.s:5      *ABS*:20000200 yanshius
         led-stm32.s:6      *ABS*:20000204 ledkongzhi
         led-stm32.s:7      *ABS*:20000208 lcdshu
         led-stm32.s:8      *ABS*:000c3500 lcdyanshi
         led-stm32.s:9      *ABS*:000007d0 lcdyanshi1
         led-stm32.s:10     *ABS*:007a1200 lcdyanshi3
         led-stm32.s:12     .text:00000000 vectors
         led-stm32.s:21     .text:0000001c _start
         led-stm32.s:145    .text:0000012e _nmi_handler
         led-stm32.s:147    .text:00000130 _hard_fault
         led-stm32.s:149    .text:00000132 _memory_fault
         led-stm32.s:151    .text:00000134 _bus_fault
         led-stm32.s:153    .text:00000136 _usage_fault
                            .text:00000000 $d
         led-stm32.s:22     .text:0000001c $t
         led-stm32.s:39     .text:00000052 shizhong
         led-stm32.s:44     .text:00000058 gsszbz
         led-stm32.s:50     .text:00000062 rccchushihua
         led-stm32.s:60     .text:00000076 chaxun
         led-stm32.s:66     .text:00000080 rccgg
         led-stm32.s:71     .text:00000086 rccapb2enr
         led-stm32.s:75     .text:0000008e ioshezhi
         led-stm32.s:85     .text:000000a0 lcdchushihua
         led-stm32.s:120    .text:000000f2 xielcd
         led-stm32.s:94     .text:000000ba yanshila3
         led-stm32.s:102    .text:000000ca yanshila5
         led-stm32.s:115    .text:000000ee yanshila6
         led-stm32.s:130    .text:0000010a xielcd1
         led-stm32.s:138    .text:0000011e yanshila
         led-stm32.s:155    .text:00000138 $d

NO UNDEFINED SYMBOLS
