ARM GAS  1.s 			page 1


   1              		@ stm32f030f4p6 asm 
   2              		 .thumb                 
   3              	         .syntax unified
   4              	.section .data	
   5              	       	.equ STACKINIT,                 0x20001000
   6              	
   7              		.equ shumaguanma,	0x20000000
   8              		.equ dianyabiao,	0x20000100
   9              		.equ paixujieguo,	0x200000fc
  10              	shumaguanmabiao:	
  11 0000 FC000000 		.int 0xfc,0x60,0xda,0xf2,0x66,0xb6,0xbe,0xe0,0xfe,0xf6,0xee,0x3e,0x9c,0x7a,0x9e,0x8e
  11      60000000 
  11      DA000000 
  11      F2000000 
  11      66000000 
  12              	shumaguanshuaxinbiao:
  13 0040 00FE0000 		.int 0xfe00,0xfd00,0xfb00,0xf700,0xef00,0xdf00,0xbf00,0x7f00,0
  13      00FD0000 
  13      00FB0000 
  13      00F70000 
  13      00EF0000 
  14              	
  15              		
  16              	.section .text
  17              	vectors:        
  18 0000 00100020 	        .word STACKINIT         
  19 0004 AD000000 	        .word _start + 1        
  20 0008 B1010000 	        .word _nmi_handler + 1  
  21 000c B3010000 	        .word _hard_fault  + 1  
  22 0010 00000000 	        .word 0 
  23 0014 00000000 	        .word 0    
  24 0018 00000000 	        .word 0
  25 001c 00000000 		.word 0
  26 0020 00000000 		.word 0
  27 0024 00000000 		.word 0
  28 0028 00000000 		.word 0
  29 002c B5010000 		.word _svc_handler +1
  30 0030 00000000 		.word 0 
  31 0034 00000000 		.word 0
  32 0038 B7010000 		.word _pendsv_handler +1
  33 003c 00000000 		.word 0 @_systick +1               @ 15   
  34 0040 00000000 		.word 0     @ _wwdg +1          @ 0
  35 0044 00000000 		.word 0     @_pvd +1            @ 1
  36 0048 00000000 		.word 0     @_rtc +1            @ 2
  37 004c 00000000 		.word 0     @_flash +1          @ 3
  38 0050 00000000 		.word 0     @ _rcc + 1          @ 4
  39 0054 00000000 		.word 0      @_exti0_1  +1      @ 5
  40 0058 00000000 		.word 0      @ _exti2_3 +1      @ 6
  41 005c 00000000 		.word 0       @_exti4_15 +1     @ 7
  42 0060 00000000 		.word 0                         @ 8
  43 0064 00000000 		.word 0 	@_dma1_1  +1    @ 9
  44 0068 00000000 		.word 0    @_dma1_2_3 +1        @ 10
  45 006c 00000000 		.word 0       @_dma1_4_5 +1     @ 11
  46 0070 00000000 		.word 0 @_adc1 +1          @ 12
  47 0074 00000000 		.word 0       @_tim1_brk_up +1  @ 13
  48 0078 00000000 		.word 0        @ _tim1_cc +1    @ 14
  49 007c 00000000 		.word 0         @_tim2 +1       @ 15
ARM GAS  1.s 			page 2


  50 0080 00000000 		.word 0          @_tim3 +1      @ 16
  51 0084 00000000 		.word 0                         @ 17
  52 0088 00000000 		.word 0		                @ 18
  53              		.word @_tim14 +1    @ 19
  54 008c 00000000 		.word 0                         @ 20
  55 0090 00000000 		.word 0         @_tim16 +1      @ 21
  56 0094 00000000 		.word 0         @_tim17 +1      @ 22
  57 0098 00000000 		.word 0          @_i2c   +1     @ 23
  58 009c 00000000 		.word 0                         @ 24
  59 00a0 00000000 		.word 0           @_spi   +1    @ 25
  60 00a4 00000000 		.word 0                         @ 26
  61 00a8 00000000 		.word 0         @_usart1 +1     @ 27
  62              		
  63              	_start:
  64              	shizhong:
  65 00ac 4248     		ldr r0, = 0x40021000 @ rcc
  66 00ae 434A     		ldr r2, = 0x40022000   @FLASH访问控制
  67 00b0 3221     		movs r1, # 0x32
  68 00b2 1160     		str r1, [r2]           @FLASH缓冲 缓冲开启
  69 00b4 4048     		ldr r0, = 0x40021000 @ rcc
  70 00b6 4249     		ldr r1, = 0x100002
  71 00b8 4160     		str r1, [r0, # 0x04]
  72 00ba 4249     		ldr r1, = 0x1000001
  73 00bc 0160     		str r1, [r0]
  74              	dengrc:
  75 00be 0168     		ldr r1, [r0]
  76 00c0 8907     		lsls r1, # 30
  77 00c2 FCD5     		bpl dengrc
  78              	dengpll:
  79 00c4 0168     		ldr r1, [r0]
  80 00c6 8901     		lsls r1, # 6
  81 00c8 FCD5     		bpl dengpll
  82              		@0x34时钟控制寄存器 2 (RCC_CR2)
  83 00ca 0121     		movs r1, # 0x01
  84 00cc 4163     		str r1, [r0, # 0x34]  @ HSI开14M时钟
  85              	dengdai14mshizhongwending:
  86 00ce 416B     		ldr r1, [r0, # 0x34]
  87 00d0 8907     		lsls r1, r1, # 30     @ 左移30位
  88 00d2 FCD5     		bpl dengdai14mshizhongwending  @ 等待14M时钟稳定
  89              	
  90              	neicunqingling:
  91 00d4 3C48     		ldr r0, = 0x20000000
  92 00d6 0021     		movs r1, # 0
  93 00d8 3C4B     		ldr r3, = 0x1000
  94              	neicunqinglingxunhuan:
  95 00da 043B     		subs r3, # 4
  96 00dc C150     		str r1, [r0, r3]
  97 00de FCD1     		bne neicunqinglingxunhuan
  98              	
  99              	_waisheshizhong:		 @ 外设时钟
 100              		@+0x14=RCC_AHBENR
 101              		@0=DMA @2=SRAM @4=FLITF@6=CRC @17=PA @18=PB @19=PC @20=PD @22=PF
 102 00e0 3548     		ldr r0, = 0x40021000
 103 00e2 3B49     		ldr r1, = 0x460005
 104 00e4 4161     		str r1, [r0, # 0x14]
 105              	
 106              		@+0x18外设时钟使能寄存器 (RCC_APB2ENR)
ARM GAS  1.s 			page 3


 107              		@0=SYSCFG @5=USART6EN @9=ADC @11=TIM1 @12=SPI1 @14=USART1 @16=TIM15 @17=TIM16 @18=TIM17 @22=DBGMCU
 108 00e6 3B49     		ldr r1, = 0xa00
 109 00e8 8161     		str r1, [r0, # 0x18]
 110              		@+0X1C=RCC_APB1ENR
 111              		@1=TIM3 @4=TIM6 @5=TIM7 @8=TIM14 @11=WWDG @14=SPI @17=USRT2 @18=USART3 @20=USART5 @21=I2C1 @22=I2C
 112              			
 113              	io_she_zhi:
 114              	@@@@@@@@@@@@@@@@@@@@@@@@@@@@@@@@@@@@@@@@@@@@@@@@@@@@@@@@@@@@@@@@@@@@@@@@@@@@@@@@@@@@@@@@@@@@@@
 115              		@a(0x48000000)b(0x48000400)c(0x48000800)d(0x48000c00)f(0x48001400)
 116              		@ 输入（00），通用输出（01），复用功能（10），模拟（11）
 117              		@偏移0x4 = 端口输出类型 @ （0 推挽），（ 1 开漏）
 118              		@偏移0x8 = 输出速度  00低速， 01中速， 11高速
 119              		@偏移0xC = 上拉下拉 (00无上下拉，  01 上拉， 10下拉)
 120              		@偏移0x10 = 输入数据寄存器
 121              		@偏移0x14 = 输出数据寄存器
 122              		@偏移0x18 = 端口开  0-15置位 
 123              		@偏移0x28 = 端口关
 124              		@0X20 = 复用低
 125              		@GPIO口0（0-3位）每个IO口占用4位
 126              		@ AF0 = 0X0000, AF1 = 0X0001, AF2 = 0X0010 AF3 = 0X0011, AF4 = 0X0100
 127              		@ AF5 = 0X0101, AF6 = 0X0111, AF7 = 0X1000
 128              		@0x24 = 复用高
 129              		@GPIO口8 （0-3位）每个IO口占用4位
 130              		@ AF0 = 0X0000, AF1 = 0X0001, AF2 = 0X0010 AF3 = 0X0011, AF4 = 0X0100
 131              		@ AF5 = 0X0101, AF6 = 0X0111, AF7 = 0X1000
 132              	@@@@@@@@@@@@@@@@@@@@@@@@@@@@@@@@@@@@@@@@@@@@@@@@@@@@@@@@@@@@@@@@@@@@@@@@@@@@@@@@@@@@@@@@@@@@@@
 133              	
 134 00ea 3B48     		ldr r0, = 0x48000000
 135 00ec 3B49     		ldr r1, = 0x28205403
 136 00ee 0160     		str r1, [r0]
 137              	
 138 00f0 3B49     		ldr r1, = 0x200
 139 00f2 4162     		str r1, [r0, # 0x24]
 140              	
 141              	
 142              	_shiyan111:
 143 00f4 3B48     		ldr r0, = 0xffeeccaa
 144 00f6 344A     		ldr r2, = shumaguanma
 145 00f8 00F005F8 		bl _zhuanshumaguanma
 146 00fc 0820     		movs r0, # 8
 147 00fe 8000     		lsls r0, r0, # 2
 148 0100 00F010F8 		bl _xieshumaguan
 149 0104 F6E7     		b _shiyan111
 150              	
 151              	_zhuanshumaguanma:			@ 转数码管码
 152              			@ R0要转的数据,R2结果表首地址
 153 0106 FFB5     		push {r0-r7,lr}
 154 0108 374F     		ldr r7, = shumaguanmabiao
 155 010a 0021     		movs r1, # 0
 156              	_xunhuanqiuma:
 157 010c 1C24     		movs r4, # 28
 158 010e 641A     		subs r4, r4,  r1
 159 0110 0546     		mov r5, r0
 160 0112 A540     		lsls r5, r5, r4
 161 0114 2D0F     		lsrs r5, r5, # 28
 162 0116 AD00     		lsls r5, r5, # 2
 163 0118 7E59     		ldr r6, [r7, r5]
ARM GAS  1.s 			page 4


 164 011a 5650     		str r6, [r2, r1]
 165 011c 0431     		adds r1, r1, # 0x04
 166 011e 2029     		cmp r1, # 32
 167 0120 F4D1     		bne _xunhuanqiuma
 168              		
 169              		
 170 0122 FFBD     		pop {r0-r7,pc}
 171              	_xieshumaguan:			 @ r0=位数 @数码管码
 172 0124 FFB5     		push {r0-r7,lr}
 173 0126 0027     		movs r7, # 0
 174 0128 0646     		mov r6, r0
 175 012a 274D     		ldr r5, = shumaguanma
 176 012c 2F4A     		ldr r2, = shumaguanshuaxinbiao
 177              	_shumaguanshuaxin:
 178 012e EB59     		ldr r3, [r5, r7]
 179 0130 D459     		ldr r4, [r2, r7]
 180 0132 1C43     		orrs r4, r4, r3
 181 0134 2046     		mov r0, r4
 182 0136 00F004F8 		bl _xie595
 183 013a 0437     		adds  r7, r7, # 4
 184 013c B742     		cmp r7, r6
 185 013e F6D9     		bls _shumaguanshuaxin
 186 0140 FFBD     		pop {r0-r7,pc}
 187              	_xie595:		 @ R0=要写的数据
 188 0142 FFB5     		push {r0-r7,lr}
 189 0144 0546     		mov r5, r0
 190 0146 4020     		movs r0, # 0x40
 191 0148 8027     		movs r7, # 0x80
 192 014a 2026     		movs r6, # 0x20
 193 014c 1023     		movs r3, # 16   @16位
 194 014e 224A     		ldr r2, = 0x48000000 @ gpioa
 195 0150 0121     		movs r1, # 0x01
 196              	_xunhuan595:
 197 0152 9761     		str r7, [r2, # 0x18]
 198 0154 00F014F8 		bl _yanshi
 199 0158 0D42     		tst r5, r1
 200 015a 01D1     		bne _xie595_0
 201 015c 9062     		str r0, [r2, # 0x28]
 202 015e 00E0     		b _suocun595
 203              	_xie595_0:
 204 0160 9061     		str r0, [r2, # 0x18]
 205              	_suocun595:
 206 0162 00F00DF8 		bl _yanshi
 207 0166 6D08     		lsrs r5, # 1
 208 0168 9762     		str r7, [r2, # 0x28]
 209 016a 00F009F8 		bl _yanshi
 210 016e 013B     		subs r3, r3, # 1
 211 0170 EFD1     		bne _xunhuan595
 212 0172 9661     		str r6, [r2, # 0x18]
 213 0174 00F004F8 		bl _yanshi
 214 0178 9662     		str r6, [r2, # 0x28]
 215 017a 00F001F8 		bl _yanshi
 216 017e FFBD     		pop {r0-r7,pc}
 217              	
 218              	_yanshi:
 219 0180 80B5     		push {r7,lr}
 220 0182 1B4F     		ldr r7, = 30
ARM GAS  1.s 			page 5


 221              	_yanshi11:
 222 0184 013F     		subs r7, # 1
 223 0186 FDD1     		bne _yanshi11
 224 0188 80BD     		pop {r7,pc}
 225              	
 226              	_chufa:			@软件除法
 227              		@ r0 除以 r1 等于 商(r0)余数R1
 228 018a 1EB5     		push {r1-r4,lr}
 229 018c 0028     		cmp r0, # 0
 230 018e 0ED0     		beq _chufafanhui
 231 0190 0029     		cmp r1, # 0
 232 0192 0CD0     		beq _chufafanhui
 233 0194 0246     		mov r2, r0
 234 0196 0123     		movs r3, # 1
 235 0198 DB07     		lsls r3, r3, # 31
 236 019a 0020     		movs r0, # 0
 237 019c 0446     		mov r4, r0
 238              	_chufaxunhuan:
 239 019e 5200     		lsls r2, r2, # 1
 240 01a0 6441     		adcs r4, r4, r4
 241 01a2 8C42     		cmp r4, r1
 242 01a4 01D3     		bcc _chufaweishubudao0
 243 01a6 C018     		adds r0, r0, r3
 244 01a8 641A     		subs r4, r4, r1
 245              	_chufaweishubudao0:
 246 01aa 5B08     		lsrs r3, r3, # 1
 247 01ac F7D1     		bne _chufaxunhuan
 248              	_chufafanhui:
 249 01ae 1EBD     		pop {r1-r4,pc}
 250              		
 251              	_nmi_handler:
 252 01b0 7047     		bx lr
 253              	_hard_fault:
 254 01b2 7047     		bx lr
 255              	_svc_handler:
 256 01b4 7047     		bx lr
 257              	_pendsv_handler:
 258 01b6 70470010 		bx lr
 258      02400020 
 258      02400200 
 258      10000100 
 258      00010000 
ARM GAS  1.s 			page 6


DEFINED SYMBOLS
                 1.s:5      *ABS*:0000000020001000 STACKINIT
                 1.s:7      *ABS*:0000000020000000 shumaguanma
                 1.s:8      *ABS*:0000000020000100 dianyabiao
                 1.s:9      *ABS*:00000000200000fc paixujieguo
                 1.s:10     .data:0000000000000000 shumaguanmabiao
                 1.s:12     .data:0000000000000040 shumaguanshuaxinbiao
                 1.s:17     .text:0000000000000000 vectors
                 1.s:63     .text:00000000000000ac _start
                 1.s:251    .text:00000000000001b0 _nmi_handler
                 1.s:253    .text:00000000000001b2 _hard_fault
                 1.s:255    .text:00000000000001b4 _svc_handler
                 1.s:257    .text:00000000000001b6 _pendsv_handler
                 1.s:64     .text:00000000000000ac shizhong
                            .text:0000000000000000 $d
                 1.s:65     .text:00000000000000ac $t
                 1.s:74     .text:00000000000000be dengrc
                 1.s:78     .text:00000000000000c4 dengpll
                 1.s:85     .text:00000000000000ce dengdai14mshizhongwending
                 1.s:90     .text:00000000000000d4 neicunqingling
                 1.s:94     .text:00000000000000da neicunqinglingxunhuan
                 1.s:99     .text:00000000000000e0 _waisheshizhong
                 1.s:113    .text:00000000000000ea io_she_zhi
                 1.s:142    .text:00000000000000f4 _shiyan111
                 1.s:151    .text:0000000000000106 _zhuanshumaguanma
                 1.s:171    .text:0000000000000124 _xieshumaguan
                 1.s:156    .text:000000000000010c _xunhuanqiuma
                 1.s:177    .text:000000000000012e _shumaguanshuaxin
                 1.s:187    .text:0000000000000142 _xie595
                 1.s:196    .text:0000000000000152 _xunhuan595
                 1.s:218    .text:0000000000000180 _yanshi
                 1.s:203    .text:0000000000000160 _xie595_0
                 1.s:205    .text:0000000000000162 _suocun595
                 1.s:221    .text:0000000000000184 _yanshi11
                 1.s:226    .text:000000000000018a _chufa
                 1.s:248    .text:00000000000001ae _chufafanhui
                 1.s:238    .text:000000000000019e _chufaxunhuan
                 1.s:245    .text:00000000000001aa _chufaweishubudao0
                 1.s:258    .text:00000000000001b8 $d

NO UNDEFINED SYMBOLS
