ARM GAS  1.s 			page 1


   1              		@@ 单片机stm32f030f4p6
   2              		@@ 电桥						
   3              		@作者：yjmwxwx
   4              		@时间：2020-08-08
   5              		@编译器：ARM-NONE-EABI
   6              		.thumb
   7              		.syntax unified
   8              		.section .data
   9              		.align 4
  10              	zheng_xian_200khz:	@20*10
  11 0000 07000900 		.short 7,9,10,12,13,13,13,12,10,9,7,4,3,1,0,0,0,1,3,4,7,9,10,12,13,13,13,12,10,9,7,4,3,1,0,0,0,1,3
  11      0A000C00 
  11      0D000D00 
  11      0D000C00 
  11      0A000900 
  12              		.align 4
  13              	xuan_zhuan_yin_zi:
  14 0190 00800000 		.int 0x8000,0x0000,0x4B3C,0xFFFF9873,0xFFFFD873,0xFFFF8644,0xFFFF8644,0xFFFFD873,0xFFFF9873,0x4B3C
  14      00000000 
  14      3C4B0000 
  14      7398FFFF 
  14      73D8FFFF 
  15              		.align 4
  16              	cordic_yong_cos_sin:
  17 07d0 00000000 		.int 0x0000,0x4000,0x2D41,0x2D41,0x3B20,0x187D,0x3EC5,0x0C7C,0x3FB1,0x0645,0x3FEC,0x0323,0x3FFB,0x
  17      00400000 
  17      412D0000 
  17      412D0000 
  17      203B0000 
  18              		.align 4
  19              	dian_rong_dan_wei:
  20 0850 70460000 		.int  0x4670
  21              	dang_wei_biao:
  22 0854 19040000 		.word __dang_wei0 +1
  23 0858 1F040000 		.word __dang_wei1 +1
  24 085c 27040000 		.word __dang_wei2 +1
  25 0860 2F040000 		.word __dang_wei3 +1
  26 0864 37040000 		.word __dang_wei4 +1
  27 0868 3F040000 		.word __dang_wei5 +1
  28              	an_jian_biao:
  29 086c 37030000 		.word __an_jian0         	   	   +1	
  30 0870 EB020000 		.word __dang_wei_jia     	   	   +1
  31 0874 19030000 		.word __pin_lv_jia      	   	   +1
  32 0878 1F030000 		.word __an_jian3         	           +1
  33 087c 25030000 		.word __an_jian4 		   	   +1
  34 0880 2B030000 		.word __an_jian5          	          +1
  35 0884 31030000 		.word __an_jian6 		          +1
  36 0888 E5020000 		.word __an_jian7			   +1
  37 088c 00000000 		.align 4
  38              	yjmwxwx:
  39 0890 796A6D77 		.ascii "yjmwxwx-20200808"
  39      7877782D 
  39      32303230 
  39      30383038 
  40              		.align 4
  41              	kong:
  42 08a0 20202020 		.int 0x20202020
ARM GAS  1.s 			page 2


  43              	_fu:
  44 08a4 2D       		.ascii "-"
  45              	ou:
  46 08a5 F4000000 	        .int    0xf4
  47              	kai_lu_jiao_zhun:
  48 08a9 6B616920 		.ascii "kai lu jiao zhun"
  48      6C75206A 
  48      69616F20 
  48      7A68756E 
  49              	duan_lu_jiao_zhun:
  50 08b9 6475616E 		.ascii "duan lu jiaozhun"
  50      206C7520 
  50      6A69616F 
  50      7A68756E 
  51              	pi_pei_jiao_zhun:
  52 08c9 70692070 		.ascii "pi pei jiao zhun"
  52      6569206A 
  52      69616F20 
  52      7A68756E 
  53 08d9 00000000 		.align 4	
  53      000000
  54              		.equ STACKINIT,        	        0x20001000
  55              		.equ asciimabiao,		0x20000000
  56              		.equ fuhao,			0x200000f0
  57              		.equ Rs,			0x20000100	@串联电阻
  58              		.equ Xs,			0x20000104	@串联电抗
  59              		.equ Cs,			0x20000108	@串联电容
  60              		.equ jiaodu,			0x20000108
  61              		.equ kailu_r,			0x2000010c
  62              		.equ liangcheng,		0x20000110
  63              		.equ dangwei,			0x20000114
  64              		.equ jiaozhunkaiguan,		0x20000194
  65              		.equ dangweijiayanshi,		0x200001d8
  66              		.equ caidanzhizhen,		0x200001dc
  67              		.equ caidanbiao,		0x200001e0
  68              	        .equ dianyabiaozhizhen,         0x200001f8
  69              	        .equ dianyabiaoman,             0x200001fc
  70              		.equ dianyabiao,		0x20000200
  71              		.equ zhengxiangbiao,		0x20000390
  72              		.equ fanxiangbiao,		0x20000520
  73              	        .equ lvboqizhizhen,             0x20000a00
  74              	        .equ lvboqihuanchong,           0x20000a04
  75              	        .equ lvboqizhizhen2,            0x20000c20
  76              	        .equ lvboqihuanchong2,          0x20000c24
  77              		.equ kai_lu_r,			0x08002000
  78              		.equ kai_lu_i,			0x08002004
  79              		.equ duan_lu_r,			0x08002008
  80              		.equ duan_lu_i,			0x0800200c
  81              		.equ pi_pei_r,			0x08002010
  82              		.equ pi_pei_i,			0x08002014
  83              		.section .text
  84              	vectors:
  85 0000 00100020 		.word STACKINIT
  86 0004 B1000000 		.word _start + 1
  87 0008 510B0000 		.word _nmi_handler + 1
  88 000c 530B0000 		.word _hard_fault  + 1
  89 0010 00000000 		.word 0
ARM GAS  1.s 			page 3


  90 0014 00000000 		.word 0
  91 0018 00000000 		.word 0
  92 001c 00000000 		.word 0
  93 0020 00000000 		.word 0
  94 0024 00000000 		.word 0
  95 0028 00000000 		.word 0
  96 002c 550B0000 		.word _svc_handler +1
  97 0030 00000000 		.word 0
  98 0034 00000000 		.word 0
  99 0038 570B0000 		.word _pendsv_handler +1
 100 003c 590B0000 		.word _systickzhongduan +1           @ 15
 101 0040 590B0000 		.word aaa +1     @ _wwdg +1          @ 0
 102 0044 590B0000 		.word aaa +1     @_pvd +1            @ 1
 103 0048 590B0000 		.word aaa +1     @_rtc +1            @ 2
 104 004c 590B0000 		.word aaa +1     @_flash +1          @ 3
 105 0050 590B0000 		.word aaa +1	@ _rcc + 1           @ 4
 106 0054 590B0000 		.word aaa +1      @_exti0_1  +1      @ 5
 107 0058 590B0000 		.word aaa +1      @ _exti2_3 +1      @ 6
 108 005c 590B0000 		.word aaa +1       @_exti4_15 +1     @ 7
 109 0060 590B0000 		.word aaa +1                         @ 8
 110 0064 590B0000 		.word aaa +1	@__dma_wan  +1	     @ 9
 111 0068 590B0000 		.word aaa +1    @_dma1_2_3 +1        @ 10
 112 006c 590B0000 		.word aaa +1       @_dma1_4_5 +1     @ 11
 113 0070 590B0000 		.word aaa +1	 @_adc1 +1           @ 12
 114 0074 590B0000 		.word aaa +1       @_tim1_brk_up +1  @ 13
 115 0078 590B0000 		.word aaa +1        @ _tim1_cc +1    @ 14
 116 007c 590B0000 		.word aaa +1         @_tim2 +1       @ 15
 117 0080 590B0000 		.word aaa +1          @_tim3 +1      @ 16
 118 0084 590B0000 		.word aaa +1                         @ 17
 119 0088 590B0000 		.word aaa +1		             @ 18
 120 008c 590B0000 		.word aaa +1	@_tim14 +1           @ 19
 121 0090 590B0000 		.word aaa +1                         @ 20
 122 0094 590B0000 		.word aaa +1         @_tim16 +1      @ 21
 123 0098 590B0000 		.word aaa +1         @_tim17 +1      @ 22
 124 009c 590B0000 		.word aaa +1          @_i2c   +1     @ 23
 125 00a0 590B0000 		.word aaa +1                         @ 24
 126 00a4 590B0000 		.word aaa +1           @_spi   +1    @ 25
 127 00a8 590B0000 		.word aaa +1                         @ 26
 128 00ac 590B0000 		.word aaa +1         @_usart1 +1     @ 27
 129              		.align 2
 130              	_start:	
 131              	shizhong:
 132 00b0 5F4A     	        ldr r2, = 0x40022000   @FLASH访问控制
 133 00b2 3221     	        movs r1, # 0x32
 134 00b4 1160     	        str r1, [r2]           @FLASH缓冲 缓冲开启
 135 00b6 5F48     	        ldr r0, = 0x40021000 @ rcc
 136 00b8 5F49     		ldr r1, = 0x10001
 137 00ba 0160     	        str r1, [r0]
 138              	denghse:
 139 00bc 0168     	        ldr r1, [r0]
 140 00be 8903     	        lsls r1, r1, # 14
 141 00c0 FCD5     	        bpl denghse
 142              	dengpllguan:
 143 00c2 0168     	        ldr r1, [r0]
 144 00c4 8901     		lsls r1, r1, # 6
 145 00c6 FCD4     		bmi dengpllguan
 146 00c8 5C49     		ldr r1, = 0x150002
ARM GAS  1.s 			page 4


 147 00ca 0046     		mov r0, r0
 148 00cc 4160     		str r1, [r0, # 0x04]
 149 00ce 0046     		mov r0, r0
 150 00d0 5B49     		ldr r1, = 0x1010000
 151 00d2 0046     		mov r0, r0
 152 00d4 0160     		str r1, [r0]
 153              	
 154              	dengpll:
 155 00d6 0168     	        ldr r1, [r0]
 156 00d8 8901     		lsls r1, # 6
 157 00da FCD5     		bpl dengpll
 158              	
 159              	
 160 00dc 5949     		ldr r1, = 100
 161 00de 0163     		str r1, [r0, # 0x30]
 162              	_waisheshizhong:                         @ 外设时钟
 163              	        @+0x14=RCC_AHBENR
 164              		@ 0=DMA @ 2=SRAM @ 4=FLITF@ 6=CRC @ 17=PA @ 18=PB @ 19=PC @ 20=PD @ 22=PF
 165 00e0 5448     		ldr r0, = 0x40021000
 166 00e2 5949     		ldr r1, = 0x60001
 167 00e4 4161     	        str r1, [r0, # 0x14]
 168              	
 169              	        @+0x18外设时钟使能寄存器 (RCC_APB2ENR)
 170              	        @0=SYSCFG @5=USART6EN @9=ADC @11=TIM1 @12=SPI1 @14=USART1 @16=TIM15 @17=TIM16 @18=TIM17 @22
 171 00e6 5949     	        ldr r1, = 0xa00
 172 00e8 8161     		str r1, [r0, # 0x18]
 173              		@+0X1C=RCC_APB1ENR
 174              		@ 1=TIM3 @ 4=TIM6 @ 5=TIM7 @ 8=TIM14 @ 11=WWDG @ 14=SPI @ 17=USRT2 @ 18=USART3 @ 20=USART5 @ 21=I2
 175              		@ 22=I2C2 @ 23=USB @ 28=PWR
 176 00ea 594A     	        ldr r2, = 0x902
 177 00ec C261     	        str r2, [r0, # 0x1c]
 178              	
 179              	_neicunqingling:
 180 00ee 5948     		ldr r0, = 0x20000000
 181 00f0 0021     		movs r1, # 0
 182 00f2 594B     		ldr r3, = 0x1000
 183              	_neicunqinglingxunhuan:
 184 00f4 043B     		subs r3, # 4
 185 00f6 C150     		str r1, [r0, r3]
 186 00f8 FCD1     		bne _neicunqinglingxunhuan
 187              	
 188              	__fu_zhi_cai_dan_biao:
 189 00fa 5848     		ldr r0, = an_jian_biao
 190 00fc 5849     		ldr r1, = caidanbiao
 191 00fe 0268     		ldr r2, [r0]
 192 0100 4368     		ldr r3, [r0, # 0x04]
 193 0102 8468     	        ldr r4, [r0, # 0x08]
 194 0104 C568     	        ldr r5, [r0, # 0x0c]
 195 0106 0669     	        ldr r6, [r0, # 0x10]
 196 0108 4769     	        ldr r7, [r0, # 0x14]
 197 010a 0A60     	        str r2, [r1]
 198 010c 4B60     	        str r3, [r1, # 0x04]
 199 010e 8C60     	        str r4, [r1, # 0x08]
 200 0110 CD60     	        str r5, [r1, # 0x0c]
 201 0112 0E61     	        str r6, [r1, # 0x10]
 202 0114 4F61     	        str r7, [r1, # 0x14]
 203 0116 8269     		ldr r2, [r0, # 0x18]
ARM GAS  1.s 			page 5


 204 0118 C369     		ldr r3, [r0, # 0x1c]
 205 011a 8A61     		str r2, [r1, # 0x18]
 206 011c CB61     		str r3, [r1, # 0x1c]
 207              	_waishezhongduan:				@外设中断
 208              		@0xE000E100    0-31  写1开，写0没效
 209              		@0XE000E180    0-31 写1关，写0没效
 210              		@0XE000E200    0-31 挂起，写0没效
 211              		@0XE000E280    0-31 清除， 写0没效
 212 011e 5148     		ldr r0, =  0xe000e100
 213 0120 5149     		ldr r1, = 0x200 @0x10200  @ 0x10000
 214 0122 0160     		str r1, [r0]
 215              	@_kanmengou:
 216              	@	ldr r0, = 0x40003000
 217              	@	ldr r1, = 0x5555
 218              	@	str r1, [r0]
 219              	@	movs r1, # 7
 220              	@	str r1, [r0, # 4]
 221              	@	ldr r1, = 0xfff
 222              	@	str r1, [r0, # 8]
 223              	@	ldr r1, = 0xaaaa
 224              	@	str r1, [r0]
 225              	@	ldr r1, = 0xcccc
 226              	@	str r1, [r0]
 227              	
 228              	
 229              	@_systick:				@ systick定时器初始化
 230              	@
 231              	@	ldr r0, = 0xe000e010
 232              	@	ldr r1, = 0xffffff
 233              	@	str r1, [r0, # 4]
 234              	@	str r1, [r0, # 8]	
 235              	@	movs r1, # 0x07
 236              	@	str r1, [r0]
 237              		
 238              	io_she_zhi:
 239              		@@@@@@@@@@@@@@@@@@@@@@@@@@@@@@@@@@@@@@@@@@@@@@@@@@@@@@@@@@@@@@@@@@@@@@@@@@@@@@@@@@@@@@@@@@@@@@
 240              		@a(0x48000000)b(0x48000400)c(0x48000800)d(0x48000c00)f(0x48001400)
 241              		@ 输入（00），通用输出（01），复用功能（10），模拟（11）
 242              		@偏移0x4 = 端口输出类型 @ （0 推挽），（ 1 开漏）
 243              		@偏移0x8 = 输出速度  00低速， 01中速， 11高速
 244              		@偏移0xC = 上拉下拉 (00无上下拉，  01 上拉， 10下拉)
 245              		@偏移0x10 = 输入数据寄存器
 246              		@偏移0x14 = 输出数据寄存器
 247              		@偏移0x18 = 端口开  0-15置位
 248              		@偏移0x28 = 端口关
 249              		@0X20 = 复用低
 250              		@GPIO口0（0-3位）每个IO口占用4位
 251              		@ AF0 = 0X0000, AF1 = 0X0001, AF2 = 0X0010 AF3 = 0X0011, AF4 = 0X0100
 252              		@ AF5 = 0X0101, AF6 = 0X0111, AF7 = 0X1000
 253              		@0x24 = 复用高
 254              		@GPIO口8 （0-3位）每个IO口占用4位
 255              		@ AF0 = 0X0000, AF1 = 0X0001, AF2 = 0X0010 AF3 = 0X0011, AF4 = 0X0100
 256              		@ AF5 = 0X0101, AF6 = 0X0111, AF7 = 0X1000
 257              		@@@@@@@@@@@@@@@@@@@@@@@@@@@@@@@@@@@@@@@@@@@@@@@@@@@@@@@@@@@@@@@@@@@@@@@@@@@@@@@@@@@@@@@@@@@@@@
 258              	
 259 0124 5148     		ldr r0, = 0x48000000
 260 0126 5249     		ldr r1, = 0x2824544f
ARM GAS  1.s 			page 6


 261 0128 0160     		str r1, [r0]
 262 012a 5249     		ldr r1, =  0x2e8
 263 012c 4160     		str r1, [r0, # 0x04]
 264 012e 4E49     		ldr r1, = 0x200
 265 0130 4162     		str r1, [r0, # 0x24]
 266 0132 5149     		ldr r1, = 0x110
 267 0134 C160     		str r1, [r0, # 0x0c]
 268              		
 269 0136 5148     		ldr r0, = 0x48000400
 270 0138 0221     		movs r1, # 0x02
 271 013a 4160     		str r1, [r0, # 0x04]
 272 013c 0421     		movs r1, # 0x04
 273 013e C160     		str r1, [r0, # 0x0c]
 274              	_lcdchushihua:
 275 0140 3320     		movs r0, # 0x33
 276 0142 0021     		movs r1, # 0
 277 0144 00F03DFB 		bl _xielcd
 278 0148 00F036FB 		bl _lcdyanshi
 279              	
 280 014c 3220     		movs r0, # 0x32
 281 014e 0021     		movs r1, # 0
 282 0150 00F037FB 		bl _xielcd
 283 0154 00F030FB 		bl _lcdyanshi
 284 0158 2820     		movs r0, # 0x28
 285 015a 0021     		movs r1, # 0
 286 015c 00F031FB 		bl _xielcd
 287 0160 00F02AFB 		bl _lcdyanshi
 288 0164 0C20     		movs r0, # 0x0c
 289 0166 0021     		movs r1, # 0
 290 0168 00F02BFB 		bl _xielcd
 291 016c 00F024FB 		bl _lcdyanshi
 292 0170 0120     		movs r0, # 0x01
 293 0172 0021     		movs r1, # 0
 294 0174 00F025FB 		bl _xielcd
 295 0178 00F01EFB 		bl _lcdyanshi
 296              	
 297 017c 8020     	        movs r0, # 0x80
 298 017e 4049     	        ldr r1, = yjmwxwx
 299 0180 1022     		movs r2, # 16
 300 0182 00F00BFB 	        bl _lcdxianshi
 301 0186 3F48     		ldr r0, = 0xffff
 302              	yjmwxwx_yanshi:
 303 0188 0138     		subs r0, r0, # 1
 304 018a FDD1     		bne yjmwxwx_yanshi
 305              	
 306              	_adcchushihua:
 307 018c 3E48     	        ldr r0, = 0x40012400  @ adc基地址
 308 018e 3F49     	        ldr r1, = 0x80000000
 309 0190 8160     	        str r1, [r0, # 0x08]  @ ADC 控制寄存器 (ADC_CR)  @adc校准
 310              	_dengadcjiaozhun:
 311 0192 8168     	        ldr r1, [r0, # 0x08]
 312 0194 0900     	        movs r1, r1
 313 0196 FCD4     	        bmi _dengadcjiaozhun   @ 等ADC校准
 314 0198 0121     		movs r1, # 1
 315 019a 0160     		str r1, [r0]
 316              	_kaiadc:
 317 019c 8168     	        ldr r1, [r0, # 0x08]
ARM GAS  1.s 			page 7


 318 019e 0122     	        movs r2, # 0x01
 319 01a0 1143     	        orrs r1, r1, r2
 320 01a2 8160     	        str r1, [r0, # 0x08]
 321              	_deng_adc_wen_ding:
 322 01a4 0168     	        ldr r1, [r0]
 323 01a6 C907     	        lsls r1, r1, # 31
 324 01a8 FCD5     	        bpl _deng_adc_wen_ding @ 等ADC稳定
 325              	_tongdaoxuanze:
 326 01aa 3949     	        ldr r1, = 0x40000000
 327 01ac 0161     	        str r1, [r0, # 0x10]
 328 01ae 3949     	        ldr r1, = 0x02
 329 01b0 8162     	        str r1, [r0, # 0x28]    @ 通道选择寄存器 (ADC_CHSELR)
 330 01b2 3949     	        ldr r1, = 0xc03 @ 0xc43		@TIM3 0x8c3 @0x2003 @0x8c3
 331 01b4 C160     	        str r1, [r0, # 0x0c]    @ 配置寄存器 1 (ADC_CFGR1)
 332 01b6 0021     	        movs r1, # 0
 333 01b8 4161     		str r1, [r0, # 0x14]    @ ADC 采样时间寄存器 (ADC_SMPR)
 334 01ba 8168     	        ldr r1, [r0, # 0x08]
 335 01bc 374A     	        ldr r2, = 0x04         @ 开始转换
 336 01be 1143     		orrs r1, r1, r2
 337 01c0 8160     	        str r1, [r0, # 0x08]    @ 控制寄存器 (ADC_CR)
 338              	dmachushihua:
 339              	        @+0=LSR,+4=IFCR,
 340              	        @+8=CCR1,+c=CNDTR1,+10=CPAR1+14=CMAR1,
 341              	        @+1c=CCR2,+20=CNDTR2,+24=CPAR2,+28=CMAR2
 342              	        @+30=CCR3,+34=CNDTR3,+38=CPAR2,+3c=CMAR3
 343              	        @+44=CCR4,+48=CNDTR4,+4c=CPAR4,+50=CMAR4
 344              	        @+58=CCR5,+5c=CNDTR5,+60=CPAR5,+64=CMAR5
 345              	        @+6C=CCR6,+70=CNDTR6,+74=CPAR6,+78=CMAR6
 346              	        @+80=CCR7,+84=CNDTR7,+88=CPAR7,+8c=CMAR7
 347              	        @tim1ch3DMA
 348              	
 349              	        @tim1ch3DMA
 350 01c2 3748     	        ldr r0, = 0x40020000
 351 01c4 3749     	        ldr r1, = 0x40012c3c @ 外设地址
 352 01c6 0166     	        str r1, [r0, # 0x60]
 353 01c8 3749     	        ldr r1, = zheng_xian_200khz @ 储存器地址
 354 01ca 4166     	        str r1, [r0, # 0x64]
 355 01cc 3749     	        ldr r1, = 200             @点数
 356 01ce C165     	        str r1, [r0, # 0x5c]
 357 01d0 3749     	        ldr r1, = 0x35b1         @ 储存到外设
 358 01d2 8165     	        str r1, [r0, # 0x58]
 359              	
 360              		@ adc dma
 361 01d4 3248     		ldr r0, = 0x40020000
 362 01d6 3749     		ldr r1, = 0x40012440
 363 01d8 0161     		str r1, [r0, # 0x10]
 364 01da 3749     		ldr r1, = dianyabiao
 365 01dc 4161     		str r1, [r0, # 0x14]
 366 01de 3349     		ldr r1, = 200
 367 01e0 C160     		str r1, [r0, # 0x0c]
 368 01e2 3649     		ldr r1, = 0x5a1 @  0x583 	@ 5a1
 369 01e4 8160     		str r1, [r0, # 0x08]
 370              	
 371              		
 372              	tim1chushiha:				
 373 01e6 3648     	        ldr r0, = 0x40012c00 @ tim1_cr1
 374 01e8 0021     	        movs r1, # 0
ARM GAS  1.s 			page 8


 375 01ea 8162     	        str r1, [r0, # 0x28] @ psc
 376 01ec 3549     		ldr r1, = 13
 377 01ee C162     	        str r1, [r0, # 0x2c] @ ARR
 378              		@movs r1, # 0x40
 379 01f0 2021     	        movs r1, # 0x20
 380 01f2 4160     	        str r1, [r0, # 0x04] @ TRGO
 381 01f4 3821     	        movs r1, # 0x38
 382 01f6 8161     	        str r1, [r0, # 0x18] @ ccmr1 cc1
 383 01f8 0D21     	        movs r1, # 13
 384 01fa 4163     	        str r1, [r0, # 0x34]
 385 01fc 3249     	        ldr r1, = 0x68
 386 01fe C161     	        str r1, [r0, # 0x1c] @ ccmr2  CC3
 387 0200 3249     		ldr r1, = 0x100    @  CC3
 388 0202 0162     		str r1, [r0, # 0x20] @ ccer
 389 0204 3249     		ldr r1, = 0x8000
 390 0206 4164     		str r1, [r0, # 0x44] @ BDTR
 391 0208 3249     	        ldr r1, = 0x800 @ CC3 DMA
 392 020a C160     	        str r1, [r0, # 0x0c] @ DIER
 393 020c 3249     	        ldr r1, = 0x81
 394 020e 0160     		str r1, [r0]
 395              	
 396 0210 1648     		ldr r0,= 0x48000000
 397 0212 0821     		movs r1, # 0x08
 398 0214 8162     		str r1, [r0, # 0x28]
 399              	
 400              		
 401 0216 3148     		ldr r0, = 0xffffff
 402              	adc_yanshi:
 403 0218 0138     		subs r0, r0, # 1
 404 021a FDD1     		bne adc_yanshi
 405 021c 0120     	        movs r0, # 0x01
 406 021e 0021     	        movs r1, # 0
 407 0220 00F0CFFA 	        bl _xielcd
 408 0224 00F0C8FA 		bl _lcdyanshi
 409              	
 410 0228 2D48     		ldr r0, = liangcheng
 411 022a 8021     		movs r1, # 0x80
 412 022c 0160     		str r1, [r0]
 413 022e 82E0     		b ting
 414 0230 00200240 		.ltorg
 414      00100240 
 414      01000100 
 414      02001500 
 414      00000101 
 415              	__an_jian7:
 416 02e4 00F0E8F9 		bl __an_jian
 417 02e8 8BE0     		b __cai_dan_diao_du
 418              	__dang_wei_jia:
 419 02ea B948     		ldr r0, = dangweijiayanshi
 420 02ec 0168     		ldr r1, [r0]
 421 02ee 0131     		adds r1, r1, # 1
 422 02f0 0160     		str r1, [r0]
 423 02f2 6429     		cmp r1, # 100
 424 02f4 09D1     		bne __dang_wei_fan_hui
 425 02f6 0021     		movs r1, # 0
 426 02f8 0160     		str r1, [r0]
 427 02fa B648     		ldr r0, = dangwei
ARM GAS  1.s 			page 9


 428 02fc 0168     		ldr r1, [r0]
 429 02fe 0131     		adds r1, r1, # 1
 430 0300 0160     		str r1, [r0]
 431 0302 0529     		cmp r1, # 5
 432 0304 01D1     		bne __dang_wei_fan_hui
 433 0306 0021     		movs r1, # 0
 434 0308 0160     		str r1, [r0]
 435              	__dang_wei_fan_hui:
 436 030a 00F07EF8 		bl __dang_wei_she_zhi
 437 030e 00F099F8 		bl __dang_wei_xian_shi
 438 0312 00F0D1F9 	        bl __an_jian
 439 0316 74E0     		b __cai_dan_diao_du
 440              	__pin_lv_jia:
 441 0318 00F0CEF9 	        bl __an_jian
 442 031c 71E0     		b __cai_dan_diao_du
 443              	__an_jian3:
 444 031e 00F0CBF9 	        bl __an_jian
 445 0322 6EE0     	        b __cai_dan_diao_du
 446              	__an_jian4:
 447 0324 00F0C8F9 	        bl __an_jian
 448 0328 6BE0     	        b __cai_dan_diao_du
 449              	__an_jian5:
 450 032a 00F0C5F9 	        bl __an_jian
 451 032e 68E0     	        b __cai_dan_diao_du
 452              	__an_jian6:
 453 0330 00F0C2F9 	        bl __an_jian
 454 0334 65E0     		b __cai_dan_diao_du
 455              	__an_jian0:	
 456              	ting:
 457 0336 00F085F8 		bl __dang_wei_xian_shi
 458 033a 00F0A6F8 		bl __ji_suan_zu_kang
 459 033e 00F08FF8 		bl __dian_rong_ji_suan
 460              	__xianshi_zukang:	
 461 0342 8F20     	        movs r0, # 0x8f
 462 0344 A449     		ldr r1, = ou
 463 0346 0122     	        movs r2, # 1
 464 0348 00F028FA 	        bl _lcdxianshi
 465 034c A348     		ldr r0, = Rs		@dianzu
 466 034e 0168     		ldr r1, [r0]
 467 0350 0C00     	       movs r4, r1
 468 0352 07D5     		bpl __dian_zu_bu_shi_zheng
 469 0354 8220     		movs r0, # 0x82
 470 0356 A249     	        ldr r1, = _fu
 471 0358 0122     	        movs r2, # 1
 472 035a 00F01FFA 	        bl _lcdxianshi
 473 035e E443     	        mvns r4, r4
 474 0360 0134     	        adds r4, r4, # 1
 475 0362 04E0     	        b __xian_shi_dian_zu
 476              	__dian_zu_bu_shi_zheng:
 477 0364 8220     		movs r0, # 0x82
 478 0366 9F49     		ldr r1, = kong
 479 0368 0122     		movs r2, # 1
 480 036a 00F017FA 	        bl _lcdxianshi
 481              	__xian_shi_dian_zu:
 482 036e 2046     	        mov r0, r4
 483 0370 0521     	        movs r1, # 5
 484 0372 9D4A     	        ldr r2, = asciimabiao
ARM GAS  1.s 			page 10


 485 0374 0323     	        movs r3, # 3
 486 0376 00F060FA 	        bl _zhuanascii
 487 037a 8320     	        movs r0, # 0x83
 488 037c 9A49     	        ldr r1, = asciimabiao
 489 037e 0522     	        movs r2, # 5
 490 0380 00F00CFA 	        bl _lcdxianshi
 491              	
 492 0384 9948     	        ldr r0, = Xs		@diankang
 493 0386 0168     	        ldr r1, [r0]
 494 0388 0C00     	       movs r4, r1
 495 038a 07D5     	        bpl __dian_kang_bu_shi_zheng
 496 038c 8820     	        movs r0, # 0x88
 497 038e 9449     	        ldr r1, = _fu
 498 0390 0122     	        movs r2, # 1
 499 0392 00F003FA 	        bl _lcdxianshi
 500 0396 E443     	        mvns r4, r4
 501 0398 0134     	        adds r4, r4, # 1
 502 039a 04E0     	        b __xian_shi_dian_kang
 503              	__dian_kang_bu_shi_zheng:
 504 039c 8820     	        movs r0, # 0x88
 505 039e 9149     	        ldr r1, = kong
 506 03a0 0122     	        movs r2, # 1
 507 03a2 00F0FBF9 	        bl _lcdxianshi
 508              	__xian_shi_dian_kang:
 509 03a6 2046     	        mov r0, r4
 510 03a8 0521     	        movs r1, # 5
 511 03aa 8F4A     	        ldr r2, = asciimabiao
 512 03ac 0323     	        movs r3, # 3
 513 03ae 00F044FA 	        bl _zhuanascii
 514 03b2 8920     	        movs r0, # 0x89
 515 03b4 8C49     	        ldr r1, = asciimabiao
 516 03b6 0522     	        movs r2, # 5
 517 03b8 00F0F0F9 	        bl _lcdxianshi
 518              								@显示电容
 519 03bc 8C48     	        ldr r0, = Cs            @diankang
 520 03be 0168     	        ldr r1, [r0]
 521 03c0 0C00     	       movs r4, r1
 522 03c2 07D5     	        bpl __dian_rong_bu_shi_zheng
 523 03c4 C820     	        movs r0, # 0xc8
 524 03c6 8649     	        ldr r1, = _fu
 525 03c8 0122     	        movs r2, # 1
 526 03ca 00F0E7F9 	        bl _lcdxianshi
 527 03ce E443     	        mvns r4, r4
 528 03d0 0134     	        adds r4, r4, # 1
 529 03d2 04E0     	        b __xian_shi_dian_rong
 530              	__dian_rong_bu_shi_zheng:
 531 03d4 C820     	        movs r0, # 0xc8
 532 03d6 8349     	        ldr r1, = kong
 533 03d8 0122     		movs r2, # 1
 534 03da 00F0DFF9 		bl _lcdxianshi
 535              	__xian_shi_dian_rong:
 536 03de 2046     	        mov r0, r4
 537 03e0 0521     	        movs r1, # 5
 538 03e2 FF23     		movs r3, # 0xff
 539 03e4 804A     	        ldr r2, = asciimabiao
 540 03e6 00F028FA 	        bl _zhuanascii
 541 03ea C920     		movs r0, # 0xc9
ARM GAS  1.s 			page 11


 542 03ec 7E49     	        ldr r1, = asciimabiao
 543 03ee 0522     	        movs r2, # 5
 544 03f0 00F0D4F9 	        bl _lcdxianshi
 545              	__xian_shi_dian_rong_dan_wei:	
 546 03f4 7F49     		ldr r1, = dian_rong_dan_wei
 547 03f6 CE20     		movs r0, # 0xce
 548 03f8 0222     		movs r2, # 2
 549 03fa 00F0CFF9 		bl _lcdxianshi
 550 03fe 00F05BF9 		bl __an_jian
 551              	__cai_dan_diao_du:
 552 0402 8000     		lsls r0, r0, # 2
 553 0404 7C49     		ldr r1, = caidanbiao
 554 0406 0A58     		ldr r2, [r1, r0]
 555 0408 9746     		mov pc, r2
 556              		
 557              		
 558              	__dang_wei_she_zhi:	
 559              		@ liangcheng 0x00=100,0x80=1K,0x40=10K,0xc0=100K
 560              		@0=9,1=100,2=1k,3=10k,4=100k,5=900k
 561 040a 3FB5     		push {r0-r5,lr}
 562 040c 7149     		ldr r1, = dangwei
 563 040e 7B48     		ldr r0, = dang_wei_biao
 564 0410 0968     		ldr r1, [r1]
 565 0412 8900     		lsls r1, r1, # 2
 566 0414 4258     		ldr r2, [r0, r1]
 567 0416 9746     		mov pc, r2
 568              	__dang_wei0:
 569 0418 0020     		movs r0, # 0
 570 041a 8446     		mov r12, r0
 571 041c 3FBD     	        pop {r0-r5,pc}
 572              	__dang_wei1:
 573 041e 7848     		ldr r0, = liangcheng
 574 0420 0021     		movs r1, # 0x00
 575 0422 0160     		str r1, [r0]
 576 0424 3FBD     	        pop {r0-r5,pc}
 577              	__dang_wei2:
 578 0426 7648     		ldr r0, = liangcheng
 579 0428 8021     		movs r1, # 0x80
 580 042a 0160     		str r1, [r0]
 581 042c 3FBD     	        pop {r0-r5,pc}
 582              	__dang_wei3:
 583 042e 7448     		ldr r0, = liangcheng
 584 0430 4021     		movs r1, # 0x40
 585 0432 0160     		str r1, [r0]
 586 0434 3FBD     	        pop {r0-r5,pc}
 587              	__dang_wei4:
 588 0436 7248     		ldr r0, = liangcheng
 589 0438 C021     		movs r1, # 0xc0
 590 043a 0160     		str r1, [r0]
 591 043c 3FBD     	        pop {r0-r5,pc}
 592              	__dang_wei5:
 593 043e 0420     		movs r0, # 4
 594 0440 8446     		mov r12, r0
 595 0442 3FBD     		pop {r0-r5,pc}
 596              	__dang_wei_xian_shi:
 597 0444 0FB5     	        push {r0-r3,lr}
 598 0446 6348     		ldr r0, = dangwei
ARM GAS  1.s 			page 12


 599 0448 0121     		movs r1, # 1
 600 044a 0068     		ldr r0, [r0]
 601 044c 664A     	        ldr r2, = asciimabiao
 602 044e FF23     	        movs r3, # 0xff
 603 0450 00F0F3F9 	        bl _zhuanascii
 604 0454 8020     	        movs r0, # 0x80
 605 0456 6449     	        ldr r1, = asciimabiao
 606 0458 0122     	        movs r2, # 1
 607 045a 00F09FF9 	        bl _lcdxianshi
 608 045e 0FBD     	        pop {r0-r3,pc}
 609              	__dian_rong_ji_suan:
 610 0460 1FB5     		push {r0-r4,lr}
 611 0462 6248     		ldr r0, = Xs
 612 0464 0268     		ldr r2, [r0]
 613 0466 1200     		movs r2, r2
 614 0468 01D5     		bpl __dianrong_bu_shi_fu
 615 046a D243     		mvns r2, r2
 616 046c 0132     		adds r2, r2, # 1
 617              	__dianrong_bu_shi_fu:
 618 046e 1000     		movs r0, r2
 619 0470 0A21     		movs r1, # 10
 620 0472 00F002FB 		bl __chu_fa
 621 0476 0246     		mov r2, r0
 622 0478 6249     		ldr r1, = 1256637
 623 047a 4A43     		muls r2, r2, r1
 624 047c 6249     		ldr r1, = 0xd4a51000
 625 047e E820     		movs r0, # 0xe8
 626 0480 00F08EFA 		bl __chufa64
 627 0484 5A4B     		ldr r3, = Cs
 628 0486 1960     		str r1, [r3]
 629 0488 1FBD     		pop {r0-r4,pc}
 630              		
 631              	__ji_suan_zu_kang:
 632 048a FFB5     		push {r0-r7,lr}
 633 048c 5F48     		ldr r0, = 0x48000000
 634 048e 6049     		ldr r1, = 0x200
 635 0490 8161     		str r1, [r0, # 0x18]
 636 0492 00F030F8 		bl __tong_dao_qie_huan
 637 0496 5F48     		ldr r0, = zhengxiangbiao
 638 0498 5F49     		ldr r1, = fanxiangbiao
 639 049a 00F04DF8 		bl __DFT_ji_suan
 640 049e 0646     		mov r6, r0
 641 04a0 0F46     		mov r7, r1
 642              	
 643 04a2 5A48     		ldr r0, = 0x48000000
 644 04a4 5A49     	        ldr r1, = 0x200
 645 04a6 8162     	        str r1, [r0, # 0x28]
 646 04a8 00F025F8 	        bl __tong_dao_qie_huan
 647 04ac 5948     		ldr r0, = zhengxiangbiao
 648 04ae 5A49     		ldr r1, = fanxiangbiao
 649 04b0 00F042F8 	        bl __DFT_ji_suan
 650 04b4 3246     		mov r2, r6
 651 04b6 3B46     		mov r3, r7
 652 04b8 D243     		mvns r2, r2
 653 04ba DB43     		mvns r3, r3
 654 04bc 0132     		adds r2, r2, # 1
 655 04be 0133     		adds r3, r3, # 1
ARM GAS  1.s 			page 13


 656 04c0 4010     		asrs r0, r0, # 1
 657 04c2 4910     		asrs r1, r1, # 1
 658 04c4 5210     		asrs r2, r2, # 1
 659 04c6 5B10     		asrs r3, r3, # 1
 660 04c8 00F0FEF9 		bl __fu_shu_chu_fa
 661 04cc 1346     		mov r3, r2
 662 04ce 0F46     		mov r7, r1
 663 04d0 5248     	        ldr r0, = lvboqihuanchong
 664 04d2 5349     	        ldr r1, = 64
 665 04d4 534A     	        ldr r2, = lvboqizhizhen
 666 04d6 00F04DF9 	        bl _lvboqi
 667 04da 3B46     		mov r3, r7
 668 04dc 0746     		mov r7, r0
 669 04de 5248     	        ldr r0, = lvboqihuanchong2
 670 04e0 4F49     	        ldr r1, = 64
 671 04e2 524A     	        ldr r2, = lvboqizhizhen2
 672 04e4 00F046F9 	        bl _lvboqi
 673 04e8 0146     		mov r1, r0
 674 04ea 3A46     		mov r2, r7
 675 04ec 3B4C     		ldr r4, = Rs
 676 04ee 3F4D     		ldr r5, = Xs
 677 04f0 2260     		str r2, [r4]
 678 04f2 2960     		str r1, [r5]
 679 04f4 FFBD     		pop {r0-r7,pc}
 680              	__tong_dao_qie_huan:
 681 04f6 0FB5     		push {r0-r3,lr}
 682 04f8 4D48     		ldr r0, = dianyabiao
 683 04fa 4E4B     		ldr r3, = 0x40012428
 684 04fc 0121     		movs r1, # 0x01
 685 04fe 1960     		str r1, [r3]
 686 0500 00F00DF8 		bl __tong_dao_qie_huan_yan_shi
 687 0504 4349     		ldr r1, = zhengxiangbiao
 688 0506 C822     		movs r2, # 200
 689 0508 00F00EF8 		bl __fu_zhi_nei_cun
 690 050c 0221     		movs r1, # 0x02
 691 050e 1960     		str r1, [r3]
 692 0510 00F005F8 		bl __tong_dao_qie_huan_yan_shi
 693 0514 4049     		ldr r1, = fanxiangbiao
 694 0516 C822     		movs r2, # 200
 695 0518 00F006F8 		bl __fu_zhi_nei_cun
 696 051c 0FBD     		pop {r0-r3,pc}
 697              		
 698              	__tong_dao_qie_huan_yan_shi:
 699 051e 80B5     		push {r7,lr}
 700 0520 454F     		ldr r7, = 0xffff
 701              	__tong_dao_qie_huan_yan_shi_xun_huan:
 702 0522 013F     		subs r7, r7, # 1
 703 0524 FDD1     		bne __tong_dao_qie_huan_yan_shi_xun_huan
 704 0526 80BD     		pop {r7,pc}
 705              	__fu_zhi_nei_cun:
 706              		@ 入口 R0 = 要复制的地址，R1=目标地址，R2=复制的数量
 707 0528 18B5     		push {r3-r4,lr}
 708 052a 0024     		movs r4, # 0
 709              	__fu_zhi_xun_huan:	
 710 052c 035B     		ldrh r3, [r0, r4]
 711 052e 0B53     		strh r3, [r1, r4]
 712 0530 0234     		adds r4, r4, # 2
ARM GAS  1.s 			page 14


 713 0532 013A     		subs r2, r2, # 1
 714 0534 FAD1     		bne __fu_zhi_xun_huan
 715 0536 18BD     		pop {r3-r4,pc}
 716              	__DFT_ji_suan:
 717              		@入口R0=正相表，R1=反相表
 718 0538 FCB5     		push {r2-r7,lr}
 719 053a 4446     		mov r4, r8
 720 053c 4D46     		mov r5, r9
 721 053e 5646     		mov r6, r10
 722 0540 70B4     		push {r4-r6}
 723 0542 0026     		movs r6, # 0
 724 0544 B046     		mov r8, r6
 725 0546 B146     		mov r9, r6
 726 0548 C822     		movs r2, # 200
 727 054a 9218     		adds r2, r2, r2
 728 054c 9246     		mov r10, r2
 729 054e 3246     		mov r2, r6
 730              	__ji_suan_dft_xun_huan:
 731 0550 835A     		ldrh r3, [r0, r2]
 732 0552 8C5A     		ldrh r4, [r1, r2]
 733 0554 002B     		cmp r3, # 0
 734 0556 00D0     		beq __qu_fan_r4
 735 0558 02E0     		b __ji_suan_dft
 736              	__qu_fan_r4:
 737 055a E443     		mvns r4, r4
 738 055c 0134     		adds r4, r4, # 1
 739 055e 2346     		mov r3, r4
 740              	__ji_suan_dft:
 741 0560 364D     		ldr r5, = xuan_zhuan_yin_zi
 742 0562 AF59     		ldr r7, [r5, r6]
 743 0564 0436     		adds r6, r6, # 4
 744 0566 5F43     		muls r7, r7, r3		@ 实部
 745 0568 FF13     		asrs r7, r7, # 15
 746 056a 4446     		mov r4, r8
 747 056c E419     		adds r4, r4, r7
 748 056e A046     		mov r8, r4
 749 0570 AF59     		ldr r7, [r5, r6]
 750 0572 0436     		adds r6, r6, # 4
 751 0574 5F43     		muls r7, r7, r3		@ 虚部
 752 0576 FF13     		asrs r7, r7, # 15
 753 0578 4C46     		mov r4, r9
 754 057a E419     		adds r4, r4, r7
 755 057c A146     		mov r9, r4
 756 057e 0232     		adds r2, r2, # 2
 757 0580 5245     		cmp r2, r10
 758 0582 E5D1     		bne __ji_suan_dft_xun_huan
 759 0584 4046     		mov r0, r8
 760 0586 4946     		mov r1, r9
 761 0588 70BC     		pop {r4-r6}
 762 058a A046     		mov r8, r4
 763 058c A946     		mov r9, r5
 764 058e B246     		mov r10, r6
 765 0590 FCBD     		pop {r2-r7,pc}
 766              	__xian_shi_jiao_du:
 767 0592 1FB5     		push {r0-r4,lr}
 768 0594 1648     	       ldr r0, = jiaodu
 769 0596 0168     	        ldr r1, [r0]
ARM GAS  1.s 			page 15


 770 0598 0C00     	       movs r4, r1
 771 059a 07D5     	        bpl __jiaodu_bu_shi_zheng
 772 059c 8720     	        movs r0, # 0x87
 773 059e 1049     	        ldr r1, = _fu
 774 05a0 0122     	        movs r2, # 1
 775 05a2 00F0FBF8 	        bl _lcdxianshi
 776 05a6 E443     	        mvns r4, r4
 777 05a8 0134     		adds r4, r4, # 1
 778 05aa 04E0     	        b __xian_shi_jiaodu
 779              	__jiaodu_bu_shi_zheng:
 780 05ac 8720     	        movs r0, # 0x87
 781 05ae 0D49     		ldr r1, = kong
 782 05b0 0122     		movs r2, # 1
 783 05b2 00F0F3F8 	        bl _lcdxianshi
 784              	__xian_shi_jiaodu:
 785 05b6 2046     	        mov r0, r4
 786 05b8 0521     	        movs r1, # 5
 787 05ba 0B4A     		ldr r2, = asciimabiao
 788 05bc FF23     	        movs r3, # 0xff
 789 05be 00F03CF9 	        bl _zhuanascii
 790 05c2 8820     		movs r0, # 0x88
 791 05c4 0849     	        ldr r1, = asciimabiao
 792 05c6 0522     		movs r2, # 5
 793 05c8 00F0E8F8 		bl _lcdxianshi
 794 05cc 1FBD     		pop {r0-r4,pc}
 795 05ce 0000D801 	        .ltorg
 795      00201401 
 795      0020A508 
 795      00000001 
 795      0020A408 
 796              	
 797              	
 798              	_xieflash:			@ flsh解锁
 799 0640 4148     		ldr r0, = 0x40022000
 800 0642 4249     		ldr r1, = 0x45670123
 801 0644 4160     		str r1, [r0, # 0x04]
 802 0646 4249     		ldr r1, = 0xcdef89ab
 803 0648 4160     		str r1, [r0, # 0x04]
 804              						@擦除2页
 805 064a 0125     		movs r5, # 1
 806 064c 414C     		ldr r4, = 0x8002000
 807 064e 0127     		movs r7, # 1
 808 0650 BF02     		lsls r7, r7, # 10
 809              	_flashmang:
 810 0652 C268     		ldr r2, [r0, # 0x0c]
 811 0654 D207     		lsls r2, r2, # 31
 812 0656 FCD4     		bmi _flashmang
 813 0658 0221     		movs r1, # 2
 814 065a 0161     		str r1, [r0, # 0x10]
 815 065c 4461     		str r4, [r0, # 0x14]
 816 065e 4221     		movs r1, # 0x42
 817 0660 0161     		str r1, [r0, # 0x10]
 818 0662 3C44     		add r4, r4, r7
 819 0664 013D     		subs r5, # 1
 820 0666 F4D1     		bne _flashmang
 821              							@写FLASH
 822 0668 3A4F     		ldr r7, = 0x8002000
ARM GAS  1.s 			page 16


 823 066a 3B4C     		ldr r4, = kailu_r
 824 066c 0025     		movs r5, # 0
 825 066e 0626     		movs r6, # 0x06
 826              	_flashmang1:
 827 0670 C268     		ldr r2, [r0, # 0x0c]
 828 0672 D207     		lsls r2, r2, # 31
 829 0674 FCD4     		bmi _flashmang1
 830 0676 0121     		movs r1, # 1
 831 0678 0161     		str r1, [r0, # 0x10]
 832 067a 635B     		ldrh r3, [r4, r5]
 833 067c 7B53     		strh r3, [r7, r5]
 834 067e 0235     		adds r5, r5, # 2
 835              	_flashmang2:
 836 0680 C268     		ldr r2, [r0, # 0x0c]
 837 0682 D207     		lsls r2, r2, # 31
 838 0684 FCD4     		bmi _flashmang2
 839 0686 635B     		ldrh r3, [r4, r5]
 840 0688 7B53     		strh r3, [r7, r5]
 841 068a 0235     		adds r5, r5, # 2
 842 068c 013E     		subs r6, r6, # 1
 843 068e EFD1     		bne _flashmang1
 844              	_flashmang4:
 845 0690 C268     		ldr r2, [r0, # 0x0c]
 846 0692 D207     		lsls r2, r2, # 31
 847 0694 FCD4     		bmi _flashmang4
 848 0696 8021     		movs r1, # 0x80
 849              		@str r1, [r0]          		@flsh上锁
 850 0698 3048     		ldr r0, = 0xe000ed0c
 851 069a 3149     		ldr r1, = 0x05fa0004
 852 069c 0160     		str r1, [r0]          		@复位
 853              		
 854              	__fu_shu_cheng_fa:
 855 069e FCB5     		push {r2-r7,lr}
 856              		@r0=a,r1=b,r2=c,r3=d
 857 06a0 0446     	        mov r4, r0      @a
 858 06a2 0D46     	        mov r5, r1      @b
 859 06a4 1646     		mov r6, r2	@c
 860 06a6 1F46     		mov r7, r3	@d
 861 06a8 5043     	        muls r0, r0, r2 @a*c
 862 06aa 5943     		muls r1, r1, r3 @b*d
 863 06ac 401A     	        subs r0, r0, r1 @ac-bd
 864 06ae 7C43     	        muls r4, r4, r7 @a*d
 865 06b0 7543     	        muls r5, r5, r6 @b*c
 866 06b2 6419     	        adds r4, r4, r5 @ad+bc
 867 06b4 2146     		mov r1, r4
 868 06b6 FCBD     		pop {r2-r7,pc}
 869              		
 870              	__an_jian:
 871 06b8 0EB5     		push {r1-r3,lr}
 872 06ba 2A48     		ldr r0, = 0x48000010
 873 06bc 2A49     		ldr r1, = 0x48000410
 874 06be 0268     		ldr r2, [r0]	@pa4
 875 06c0 0B68     		ldr r3, [r1]	@pb1
 876 06c2 1046     		mov r0, r2	@pa2
 877 06c4 4007     		lsls r0, r0, # 29
 878 06c6 C00F     		lsrs r0, r0, # 31
 879 06c8 D206     		lsls r2, r2, # 27
ARM GAS  1.s 			page 17


 880 06ca D20F     		lsrs r2, r2, # 31
 881 06cc 5200     		lsls r2, r2, # 1
 882 06ce 9B07     		lsls r3, r3, # 30
 883 06d0 5B0F     		lsrs r3, r3, # 29
 884 06d2 1043     		orrs r0, r0, r2
 885 06d4 1843     		orrs r0, r0, r3
 886 06d6 C043     		mvns r0, r0
 887 06d8 4007     		lsls r0, r0, # 29
 888 06da 400F     		lsrs r0, r0, # 29
 889 06dc 0EBD     		pop {r1-r3,pc}
 890              	__atan2_ji_suan:
 891              		@入口R0=实部，R1=虚部，结果=R0
 892 06de FCB5     		push {r2-r7,lr}
 893 06e0 4246     		mov r2, r8
 894 06e2 04B4     		push {r2}
 895 06e4 214B     		ldr r3, = cordic_yong_cos_sin
 896 06e6 0A22     		movs r2, # 10
 897 06e8 5043     		muls r0, r0, r2
 898 06ea 5143     		muls r1, r1, r2
 899 06ec 0022     		movs r2, # 0
 900 06ee 9046     		mov r8, r2
 901 06f0 1F4C     		ldr r4, = 9000
 902 06f2 E403     		lsls r4, r4, # 15
 903              	__cordic_atan2_xun_huan:	
 904              	__du_cos_sin:	
 905 06f4 1D68     		ldr r5, [r3]	@cos
 906 06f6 0433     		adds r3, r3, # 4
 907 06f8 2F46     		mov r7, r5
 908 06fa 1E68     		ldr r6, [r3]	@sin
 909 06fc 0433     		adds r3, r3, # 4
 910 06fe 3246     		mov r2, r6
 911 0700 4543     	        muls r5, r5, r0         @x*cos
 912 0702 4243     	        muls r2, r2, r0         @x*sin
 913 0704 4E43     	        muls r6, r6, r1         @y*sin
 914 0706 4F43     	        muls r7, r7, r1         @y*cos
 915 0708 0900     		movs r1, r1
 916 070a 05D5     		bpl __ni_shi_zhen_zhuan
 917              	__shun_shi_zhen_zhuan:
 918 070c AD1B     		subs r5, r5, r6
 919 070e BF18     		adds r7, r7, r2
 920 0710 4646     		mov r6, r8
 921 0712 3619     		adds r6, r6, r4
 922 0714 B046     		mov r8, r6
 923 0716 04E0     		b __xuan_zhuan_wan
 924              	__ni_shi_zhen_zhuan:
 925 0718 AD19     		adds r5, r5, r6
 926 071a BF1A     		subs r7, r7, r2
 927 071c 4646     		mov r6, r8
 928 071e 361B     		subs r6, r6, r4
 929 0720 B046     		mov r8, r6
 930              	__xuan_zhuan_wan:
 931 0722 124E     		ldr r6, = cordic_yong_cos_sin
 932 0724 2022     		movs r2, # 32
 933 0726 9200     		lsls r2, r2, # 2
 934 0728 B618     		adds r6, r6, r2
 935 072a AD13     		asrs r5, r5, # 14
 936 072c BF13     		asrs r7, r7, # 14
ARM GAS  1.s 			page 18


 937 072e 2846     		mov r0, r5
 938 0730 3946     		mov r1, r7
 939 0732 6408     		lsrs r4, r4, # 1	@旋转
 940 0734 B342     		cmp r3,	r6 
 941 0736 DDD1     		bne __cordic_atan2_xun_huan
 942 0738 4046     		mov r0, r8
 943 073a C043     		mvns r0, r0
 944 073c 0130     		adds r0, r0, # 1
 945 073e C013     		asrs r0, r0, # 15
 946 0740 4246     		mov r2, r8
 947 0742 04BC     		pop {r2}
 948 0744 FCBD     		pop {r2-r7,pc}
 949 0746 00000020 		.ltorg
 949      02402301 
 949      6745AB89 
 949      EFCD0020 
 949      00080C01 
 950              	
 951              	_lvboqi:
 952              				@滤波器
 953              				@R0=地址，R1=长度,r2=表指针地址,r3=ADC数值
 954              				@出R0=结果
 955 0774 FEB5     		push {r1-r7,lr}	
 956 0776 1568     		ldr r5, [r2]		@读出表指针
 957 0778 8E00     		lsls r6, r1, # 2	
 958 077a 4351     		str r3, [r0, r5]	@数值写到滤波器缓冲区
 959 077c 0435     		adds r5, r5, # 4
 960 077e B542     		cmp r5, r6
 961 0780 00D1     		bne _lvboqimeidaohuanchongquding
 962 0782 0025     		movs r5, # 0
 963              	_lvboqimeidaohuanchongquding:
 964 0784 1560     		str r5, [r2]
 965 0786 0027     		movs r7, # 0
 966              	_lvboqixunhuan:
 967 0788 B542     		cmp r5, r6
 968 078a 00D1     		bne _lvbozonghe
 969 078c 0025     		movs r5, # 0
 970              	_lvbozonghe:
 971 078e 4459     		ldr r4, [r0, r5]
 972 0790 0435     		adds r5, r5, # 4
 973 0792 3F19     		adds r7, r7, r4
 974 0794 0139     		subs r1, r1, # 1
 975 0796 F7D1     		bne _lvboqixunhuan
 976 0798 B811     		asrs r0, r7, # 6	@修改
 977 079a FEBD     		pop {r1-r7,pc}
 978              	_lcdxianshi:	  		@r0=LCD位置，r1=数据地址，r2=长度
 979 079c 1FB5     		push {r0-r4,lr}
 980 079e 0C46     		mov r4, r1
 981              	
 982 07a0 0021     		movs r1, # 0
 983 07a2 00F00EF8 		bl _xielcd
 984              	
 985 07a6 0121     		movs r1, # 1
 986 07a8 0023     		movs r3, # 0
 987              	_lcdxianshixunhuan:
 988 07aa E05C     		ldrb r0, [r4,r3]
 989 07ac 00F009F8 		bl _xielcd
ARM GAS  1.s 			page 19


 990 07b0 0133     		adds r3, r3, # 1
 991 07b2 9342     		cmp r3, r2
 992 07b4 F9D1     		bne _lcdxianshixunhuan
 993 07b6 1FBD     		pop {r0-r4,pc}
 994              	
 995              	_lcdyanshi:
 996 07b8 20B5     		push {r5,lr}
 997 07ba 3D4D     		ldr r5, = 0x1000
 998              	_lcdyanshixunhuan:
 999 07bc 013D     		subs r5, r5, # 1
 1000 07be FDD1     		bne _lcdyanshixunhuan
 1001 07c0 20BD     		pop {r5,pc}
 1002              	
 1003              	_xielcd:			@入R0=8位,r1=0命令,r1=1数据
 1004 07c2 3FB5     		push {r0-r5,lr}
 1005 07c4 3B4C     		ldr r4, = liangcheng  @ 量程开关 (第6位和第7位)
 1006 07c6 0246     		mov r2, r0
 1007 07c8 2568     		ldr r5, [r4]
 1008 07ca 1209     		lsrs r2, r2, # 4
 1009 07cc 9200     		lsls r2, r2, # 2	@ 高四位
 1010 07ce 0007     		lsls r0, r0, # 28
 1011 07d0 800E     		lsrs r0, r0, # 26	@ 低四位
 1012 07d2 C907     		lsls r1, r1, # 31
 1013 07d4 01D5     		bpl __lcd_ming_ling
 1014              	__lcd_shu_ju:
 1015 07d6 0323     		movs r3, # 0x03		@ RS = 1 E = 1
 1016 07d8 00E0     		b __xie_lcd_shu_ju
 1017              	__lcd_ming_ling:
 1018 07da 0223     		movs r3, # 0x02		@ RS = 0 E = 1
 1019              	__xie_lcd_shu_ju:
 1020 07dc 5B19     		adds r3, r3, r5
 1021 07de 0146     		mov r1, r0
 1022 07e0 D218     		adds r2, r2, r3
 1023 07e2 1000     		movs r0, r2
 1024 07e4 00F00BF8 		bl __74hc595
 1025 07e8 0238     		subs r0, r0, # 0x02
 1026 07ea 00F008F8 		bl __74hc595
 1027 07ee 0846     		mov r0, r1
 1028 07f0 C018     		adds r0, r0, r3
 1029 07f2 00F004F8 		bl __74hc595
 1030 07f6 0238     		subs r0, r0, # 0x02
 1031 07f8 00F001F8 		bl __74hc595
 1032 07fc 3FBD     		pop {r0-r5,pc}
 1033              		
 1034              	__74hc595:			@ 入R0=8位
 1035 07fe FFB5     		push {r0-r7,lr}
 1036 0800 2D4E     		ldr r6, = 0x48000000
 1037 0802 2025     		movs r5, # 0x20		@ SRCLK
 1038 0804 4022     		movs r2, # 0x40		@ RCLK
 1039 0806 8023     		movs r3, # 0x80		@ SER
 1040 0808 1824     		movs r4, # 24
 1041              	__595_yiweixunhuan:
 1042 080a B262     		str r2, [r6, # 0x28]	@ rclk=0
 1043 080c B562     		str r5, [r6, # 0x28]	@ srclk=0
 1044              		@ovs r7, # 0xff
 1045 080e 2B4F     		ldr r7, = 0x1ff
 1046              	__595_yanshi:
ARM GAS  1.s 			page 20


 1047 0810 013F     		subs r7, r7, # 1
 1048 0812 FDD1     		bne __595_yanshi
 1049 0814 0146     		mov r1, r0
 1050 0816 A140     		lsls r1, r1, r4
 1051 0818 01D5     		bpl __ser_0
 1052              	__ser_1:
 1053 081a B361     		str r3, [r6, # 0x18]	@ ser=1
 1054 081c 00E0     		b __595_yiwei
 1055              	__ser_0:
 1056 081e B362     		str r3, [r6, # 0x28]	@ ser=0
 1057              	__595_yiwei:
 1058 0820 B561     		str r5, [r6, # 0x18]
 1059              		@movs r7, # 0xff
 1060 0822 264F     		ldr r7, = 0x1ff
 1061              	__595_yanshi1:
 1062 0824 013F     		subs r7, r7, # 1
 1063 0826 FDD1     		bne __595_yanshi1
 1064 0828 0134     		adds r4, r4, # 1
 1065 082a 202C     		cmp r4, # 32
 1066 082c EDD1     		bne __595_yiweixunhuan
 1067 082e B261     		str r2, [r6, # 0x18]	@ rclk=1
 1068              		@movs r7, # 0xff
 1069 0830 224F     		ldr r7, = 0x1ff
 1070              	__595_yanshi2:
 1071 0832 013F     		subs r7, r7, # 1
 1072 0834 FDD1     		bne __595_yanshi2
 1073 0836 B262     		str r2, [r6, # 0x28]	@ rclk = 0
 1074 0838 FFBD     		pop {r0-r7,pc}
 1075              	
 1076              	
 1077              	
 1078              	_zhuanascii:					@ 16进制转ASCII
 1079              			@ R0要转的数据， R1长度，R2结果表首地址, r3=小数点位置
 1080 083a FFB5     		push {r0-r7,lr}
 1081 083c 1F46     		mov r7, r3
 1082 083e 0546     		mov r5, r0
 1083 0840 0E46     		mov r6, r1
 1084 0842 0A21     		movs r1, # 10
 1085              	_xunhuanqiuma:
 1086 0844 00F006F9 		bl _chufa
 1087 0848 0446     		mov r4, r0
 1088 084a 4C43     		muls r4, r1
 1089 084c 2B1B     		subs r3, r5, r4
 1090 084e 3033     		adds r3, r3, # 0x30
 1091 0850 0546     		mov r5, r0
 1092 0852 013E     		subs r6, r6, # 1
 1093 0854 08D0     		beq _qiumafanhui
 1094 0856 BE42     		cmp r6, r7
 1095 0858 02D1     		bne _meidaoxiaoshudian
 1096 085a 2E24     		movs r4, # 0x2e		@小数点
 1097 085c 9455     		strb r4, [r2,r6]	@插入小数点
 1098 085e 013E     		subs r6, r6, # 1
 1099              	_meidaoxiaoshudian:
 1100 0860 9355     		strb r3, [r2,r6]
 1101 0862 3600     		movs r6, r6
 1102 0864 EED1     		bne _xunhuanqiuma
 1103 0866 FFBD     		pop {r0-r7,pc}
ARM GAS  1.s 			page 21


 1104              	_qiumafanhui:
 1105 0868 9355     		strb r3, [r2, r6]
 1106 086a FFBD     		pop {r0-r7,pc}
 1107              	__ji_suan_fu_du:    @ 计算幅度
 1108              	                @ 入r0= 实部，r1= 虚部
 1109              	                @ 出r0 = 幅度
 1110              	                @ Mag ~=Alpha * max(|I|, |Q|) + Beta * min(|I|, |Q|)
 1111              	                @ Alpha * Max + Beta * Min
 1112 086c 0EB5     	        push {r1-r3,lr}
 1113 086e 0000     	        movs r0, r0
 1114 0870 01D5     	        bpl _shibubushifushu
 1115 0872 C043     	        mvns r0, r0                             @ 是负数转成正数
 1116 0874 0130     	        adds r0, r0, # 1
 1117              	_shibubushifushu:                               @ 实部不是负数
 1118 0876 0900     	        movs r1, r1
 1119 0878 01D5     	        bpl _xububushifushu
 1120 087a C943     	        mvns r1, r1                             @ 是负数转成正数
 1121 087c 0131     	        adds r1, r1, # 1
 1122              	_xububushifushu:                                @ 虚部不是负数
 1123 087e 0028     	        cmp r0, # 0
 1124 0880 01D1     	        bne _panduanxubushibushi0
 1125 0882 0846     	        mov r0, r1
 1126 0884 0EBD     	        pop {r1-r3,pc}
 1127              	_panduanxubushibushi0:	
 1128 0886 0029     		cmp r1, # 0
 1129 0888 00D1     		bne _jisuanfudu1
 1130 088a 0EBD     		pop {r1-r3,pc}
 1131              	_jisuanfudu1:
 1132 088c 0C4A     		ldr r2, = 31066		@ Alpha q15 0.948059448969
 1133 088e 0D4B     		ldr r3, = 12867		@ Beta q15 0.392699081699
 1134 0890 8142     		cmp r1, r0
 1135 0892 06D8     		bhi _alpha_min_beta_max
 1136              	_alpha_max_beta_min:
 1137 0894 5043     		muls r0, r0, r2
 1138 0896 5943     		muls r1, r1, r3
 1139 0898 C013     		asrs r0, r0, # 15
 1140 089a C913     		asrs r1, r1, # 15
 1141 089c 4018     		adds r0, r0, r1
 1142 089e 0121     		movs r1, # 1
 1143 08a0 0EBD     		pop {r1-r3,pc}
 1144              	_alpha_min_beta_max:
 1145 08a2 5843     		muls r0, r0, r3
 1146 08a4 5143     		muls r1, r1, r2
 1147 08a6 C013     		asrs r0, r0, # 15
 1148 08a8 C913     		asrs r1, r1, # 15
 1149 08aa 4018     		adds r0, r0, r1
 1150 08ac 0021     		movs r1, # 0
 1151 08ae 0EBD     		pop {r1-r3,pc}
 1152 08b0 00100000 		.ltorg
 1152      10010020 
 1152      00000048 
 1152      FF010000 
 1152      5A790000 
 1153              	__fu_shu_chu_fa:
 1154 08c8 F0B5     		push {r4-r7,lr}
 1155              		@入口R0=a R1=b,R2=c R3=d
 1156              		@出口R1=虚部 R2=实部
ARM GAS  1.s 			page 22


 1157 08ca 4446     		mov r4, r8
 1158 08cc 10B4     		push {r4}
 1159              	__ji_suan_chu_fa:
 1160              		@ Z=50*[(a+bi)/(c+di)]=50*[(ac+bd)/(c*c+d*d)+(bc-ad)/(c*c+d*d)]
 1161 08ce 0446     		mov r4, r0
 1162 08d0 0D46     		mov r5, r1
 1163 08d2 1646     		mov r6, r2
 1164              		@mov r7, r3
 1165 08d4 9846     		mov r8, r3
 1166 08d6 0027     		movs r7,  # 0
 1167 08d8 0000     	        movs r0, r0
 1168 08da 02D5     	        bpl b1
 1169 08dc C043     	        mvns r0, r0
 1170 08de 0130     	        adds r0, r0, # 1
 1171 08e0 0137     	        adds r7, r7, # 1
 1172              	
 1173              	b1:
 1174 08e2 1200     	        movs r2, r2
 1175 08e4 02D5     	        bpl b2
 1176 08e6 D243     		mvns r2, r2
 1177 08e8 0132     	        adds r2, r2, # 1
 1178 08ea 0137     	        adds r7, r7, # 1
 1179              	b2:
 1180 08ec 5043     		muls r0, r0, r2
 1181 08ee 012F     	        cmp r7, # 1
 1182 08f0 01D1     	        bne b3
 1183 08f2 C043     	        mvns r0, r0
 1184 08f4 0130     	        adds r0, r0, # 1
 1185              	b3:
 1186              		@muls r0, r0, r2		@ac
 1187 08f6 0027     	        movs r7,  # 0
 1188 08f8 0900     	        movs r1, r1
 1189 08fa 02D5     	        bpl b4
 1190 08fc C943     	        mvns r1, r1
 1191 08fe 0131     	        adds r1, r1, # 1
 1192 0900 0137     	        adds r7, r7, # 1
 1193              	
 1194              	b4:
 1195 0902 1B00     	        movs r3, r3
 1196 0904 02D5     	        bpl b5
 1197 0906 DB43     	        mvns r3, r3
 1198 0908 0133     	        adds r3, r3, # 1
 1199 090a 0137     	        adds r7, r7, # 1
 1200              	b5:
 1201 090c 5943     	        muls r1, r1, r3
 1202 090e 012F     	        cmp r7, # 1
 1203 0910 01D1     	        bne b6
 1204 0912 C943     	        mvns r1, r1
 1205 0914 0131     	        adds r1, r1, # 1
 1206              	b6:
 1207              	
 1208              	@	muls r1, r1, r3		@bd
 1209 0916 4018     		adds r0, r0, r1		@ac+bd
 1210 0918 1200     		movs r2, r2
 1211 091a 05D5     		bpl b7
 1212 091c D243     		mvns r2, r2
 1213 091e 0132     		adds r2, r2, # 1
ARM GAS  1.s 			page 23


 1214 0920 5243     		muls r2, r2, r2
 1215 0922 D243     		mvns r2, r2
 1216 0924 0132     		adds r2, r2, # 1
 1217 0926 00E0     		b b8
 1218              	b7:	
 1219 0928 5243     	        muls r2, r2, r2         @c*c
 1220              	b8:
 1221 092a 1B00     		movs r3, r3
 1222 092c 05D5     		bpl b9
 1223 092e DB43     		mvns r3, r3
 1224 0930 0133     		adds r3, r3, # 1
 1225 0932 5B43     		muls r3, r3, r3
 1226 0934 DB43     		mvns r3, r3
 1227 0936 0133     		adds r3, r3, # 1
 1228 0938 00E0     		b b10
 1229              	b9:	
 1230 093a 5B43     		muls r3, r3, r3		@d*d
 1231              	b10:	
 1232 093c D218     		adds r2, r2, r3		@c*c+d*d
 1233 093e 7F49     		ldr r1, = 1000
 1234 0940 0023     		movs r3, # 0
 1235 0942 0000     		movs r0, r0
 1236 0944 02D5     		bpl a1
 1237 0946 C043     		mvns r0, r0
 1238 0948 0130     		adds r0, r0, # 1
 1239 094a 0133     		adds r3, r3, # 1
 1240              	a1:
 1241 094c 1200     		movs r2, r2
 1242 094e 02D5     		bpl a2
 1243 0950 D243     		mvns r2, r2
 1244 0952 0132     		adds r2, r2, # 1
 1245 0954 0133     		adds r3, r3, # 1
 1246              	a2:
 1247 0956 00F047F8 		bl __chengfa
 1248 095a 00F021F8 		bl __chufa64		@(ac+bd)/(c*c+d*d)
 1249 095e 012B     		cmp r3, # 1
 1250 0960 01D1     		bne a3
 1251 0962 C943     		mvns r1, r1
 1252 0964 0131     		adds r1, r1, # 1
 1253              	a3:	
 1254 0966 02B4     		push {r1}
 1255 0968 4746     		mov r7, r8
 1256 096a 7543     		muls r5, r5, r6		@ bc
 1257 096c 7C43     		muls r4, r4, r7		@ ad
 1258 096e 2D1B     		subs r5, r5, r4		@ bc-ad
 1259 0970 7249     		ldr r1, = 1000
 1260 0972 0023     		movs r3, # 0
 1261 0974 2800     		movs r0, r5
 1262 0976 02D5     		bpl a4
 1263 0978 C043     		mvns r0, r0
 1264 097a 0130     		adds r0, r0, # 1
 1265 097c 0133     		adds r3, r3, # 1
 1266              	a4:
 1267 097e 1200     		movs r2, r2
 1268 0980 02D5     		bpl a5
 1269 0982 D243     		mvns r2, r2
 1270 0984 0132     		adds r2, r2, # 1
ARM GAS  1.s 			page 24


 1271 0986 0133     		adds r3, r3, # 1
 1272              	a5:
 1273 0988 00F02EF8 		bl __chengfa
 1274 098c 00F008F8 		bl __chufa64
 1275 0990 012B     		cmp r3, # 1
 1276 0992 01D1     		bne __a6
 1277 0994 C943     		mvns r1, r1
 1278 0996 0131     		adds r1, r1, # 1	@虚部
 1279              	__a6:	
 1280 0998 04BC     		pop {r2}		@实
 1281 099a 10BC     		pop {r4}
 1282 099c A046     		mov r8, r4
 1283 099e F0BD     		pop {r4-r7,pc}
 1284              	
 1285              	__chufa64:
 1286              	        @64位除32位
 1287              	        @ （R0=高32位R1=低32位）除（R2)= （R0高32）（R1低32）
 1288 09a0 F8B5     	        push {r3-r7,lr}
 1289 09a2 002A     	        cmp r2, # 0
 1290 09a4 1DD0     	        beq __chu_fa64_fan_hui0
 1291 09a6 0029     	        cmp r1, # 0
 1292 09a8 01D1     	        bne __chu_fa64_ji_suan
 1293 09aa 0028     	        cmp r0, # 0
 1294 09ac 19D0     	        beq __chu_fa64_fan_hui0
 1295              	__chu_fa64_ji_suan:	
 1296 09ae 0024     	        movs r4, # 0
 1297 09b0 2746     	        mov r7, r4
 1298 09b2 2346     	        mov r3, r4
 1299 09b4 2546     	        mov r5, r4
 1300 09b6 0126     	        movs r6, # 1
 1301 09b8 F607     	        lsls r6, r6, # 31
 1302              	__chu_fa64_xun_huan:
 1303 09ba 4900     	        lsls r1, r1, # 1
 1304 09bc 4041     	        adcs r0, r0, r0
 1305 09be 6441     	        adcs r4, r4, r4
 1306 09c0 9442     	        cmp r4, r2
 1307 09c2 02D3     	        bcc __chu_fa_yi_wei
 1308 09c4 9B19     	        adds r3, r3, r6
 1309 09c6 7D41     	        adcs r5, r5, r7
 1310 09c8 A41A     	        subs r4, r4, r2
 1311              	__chu_fa_yi_wei:
 1312 09ca 3600     	        movs r6, r6
 1313 09cc 04D0     	        beq __di_yi_wei
 1314 09ce 7608     	        lsrs r6, r6, # 1        @高32位移位
 1315 09d0 F3D1     	        bne __chu_fa64_xun_huan
 1316 09d2 0127     	        movs r7, # 1
 1317 09d4 FF07     	        lsls r7, r7, # 31
 1318 09d6 F0E7     	        b __chu_fa64_xun_huan
 1319              	__di_yi_wei:            @低32位移位
 1320 09d8 7F08     		lsrs r7, r7, # 1
 1321 09da EED1     	        bne __chu_fa64_xun_huan
 1322 09dc 1846     	        mov r0, r3
 1323 09de 2946     	        mov r1, r5
 1324 09e0 F8BD     	        pop {r3-r7,pc}
 1325              	__chu_fa64_fan_hui0:
 1326 09e2 0020     		movs r0, # 0
 1327 09e4 0021     		movs r1, # 0
ARM GAS  1.s 			page 25


 1328 09e6 F8BD     		pop {r3-r7,pc}
 1329              	
 1330              		
 1331              	__chengfa:
 1332              	        @入R0 乘以 R1
 1333              	        @出 R0高32 ， R1低32
 1334              		@0xffffffff*0xffffffff
 1335              	        @4        F F F E 0 0 0 1
 1336              	        @3                F F F E 0 0 0 1
 1337              	        @2                F F F E 0 0 0 1
 1338              	        @1                        F F F E 0 0 0 1
 1339              	        @         F F F F F F F E 0 0 0 0 0 0 0 1
 1340 09e8 FCB5     		push {r2-r7,lr}
 1341 09ea 0028     	        cmp r0, # 0
 1342 09ec 1CD0     	        beq __cheng_fa_fan_hui
 1343 09ee 0029     	        cmp r1, # 0
 1344 09f0 1AD0     	        beq __cheng_fa_fan_hui
 1345              	__ji_suan_cheng_fa:	
 1346 09f2 0246     		mov r2, r0
 1347 09f4 0B46     		mov r3, r1
 1348 09f6 000C     		lsrs r0, r0, # 16	@高16
 1349 09f8 1204     		lsls r2, r2, # 16	@ 低16
 1350 09fa 120C     		lsrs r2, r2, # 16
 1351 09fc 090C     	        lsrs r1, r1, # 16	@高16
 1352 09fe 1B04     		lsls r3, r3, # 16	@低16
 1353 0a00 1B0C     		lsrs r3, r3, # 16
 1354 0a02 1446     		mov r4, r2		
 1355 0a04 0546     		mov r5, r0		
 1356 0a06 5A43     		muls r2, r2, r3		@1
 1357 0a08 5843     		muls r0, r0, r3		@2
 1358 0a0a 4C43     		muls r4, r4, r1		@3
 1359 0a0c 4D43     		muls r5, r5, r1		@4
 1360 0a0e 0646     		mov r6, r0		@2
 1361 0a10 2746     		mov r7, r4		@3
 1362 0a12 0004     		lsls r0, r0, # 16	@2低
 1363 0a14 2404     		lsls r4, r4, # 16	@3低
 1364 0a16 360C     		lsrs r6, r6, # 16	@2高
 1365 0a18 3F0C     		lsrs r7, r7, # 16	@3高
 1366 0a1a 1218     		adds r2, r2, r0
 1367 0a1c 6241     		adcs r2, r2, r4
 1368 0a1e 7541     		adcs r5, r5, r6
 1369 0a20 7D41     		adcs r5, r5, r7
 1370 0a22 2846     		mov r0, r5
 1371 0a24 1146     		mov r1, r2
 1372 0a26 FCBD     		pop {r2-r7,pc}
 1373              	__cheng_fa_fan_hui:
 1374 0a28 0020     		movs r0, # 0
 1375 0a2a 0021     		movs r1, # 0
 1376 0a2c FCBD     		pop {r2-r7,pc}
 1377              	__dai_yu_shu_chufa:                         @软件除法
 1378              	        @ r0 除以 r1 等于 商(r0)余R1
 1379 0a2e 1CB5     	        push {r2-r4,lr}
 1380 0a30 0028     	        cmp r0, # 0
 1381 0a32 0ED0     	        beq __dai_yu_shu_chufafanhui
 1382 0a34 0029     	        cmp r1, # 0
 1383 0a36 0CD0     	        beq __dai_yu_shu_chufafanhui
 1384 0a38 0246     	        mov r2, r0
ARM GAS  1.s 			page 26


 1385 0a3a 0123     	        movs r3, # 1
 1386 0a3c DB07     	        lsls r3, r3, # 31
 1387 0a3e 0020     	        movs r0, # 0
 1388 0a40 0446     	        mov r4, r0
 1389              	__dai_yu_shu_chufaxunhuan:
 1390 0a42 5200     	        lsls r2, r2, # 1
 1391 0a44 6441     	        adcs r4, r4, r4
 1392 0a46 8C42     	        cmp r4, r1
 1393 0a48 01D3     	        bcc __dai_yu_shu_chufaweishubudao0
 1394 0a4a C018     		adds r0, r0, r3
 1395 0a4c 641A     	        subs r4, r4, r1
 1396              	__dai_yu_shu_chufaweishubudao0:
 1397 0a4e 5B08     	        lsrs r3, r3, # 1
 1398 0a50 F7D1     	        bne __dai_yu_shu_chufaxunhuan
 1399              	__dai_yu_shu_chufafanhui:
 1400 0a52 1CBD     	        pop {r2-r4,pc}
 1401              	
 1402              	_chufa:				@软件除法
 1403              		@ r0 除以 r1 等于 商(r0)
 1404 0a54 1EB5     		push {r1-r4,lr}
 1405 0a56 0028     		cmp r0, # 0
 1406 0a58 0ED0     		beq _chufafanhui
 1407 0a5a 0029     		cmp r1, # 0
 1408 0a5c 0CD0     		beq _chufafanhui
 1409 0a5e 0246     		mov r2, r0
 1410 0a60 0123     		movs r3, # 1
 1411 0a62 DB07     		lsls r3, r3, # 31
 1412 0a64 0020     		movs r0, # 0
 1413 0a66 0446     		mov r4, r0
 1414              	_chufaxunhuan:
 1415 0a68 5200     		lsls r2, r2, # 1
 1416 0a6a 6441     		adcs r4, r4, r4
 1417 0a6c 8C42     		cmp r4, r1
 1418 0a6e 01D3     		bcc _chufaweishubudao0
 1419 0a70 C018     		adds r0, r0, r3
 1420 0a72 641A     		subs r4, r4, r1
 1421              	_chufaweishubudao0:
 1422 0a74 5B08     		lsrs r3, r3, # 1
 1423 0a76 F7D1     		bne _chufaxunhuan
 1424              	_chufafanhui:
 1425 0a78 1EBD     		pop {r1-r4,pc}
 1426              	__chu_fa:	@带符号
 1427 0a7a FEB5     		push {r1-r7,lr}
 1428 0a7c 0028     	        cmp r0, # 0
 1429 0a7e 1ED0     	        beq _chufafanhui1
 1430 0a80 0029     	        cmp r1, # 0
 1431 0a82 1CD0     	        beq _chufafanhui1
 1432 0a84 0025     		movs r5, # 0
 1433 0a86 0000     		movs r0, r0
 1434 0a88 02D5     		bpl __pan_duan_bei_chu_shu
 1435 0a8a 0135     		adds r5, r5, # 1
 1436 0a8c C043     		mvns r0, r0
 1437 0a8e 0130     		adds r0, r0, # 1
 1438              	__pan_duan_bei_chu_shu:
 1439 0a90 0900     		movs r1, r1
 1440 0a92 02D5     		bpl __ji_suan_chu_fa11
 1441 0a94 0135     		adds r5, r5, # 1
ARM GAS  1.s 			page 27


 1442 0a96 C943     		mvns r1, r1
 1443 0a98 0131     		adds r1, r1, # 1
 1444              	__ji_suan_chu_fa11:	
 1445 0a9a 0246     	        mov r2, r0
 1446 0a9c 0123     	        movs r3, # 1
 1447 0a9e DB07     	        lsls r3, r3, # 31
 1448 0aa0 0020     	        movs r0, # 0
 1449 0aa2 0446     	        mov r4, r0
 1450              	_chufaxunhuan1:
 1451 0aa4 5200     	        lsls r2, r2, # 1
 1452 0aa6 6441     	        adcs r4, r4, r4
 1453 0aa8 8C42     	        cmp r4, r1
 1454 0aaa 01D3     		bcc _chufaweishubudao00
 1455 0aac C018     		adds r0, r0, r3
 1456 0aae 641A     		subs r4, r4, r1
 1457              	_chufaweishubudao00:
 1458 0ab0 5B08     		lsrs r3, r3, # 1
 1459 0ab2 F7D1     		bne _chufaxunhuan1
 1460 0ab4 012D     		cmp r5, # 1
 1461 0ab6 03D1     		bne _chufafanhui2
 1462 0ab8 C043     		mvns r0, r0
 1463 0aba 0130     		adds r0, r0, # 1
 1464 0abc FEBD     		pop {r1-r7,pc}
 1465              	_chufafanhui1:
 1466 0abe 0020     		movs r0, #0
 1467              	_chufafanhui2:	
 1468 0ac0 FEBD     		pop {r1-r7,pc}
 1469              	
 1470              	__he_bing_dian_ya_biao:
 1471 0ac2 FFB5     		push {r0-r7,lr}
 1472 0ac4 1E48     		ldr r0, = zhengxiangbiao
 1473 0ac6 1F49     		ldr r1, = fanxiangbiao
 1474 0ac8 1F4A     		ldr r2, = 0x20000750
 1475 0aca 0023     		movs r3, # 0
 1476 0acc 1E46     		mov r6, r3
 1477 0ace C827     		movs r7, # 200
 1478 0ad0 9846     		mov r8, r3	
 1479              	__he_bing_dian_ya_biao_xun_huan:
 1480 0ad2 C45A     	        ldrh r4, [r0, r3]
 1481 0ad4 CD5A     	        ldrh r5, [r1, r3]
 1482 0ad6 9846     	        mov r8, r3
 1483 0ad8 AC42     	        cmp r4, r5
 1484 0ada 06D8     		bhi __zheng_dian_ya
 1485 0adc 2B46     		mov r3, r5
 1486 0ade 00F00EF8 	        bl __zhuan_bcd
 1487 0ae2 1A4D     	        ldr r5, = 0x80000000
 1488 0ae4 1D43     	        orrs r5, r5, r3
 1489 0ae6 9551     		str r5, [r2, r6]
 1490 0ae8 03E0     	        b __dian_ya_biao_jia
 1491              	__zheng_dian_ya:
 1492 0aea 2346     	        mov r3, r4
 1493 0aec 00F007F8 	        bl __zhuan_bcd
 1494 0af0 9351     	        str r3, [r2, r6]
 1495              	__dian_ya_biao_jia:
 1496 0af2 4346     	        mov r3, r8
 1497 0af4 0233     	        adds r3, r3, # 2
 1498 0af6 0436     	        adds r6, r6, # 4
ARM GAS  1.s 			page 28


 1499 0af8 013F     	        subs r7, r7, # 1
 1500 0afa EAD1     		bne __he_bing_dian_ya_biao_xun_huan
 1501 0afc FFBD     		pop {r0-r7,pc}
 1502              	__zhuan_bcd:
 1503 0afe F7B5     		push {r0-r2,r4-r7,lr}
 1504 0b00 0A21     		movs r1, # 10
 1505 0b02 1846     		mov r0, r3
 1506 0b04 1D46     		mov r5, r3
 1507 0b06 0826     		movs r6, # 8
 1508              	__bcd_xun_huan:
 1509 0b08 FFF7A4FF 		bl _chufa
 1510 0b0c 0446     		mov r4, r0
 1511 0b0e 4C43     		muls r4, r4, r1
 1512 0b10 2D1B     		subs r5, r5, r4
 1513 0b12 20B4     		push {r5}
 1514 0b14 0546     		mov r5, r0
 1515 0b16 013E     		subs r6, r6, # 1
 1516 0b18 F6D1     		bne __bcd_xun_huan
 1517 0b1a FFBC     		pop {r0-r7}
 1518 0b1c 3601     		lsls r6, r6, # 4
 1519 0b1e 2D02     		lsls r5, r5, # 8
 1520 0b20 2403     		lsls r4, r4, # 12
 1521 0b22 1B04     		lsls r3, r3, # 16
 1522 0b24 1205     		lsls r2, r2, # 20
 1523 0b26 0906     		lsls r1, r1, # 24
 1524 0b28 0007     		lsls r0, r0, # 28
 1525 0b2a 0343     		orrs r3, r3, r0
 1526 0b2c 0B43     		orrs r3, r3, r1
 1527 0b2e 1343     		orrs r3, r3, r2
 1528 0b30 2343     		orrs r3, r3, r4
 1529 0b32 2B43     		orrs r3, r3, r5
 1530 0b34 3343     		orrs r3, r3, r6
 1531 0b36 3B43     		orrs r3, r3, r7
 1532 0b38 F7BD     		pop {r0-r2,r4-r7,pc}
 1533 0b3a 0000E803 		.ltorg
 1533      00009003 
 1533      00202005 
 1533      00205007 
 1533      00200000 
 1534              	_nmi_handler:
 1535 0b50 7047     		bx lr
 1536              	_hard_fault:
 1537 0b52 7047     		bx lr
 1538              	_svc_handler:
 1539 0b54 7047     		bx lr
 1540              	_pendsv_handler:
 1541 0b56 7047     		bx lr
 1542              	_systickzhongduan:
 1543              	aaa:
 1544 0b58 7047     		bx lr
 1545              		.ltorg
 1546 0b5a C046     		.end
ARM GAS  1.s 			page 29


DEFINED SYMBOLS
                 1.s:9      .data:0000000000000000 $d
                 1.s:10     .data:0000000000000000 zheng_xian_200khz
                 1.s:13     .data:0000000000000190 xuan_zhuan_yin_zi
                 1.s:16     .data:00000000000007d0 cordic_yong_cos_sin
                 1.s:19     .data:0000000000000850 dian_rong_dan_wei
                 1.s:21     .data:0000000000000854 dang_wei_biao
                 1.s:568    .text:0000000000000418 __dang_wei0
                 1.s:572    .text:000000000000041e __dang_wei1
                 1.s:577    .text:0000000000000426 __dang_wei2
                 1.s:582    .text:000000000000042e __dang_wei3
                 1.s:587    .text:0000000000000436 __dang_wei4
                 1.s:592    .text:000000000000043e __dang_wei5
                 1.s:28     .data:000000000000086c an_jian_biao
                 1.s:455    .text:0000000000000336 __an_jian0
                 1.s:418    .text:00000000000002ea __dang_wei_jia
                 1.s:440    .text:0000000000000318 __pin_lv_jia
                 1.s:443    .text:000000000000031e __an_jian3
                 1.s:446    .text:0000000000000324 __an_jian4
                 1.s:449    .text:000000000000032a __an_jian5
                 1.s:452    .text:0000000000000330 __an_jian6
                 1.s:415    .text:00000000000002e4 __an_jian7
                 1.s:38     .data:0000000000000890 yjmwxwx
                 1.s:41     .data:00000000000008a0 kong
                 1.s:43     .data:00000000000008a4 _fu
                 1.s:45     .data:00000000000008a5 ou
                 1.s:47     .data:00000000000008a9 kai_lu_jiao_zhun
                 1.s:49     .data:00000000000008b9 duan_lu_jiao_zhun
                 1.s:51     .data:00000000000008c9 pi_pei_jiao_zhun
                 1.s:54     *ABS*:0000000020001000 STACKINIT
                 1.s:55     *ABS*:0000000020000000 asciimabiao
                 1.s:56     *ABS*:00000000200000f0 fuhao
                 1.s:57     *ABS*:0000000020000100 Rs
                 1.s:58     *ABS*:0000000020000104 Xs
                 1.s:59     *ABS*:0000000020000108 Cs
                 1.s:60     *ABS*:0000000020000108 jiaodu
                 1.s:61     *ABS*:000000002000010c kailu_r
                 1.s:62     *ABS*:0000000020000110 liangcheng
                 1.s:63     *ABS*:0000000020000114 dangwei
                 1.s:64     *ABS*:0000000020000194 jiaozhunkaiguan
                 1.s:65     *ABS*:00000000200001d8 dangweijiayanshi
                 1.s:66     *ABS*:00000000200001dc caidanzhizhen
                 1.s:67     *ABS*:00000000200001e0 caidanbiao
                 1.s:68     *ABS*:00000000200001f8 dianyabiaozhizhen
                 1.s:69     *ABS*:00000000200001fc dianyabiaoman
                 1.s:70     *ABS*:0000000020000200 dianyabiao
                 1.s:71     *ABS*:0000000020000390 zhengxiangbiao
                 1.s:72     *ABS*:0000000020000520 fanxiangbiao
                 1.s:73     *ABS*:0000000020000a00 lvboqizhizhen
                 1.s:74     *ABS*:0000000020000a04 lvboqihuanchong
                 1.s:75     *ABS*:0000000020000c20 lvboqizhizhen2
                 1.s:76     *ABS*:0000000020000c24 lvboqihuanchong2
                 1.s:77     *ABS*:0000000008002000 kai_lu_r
                 1.s:78     *ABS*:0000000008002004 kai_lu_i
                 1.s:79     *ABS*:0000000008002008 duan_lu_r
                 1.s:80     *ABS*:000000000800200c duan_lu_i
                 1.s:81     *ABS*:0000000008002010 pi_pei_r
ARM GAS  1.s 			page 30


                 1.s:82     *ABS*:0000000008002014 pi_pei_i
                 1.s:84     .text:0000000000000000 vectors
                 1.s:130    .text:00000000000000b0 _start
                 1.s:1534   .text:0000000000000b50 _nmi_handler
                 1.s:1536   .text:0000000000000b52 _hard_fault
                 1.s:1538   .text:0000000000000b54 _svc_handler
                 1.s:1540   .text:0000000000000b56 _pendsv_handler
                 1.s:1542   .text:0000000000000b58 _systickzhongduan
                 1.s:1543   .text:0000000000000b58 aaa
                            .text:0000000000000000 $d
                 1.s:129    .text:00000000000000b0 $t
                 1.s:131    .text:00000000000000b0 shizhong
                 1.s:138    .text:00000000000000bc denghse
                 1.s:142    .text:00000000000000c2 dengpllguan
                 1.s:154    .text:00000000000000d6 dengpll
                 1.s:162    .text:00000000000000e0 _waisheshizhong
                 1.s:179    .text:00000000000000ee _neicunqingling
                 1.s:183    .text:00000000000000f4 _neicunqinglingxunhuan
                 1.s:188    .text:00000000000000fa __fu_zhi_cai_dan_biao
                 1.s:207    .text:000000000000011e _waishezhongduan
                 1.s:238    .text:0000000000000124 io_she_zhi
                 1.s:274    .text:0000000000000140 _lcdchushihua
                 1.s:1003   .text:00000000000007c2 _xielcd
                 1.s:995    .text:00000000000007b8 _lcdyanshi
                 1.s:978    .text:000000000000079c _lcdxianshi
                 1.s:302    .text:0000000000000188 yjmwxwx_yanshi
                 1.s:306    .text:000000000000018c _adcchushihua
                 1.s:310    .text:0000000000000192 _dengadcjiaozhun
                 1.s:316    .text:000000000000019c _kaiadc
                 1.s:321    .text:00000000000001a4 _deng_adc_wen_ding
                 1.s:325    .text:00000000000001aa _tongdaoxuanze
                 1.s:338    .text:00000000000001c2 dmachushihua
                 1.s:372    .text:00000000000001e6 tim1chushiha
                 1.s:402    .text:0000000000000218 adc_yanshi
                 1.s:456    .text:0000000000000336 ting
                 1.s:414    .text:0000000000000230 $d
                 1.s:870    .text:00000000000006b8 __an_jian
                 1.s:416    .text:00000000000002e4 $t
                 1.s:551    .text:0000000000000402 __cai_dan_diao_du
                 1.s:435    .text:000000000000030a __dang_wei_fan_hui
                 1.s:558    .text:000000000000040a __dang_wei_she_zhi
                 1.s:596    .text:0000000000000444 __dang_wei_xian_shi
                 1.s:631    .text:000000000000048a __ji_suan_zu_kang
                 1.s:609    .text:0000000000000460 __dian_rong_ji_suan
                 1.s:460    .text:0000000000000342 __xianshi_zukang
                 1.s:476    .text:0000000000000364 __dian_zu_bu_shi_zheng
                 1.s:481    .text:000000000000036e __xian_shi_dian_zu
                 1.s:1078   .text:000000000000083a _zhuanascii
                 1.s:503    .text:000000000000039c __dian_kang_bu_shi_zheng
                 1.s:508    .text:00000000000003a6 __xian_shi_dian_kang
                 1.s:530    .text:00000000000003d4 __dian_rong_bu_shi_zheng
                 1.s:535    .text:00000000000003de __xian_shi_dian_rong
                 1.s:545    .text:00000000000003f4 __xian_shi_dian_rong_dan_wei
                 1.s:617    .text:000000000000046e __dianrong_bu_shi_fu
                 1.s:1426   .text:0000000000000a7a __chu_fa
                 1.s:1285   .text:00000000000009a0 __chufa64
                 1.s:680    .text:00000000000004f6 __tong_dao_qie_huan
ARM GAS  1.s 			page 31


                 1.s:716    .text:0000000000000538 __DFT_ji_suan
                 1.s:1153   .text:00000000000008c8 __fu_shu_chu_fa
                 1.s:951    .text:0000000000000774 _lvboqi
                 1.s:698    .text:000000000000051e __tong_dao_qie_huan_yan_shi
                 1.s:705    .text:0000000000000528 __fu_zhi_nei_cun
                 1.s:701    .text:0000000000000522 __tong_dao_qie_huan_yan_shi_xun_huan
                 1.s:709    .text:000000000000052c __fu_zhi_xun_huan
                 1.s:730    .text:0000000000000550 __ji_suan_dft_xun_huan
                 1.s:736    .text:000000000000055a __qu_fan_r4
                 1.s:740    .text:0000000000000560 __ji_suan_dft
                 1.s:766    .text:0000000000000592 __xian_shi_jiao_du
                 1.s:779    .text:00000000000005ac __jiaodu_bu_shi_zheng
                 1.s:784    .text:00000000000005b6 __xian_shi_jiaodu
                 1.s:795    .text:00000000000005ce $d
                 1.s:795    .text:00000000000005d0 $d
                 1.s:798    .text:0000000000000640 _xieflash
                 1.s:799    .text:0000000000000640 $t
                 1.s:809    .text:0000000000000652 _flashmang
                 1.s:826    .text:0000000000000670 _flashmang1
                 1.s:835    .text:0000000000000680 _flashmang2
                 1.s:844    .text:0000000000000690 _flashmang4
                 1.s:854    .text:000000000000069e __fu_shu_cheng_fa
                 1.s:890    .text:00000000000006de __atan2_ji_suan
                 1.s:903    .text:00000000000006f4 __cordic_atan2_xun_huan
                 1.s:904    .text:00000000000006f4 __du_cos_sin
                 1.s:924    .text:0000000000000718 __ni_shi_zhen_zhuan
                 1.s:917    .text:000000000000070c __shun_shi_zhen_zhuan
                 1.s:930    .text:0000000000000722 __xuan_zhuan_wan
                 1.s:949    .text:0000000000000746 $d
                 1.s:949    .text:0000000000000748 $d
                 1.s:955    .text:0000000000000774 $t
                 1.s:963    .text:0000000000000784 _lvboqimeidaohuanchongquding
                 1.s:966    .text:0000000000000788 _lvboqixunhuan
                 1.s:970    .text:000000000000078e _lvbozonghe
                 1.s:987    .text:00000000000007aa _lcdxianshixunhuan
                 1.s:998    .text:00000000000007bc _lcdyanshixunhuan
                 1.s:1017   .text:00000000000007da __lcd_ming_ling
                 1.s:1014   .text:00000000000007d6 __lcd_shu_ju
                 1.s:1019   .text:00000000000007dc __xie_lcd_shu_ju
                 1.s:1034   .text:00000000000007fe __74hc595
                 1.s:1041   .text:000000000000080a __595_yiweixunhuan
                 1.s:1046   .text:0000000000000810 __595_yanshi
                 1.s:1055   .text:000000000000081e __ser_0
                 1.s:1052   .text:000000000000081a __ser_1
                 1.s:1057   .text:0000000000000820 __595_yiwei
                 1.s:1061   .text:0000000000000824 __595_yanshi1
                 1.s:1070   .text:0000000000000832 __595_yanshi2
                 1.s:1085   .text:0000000000000844 _xunhuanqiuma
                 1.s:1402   .text:0000000000000a54 _chufa
                 1.s:1104   .text:0000000000000868 _qiumafanhui
                 1.s:1099   .text:0000000000000860 _meidaoxiaoshudian
                 1.s:1107   .text:000000000000086c __ji_suan_fu_du
                 1.s:1117   .text:0000000000000876 _shibubushifushu
                 1.s:1122   .text:000000000000087e _xububushifushu
                 1.s:1127   .text:0000000000000886 _panduanxubushibushi0
                 1.s:1131   .text:000000000000088c _jisuanfudu1
                 1.s:1144   .text:00000000000008a2 _alpha_min_beta_max
ARM GAS  1.s 			page 32


                 1.s:1136   .text:0000000000000894 _alpha_max_beta_min
                 1.s:1152   .text:00000000000008b0 $d
                 1.s:1154   .text:00000000000008c8 $t
                 1.s:1159   .text:00000000000008ce __ji_suan_chu_fa
                 1.s:1173   .text:00000000000008e2 b1
                 1.s:1179   .text:00000000000008ec b2
                 1.s:1185   .text:00000000000008f6 b3
                 1.s:1194   .text:0000000000000902 b4
                 1.s:1200   .text:000000000000090c b5
                 1.s:1206   .text:0000000000000916 b6
                 1.s:1218   .text:0000000000000928 b7
                 1.s:1220   .text:000000000000092a b8
                 1.s:1229   .text:000000000000093a b9
                 1.s:1231   .text:000000000000093c b10
                 1.s:1240   .text:000000000000094c a1
                 1.s:1246   .text:0000000000000956 a2
                 1.s:1331   .text:00000000000009e8 __chengfa
                 1.s:1253   .text:0000000000000966 a3
                 1.s:1266   .text:000000000000097e a4
                 1.s:1272   .text:0000000000000988 a5
                 1.s:1279   .text:0000000000000998 __a6
                 1.s:1325   .text:00000000000009e2 __chu_fa64_fan_hui0
                 1.s:1295   .text:00000000000009ae __chu_fa64_ji_suan
                 1.s:1302   .text:00000000000009ba __chu_fa64_xun_huan
                 1.s:1311   .text:00000000000009ca __chu_fa_yi_wei
                 1.s:1319   .text:00000000000009d8 __di_yi_wei
                 1.s:1373   .text:0000000000000a28 __cheng_fa_fan_hui
                 1.s:1345   .text:00000000000009f2 __ji_suan_cheng_fa
                 1.s:1377   .text:0000000000000a2e __dai_yu_shu_chufa
                 1.s:1399   .text:0000000000000a52 __dai_yu_shu_chufafanhui
                 1.s:1389   .text:0000000000000a42 __dai_yu_shu_chufaxunhuan
                 1.s:1396   .text:0000000000000a4e __dai_yu_shu_chufaweishubudao0
                 1.s:1424   .text:0000000000000a78 _chufafanhui
                 1.s:1414   .text:0000000000000a68 _chufaxunhuan
                 1.s:1421   .text:0000000000000a74 _chufaweishubudao0
                 1.s:1465   .text:0000000000000abe _chufafanhui1
                 1.s:1438   .text:0000000000000a90 __pan_duan_bei_chu_shu
                 1.s:1444   .text:0000000000000a9a __ji_suan_chu_fa11
                 1.s:1450   .text:0000000000000aa4 _chufaxunhuan1
                 1.s:1457   .text:0000000000000ab0 _chufaweishubudao00
                 1.s:1467   .text:0000000000000ac0 _chufafanhui2
                 1.s:1470   .text:0000000000000ac2 __he_bing_dian_ya_biao
                 1.s:1479   .text:0000000000000ad2 __he_bing_dian_ya_biao_xun_huan
                 1.s:1491   .text:0000000000000aea __zheng_dian_ya
                 1.s:1502   .text:0000000000000afe __zhuan_bcd
                 1.s:1495   .text:0000000000000af2 __dian_ya_biao_jia
                 1.s:1508   .text:0000000000000b08 __bcd_xun_huan
                 1.s:1533   .text:0000000000000b3a $d
                 1.s:1533   .text:0000000000000b3c $d
                 1.s:1535   .text:0000000000000b50 $t

NO UNDEFINED SYMBOLS
