ARM GAS  1.s 			page 1


   1              		 .thumb                 
   2              	         .syntax unified
   3              	.section .data
   4              		.align 4
   5              		
   6 0000 039F250D 	shumaguanmabiao: .byte 0x03,0x9f,0x25,0x0d,0x99,0x49,0x41,0x1f,0x01,0x09
   6      9949411F 
   6      0109
   7 000a 00FF45BA 	hongwaimabiao: .int 0xba45ff00,0xb946ff00,0xb847ff00,0xbb44ff00,0xbf40ff00,0xbc43ff00,0xf807ff00,0x
   7      00FF46B9 
   7      00FF47B8 
   7      00FF44BB 
   7      00FF40BF 
   8 005a 40201008 	shuaxinbiao: .byte 0x40,0x20,0x10,0x08,0x40,0x20,0x10,0x08
   8      40201008 
   9              		
  10 0062 87020000 	caidian: .word zhucaidan +1,dd1 +1,dd2 +1,dd3 +1,dd4 +1,dd5 +1,dd6 +1,dd7 +1,dd8 +1,dd9 +1,dd10 +1,
  10      87020000 
  10      87020000 
  10      87020000 
  10      87020000 
  11              		
  12              	        	.equ STACKINIT,          0x20005000
  13              			.equ systickbiaozhi,     0x20000300
  14              			.equ dq18b20,		 0x42210184
  15              	.section .text
  16              	xiangliangbiao:
  17 0000 00500020 		.word STACKINIT
  18 0004 0D010000 		.word _start + 1
  19 0008 89030000 		.word _nmi_handler + 1
  20 000c 8B030000 		.word _hard_fault  + 1
  21 0010 8D030000 		.word _memory_fault + 1
  22 0014 8F030000 		.word _bus_fault + 1
  23 0018 91030000 		.word _usage_fault + 1
  24 001c 00000000 		.word 0
  25 0020 00000000 		.word 0
  26 0024 00000000 		.word 0
  27 0028 00000000 		.word 0
  28 002c 00000000 		.word 0
  29 0030 00000000 		.word 0
  30 0034 00000000 		.word 0
  31 0038 00000000 		.word 0
  32 003c 93030000 		.word systickdingshiqi +1
  33 0040 00000000 		.word	0 @WWDG  	0
  34 0044 00000000 		.word	0 @PVD  	1
  35 0048 00000000 		.word	0 @TAMPER	2
  36 004c 00000000 		.word	0 @RTC		3
  37 0050 00000000 		.word	0 @FLASH	4
  38 0054 00000000 		.word	0 @RCC		5
  39 0058 00000000 		.word	0 @EXTI0	6
  40 005c 00000000 		.word	0 @EXTI1	7
  41 0060 00000000 		.word	0 @EXTI2	8
  42 0064 00000000 		.word	0 @EXTI3	9
  43 0068 00000000 		.word	0 @EXTI4	10
  44 006c 00000000 		.word	0 @DMA11	11
  45 0070 00000000 		.word	0 @DMA12	12
  46 0074 00000000 		.word	0 @DMA13	13
ARM GAS  1.s 			page 2


  47 0078 00000000 		.word	0 @DMA14	14
  48 007c 00000000 		.word	0 @DMA15	15
  49 0080 00000000 		.word	0 @DMA16	16
  50 0084 00000000 		.word	0 @DMA17	17
  51 0088 00000000 		.word	0 @ADC1_2 	18
  52 008c 00000000 		.word	0 @USB_HP_CAN1_TX 19
  53 0090 00000000 		.word	0 @USB_LP_CAN1_RX0 20
  54 0094 00000000 		.word	0 @CAN1_RX1	21
  55 0098 00000000 		.word	0 @CAN1_SCE	22
  56 009c 00000000 		.word	0 @EXTI9_5	23
  57 00a0 00000000 		.word	0 @TIM1_BRK	24
  58 00a4 00000000 		.word	0 @TIM1_UP	25
  59 00a8 00000000 		.word	0 @TIM1_TRG_COM	26
  60 00ac 00000000 		.word	0 @TIM1_CC	27
  61 00b0 BD030000 		.word	tim2dingshiqi +1  @TIM2 28
  62 00b4 11040000 		.word	tim3dingshiqi +1  @TIM3		29
  63 00b8 00000000 		.word	0 @TIM4		30
  64 00bc 00000000 		.word	0 @I2C1_EV	31
  65 00c0 00000000 		.word	0 @I2C1_ER	32
  66 00c4 00000000 		.word	0 @I2C2_EV	33
  67 00c8 00000000 		.word	0 @I2C2_ER	34
  68 00cc 00000000 		.word	0 @SPI1		35
  69 00d0 00000000 		.word	0 @SPI2		36
  70 00d4 00000000 		.word	0 @USART1	37
  71 00d8 00000000 		.word	0 @USART2	38
  72 00dc 00000000 		.word	0 @USART3	39
  73 00e0 00000000 		.word	0 @EXTI15_10	40
  74 00e4 00000000 		.word	0 @RTCAlarm_IRQ	41
  75 00e8 00000000 		.word	0 @USBWakeUp	42
  76 00ec 00000000 		.word	0	
  77 00f0 00000000 		.word	0	
  78 00f4 00000000 		.word	0
  79 00f8 00000000 		.word	0
  80 00fc 00000000 		.word	0
  81 0100 00000000 		.word	0
  82 0104 00000000 		.word	0
  83 0108 00000000 		.word	0 @BootRAM   
  84              	_start:
  85 010c C448     		ldr r0, = 0x40010004
  86 010e 4FF00071 		ldr r1, = 0x02000000
  87 0112 0160     		str r1, [r0]
  88              	
  89 0114 4160     		str r1, [r0, # 0x04]
  90 0116 C348     		ldr r0, = 0x40021000
  91 0118 C349     		ldr r1, = 0x14D83
  92 011a 0160     		str r1, [r0]
  93              	gsszbz: 
  94 011c 0268     		ldr r2, [r0]
  95 011e 4FF40031 		ldr r1, = 0x20000
  96 0122 1142     		tst r1, r2           @HSE高速时钟标志位           
  97 0124 00D1     		bne rccchushihua
  98 0126 F9E7     		b gsszbz
  99              	rccchushihua: 
 100 0128 C048     		ldr r0, = 0x40022000
 101 012a 4FF03201 		mov r1, # 0x00000032
 102 012e 0160     		str r1, [r0]           @FLASH缓冲 缓冲开启 
 103 0130 BF48     		ldr r0, = 0x40021004
ARM GAS  1.s 			page 3


 104 0132 C049     		ldr r1, = 0x1D8400
 105 0134 0160     		str r1, [r0]
 106 0136 BB48     		ldr r0, = 0x40021000
 107 0138 BF49     		ldr r1, = 0x1033D03
 108 013a 0160     		str r1, [r0]
 109              	chaxun:
 110 013c 0268     		ldr r2, [r0]
 111 013e 4FF00071 		ldr r1, = 0x2000000
 112 0142 1142     		tst r1, r2
 113 0144 00D1     		bne rccgg               @等待PLL稳定
 114 0146 F9E7     		b chaxun
 115              	rccgg:
 116 0148 B948     		ldr r0, = 0x40021004
 117 014a BC49     		ldr r1, = 0x1D8402
 118 014c 0160     		str r1, [r0]            @ PLL作为系统时钟
 119              	
 120 014e B448     		ldr r0, = 0x40010004
 121 0150 4FF00071 		ldr r1, = 0x02000000
 122 0154 0160     		str r1, [r0]
 123              	
 124              	neicunqingling:                  @ 无聊把内存清0
 125 0156 4FF00050 		ldr r0, = 0x20000000
 126 015a 44F6FF72 		ldr r2, = 0x4fff         @ 区域是0X4FFF大的地方
 127 015e 4FF00001 		mov r1, # 0              @ 写0
 128              	qingling_xunhuan:                
 129 0162 40F8041B 		str r1, [r0], 4         
 130 0166 013A     		subs r2, # 1
 131 0168 FBD1     		bne qingling_xunhuan     @ 循环清0
 132              	
 133              	chushihuayixieshuju:	 @初始化一些数据
 134 016a B548     		ldr r0, = 0x200004fc
 135 016c B549     		ldr r1, = 0x2200a000
 136 016e 0160     		str r1, [r0]
 137 0170 B548     		ldr r0, = 0x2000001c
 138 0172 6FF07F41 		ldr r1, = 0xffffff
 139 0176 0160     		str r1, [r0]
 140 0178 B44D     		ldr r5, = 0x20000024 @ 22000480
 141 017a B549     		ldr r1, = 0x00110001
 142 017c 4FF00112 		ldr r2, = 0x00010001
 143 0180 B44B     		ldr r3, = 0x00010101
 144 0182 2960     		str r1, [r5]
 145 0184 6A60     		str r2, [r5, # 4]
 146 0186 AB60     		str r3, [r5, # 8]
 147              		
 148              		@ dma
 149 0188 B348     		ldr r0, = 0x20000600
 150 018a 4FF4FA71 		ldr r1, = 500
 151 018e 0160     		str r1, [r0]
 152              	systick:
 153              		@0xe000e010 SYSTICK控制状态寄存器
 154              		@0=定时器使能
 155              		@1=（1倒数到0发出异常请，0无动作）
 156              		@2=（0外部始终1内核时钟）
 157              		@16= 如果赏赐读取本寄存器后SYSTICK已经数到0则该位为1如果读取该位则清0
 158              		@0xe000e014 重载值寄存器 数到0将要被重载的值
 159              		@0xe000e018 当前值，写清0
 160              		@0e000e01c
ARM GAS  1.s 			page 4


 161              		@0-23 10MS的时间内倒计数的格数
 162              		@ 30=(1教准不是准确的10MS)（0教准是准确的10MS）
 163 0190 B248     		ldr r0, = 0xe000e010
 164 0192 4FF00001 		mov r1, # 0               
 165 0196 0160     		str r1, [r0]            @ 关掉SYSTICK
 166 0198 42F22831 		ldr r1, = 9000      @ 重载数
 167 019c 4160     		str r1, [r0, # 4]       @ 写进重载数
 168 019e 8160     		str r1, [r0, # 8]       @ 清0当前数          
 169 01a0 AF4B     		ldr r3, = 0xe000ed23  @systick优先级
 170 01a2 4FF0F001 		mov r1, # 240
 171 01a6 1960     		str r1, [r3]
 172 01a8 4FF00001 		mov r1, # 0x00
 173 01ac 0160     		str r1, [r0] @ 开定时器
 174              		
 175              	waisheshizhong:
 176              	
 177              		@AHBENR=0x40021014
 178              		@0=DMA1,1=DMA2,2=SRAMEN,4=FLITFEN,6=CRCEN,8=FSMCEN,10=SDIOEN
 179 01ae AD48     		ldr r0, = 0x40021014
 180 01b0 4FF01501 		mov r1, # 0x15
 181 01b4 0160     		str r1, [r0]
 182              		
 183              		@APB2_ENR=0X40021018 0(AFIO)1(保留)2(PA)3(PB)4(PC)5(PD)6(PE)78(保留)
 184              		@9(ADC1)10(ADC2)11(TIM1)12(SPI1)13(保留)14（USART1）15(保留)
 185 01b6 AC48     		        ldr r0, = 0x40021018 @ APB2_ENR
 186 01b8 40F63C01 		        ldr r1, = 0x83c
 187 01bc 0160     		        str r1, [r0]
 188              		@APB1_ENR=0X4002101C
 189              		@0=TIM2,1=TIM3,2=TIM4,3=TIM5,4=TIM6,5=TIM7,11=WWDG
 190              		@14=SP12,15=SP13,17=UART3,19=UART4,20=UART5
 191              		@21=I2C,22=I2C2,23=USB,25=CAN,27=BKPT,28=PWR,29=DACEN
 192 01be AB48     			ldr r0, = 0X4002101C @ APB1_ENR
 193 01c0 3F21     			ldr r1, = 0x3f
 194 01c2 0160     			str r1, [r0]
 195              		
 196              	zhongduankongzhi:
 197              		@SETENA0=0XE000E100,SETENA1=0XE000E104 @中断使能
 198              		@CLRENA0=0XE000E180,CLRENA1=0XE000E184 @中断除能
 199              		@SETPEND0=0XE000E200,SETPPEND1=0XE000E204 @中断悬起
 200              		@CLRPEND0=0XE000E280,CLRPEND1=0XE000E284  @中断解悬
 201              		@ACTIVE0=0XE000E300,ACTIVE1=0XE000E304   @ 中断活动状态
 202              		@0XE000E400-0XE000E43C 中断优先级阵列每个占8位
 203              		@0XE000ED00=CPUID，0XE000ED04=中断控制及状态寄存器
 204              		@0xe000ed08=向量表偏移，0xe000ed0c=应用程序中断及复位
 205              		@0xe000ed10=系统控制，0XE000ED14=配置与控制
 206              		@0xe000ed18-0xe000ed23=系统异常优先级阵列
 207 01c4 AA48     		ldr r0, = 0xe000ed0c
 208 01c6 AB49     		ldr r1, = 0x5fa0500
 209 01c8 0160     		str r1, [r0]
 210 01ca AB48     		ldr r0, = 0xe000e400
 211 01cc 4FF0C001 		mov r1, # 0xc0
 212 01d0 C161     		str r1, [r0, # 28]
 213 01d2 AA48     		ldr r0, = 0xe000e100 @ 中断使能
 214 01d4 4FF08051 		ldr r1, = 0x10000000 @ tim2 
 215 01d8 0160     		str r1, [r0]
 216              	dmachushihua:
 217              		DMA1= 0x40020000
ARM GAS  1.s 			page 5


 218              		@+0=LSR,+4=IFCR,
 219              		@+8=CCR1,+c=CNDTR1,+10=CPAR1+14=CMAR1,
 220              		@+1c=CCR2,+20=CNDTR2,+24=CPAR2,+28=CMAR2
 221              		@+30=CCR3,+34=CNDTR3,+38=CPAR2,+3c=CMAR3
 222              		@+44=CCR4,+48=CNDTR4,+4c=CPAR4,+50=CMAR4
 223              		@+58=CCR5,+5c=CNDTR5,+60=CPAR5,+64=CMAR5
 224              		@+6C=CCR6,+70=CNDTR6,+74=CPAR6,+78=CMAR6
 225              		@+80=CCR7,+84=CNDTR7,+88=CPAR7,+8c=CMAR7
 226 01da A948     		ldr r0, = 0x40020000
 227 01dc A949     		ldr r1, = 0x40000834
 228 01de 0161     		str r1, [r0, # 0x10]
 229 01e0 9D49     		ldr r1, = 0x20000600
 230 01e2 4161     		str r1, [r0, # 0x14]
 231 01e4 8F21     		ldr r1, = 0x8f
 232 01e6 C160     		str r1, [r0, # 0x0c]
 233 01e8 42F63121 		ldr r1, = 0x2a31
 234 01ec 8160     		str r1, [r0, # 0x8]
 235              		
 236              		
 237              	timdingshiqi:
 238              		@tim1=0x40012c00
 239              		@+0=CR1 控制寄存器
 240              		@+4=CR2 控制寄存器2
 241              		@+8=SMCR 从模式控制寄存器
 242              		@+c=DIER 中断使能寄存器
 243              		@+10=SR 状态寄存器
 244              		@+14=EGR 事件产生寄存器
 245              		@+18=CCMR1 捕获/比较模式寄存器1
 246              		@+1C=CCMR2 捕获/比较模式寄存器2
 247              		@+20=CCER 捕获/比较使能寄存器
 248              		@+24=CNT 计数器
 249              		@+28=PSC 预分频器
 250              		@+2C=ARR 重载寄存器
 251              		@+30=RCR 重复计数寄存器
 252              		@+34=CCR1 捕获/比较寄存器1
 253              		@+38=CCR2 捕获/比较寄存器2
 254              		@+3C=CCR3 捕获/比较寄存器3
 255              		@+40=CCR4 捕获/比较寄存器4
 256              		@+44=BDTR 刹车/死区寄存器
 257              		@+48=DCR DMA控制器
 258              		@+4C=DMAR 连续模式的DMA地址
 259              		@TIM2=0x40000000
 260              	@18=CCMR1,18=OCMR1,1C=CCMR2,1C=OCMR2
 261              	@CNT与CCR比较占空，ARR与PSC决定频率。主频除以PSC=计数频率
 262 01ee 4FF08040 		ldr r0, = 0x40000000 @ tim2
 263 01f2 4FF43471 		ldr r1, = 720
 264 01f6 8162     		str r1, [r0, # 0x28] @ 分频
 265 01f8 6FF07F41 		ldr r1, = 0xffffff
 266 01fc C162     		str r1, [r0, # 0x2c] @ 重载
 267 01fe 4FF00201 		mov r1, # 2
 268 0202 C160     		str r1, [r0, # 0x0c] @开中断
 269 0204 F121     		ldr r1, = 0xf1
 270 0206 8161     		str r1, [r0, # 0x18] @ 捕获/比较模式
 271 0208 4FF00301 		mov r1, # 3
 272 020c 0162     		str r1, [r0, # 0x20] @ 下降沿捕获
 273 020e 8121     		ldr r1, = 0x81
 274 0210 0160     		str r1, [r0]
ARM GAS  1.s 			page 6


 275              	tim3chushihua:
 276 0212 9D48     		ldr r0, = 0x40000400 @ tim3
 277 0214 4FF00001 		mov r1, # 0
 278 0218 8162     		str r1, [r0, # 0x28]
 279 021a C162     		str r1, [r0, # 0x2c]
 280              	tim4chushihua:
 281 021c 9B48     		ldr r0, = 0x40000800 @ TIM
 282 021e 4821     		ldr r1, = 72
 283 0220 8162     		str r1, [r0, # 0x28] @ PSC
 284 0222 4FF47A71 		ldr r1, =   1000
 285 0226 C162     		str r1, [r0, # 0x2c] @ ARR
 286 0228 7821     		ldr r1, = 0x78
 287 022a 8161     		str r1, [r0, # 0x18] @ CCMR
 288 022c 0121     		        ldr r1, = 0x01
 289 022e 0162     		        str r1, [r0, # 0x20]
 290 0230 4FF40071 		ldr r1, = 0x200
 291 0234 C160     		str r1, [r0, # 0x0c]
 292 0236 8121     		ldr r1, = 0x81
 293 0238 0160     		str r1, [r0]         @ cr1
 294              		
 295              	IOshezhi:
 296              		
 297              		@PA=0x40010800 PB=0x40010c00 PC=0x40011000 
 298              		@PD=0x40011400 PE=0x40011800 PF=0x40011c00 
 299              		@ IO 1(通用推挽10M)2(通用推挽2M)3(通用推挽50M)
 300              		@4(浮空输入)5(通用开漏输出10M)6(通用开漏输出2M)
 301              		@7(通用开漏输出50M)8(上拉下拉输入)9(复用功能推挽输出10M)
 302              		@A(复用功能推挽输出2M)B(复用功能推挽输出50M)C(保留)
 303              		@D(复用功能开溜输出10M)E(复用功能开漏输出2M)F(复用功能开漏输出50M)
 304              		@ 偏移0X8=IDR 输入数据寄存器
 305              		@偏移0XC=ODR 输出数据寄存器
 306              		@偏移0X10=BSRR IO开
 307              		@偏移0X14=BRR  IO关
 308 023a 9548     		ldr r0, = 0x40010c00
 309 023c 4FF03331 		ldr r1, = 0x33333333
 310 0240 4160     		str r1, [r0, # 0x04]
 311 0242 4FF0BB31 		ldr r1, = 0xbbbbbbbb
 312 0246 0160     		str r1, [r0]
 313 0248 4FF6FF71 		ldr r1, = 0xffff
 314 024c C160     		str r1, [r0, # 0x0c]
 315 024e 4FF0000B 		mov r11, # 0
 316 0252 9048     		ldr r0, = 0x40010800
 317 0254 9049     		ldr r1,	= 0x44444555
 318 0256 4160     		str r1, [r0, # 0x04]
 319 0258 8E4E     		ldr r6, = 0x40010800
 320 025a 904F     		ldr r7, = 0x44445444
 321 025c 3760     		str r7, [r6]
 322 025e 4FF00808 		mov r8, # 0x08
 323 0262 C6F81480 		str r8, [r6, # 0x14]
 324 0266 41F28830 		ldr r0, = 5000
 325 026a 00F008F8 		bl usyanshi
 326 026e C6F81080 		str r8, [r6, # 0x10]
 327              	ceshidi:
 328 0272 0BF1010B 		add r11, # 1
 329 0276 B168     		ldr r1, [r6, # 0x08]
 330 0278 0907     		lsls r1, # 28
 331 027a FAD4     		bmi ceshidi
ARM GAS  1.s 			page 7


 332              	tingzhule:
 333 027c FEE7     		b tingzhule
 334              		
 335              	usyanshi: @ 10 = 1us
 336 027e 00B5     		push {lr}
 337              	usys:
 338 0280 0138     		subs r0, r0,  # 1
 339 0282 FDD1     		bne usys
 340 0284 00BD     		pop {pc}
 341              		
 342              	zhucaidan:
 343              	dd0:
 344              	dd1:
 345              	dd2:
 346              	dd3:
 347              	dd4:
 348              	dd5:
 349              	dd6:
 350              	dd7:
 351              	dd8:
 352              	dd9:
 353              	dd10:
 354              	dd11:
 355              	dd12:
 356              	dd13:
 357              	dd14:
 358              	dd15:
 359              	dd16:
 360              	dd17:
 361              	dd18:
 362              	dd19:
 363              	dd20:
 364              	dd21:
 365              	dd22:
 366              	dd23:
 367              	dd24:
 368              	dd25:
 369              	dd26:
 370              	dd27:
 371              	dd28:
 372              	dd29:
 373              	zhuye:
 374 0286 00F05AF8 		bl anjian
 375 028a 854A     		ldr r2, = 0x200004f8
 376 028c 1268     		ldr r2, [r2]
 377 028e 152A     		cmp r2, # 21
 378 0290 F9D0     		beq zhucaidan
 379 0292 844A     		ldr r2, = 0x20000014
 380 0294 1068     		ldr r0, [r2]
 381 0296 4FF00401 		mov r1, # 4
 382 029a 834A     		ldr r2, = 0x20000100
 383 029c 00F022F8 		bl zhuan_ascii
 384 02a0 4FF00400 		mov r0, # 4
 385 02a4 00F05DF8 		bl xieshumaguan
 386 02a8 EDE7     		b zhuye
 387              	
 388              	zhuan_shijinzhi:   @ R0=要转换的数的地址
ARM GAS  1.s 			page 8


 389 02aa 2DE9FF43 		push {r0-r9,lr}
 390 02ae EC46     		mov r12, sp
 391 02b0 81B0     		sub sp, # 0x04	
 392 02b2 90F80080 		ldrb r8, [r0]
 393 02b6 4278     		ldrb r2, [r0, # 1]
 394 02b8 8378     		ldrb r3, [r0, # 2]
 395 02ba C478     		ldrb r4, [r0, # 3]
 396 02bc 4FF06405 		mov r5, # 100
 397 02c0 02FB05F9 		mul r9, r2, r5
 398 02c4 42F21075 		movw r5, # 10000
 399 02c8 03FB05F7 		mul r7, r3, r5
 400 02cc 774D     		ldr r5, = 1000000
 401 02ce 04FB05F6 		mul r6, r4, r5
 402 02d2 C844     		add r8, r8, r9
 403 02d4 07EB0802 		add r2, r7, r8
 404 02d8 02EB0601 		add r1, r2, r6
 405 02dc 0091     		str r1, [sp]
 406 02de E546     		mov sp, r12
 407 02e0 BDE8FF83 		pop {r0-r9,pc}
 408              	zhuan_ascii: @ 入口R0=数据 R1= 长度 R2=出口
 409 02e4 FFB5     		push {r0-r7,lr}
 410 02e6 724F     		ldr r7, = shumaguanmabiao
 411 02e8 4FF00A05 		mov r5, # 10
 412              	xunhuanqiuma:
 413 02ec B0FBF5F4 		udiv r4, r0, r5
 414 02f0 04FB05F6 		mul r6, r4, r5
 415 02f4 A0EB0603 		sub r3, r0, r6
 416 02f8 FE5C     		ldrb r6, [r7, r3]
 417 02fa 02F8016B 		strb r6, [r2], # 1
 418 02fe 2046     		mov r0, r4
 419 0300 0139     		subs r1, # 1
 420 0302 F3D1     		bne xunhuanqiuma
 421 0304 FFBD     		pop {r0-r7,pc}
 422              	
 423              	xie595:    @ 入口0X20000000
 424              		
 425              		@74HC595 11=输入锁存 12=输出锁存 14=数据
 426 0306 3FB5     		push {r0-r5,lr}
 427 0308 6A48     		ldr r0, =  0x422101a0 @ 位带地址  
 428 030a 4FF00101 		mov r1, # 1       @ 1
 429 030e 4FF00002 		mov r2, # 0          @ 0
 430 0312 4FF00853 		ldr r3, = 0x22000000 @ 0x20000000的位带
 431 0316 4FF01004 		mov r4, # 16         @ 写两个8位
 432              	xunhuan595:
 433 031a 8260     		str r2, [r0, # 0x08] @ 595_11 输入锁存
 434 031c 53F8045B 		ldr r5, [r3], # 4    @ 取出一位的数据
 435 0320 0560     		str r5, [r0]         @14脚输出数据
 436 0322 8160     		str r1, [r0, # 0x08] @ 锁存
 437 0324 013C     		subs r4, # 1         
 438 0326 F8D1     		bne xunhuan595       @循环16次
 439 0328 4260     		str r2, [r0, # 0x04] @ 12输出锁存
 440 032a 4160     		str r1, [r0, # 0x04] 
 441 032c 3FBD     		pop {r0-r5,pc}      @ 弹出各寄存器返回
 442              		
 443              	qingchuanjian:
 444 032e 03B5     		push {r0-r1,lr}
 445 0330 5B48     		ldr r0, = 0x200004f8
ARM GAS  1.s 			page 9


 446 0332 4FF00001 		mov r1, # 0
 447 0336 0160     		str r1, [r0]
 448 0338 5F48     		ldr r0, = 0x20000500
 449 033a 0160     		str r1, [r0]
 450 033c 03BD     		pop {r0-r1,pc}
 451              	anjian:
 452 033e 2DE9FF5F 		push {r0-r12,lr}
 453 0342 5D4B     		ldr r3, = 0x20000500
 454 0344 5D4D     		ldr r5, = hongwaimabiao
 455 0346 4FF01506 		mov r6, # 21        @ 按键数量
 456              	panduananjian:
 457 034a 55F8044B 		ldr r4, [r5], # 4
 458 034e 1A68     		ldr r2, [r3]
 459 0350 A242     		cmp r2, r4
 460 0352 02D0     		beq anjianzhengque
 461 0354 013E     		subs r6, # 1
 462 0356 F8D1     		bne panduananjian
 463 0358 01E0     		b anjianfanhui
 464              	anjianzhengque:
 465 035a 514A     		ldr r2, = 0x200004f8
 466 035c 1660     		str r6, [r2]
 467              		
 468              	anjianfanhui:
 469 035e BDE8FF9F 		pop {r0-r12,pc}
 470              	xieshumaguan: @ r0位数
 471 0362 2DE9FF5F 		push {r0-r12,lr}
 472 0366 504F     		ldr r7, = 0x20000100
 473 0368 DFF85481 		ldr r8, = shuaxinbiao
 474 036c 4FF00056 		ldr r6, = 0x20000000
 475              	
 476              	xianshi:
 477 0370 18F8015B 		ldrb r5, [r8], # 1
 478 0374 17F8012B 		ldrb r2, [r7], # 1
 479 0378 3570     		strb r5, [r6]
 480 037a 7270     		strb r2, [r6, # 0x01]
 481 037c FFF7C3FF 		bl xie595
 482 0380 0138     		subs r0, # 1
 483 0382 F5D1     		bne xianshi
 484 0384 BDE8FF9F 		pop {r0-r12,pc}
 485              		
 486              	_nmi_handler:
 487 0388 7047     		bx lr
 488              	_hard_fault:
 489 038a 7047     		bx lr
 490              	_memory_fault:
 491 038c 7047     		bx lr
 492              	_bus_fault:
 493 038e 7047     		bx lr
 494              	_usage_fault:
 495 0390 7047     	 	bx lr
 496              	systickdingshiqi:	              @ SYSTICK定时期中断服务函数
 497 0392 2DE9FF5F 		push {r0-r12,lr}
 498 0396 4B48     		ldr r0, = 0xe000ed04
 499 0398 4FF00071 		ldr r1, = 0x2000000
 500 039c 0160     		str r1, [r0]         @ 挂起SYSTICK
 501 039e 4A4A     		ldr r2, = 0x20000010
 502 03a0 1168     		ldr r1, [r2]
ARM GAS  1.s 			page 10


 503 03a2 5368     		ldr r3, [r2, # 0x04]
 504 03a4 01F10101 		add r1, # 1
 505 03a8 B1F57A7F 		cmp.w r1, # 1000
 506 03ac 28BF     		it cs
 507 03ae 0021     		movcs r1, # 0
 508 03b0 03F10103 		add r3, # 1
 509 03b4 1160     		str r1, [r2]
 510 03b6 5360     		str r3, [r2, # 0x04]
 511 03b8 BDE8FF9F 		pop {r0-r12,pc}
 512              		
 513              	tim2dingshiqi:
 514 03bc 2DE9FF5F 		push {r0-r12,lr}	
 515 03c0 1F4A     		ldr r2, = 0x200004fc
 516 03c2 4248     		ldr r0, = 0x40000034
 517 03c4 1368     		ldr r3, [r2]
 518 03c6 0168     		ldr r1, [r0]  @ 读取时间
 519 03c8 B1F5604F 		cmp.w r1, # 0xe000
 520 03cc 1AD8     		bhi tim2fanhui
 521 03ce B1F5805F 		cmp.w r1, # 0x1000
 522 03d2 82BF     		ittt hi
 523 03d4 1B4C     		ldrhi r4, = 0x2200a000
 524 03d6 1460     		strhi r4, [r2]
 525 03d8 14E0     		bhi tim2fanhui
 526 03da FF29     		cmp r1, # 0xff
 527 03dc 81BF     		itttt hi
 528 03de 12F80C5C 		ldrbhi r5, [r2, # - 0x0c]
 529 03e2 0135     		addhi r5, # 1
 530 03e4 02F80C5C 		strbhi r5, [r2, # - 0x0c]
 531 03e8 0CE0     		bhi tim2fanhui
 532 03ea A029     		cmp r1, # 0xa0
 533 03ec 81BF     		itttt hi
 534 03ee 0126     		movhi r6, # 1
 535 03f0 43F8046B 		strhi r6, [r3], # 4
 536 03f4 1360     		strhi r3, [r2]
 537 03f6 05E0     		bhi tim2fanhui
 538 03f8 6029     		cmp r1, # 0x60
 539 03fa 82BF     		ittt hi
 540 03fc 0026     		movhi r6, # 0
 541 03fe 43F8046B 		strhi r6, [r3], # 4
 542 0402 1360     		strhi r3, [r2]
 543              	tim2fanhui:
 544 0404 3248     		ldr r0, = 0x40000024
 545 0406 4FF00001 		mov r1,  # 0
 546 040a 0160     		str r1, [r0]
 547 040c BDE8FF9F 		pop {r0-r12,pc}
 548              	
 549              		
 550              	tim3dingshiqi:
 551 0410 00B5     		push {lr}
 552 0412 3049     		ldr r1, = 0x20000220
 553 0414 0A68     		ldr r2, [r1]
 554 0416 02F10102 		add r2, # 1
 555 041a 0A60     		str r2, [r1]
 556 041c 00BD     		pop {pc}
 557 041e 00000400 		
 557      01400010 
 557      0240834D 
ARM GAS  1.s 			page 11


 557      01000020 
 557      02400410 
ARM GAS  1.s 			page 12


DEFINED SYMBOLS
                 1.s:4      .data:00000000 $d
                 1.s:6      .data:00000000 shumaguanmabiao
                 1.s:7      .data:0000000a hongwaimabiao
                 1.s:8      .data:0000005a shuaxinbiao
                 1.s:10     .data:00000062 caidian
                 1.s:342    .text:00000286 zhucaidan
                 1.s:344    .text:00000286 dd1
                 1.s:345    .text:00000286 dd2
                 1.s:346    .text:00000286 dd3
                 1.s:347    .text:00000286 dd4
                 1.s:348    .text:00000286 dd5
                 1.s:349    .text:00000286 dd6
                 1.s:350    .text:00000286 dd7
                 1.s:351    .text:00000286 dd8
                 1.s:352    .text:00000286 dd9
                 1.s:353    .text:00000286 dd10
                 1.s:354    .text:00000286 dd11
                 1.s:355    .text:00000286 dd12
                 1.s:356    .text:00000286 dd13
                 1.s:357    .text:00000286 dd14
                 1.s:358    .text:00000286 dd15
                 1.s:359    .text:00000286 dd16
                 1.s:360    .text:00000286 dd17
                 1.s:361    .text:00000286 dd18
                 1.s:362    .text:00000286 dd19
                 1.s:363    .text:00000286 dd20
                 1.s:364    .text:00000286 dd21
                 1.s:12     *ABS*:20005000 STACKINIT
                 1.s:13     *ABS*:20000300 systickbiaozhi
                 1.s:14     *ABS*:42210184 dq18b20
                 1.s:16     .text:00000000 xiangliangbiao
                 1.s:84     .text:0000010c _start
                 1.s:486    .text:00000388 _nmi_handler
                 1.s:488    .text:0000038a _hard_fault
                 1.s:490    .text:0000038c _memory_fault
                 1.s:492    .text:0000038e _bus_fault
                 1.s:494    .text:00000390 _usage_fault
                 1.s:496    .text:00000392 systickdingshiqi
                 1.s:513    .text:000003bc tim2dingshiqi
                 1.s:550    .text:00000410 tim3dingshiqi
                            .text:00000000 $d
                 1.s:85     .text:0000010c $t
                 1.s:93     .text:0000011c gsszbz
                 1.s:99     .text:00000128 rccchushihua
                 1.s:109    .text:0000013c chaxun
                 1.s:115    .text:00000148 rccgg
                 1.s:124    .text:00000156 neicunqingling
                 1.s:128    .text:00000162 qingling_xunhuan
                 1.s:133    .text:0000016a chushihuayixieshuju
                 1.s:152    .text:00000190 systick
                 1.s:175    .text:000001ae waisheshizhong
                 1.s:196    .text:000001c4 zhongduankongzhi
                 1.s:216    .text:000001da dmachushihua
                 1.s:217    *ABS*:40020000 DMA1
                 1.s:237    .text:000001ee timdingshiqi
                 1.s:275    .text:00000212 tim3chushihua
ARM GAS  1.s 			page 13


                 1.s:280    .text:0000021c tim4chushihua
                 1.s:295    .text:0000023a IOshezhi
                 1.s:335    .text:0000027e usyanshi
                 1.s:327    .text:00000272 ceshidi
                 1.s:332    .text:0000027c tingzhule
                 1.s:337    .text:00000280 usys
                 1.s:343    .text:00000286 dd0
                 1.s:365    .text:00000286 dd22
                 1.s:366    .text:00000286 dd23
                 1.s:367    .text:00000286 dd24
                 1.s:368    .text:00000286 dd25
                 1.s:369    .text:00000286 dd26
                 1.s:370    .text:00000286 dd27
                 1.s:371    .text:00000286 dd28
                 1.s:372    .text:00000286 dd29
                 1.s:373    .text:00000286 zhuye
                 1.s:451    .text:0000033e anjian
                 1.s:408    .text:000002e4 zhuan_ascii
                 1.s:470    .text:00000362 xieshumaguan
                 1.s:388    .text:000002aa zhuan_shijinzhi
                 1.s:412    .text:000002ec xunhuanqiuma
                 1.s:423    .text:00000306 xie595
                 1.s:432    .text:0000031a xunhuan595
                 1.s:443    .text:0000032e qingchuanjian
                 1.s:456    .text:0000034a panduananjian
                 1.s:464    .text:0000035a anjianzhengque
                 1.s:468    .text:0000035e anjianfanhui
                 1.s:476    .text:00000370 xianshi
                 1.s:543    .text:00000404 tim2fanhui
                 1.s:557    .text:0000041e $d
                 1.s:557    .text:00000420 $d

NO UNDEFINED SYMBOLS
