ARM GAS  1.s 			page 1


   1              		@ stm32f030f4p6 asm 
   2              		 .thumb                 
   3              	         .syntax unified
   4              	.section .data	
   5              	        	.equ STACKINIT,          0x20000300
   6              			.equ shumaguanma,	0x20000000
   7 0000 FC000000 	shumaguanmabiao:	.int 0xfc,0x50,0xea,0xf2,0x56,0xb6,0xbe,0xd0,0xfe,0xfa
   7      50000000 
   7      EA000000 
   7      F2000000 
   7      56000000 
   8              	zhengxianbiao:
   9 0028 00020302 		.short 0x200,0x203,0x206,0x209,0x20d,0x210,0x213,0x216,0x219,0x21c,0x21f,0x223,0x226,0x229,0x22c,0
   9      06020902 
   9      0D021002 
   9      13021602 
   9      19021C02 
  10              	
  11              		
  12              	.section .text
  13              	vectors:        
  14 0000 00030020 	        .word STACKINIT         
  15 0004 B1000000 	        .word _start + 1        
  16 0008 41020000 	        .word _nmi_handler + 1  
  17 000c 43020000 	        .word _hard_fault  + 1  
  18 0010 00000000 	        .word 0 
  19 0014 00000000 	        .word 0    
  20 0018 00000000 	        .word 0
  21 001c 00000000 		.word 0
  22 0020 00000000 		.word 0
  23 0024 00000000 		.word 0
  24 0028 00000000 		.word 0
  25 002c 45020000 		.word _svc_handler +1
  26 0030 00000000 		.word 0 
  27 0034 00000000 		.word 0
  28 0038 47020000 		.word _pendsv_handler +1
  29 003c 49020000 		.word _systick +1               @ 15   
  30 0040 00000000 		.word 0     @ _wwdg +1          @ 0
  31 0044 00000000 		.word 0     @_pvd +1            @ 1
  32 0048 00000000 		.word 0     @_rtc +1            @ 2
  33 004c 00000000 		.word 0     @_flash +1          @ 3
  34 0050 00000000 		.word 0     @ _rcc + 1          @ 4
  35 0054 00000000 		.word 0      @_exti0_1  +1      @ 5
  36 0058 00000000 		.word 0      @ _exti2_3 +1      @ 6
  37 005c 00000000 		.word 0       @_exti4_15 +1     @ 7
  38 0060 00000000 		.word 0                         @ 8
  39 0064 00000000 		.word 0         @_dma1_1  +1    @ 9
  40 0068 00000000 		.word 0    @_dma1_2_3 +1        @ 10
  41 006c 00000000 		.word 0       @_dma1_4_5 +1     @ 11
  42 0070 00000000 		.word 0      @_adc1 +1          @ 12
  43 0074 00000000 		.word 0       @_tim1_brk_up +1  @ 13
  44 0078 00000000 		.word 0        @ _tim1_cc +1    @ 14
  45 007c 00000000 		.word 0         @_tim2 +1       @ 15
  46 0080 00000000 		.word 0          @_tim3 +1      @ 16
  47 0084 00000000 		.word 0                         @ 17
  48 0088 00000000 		.word 0		                @ 18
  49 008c 55020000 		.word _tim14 +1    @ 19
ARM GAS  1.s 			page 2


  50 0090 00000000 		.word 0                         @ 20
  51 0094 00000000 		.word 0         @_tim16 +1      @ 21
  52 0098 00000000 		.word 0         @_tim17 +1      @ 22
  53 009c 00000000 		.word 0          @_i2c   +1     @ 23
  54 00a0 00000000 		.word 0                         @ 24
  55 00a4 00000000 		.word 0           @_spi   +1    @ 25
  56 00a8 00000000 		.word 0                         @ 26
  57 00ac 00000000 		.word 0         @_usart1 +1     @ 27
  58              		
  59              	_start:
  60              	shizhong:
  61 00b0 6948     		ldr r0, = 0x40021000 @ rcc
  62 00b2 6A4A     		ldr r2, = 0x40022000   @FLASH访问控制
  63 00b4 3221     		movs r1, # 0x32
  64 00b6 1160     		str r1, [r2]           @FLASH缓冲 缓冲开启
  65 00b8 6949     		ldr r1, = 0x310002     @HSE-PLL 6
  66 00ba 4160     		str r1, [r0, # 0x04]
  67 00bc 6949     		ldr r1, = 0x1090001
  68 00be 0160     		str r1, [r0]
  69              	dengrc:
  70 00c0 0168     		ldr r1, [r0]
  71 00c2 8907     		lsls r1, # 30
  72 00c4 FCD5     		bpl dengrc
  73              	dengjingzhen:
  74 00c6 0168     		ldr r1, [r0]
  75 00c8 8903     		lsls r1, # 14
  76 00ca FCD5     		bpl dengjingzhen
  77              	dengpll:
  78 00cc 0168     		ldr r1, [r0]
  79 00ce 8901     		lsls r1, # 6
  80 00d0 FCD5     		bpl dengpll
  81              		@0x34时钟控制寄存器 2 (RCC_CR2)
  82 00d2 0121     		movs r1, # 0x01
  83 00d4 4163     		str r1, [r0, # 0x34]  @ HSI开14M时钟
  84              	dengdai14mshizhongwending:
  85 00d6 416B     		ldr r1, [r0, # 0x34]
  86 00d8 8907     		lsls r1, r1, # 30     @ 左移30位
  87 00da FCD5     		bpl dengdai14mshizhongwending  @ 等待14M时钟稳定
  88              	waisheshizhong:	 @ 外设时钟              
  89              		@+0x14 #0(DMA),2(SRAM),4(FLITF),6(CRC),17(PA)
  90              		@18(PB),19(PC),20(PD),22(PF)
  91              		@+0x18 #0(SYSCFG),5(USART6),9(ADC),#11(TIM1)
  92              		@12(SPI), @14(USART1),16(TIM15),17(TIM16),
  93              		@18(TIM17),22(DBGMCU)
  94              		@+0X1C # 1(TIM3),4(TIM6),5(TIM7),8(TIM14),11(WWDG),
  95              		@14(SPI2),17(USART2),18(USART3),19(USART4),20(USART5)
  96              		@21(I2C1),22(I2C2),23(USB),28(PWR)
  97 00dc 5E48     		ldr r0, = 0x40021000
  98 00de 6249     		ldr r1, = 0x60005
  99 00e0 4161     		str r1, [r0, # 0x14]
 100 00e2 6249     		ldr r1, = 0x100
 101 00e4 C161     		str r1, [r0, # 0x1c]
 102 00e6 6249     		ldr r1, = 0x800
 103 00e8 8161     		str r1, [r0, # 0x18]
 104              	
 105              	waishezhongduan:	@外设中断
 106              		@0xE000E100    0-31 写1开，写0没效
ARM GAS  1.s 			page 3


 107              		@0XE000E180    0-31 写1关，写0没效
 108              		@0XE000E200    0-31 挂起，写0没效
 109              		@0XE000E280    0-31 清除， 写0没效
 110              	systick:
 111              		@ 0xe000ed20 30-31 优先级
 112 00ea 6248     		ldr r0, = 0xe000e010
 113 00ec 6249     		ldr r1, = 47999 @ 重载数
 114 00ee 4160     		str r1, [r0, # 4] @ 写入重载数
 115 00f0 8160     		str r1, [r0, # 8] @ 清除当前数
 116 00f2 0021     		movs r1, # 0
 117 00f4 0160     		str r1, [r0] @ 开定时器
 118              	
 119              	dmachushihua:
 120              		@+0=LSR,+4=IFCR,
 121              		@+8=CCR1,+c=CNDTR1,+10=CPAR1+14=CMAR1,
 122              		@+1c=CCR2,+20=CNDTR2,+24=CPAR2,+28=CMAR2
 123              		@+30=CCR3,+34=CNDTR3,+38=CPAR2,+3c=CMAR3
 124              		@+44=CCR4,+48=CNDTR4,+4c=CPAR4,+50=CMAR4
 125              		@+58=CCR5,+5c=CNDTR5,+60=CPAR5,+64=CMAR5
 126              		@+6C=CCR6,+70=CNDTR6,+74=CPAR6,+78=CMAR6
 127              		@+80=CCR7,+84=CNDTR7,+88=CPAR7,+8c=CMAR7
 128 00f6 6148     		ldr r0, = 0x40020000
 129 00f8 6149     		ldr r1, = 0x40012c3c @ 外设地址
 130 00fa 0166     		str r1, [r0, # 0x60]
 131 00fc 6149     		ldr r1, = zhengxianbiao @ 储存器地址
 132 00fe 4166     		str r1, [r0, # 0x64]
 133 0100 6149     		ldr r1, = 0x400        @ 1023个
 134 0102 C165     		str r1, [r0, # 0x5c]
 135 0104 6149     		ldr r1, = 0x25b1         @ 储存到外设
 136 0106 8165     		str r1, [r0, # 0x58]
 137              	
 138              	tim1chushiha:
 139 0108 6148     		ldr r0, = 0x40012c00 @ tim1_cr1
 140 010a 0021     		movs r1, # 0
 141 010c 8162     		str r1, [r0, # 0x28] @ psc
 142 010e 5E49     		ldr r1, = 1024
 143 0110 C162     		str r1, [r0, # 0x2c] @ ARR
 144 0112 6021     		ldr r1, = 0x60
 145 0114 C161     		str r1, [r0, # 0x1c] @ ccmr2  CC3
 146 0116 5F49     		ldr r1, = 0xd00    @  CC3 互补
 147 0118 0162     		str r1, [r0, # 0x20] @ ccer
 148 011a 5F49     		ldr r1, = 0x8000
 149 011c 4164     		str r1, [r0, # 0x44] @ BDTR
 150 011e 5449     		ldr r1, = 0x800 @ CC3 DMA
 151 0120 C160     		str r1, [r0, # 0x0c] @ DIER
 152 0122 8121     		ldr r1, = 0x81
 153 0124 0160     		str r1, [r0]
 154              		
 155              	
 156              		
 157              	io_she_zhi:
 158              	@@@@@@@@@@@@@@@@@@@@@@@@@@@@@@@@@@@@@@@@@@@@@@@@@@@@@@@@@@@@@@@@@@@@@@@@@@@@@@@@@@@@@@@@@@@@@@
 159              		@a(0x48000000)b(0x48000400)c(0x48000800)d(0x48000c00)f(0x48001400)
 160              		@ 输入（00），通用输出（01），复用功能（10），模拟（11）
 161              		@偏移0x4 = 端口输出类型 @ （0 推挽），（ 1 开漏）
 162              		@偏移0x8 = 输出速度  00低速， 01中速， 11高速
 163              		@偏移0xC = 上拉下拉 00无上下拉，  01 上拉， 10下拉
ARM GAS  1.s 			page 4


 164              		@偏移0x10 = 输入数据寄存器
 165              		@偏移0x14 = 输出数据寄存器
 166              		@偏移0x18 = 端口开  0-15置位 
 167              		@偏移0x28 = 端口关
 168              		@0X20 = 复用低
 169              		@GPIO口0（0-3位）每个IO口占用4位
 170              		@ AF0 = 0X0000, AF1 = 0X0001, AF2 = 0X0010 AF3 = 0X0011, AF4 = 0X0100
 171              		@ AF5 = 0X0101, AF6 = 0X0111, AF7 = 0X1000
 172              		@0x24 = 复用高
 173              		@GPIO口8 （0-3位）每个IO口占用4位
 174              		@ AF0 = 0X0000, AF1 = 0X0001, AF2 = 0X0010 AF3 = 0X0011, AF4 = 0X0100
 175              		@ AF5 = 0X0101, AF6 = 0X0111, AF7 = 0X1000
 176              	@@@@@@@@@@@@@@@@@@@@@@@@@@@@@@@@@@@@@@@@@@@@@@@@@@@@@@@@@@@@@@@@@@@@@@@@@@@@@@@@@@@@@@@@@@@@@@
 177 0126 5D48     		ldr r0, = 0x48000000 @ gpio_a
 178 0128 5D49     		ldr r1, = 0x28205600 @ pa4
 179 012a 0160     		str r1, [r0]
 180 012c 8168     		ldr r1, [r0, # 0x08]
 181 012e 5D4A     		ldr r2, = 0xfc00
 182 0130 1143     		orrs r1, r2
 183 0132 8160     		str r1, [r0, # 0x08]
 184 0134 5C49     		ldr r1, = 0x40000 @ tim14映射到PA4
 185 0136 0162     		str r1, [r0, # 0x20] @ ARRL
 186 0138 5C49     		ldr r1, = 0x200     @ tim1_ch3到PA10
 187 013a 4162     		str r1, [r0, # 0x24] @ ARRH
 188 013c 5C48     		ldr r0, = 0x48000400
 189 013e 0821     		movs r1, # 0x08 @ pb1
 190 0140 0160     		str r1, [r0]
 191 0142 2021     		movs r1, # 0x20 @ tim1_ch3n到PB1
 192 0144 0162     		str r1, [r0, # 0x20] @ ARRL
 193              	
 194              	
 195              	tingzhu:
 196 0146 5B48     		ldr r0, = 0x4002005c
 197 0148 0068     		ldr r0, [r0]
 198 014a 0821     		movs r1, # 8
 199 014c 5A4A     		ldr r2, = shumaguanma
 200 014e 00F005F8 		bl zhuanshumaguanma
 201 0152 0826     		movs r6, # 8
 202 0154 B600     		lsls r6, # 2
 203 0156 00F014F8 		bl xieshumaguan
 204 015a F4E7     		b tingzhu
 205              	
 206              		zhuanshumaguanma:@ 16进制转数码管码
 207              			@ R0要转的数据， R1长度，R2结果表首地址
 208 015c FFB5     		push {r0-r7,lr}
 209 015e 574F     		ldr r7, = shumaguanmabiao
 210 0160 0A25     		movs r5, # 10
 211 0162 AB46     		mov r11, r5
 212              	xunhuanqiuma:
 213 0164 8446     		mov r12, r0
 214 0166 00F041F8 		bl chufa
 215 016a 6446     		mov r4, r12
 216 016c 6C43     		muls r4, r5
 217 016e 2646     		mov r6, r4
 218 0170 831B     		subs r3, r0, r6
 219 0172 9B00     		lsls r3, # 2
 220 0174 FE58     		ldr r6, [r7, r3]
ARM GAS  1.s 			page 5


 221 0176 1660     		str r6, [r2]
 222 0178 0432     		adds r2, r2, # 4
 223 017a 6046     		mov r0, r12
 224 017c 0139     		subs r1, # 1
 225 017e F1D1     		bne xunhuanqiuma
 226 0180 FFBD     		pop {r0-r7,pc}
 227              		
 228              	xieshumaguan: @ r6=位数 @数码管码
 229 0182 FFB5     		push {r0-r7,lr}
 230 0184 4E49     		ldr r1, = 0x7f7f7f7f
 231 0186 0122     		movs r2, # 0x01
 232 0188 0027     		movs r7, # 0
 233 018a 4B4D     		ldr r5, = shumaguanma
 234              	shumaguanshuaxin:
 235 018c EB59     		ldr r3, [r5, r7]
 236 018e 0C0E     		lsrs r4, r1, # 24
 237 0190 2402     		lsls r4, r4, # 8
 238 0192 1C43     		orrs r4, r4, r3
 239 0194 A446     		mov r12, r4
 240 0196 00F005F8 		bl xie595
 241 019a D141     		rors r1, r2
 242 019c 0437     		adds  r7, r7, # 4
 243 019e B742     		cmp r7, r6
 244 01a0 F4D3     		bcc shumaguanshuaxin
 245 01a2 FFBD     		pop {r0-r7,pc}
 246              		
 247              	xie595: @ R12=要写的数据
 248 01a4 FFB5     		push {r0-r7,lr}
 249 01a6 4020     		movs r0, # 0x40
 250 01a8 8027     		movs r7, # 0x80 
 251 01aa 2026     		movs r6, # 0x20 
 252 01ac 6546     		mov r5, r12
 253 01ae 1023     		movs r3, # 16   @16位
 254 01b0 3A4A     		ldr r2, = 0x48000000 @ gpioa
 255 01b2 0121     		movs r1, # 0x01
 256              	xunhuan595:
 257 01b4 9661     		str r6, [r2, # 0x18]
 258 01b6 00F014F8 		bl yanshi
 259 01ba 0D42     		tst r5, r1
 260 01bc 01D1     		bne xie595_0
 261 01be 9762     		str r7, [r2, # 0x28]
 262 01c0 00E0     		b suocun595
 263              	xie595_0:
 264 01c2 9761     		str r7, [r2, # 0x18]
 265              	suocun595:
 266 01c4 00F00DF8 		bl yanshi
 267 01c8 6D08     		lsrs r5, # 1
 268 01ca 9662     		str r6, [r2, # 0x28]
 269 01cc 00F009F8 		bl yanshi
 270 01d0 013B     		subs r3, r3, # 1
 271 01d2 EFD1     		bne xunhuan595
 272 01d4 9061     		str r0, [r2, # 0x18]
 273 01d6 00F004F8 		bl yanshi
 274 01da 9062     		str r0, [r2, # 0x28]
 275 01dc 00F001F8 		bl yanshi
 276 01e0 FFBD     		pop {r0-r7,pc}
 277              	
ARM GAS  1.s 			page 6


 278              	yanshi:
 279 01e2 FFB5     		push {r0-r7,lr}
 280 01e4 0A20     		ldr r0, = 10
 281              	yanshi1:
 282 01e6 0138     		subs r0, # 1
 283 01e8 FDD1     		bne yanshi1
 284 01ea FFBD     		pop {r0-r7,pc}
 285              		
 286              	chufa:	@软件除法
 287              		@ r12 除以 R11
 288 01ec FFB5     		push {r0-r7,lr}
 289 01ee 6646     		mov r6, r12
 290 01f0 002E     		cmp r6, # 0
 291 01f2 1BD0     		beq chufafanhui
 292 01f4 5F46     		mov r7, r11
 293 01f6 002F     		cmp r7, # 0
 294 01f8 18D0     		beq chufafanhui
 295 01fa 0020     		movs r0, # 0
 296              	chufaxunhuan:
 297 01fc B446     		mov r12, r6
 298 01fe 00F016F8 		bl jianceweishu
 299 0202 6246     		mov r2, r12
 300 0204 BC46     		mov r12, r7
 301 0206 00F012F8 		bl jianceweishu
 302 020a 6346     		mov r3, r12
 303 020c 9A1A     		subs r2, r3, r2
 304 020e 3C46     		mov r4, r7
 305 0210 9440     		lsls r4, r2
 306 0212 2346     		mov r3, r4
 307 0214 9E42     		cmp r6, r3
 308 0216 00D3     		bcc dd1
 309 0218 01E0     		b dd2
 310              	dd1:
 311 021a 013A     		subs r2, r2, # 1
 312 021c 5B08     		lsrs r3, # 1
 313              	dd2:
 314 021e F61A     		subs r6, r6, r3
 315 0220 0123     		movs r3, # 1
 316 0222 9340     		lsls r3, r2
 317 0224 1843     		orrs  r0, r3
 318 0226 BE42     		cmp r6, r7
 319 0228 E8D2     		bcs chufaxunhuan
 320 022a 8446     		mov r12, r0
 321              	chufafanhui:
 322 022c FFBD     		pop {r0-r7,pc}
 323              	
 324              	jianceweishu:
 325 022e FFB5     		push {r0-r7,lr}
 326 0230 0020     		movs r0, # 0
 327 0232 6146     		mov r1, r12
 328              	jianceweishu1:
 329 0234 02D4     		bmi weishufanhui
 330 0236 0130     		adds r0, r0, # 1
 331 0238 4900     		lsls r1, # 1
 332 023a FBE7     		b jianceweishu1
 333              	weishufanhui:
 334 023c 8446     		mov r12, r0
ARM GAS  1.s 			page 7


 335 023e FFBD     		pop {r0-r7,pc}
 336              	
 337              	_nmi_handler:
 338 0240 7047     		bx lr
 339              	_hard_fault:
 340 0242 7047     		bx lr
 341              	_svc_handler:
 342 0244 7047     		bx lr
 343              	_pendsv_handler:
 344 0246 7047     		bx lr
 345              	_systick:
 346 0248 FFB5     		push {r0-r7,lr}
 347 024a 1E48     		ldr r0, = 0x20000300
 348 024c 0168     		ldr r1, [r0]
 349 024e 0131     		adds r1, r1, # 1
 350 0250 0160     		str r1, [r0]
 351 0252 FFBD     		pop {r0-r7,pc}
 352              	_tim14:
 353              	tim14ting:
 354 0254 70470000 		bx lr
 354      00100240 
 354      00200240 
 354      02003100 
 354      01000901 
ARM GAS  1.s 			page 8


DEFINED SYMBOLS
                 1.s:5      *ABS*:20000300 STACKINIT
                 1.s:6      *ABS*:20000000 shumaguanma
                 1.s:7      .data:00000000 shumaguanmabiao
                 1.s:8      .data:00000028 zhengxianbiao
                 1.s:13     .text:00000000 vectors
                 1.s:59     .text:000000b0 _start
                 1.s:337    .text:00000240 _nmi_handler
                 1.s:339    .text:00000242 _hard_fault
                 1.s:341    .text:00000244 _svc_handler
                 1.s:343    .text:00000246 _pendsv_handler
                 1.s:345    .text:00000248 _systick
                 1.s:352    .text:00000254 _tim14
                 1.s:60     .text:000000b0 shizhong
                            .text:00000000 $d
                 1.s:61     .text:000000b0 $t
                 1.s:69     .text:000000c0 dengrc
                 1.s:73     .text:000000c6 dengjingzhen
                 1.s:77     .text:000000cc dengpll
                 1.s:84     .text:000000d6 dengdai14mshizhongwending
                 1.s:88     .text:000000dc waisheshizhong
                 1.s:105    .text:000000ea waishezhongduan
                 1.s:110    .text:000000ea systick
                 1.s:119    .text:000000f6 dmachushihua
                 1.s:138    .text:00000108 tim1chushiha
                 1.s:157    .text:00000126 io_she_zhi
                 1.s:195    .text:00000146 tingzhu
                 1.s:206    .text:0000015c zhuanshumaguanma
                 1.s:228    .text:00000182 xieshumaguan
                 1.s:212    .text:00000164 xunhuanqiuma
                 1.s:286    .text:000001ec chufa
                 1.s:234    .text:0000018c shumaguanshuaxin
                 1.s:247    .text:000001a4 xie595
                 1.s:256    .text:000001b4 xunhuan595
                 1.s:278    .text:000001e2 yanshi
                 1.s:263    .text:000001c2 xie595_0
                 1.s:265    .text:000001c4 suocun595
                 1.s:281    .text:000001e6 yanshi1
                 1.s:321    .text:0000022c chufafanhui
                 1.s:296    .text:000001fc chufaxunhuan
                 1.s:324    .text:0000022e jianceweishu
                 1.s:310    .text:0000021a dd1
                 1.s:313    .text:0000021e dd2
                 1.s:328    .text:00000234 jianceweishu1
                 1.s:333    .text:0000023c weishufanhui
                 1.s:353    .text:00000254 tim14ting
                 1.s:354    .text:00000256 $d
                 1.s:354    .text:00000258 $d

NO UNDEFINED SYMBOLS
