ARM GAS  1.s 			page 1


   1              		@ stm32f030f4p6 asm 
   2              		 .thumb                 
   3              	         .syntax unified
   4              	.section .data	
   5              	       	.equ STACKINIT,                 0x20000300
   6              		.equ shumaguanma,       	0x20000304
   7              	        .equ zhengxianzengjian,         0x20000308
   8              		.equ zhengxianzhuangtai,        0x20000310
   9              		.equ zhengxian90,               0x20000314
  10              		.equ zhengxianchushi,           0x20000318
  11              		.equ zhengxianjisuanwan,        0x2000031c
  12              		.equ zhengxiandianshu,		0x20000320
  13              		.equ zhengxianbiaozhizhen,      0x20000324
  14              		.equ zhengxianbiao,             0x20000330
  15              		
  16 0000 FC000000 	shumaguanmabiao:	.int 0xfc,0x50,0xea,0xf2,0x56,0xb6,0xbe,0xd0,0xfe,0xfa
  16      50000000 
  16      EA000000 
  16      F2000000 
  16      56000000 
  17              	
  18 0028 00000000 		.align 4
  18      00000000 
  19              	cordicbiao:
  20 0030 43320000 		.int 0x00003243, 0x00001DAC, 0x00000FAD, 0x000007F5, 0x000003FE, 0x000001FF, 0x000000FF, 0x0000007
  20      AC1D0000 
  20      AD0F0000 
  20      F5070000 
  20      FE030000 
  21              	
  22              		
  23              		
  24              	.section .text
  25              	vectors:        
  26 0000 00030020 	        .word STACKINIT         
  27 0004 B1000000 	        .word _start + 1        
  28 0008 8B030000 	        .word _nmi_handler + 1  
  29 000c 8D030000 	        .word _hard_fault  + 1  
  30 0010 00000000 	        .word 0 
  31 0014 00000000 	        .word 0    
  32 0018 00000000 	        .word 0
  33 001c 00000000 		.word 0
  34 0020 00000000 		.word 0
  35 0024 00000000 		.word 0
  36 0028 00000000 		.word 0
  37 002c 8F030000 		.word _svc_handler +1
  38 0030 00000000 		.word 0 
  39 0034 00000000 		.word 0
  40 0038 91030000 		.word _pendsv_handler +1
  41 003c 93030000 		.word _systick +1               @ 15   
  42 0040 00000000 		.word 0     @ _wwdg +1          @ 0
  43 0044 00000000 		.word 0     @_pvd +1            @ 1
  44 0048 00000000 		.word 0     @_rtc +1            @ 2
  45 004c 00000000 		.word 0     @_flash +1          @ 3
  46 0050 00000000 		.word 0     @ _rcc + 1          @ 4
  47 0054 00000000 		.word 0      @_exti0_1  +1      @ 5
  48 0058 00000000 		.word 0      @ _exti2_3 +1      @ 6
ARM GAS  1.s 			page 2


  49 005c 00000000 		.word 0       @_exti4_15 +1     @ 7
  50 0060 00000000 		.word 0                         @ 8
  51 0064 00000000 		.word 0         @_dma1_1  +1    @ 9
  52 0068 00000000 		.word 0    @_dma1_2_3 +1        @ 10
  53 006c 00000000 		.word 0       @_dma1_4_5 +1     @ 11
  54 0070 00000000 		.word 0      @_adc1 +1          @ 12
  55 0074 00000000 		.word 0       @_tim1_brk_up +1  @ 13
  56 0078 00000000 		.word 0        @ _tim1_cc +1    @ 14
  57 007c 00000000 		.word 0         @_tim2 +1       @ 15
  58 0080 00000000 		.word 0          @_tim3 +1      @ 16
  59 0084 00000000 		.word 0                         @ 17
  60 0088 00000000 		.word 0		                @ 18
  61 008c 95030000 		.word _tim14 +1    @ 19
  62 0090 00000000 		.word 0                         @ 20
  63 0094 00000000 		.word 0         @_tim16 +1      @ 21
  64 0098 00000000 		.word 0         @_tim17 +1      @ 22
  65 009c 00000000 		.word 0          @_i2c   +1     @ 23
  66 00a0 00000000 		.word 0                         @ 24
  67 00a4 00000000 		.word 0           @_spi   +1    @ 25
  68 00a8 00000000 		.word 0                         @ 26
  69 00ac 00000000 		.word 0         @_usart1 +1     @ 27
  70              		
  71              	_start:
  72              	shizhong:
  73 00b0 B948     		ldr r0, = 0x40021000 @ rcc
  74 00b2 BA4A     		ldr r2, = 0x40022000   @FLASH访问控制
  75 00b4 3221     		movs r1, # 0x32
  76 00b6 1160     		str r1, [r2]           @FLASH缓冲 缓冲开启
  77 00b8 B949     		ldr r1, = 0x1d0002     @HSE-PLL 6
  78 00ba 4160     		str r1, [r0, # 0x04]
  79 00bc B949     		ldr r1, = 0x1090001
  80 00be 0160     		str r1, [r0]
  81              	dengrc:
  82 00c0 0168     		ldr r1, [r0]
  83 00c2 8907     		lsls r1, # 30
  84 00c4 FCD5     		bpl dengrc
  85              	dengjingzhen:
  86 00c6 0168     		ldr r1, [r0]
  87 00c8 8903     		lsls r1, # 14
  88 00ca FCD5     		bpl dengjingzhen
  89              	dengpll:
  90 00cc 0168     		ldr r1, [r0]
  91 00ce 8901     		lsls r1, # 6
  92 00d0 FCD5     		bpl dengpll
  93              		@0x34时钟控制寄存器 2 (RCC_CR2)
  94 00d2 0121     		movs r1, # 0x01
  95 00d4 4163     		str r1, [r0, # 0x34]  @ HSI开14M时钟
  96              	dengdai14mshizhongwending:
  97 00d6 416B     		ldr r1, [r0, # 0x34]
  98 00d8 8907     		lsls r1, r1, # 30     @ 左移30位
  99 00da FCD5     		bpl dengdai14mshizhongwending  @ 等待14M时钟稳定
 100              	
 101              	neicunqingling:
 102 00dc B248     		ldr r0, = 0x20000000
 103 00de 0021     		movs r1, # 0
 104 00e0 B24B     		ldr r3, = 0x1000
 105              	neicunqinglingxunhuan:
ARM GAS  1.s 			page 3


 106 00e2 043B     		subs r3, # 4
 107 00e4 C150     		str r1, [r0, r3]
 108 00e6 FCD1     		bne neicunqinglingxunhuan
 109              	waisheshizhong:	 @ 外设时钟              
 110              		@+0x14 #0(DMA),2(SRAM),4(FLITF),6(CRC),17(PA)
 111              		@18(PB),19(PC),20(PD),22(PF)
 112              		@+0x18 #0(SYSCFG),5(USART6),9(ADC),#11(TIM1)
 113              		@12(SPI), @14(USART1),16(TIM15),17(TIM16),
 114              		@18(TIM17),22(DBGMCU)
 115              		@+0X1C # 1(TIM3),4(TIM6),5(TIM7),8(TIM14),11(WWDG),
 116              		@14(SPI2),17(USART2),18(USART3),19(USART4),20(USART5)
 117              		@21(I2C1),22(I2C2),23(USB),28(PWR)
 118 00e8 AB48     		ldr r0, = 0x40021000
 119 00ea B149     		ldr r1, = 0x60005
 120 00ec 4161     		str r1, [r0, # 0x14]
 121 00ee B149     		ldr r1, = 0x100
 122 00f0 C161     		str r1, [r0, # 0x1c]
 123 00f2 B149     		ldr r1, = 0x800
 124 00f4 8161     		str r1, [r0, # 0x18]
 125              	
 126              	waishezhongduan:	@外设中断
 127              		@0xE000E100    0-31 写1开，写0没效
 128              		@0XE000E180    0-31 写1关，写0没效
 129              		@0XE000E200    0-31 挂起，写0没效
 130              		@0XE000E280    0-31 清除， 写0没效
 131              	systick:
 132              		@ 0xe000ed20 30-31 优先级
 133 00f6 B148     		ldr r0, = 0xe000e010
 134 00f8 B149     		ldr r1, = 47999 @ 重载数
 135 00fa 4160     		str r1, [r0, # 4] @ 写入重载数
 136 00fc 8160     		str r1, [r0, # 8] @ 清除当前数
 137 00fe 0021     		movs r1, # 0
 138 0100 0160     		str r1, [r0] @ 开定时器
 139              	
 140              	dmachushihua:
 141              		@+0=LSR,+4=IFCR,
 142              		@+8=CCR1,+c=CNDTR1,+10=CPAR1+14=CMAR1,
 143              		@+1c=CCR2,+20=CNDTR2,+24=CPAR2,+28=CMAR2
 144              		@+30=CCR3,+34=CNDTR3,+38=CPAR2,+3c=CMAR3
 145              		@+44=CCR4,+48=CNDTR4,+4c=CPAR4,+50=CMAR4
 146              		@+58=CCR5,+5c=CNDTR5,+60=CPAR5,+64=CMAR5
 147              		@+6C=CCR6,+70=CNDTR6,+74=CPAR6,+78=CMAR6
 148              		@+80=CCR7,+84=CNDTR7,+88=CPAR7,+8c=CMAR7
 149 0102 B048     		ldr r0, = 0x40020000
 150 0104 B049     		ldr r1, = 0x40012c3c @ 外设地址
 151 0106 0166     		str r1, [r0, # 0x60]
 152 0108 B049     		ldr r1, = zhengxianbiao @ 储存器地址
 153 010a 4166     		str r1, [r0, # 0x64]
 154 010c B049     		ldr r1, = zhengxiandianshu
 155 010e 0968     		ldr r1, [r1]
 156 0110 C165     		str r1, [r0, # 0x5c]
 157 0112 B049     		ldr r1, = 0x25b1         @ 储存到外设
 158 0114 8165     		str r1, [r0, # 0x58]
 159              	
 160              	tim1chushiha:
 161 0116 B048     		ldr r0, = 0x40012c00 @ tim1_cr1
 162 0118 0021     		ldr r1, = 0
ARM GAS  1.s 			page 4


 163 011a 8162     		str r1, [r0, # 0x28] @ psc
 164 011c F021     		ldr r1, = 240
 165 011e C162     		str r1, [r0, # 0x2c] @ ARR
 166 0120 6021     		ldr r1, = 0x60
 167 0122 C161     		str r1, [r0, # 0x1c] @ ccmr2  CC3
 168 0124 AD49     		ldr r1, = 0xd00    @  CC3 互补
 169 0126 0162     		str r1, [r0, # 0x20] @ ccer
 170 0128 AD49     		ldr r1, = 0x8000
 171 012a 4164     		str r1, [r0, # 0x44] @ BDTR
 172 012c A249     		ldr r1, = 0x800 @ CC3 DMA
 173 012e C160     		str r1, [r0, # 0x0c] @ DIER
 174 0130 0021     		ldr r1, = 0
 175 0132 0160     		str r1, [r0]
 176              		
 177              	
 178              		
 179              	io_she_zhi:
 180              	@@@@@@@@@@@@@@@@@@@@@@@@@@@@@@@@@@@@@@@@@@@@@@@@@@@@@@@@@@@@@@@@@@@@@@@@@@@@@@@@@@@@@@@@@@@@@@
 181              		@a(0x48000000)b(0x48000400)c(0x48000800)d(0x48000c00)f(0x48001400)
 182              		@ 输入（00），通用输出（01），复用功能（10），模拟（11）
 183              		@偏移0x4 = 端口输出类型 @ （0 推挽），（ 1 开漏）
 184              		@偏移0x8 = 输出速度  00低速， 01中速， 11高速
 185              		@偏移0xC = 上拉下拉 00无上下拉，  01 上拉， 10下拉
 186              		@偏移0x10 = 输入数据寄存器
 187              		@偏移0x14 = 输出数据寄存器
 188              		@偏移0x18 = 端口开  0-15置位 
 189              		@偏移0x28 = 端口关
 190              		@0X20 = 复用低
 191              		@GPIO口0（0-3位）每个IO口占用4位
 192              		@ AF0 = 0X0000, AF1 = 0X0001, AF2 = 0X0010 AF3 = 0X0011, AF4 = 0X0100
 193              		@ AF5 = 0X0101, AF6 = 0X0111, AF7 = 0X1000
 194              		@0x24 = 复用高
 195              		@GPIO口8 （0-3位）每个IO口占用4位
 196              		@ AF0 = 0X0000, AF1 = 0X0001, AF2 = 0X0010 AF3 = 0X0011, AF4 = 0X0100
 197              		@ AF5 = 0X0101, AF6 = 0X0111, AF7 = 0X1000
 198              	@@@@@@@@@@@@@@@@@@@@@@@@@@@@@@@@@@@@@@@@@@@@@@@@@@@@@@@@@@@@@@@@@@@@@@@@@@@@@@@@@@@@@@@@@@@@@@
 199 0134 AB48     		ldr r0, = 0x48000000 @ gpio_a
 200 0136 AC49     		ldr r1, = 0x28205600 @ pa4
 201 0138 0160     		str r1, [r0]
 202 013a 8168     		ldr r1, [r0, # 0x08]
 203 013c AB4A     		ldr r2, = 0xfc00
 204 013e 1143     		orrs r1, r2
 205 0140 8160     		str r1, [r0, # 0x08]
 206 0142 AB49     		ldr r1, = 0x40000 @ tim14映射到PA4
 207 0144 0162     		str r1, [r0, # 0x20] @ ARRL
 208 0146 AB49     		ldr r1, = 0x200     @ tim1_ch3到PA10
 209 0148 4162     		str r1, [r0, # 0x24] @ ARRH
 210 014a AB48     		ldr r0, = 0x48000400
 211 014c 0821     		movs r1, # 0x08 @ pb1
 212 014e 0160     		str r1, [r0]
 213 0150 2021     		movs r1, # 0x20 @ tim1_ch3n到PB1
 214 0152 0162     		str r1, [r0, # 0x20] @ ARRL
 215              	
 216              	
 217              		
 218              	tingting:
 219              	
ARM GAS  1.s 			page 5


 220              	
 221 0154 1E22     		ldr r2, = 30
 222              		
 223              		
 224              	saopin:
 225 0156 A948     		ldr r0, = 0x20000304
 226 0158 2421     		ldr r1, = 0x24
 227 015a 00F01DF8 		bl neicunxie0
 228 015e 1146     		mov r1, r2
 229 0160 00F028F8 		bl _zhengxianchushihua
 230 0164 0132     		adds r2, # 1
 231 0166 A64E     		ldr r6, = 800
 232 0168 B242     		cmp r2, r6
 233 016a 05D2     		bcs saopin1
 234 016c A54B     		ldr r3, = 0xffff
 235              	ddd1:
 236 016e 00F019F8 		bl _suanzhengxianbiao
 237 0172 013B     		subs r3, # 1
 238 0174 FBD1     		bne ddd1
 239 0176 EEE7     		b saopin
 240              	saopin1:
 241 0178 A048     		ldr r0, = 0x20000304
 242 017a 2421     		ldr r1, = 0x24
 243 017c 00F00CF8 		bl neicunxie0
 244 0180 1146     		mov r1, r2
 245 0182 00F017F8 		bl _zhengxianchushihua
 246 0186 013A     		subs r2, # 1
 247 0188 1E2A     		cmp r2, # 30
 248 018a E4D3     		bcc saopin
 249 018c 9D4B     		ldr r3, = 0xffff
 250              	ddd2:
 251 018e 00F009F8 		bl _suanzhengxianbiao
 252 0192 013B     		subs r3, # 1
 253 0194 FBD1     		bne ddd2
 254              	
 255 0196 EFE7     		b saopin1
 256              	
 257              	
 258              	
 259              	
 260              	
 261              	
 262              	
 263              	
 264              	
 265              	
 266              	
 267              	
 268              	
 269              		
 270              	neicunxie0:
 271              		@ r0地址  r1 范围
 272              	
 273 0198 0FB5     		push {r0-r3,lr}
 274 019a 0022     		movs r2, # 0
 275              	neicunxie0xunhuan:
 276 019c 4350     		str r3, [r0, r1]
ARM GAS  1.s 			page 6


 277 019e 0439     		subs r1, # 4
 278 01a0 FCD1     		bne neicunxie0xunhuan
 279 01a2 0FBD     	        pop {r0-r3,pc}
 280              	
 281              	
 282              	_suanzhengxianbiao:
 283 01a4 03B5     		push {r0,r1,lr}
 284 01a6 9848     	        ldr r0, = zhengxianjisuanwan
 285 01a8 0168     	        ldr r1, [r0]
 286 01aa 0900     	        movs r1, r1
 287 01ac 01D0     	        beq _jisuanwancheng
 288 01ae 00F017F8 		bl _suanzhengxian
 289              	_jisuanwancheng:		
 290 01b2 03BD     		pop {r0,r1,pc}
 291              		
 292              	
 293              	
 294              		
 295              	
 296              	
 297              	_zhengxianchushihua: @ r1 = 定时器ARR
 298 01b4 FFB5     		push {r0-r7,lr}
 299 01b6 884F     		ldr r7, = 0x40012c00
 300              	
 301 01b8 F962     	        str r1, [r7, # 0x2c]
 302 01ba 4A08     		lsrs r2, r1, # 1
 303 01bc 4B00     		lsls r3, r1, # 1
 304 01be 0024     		movs r4, # 0
 305 01c0 A41A     		subs r4, r2
 306 01c2 9248     	        ldr r0, = zhengxianchushi
 307 01c4 0460     		str r4, [r0]
 308 01c6 9248     	        ldr r0, = zhengxian90
 309 01c8 0260     		str r2, [r0]
 310 01ca 9248     		ldr r0, = 0x40020058     @DMA
 311 01cc 0568     		ldr r5, [r0]
 312 01ce 0026     		movs r6, # 0
 313 01d0 0660     		str r6, [r0]
 314 01d2 4360     		str r3, [r0, # 0x04]
 315 01d4 0560     		str r5, [r0]
 316 01d6 8C48     		ldr r0, = zhengxianjisuanwan
 317 01d8 0360     		str r3, [r0]
 318              	
 319 01da 8120     		movs r0, # 0x81
 320 01dc 3860     	        str r0, [r7]
 321 01de FFBD     		pop {r0-r7,pc}
 322              		
 323              		
 324              	
 325              	_suanzhengxian:
 326 01e0 FFB5     		push {r0-r7,lr} 
 327 01e2 8A4B     	        ldr r3, = zhengxianchushi
 328 01e4 8C4A     	        ldr r2, = zhengxianzengjian
 329 01e6 8D4D     	        ldr r5, = zhengxianzhuangtai
 330              	
 331 01e8 8D48     		ldr r0, = 25734
 332 01ea 8446     		mov r12, r0
 333 01ec 884C     		ldr r4, = zhengxian90
ARM GAS  1.s 			page 7


 334 01ee 2468     		ldr r4, [r4]
 335 01f0 A346     		mov r11, r4
 336 01f2 00F09FF8 		bl chufa
 337 01f6 E146     		mov r9, r12
 338              		
 339              	_zhengxianjisuan:
 340 01f8 854C     		ldr r4, = zhengxian90
 341 01fa 2468     		ldr r4, [r4]
 342 01fc 1B68     	        ldr r3, [r3]
 343 01fe 9846     	        mov r8, r3
 344 0200 1368     	        ldr r3, [r2]
 345 0202 2968     	        ldr r1, [r5]
 346              	_zhengxian1:
 347 0204 1846     		mov r0, r3
 348 0206 4E46     		mov r6, r9
 349 0208 7043     		muls r0, r6
 350 020a 00F02EF8 	        bl cordic
 351 020e 6746     		mov r7, r12
 352 0210 3F00     		movs r7, r7
 353 0212 09D5     		bpl _zxtiaoguobuma
 354 0214 FF43     		mvns r7, r7
 355 0216 0137     		adds r7, # 1
 356 0218 BC46     		mov r12, r7
 357 021a CB46     		mov r11, r9
 358 021c 00F08AF8 		bl chufa
 359 0220 6746     		mov r7, r12
 360 0222 FF43     		mvns r7, r7
 361 0224 0137     		adds r7, # 1
 362 0226 03E0     		b _zxtiaoguobuma1
 363              	
 364              		
 365              	_zxtiaoguobuma:	
 366 0228 CB46     		mov r11, r9
 367 022a 00F083F8 		bl chufa
 368 022e 6746     		mov r7, r12
 369              		
 370              	_zxtiaoguobuma1:
 371              		
 372 0230 2744     		add r7, r4
 373              		
 374 0232 664E     		ldr r6, = zhengxianbiao
 375 0234 7B4D     		ldr r5, = zhengxianbiaozhizhen
 376 0236 2868     		ldr r0, [r5]
 377 0238 3752     	        strh r7, [r6, r0]
 378 023a 0230     		adds r0, # 2
 379 023c 2860     		str r0, [r5]
 380              		
 381 023e 0029     	        cmp r1, # 0
 382 0240 07D1     	        bne _zhengxianjian
 383              	_zhengxianjia:
 384 0242 0133     	        adds r3, # 1
 385 0244 1360     	        str r3, [r2]
 386 0246 A342     	        cmp r3, r4
 387 0248 0AD1     	        bne _zhengxianfanhui
 388 024a 744D     		ldr r5, = zhengxianzhuangtai
 389 024c 0121     	        movs r1, # 1
 390 024e 2960     	        str r1, [r5]
ARM GAS  1.s 			page 8


 391 0250 06E0     	        b _zhengxianfanhui
 392              	_zhengxianjian:
 393 0252 013B     	        subs r3, # 1
 394 0254 1360     	        str r3, [r2]
 395 0256 4345     	        cmp r3, r8
 396 0258 02D1     	        bne _zhengxianfanhui
 397 025a 704D     		ldr r5, = zhengxianzhuangtai
 398 025c 0021     	        movs r1, # 0
 399 025e 2960     	        str r1, [r5]
 400              	
 401              	_zhengxianfanhui:
 402 0260 6948     		ldr r0, = zhengxianjisuanwan
 403 0262 0168     		ldr r1, [r0]
 404 0264 0139     		subs r1, # 1
 405 0266 0160     		str r1, [r0]
 406 0268 FFBD     		pop {r0-r7,pc}
 407              		
 408              	
 409              	cordic:	 @ 入 R0 ， 出R12
 410              	
 411              		@ 16384 * 3.1415927/2  =25734
 412              		@ x= 0x26dd
 413              		@ r1=x,r2=y,r0=z,r4=d,r5=k,r6=cordic_mabiao
 414              	
 415 026a FFB5     		push {r0-r7,lr}
 416 026c 0025     		movs r5, # 0
 417 026e 2A46     		mov r2, r5
 418 0270 2C46     		mov r4, r5
 419 0272 6D49     		ldr r1, = 0x26dd
 420              	cordicxunhuan:	 @ 循环
 421 0274 C413     		asrs r4, r0, # 15
 422              		@ x
 423 0276 1746     		mov r7, r2
 424 0278 2A41     		asrs r2, r5
 425 027a 6240     		eors r2, r4
 426 027c 121B     		subs r2, r4
 427 027e 8B1A     		subs r3, r1, r2
 428              		@ y
 429 0280 0E46     		mov r6, r1
 430 0282 2941     		asrs r1, r5
 431 0284 6140     		eors r1, r4
 432 0286 091B     		subs r1, r4
 433 0288 7F18     		adds r7, r1
 434              		@ z
 435 028a 684E     		ldr r6, = cordicbiao
 436 028c AA00     		lsls r2, r5, # 2
 437 028e B158     		ldr r1, [r6, r2]
 438 0290 6140     		eors r1, r4
 439 0292 091B     		subs r1, r4
 440 0294 401A     		subs r0, r1
 441 0296 BC46     		mov r12, r7 @ 正弦
 442 0298 1946     		mov r1, r3  @
 443 029a 3A46     		mov r2, r7
 444 029c 0135     		adds r5, # 1
 445 029e 102D     		cmp r5, # 16
 446 02a0 E8D1     		bne cordicxunhuan
 447 02a2 FFBD     		pop {r0-r7,pc}
ARM GAS  1.s 			page 9


 448              	
 449              		
 450              	
 451              		
 452              	
 453              		zhuanshumaguanma:@ 16进制转数码管码
 454              			@ R0要转的数据， R1长度，R2结果表首地址
 455 02a4 FFB5     		push {r0-r7,lr}
 456 02a6 624F     		ldr r7, = shumaguanmabiao
 457 02a8 0A25     		movs r5, # 10
 458 02aa AB46     		mov r11, r5
 459              	xunhuanqiuma:
 460 02ac 8446     		mov r12, r0
 461 02ae 00F041F8 		bl chufa
 462 02b2 6446     		mov r4, r12
 463 02b4 6C43     		muls r4, r5
 464 02b6 2646     		mov r6, r4
 465 02b8 831B     		subs r3, r0, r6
 466 02ba 9B00     		lsls r3, # 2
 467 02bc FE58     		ldr r6, [r7, r3]
 468 02be 1660     		str r6, [r2]
 469 02c0 0432     		adds r2, r2, # 4
 470 02c2 6046     		mov r0, r12
 471 02c4 0139     		subs r1, # 1
 472 02c6 F1D1     		bne xunhuanqiuma
 473 02c8 FFBD     		pop {r0-r7,pc}
 474              		
 475              	xieshumaguan: @ r6=位数 @数码管码
 476 02ca FFB5     		push {r0-r7,lr}
 477 02cc 5949     		ldr r1, = 0x7f7f7f7f
 478 02ce 0122     		movs r2, # 0x01
 479 02d0 0027     		movs r7, # 0
 480 02d2 4A4D     		ldr r5, = shumaguanma
 481              	shumaguanshuaxin:
 482 02d4 EB59     		ldr r3, [r5, r7]
 483 02d6 0C0E     		lsrs r4, r1, # 24
 484 02d8 2402     		lsls r4, r4, # 8
 485 02da 1C43     		orrs r4, r4, r3
 486 02dc A446     		mov r12, r4
 487 02de 00F005F8 		bl xie595
 488 02e2 D141     		rors r1, r2
 489 02e4 0437     		adds  r7, r7, # 4
 490 02e6 B742     		cmp r7, r6
 491 02e8 F4D3     		bcc shumaguanshuaxin
 492 02ea FFBD     		pop {r0-r7,pc}
 493              		
 494              	xie595: @ R12=要写的数据
 495 02ec FFB5     		push {r0-r7,lr}
 496 02ee 4020     		movs r0, # 0x40
 497 02f0 8027     		movs r7, # 0x80 
 498 02f2 2026     		movs r6, # 0x20 
 499 02f4 6546     		mov r5, r12
 500 02f6 1023     		movs r3, # 16   @16位
 501 02f8 3A4A     		ldr r2, = 0x48000000 @ gpioa
 502 02fa 0121     		movs r1, # 0x01
 503              	xunhuan595:
 504 02fc 9661     		str r6, [r2, # 0x18]
ARM GAS  1.s 			page 10


 505 02fe 00F014F8 		bl yanshi
 506 0302 0D42     		tst r5, r1
 507 0304 01D1     		bne xie595_0
 508 0306 9762     		str r7, [r2, # 0x28]
 509 0308 00E0     		b suocun595
 510              	xie595_0:
 511 030a 9761     		str r7, [r2, # 0x18]
 512              	suocun595:
 513 030c 00F00DF8 		bl yanshi
 514 0310 6D08     		lsrs r5, # 1
 515 0312 9662     		str r6, [r2, # 0x28]
 516 0314 00F009F8 		bl yanshi
 517 0318 013B     		subs r3, r3, # 1
 518 031a EFD1     		bne xunhuan595
 519 031c 9061     		str r0, [r2, # 0x18]
 520 031e 00F004F8 		bl yanshi
 521 0322 9062     		str r0, [r2, # 0x28]
 522 0324 00F001F8 		bl yanshi
 523 0328 FFBD     		pop {r0-r7,pc}
 524              	
 525              	yanshi:
 526 032a FFB5     		push {r0-r7,lr}
 527 032c 0A20     		ldr r0, = 10
 528              	yanshi1:
 529 032e 0138     		subs r0, # 1
 530 0330 FDD1     		bne yanshi1
 531 0332 FFBD     		pop {r0-r7,pc}
 532              		
 533              	chufa:	@软件除法
 534              		@ r12 除以 R11
 535 0334 FFB5     		push {r0-r7,lr}
 536 0336 6646     		mov r6, r12
 537 0338 002E     		cmp r6, # 0
 538 033a 1BD0     		beq chufafanhui
 539 033c 5F46     		mov r7, r11
 540 033e 002F     		cmp r7, # 0
 541 0340 18D0     		beq chufafanhui
 542 0342 0020     		movs r0, # 0
 543              	chufaxunhuan:
 544 0344 B446     		mov r12, r6
 545 0346 00F016F8 		bl jianceweishu
 546 034a 6246     		mov r2, r12
 547 034c BC46     		mov r12, r7
 548 034e 00F012F8 		bl jianceweishu
 549 0352 6346     		mov r3, r12
 550 0354 9A1A     		subs r2, r3, r2
 551 0356 3C46     		mov r4, r7
 552 0358 9440     		lsls r4, r2
 553 035a 2346     		mov r3, r4
 554 035c 9E42     		cmp r6, r3
 555 035e 00D3     		bcc dd1
 556 0360 01E0     		b dd2
 557              	dd1:
 558 0362 013A     		subs r2, r2, # 1
 559 0364 5B08     		lsrs r3, # 1
 560              	dd2:
 561 0366 F61A     		subs r6, r6, r3
ARM GAS  1.s 			page 11


 562 0368 0123     		movs r3, # 1
 563 036a 9340     		lsls r3, r2
 564 036c 1843     		orrs  r0, r3
 565 036e BE42     		cmp r6, r7
 566 0370 E8D2     		bcs chufaxunhuan
 567 0372 8446     		mov r12, r0
 568              	chufafanhui:
 569 0374 FFBD     		pop {r0-r7,pc}
 570              	
 571              	jianceweishu:
 572 0376 FFB5     		push {r0-r7,lr}
 573 0378 0020     		movs r0, # 0
 574 037a 6146     		mov r1, r12
 575              	jianceweishu1:
 576 037c 0900     		movs r1, r1
 577 037e 02D4     		bmi weishufanhui
 578 0380 0130     		adds r0, r0, # 1
 579 0382 4900     		lsls r1, # 1
 580 0384 FAE7     		b jianceweishu1
 581              	weishufanhui:
 582 0386 8446     		mov r12, r0
 583 0388 FFBD     		pop {r0-r7,pc}
 584              	
 585              	_nmi_handler:
 586 038a 7047     		bx lr
 587              	_hard_fault:
 588 038c 7047     		bx lr
 589              	_svc_handler:
 590 038e 7047     		bx lr
 591              	_pendsv_handler:
 592 0390 7047     		bx lr
 593              	_systick:
 594 0392 7047     		bx lr
 595              	_tim14:
 596              	tim14ting:
 597 0394 70470000 		bx lr
 597      00100240 
 597      00200240 
 597      02001D00 
 597      01000901 
ARM GAS  1.s 			page 12


DEFINED SYMBOLS
                 1.s:5      *ABS*:20000300 STACKINIT
                 1.s:6      *ABS*:20000304 shumaguanma
                 1.s:7      *ABS*:20000308 zhengxianzengjian
                 1.s:8      *ABS*:20000310 zhengxianzhuangtai
                 1.s:9      *ABS*:20000314 zhengxian90
                 1.s:10     *ABS*:20000318 zhengxianchushi
                 1.s:11     *ABS*:2000031c zhengxianjisuanwan
                 1.s:12     *ABS*:20000320 zhengxiandianshu
                 1.s:13     *ABS*:20000324 zhengxianbiaozhizhen
                 1.s:14     *ABS*:20000330 zhengxianbiao
                 1.s:16     .data:00000000 shumaguanmabiao
                 1.s:18     .data:00000028 $d
                 1.s:19     .data:00000030 cordicbiao
                 1.s:25     .text:00000000 vectors
                 1.s:71     .text:000000b0 _start
                 1.s:585    .text:0000038a _nmi_handler
                 1.s:587    .text:0000038c _hard_fault
                 1.s:589    .text:0000038e _svc_handler
                 1.s:591    .text:00000390 _pendsv_handler
                 1.s:593    .text:00000392 _systick
                 1.s:595    .text:00000394 _tim14
                 1.s:72     .text:000000b0 shizhong
                            .text:00000000 $d
                 1.s:73     .text:000000b0 $t
                 1.s:81     .text:000000c0 dengrc
                 1.s:85     .text:000000c6 dengjingzhen
                 1.s:89     .text:000000cc dengpll
                 1.s:96     .text:000000d6 dengdai14mshizhongwending
                 1.s:101    .text:000000dc neicunqingling
                 1.s:105    .text:000000e2 neicunqinglingxunhuan
                 1.s:109    .text:000000e8 waisheshizhong
                 1.s:126    .text:000000f6 waishezhongduan
                 1.s:131    .text:000000f6 systick
                 1.s:140    .text:00000102 dmachushihua
                 1.s:160    .text:00000116 tim1chushiha
                 1.s:179    .text:00000134 io_she_zhi
                 1.s:218    .text:00000154 tingting
                 1.s:224    .text:00000156 saopin
                 1.s:270    .text:00000198 neicunxie0
                 1.s:297    .text:000001b4 _zhengxianchushihua
                 1.s:240    .text:00000178 saopin1
                 1.s:235    .text:0000016e ddd1
                 1.s:282    .text:000001a4 _suanzhengxianbiao
                 1.s:250    .text:0000018e ddd2
                 1.s:275    .text:0000019c neicunxie0xunhuan
                 1.s:289    .text:000001b2 _jisuanwancheng
                 1.s:325    .text:000001e0 _suanzhengxian
                 1.s:533    .text:00000334 chufa
                 1.s:339    .text:000001f8 _zhengxianjisuan
                 1.s:346    .text:00000204 _zhengxian1
                 1.s:409    .text:0000026a cordic
                 1.s:365    .text:00000228 _zxtiaoguobuma
                 1.s:370    .text:00000230 _zxtiaoguobuma1
                 1.s:392    .text:00000252 _zhengxianjian
                 1.s:383    .text:00000242 _zhengxianjia
                 1.s:401    .text:00000260 _zhengxianfanhui
ARM GAS  1.s 			page 13


                 1.s:420    .text:00000274 cordicxunhuan
                 1.s:453    .text:000002a4 zhuanshumaguanma
                 1.s:459    .text:000002ac xunhuanqiuma
                 1.s:475    .text:000002ca xieshumaguan
                 1.s:481    .text:000002d4 shumaguanshuaxin
                 1.s:494    .text:000002ec xie595
                 1.s:503    .text:000002fc xunhuan595
                 1.s:525    .text:0000032a yanshi
                 1.s:510    .text:0000030a xie595_0
                 1.s:512    .text:0000030c suocun595
                 1.s:528    .text:0000032e yanshi1
                 1.s:568    .text:00000374 chufafanhui
                 1.s:543    .text:00000344 chufaxunhuan
                 1.s:571    .text:00000376 jianceweishu
                 1.s:557    .text:00000362 dd1
                 1.s:560    .text:00000366 dd2
                 1.s:575    .text:0000037c jianceweishu1
                 1.s:581    .text:00000386 weishufanhui
                 1.s:596    .text:00000394 tim14ting
                 1.s:597    .text:00000396 $d
                 1.s:597    .text:00000398 $d

NO UNDEFINED SYMBOLS
