ARM GAS  led-stm32.s 			page 1


   1              	        .thumb                 
   2              	        .syntax unified
   3              	.section .data
   4 0000 1F001FF8 	yjm:	 .short 0x001f, 0xf81f, 0xffe0, 0x07ff, 0xf800
   4      E0FFFF07 
   4      00F8
   5 000a 00000008 	wxwx:	 .byte 0x00,0x00,0x00,0x08,0x08,0x18,0x14,0x14,0x24,0x3C,0x22,0x42,0x42,0xE7,0x00,0x00		
   5      08181414 
   5      243C2242 
   5      42E70000 
   6              	        .equ STACKINIT, 	0x20005000
   7              		.equ yanshius,	        0x20000000 @延时us
   8              		.equ yanshims,		0x20000004 @延时ms
   9              	        .equ STACKINIT, 	0x20005000
  10              		.equ gpioddi,   	0x40011400
  11              	        .equ gpiododr,   	0x4001140C
  12              	        .equ RCC_APB2ENR,	0x40021018 @rccAPB2ENR
  13              		.equ ledliang,		0x04
  14              	.section .text
  15              	vectors:        
  16 0000 00500020 	        .word STACKINIT         
  17 0004 41000000 	        .word _start + 1        
  18 0008 AF000000 	        .word _nmi_handler + 1  
  19 000c B1000000 	        .word _hard_fault  + 1  
  20 0010 B3000000 	        .word _memory_fault + 1 
  21 0014 B5000000 	        .word _bus_fault + 1    
  22 0018 B7000000 	        .word _usage_fault + 1   
  23 001c 00000000 		.word 0
  24 0020 00000000 		.word 0
  25 0024 00000000 		.word 0
  26 0028 00000000 		.word 0
  27 002c 00000000 		.word 0
  28 0030 00000000 		.word 0
  29 0034 00000000 		.word 0 
  30 0038 00000000 		.word 0
  31 003c B9000000 		.word _dingshiqi + 1
  32              	_start:
  33              		@@AFIO-MAPR 开SWD模式
  34 0040 1E48     		ldr r0, = 0x40010004
  35 0042 1F49     		ldr r1, = 0x02000000
  36 0044 0160     		str r1, [r0]
  37              	shizhong:
  38 0046 1F48     		ldr r0, = 0x40021000
  39 0048 1F49     		ldr r1, = 0x14D83
  40 004a 0160     		str r1, [r0]
  41              	gsszbz: 
  42 004c 0268     		ldr r2, [r0]
  43 004e 1F49     		ldr r1, = 0x20000
  44 0050 1142     		tst r1, r2           @高速时钟标志位           
  45 0052 40F00280 		bne rccchushihua
  46 0056 FFF7F9BF 		b gsszbz
  47              	rccchushihua: 
  48 005a 1D48     		ldr r0, = 0x40022000
  49 005c 4FF03201 		mov r1, # 0x00000032
  50 0060 0160     		str r1, [r0]           @FLASH缓冲 缓冲开启 
  51 0062 1C48     		ldr r0, = 0x40021004
  52 0064 1C49     		ldr r1, = 0x1D8400
ARM GAS  led-stm32.s 			page 2


  53 0066 0160     		str r1, [r0]
  54 0068 1648     		ldr r0, = 0x40021000
  55 006a 1C49     		ldr r1, = 0x1033D03
  56 006c 0160     		str r1, [r0]
  57              	chaxun:
  58 006e 0268     		ldr r2, [r0]
  59 0070 1349     		ldr r1, = 0x2000000
  60 0072 1142     		tst r1, r2
  61 0074 40F00280 		bne rccgg
  62 0078 FFF7F9BF 		b chaxun
  63              	rccgg:
  64 007c 1548     		ldr r0, = 0x40021004
  65 007e 1849     		ldr r1, = 0x1D8402
  66 0080 0160     		str r1, [r0]
  67              	sytickchushihua:
  68              	
  69 0082 1848     		ldr r0, = 0xE000E010
  70 0084 4FF00001 		mov r1, # 0
  71 0088 0160     		str r1, [r0]
  72 008a 1749     		ldr r1, = 0x3ff
  73 008c 4160     		str r1, [r0,  # 4]
  74 008e 8160     		str r1, [r0,  # 8]
  75 0090 4FF00701 		mov r1, # 0x07
  76 0094 0160     		str r1, [r0]
  77              	ledled:
  78              	
  79 0096 1548     	        ldr r0, = RCC_APB2ENR
  80 0098 4FF03901 	        mov r1, 0x39
  81 009c 0160     	        str r1, [r0]
  82              	
  83 009e 1448     	        ldr r0, = gpioddi
  84 00a0 1449     	        ldr r1, = 0x44444344
  85 00a2 0160     	        str r1, [r0]
  86              	
  87              	ledhanshu:
  88 00a4 1448     		ldr r0, = gpiododr
  89 00a6 1549     		ldr r1, = ledliang
  90 00a8 0160     		str r1, [r0]
  91              	
  92              	
  93              	
  94              	
  95 00aa FFF7FBBF 		b ledhanshu
  96              	_nmi_handler:
  97 00ae 7047     		bx lr
  98              	_hard_fault:
  99 00b0 7047     		bx lr
 100              	_memory_fault:
 101 00b2 7047     		bx lr
 102              	_bus_fault:
 103 00b4 7047     		bx lr
 104              	_usage_fault:
 105 00b6 7047     		bx lr
 106              	_dingshiqi:	
 107 00b8 7047     		bx lr
 108              	         
 109 00ba 00000400 	
ARM GAS  led-stm32.s 			page 3


 109      01400000 
 109      00020010 
 109      0240834D 
 109      01000000 
ARM GAS  led-stm32.s 			page 4


DEFINED SYMBOLS
         led-stm32.s:4      .data:00000000 yjm
         led-stm32.s:5      .data:0000000a wxwx
         led-stm32.s:6      *ABS*:20005000 STACKINIT
         led-stm32.s:7      *ABS*:20000000 yanshius
         led-stm32.s:8      *ABS*:20000004 yanshims
         led-stm32.s:10     *ABS*:40011400 gpioddi
         led-stm32.s:11     *ABS*:4001140c gpiododr
         led-stm32.s:12     *ABS*:40021018 RCC_APB2ENR
         led-stm32.s:13     *ABS*:00000004 ledliang
         led-stm32.s:15     .text:00000000 vectors
         led-stm32.s:32     .text:00000040 _start
         led-stm32.s:96     .text:000000ae _nmi_handler
         led-stm32.s:98     .text:000000b0 _hard_fault
         led-stm32.s:100    .text:000000b2 _memory_fault
         led-stm32.s:102    .text:000000b4 _bus_fault
         led-stm32.s:104    .text:000000b6 _usage_fault
         led-stm32.s:106    .text:000000b8 _dingshiqi
                            .text:00000000 $d
         led-stm32.s:34     .text:00000040 $t
         led-stm32.s:37     .text:00000046 shizhong
         led-stm32.s:41     .text:0000004c gsszbz
         led-stm32.s:47     .text:0000005a rccchushihua
         led-stm32.s:57     .text:0000006e chaxun
         led-stm32.s:63     .text:0000007c rccgg
         led-stm32.s:67     .text:00000082 sytickchushihua
         led-stm32.s:77     .text:00000096 ledled
         led-stm32.s:87     .text:000000a4 ledhanshu
         led-stm32.s:109    .text:000000ba $d

NO UNDEFINED SYMBOLS
