ARM GAS  1.s 			page 1


   1              		@ stm32f030f4p6 asm
   2              		@fft 64点
   3              		@2018-01-05
   4              		 .thumb                 
   5              	         .syntax unified
   6              	.section .data	
   7              	       	.equ STACKINIT,                 0x20001000
   8              		.equ xuanzhuanyinzi,		0x20000404
   9              		.align 4
  10              	shuru:
  11 0000 00000000 		.int 0,1,2,3,4,5,6,7,8,9,10,11,12,13,14,15,16,17,18,19,20,21,22,23,24,25,26,27,28,29,30,31,32,33,3
  11      01000000 
  11      02000000 
  11      03000000 
  11      04000000 
  12              		
  13              	hudieweifanzhuan:
  14 0200 00000000 		.int 0,256,128,384,64,320,192,448,32,288,160,416,96,352,224,480,16,272,144,400,80,336,208,464,48,3
  14      00010000 
  14      80000000 
  14      80010000 
  14      40000000 
  15              	fft3xuanzhuanyinzi:
  16 0400 00800000 		.int 0x8000,0x0000,0x5A82,0xFFFFA57E,0x0000,0xFFFF8000,0xFFFFA57E,0xFFFFA57E
  16      00000000 
  16      825A0000 
  16      7EA5FFFF 
  16      00000000 
  17              	fft4xuanzhuanyinzi:
  18 0420 00800000 		.int 0x8000,0x0000,0x7641,0xFFFFCF05,0x5A82,0xFFFFA57E,0x30FB,0xFFFF89BF,0x0000,0xFFFF8000,0xFFFFC
  18      00000000 
  18      41760000 
  18      05CFFFFF 
  18      825A0000 
  19              	fft5xuanzhuanyinzi:
  20 0460 00800000 		.int 0x8000,0x0000,0x7D8A,0xFFFFE708,0x7641,0xFFFFCF05,0x6A6D,0xFFFFB8E4,0x5A82,0xFFFFA57E,0x471C,
  20      00000000 
  20      8A7D0000 
  20      08E7FFFF 
  20      41760000 
  21              	fft6xuanzhuanyinzi:
  22 04e0 00800000 		.int 0x8000,0x0000,0x7F62,0xFFFFF375,0x7D8A,0xFFFFE708,0x7A7D,0xFFFFDAD8,0x7641,0xFFFFCF05,0x70E2,
  22      00000000 
  22      627F0000 
  22      75F3FFFF 
  22      8A7D0000 
  23              	fft7xuanzhuanyinzi:
  24 05e0 00800000 		.int 0x8000,0x0000,0x7FD8,0xFFFFF9B9,0x7F62,0xFFFFF375,0x7E9D,0xFFFFED38,0x7D8A,0xFFFFE708,0x7C29,
  24      00000000 
  24      D87F0000 
  24      B9F9FFFF 
  24      627F0000 
  25              		           
  26              		           
  27              		
  28              	.section .text
  29              	vectors:        
ARM GAS  1.s 			page 2


  30 0000 00100020 	        .word STACKINIT         
  31 0004 3D000000 	        .word _start + 1        
  32 0008 D3010000 	        .word _nmi_handler + 1  
  33 000c D5010000 	        .word _hard_fault  + 1  
  34 0010 00000000 	        .word 0 
  35 0014 00000000 	        .word 0    
  36 0018 00000000 	        .word 0
  37 001c 00000000 		.word 0
  38 0020 00000000 		.word 0
  39 0024 00000000 		.word 0
  40 0028 00000000 		.word 0
  41 002c D7010000 		.word _svc_handler +1
  42 0030 00000000 		.word 0 
  43 0034 00000000 		.word 0
  44 0038 D9010000 		.word _pendsv_handler +1
  45              		.align 2
  46              	_start:
  47              	_shizhong:	                     @时钟设置
  48 003c 674A     		ldr r2, = 0x40022000   @FLASH访问控制
  49 003e 3221     		movs r1, # 0x32
  50 0040 1160     		str r1, [r2]
  51 0042 6748     		ldr r0, = 0x40021000 @ rcc
  52              		@0x34时钟控制寄存器 2 (RCC_CR2)
  53 0044 0121     		movs r1, # 0x01
  54 0046 4163     		str r1, [r0, # 0x34]  @ HSI开14M时钟
  55              	_dengdai14mshizhongwending:	    @等14M时钟稳定
  56 0048 416B     		ldr r1, [r0, # 0x34]
  57 004a 8907     		lsls r1, r1, # 30     @ 左移30位
  58 004c FCD5     		bpl _dengdai14mshizhongwending  @ 等待14M时钟稳定
  59              	
  60              	_neicunqingling:	                         @ 0x1000的内存清零
  61              		                                 @ 1K=1024BIT=0X400
  62 004e 6548     		ldr r0, = 0x20000000
  63 0050 0021     		movs r1, # 0
  64 0052 654B     		ldr r3, = 0x1000
  65              	_neicunqinglingxunhuan:	                   @ 内存清零循环
  66 0054 043B     		subs r3, # 4
  67 0056 C150     		str r1, [r0, r3]
  68 0058 FCD1     		bne _neicunqinglingxunhuan                @
  69              	
  70              	
  71              	
  72              		
  73              	_fftjisuan:
  74              	_fft1:	
  75 005a 6448     		ldr r0, = shuru
  76 005c 6149     		ldr r1, = 0x20000000
  77 005e 4022     		movs r2, # 64
  78 0060 634B     		ldr r3, = hudieweifanzhuan
  79              	_fft1xunhuan:
  80 0062 1E68     		ldr r6, [r3]
  81 0064 5F68     		ldr r7, [r3, # 0x04]
  82 0066 8659     		ldr r6, [r0, r6]
  83 0068 C759     		ldr r7, [r0, r7]
  84 006a F419     		adds r4, r6, r7
  85 006c F51B     		subs r5, r6, r7
  86 006e 0C60     		str r4, [r1]
ARM GAS  1.s 			page 3


  87 0070 4D60     		str r5, [r1, # 0x04]
  88 0072 0831     		adds r1, r1, # 0x08
  89 0074 0833     		adds r3, r3, # 0x08
  90 0076 013A     		subs r2, r2, # 1
  91 0078 F3D1     		bne _fft1xunhuan
  92              		
  93              	_fft2:
  94 007a 5A48     		ldr r0, = 0x20000000
  95 007c 0124     		movs r4, # 1
  96 007e 6402     		lsls r4, r4, # 9
  97 0080 2418     		adds r4, r4, r0
  98 0082 A046     		mov r8, r4
  99              	_fft2xunhuan:
 100 0084 0468     		ldr r4, [r0]
 101 0086 8568     		ldr r5, [r0, # 0x08]
 102 0088 4668     		ldr r6, [r0, # 0x04]
 103 008a C768     		ldr r7, [r0, # 0x0c]
 104 008c 6119     		adds r1, r4, r5
 105 008e 621B     		subs r2, r4, r5
 106 0090 3346     		mov r3, r6		@0r
 107 0092 0024     		movs r4, # 0	
 108 0094 E41B     		subs r4, r4, r7		@0i
 109 0096 3546     		mov r5, r6		@3r
 110 0098 3E46     		mov r6, r7		@3i
 111 009a 0127     		movs r7, # 1
 112 009c 7F02     		lsls r7, r7, # 9
 113 009e 3F18     		adds r7, r7, r0
 114 00a0 0160     		str r1, [r0]
 115 00a2 8260     		str r2, [r0, # 0x08]
 116 00a4 4360     		str r3, [r0, # 0x04]
 117 00a6 7C60     		str r4, [r7, # 0x04]
 118 00a8 C560     		str r5, [r0, # 0x0c]
 119 00aa FE60     		str r6, [r7, # 0x0c]
 120 00ac 1030     		adds r0, r0, # 0x10
 121 00ae 4045     		cmp r0, r8
 122 00b0 E8D1     		bne _fft2xunhuan
 123              	_fft3:
 124 00b2 504E     		ldr r6, = xuanzhuanyinzi
 125 00b4 504A     		ldr r2, = fft3xuanzhuanyinzi
 126 00b6 4B48     		ldr r0, = 0x20000000
 127 00b8 3260     		str r2, [r6]
 128 00ba 0121     		movs r1, # 1
 129 00bc 4902     		lsls r1, r1, # 9
 130 00be 0918     		adds r1, r1, r0
 131 00c0 8846     		mov r8, r1
 132 00c2 8146     		mov r9, r0
 133 00c4 9246     		mov r10, r2
 134 00c6 1025     		movs r5, # 0x10
 135 00c8 AB46     		mov r11, r5
 136 00ca 0425     		movs r5, # 4
 137 00cc AC46     		mov r12, r5
 138 00ce 00F042F8 		bl _fftg
 139              	_fft4:
 140 00d2 484E     		ldr r6, = xuanzhuanyinzi
 141 00d4 494A     		ldr r2, = fft4xuanzhuanyinzi
 142 00d6 4348     		ldr r0, = 0x20000000
 143 00d8 3260     		str r2, [r6]
ARM GAS  1.s 			page 4


 144 00da 0121     		movs r1, # 1
 145 00dc 4902     		lsls r1, r1, # 9
 146 00de 0918     		adds r1, r1, r0
 147 00e0 8846     		mov r8, r1
 148 00e2 8146     		mov r9, r0
 149 00e4 9246     		mov r10, r2
 150 00e6 2025     		movs r5, # 0x20
 151 00e8 AB46     		mov r11, r5
 152 00ea 0825     		movs r5, # 8
 153 00ec AC46     		mov r12, r5
 154 00ee 00F032F8 		bl _fftg
 155              	_fft5:
 156 00f2 404E     		ldr r6, = xuanzhuanyinzi
 157 00f4 424A     		ldr r2, = fft5xuanzhuanyinzi
 158 00f6 3B48     		ldr r0, = 0x20000000
 159 00f8 3260     		str r2, [r6]
 160 00fa 0121     		movs r1, # 1
 161 00fc 4902     		lsls r1, r1, # 9
 162 00fe 0918     		adds r1, r1, r0
 163 0100 8846     		mov r8, r1
 164 0102 8146     		mov r9, r0
 165 0104 9246     		mov r10, r2
 166 0106 4025     		movs r5, # 0x40
 167 0108 AB46     		mov r11, r5
 168 010a 1025     		movs r5, # 16
 169 010c AC46     		mov r12, r5
 170 010e 00F022F8 		bl _fftg
 171              	
 172              	_fft6:
 173 0112 384E     		ldr r6, = xuanzhuanyinzi
 174 0114 3B4A     		ldr r2, = fft6xuanzhuanyinzi
 175 0116 3348     		ldr r0, = 0x20000000
 176 0118 3260     		str r2, [r6]
 177 011a 0121     		movs r1, # 1
 178 011c 4902     		lsls r1, r1, # 9
 179 011e 0918     		adds r1, r1, r0
 180 0120 8846     		mov r8, r1
 181 0122 8146     		mov r9, r0
 182 0124 9246     		mov r10, r2
 183 0126 8025     		movs r5, # 0x80
 184 0128 AB46     		mov r11, r5
 185 012a 2025     		movs r5, # 32
 186 012c AC46     		mov r12, r5
 187 012e 00F012F8 		bl _fftg
 188              		
 189              	_fft7:
 190 0132 304E     		ldr r6, = xuanzhuanyinzi
 191 0134 344A     		ldr r2, = fft7xuanzhuanyinzi
 192 0136 2B48     		ldr r0, = 0x20000000
 193 0138 3260     		str r2, [r6]
 194 013a 0121     		movs r1, # 1
 195 013c 4902     		lsls r1, r1, # 9
 196 013e 0918     		adds r1, r1, r0
 197 0140 8846     		mov r8, r1
 198 0142 8146     		mov r9, r0
 199 0144 9246     		mov r10, r2
 200 0146 0125     		movs r5, # 1
ARM GAS  1.s 			page 5


 201 0148 2D02     		lsls r5, r5, # 8
 202 014a AB46     		mov r11, r5
 203 014c 4025     		movs r5, # 64
 204 014e AC46     		mov r12, r5
 205 0150 00F001F8 		bl _fftg
 206              		
 207              	tingting:
 208 0154 FEE7     		b tingting
 209              	_fftg:
 210 0156 00B5     		push {lr}
 211 0158 0024     		movs r4, # 0
 212 015a A646     		mov lr, r4
 213              	_fftxunhuan:
 214 015c 4846     		mov r0, r9
 215 015e 4146     		mov r1, r8
 216 0160 5246     		mov r2, r10
 217 0162 5B46     		mov r3, r11
 218 0164 0468     		ldr r4, [r0]
 219 0166 0D68     		ldr r5, [r1]
 220 0168 C658     		ldr r6, [r0, r3]
 221 016a CF58     		ldr r7, [r1, r3]
 222 016c 1368     		ldr r3, [r2]		@sr
 223 016e 5268     		ldr r2, [r2, # 0x04]	@si
 224 0170 30B4     		push {r4,r5}
 225 0172 3446     		mov r4, r6
 226 0174 5C43     		muls r4, r4, r3
 227 0176 3D46     		mov r5, r7
 228 0178 5543     		muls r5, r5, r2
 229 017a 641B     		subs r4, r4, r5		@r
 230 017c E413     		asrs r4, r4, # 15
 231 017e 3546     		mov r5, r6
 232 0180 5543     		muls r5, r5, r2
 233 0182 5F43     		muls r7, r7, r3
 234 0184 7F19     		adds r7, r7, r5    @i
 235 0186 FF13     		asrs r7, r7, # 15
 236 0188 24BC     		pop {r2,r5}
 237 018a 1319     		adds r3, r2, r4    @0r
 238 018c 121B     		subs r2, r2, r4    @1r
 239 018e EC19     		adds r4, r5, r7
 240 0190 ED1B     		subs r5, r5, r7
 241 0192 5E46     		mov r6, r11
 242 0194 0360     		str r3, [r0]
 243 0196 0C60     		str r4, [r1]
 244 0198 8251     		str r2, [r0, r6]
 245 019a 8D51     		str r5, [r1, r6]
 246 019c 0430     		adds r0, r0, # 0x04
 247 019e 0431     		adds r1, r1, # 0x04
 248 01a0 8146     		mov r9, r0
 249 01a2 8846     		mov r8, r1
 250 01a4 5246     		mov r2, r10
 251 01a6 0832     		adds r2, r2, # 0x08
 252 01a8 9246     		mov r10, r2
 253 01aa 7446     		mov r4, lr
 254 01ac 0134     		adds r4, r4, # 1
 255 01ae A646     		mov lr, r4
 256 01b0 6746     		mov r7, r12
 257 01b2 BC42     		cmp r4, r7
ARM GAS  1.s 			page 6


 258 01b4 D2D1     		bne _fftxunhuan
 259 01b6 0024     		movs  r4, # 0
 260 01b8 0E4E     		ldr r6, = xuanzhuanyinzi
 261 01ba 144D     		ldr r5, = 0x20000200
 262 01bc 3668     		ldr r6, [r6]
 263 01be B246     		mov r10, r6
 264 01c0 A646     		mov lr, r4
 265 01c2 5F46     		mov r7, r11
 266 01c4 C019     		adds r0, r0, r7
 267 01c6 C919     		adds r1, r1, r7
 268 01c8 8146     		mov r9, r0
 269 01ca 8846     		mov r8, r1
 270 01cc A842     		cmp r0, r5
 271 01ce C5D1     		bne _fftxunhuan
 272 01d0 00BD     		pop {pc}
 273              			
 274              	_nmi_handler:
 275 01d2 7047     		bx lr
 276              	_hard_fault:
 277 01d4 7047     		bx lr
 278              	_svc_handler:
 279 01d6 7047     		bx lr
 280              	_pendsv_handler:
 281 01d8 70470000 		bx lr
 281      00200240 
 281      00100240 
 281      00000020 
 281      00100000 
ARM GAS  1.s 			page 7


DEFINED SYMBOLS
                 1.s:7      *ABS*:0000000020001000 STACKINIT
                 1.s:8      *ABS*:0000000020000404 xuanzhuanyinzi
                 1.s:9      .data:0000000000000000 $d
                 1.s:10     .data:0000000000000000 shuru
                 1.s:13     .data:0000000000000200 hudieweifanzhuan
                 1.s:15     .data:0000000000000400 fft3xuanzhuanyinzi
                 1.s:17     .data:0000000000000420 fft4xuanzhuanyinzi
                 1.s:19     .data:0000000000000460 fft5xuanzhuanyinzi
                 1.s:21     .data:00000000000004e0 fft6xuanzhuanyinzi
                 1.s:23     .data:00000000000005e0 fft7xuanzhuanyinzi
                 1.s:29     .text:0000000000000000 vectors
                 1.s:46     .text:000000000000003c _start
                 1.s:274    .text:00000000000001d2 _nmi_handler
                 1.s:276    .text:00000000000001d4 _hard_fault
                 1.s:278    .text:00000000000001d6 _svc_handler
                 1.s:280    .text:00000000000001d8 _pendsv_handler
                            .text:0000000000000000 $d
                 1.s:45     .text:000000000000003c $t
                 1.s:47     .text:000000000000003c _shizhong
                 1.s:55     .text:0000000000000048 _dengdai14mshizhongwending
                 1.s:60     .text:000000000000004e _neicunqingling
                 1.s:65     .text:0000000000000054 _neicunqinglingxunhuan
                 1.s:73     .text:000000000000005a _fftjisuan
                 1.s:74     .text:000000000000005a _fft1
                 1.s:79     .text:0000000000000062 _fft1xunhuan
                 1.s:93     .text:000000000000007a _fft2
                 1.s:99     .text:0000000000000084 _fft2xunhuan
                 1.s:123    .text:00000000000000b2 _fft3
                 1.s:209    .text:0000000000000156 _fftg
                 1.s:139    .text:00000000000000d2 _fft4
                 1.s:155    .text:00000000000000f2 _fft5
                 1.s:172    .text:0000000000000112 _fft6
                 1.s:189    .text:0000000000000132 _fft7
                 1.s:207    .text:0000000000000154 tingting
                 1.s:213    .text:000000000000015c _fftxunhuan
                 1.s:281    .text:00000000000001da $d
                 1.s:281    .text:00000000000001dc $d

NO UNDEFINED SYMBOLS
