ARM GAS  1.s 			page 1


   1              		.macro  空操作
   2              	        .short   0x0000
   3              	        .endm
   4              	
   5              	        .macro  A到B
   6              	        .short   0x2100
   7              	        .endm
   8              	
   9              	        .macro 立即数到A t:vararg
  10              	        .short   0x100\t
  11              	        .endm
  12              	
  13              	        .macro  A加B
  14              	        .short   0x1700
  15              	        .endm
  16              		
  17              	        .macro  A减B
  18              	        .short   0x1800
  19              	        .endm
  20              		
  21              	        .macro  无条件转移
  22              	        .short   0x0b00
  23              	        .endm
  24              		
  25              	        .macro  为零转移
  26              	        .short   0x0c00
  27              	        .endm
  28              		
  29              	        .macro  不为零转移
  30              	        .short   0x0d00
  31              	        .endm
  32              		
  33              	        .macro  A到RAM
  34              	        .short   0x7100
  35              	        .endm
  36              	        .macro  RAM到A
  37              	        .short   0x1a00
  38              	        .endm
  39              	
  40              	.section .text               
  41 0000 0510     		立即数到A t=5
  42 0002 0021     		A到B
  43 0004 0071     		A到RAM
  44 0006 0018     		A减B
  45 0008 000D     		不为零转移
  46              		
  47              	
  48              	
  49              	
  50              	
  51              	
  52              		
ARM GAS  1.s 			page 2


DEFINED SYMBOLS
                            .text:0000000000000000 $d

NO UNDEFINED SYMBOLS
