ARM GAS  1.s 			page 1


   1              		@@单片机stm32f030f4p6
   2              		@@  pwm ne602时钟
   3              		@作者：yjmwxwx
   4              		@时间：2019-06-30
   5              		@编译器：ARM-NONE-EABI
   6              		 .thumb
   7              		         .syntax unified
   8              		.section .data
   9              	
  10              	yjmwxwx:
  11              		.equ STACKINIT,        	        0x20001000
  12              		.section .text
  13              	vectors:
  14 0000 00100020 		.word STACKINIT
  15 0004 B1000000 		.word _start + 1
  16 0008 1B010000 		.word _nmi_handler + 1
  17 000c 1D010000 		.word _hard_fault  + 1
  18 0010 00000000 		.word 0
  19 0014 00000000 		.word 0
  20 0018 00000000 		.word 0
  21 001c 00000000 		.word 0
  22 0020 00000000 		.word 0
  23 0024 00000000 		.word 0
  24 0028 00000000 		.word 0
  25 002c 1F010000 		.word _svc_handler +1
  26 0030 00000000 		.word 0
  27 0034 00000000 		.word 0
  28 0038 21010000 		.word _pendsv_handler +1
  29 003c 23010000 		.word aaa +1	@_systickzhongduan +1               @ 15
  30 0040 23010000 		.word aaa +1     @ _wwdg +1          @ 0
  31 0044 23010000 		.word aaa +1     @_pvd +1            @ 1
  32 0048 23010000 		.word aaa +1     @_rtc +1            @ 2
  33 004c 23010000 		.word aaa +1     @_flash +1          @ 3
  34 0050 23010000 		.word aaa +1	@ _rcc + 1          @ 4
  35 0054 23010000 		.word aaa +1      @_exti0_1  +1      @ 5
  36 0058 23010000 		.word aaa +1      @ _exti2_3 +1      @ 6
  37 005c 23010000 		.word aaa +1       @_exti4_15 +1     @ 7
  38 0060 23010000 		.word aaa +1                         @ 8
  39 0064 23010000 		.word aaa +1 	@_dma1_1  +1    @ 9
  40 0068 23010000 		.word aaa +1    @_dma1_2_3 +1        @ 10
  41 006c 23010000 		.word aaa +1       @_dma1_4_5 +1     @ 11
  42 0070 23010000 		.word aaa +1	 @_adc1 +1          @ 12
  43 0074 23010000 		.word aaa +1       @_tim1_brk_up +1  @ 13
  44 0078 23010000 		.word aaa +1        @ _tim1_cc +1    @ 14
  45 007c 23010000 		.word aaa +1         @_tim2 +1       @ 15
  46 0080 23010000 		.word aaa +1          @_tim3 +1      @ 16
  47 0084 23010000 		.word aaa +1                         @ 17
  48 0088 23010000 		.word aaa +1		                @ 18
  49 008c 23010000 		.word aaa +1	@_tim14 +1    @ 19
  50 0090 23010000 		.word aaa +1                         @ 20
  51 0094 23010000 		.word aaa +1         @_tim16 +1      @ 21
  52 0098 23010000 		.word aaa +1         @_tim17 +1      @ 22
  53 009c 23010000 		.word aaa +1          @_i2c   +1     @ 23
  54 00a0 23010000 		.word aaa +1                         @ 24
  55 00a4 23010000 		.word aaa +1           @_spi   +1    @ 25
  56 00a8 23010000 		.word aaa +1                         @ 26
  57 00ac 23010000 		.word aaa +1         @_usart1 +1     @ 27
ARM GAS  1.s 			page 2


  58              		.align 2
  59              	
  60              	_start:
  61              	
  62              	
  63              	
  64              	_waisheshizhong:			 @ 外设时钟
  65              		@+0x14=RCC_AHBENR
  66              		@ 0=DMA @ 2=SRAM @ 4=FLITF@ 6=CRC @ 17=PA @ 18=PB @ 19=PC @ 20=PD @ 22=PF
  67 00b0 1C48     		ldr r0, = 0x40021000
  68 00b2 1D49     		ldr r1, = 0x60001
  69 00b4 4161     		str r1, [r0, # 0x14]
  70              	
  71              		@+0x18外设时钟使能寄存器 (RCC_APB2ENR)
  72              		@0=SYSCFG @5=USART6EN @9=ADC @11=TIM1 @12=SPI1 @14=USART1 @16=TIM15 @17=TIM16 @18=TIM17 @22=DBGMCU
  73 00b6 1D49     		ldr r1, = 0x800
  74 00b8 8161     		str r1, [r0, # 0x18]
  75              		@+0X1C=RCC_APB1ENR
  76              		@ 1=TIM3 @ 4=TIM6 @ 5=TIM7 @ 8=TIM14 @ 11=WWDG @ 14=SPI @ 17=USRT2 @ 18=USART3 @ 20=USART5 @ 21=I2
  77              		@ 22=I2C2 @ 23=USB @ 28=PWR
  78 00ba 1D4A     		ldr r2, = 0x102
  79 00bc C261     		str r2, [r0, # 0x1c]
  80              	
  81              	
  82              	tim1chushiha:				
  83 00be 1D4D     		ldr r5, = 0x40012c00 @ tim1_cr1
  84 00c0 1D49     		ldr r1, = 0
  85 00c2 A962     		str r1, [r5, # 0x28] @ psc
  86 00c4 1D49     		ldr r1, = 1
  87 00c6 E962     		str r1, [r5, # 0x2c] @ ARR
  88 00c8 1D49     		ldr r1, = 0x3800
  89 00ca A961     		str r1, [r5, # 0x18]
  90 00cc 1D49     		ldr r1, = 0x38
  91 00ce E961     		str r1, [r5, # 0x1c] @ ccmr2  CC3
  92 00d0 1D49     		ldr r1, = 0x110    @  CC3
  93 00d2 2962     		str r1, [r5, # 0x20] @ ccer
  94 00d4 1D49     		ldr r1, = 0x8000
  95 00d6 6964     		str r1, [r5, # 0x44] @ BDTR
  96 00d8 1849     		ldr r1, = 1
  97 00da E963     		str r1, [r5, # 0x3c]
  98 00dc A963     		str r1, [r5, # 0x38]
  99 00de E124     		movs r4, # 0xe1
 100 00e0 2C60     		str r4, [r5]
 101              	
 102              	io_she_zhi:
 103              		@@@@@@@@@@@@@@@@@@@@@@@@@@@@@@@@@@@@@@@@@@@@@@@@@@@@@@@@@@@@@@@@@@@@@@@@@@@@@@@@@@@@@@@@@@@@@@
 104              		@a(0x48000000)b(0x48000400)c(0x48000800)d(0x48000c00)f(0x48001400)
 105              		@ 输入（00），通用输出（01），复用功能（10），模拟（11）
 106              		@偏移0x4 = 端口输出类型 @ （0 推挽），（ 1 开漏）
 107              		@偏移0x8 = 输出速度  00低速， 01中速， 11高速
 108              		@偏移0xC = 上拉下拉 (00无上下拉，  01 上拉， 10下拉)
 109              		@偏移0x10 = 输入数据寄存器
 110              		@偏移0x14 = 输出数据寄存器
 111              		@偏移0x18 = 端口开  0-15置位
 112              		@偏移0x28 = 端口关
 113              		@0X20 = 复用低
 114              		@GPIO口0（0-3位）每个IO口占用4位
ARM GAS  1.s 			page 3


 115              		@ AF0 = 0X0000, AF1 = 0X0001, AF2 = 0X0010 AF3 = 0X0011, AF4 = 0X0100
 116              		@ AF5 = 0X0101, AF6 = 0X0111, AF7 = 0X1000
 117              		@0x24 = 复用高
 118              		@GPIO口8 （0-3位）每个IO口占用4位
 119              		@ AF0 = 0X0000, AF1 = 0X0001, AF2 = 0X0010 AF3 = 0X0011, AF4 = 0X0100
 120              		@ AF5 = 0X0101, AF6 = 0X0111, AF7 = 0X1000
 121              		@@@@@@@@@@@@@@@@@@@@@@@@@@@@@@@@@@@@@@@@@@@@@@@@@@@@@@@@@@@@@@@@@@@@@@@@@@@@@@@@@@@@@@@@@@@@@@
 122              	
 123 00e2 1B48     		ldr r0, = 0x48000000
 124 00e4 1B49     		ldr r1, = 0x28280000
 125 00e6 0160     		str r1, [r0]
 126 00e8 1B49     		ldr r1, = 0x220
 127 00ea 4162     		str r1, [r0, # 0x24]
 128              		
 129              	shizhong:
 130 00ec 1B4A     	        ldr r2, = 0x40022000   @FLASH访问控制
 131 00ee 3221     		movs r1, # 0x32
 132 00f0 1160     	        str r1, [r2]           @FLASH缓冲 缓冲开启
 133 00f2 0C48     	        ldr r0, = 0x40021000 @ rcc
 134 00f4 1A49     	        ldr r1, = 0x10001
 135 00f6 0160     	        str r1, [r0]
 136              	denghse:
 137 00f8 0168     	        ldr r1, [r0]
 138 00fa 8903     	        lsls r1, r1, # 14
 139 00fc FCD5     		bpl denghse
 140              	dengpllguan:
 141 00fe 0168     	        ldr r1, [r0]
 142 0100 8901     	        lsls r1, r1, # 6
 143 0102 FCD4     	        bmi dengpllguan
 144 0104 1749     	        ldr r1, = 0x150002
 145 0106 0046     	        mov r0, r0
 146 0108 4160     	        str r1, [r0, # 0x04]
 147 010a 0046     	        mov r0, r0
 148 010c 1649     	        ldr r1, = 0x1010000
 149 010e 0046     	        mov r0, r0
 150 0110 0160     	        str r1, [r0]
 151              	
 152              	dengpll:
 153 0112 0168     	        ldr r1, [r0]
 154 0114 8901     	        lsls r1, # 6
 155 0116 FCD5     	        bpl dengpll
 156              	
 157              	
 158 0118 01BE     		bkpt # 1
 159              	
 160              	_nmi_handler:
 161 011a 7047     		bx lr
 162              	_hard_fault:
 163 011c 7047     		bx lr
 164              	_svc_handler:
 165 011e 7047     		bx lr
 166              	_pendsv_handler:
 167 0120 7047     		bx lr
 168              	_systickzhongduan:
 169              	aaa:
 170 0122 70470010 		bx lr
 170      02400100 
ARM GAS  1.s 			page 4


 170      06000008 
 170      00000201 
 170      0000002C 
ARM GAS  1.s 			page 5


DEFINED SYMBOLS
                 1.s:10     .data:0000000000000000 yjmwxwx
                 1.s:11     *ABS*:0000000020001000 STACKINIT
                 1.s:13     .text:0000000000000000 vectors
                 1.s:60     .text:00000000000000b0 _start
                 1.s:160    .text:000000000000011a _nmi_handler
                 1.s:162    .text:000000000000011c _hard_fault
                 1.s:164    .text:000000000000011e _svc_handler
                 1.s:166    .text:0000000000000120 _pendsv_handler
                 1.s:169    .text:0000000000000122 aaa
                            .text:0000000000000000 $d
                 1.s:58     .text:00000000000000b0 $t
                 1.s:64     .text:00000000000000b0 _waisheshizhong
                 1.s:82     .text:00000000000000be tim1chushiha
                 1.s:102    .text:00000000000000e2 io_she_zhi
                 1.s:129    .text:00000000000000ec shizhong
                 1.s:136    .text:00000000000000f8 denghse
                 1.s:140    .text:00000000000000fe dengpllguan
                 1.s:152    .text:0000000000000112 dengpll
                 1.s:168    .text:0000000000000122 _systickzhongduan
                 1.s:170    .text:0000000000000124 $d

NO UNDEFINED SYMBOLS
