ARM GAS  led-stm32.s 			page 1


   1              	@@@
   2              	        .thumb                 
   3              	        .syntax unified
   4              	@@@
   5              	        .equ STACKINIT, 	0x20005000
   6              		.equ gpioddi,   	0x40011400
   7              	        .equ gpiododr,   	0x4001140C
   8              	        .equ RCC_APB2ENR,	0x40021018
   9              		.equ syskz,		0xE000E010 @ 控制寄存器
  10              		.equ syscz,		0xE000E014 @systick定时器重载
  11              		.equ syssz,		0xE000E018 @systick计数值查询
  12              		.equ rcckz,		0x40021000 @rcc时钟控制寄存器
  13              		.equ rccpz,		0x40021004 @时钟配置寄存器
  14              		.equ flashacr,		0x40022000 @flash闪存访问寄存器
  15              		.equ lcdyanshi,		80000
  16              		.equ lcdid,		0x20000100
  17              	
  18              		
  19              	.section .text
  20              	
  21              	vectors_table:
  22              	vectors:        
  23 0000 00500020 	        .word STACKINIT         
  24 0004 41000000 	        .word _start + 1        
  25 0008 FB020000 	        .word _nmi_handler + 1  
  26 000c FD020000 	        .word _hard_fault  + 1  
  27 0010 FF020000 	        .word _memory_fault + 1 
  28 0014 01030000 	        .word _bus_fault + 1    
  29 0018 03030000 	        .word _usage_fault + 1   
  30 001c 00000000 		.word 0
  31 0020 00000000 		.word 0
  32 0024 00000000 		.word 0
  33 0028 00000000 		.word 0
  34 002c 00000000 		.word 0
  35 0030 00000000 		.word 0
  36 0034 00000000 		.word 0 
  37 0038 00000000 		.word 0
  38 003c 05030000 		.word _dingshiqi + 1
  39              	_start:
  40              	
  41              	
  42              	shizhong:
  43 0040 B148     		ldr r0, = rcckz
  44 0042 B249     		ldr r1, = 0x14D83
  45 0044 0160     		str r1, [r0]
  46              	gsszbz: @高速时钟标志位
  47 0046 0168     		ldr r1, [r0]
  48 0048 B14A     		ldr r2, = 0x34D83
  49 004a 8A42     		cmp r2, r1 
  50 004c FBD1     		bne	gsszbz
  51              	
  52              		@FLASH缓冲 缓冲开启 
  53 004e B148     		ldr r0, = flashacr
  54 0050 4FF03201 		mov r1, # 0x00000032
  55 0054 0160     		str r1, [r0]
  56              		@设置
  57 0056 B048     		ldr r0, = rccpz
ARM GAS  led-stm32.s 			page 2


  58 0058 B049     		ldr r1, = 0x1D8400
  59 005a 0160     		str r1, [r0]
  60              		
  61 005c AA48     		ldr r0, = rcckz
  62 005e B049     		ldr r1, = 0x1033D03
  63 0060 0160     		str r1, [r0]
  64              	chaxun:
  65 0062 0168     		ldr r1, [r0]
  66 0064 AF4A     		ldr r2, = 0x03033D03
  67 0066 9142     		cmp r1, r2
  68 0068 FBD1     		bne chaxun
  69              	
  70 006a AB48     		ldr r0, = rccpz
  71 006c AE49     		ldr r1, = 0x1D8402
  72 006e 0160     		str r1, [r0]
  73              	
  74              		
  75              		
  76              	systick:
  77              	
  78 0070 AE49     		ldr r1, = syskz
  79 0072 AF48     		ldr r0, = syscz
  80 0074 AF4A     		ldr r2, = syssz
  81              		
  82 0076 4FF00003 		mov r3, #0
  83 007a 0B60     		str r3, [r1]
  84              	
  85 007c AE4B     		ldr r3, = 0x2328
  86 007e 0360     		str r3, [r0]
  87 0080 1360     		str r3, [r2]
  88              	
  89 0082 4FF00303 		mov r3, # 0x03
  90 0086 0B60     		str r3, [r1]
  91              	
  92              	
  93              	ledled:
  94              	
  95 0088 AC4E     	        ldr r6, = RCC_APB2ENR
  96 008a 4FF03900 	        mov r0, 0x39
  97 008e 3060     	        str r0, [r6]
  98              	
  99 0090 AB4E     	        ldr r6, = gpioddi
 100 0092 AC48     	        ldr r0, = 0x44444344
 101 0094 3060     	        str r0, [r6]
 102              	
 103 0096 4FF00002 	        mov r2, 0            
 104 009a 4FF00403 	        mov r3, 0x04        
 105 009e AA4E     	        ldr r6, = gpiododr 
 106              	lcdchushihua1:
 107              		@@AFIO-MAPR 开SWD
 108 00a0 AA48     		ldr r0, = 0x40010004
 109 00a2 AB49     		ldr r1, = 0x02000000
 110 00a4 0160     		str r1, [r0]
 111              		
 112 00a6 AB48     		ldr r0, = 0x40011000
 113 00a8 AB49     		ldr r1, = 0x33444444 
 114 00aa 0160     		str r1, [r0]
ARM GAS  led-stm32.s 			page 3


 115              	
 116 00ac AB48     		ldr r0, = 0x40011004
 117 00ae AC49     		ldr r1, = 0x44444333
 118 00b0 0160     		str r1, [r0]
 119              	
 120 00b2 AC48     		ldr r0, = 0x4001100C
 121 00b4 AC49     		ldr r1, = 0x7c0
 122 00b6 0160     		str r1, [r0]
 123              	
 124 00b8 AC48     		ldr r0, = 0x40010C00
 125 00ba AD49     		ldr r1, = 0x33333333
 126 00bc 0160     		str r1, [r0]
 127              	
 128 00be AD48     		ldr r0, = 0x40010C04
 129 00c0 AB49     		ldr r1, = 0x33333333
 130 00c2 0160     		str r1, [r0]
 131              	
 132 00c4 AC48     		ldr r0, = 0x40010C0C
 133 00c6 AD49     		ldr r1, = 0xffff
 134 00c8 0160     		str r1, [r0]
 135              	
 136 00ca 4FF00004 		mov r4, # 0x0000
 137 00ce 4FF00107 		mov r7, # 0x0001
 138 00d2 00F0E3F8 		bl lcdchushihua2
 139 00d6 00F00BF9 		bl yanshi
 140              	
 141              	
 142 00da 4FF01504 		mov r4, # 0x0015
 143 00de 4FF03007 		mov r7, # 0x0030
 144 00e2 00F0DBF8 		bl lcdchushihua2
 145              	
 146 00e6 4FF09A04 		mov r4, # 0x009a
 147 00ea 4FF01007 		mov r7, # 0x0010
 148 00ee 00F0D5F8 		bl lcdchushihua2
 149              	
 150 00f2 4FF01104 		mov r4, # 0x0011
 151 00f6 4FF02007 		mov r7, # 0x0020
 152 00fa 00F0CFF8 		bl lcdchushihua2
 153              	
 154 00fe 4FF01004 		mov r4, # 0x0010
 155 0102 43F22847 		movw r7, # 0x3428
 156 0106 00F0C9F8 		bl lcdchushihua2
 157              	
 158 010a 4FF01204 		mov r4, # 0x0012
 159 010e 4FF00207 		mov r7, # 0x0002
 160 0112 00F0C3F8 		bl lcdchushihua2
 161              	
 162 0116 4FF01304 		mov r4, # 0x0013
 163 011a 41F23807 		movw r7, # 0x1038
 164 011e 00F0BDF8 		bl lcdchushihua2
 165              	
 166 0122 00F0E5F8 		bl yanshi
 167              	
 168              		@@@@
 169              	
 170              		
 171              	
ARM GAS  led-stm32.s 			page 4


 172 0126 4FF01204 		mov r4, # 0x0012
 173 012a 4FF01207 		mov r7, # 0x0012
 174 012e 00F0B5F8 		bl lcdchushihua2
 175              	
 176 0132 00F0DDF8 		bl yanshi
 177              	
 178 0136 4FF01004 		mov r4, # 0x0010
 179 013a 43F22047 		movw r7, # 0x3420
 180 013e 00F0ADF8 		bl lcdchushihua2
 181              	
 182 0142 4FF01304 		mov r4, # 0x0013
 183 0146 43F23807 		movw r7, # 0x3038
 184 014a 00F0A7F8 		bl lcdchushihua2
 185              	
 186 014e 00F0CFF8 		bl yanshi
 187              	
 188 0152 4FF03004 		mov r4, # 0x0030
 189 0156 4FF00007 		mov r7, # 0x0000
 190 015a 00F09FF8 		bl lcdchushihua2
 191              	
 192 015e 4FF03104 		mov r4, # 0x0031
 193 0162 40F20247 		movw r7,# 0x0402
 194 0166 00F099F8 		bl lcdchushihua2
 195              	
 196 016a 4FF03204 		mov r4, # 0x0032
 197 016e 40F20737 		movw r7, # 0x0307
 198 0172 00F093F8 		bl lcdchushihua2
 199              	
 200              		@@@@@@
 201              	
 202 0176 4FF03304 		mov r4, # 0x0033
 203 017a 40F20437 		movw r7, # 0x0304
 204 017e 00F08DF8 		bl lcdchushihua2
 205              	
 206 0182 4FF03404 		mov r4, # 0x0034
 207 0186 4FF00407 		mov r7, # 0x0004
 208 018a 00F087F8 		bl lcdchushihua2
 209              	
 210 018e 4FF03504 		mov r4, # 0x0035
 211 0192 40F20147 		movw r7, # 0x0401
 212 0196 00F081F8 		bl lcdchushihua2
 213              	
 214              	
 215              	
 216 019a 4FF03604 		mov r4, # 0x0036
 217 019e 40F20777 		movw r7, # 0x0707
 218 01a2 00F07BF8 		bl lcdchushihua2
 219              	
 220 01a6 4FF03704 		mov r4, # 0x0037
 221 01aa 40F20537 		movw r7, #0x0305
 222 01ae 00F075F8 		bl lcdchushihua2
 223              	
 224 01b2 4FF03804 		mov r4, # 0x0038
 225 01b6 40F21067 		movw r7, # 0x0610
 226 01ba 00F06FF8 		bl lcdchushihua2
 227              	
 228              		@@@@@
ARM GAS  led-stm32.s 			page 5


 229              	
 230 01be 4FF03904 		mov r4, # 0x0039
 231 01c2 40F21067 		movw r7, # 0x0610
 232 01c6 00F069F8 		bl lcdchushihua2
 233              	
 234 01ca 4FF00104 		mov r4, # 0x0001
 235 01ce 40F20017 		movw r7, # 0x0100
 236 01d2 00F063F8 		bl lcdchushihua2
 237              	
 238 01d6 4FF00204 		mov r4, # 0x0002
 239 01da 40F20037 		movw r7, # 0x0300
 240 01de 00F05DF8 		bl lcdchushihua2
 241              	
 242 01e2 4FF00304 		mov r4, # 0x0003
 243 01e6 41F23007 		movw r7, #0x1030
 244 01ea 00F057F8 		bl lcdchushihua2
 245              	
 246 01ee 4FF00804 		mov r4, # 0x0008
 247 01f2 40F60807 		movw r7, # 0x0808
 248 01f6 00F051F8 		bl lcdchushihua2
 249              	
 250 01fa 4FF00A04 		mov r4, # 0x000a
 251 01fe 4FF00807 		mov r7, # 0x0008
 252 0202 00F04BF8 		bl lcdchushihua2
 253              	
 254              		@@@@@
 255              	
 256 0206 4FF06004 		mov r4, # 0x0060
 257 020a 42F20077 		movw r7, #0x2700
 258 020e 00F045F8 		bl lcdchushihua2
 259              	
 260 0212 4FF06104 		mov r4, # 0x0061
 261 0216 4FF00107 		mov r7, # 0x0001
 262 021a 00F03FF8 		bl lcdchushihua2
 263              	
 264 021e 4FF09004 		mov r4, # 0x0090
 265 0222 40F23E17 		movw r7, # 0x013e
 266 0226 00F039F8 		bl lcdchushihua2
 267              	
 268 022a 4FF09204 		mov r4, # 0x0092
 269 022e 40F20017 		movw r7, # 0x0100
 270 0232 00F033F8 		bl lcdchushihua2
 271              	
 272 0236 4FF09304 		mov r4, # 0x0093
 273 023a C0F20017 		movt r7, #0x0100
 274 023e 00F02DF8 		bl lcdchushihua2
 275              	
 276 0242 4FF0A004 		mov r4, # 0x00a0
 277 0246 43F20007 		movw r7, #0x3000
 278 024a 00F027F8 		bl lcdchushihua2
 279              	
 280              		@@@@@@
 281              	
 282 024e 4FF0A304 		mov r4, # 0x00a3
 283 0252 4FF01007 		mov r7, # 0x0010
 284 0256 00F021F8 		bl lcdchushihua2
 285              	
ARM GAS  led-stm32.s 			page 6


 286 025a 4FF00704 		mov r4, # 0x0007
 287 025e 4FF00107 		mov r7, # 0x0001
 288 0262 00F01BF8 		bl lcdchushihua2
 289              	
 290 0266 4FF00704 		mov r4, # 0x0007
 291 026a 4FF02107 		mov r7, # 0x0021
 292 026e 00F015F8 		bl lcdchushihua2
 293              	
 294 0272 4FF00704 		mov r4, # 0x0007
 295 0276 4FF02307 		mov r7, # 0x0023
 296 027a 00F00FF8 		bl lcdchushihua2
 297              	
 298 027e 4FF00704 		mov r4, # 0x0007
 299 0282 4FF03307 		mov r7, # 0x0033
 300 0286 00F009F8 		bl lcdchushihua2
 301              	
 302 028a 4FF00704 		mov r4, # 0x0007
 303 028e 40F23317 		movw r7, # 0x0133
 304 0292 00F003F8 		bl lcdchushihua2
 305              	
 306              	
 307              			
 308              	main:
 309              	
 310              		
 311 0296 00F021F8 		bl ledcctv
 312 029a FCE7     		b main
 313              	
 314              	lcdchushihua2:
 315              	
 316 029c 2DE9F04F 		push {r4-r11, lr}
 317 02a0 3048     		ldr r0, = 0x4001100C
 318 02a2 4FF49861 		mov r1, # 0x4c0
 319 02a6 0160     		str r1, [r0]
 320              		
 321 02a8 3348     		ldr r0, = 0x40010C0C
 322 02aa 0460     		str r4, [r0]
 323              	
 324 02ac 2D48     		ldr r0, = 0x4001100C
 325 02ae 4FF48861 		mov r1, # 0x440
 326 02b2 0160     		str r1, [r0]
 327              	
 328 02b4 2B48     		ldr r0, = 0x4001100C
 329 02b6 4FF4F861 		mov r1, # 0x7c0
 330 02ba 0160     		str r1, [r0]
 331              	
 332 02bc 2948     		ldr r0, = 0x4001100C
 333 02be 4FF4B861 		mov r1, # 0x5c0
 334 02c2 0160     		str r1, [r0]
 335              	
 336 02c4 2C48     		ldr r0, = 0x40010C0C
 337 02c6 0760     		str r7, [r0]
 338              	
 339 02c8 2648     		ldr r0, = 0x4001100C
 340 02ca 4FF4A861 		mov r1, # 0x540
 341 02ce 0160     		str r1, [r0]
 342              	
ARM GAS  led-stm32.s 			page 7


 343 02d0 2448     		ldr r0, = 0x4001100C
 344 02d2 4FF4F861 		mov r1, # 0x7c0
 345 02d6 0160     		str r1, [r0]
 346 02d8 BDE8F08F 		pop {r4-r11, pc}
 347              				
 348              		
 349              	ledcctv:                 
 350 02dc 2DE9F04F 		push {r4-r11, lr}
 351 02e0 3360     		str r3, [r6]
 352 02e2 00F005F8 		bl yanshi
 353 02e6 3260     		str r2, [r6]
 354 02e8 00F002F8 		bl yanshi
 355 02ec BDE8F08F 		pop {r4-r11, pc}
 356              	
 357              	yanshi:	
 358 02f0 E62D     		cmp r5, #230
 359 02f2 FDD1     		bne yanshi
 360 02f4 4FF00005 		mov r5, #0
 361 02f8 7047     		bx lr
 362              	
 363              		
 364              			
 365              	
 366              	
 367              	_nmi_handler:
 368 02fa 7047     		bx lr
 369              	_hard_fault:
 370 02fc 7047     		bx lr
 371              	_memory_fault:
 372 02fe 7047     		bx lr
 373              	_bus_fault:
 374 0300 7047     		bx lr
 375              	_usage_fault:
 376 0302 7047     		bx lr
 377              	_dingshiqi:
 378 0304 0135     		adds r5, 1	
 379 0306 7047     		bx lr
 380              	         
 381 0308 00100240 	
 381      834D0100 
 381      834D0300 
 381      00200240 
 381      04100240 
ARM GAS  led-stm32.s 			page 8


DEFINED SYMBOLS
         led-stm32.s:5      *ABS*:20005000 STACKINIT
         led-stm32.s:6      *ABS*:40011400 gpioddi
         led-stm32.s:7      *ABS*:4001140c gpiododr
         led-stm32.s:8      *ABS*:40021018 RCC_APB2ENR
         led-stm32.s:9      *ABS*:e000e010 syskz
         led-stm32.s:10     *ABS*:e000e014 syscz
         led-stm32.s:11     *ABS*:e000e018 syssz
         led-stm32.s:12     *ABS*:40021000 rcckz
         led-stm32.s:13     *ABS*:40021004 rccpz
         led-stm32.s:14     *ABS*:40022000 flashacr
         led-stm32.s:15     *ABS*:00013880 lcdyanshi
         led-stm32.s:16     *ABS*:20000100 lcdid
         led-stm32.s:21     .text:00000000 vectors_table
         led-stm32.s:22     .text:00000000 vectors
         led-stm32.s:39     .text:00000040 _start
         led-stm32.s:367    .text:000002fa _nmi_handler
         led-stm32.s:369    .text:000002fc _hard_fault
         led-stm32.s:371    .text:000002fe _memory_fault
         led-stm32.s:373    .text:00000300 _bus_fault
         led-stm32.s:375    .text:00000302 _usage_fault
         led-stm32.s:377    .text:00000304 _dingshiqi
         led-stm32.s:42     .text:00000040 shizhong
                            .text:00000000 $d
         led-stm32.s:43     .text:00000040 $t
         led-stm32.s:46     .text:00000046 gsszbz
         led-stm32.s:64     .text:00000062 chaxun
         led-stm32.s:76     .text:00000070 systick
         led-stm32.s:93     .text:00000088 ledled
         led-stm32.s:106    .text:000000a0 lcdchushihua1
         led-stm32.s:314    .text:0000029c lcdchushihua2
         led-stm32.s:357    .text:000002f0 yanshi
         led-stm32.s:308    .text:00000296 main
         led-stm32.s:349    .text:000002dc ledcctv
         led-stm32.s:381    .text:00000308 $d

NO UNDEFINED SYMBOLS
