ARM GAS  1.s 			page 1


   1              		@@ 单片机stm32f030f4p6
   2              		@旋转变压器解码
   3              		@作者：yjmwxwx
   4              		@时间：2021-02-23
   5              		@编译器：ARM-NONE-EABI
   6              		.thumb
   7              		.syntax unified
   8              		.section .data
   9              	yjmwxwx:
  10 0000 796A6D77 		.ascii "yjmwxwx-20210223"
  10      7877782D 
  10      32303231 
  10      30323233 
  11              		.align 4
  12              	zheng_xian_biao:
  13 0010 1C001D00 		.short 28,29,31,33,34,36,38,39,41,42,44,45,46,48,49,50,51,52,52,53,54,54,55,55,55,55,55,55,55,54,5
  13      1F002100 
  13      22002400 
  13      26002700 
  13      29002A00 
  14 00da 00000000 		.align 4
  14      0000
  15              	cordic_yong_cos_sin:
  16 00e0 00000000 		.int 0x0000,0x4000,0x2D41,0x2D41,0x3B20,0x187D,0x3EC5,0x0C7C,0x3FB1,0x0645,0x3FEC,0x0323,0x3FFB,0x
  16      00400000 
  16      412D0000 
  16      412D0000 
  16      203B0000 
  17              	cordic_yong_atan_biao:
  18 0160 87640000 		.int 0x00006487,0x00003B58,0x00001F5B,0x00000FEA,0x000007FD,0x000003FF,0x000001FF,0x000000FF,0x000
  18      583B0000 
  18      5B1F0000 
  18      EA0F0000 
  18      FD070000 
  19              		.align 4
  20              		.equ STACKINIT,        	        0x20001000
  21              		.equ guoling_jishu,		0x200000a8
  22              		.equ jiaodu2,			0x200000ac
  23              		.equ zhuansu,			0x200000b0
  24              		.equ jishu,			0x200000b4
  25              		.equ cos,			0x200000b8
  26              		.equ sin,			0x200000bc
  27              		.equ cos1,			0x200000c0
  28              		.equ sin1,			0x200000c4
  29              		.equ jiaodu_cha,		0x200000c8
  30              		.equ jiaodu_1,			0x200000cc
  31              		.equ cos_jiaozheng,		0x200000e0
  32              		.equ sin_jiaozheng,		0x200000e4
  33              		.equ jiaodu_jiaozheng,		0x200000e8
  34              		.equ guoling,			0x200000ec
  35              		.equ jiaodu,			0x200000f0
  36              		.equ sin_zheng,			0x200000f4
  37              		.equ sin_fu,			0x200000f8
  38              		.equ liangcheng,		0x200000fc
  39              		.equ dianyabiao,		0x20000100
  40              		.equ lvboqizhizhen,		0x20000300
  41              		.equ lvboqihuanchong,		0x20000304
ARM GAS  1.s 			page 2


  42              		.equ lvboqizhizhen1,		0x20000900
  43              		.equ lvboqihuanchong1,		0x20000904
  44              		.equ lvboqizhizhen2,		0x20000a10
  45              		.equ lvboqihuanchong2,		0x20000a14
  46              		.section .text
  47              	vectors:
  48 0000 00100020 		.word STACKINIT
  49 0004 B1000000 		.word _start + 1
  50 0008 CF050000 		.word _nmi_handler + 1
  51 000c D1050000 		.word _hard_fault  + 1
  52 0010 00000000 		.word 0
  53 0014 00000000 		.word 0
  54 0018 00000000 		.word 0
  55 001c 00000000 		.word 0
  56 0020 00000000 		.word 0
  57 0024 00000000 		.word 0
  58 0028 00000000 		.word 0
  59 002c D3050000 		.word _svc_handler +1
  60 0030 00000000 		.word 0
  61 0034 00000000 		.word 0
  62 0038 D5050000 		.word _pendsv_handler +1
  63 003c D7050000 		.word _systickzhongduan +1           @ 15
  64 0040 01060000 		.word aaa +1     @ _wwdg +1          @ 0
  65 0044 01060000 		.word aaa +1     @_pvd +1            @ 1
  66 0048 01060000 		.word aaa +1     @_rtc +1            @ 2
  67 004c 01060000 		.word aaa +1     @_flash +1          @ 3
  68 0050 01060000 		.word aaa +1	@ _rcc + 1           @ 4
  69 0054 01060000 		.word aaa +1      @_exti0_1  +1      @ 5
  70 0058 01060000 		.word aaa +1      @ _exti2_3 +1      @ 6
  71 005c 01060000 		.word aaa +1       @_exti4_15 +1     @ 7
  72 0060 01060000 		.word aaa +1                         @ 8
  73 0064 01060000 		.word aaa +1	@__dma_wan  +1	     @ 9
  74 0068 01060000 		.word aaa +1    @_dma1_2_3 +1        @ 10
  75 006c 01060000 		.word aaa +1       @_dma1_4_5 +1     @ 11
  76 0070 01060000 		.word aaa +1	 @_adc1 +1           @ 12
  77 0074 01060000 		.word aaa +1       @_tim1_brk_up +1  @ 13
  78 0078 01060000 		.word aaa +1        @ _tim1_cc +1    @ 14
  79 007c 01060000 		.word aaa +1         @_tim2 +1       @ 15
  80 0080 01060000 		.word aaa +1          @_tim3 +1      @ 16
  81 0084 01060000 		.word aaa +1                         @ 17
  82 0088 01060000 		.word aaa +1		             @ 18
  83 008c 01060000 		.word aaa +1	@_tim14 +1           @ 19
  84 0090 01060000 		.word aaa +1                         @ 20
  85 0094 01060000 		.word aaa +1         @_tim16 +1      @ 21
  86 0098 01060000 		.word aaa +1         @_tim17 +1      @ 22
  87 009c 01060000 		.word aaa +1          @_i2c   +1     @ 23
  88 00a0 01060000 		.word aaa +1                         @ 24
  89 00a4 01060000 		.word aaa +1           @_spi   +1    @ 25
  90 00a8 01060000 		.word aaa +1                         @ 26
  91 00ac 01060000 		.word aaa +1         @_usart1 +1     @ 27
  92              		.align 2
  93              	_start:
  94              	shizhong:
  95 00b0 824A     	        ldr r2, = 0x40022000   @FLASH访问控制
  96 00b2 3221     	        movs r1, # 0x32
  97 00b4 1160     	        str r1, [r2]           @FLASH缓冲 缓冲开启
  98 00b6 8248     	        ldr r0, = 0x40021000 @ rcc
ARM GAS  1.s 			page 3


  99 00b8 8249     		ldr r1, = 0x10001
 100 00ba 0160     	        str r1, [r0]
 101              	denghse:
 102 00bc 0168     	        ldr r1, [r0]
 103 00be 8903     	        lsls r1, r1, # 14
 104 00c0 FCD5     	        bpl denghse
 105              	dengpllguan:
 106 00c2 0168     	        ldr r1, [r0]
 107 00c4 8901     		lsls r1, r1, # 6
 108 00c6 FCD4     		bmi dengpllguan
 109 00c8 7F49     		ldr r1, = 0x150002	@0x150002
 110 00ca 0046     		mov r0, r0
 111 00cc 4160     		str r1, [r0, # 0x04]
 112 00ce 0046     		mov r0, r0
 113 00d0 7E49     		ldr r1, = 0x1010000
 114 00d2 0046     		mov r0, r0
 115 00d4 0160     		str r1, [r0]
 116              	
 117              	dengpll:
 118 00d6 0168     	        ldr r1, [r0]
 119 00d8 8901     		lsls r1, # 6
 120 00da FCD5     		bpl dengpll
 121              	
 122              	
 123 00dc 7C49     		ldr r1, = 100
 124 00de 0163     		str r1, [r0, # 0x30]
 125              		
 126              	_waisheshizhong:                         @ 外设时钟
 127              	        @+0x14=RCC_AHBENR
 128              		@ 0=DMA @ 2=SRAM @ 4=FLITF@ 6=CRC @ 17=PA @ 18=PB @ 19=PC @ 20=PD @ 22=PF
 129 00e0 7748     		ldr r0, = 0x40021000
 130 00e2 7C49     		ldr r1, = 0x60001
 131 00e4 4161     	        str r1, [r0, # 0x14]
 132              	
 133              	        @+0x18外设时钟使能寄存器 (RCC_APB2ENR)
 134              	        @0=SYSCFG @5=USART6EN @9=ADC @11=TIM1 @12=SPI1 @14=USART1 @16=TIM15 @17=TIM16 @18=TIM17 @22
 135 00e6 7C49     	        ldr r1, = 0x1a00
 136 00e8 8161     		str r1, [r0, # 0x18]
 137              		@+0X1C=RCC_APB1ENR
 138              		@ 1=TIM3 @ 4=TIM6 @ 5=TIM7 @ 8=TIM14 @ 11=WWDG @ 14=SPI @ 17=USRT2 @ 18=USART3 @ 20=USART5 @ 21=I2
 139              		@ 22=I2C2 @ 23=USB @ 28=PWR
 140 00ea 7C4A     	        ldr r2, = 0x902
 141 00ec C261     	        str r2, [r0, # 0x1c]
 142              	
 143              	_neicunqingling:
 144 00ee 7C48     		ldr r0, = 0x20000000
 145 00f0 0021     		movs r1, # 0
 146 00f2 7C4B     		ldr r3, = 0x1000
 147              	_neicunqinglingxunhuan:
 148 00f4 043B     		subs r3, # 4
 149 00f6 C150     		str r1, [r0, r3]
 150 00f8 FCD1     		bne _neicunqinglingxunhuan
 151              	
 152              	_waishezhongduan:				@外设中断
 153              		@0xE000E100    0-31  写1开，写0没效
 154              		@0XE000E180    0-31 写1关，写0没效
 155              		@0XE000E200    0-31 挂起，写0没效
ARM GAS  1.s 			page 4


 156              		@0XE000E280    0-31 清除， 写0没效
 157 00fa 7B48     		ldr r0, =  0xe000e100
 158 00fc 7B49     		ldr r1, = 0x200 @0x10200  @ 0x10000
 159 00fe 0160     		str r1, [r0]
 160              	@_kanmengou:
 161              	@	ldr r0, = 0x40003000
 162              	@	ldr r1, = 0x5555
 163              	@	str r1, [r0]
 164              	@	movs r1, # 7
 165              	@	str r1, [r0, # 4]
 166              	@	ldr r1, = 0xfff
 167              	@	str r1, [r0, # 8]
 168              	@	ldr r1, = 0xaaaa
 169              	@	str r1, [r0]
 170              	@	ldr r1, = 0xcccc
 171              	@	str r1, [r0]
 172              		
 173              	io_she_zhi:
 174              		@@@@@@@@@@@@@@@@@@@@@@@@@@@@@@@@@@@@@@@@@@@@@@@@@@@@@@@@@@@@@@@@@@@@@@@@@@@@@@@@@@@@@@@@@@@@@@
 175              		@a(0x48000000)b(0x48000400)c(0x48000800)d(0x48000c00)f(0x48001400)
 176              		@ 输入（00），通用输出（01），复用功能（10），模拟（11）
 177              		@偏移0x4 = 端口输出类型 @ （0 推挽），（ 1 开漏）
 178              		@偏移0x8 = 输出速度  00低速， 01中速， 11高速
 179              		@偏移0xC = 上拉下拉 (00无上下拉，  01 上拉， 10下拉)
 180              		@偏移0x10 = 输入数据寄存器
 181              		@偏移0x14 = 输出数据寄存器
 182              		@偏移0x18 = 端口开  0-15置位
 183              		@偏移0x28 = 端口关
 184              		@0X20 = 复用低
 185              		@GPIO口0（0-3位）每个IO口占用4位
 186              		@ AF0 = 0X0000, AF1 = 0X0001, AF2 = 0X0010 AF3 = 0X0011, AF4 = 0X0100
 187              		@ AF5 = 0X0101, AF6 = 0X0111, AF7 = 0X1000
 188              		@0x24 = 复用高
 189              		@GPIO口8 （0-3位）每个IO口占用4位
 190              		@ AF0 = 0X0000, AF1 = 0X0001, AF2 = 0X0010 AF3 = 0X0011, AF4 = 0X0100
 191              		@ AF5 = 0X0101, AF6 = 0X0111, AF7 = 0X1000
 192              		@@@@@@@@@@@@@@@@@@@@@@@@@@@@@@@@@@@@@@@@@@@@@@@@@@@@@@@@@@@@@@@@@@@@@@@@@@@@@@@@@@@@@@@@@@@@@@
 193              	
 194 0100 7B48     		ldr r0, = 0x48000000
 195 0102 7C49     		ldr r1, = 0x282000af 
 196 0104 0160     		str r1, [r0]
 197 0106 7C49     		ldr r1, = 0x0c30ff00
 198 0108 8160     		str r1, [r0, # 0x08]
 199 010a 7849     		ldr r1, = 0x200
 200 010c 4162     		str r1, [r0, # 0x24]
 201              		
 202              		
 203 010e 7B48     		ldr r0, = 0x48000400
 204 0110 0821     		movs r1, # 0x08 @ pb1
 205 0112 0160     		str r1, [r0]
 206 0114 2021     		movs r1, # 0x20
 207 0116 0162     		str r1, [r0, # 0x20]
 208              	
 209              	spi_chushihua:
 210 0118 7948     		ldr r0, = 0x40013000
 211 011a 7A49     		ldr  r1, = 0x1708
 212 011c 4160     		str r1, [r0, # 0x04]
ARM GAS  1.s 			page 5


 213 011e 7A49     		ldr r1, = 0xc07c
 214 0120 0160     		str r1, [r0]
 215              		
 216              		
 217              	_adcchushihua:
 218 0122 7A48     		ldr r0, = 0x40012400  @ adc基地址
 219 0124 7A49     		ldr r1, = 0x80000000
 220 0126 8160     		str r1, [r0, # 0x08]  @ ADC 控制寄存器 (ADC_CR)  @adc校准
 221              	_dengadcjiaozhun:
 222 0128 8168     		ldr r1, [r0, # 0x08]
 223 012a 0900     		movs r1, r1
 224 012c FCD4     		bmi _dengadcjiaozhun   @ 等ADC校准
 225 012e 0121     		movs r1, # 1
 226 0130 0160     		str r1, [r0]
 227              	_kaiadc:
 228 0132 8168     		ldr r1, [r0, # 0x08]
 229 0134 0122     		movs r2, # 0x01
 230 0136 1143     		orrs r1, r1, r2
 231 0138 8160     		str r1, [r0, # 0x08]
 232              	_deng_adc_wen_ding:
 233 013a 0168     		ldr r1, [r0]
 234 013c C907     		lsls r1, r1, # 31
 235 013e FCD5     		bpl _deng_adc_wen_ding @ 等ADC稳定
 236              	_tongdaoxuanze:
 237 0140 7449     		ldr r1, = 0x40000000
 238 0142 0161     		str r1, [r0, # 0x10]
 239 0144 0321     		movs r1, # 0x03
 240 0146 8162     		str r1, [r0, # 0x28]    @ 通道选择寄存器 (ADC_CHSELR)
 241 0148 7349     		ldr r1, = 0x803
 242 014a C160     		str r1, [r0, # 0x0c]    @ 配置寄存器 1 (ADC_CFGR1)
 243 014c 0021     		movs r1, # 0
 244 014e 4161     		str r1, [r0, # 0x14]    @ ADC 采样时间寄存器 (ADC_SMPR)
 245 0150 8168     		ldr r1, [r0, # 0x08]
 246 0152 724A     		ldr r2, = 0x04         @ 开始转换
 247 0154 1143     		orrs r1, r1, r2
 248 0156 8160     		str r1, [r0, # 0x08]    @ 控制寄存器 (ADC_CR)
 249              	
 250              	dmachushihua:
 251              		@+0=LSR,+4=IFCR,
 252              		@+8=CCR1,+c=CNDTR1,+10=CPAR1+14=CMAR1,
 253              		@+1c=CCR2,+20=CNDTR2,+24=CPAR2,+28=CMAR2
 254              		@+30=CCR3,+34=CNDTR3,+38=CPAR2,+3c=CMAR3
 255              		@+44=CCR4,+48=CNDTR4,+4c=CPAR4,+50=CMAR4
 256              		@+58=CCR5,+5c=CNDTR5,+60=CPAR5,+64=CMAR5
 257              		@+6C=CCR6,+70=CNDTR6,+74=CPAR6,+78=CMAR6
 258              		@+80=CCR7,+84=CNDTR7,+88=CPAR7,+8c=CMAR7
 259              	
 260              		@tim1ch3DMA
 261 0158 7148     		ldr r0, = 0x40020000
 262 015a 7249     		ldr r1, = 0x40012c3c @ 外设地址
 263 015c 0166     		str r1, [r0, # 0x60]
 264 015e 7249     		ldr r1, = zheng_xian_biao @ 储存器地址
 265 0160 4166     		str r1, [r0, # 0x64]
 266 0162 5B49     		ldr r1, = 100             @点数
 267 0164 C165     		str r1, [r0, # 0x5c]
 268 0166 7149     		ldr r1, = 0x35b1         @ 储存到外设
 269 0168 8165     		str r1, [r0, # 0x58]
ARM GAS  1.s 			page 6


 270              		@ adc dma
 271 016a 6D48     		ldr r0, = 0x40020000
 272 016c 7049     		ldr r1, = 0x40012440
 273 016e 0161     		str r1, [r0, # 0x10]
 274 0170 7049     		ldr r1, = dianyabiao
 275 0172 4161     		str r1, [r0, # 0x14]
 276 0174 5649     		ldr r1, =  100
 277 0176 C160     		str r1, [r0, # 0x0c]
 278 0178 6F49     		ldr r1, = 0xaa1		@ 5a1
 279 017a 8160     		str r1, [r0, # 0x08]
 280              	
 281              	_systick:	@ systick定时器初始化
 282              	
 283 017c 6F4F     		ldr r7, = 0xe000e010
 284 017e 704E     		ldr r6, = 5600
 285 0180 7E60     		str r6, [r7, # 4]
 286 0182 BE60     		str r6, [r7, # 8]
 287 0184 0726     		movs r6, # 0x07
 288              	tim1chushiha:
 289 0186 6F48     		ldr r0, = 0x40012c00 @ tim1_cr1
 290 0188 0021     		movs r1, # 0
 291 018a 8162     		str r1, [r0, # 0x28] @ psc
 292 018c 6E49     		ldr r1, = 56
 293 018e C162     		str r1, [r0, # 0x2c] @ ARR
 294 0190 2021     		movs r1, # 0x20
 295 0192 4160     		str r1, [r0, # 0x04] @ TRGO
 296 0194 3821     		movs r1, # 0x38
 297 0196 8161     		str r1, [r0, # 0x18] @ ccmr1 cc1
 298 0198 3821     		movs r1, # 56
 299 019a 4163     		str r1, [r0, # 0x34]
 300 019c 6B49     		ldr r1, = 0x68
 301 019e C161     		str r1, [r0, # 0x1c] @ ccmr2  CC3
 302 01a0 6B49     		ldr r1, = 0x500    @  CC3
 303 01a2 0162     		str r1, [r0, # 0x20] @ ccer
 304 01a4 6B49     		ldr r1, = 0x8000
 305 01a6 4164     		str r1, [r0, # 0x44] @ BDTR
 306 01a8 6B49     		ldr r1, = 0x800 @ CC3 DMA
 307 01aa C160     		str r1, [r0, # 0x0c] @ DIER
 308 01ac 6B49     		ldr r1, = 0x81
 309 01ae 0160     		str r1, [r0]
 310 01b0 3E60     		str r6, [r7]	@systick 开
 311              		
 312              	
 313              		
 314              	ting:
 315              	
 316 01b2 FEE7     		b ting
 317              	
 318              	
 319              	__jisuan_zhuansu:
 320              		@角度差0.01秒
 321 01b4 0FB5     		push {r0-r3,lr}
 322 01b6 6A48     		ldr r0, = jiaodu_cha
 323 01b8 6A49     		ldr r1, = 18849555
 324 01ba 0068     		ldr r0, [r0]
 325 01bc 0000     		movs r0, r0
 326 01be 01D5     		bpl __suan_zhuansu
ARM GAS  1.s 			page 7


 327 01c0 C043     		mvns r0, r0
 328 01c2 0130     		adds r0, r0, # 1
 329              	__suan_zhuansu:	
 330 01c4 684A     		ldr r2, = 113097335
 331 01c6 00F0CAF9 		bl __chengfa
 332 01ca 00F0A4F9 		bl __chufa64
 333 01ce 674A     		ldr r2, = zhuansu
 334 01d0 1160     		str r1, [r2]
 335 01d2 0FBD     		pop {r0-r3,pc}
 336              	
 337              	__xiang_wei_xuan_zhuan:
 338 01d4 FCB5     		push {r2-r7,lr}
 339              		@R0=R,R1=I
 340 01d6 0346     		mov r3, r0
 341 01d8 0846     		mov r0, r1
 342 01da 654C     		ldr r4, = cos_jiaozheng         @cos
 343 01dc 654D     		ldr r5, = sin_jiaozheng         @sin
 344 01de 2468     		ldr r4, [r4]
 345 01e0 2D68     		ldr r5, [r5]
 346 01e2 2400     		movs r4, r4
 347 01e4 03D5     		bpl __xuan_zhuan_xiang_wei
 348 01e6 2646     		mov r6, r4
 349 01e8 2F46     		mov r7, r5
 350 01ea 3C46     		mov r4, r7
 351 01ec 3546     		mov r5, r6
 352              	__xuan_zhuan_xiang_wei:
 353 01ee 2646     		mov r6, r4
 354 01f0 2F46     		mov r7, r5
 355 01f2 5C43     		muls r4, r4, r3         @x*cos
 356 01f4 4643     		muls r6, r6, r0         @y*cos
 357 01f6 5D43     		muls r5, r5, r3         @x*sin
 358 01f8 4743     		muls r7, r7, r0         @y*sin
 359 01fa E413     		asrs r4, r4, # 15
 360 01fc ED13     		asrs r5, r5, # 15
 361 01fe F613     		asrs r6, r6, # 15
 362 0200 FF13     		asrs r7, r7, # 15
 363              	
 364 0202 E41B     		subs r4, r4, r7         @x
 365 0204 7619     		adds r6, r6, r5         @y
 366 0206 3146     		mov r1, r6		@i
 367 0208 2046     		mov r0, r4		@r
 368 020a FCBD     		pop {r2-r7,pc}
 369              	__cordic_cos_sin:
 370              		@入口R0
 371              		@出口R0=COS，R1=SIN
 372              		@ x= 0x4dba
 373              		@ r1=x,r2=y,r0=z,r4=d,r5=k,r6=cordic_mabiao
 374              	
 375 020c FCB5     		push {r2-r7,lr}
 376 020e 4246     		mov r2, r8
 377 0210 4B46     		mov r3, r9
 378 0212 0CB4     		push {r2-r3}
 379 0214 0025     		movs r5, # 0
 380 0216 2A46     		mov r2, r5
 381 0218 2C46     		mov r4, r5
 382 021a 5749     		ldr r1, = 0x4dba
 383              	cordicxunhuan:		 @ 循环
ARM GAS  1.s 			page 8


 384 021c C413     		asrs r4, r0, # 15
 385              		@ x
 386 021e 1746     		mov r7, r2
 387 0220 2A41     		asrs r2, r2, r5
 388 0222 6240     		eors r2, r2, r4
 389 0224 121B     		subs r2, r2, r4
 390 0226 8B1A     		subs r3, r1, r2
 391              		@ y
 392 0228 0E46     		mov r6, r1
 393 022a 2941     		asrs r1, r1, r5
 394 022c 6140     		eors r1, r1, r4
 395 022e 091B     		subs r1, r1, r4
 396 0230 7F18     		adds r7, r7, r1
 397              		@ z
 398 0232 524E     		ldr r6, = cordic_yong_atan_biao
 399 0234 AA00     		lsls r2, r5, # 2
 400 0236 B158     		ldr r1, [r6, r2]
 401 0238 6140     		eors r1, r1, r4
 402 023a 091B     		subs r1, r1, r4
 403 023c 401A     		subs r0, r0, r1
 404 023e 1946     		mov r1, r3
 405 0240 3A46     		mov r2, r7
 406 0242 0135     		adds r5, # 1
 407 0244 102D     		cmp r5, # 16
 408 0246 E9D1     		bne cordicxunhuan
 409 0248 1846     		mov r0, r3
 410 024a 3946     		mov r1, r7
 411 024c 0CBC     		pop {r2-r3}
 412 024e 9046     		mov r8, r2
 413 0250 9946     		mov r9, r3
 414 0252 FCBD     		pop {r2-r7,pc}
 415              	__atan2_ji_suan:
 416              		@入口R0=实部，R1=虚部，结果=R0
 417 0254 FCB5     		push {r2-r7,lr}
 418 0256 4246     		mov r2, r8
 419 0258 04B4     		push {r2}
 420 025a 494B     		ldr r3, = cordic_yong_cos_sin
 421 025c 0A22     		movs r2, # 10
 422 025e 5043     		muls r0, r0, r2
 423 0260 5143     		muls r1, r1, r2
 424 0262 0022     		movs r2, # 0
 425 0264 9046     		mov r8, r2
 426 0266 474C     		ldr r4, = 9000
 427 0268 E403     		lsls r4, r4, # 15
 428              	__cordic_atan2_xun_huan:
 429              	__du_cos_sin:
 430 026a 1D68     		ldr r5, [r3]	@cos
 431 026c 0433     		adds r3, r3, # 4
 432 026e 2F46     		mov r7, r5
 433 0270 1E68     		ldr r6, [r3]	@sin
 434 0272 0433     		adds r3, r3, # 4
 435 0274 3246     		mov r2, r6
 436 0276 4543     		muls r5, r5, r0         @x*cos
 437 0278 4243     		muls r2, r2, r0         @x*sin
 438 027a 4E43     		muls r6, r6, r1         @y*sin
 439 027c 4F43     		muls r7, r7, r1         @y*cos
 440 027e 0900     		movs r1, r1
ARM GAS  1.s 			page 9


 441 0280 05D5     		bpl __ni_shi_zhen_zhuan
 442              	__shun_shi_zhen_zhuan:
 443 0282 AD1B     		subs r5, r5, r6
 444 0284 BF18     		adds r7, r7, r2
 445 0286 4646     		mov r6, r8
 446 0288 3619     		adds r6, r6, r4
 447 028a B046     		mov r8, r6
 448 028c 04E0     		b __xuan_zhuan_wan
 449              	__ni_shi_zhen_zhuan:
 450 028e AD19     		adds r5, r5, r6
 451 0290 BF1A     		subs r7, r7, r2
 452 0292 4646     		mov r6, r8
 453 0294 361B     		subs r6, r6, r4
 454 0296 B046     		mov r8, r6
 455              	__xuan_zhuan_wan:
 456 0298 394E     		ldr r6, = cordic_yong_cos_sin
 457 029a 2022     		movs r2, # 32
 458 029c 9200     		lsls r2, r2, # 2
 459 029e B618     		adds r6, r6, r2
 460 02a0 AD13     		asrs r5, r5, # 14
 461 02a2 BF13     		asrs r7, r7, # 14
 462 02a4 2846     		mov r0, r5
 463 02a6 3946     		mov r1, r7
 464 02a8 6408     		lsrs r4, r4, # 1	@旋转
 465 02aa B342     		cmp r3,	r6
 466 02ac DDD1     		bne __cordic_atan2_xun_huan
 467 02ae 4046     		mov r0, r8
 468 02b0 C043     		mvns r0, r0
 469 02b2 0130     		adds r0, r0, # 1
 470 02b4 C013     		asrs r0, r0, # 15      @除32768等于角度
 471 02b6 04BC     		pop {r2}
 472 02b8 9046     		mov r8, r2
 473 02ba FCBD     		pop {r2-r7,pc}
 474 02bc 00200240 		.ltorg
 474      00100240 
 474      01000100 
 474      02001500 
 474      00000101 
 475              	
 476              	
 477              		
 478              	__xiangwei_jiaozheng:
 479 0388 3FB5     		push {r0-r5,lr}
 480 038a 4448     		ldr r0, = jiaodu_jiaozheng
 481 038c 4449     		ldr r1, = 9000
 482 038e 0068     		ldr r0, [r0]
 483 0390 444A     		ldr r2, = 51471
 484 0392 0000     		movs r0, r0
 485 0394 02D5     		bpl __jiaozheng_jiaodu_bushi0
 486 0396 C043     		mvns r0, r0
 487 0398 0130     		adds r0, r0, # 1
 488 039a 0124     		movs r4, # 1
 489              	__jiaozheng_jiaodu_bushi0:
 490 039c 0024     		movs r4, # 0
 491 039e 424D     		ldr r5, = 10000
 492 03a0 6843     		muls r0, r0, r5
 493 03a2 00F0A5F8 		bl _chufa
ARM GAS  1.s 			page 10


 494 03a6 5043     		muls r0, r0, r2
 495 03a8 2946     		mov r1, r5
 496 03aa 00F0A1F8 		bl _chufa
 497 03ae 012C     		cmp r4, # 1
 498 03b0 01D1     		bne __suan_cos_sin
 499 03b2 C043     		mvns r0, r0
 500 03b4 0130     		adds r0, r0, # 1
 501              	__suan_cos_sin:
 502 03b6 FFF729FF 		bl __cordic_cos_sin
 503 03ba 3C4A     		ldr r2, = cos_jiaozheng
 504 03bc 3C4B     		ldr r3, = sin_jiaozheng
 505 03be 1060     		str r0, [r2]
 506 03c0 1960     		str r1, [r3]
 507 03c2 3FBD     		pop {r0-r5,pc}
 508              	
 509              	
 510              	__chuan_gan_qi_lvbo:
 511 03c4 FCB5     		push {r2-r7,lr}
 512 03c6 3B48     		ldr r0, = 0x20000174 @sin_zheng
 513 03c8 3B49     		ldr r1, = 0x2000023c @sin_fu
 514 03ca 3C4B     		ldr r3, = 0x20000170 @cos_zheng
 515 03cc 3C4A     		ldr r2, = 0x20000238 @cos_fu
 516 03ce 0468     		ldr r4, [r0]
 517 03d0 0D68     		ldr r5, [r1]
 518 03d2 1668     		ldr r6, [r2]
 519 03d4 1F68     		ldr r7, [r3]
 520 03d6 3B4A     		ldr r2, = guoling
 521 03d8 641B     		subs r4, r4, r5
 522 03da F61B     		subs r6, r6, r7
 523 03dc 1368     		ldr r3, [r2]
 524 03de 2400     		movs r4, r4
 525 03e0 02D5     		bpl __zheng
 526              	__fan:
 527 03e2 0021     		movs r1, # 0
 528 03e4 1160     		str r1, [r2]
 529 03e6 01E0     		b __guo_ling_jian_ce
 530              	__zheng:
 531 03e8 0121     		movs r1, # 1
 532 03ea 1160     		str r1, [r2]
 533              	__guo_ling_jian_ce:
 534 03ec 364A     		ldr r2, = jiaodu
 535 03ee 2B48     		ldr r0, = jiaodu_jiaozheng
 536 03f0 1268     		ldr r2, [r2]
 537 03f2 C91A     		subs r1, r1, r3
 538 03f4 06D4     		bmi __zheng_90
 539 03f6 10D0     		beq __xiangwei
 540              	__fu_90:
 541 03f8 0FE0     		b __xiangwei
 542 03fa 1200     		movs r2, r2
 543 03fc 0DD5     		bpl __xiangwei
 544 03fe 3349     		ldr r1, = -9000
 545 0400 891A     		subs r1, r1, r2
 546 0402 07E0     		b __baocun_jiaozheng
 547              	__zheng_90:
 548 0404 3600     		movs r6, r6
 549 0406 08D4     		bmi __xiangwei
 550 0408 2400     		movs r4, r4
ARM GAS  1.s 			page 11


 551 040a 06D5     		bpl __xiangwei
 552 040c 304F     		ldr r7, = guoling_jishu
 553 040e 3A60     		str r2, [r7]
 554 0410 2349     		ldr r1, = 9000
 555 0412 511A     		subs r1, r2, r1
 556              	__baocun_jiaozheng:
 557 0414 0160     		str r1, [r0]
 558 0416 FFF7B7FF 		bl __xiangwei_jiaozheng
 559              	__xiangwei:
 560              		
 561              	__lv_bo:
 562 041a 3346     		mov r3, r6
 563 041c 2D4A     		ldr r2, = lvboqizhizhen
 564 041e 2E48     		ldr r0, =lvboqihuanchong
 565 0420 2E49     		ldr r1, = 128
 566 0422 00F012F8 		bl _lvboqi
 567 0426 2346     		mov r3, r4
 568 0428 0646     		mov r6, r0
 569 042a 2D4A     		ldr r2, = lvboqizhizhen1
 570 042c 2D48     		ldr r0, = lvboqihuanchong1
 571 042e 2B49     		ldr r1, = 128
 572 0430 00F00BF8 		bl _lvboqi
 573 0434 3146     		mov r1, r6
 574 0436 0446     		mov r4, r0
 575 0438 FFF7CCFE 		bl __xiang_wei_xuan_zhuan
 576 043c 2A4F     		ldr r7, = cos1
 577 043e 2B4D     		ldr r5, = sin1
 578 0440 3860     		str r0, [r7]
 579 0442 2960     		str r1, [r5]
 580 0444 3146     		mov r1, r6
 581 0446 2046     		mov r0, r4
 582 0448 FCBD     		pop {r2-r7,pc}
 583              	
 584              	
 585              	_lvboqi:
 586              		@滤波器
 587              		@R0=地址，R1=长度,r2=表指针地址,r3=ADC数值
 588              		@出R0=结果
 589 044a FEB5     		push {r1-r7,lr}
 590 044c 1568     		ldr r5, [r2]		@读出表指针
 591 044e 8E00     		lsls r6, r1, # 2
 592 0450 4351     		str r3, [r0, r5]	@数值写到滤波器缓冲区
 593 0452 0435     		adds r5, r5, # 4
 594 0454 B542     		cmp r5, r6
 595 0456 00D1     		bne _lvboqimeidaohuanchongquding
 596 0458 0025     		movs r5, # 0
 597              	_lvboqimeidaohuanchongquding:
 598 045a 1560     		str r5, [r2]
 599 045c 0027     		movs r7, # 0
 600              	_lvboqixunhuan:
 601 045e B542     		cmp r5, r6
 602 0460 00D1     		bne _lvbozonghe
 603 0462 0025     		movs r5, # 0
 604              	_lvbozonghe:
 605 0464 4459     		ldr r4, [r0, r5]
 606 0466 0435     		adds r5, r5, # 4
 607 0468 3F19     		adds r7, r7, r4
ARM GAS  1.s 			page 12


 608 046a 0139     		subs r1, r1, # 1
 609 046c F7D1     		bne _lvboqixunhuan
 610 046e F811     		asrs r0, r7, # 7	@修改
 611 0470 FEBD     		pop {r1-r7,pc}
 612              	
 613              	_lvboqi1:
 614              		@滤波器
 615              		@R0=地址，R1=长度,r2=表指针地址,r3=ADC数值
 616              		@出R0=结果
 617 0472 FEB5     		push {r1-r7,lr}
 618 0474 1568     		ldr r5, [r2]            @读出表指针
 619 0476 4E00     		lsls r6, r1, # 1
 620 0478 4353     		strh r3, [r0, r5]        @数值写到滤波器缓冲区
 621 047a 0235     		adds r5, r5, # 2
 622 047c B542     		cmp r5, r6
 623 047e 00D1     		bne _lvboqimeidaohuanchongquding1
 624 0480 0025     		movs r5, # 0
 625              	_lvboqimeidaohuanchongquding1:
 626 0482 1560     		str r5, [r2]
 627 0484 0027     		movs r7, # 0
 628              	_lvboqixunhuan1:
 629 0486 B542     		cmp r5, r6
 630 0488 00D1     		bne _lvbozonghe1
 631 048a 0025     		movs r5, # 0
 632              	_lvbozonghe1:
 633 048c 445B     		ldrh r4, [r0, r5]
 634 048e 0235     		adds r5, r5, # 2
 635 0490 3F19     		adds r7, r7, r4
 636 0492 0139     		subs r1, r1, # 1
 637 0494 F7D1     		bne _lvboqixunhuan1
 638 0496 7812     		asrs r0, r7, # 9        @修改
 639 0498 FEBD     		pop {r1-r7,pc}
 640              		
 641 049a 0000E800 		.ltorg
 641      00202823 
 641      00000FC9 
 641      00001027 
 641      0000E000 
 642              	
 643              	_chufa:				@软件除法
 644              		@ r0 除以 r1 等于 商(r0)
 645 04f0 1EB5     		push {r1-r4,lr}
 646 04f2 0028     		cmp r0, # 0
 647 04f4 0ED0     		beq _chufafanhui
 648 04f6 0029     		cmp r1, # 0
 649 04f8 0CD0     		beq _chufafanhui
 650 04fa 0246     		mov r2, r0
 651 04fc 0123     		movs r3, # 1
 652 04fe DB07     		lsls r3, r3, # 31
 653 0500 0020     		movs r0, # 0
 654 0502 0446     		mov r4, r0
 655              	_chufaxunhuan:
 656 0504 5200     		lsls r2, r2, # 1
 657 0506 6441     		adcs r4, r4, r4
 658 0508 8C42     		cmp r4, r1
 659 050a 01D3     		bcc _chufaweishubudao0
 660 050c C018     		adds r0, r0, r3
ARM GAS  1.s 			page 13


 661 050e 641A     		subs r4, r4, r1
 662              	_chufaweishubudao0:
 663 0510 5B08     		lsrs r3, r3, # 1
 664 0512 F7D1     		bne _chufaxunhuan
 665              	_chufafanhui:
 666 0514 1EBD     		pop {r1-r4,pc}
 667              	__chufa64:
 668              		@64位除32位
 669              		@ （R0=高32位R1=低32位）除（R2)= （R0高32）（R1低32）
 670 0516 F8B5     		push {r3-r7,lr}
 671 0518 002A     		cmp r2, # 0
 672 051a 1DD0     		beq __chu_fa64_fan_hui0
 673 051c 0029     		cmp r1, # 0
 674 051e 01D1     		bne __chu_fa64_ji_suan
 675 0520 0028     		cmp r0, # 0
 676 0522 19D0     		beq __chu_fa64_fan_hui0
 677              	__chu_fa64_ji_suan:
 678 0524 0024     		movs r4, # 0
 679 0526 2746     		mov r7, r4
 680 0528 2346     		mov r3, r4
 681 052a 2546     		mov r5, r4
 682 052c 0126     		movs r6, # 1
 683 052e F607     		lsls r6, r6, # 31
 684              	__chu_fa64_xun_huan:
 685 0530 4900     		lsls r1, r1, # 1
 686 0532 4041     		adcs r0, r0, r0
 687 0534 6441     		adcs r4, r4, r4
 688 0536 9442     		cmp r4, r2
 689 0538 02D3     		bcc __chu_fa_yi_wei
 690 053a 9B19     		adds r3, r3, r6
 691 053c 7D41     		adcs r5, r5, r7
 692 053e A41A     		subs r4, r4, r2
 693              	__chu_fa_yi_wei:
 694 0540 3600     		movs r6, r6
 695 0542 04D0     		beq __di_yi_wei
 696 0544 7608     		lsrs r6, r6, # 1        @高32位移位
 697 0546 F3D1     		bne __chu_fa64_xun_huan
 698 0548 0127     		movs r7, # 1
 699 054a FF07     		lsls r7, r7, # 31
 700 054c F0E7     		b __chu_fa64_xun_huan
 701              	__di_yi_wei:	            @低32位移位
 702 054e 7F08     		lsrs r7, r7, # 1
 703 0550 EED1     		bne __chu_fa64_xun_huan
 704 0552 1846     		mov r0, r3
 705 0554 2946     		mov r1, r5
 706 0556 F8BD     		pop {r3-r7,pc}
 707              	__chu_fa64_fan_hui0:
 708 0558 0020     		movs r0, # 0
 709 055a 0021     		movs r1, # 0
 710 055c F8BD     		pop {r3-r7,pc}
 711              	__chengfa:
 712              		@入R0 乘以 R1
 713              		@出 R0高32 ， R1低32
 714              		@0xffffffff*0xffffffff
 715              		@4        F F F E 0 0 0 1			@4
 716              		@3                F F F E 0 0 0 1		@3
 717              		@2                F F F E 0 0 0 1		@2
ARM GAS  1.s 			page 14


 718              		@1                        F F F E 0 0 0 1	@1
 719              		@         F F F F F F F E 0 0 0 0 0 0 0 1
 720 055e FCB5     		push {r2-r7,lr}
 721 0560 0028     		cmp r0, # 0
 722 0562 1ED0     		beq __cheng_fa_fan_hui
 723 0564 0029     		cmp r1, # 0
 724 0566 1CD0     		beq __cheng_fa_fan_hui
 725              	__ji_suan_cheng_fa:
 726 0568 0246     		mov r2, r0
 727 056a 0B46     		mov r3, r1
 728 056c 000C     		lsrs r0, r0, # 16	@高16
 729 056e 1204     		lsls r2, r2, # 16	@ 低16
 730 0570 120C     		lsrs r2, r2, # 16
 731 0572 090C     		lsrs r1, r1, # 16	@高16
 732 0574 1B04     		lsls r3, r3, # 16	@低16
 733 0576 1B0C     		lsrs r3, r3, # 16
 734 0578 1446     		mov r4, r2
 735 057a 0546     		mov r5, r0
 736 057c 5A43     		muls r2, r2, r3		@1
 737 057e 5843     		muls r0, r0, r3		@2
 738 0580 4C43     		muls r4, r4, r1		@3
 739 0582 4D43     		muls r5, r5, r1		@4
 740 0584 0646     		mov r6, r0
 741 0586 2746     		mov r7, r4
 742 0588 0004     		lsls r0, r0, # 16	@2低32
 743 058a 2404     		lsls r4, r4, # 16	@3低32
 744 058c 360C     		lsrs r6, r6, # 16	@2高32
 745 058e 3F0C     		lsrs r7, r7, # 16	@3高32
 746 0590 0021     		movs r1, # 0
 747 0592 1218     		adds r2, r2, r0		@低32
 748 0594 4E41     		adcs r6, r6, r1		@高32
 749 0596 1219     		adds r2, r2, r4
 750 0598 7E41     		adcs r6, r6, r7
 751 059a 7619     		adds r6, r6, r5
 752 059c 3046     		mov r0, r6
 753 059e 1146     		mov r1, r2
 754 05a0 FCBD     		pop {r2-r7,pc}
 755              	__cheng_fa_fan_hui:
 756 05a2 0020     		movs r0, # 0
 757 05a4 0021     		movs r1, # 0
 758 05a6 FCBD     		pop {r2-r7,pc}
 759              	__dai_yu_shu_chufa:	                         @软件除法
 760              		@ r0 除以 r1 等于 商(r0)余R1
 761 05a8 1CB5     		push {r2-r4,lr}
 762 05aa 0028     		cmp r0, # 0
 763 05ac 0ED0     		beq __dai_yu_shu_chufafanhui
 764 05ae 0029     		cmp r1, # 0
 765 05b0 0CD0     		beq __dai_yu_shu_chufafanhui
 766 05b2 0246     		mov r2, r0
 767 05b4 0123     		movs r3, # 1
 768 05b6 DB07     		lsls r3, r3, # 31
 769 05b8 0020     		movs r0, # 0
 770 05ba 0446     		mov r4, r0
 771              	__dai_yu_shu_chufaxunhuan:
 772 05bc 5200     		lsls r2, r2, # 1
 773 05be 6441     		adcs r4, r4, r4
 774 05c0 8C42     		cmp r4, r1
ARM GAS  1.s 			page 15


 775 05c2 01D3     		bcc __dai_yu_shu_chufaweishubudao0
 776 05c4 C018     		adds r0, r0, r3
 777 05c6 641A     		subs r4, r4, r1
 778              	__dai_yu_shu_chufaweishubudao0:
 779 05c8 5B08     		lsrs r3, r3, # 1
 780 05ca F7D1     		bne __dai_yu_shu_chufaxunhuan
 781              	__dai_yu_shu_chufafanhui:
 782 05cc 1CBD     		        pop {r2-r4,pc}
 783              	_nmi_handler:
 784 05ce 7047     		bx lr
 785              	_hard_fault:
 786 05d0 7047     		bx lr
 787              	_svc_handler:
 788 05d2 7047     		bx lr
 789              	_pendsv_handler:
 790 05d4 7047     		bx lr
 791              	_systickzhongduan:
 792 05d6 FFB5     		push {r0-r7,lr}
 793 05d8 0A48     		ldr r0, = 0xe0000d04
 794 05da 0B49     		ldr r1, = 0x02000000
 795 05dc 0160     		str r1, [r0]                 @ 清除SYSTICK中断
 796 05de FFF7F1FE 		bl __chuan_gan_qi_lvbo
 797 05e2 0A4A     		ldr r2, = cos
 798 05e4 0A4B     		ldr r3, = sin
 799 05e6 1060     		str r0, [r2]		@r
 800 05e8 1960     		str r1, [r3]		@i
 801 05ea FFF733FE 		bl __atan2_ji_suan
 802 05ee 094C     		ldr r4, = jiaodu
 803 05f0 2060     		str r0, [r4]
 804              	
 805 05f2 0948     		ldr r0, = cos1
 806 05f4 0949     		ldr r1, = sin1
 807 05f6 0068     		ldr r0, [r0]
 808 05f8 0968     		ldr r1, [r1]
 809 05fa FFF72BFE 		bl __atan2_ji_suan
 810              			
 811 05fe FFBD     		pop {r0-r7,pc}
 812              	aaa:
 813 0600 7047     		bx lr
 814 0602 0000040D 		.ltorg
 814      00E00000 
 814      0002B800 
 814      0020BC00 
 814      0020F000 
 815              		.end
ARM GAS  1.s 			page 16


DEFINED SYMBOLS
                 1.s:9      .data:0000000000000000 yjmwxwx
                 1.s:11     .data:0000000000000010 $d
                 1.s:12     .data:0000000000000010 zheng_xian_biao
                 1.s:15     .data:00000000000000e0 cordic_yong_cos_sin
                 1.s:17     .data:0000000000000160 cordic_yong_atan_biao
                 1.s:20     *ABS*:0000000020001000 STACKINIT
                 1.s:21     *ABS*:00000000200000a8 guoling_jishu
                 1.s:22     *ABS*:00000000200000ac jiaodu2
                 1.s:23     *ABS*:00000000200000b0 zhuansu
                 1.s:24     *ABS*:00000000200000b4 jishu
                 1.s:25     *ABS*:00000000200000b8 cos
                 1.s:26     *ABS*:00000000200000bc sin
                 1.s:27     *ABS*:00000000200000c0 cos1
                 1.s:28     *ABS*:00000000200000c4 sin1
                 1.s:29     *ABS*:00000000200000c8 jiaodu_cha
                 1.s:30     *ABS*:00000000200000cc jiaodu_1
                 1.s:31     *ABS*:00000000200000e0 cos_jiaozheng
                 1.s:32     *ABS*:00000000200000e4 sin_jiaozheng
                 1.s:33     *ABS*:00000000200000e8 jiaodu_jiaozheng
                 1.s:34     *ABS*:00000000200000ec guoling
                 1.s:35     *ABS*:00000000200000f0 jiaodu
                 1.s:36     *ABS*:00000000200000f4 sin_zheng
                 1.s:37     *ABS*:00000000200000f8 sin_fu
                 1.s:38     *ABS*:00000000200000fc liangcheng
                 1.s:39     *ABS*:0000000020000100 dianyabiao
                 1.s:40     *ABS*:0000000020000300 lvboqizhizhen
                 1.s:41     *ABS*:0000000020000304 lvboqihuanchong
                 1.s:42     *ABS*:0000000020000900 lvboqizhizhen1
                 1.s:43     *ABS*:0000000020000904 lvboqihuanchong1
                 1.s:44     *ABS*:0000000020000a10 lvboqizhizhen2
                 1.s:45     *ABS*:0000000020000a14 lvboqihuanchong2
                 1.s:47     .text:0000000000000000 vectors
                 1.s:93     .text:00000000000000b0 _start
                 1.s:783    .text:00000000000005ce _nmi_handler
                 1.s:785    .text:00000000000005d0 _hard_fault
                 1.s:787    .text:00000000000005d2 _svc_handler
                 1.s:789    .text:00000000000005d4 _pendsv_handler
                 1.s:791    .text:00000000000005d6 _systickzhongduan
                 1.s:812    .text:0000000000000600 aaa
                            .text:0000000000000000 $d
                 1.s:92     .text:00000000000000b0 $t
                 1.s:94     .text:00000000000000b0 shizhong
                 1.s:101    .text:00000000000000bc denghse
                 1.s:105    .text:00000000000000c2 dengpllguan
                 1.s:117    .text:00000000000000d6 dengpll
                 1.s:126    .text:00000000000000e0 _waisheshizhong
                 1.s:143    .text:00000000000000ee _neicunqingling
                 1.s:147    .text:00000000000000f4 _neicunqinglingxunhuan
                 1.s:152    .text:00000000000000fa _waishezhongduan
                 1.s:173    .text:0000000000000100 io_she_zhi
                 1.s:209    .text:0000000000000118 spi_chushihua
                 1.s:217    .text:0000000000000122 _adcchushihua
                 1.s:221    .text:0000000000000128 _dengadcjiaozhun
                 1.s:227    .text:0000000000000132 _kaiadc
                 1.s:232    .text:000000000000013a _deng_adc_wen_ding
                 1.s:236    .text:0000000000000140 _tongdaoxuanze
ARM GAS  1.s 			page 17


                 1.s:250    .text:0000000000000158 dmachushihua
                 1.s:281    .text:000000000000017c _systick
                 1.s:288    .text:0000000000000186 tim1chushiha
                 1.s:314    .text:00000000000001b2 ting
                 1.s:319    .text:00000000000001b4 __jisuan_zhuansu
                 1.s:329    .text:00000000000001c4 __suan_zhuansu
                 1.s:711    .text:000000000000055e __chengfa
                 1.s:667    .text:0000000000000516 __chufa64
                 1.s:337    .text:00000000000001d4 __xiang_wei_xuan_zhuan
                 1.s:352    .text:00000000000001ee __xuan_zhuan_xiang_wei
                 1.s:369    .text:000000000000020c __cordic_cos_sin
                 1.s:383    .text:000000000000021c cordicxunhuan
                 1.s:415    .text:0000000000000254 __atan2_ji_suan
                 1.s:428    .text:000000000000026a __cordic_atan2_xun_huan
                 1.s:429    .text:000000000000026a __du_cos_sin
                 1.s:449    .text:000000000000028e __ni_shi_zhen_zhuan
                 1.s:442    .text:0000000000000282 __shun_shi_zhen_zhuan
                 1.s:455    .text:0000000000000298 __xuan_zhuan_wan
                 1.s:474    .text:00000000000002bc $d
                 1.s:478    .text:0000000000000388 __xiangwei_jiaozheng
                 1.s:479    .text:0000000000000388 $t
                 1.s:489    .text:000000000000039c __jiaozheng_jiaodu_bushi0
                 1.s:643    .text:00000000000004f0 _chufa
                 1.s:501    .text:00000000000003b6 __suan_cos_sin
                 1.s:510    .text:00000000000003c4 __chuan_gan_qi_lvbo
                 1.s:530    .text:00000000000003e8 __zheng
                 1.s:526    .text:00000000000003e2 __fan
                 1.s:533    .text:00000000000003ec __guo_ling_jian_ce
                 1.s:547    .text:0000000000000404 __zheng_90
                 1.s:559    .text:000000000000041a __xiangwei
                 1.s:540    .text:00000000000003f8 __fu_90
                 1.s:556    .text:0000000000000414 __baocun_jiaozheng
                 1.s:561    .text:000000000000041a __lv_bo
                 1.s:585    .text:000000000000044a _lvboqi
                 1.s:597    .text:000000000000045a _lvboqimeidaohuanchongquding
                 1.s:600    .text:000000000000045e _lvboqixunhuan
                 1.s:604    .text:0000000000000464 _lvbozonghe
                 1.s:613    .text:0000000000000472 _lvboqi1
                 1.s:625    .text:0000000000000482 _lvboqimeidaohuanchongquding1
                 1.s:628    .text:0000000000000486 _lvboqixunhuan1
                 1.s:632    .text:000000000000048c _lvbozonghe1
                 1.s:641    .text:000000000000049a $d
                 1.s:641    .text:000000000000049c $d
                 1.s:645    .text:00000000000004f0 $t
                 1.s:665    .text:0000000000000514 _chufafanhui
                 1.s:655    .text:0000000000000504 _chufaxunhuan
                 1.s:662    .text:0000000000000510 _chufaweishubudao0
                 1.s:707    .text:0000000000000558 __chu_fa64_fan_hui0
                 1.s:677    .text:0000000000000524 __chu_fa64_ji_suan
                 1.s:684    .text:0000000000000530 __chu_fa64_xun_huan
                 1.s:693    .text:0000000000000540 __chu_fa_yi_wei
                 1.s:701    .text:000000000000054e __di_yi_wei
                 1.s:755    .text:00000000000005a2 __cheng_fa_fan_hui
                 1.s:725    .text:0000000000000568 __ji_suan_cheng_fa
                 1.s:759    .text:00000000000005a8 __dai_yu_shu_chufa
                 1.s:781    .text:00000000000005cc __dai_yu_shu_chufafanhui
                 1.s:771    .text:00000000000005bc __dai_yu_shu_chufaxunhuan
ARM GAS  1.s 			page 18


                 1.s:778    .text:00000000000005c8 __dai_yu_shu_chufaweishubudao0
                 1.s:814    .text:0000000000000602 $d
                 1.s:814    .text:0000000000000604 $d

NO UNDEFINED SYMBOLS
