ARM GAS  1.s 			page 1


   1              	@ stm32f030f4p6 asm 
   2              	@ ADC测量热敏电阻
   3              		 .thumb                 
   4              	         .syntax unified
   5              	.section .data
   6              		.equ fjiesuo,           0x1fffef62
   7              		.equ ojiesuo,           0x1fffef6e
   8              		.equ quanca,            0x1fffeff8
   9              		.equ yeca,              0x1fffefda
  10              		.equ zica,              0x1ffff020
  11              		.equ xieflash,          0x1fffef9a
  12              		.equ zixie,             0x1ffff048
  13              		.equ xiebaohu,          0x1ffff0a6
  14              		.equ jiancedubaohu,     0x1ffff124
  15              		.equ flashmang,         0x1fffef7a
  16              	        .equ STACKINIT,         0x20001000
  17              		.equ shumaguanma,	0x20000000
  18              		.equ anjianma,		0x20000020
  19              		.equ mubiaowendu,	0x20000024
  20              		.equ dangqianwendu,	0x20000028
  21              		.equ dangqianchan,      0x2000002c
  22              		.equ shangcichan,       0x20000030
  23              		.equ ilishi,		0x20000034
  24              		.equ kp,		0x20000038
  25              		.equ ki,		0x2000003c
  26              		.equ kd,		0x20000040
  27              		
  28              	shumaguanmabiao:
  29 0000 FC000000 		.int 0xfc,0x60,0xda,0xf2,0x66,0xb6,0xbe,0xe0,0xfe,0xf6
  29      60000000 
  29      DA000000 
  29      F2000000 
  29      66000000 
  30              	shumaguanshuaxinbiao:
  31 0028 00FE0000 		.int 0xfe00,0xfd00,0xfb00,0xf700,0xef00,0xdf00,0xbf00,0x7f00,0
  31      00FD0000 
  31      00FB0000 
  31      00F70000 
  31      00EF0000 
  32              	wendubiao:
  33 004c D8090000 		.int 2520,2500,2460,2430,2410,2370,2340,2310,2260,2230,2200,2160,2130,2090,2050,2010,1980,1940,191
  33      C4090000 
  33      9C090000 
  33      7E090000 
  33      6A090000 
  34              		.align 2
  35              	anjian:
  36 022c 15010000 		.word _caidan1 + 1,_anjian2 + 1, _anjian3 + 1, shiyan + 1
  36      55010000 
  36      67010000 
  36      A7000000 
  37              	pshezhi:
  38 023c 1D010000 		.word _caidan2 +1, _anjian4 +1, _anjian5 +1, _caidan1 +1
  38      79010000 
  38      8B010000 
  38      15010000 
  39              	ishezhi:
ARM GAS  1.s 			page 2


  40 024c 23010000 		.word _caidan3 +1, _anjian6 +1, _anjian7 +1, _caidan2 +1
  40      9D010000 
  40      AF010000 
  40      1D010000 
  41              	dshezhi:
  42 025c 29010000 		.word _baocun +1, _anjian8 +1, _anjian9 +1, _caidan3 +1
  42      C1010000 
  42      D3010000 
  42      23010000 
  43              		
  44              	.section .text
  45              	vectors:        
  46 0000 00100020 	        .word STACKINIT         
  47 0004 1D000000 	        .word _start + 1        
  48 0008 45030000 	        .word _nmi_handler + 1  
  49 000c 47030000 	        .word _hard_fault  + 1  
  50 0010 49030000 	        .word _memory_fault + 1 
  51 0014 4B030000 	        .word _bus_fault + 1    
  52 0018 4D030000 	        .word _usage_fault + 1 
  53              	
  54              	_start:
  55              	shizhong:
  56 001c CC4A     		ldr r2, = 0x40022000   @FLASH访问控制
  57 001e 3221     		movs r1, # 0x32
  58 0020 1160     		str r1, [r2]
  59 0022 CC48     		ldr r0, = 0x40021000 @ rcc
  60              		@0x34时钟控制寄存器 2 (RCC_CR2)
  61 0024 0121     		movs r1, # 0x01
  62 0026 4163     		str r1, [r0, # 0x34]  @ HSI开14M时钟
  63              	dengdai14mshizhongwending:
  64 0028 416B     		ldr r1, [r0, # 0x34]
  65 002a 8907     		lsls r1, r1, # 30     @ 左移30位
  66 002c FCD5     		bpl dengdai14mshizhongwending  @ 等待14M时钟稳定
  67              	
  68              	neicunqingling:
  69 002e CA48     		ldr r0, = 0x20000000
  70 0030 0021     		movs r1, # 0
  71 0032 CA4B     		ldr r3, = 0x1000
  72              	neicunqinglingxunhuan:
  73 0034 043B     		subs r3, # 4
  74 0036 C150     		str r1, [r0, r3]
  75 0038 FCD1     		bne neicunqinglingxunhuan
  76              		
  77              	waisheshizhong:	 @ 外设时钟  
  78              		@+0x14=RCC_AHBENR
  79              		@0=DMA @2=SRAM @4=FLITF @6=CRC @17=PA @18=PB @19=PC @20=PD @22=PF
  80 003a C648     		ldr r0, = 0x40021000
  81 003c C849     		ldr r1, = 0x460005
  82 003e 4161     		str r1, [r0, # 0x14]
  83              	           
  84              		@+0x18外设时钟使能寄存器 (RCC_APB2ENR)
  85              		@0=SYSCFG @5=USART6EN @9=ADC @11=TIM1 @12=SPI1 @14=USART1 @16=TIM15 @17=TIM16 @18=TIM17 @22=DBGMCU
  86 0040 C849     		ldr r1, = 0x200
  87 0042 8161     		str r1, [r0, # 0x18]
  88              		@+0X1C=RCC_APB1ENR
  89              		@1=TIM3 @4=TIM6 @5=TIM7 @8=TIM14 @11=WWDG @14=SPI @17=USRT2 @18=USART3 @20=USART5 @21=I2C1 @22=I2C
  90 0044 C849     		ldr r1, = 0x100
ARM GAS  1.s 			page 3


  91 0046 C161     		str r1, [r0, # 0x1c]
  92              		
  93              	adcchushihua:
  94 0048 C848     		ldr r0, = 0x40012400  @ adc基地址
  95 004a C949     		ldr r1, = 0x80000000
  96 004c 8160     		str r1, [r0, # 0x08]  @ ADC 控制寄存器 (ADC_CR)  @adc校准
  97              	dengadcjiaozhun:
  98 004e 8168     		ldr r1, [r0, # 0x08]
  99 0050 0900     		 movs r1, r1
 100 0052 FCD4     		bmi dengadcjiaozhun   @ 等ADC校准
 101              	kaiadc:
 102 0054 8168     		ldr r1, [r0, # 0x08]
 103 0056 0122     		movs r2, # 0x01
 104 0058 1143     		orrs r1, r1, r2
 105 005a 8160     		str r1, [r0, # 0x08]
 106              	dengdaiadcwending:
 107 005c 0168     		ldr r1, [r0]
 108 005e C907     		lsls r1, r1, # 31
 109 0060 FCD5     		bpl dengdaiadcwending @ 等ADC稳定
 110              	tongdaoxuanze:
 111 0062 0121     		ldr r1, = 0x01
 112 0064 8162     		str r1, [r0, # 0x28]    @ 通道选择寄存器 (ADC_CHSELR)
 113 0066 C349     		ldr r1, = 0x2000        @ 13 连续转换
 114 0068 C160     		str r1, [r0, # 0x0c]    @ 配置寄存器 1 (ADC_CFGR1)
 115 006a 0521     		movs r1, # 0x05         @ 
 116 006c 4161     		str r1, [r0, # 0x14]    @ ADC 采样时间寄存器 (ADC_SMPR)
 117 006e 8168     		ldr r1, [r0, # 0x08]
 118 0070 0422     		movs r2, # 0x04         @ 开始转换
 119 0072 1143     		orrs r1, r1, r2
 120 0074 8160     		str r1, [r0, # 0x08]    @ 控制寄存器 (ADC_CR)
 121              	
 122              	
 123              		
 124              	io_she_zhi:
 125              	@@@@@@@@@@@@@@@@@@@@@@@@@@@@@@@@@@@@@@@@@@@@@@@@@@@@@@@@@@@@@@@@@@@@@@@@@@@@@@@@@@@@@@@@@@@@@@
 126              		@a(0x48000000)b(0x48000400)c(0x48000800)d(0x48000c00)f(0x48001400)
 127              		@ 输入（00），通用输出（01），复用功能（10），模拟（11）
 128              		@偏移0x4 = 端口输出类型 @ （0 推挽），（ 1 开漏）
 129              		@偏移0x8 = 输出速度  00低速， 01中速， 11高速
 130              		@偏移0xC = 上拉下拉 00无上下拉，  01 上拉， 10下拉
 131              		@偏移0x10 = 输入数据寄存器
 132              		@偏移0x14 = 输出数据寄存器
 133              		@偏移0x18 = 端口开  0-15置位 
 134              		@偏移0x28 = 端口关
 135              		@0X20 = 复用低
 136              		@GPIO口0（0-3位）每个IO口占用4位
 137              		@ AF0 = 0X0000, AF1 = 0X0001, AF2 = 0X0010 AF3 = 0X0011, AF4 = 0X0100
 138              		@ AF5 = 0X0101, AF6 = 0X0111, AF7 = 0X1000
 139              		@0x24 = 复用高
 140              		@GPIO口8 （0-3位）每个IO口占用4位
 141              		@ AF0 = 0X0000, AF1 = 0X0001, AF2 = 0X0010 AF3 = 0X0011, AF4 = 0X0100
 142              		@ AF5 = 0X0101, AF6 = 0X0111, AF7 = 0X1000
 143              	@@@@@@@@@@@@@@@@@@@@@@@@@@@@@@@@@@@@@@@@@@@@@@@@@@@@@@@@@@@@@@@@@@@@@@@@@@@@@@@@@@@@@@@@@@@@@@
 144 0076 C048     		ldr r0, = 0x48000000
 145 0078 C049     		ldr r1, = 0x28005403
 146 007a 0160     		str r1, [r0]
 147              	
ARM GAS  1.s 			page 4


 148 007c C048     		ldr r0, = 0x48000400
 149 007e 0821     		movs r1, # 0x08
 150 0080 0160     		str r1, [r0]
 151              		
 152              		
 153 0082 C048     		ldr r0, = 0x48001400
 154 0084 0021     		movs r1, # 0
 155 0086 0160     		str r1, [r0]
 156 0088 0521     		movs r1, # 0x05
 157 008a C160     		str r1, [r0, # 0x0c]
 158              	
 159              	_tim14chushihua:
 160 008c BE48     		ldr r0, = 0x40002000
 161 008e BF49     		ldr r1, = 16000
 162 0090 8162     		str r1, [r0, # 0x28]  @psc
 163 0092 BF49     		ldr r1, = 5000
 164 0094 C162     		str r1, [r0, # 0x2c]  @arr
 165 0096 6021     		ldr r1, = 0x60
 166 0098 8161     		str r1, [r0, # 0x18]
 167 009a 0121     		ldr r1, = 0x01
 168 009c 0162     		str r1, [r0, # 0x20]
 169 009e 0021     		ldr r1, = 0
 170 00a0 4163     		str r1, [r0, # 0x34]
 171 00a2 8121     		ldr r1, = 0x81
 172 00a4 0160     		str r1, [r0]
 173              		
 174              		
 175              	
 176              		
 177              	shiyan:
 178 00a6 FF27     		ldr r7, = 0xff
 179 00a8 0022     		movs r2, # 0
 180              	adcpingjun:
 181              		
 182 00aa BA48     		ldr r0, = 0x40012440
 183 00ac 0168     		ldr r1, [r0]
 184 00ae 5218     		adds r2, r2, r1
 185 00b0 013F     		subs r7, # 1
 186 00b2 FAD1     		bne adcpingjun
 187 00b4 100A     		lsrs r0, r2, # 8
 188 00b6 B849     		ldr r1, = 3300
 189 00b8 4843     		muls r0, r1
 190 00ba A849     		ldr r1, = 4096
 191 00bc 8446     		mov r12, r0
 192 00be 8B46     		mov r11, r1
 193 00c0 00F016F9 		bl chufa
 194 00c4 6046     		mov r0, r12
 195 00c6 B54A     		ldr r2, = wendubiao
 196 00c8 0024     		movs r4, # 0
 197              	panduanwendu:
 198 00ca 1359     		ldr r3, [r2, r4]
 199 00cc 8342     		cmp r3, r0
 200 00ce 01D9     		bls dedaowendu
 201 00d0 0434     		adds r4, r4, # 4
 202 00d2 FAE7     		b panduanwendu
 203              	dedaowendu:
 204 00d4 A408     		lsrs r4, # 2
ARM GAS  1.s 			page 5


 205 00d6 B248     		ldr r0, = dangqianwendu
 206 00d8 0460     		str r4, [r0]
 207 00da B248     		ldr r0, = mubiaowendu
 208 00dc 0168     		ldr r1, [r0]
 209 00de B24A     		ldr r2, = 100000
 210 00e0 4A43     		muls r2, r1
 211 00e2 1219     		adds r2, r4
 212 00e4 1046     		mov r0, r2
 213 00e6 0821     		ldr r1, = 8
 214 00e8 9B4A     		ldr r2, = shumaguanma
 215 00ea 00F0BBF8 		bl zhuanshumaguanma
 216 00ee 0826     		movs r6, # 8
 217 00f0 B600     		lsls r6, # 2
 218 00f2 00F0CAF8 		bl xieshumaguan
 219 00f6 00F075F8 		bl _pid
 220 00fa AC48     	        ldr r0, = 0x48001410
 221 00fc 0168     		ldr r1, [r0]
 222 00fe 0029     		cmp r1, # 0
 223 0100 02D1     		bne _tiaoguoanjian1_1
 224 0102 AB4D     		ldr r5, = 0x55555
 225              	_anjian1yanshi1:	
 226 0104 013D     		subs r5, # 1
 227 0106 FDD1     		bne _anjian1yanshi1
 228              	_tiaoguoanjian1_1:	
 229 0108 AA4A     		ldr r2, = anjian
 230 010a D068     		ldr r0, [r2, # 0x0c]
 231 010c 8646     		mov lr, r0
 232 010e 8900     		lsls r1, # 2
 233 0110 5058     		ldr r0, [r2, r1]
 234 0112 8746     		mov pc, r0
 235              		
 236              	_caidan1:
 237 0114 A84A     		ldr r2, = kp
 238 0116 1168     		ldr r1, [r2]
 239 0118 A84F     		ldr r7, = pshezhi
 240 011a 06E0     		b _candanxunhuan
 241              	_caidan2:
 242 011c A84A     		ldr r2, = ki
 243 011e A94F     		ldr r7, = ishezhi
 244 0120 03E0     		b _candanxunhuan
 245              	_caidan3:
 246 0122 A94A     		ldr r2, = kd
 247 0124 A94F     		ldr r7, = dshezhi
 248 0126 00E0     		b _candanxunhuan
 249              	_baocun:
 250 0128 BDE7     		b shiyan
 251              	_candanxunhuan:	 @ r0 @ 
 252 012a 1068     		ldr r0, [r2]
 253 012c 0821     		ldr r1, = 8
 254 012e 8A4A     		ldr r2, = shumaguanma
 255 0130 00F098F8 		bl zhuanshumaguanma
 256 0134 0826     		movs r6, # 8
 257 0136 B600     		lsls r6, # 2
 258 0138 00F0A7F8 		bl xieshumaguan
 259 013c 9B48     	        ldr r0, = 0x48001410
 260 013e 0168     	        ldr r1, [r0]
 261 0140 0029     		cmp r1, # 0
ARM GAS  1.s 			page 6


 262 0142 02D1     		bne _tiaoguoanjian1
 263 0144 9A4D     		ldr r5, = 0x55555
 264              	_anjian1yanshi:
 265 0146 013D     		subs r5, # 1
 266 0148 FDD1     		bne _anjian1yanshi
 267              		
 268              	_tiaoguoanjian1:	
 269 014a F868     	        ldr r0, [r7, # 0x0c]
 270 014c 8646     	        mov lr, r0
 271 014e 8900     		lsls r1, # 2
 272 0150 7858     	        ldr r0, [r7, r1]
 273 0152 8746     	        mov pc, r0
 274              		
 275              	_anjian2:
 276 0154 03B5     		push {r0-r1,lr}
 277 0156 9348     		ldr r0, = mubiaowendu
 278 0158 0168     		ldr r1, [r0]
 279 015a 0131     		adds r1, # 1
 280 015c 6429     		cmp r1, # 100
 281 015e 00D9     		bls _anjianfanhui
 282 0160 6421     		movs r1, # 100
 283              	_anjianfanhui:	
 284 0162 0160     		str r1, [r0]
 285 0164 03BD     		pop {r0-r1,pc}
 286              	_anjian3:
 287 0166 03B5     		push {r0-r1,lr}
 288 0168 8E48     		ldr r0, = mubiaowendu
 289 016a 0168     	        ldr r1, [r0]
 290 016c 0139     	        subs r1, # 1
 291 016e 6429     	        cmp r1, # 100
 292 0170 00D9     	        bls _anjianfanhui1
 293 0172 0021     	        movs r1, # 0
 294              	_anjianfanhui1:
 295 0174 0160     	        str r1, [r0]
 296 0176 03BD     		pop {r0-r1,pc}
 297              	
 298              	_anjian4:
 299 0178 03B5     		push {r0-r1,lr}
 300 017a 8F48     		ldr r0, = kp
 301 017c 0168     		ldr r1, [r0]
 302 017e 0131     		adds r1, # 1
 303 0180 6429     		cmp r1, # 100
 304 0182 EED9     		bls _anjianfanhui
 305 0184 6421     		movs r1, # 100
 306              	_anjianfanhui4:
 307 0186 0160     		str r1, [r0]
 308 0188 03BD     		pop {r0-r1,pc}
 309              	_anjian5:
 310 018a 03B5     		push {r0-r1,lr}
 311 018c 8A48     		ldr r0, = kp
 312 018e 0168     		ldr r1, [r0]
 313 0190 0139     		subs r1, # 1
 314 0192 6429     		cmp r1, # 100
 315 0194 EED9     		bls _anjianfanhui1
 316 0196 0021     		movs r1, # 0
 317              	_anjianfanhui5:
 318 0198 0160     		str r1, [r0]
ARM GAS  1.s 			page 7


 319 019a 03BD     		pop {r0-r1,pc}
 320              	
 321              	_anjian6:
 322 019c 03B5     		push {r0-r1,lr}
 323 019e 8848     		ldr r0, = ki
 324 01a0 0168     		ldr r1, [r0]
 325 01a2 0131     		adds r1, # 1
 326 01a4 6429     		cmp r1, # 100
 327 01a6 DCD9     		bls _anjianfanhui
 328 01a8 6421     		movs r1, # 100
 329              	_anjianfanhui6:
 330 01aa 0160     		str r1, [r0]
 331 01ac 03BD     		pop {r0-r1,pc}
 332              	_anjian7:
 333 01ae 03B5     		push {r0-r1,lr}
 334 01b0 8348     		ldr r0, = ki
 335 01b2 0168     		ldr r1, [r0]
 336 01b4 0139     		subs r1, # 1
 337 01b6 6429     		cmp r1, # 100
 338 01b8 DCD9     		bls _anjianfanhui1
 339 01ba 0021     		movs r1, # 0
 340              	_anjianfanhui7:
 341 01bc 0160     		str r1, [r0]
 342 01be 03BD     		pop {r0-r1,pc}
 343              	
 344              	_anjian8:
 345 01c0 03B5     		push {r0-r1,lr}
 346 01c2 8148     		ldr r0, = kd
 347 01c4 0168     		ldr r1, [r0]
 348 01c6 0131     		adds r1, # 1
 349 01c8 6429     		cmp r1, # 100
 350 01ca CAD9     		bls _anjianfanhui
 351 01cc 6421     		movs r1, # 100
 352              	_anjianfanhui8:
 353 01ce 0160     		str r1, [r0]
 354 01d0 03BD     		pop {r0-r1,pc}
 355              	_anjian9:
 356 01d2 03B5     		push {r0-r1,lr}
 357 01d4 7C48     		ldr r0, = kd
 358 01d6 0168     		ldr r1, [r0]
 359 01d8 0139     		subs r1, # 1
 360 01da 6429     		cmp r1, # 100
 361 01dc CAD9     		bls _anjianfanhui1
 362 01de 0021     		movs r1, # 0
 363              	_anjianfanhui9:
 364 01e0 0160     		str r1, [r0]
 365 01e2 03BD     		pop {r0-r1,pc}
 366              	
 367              		
 368              		
 369              	_pid:
 370 01e4 FFB5     		push {r0-r7,lr}
 371 01e6 6F48     		ldr r0, = mubiaowendu 
 372 01e8 0168     		ldr r1, [r0]
 373 01ea 4268     		ldr r2, [r0, # 0x04]
 374 01ec 891A     		subs r1, r1, r2
 375 01ee 8268     		ldr r2, [r0, # 0x08]
ARM GAS  1.s 			page 8


 376 01f0 C260     		str r2, [r0, # 0x0c]    @ -1
 377 01f2 8160     		str r1, [r0, # 0x08]    @ 0
 378              	_ppp:
 379 01f4 764B     		ldr r3, = 700 @kp
 380 01f6 0C46     		mov r4, r1
 381 01f8 5C43     		muls r4, r4, r3
 382              	_iii:
 383 01fa 6423     		ldr r3, = 100
 384 01fc 0D46     		mov r5, r1
 385 01fe 5D43     		muls r5, r5, r3
 386 0200 0369     		ldr r3, [r0, # 0x10]
 387 0202 ED18     		adds r5, r5, r3
 388 0204 0023     		movs r3, # 0
 389 0206 734E     		ldr r6, = 500
 390 0208 9B1B     		subs r3, r3, r6
 391 020a 9D42     		cmp r5, r3
 392 020c 00D8     		bhi _cunchuiii
 393 020e 1D46     		mov r5, r3
 394              	_cunchuiii:
 395 0210 B542     		cmp r5, r6
 396 0212 00D9     		bls _chucuniii1
 397 0214 3500     		movs r5, r6
 398              	_chucuniii1:	
 399 0216 0561     		str r5, [r0, # 0x10]
 400              	
 401              	_ddd:
 402 0218 0A23     		ldr r3, = 10
 403 021a 891A     		subs r1, r1, r2
 404 021c 4B43     		muls r3, r1
 405              		
 406 021e 6419     		adds r4, r4, r5
 407 0220 E418     		adds r4, r4, r3
 408 0222 00D5     		bpl _buxiaoyu0
 409 0224 0024     		movs r4, # 0
 410              	_buxiaoyu0:	
 411 0226 6C48     		ldr r0, = 0x40002034 @ tim14cr1
 412 0228 0460     		str r4, [r0]
 413 022a FFBD     		pop {r0-r7,pc}
 414              	
 415              	_xieflash:
 416 022c 72B6     		cpsid i  @关中断
 417              	       @ FPEC解锁
 418 022e 6B4C     		ldr r4, = fjiesuo
 419 0230 0325     		movs r5, # 3
 420 0232 7D44     		add r5, pc
 421 0234 AE46     		mov lr, r5
 422 0236 A746     		mov pc, r4
 423              	
 424              		@ OPTWRE解锁
 425 0238 694C     		ldr r4, = ojiesuo
 426 023a 0325     		movs r5, # 3
 427 023c 7D44     		add r5, pc
 428 023e AE46     		mov lr, r5
 429 0240 A746     		mov pc, r4
 430              		@ 擦除
 431 0242 684C     		ldr r4, = yeca
 432 0244 6848     		ldr r0, = 0x8004000
ARM GAS  1.s 			page 9


 433 0246 0325     		movs r5, # 3
 434 0248 7D44     		add r5, pc
 435 024a AE46     		mov lr, r5
 436 024c A746     		mov pc, r4
 437              		
 438 024e 674C     		ldr r4, = xieflash
 439 0250 6548     		ldr r0, = 0x8004000
 440 0252 6749     		ldr r1, = 0x12345678
 441 0254 0325     		movs r5, # 3
 442 0256 7D44     		add r5, pc
 443 0258 AE46     		mov lr, r5
 444 025a A746     		mov pc, r4
 445              	
 446 025c 6548     		ldr r0, = 0xe000ed0c
 447 025e 6649     		ldr r1, = 0x05fa0004
 448 0260 0160     		str r1, [r0]
 449              	
 450              	_tingxia:
 451 0262 FEE7     		b _tingxia
 452              		
 453              		
 454              	zhuanshumaguanma:@ 16进制转数码管码
 455              			@ R0要转的数据， R1长度，R2结果表首地址
 456 0264 FFB5     		push {r0-r7,lr}
 457 0266 654F     		ldr r7, = shumaguanmabiao
 458 0268 0A25     		movs r5, # 10
 459 026a AB46     		mov r11, r5
 460              	xunhuanqiuma:
 461 026c 8446     		mov r12, r0
 462 026e 00F03FF8 		bl chufa
 463 0272 6446     		mov r4, r12
 464 0274 6C43     		muls r4, r5
 465 0276 2646     		mov r6, r4
 466 0278 831B     		subs r3, r0, r6
 467 027a 9B00     		lsls r3, # 2
 468 027c FE58     		ldr r6, [r7, r3]
 469 027e 1660     		str r6, [r2]
 470 0280 0432     		adds r2, r2, # 4
 471 0282 6046     		mov r0, r12
 472 0284 0139     		subs r1, # 1
 473 0286 F1D1     		bne xunhuanqiuma
 474 0288 FFBD     		pop {r0-r7,pc}
 475              		
 476              	xieshumaguan: @ r6=位数 @数码管码
 477 028a FFB5     		push {r0-r7,lr}
 478 028c 0027     		movs r7, # 0
 479 028e 3846     		mov r0, r7
 480 0290 314D     		ldr r5, = shumaguanma
 481 0292 5B4A     		ldr r2, = shumaguanshuaxinbiao
 482              	shumaguanshuaxin:
 483 0294 EB59     		ldr r3, [r5, r7]
 484 0296 D459     		ldr r4, [r2, r7]
 485 0298 1C43     		orrs r4, r4, r3
 486 029a A446     		mov r12, r4
 487 029c 00F004F8 		bl xie595
 488 02a0 0437     		adds  r7, r7, # 4
 489 02a2 B742     		cmp r7, r6
ARM GAS  1.s 			page 10


 490 02a4 F6D9     		bls shumaguanshuaxin
 491 02a6 FFBD     		pop {r0-r7,pc}
 492              		
 493              	xie595: @ R12=要写的数据
 494 02a8 FFB5     		push {r0-r7,lr}
 495 02aa 4020     		movs r0, # 0x40
 496 02ac 8027     		movs r7, # 0x80 
 497 02ae 2026     		movs r6, # 0x20 
 498 02b0 6546     		mov r5, r12
 499 02b2 1023     		movs r3, # 16   @16位
 500 02b4 304A     		ldr r2, = 0x48000000 @ gpioa
 501 02b6 0121     		movs r1, # 0x01
 502              	xunhuan595:
 503 02b8 9761     		str r7, [r2, # 0x18]
 504 02ba 00F014F8 		bl yanshi
 505 02be 0D42     		tst r5, r1
 506 02c0 01D1     		bne xie595_0
 507 02c2 9062     		str r0, [r2, # 0x28]
 508 02c4 00E0     		b suocun595
 509              	xie595_0:
 510 02c6 9061     		str r0, [r2, # 0x18]
 511              	suocun595:
 512 02c8 00F00DF8 		bl yanshi
 513 02cc 6D08     		lsrs r5, # 1
 514 02ce 9762     		str r7, [r2, # 0x28]
 515 02d0 00F009F8 		bl yanshi
 516 02d4 013B     		subs r3, r3, # 1
 517 02d6 EFD1     		bne xunhuan595
 518 02d8 9661     		str r6, [r2, # 0x18]
 519 02da 00F004F8 		bl yanshi
 520 02de 9662     		str r6, [r2, # 0x28]
 521 02e0 00F001F8 		bl yanshi
 522 02e4 FFBD     		pop {r0-r7,pc}
 523              	
 524              	yanshi:
 525 02e6 FFB5     		push {r0-r7,lr}
 526 02e8 6420     		ldr r0, = 100
 527              	_yanshi11:
 528 02ea 0138     		subs r0, # 1
 529 02ec FDD1     		bne _yanshi11
 530 02ee FFBD     		pop {r0-r7,pc}
 531              		
 532              	chufa:	@软件除法
 533              		@ r12 除以 R11
 534 02f0 FFB5     		push {r0-r7,lr}
 535 02f2 6646     		mov r6, r12
 536 02f4 002E     		cmp r6, # 0
 537 02f6 1BD0     		beq chufafanhui
 538 02f8 5F46     		mov r7, r11
 539 02fa 002F     		cmp r7, # 0
 540 02fc 18D0     		beq chufafanhui
 541 02fe 0020     		movs r0, # 0
 542              	chufaxunhuan:
 543 0300 B446     		mov r12, r6
 544 0302 00F016F8 		bl jianceweishu
 545 0306 6246     		mov r2, r12
 546 0308 BC46     		mov r12, r7
ARM GAS  1.s 			page 11


 547 030a 00F012F8 		bl jianceweishu
 548 030e 6346     		mov r3, r12
 549 0310 9A1A     		subs r2, r3, r2
 550 0312 3C46     		mov r4, r7
 551 0314 9440     		lsls r4, r2
 552 0316 2346     		mov r3, r4
 553 0318 9E42     		cmp r6, r3
 554 031a 00D3     		bcc dd1
 555 031c 01E0     		b dd2
 556              	dd1:
 557 031e 013A     		subs r2, r2, # 1
 558 0320 5B08     		lsrs r3, # 1
 559              	dd2:
 560 0322 F61A     		subs r6, r6, r3
 561 0324 0123     		movs r3, # 1
 562 0326 9340     		lsls r3, r2
 563 0328 1843     		orrs  r0, r3
 564 032a BE42     		cmp r6, r7
 565 032c E8D2     		bcs chufaxunhuan
 566 032e 8446     		mov r12, r0
 567              	chufafanhui:
 568 0330 FFBD     		pop {r0-r7,pc}
 569              	
 570              	jianceweishu:
 571 0332 FFB5     		push {r0-r7,lr}
 572 0334 0020     		movs r0, # 0
 573 0336 6146     		mov r1, r12
 574              	jianceweishu1:
 575 0338 02D4     		bmi weishufanhui
 576 033a 0130     		adds r0, r0, # 1
 577 033c 4900     		lsls r1, # 1
 578 033e FBE7     		b jianceweishu1
 579              	weishufanhui:
 580 0340 8446     		mov r12, r0
 581 0342 FFBD     		pop {r0-r7,pc}
 582              	_nmi_handler:
 583 0344 7047     		bx lr
 584              	_hard_fault:
 585 0346 7047     		bx lr
 586              	_memory_fault:
 587 0348 7047     		bx lr
 588              	_bus_fault:
 589 034a 7047     		bx lr
 590              	_usage_fault:
 591 034c 7047     	 	bx lr
 592 034e 00000020 		
 592      02400010 
 592      02400000 
 592      00200010 
 592      00000500 
ARM GAS  1.s 			page 12


DEFINED SYMBOLS
                 1.s:6      *ABS*:1fffef62 fjiesuo
                 1.s:7      *ABS*:1fffef6e ojiesuo
                 1.s:8      *ABS*:1fffeff8 quanca
                 1.s:9      *ABS*:1fffefda yeca
                 1.s:10     *ABS*:1ffff020 zica
                 1.s:11     *ABS*:1fffef9a xieflash
                 1.s:12     *ABS*:1ffff048 zixie
                 1.s:13     *ABS*:1ffff0a6 xiebaohu
                 1.s:14     *ABS*:1ffff124 jiancedubaohu
                 1.s:15     *ABS*:1fffef7a flashmang
                 1.s:16     *ABS*:20001000 STACKINIT
                 1.s:17     *ABS*:20000000 shumaguanma
                 1.s:18     *ABS*:20000020 anjianma
                 1.s:19     *ABS*:20000024 mubiaowendu
                 1.s:20     *ABS*:20000028 dangqianwendu
                 1.s:21     *ABS*:2000002c dangqianchan
                 1.s:22     *ABS*:20000030 shangcichan
                 1.s:23     *ABS*:20000034 ilishi
                 1.s:24     *ABS*:20000038 kp
                 1.s:25     *ABS*:2000003c ki
                 1.s:26     *ABS*:20000040 kd
                 1.s:28     .data:00000000 shumaguanmabiao
                 1.s:30     .data:00000028 shumaguanshuaxinbiao
                 1.s:32     .data:0000004c wendubiao
                 1.s:34     .data:0000022c $d
                 1.s:35     .data:0000022c anjian
                 1.s:236    .text:00000114 _caidan1
                 1.s:275    .text:00000154 _anjian2
                 1.s:286    .text:00000166 _anjian3
                 1.s:177    .text:000000a6 shiyan
                 1.s:37     .data:0000023c pshezhi
                 1.s:241    .text:0000011c _caidan2
                 1.s:298    .text:00000178 _anjian4
                 1.s:309    .text:0000018a _anjian5
                 1.s:39     .data:0000024c ishezhi
                 1.s:245    .text:00000122 _caidan3
                 1.s:321    .text:0000019c _anjian6
                 1.s:332    .text:000001ae _anjian7
                 1.s:41     .data:0000025c dshezhi
                 1.s:249    .text:00000128 _baocun
                 1.s:344    .text:000001c0 _anjian8
                 1.s:355    .text:000001d2 _anjian9
                 1.s:45     .text:00000000 vectors
                 1.s:54     .text:0000001c _start
                 1.s:582    .text:00000344 _nmi_handler
                 1.s:584    .text:00000346 _hard_fault
                 1.s:586    .text:00000348 _memory_fault
                 1.s:588    .text:0000034a _bus_fault
                 1.s:590    .text:0000034c _usage_fault
                 1.s:55     .text:0000001c shizhong
                            .text:00000000 $d
                 1.s:56     .text:0000001c $t
                 1.s:63     .text:00000028 dengdai14mshizhongwending
                 1.s:68     .text:0000002e neicunqingling
                 1.s:72     .text:00000034 neicunqinglingxunhuan
                 1.s:77     .text:0000003a waisheshizhong
ARM GAS  1.s 			page 13


                 1.s:93     .text:00000048 adcchushihua
                 1.s:97     .text:0000004e dengadcjiaozhun
                 1.s:101    .text:00000054 kaiadc
                 1.s:106    .text:0000005c dengdaiadcwending
                 1.s:110    .text:00000062 tongdaoxuanze
                 1.s:124    .text:00000076 io_she_zhi
                 1.s:159    .text:0000008c _tim14chushihua
                 1.s:180    .text:000000aa adcpingjun
                 1.s:532    .text:000002f0 chufa
                 1.s:197    .text:000000ca panduanwendu
                 1.s:203    .text:000000d4 dedaowendu
                 1.s:454    .text:00000264 zhuanshumaguanma
                 1.s:476    .text:0000028a xieshumaguan
                 1.s:369    .text:000001e4 _pid
                 1.s:228    .text:00000108 _tiaoguoanjian1_1
                 1.s:225    .text:00000104 _anjian1yanshi1
                 1.s:251    .text:0000012a _candanxunhuan
                 1.s:268    .text:0000014a _tiaoguoanjian1
                 1.s:264    .text:00000146 _anjian1yanshi
                 1.s:283    .text:00000162 _anjianfanhui
                 1.s:294    .text:00000174 _anjianfanhui1
                 1.s:306    .text:00000186 _anjianfanhui4
                 1.s:317    .text:00000198 _anjianfanhui5
                 1.s:329    .text:000001aa _anjianfanhui6
                 1.s:340    .text:000001bc _anjianfanhui7
                 1.s:352    .text:000001ce _anjianfanhui8
                 1.s:363    .text:000001e0 _anjianfanhui9
                 1.s:378    .text:000001f4 _ppp
                 1.s:382    .text:000001fa _iii
                 1.s:394    .text:00000210 _cunchuiii
                 1.s:398    .text:00000216 _chucuniii1
                 1.s:401    .text:00000218 _ddd
                 1.s:410    .text:00000226 _buxiaoyu0
                 1.s:415    .text:0000022c _xieflash
                 1.s:450    .text:00000262 _tingxia
                 1.s:460    .text:0000026c xunhuanqiuma
                 1.s:482    .text:00000294 shumaguanshuaxin
                 1.s:493    .text:000002a8 xie595
                 1.s:502    .text:000002b8 xunhuan595
                 1.s:524    .text:000002e6 yanshi
                 1.s:509    .text:000002c6 xie595_0
                 1.s:511    .text:000002c8 suocun595
                 1.s:527    .text:000002ea _yanshi11
                 1.s:567    .text:00000330 chufafanhui
                 1.s:542    .text:00000300 chufaxunhuan
                 1.s:570    .text:00000332 jianceweishu
                 1.s:556    .text:0000031e dd1
                 1.s:559    .text:00000322 dd2
                 1.s:574    .text:00000338 jianceweishu1
                 1.s:579    .text:00000340 weishufanhui
                 1.s:592    .text:0000034e $d
                 1.s:592    .text:00000350 $d

NO UNDEFINED SYMBOLS
