ARM GAS  1.s 			page 1


   1              	@ stm32f030f4p6 asm 
   2              		 .thumb                 
   3              	         .syntax unified
   4              	.section .data	
   5              	        	.equ STACKINIT,          0x20000300
   6              	
   7              	.section .text
   8              	vectors:        
   9 0000 00030020 	        .word STACKINIT         
  10 0004 1D000000 	        .word _start + 1        
  11 0008 C5000000 	        .word _nmi_handler + 1  
  12 000c C7000000 	        .word _hard_fault  + 1  
  13 0010 C9000000 	        .word _memory_fault + 1 
  14 0014 CB000000 	        .word _bus_fault + 1    
  15 0018 CD000000 	        .word _usage_fault + 1 
  16              	
  17              	_start:
  18              	shizhong:
  19 001c 2C48     		ldr r0, = 0x40021000 @ rcc_cr
  20 001e 2D49     		ldr r1, = 0x15683     
  21 0020 0160     		str r1, [r0]
  22              	gsszbz: 
  23 0022 0268     		ldr r2, [r0]
  24 0024 2C49     		ldr r1, = 0x20000    
  25 0026 1142     		tst r1, r2           @HSE时钟标志位           
  26 0028 00D1     		bne rccchushihua
  27 002a FAE7     		b gsszbz
  28              	rccchushihua: 
  29 002c 2B48     		ldr r0, = 0x40022000   @FLASH访问控制
  30 002e 3221     		movs r1, # 0x32
  31 0030 0160     		str r1, [r0]           @FLASH缓冲 缓冲开启 
  32 0032 2B48     		ldr r0, = 0x40021004 
  33 0034 2B49     		ldr r1, = 0x110000    @ HSE-PLL-6倍频
  34 0036 0160     		str r1, [r0]
  35 0038 2548     		ldr r0, = 0x40021000
  36 003a 2B49     		ldr r1, = 0x1035683     @ PLL开
  37 003c 0160     		str r1, [r0]
  38              	chaxun:
  39 003e 0268     		ldr r2, [r0]
  40 0040 2A49     		ldr r1, = 0x2000000     @ PLL锁定标志位
  41 0042 1142     		tst r1, r2              
  42 0044 00D1     		bne rccgg               @ 等待PLL锁定 
  43 0046 FAE7     		b chaxun
  44              	rccgg:
  45 0048 2949     		ldr r1, = 0x11000a      @ PLL作为系统时钟
  46 004a 4160     		str r1, [r0, # 0x04]
  47              		
  48              		@0x34时钟控制寄存器 2 (RCC_CR2)
  49 004c 0121     		movs r1, # 0x01
  50 004e 4163     		str r1, [r0, # 0x34]  @ HSI开14M时钟
  51              	dengdai14mshizhongwending:
  52 0050 416B     		ldr r1, [r0, # 0x34]
  53 0052 8907     		lsls r1, r1, # 30     @ 左移30位
  54 0054 FCD5     		bpl dengdai14mshizhongwending  @ 等待14M时钟稳定
  55              		
  56              	waisheshizhong:	 @ 外设时钟              
  57              		@+0x18外设时钟使能寄存器 (RCC_APB2ENR)
ARM GAS  1.s 			page 2


  58              		@ （0）SYSCFGEN（9）ADC（11）TIM1（12）SPI（14）USART1
  59              		@ （16）TIM15 （17）TIM6（18）TIM17 (22)DBGMCU
  60 0056 2749     		ldr r1, = 0x200
  61 0058 8161     		str r1, [r0, # 0x18]  
  62              		
  63 005a 2748     		ldr r0, = 0x40021014    @ AHB外部时钟
  64 005c 2749     		ldr r1, = 0x60014       @ 开时钟
  65 005e 0160     		str r1, [r0]
  66              		@ DMA（0）SRAM（2）FLITF（4）CRC（6）PA（17）
  67              		@PB（18）PC（19）PD（20）PF（22）TSCEN（24）
  68 0060 2748     		ldr r0, = 0x4002101c
  69 0062 2849     		ldr r1, = 0x132
  70 0064 0160     		str r1, [r0]
  71              	
  72              		
  73              	io_she_zhi:
  74              	@@@@@@@@@@@@@@@@@@@@@@@@@@@@@@@@@@@@@@@@@@@@@@@@@@@@@@@@@@@@@@@@@@@@@@@@@@@@@@@@@@@@@@@@@@@@@@
  75              		@a(0x48000000)b(0x48000400)c(0x48000800)d(0x48000c00)f(0x48001400)
  76              		@ 输入（00），通用输出（01），复用功能（10），模拟（11）
  77              		@偏移0x4 = 端口输出类型 @ （0 推挽），（ 1 开漏）
  78              		@偏移0x8 = 输出速度  00低速， 01中速， 11高速
  79              		@偏移0xC = 上拉下拉 00无上下拉，  01 上拉， 10下拉
  80              		@偏移0x10 = 输入数据寄存器
  81              		@偏移0x14 = 输出数据寄存器
  82              		@偏移0x18 = 端口开  0-15置位 
  83              		@偏移0x28 = 端口关
  84              		@0X20 = 复用低
  85              		@GPIO口0（0-3位）每个IO口占用4位
  86              		@ AF0 = 0X0000, AF1 = 0X0001, AF2 = 0X0010 AF3 = 0X0011, AF4 = 0X0100
  87              		@ AF5 = 0X0101, AF6 = 0X0111, AF7 = 0X1000
  88              		@0x24 = 复用高
  89              		@GPIO口8 （0-3位）每个IO口占用4位
  90              		@ AF0 = 0X0000, AF1 = 0X0001, AF2 = 0X0010 AF3 = 0X0011, AF4 = 0X0100
  91              		@ AF5 = 0X0101, AF6 = 0X0111, AF7 = 0X1000
  92              	@@@@@@@@@@@@@@@@@@@@@@@@@@@@@@@@@@@@@@@@@@@@@@@@@@@@@@@@@@@@@@@@@@@@@@@@@@@@@@@@@@@@@@@@@@@@@@
  93 0066 2848     		ldr r0, = 0x48000000
  94 0068 2849     		ldr r1, = 0x28005400
  95 006a 0160     		str r1, [r0]
  96              	zhuchengxu:
  97 006c 2848     		ldr r0, = 0x20000000
  98 006e 2949     		ldr r1, = 0xfefefefe
  99 0070 0122     		movs r2, # 1
 100              	liushuideng:
 101 0072 0160     		str r1, [r0]
 102 0074 00F004F8 		bl xie595
 103 0078 D141     		rors r1, r2
 104 007a 00F01EF8 		bl yanshi
 105 007e F8E7     		b liushuideng
 106              		
 107              		
 108              	xie595:
 109 0080 FFB5     		push {r0-r7,lr}
 110 0082 4020     		movs r0, # 0x40
 111 0084 8027     		movs r7, # 0x80 @11=输入锁存
 112 0086 2026     		movs r6, # 0x20  @12=输出锁存
 113 0088 214D     		ldr r5, = 0x20000000 @要写的数据
 114 008a 0823     		movs r3, # 8   @16位
ARM GAS  1.s 			page 3


 115 008c 1E4A     		ldr r2, = 0x48000000 @ gpioa
 116 008e 2D68     		ldr r5, [r5]
 117 0090 0121     		movs r1, # 0x01
 118              	xunhuan595:
 119 0092 9761     		str r7, [r2, # 0x18]
 120 0094 0046     		mov r0, r0
 121 0096 0046     		mov r0, r0
 122 0098 0D42     		tst r5, r1
 123 009a 01D1     		bne xie595_0
 124 009c 9062     		str r0, [r2, # 0x28]
 125 009e 00E0     		b suocun595
 126              	xie595_0:
 127 00a0 9061     		str r0, [r2, # 0x18]
 128              	suocun595:
 129 00a2 0046     		mov r0, r0
 130 00a4 0046     		mov r0, r0
 131 00a6 6D08     		lsrs r5, # 1
 132 00a8 9762     		str r7, [r2, # 0x28]
 133 00aa 013B     		subs r3, r3, # 1
 134 00ac F1D1     		bne xunhuan595
 135 00ae 9661     		str r6, [r2, # 0x18]
 136 00b0 0046     		mov r0, r0
 137 00b2 0046     		mov r0, r0
 138 00b4 0046     		mov r0, r0
 139 00b6 9662     		str r6, [r2, # 0x28]
 140 00b8 FFBD     		pop {r0-r7,pc}
 141              	
 142              	yanshi:
 143 00ba FFB5     		push {r0-r7,lr}
 144 00bc 1648     		ldr r0, = 0xfffff
 145              	yanshi1:
 146 00be 0138     		subs r0, # 1
 147 00c0 FDD1     		bne yanshi1
 148 00c2 FFBD     		pop {r0-r7,pc}
 149              	
 150              	_nmi_handler:
 151 00c4 7047     		bx lr
 152              	_hard_fault:
 153 00c6 7047     		bx lr
 154              	_memory_fault:
 155 00c8 7047     		bx lr
 156              	_bus_fault:
 157 00ca 7047     		bx lr
 158              	_usage_fault:
 159 00cc 7047     	 	bx lr
 160 00ce 00000010 		
 160      02408356 
 160      01000000 
 160      02000020 
 160      02400410 
ARM GAS  1.s 			page 4


DEFINED SYMBOLS
                 1.s:5      *ABS*:20000300 STACKINIT
                 1.s:8      .text:00000000 vectors
                 1.s:17     .text:0000001c _start
                 1.s:150    .text:000000c4 _nmi_handler
                 1.s:152    .text:000000c6 _hard_fault
                 1.s:154    .text:000000c8 _memory_fault
                 1.s:156    .text:000000ca _bus_fault
                 1.s:158    .text:000000cc _usage_fault
                 1.s:18     .text:0000001c shizhong
                            .text:00000000 $d
                 1.s:19     .text:0000001c $t
                 1.s:22     .text:00000022 gsszbz
                 1.s:28     .text:0000002c rccchushihua
                 1.s:38     .text:0000003e chaxun
                 1.s:44     .text:00000048 rccgg
                 1.s:51     .text:00000050 dengdai14mshizhongwending
                 1.s:56     .text:00000056 waisheshizhong
                 1.s:73     .text:00000066 io_she_zhi
                 1.s:96     .text:0000006c zhuchengxu
                 1.s:100    .text:00000072 liushuideng
                 1.s:108    .text:00000080 xie595
                 1.s:142    .text:000000ba yanshi
                 1.s:118    .text:00000092 xunhuan595
                 1.s:126    .text:000000a0 xie595_0
                 1.s:128    .text:000000a2 suocun595
                 1.s:145    .text:000000be yanshi1
                 1.s:160    .text:000000ce $d
                 1.s:160    .text:000000d0 $d

NO UNDEFINED SYMBOLS
