ARM GAS  1.s 			page 1


   1              		@@ 单片机stm32f030f4p6
   2              		@@ 电桥						
   3              		@作者：yjmwxwx
   4              		@时间：2020-08-08
   5              		@编译器：ARM-NONE-EABI
   6              		.thumb
   7              		.syntax unified
   8              		.section .data
   9              		.align 4
  10              	
  11              	cordic_yong_atan_biao:
  12 0000 87640000 		.int 0x00006487,0x00003B58,0x00001F5B,0x00000FEA,0x000007FD,0x000003FF,0x000001FF,0x000000FF,0x000
  12      583B0000 
  12      5B1F0000 
  12      EA0F0000 
  12      FD070000 
  13              	zheng_xian_100khz:
  14 0040 07000900 		.short 0x7,0x9,0xb,0xd,0xe,0xe,0xe,0xd,0xb,0x9,0x7,0x5,0x3,0x1,0x0,0x0,0x0,0x1,0x3,0x5
  14      0B000D00 
  14      0E000E00 
  14      0E000D00 
  14      0B000900 
  15 0068 00000000 		.align 4
  15      00000000 
  16              	xuan_zhuan_yin_zi:
  17 0070 00800000 		.int 0x8000,0x0000,0x66CF,0xFFFFB3C1,0x2528,0xFFFF8583,0xFFFFD4E1,0xFFFF877C,0xFFFF9593,0xFFFFB8E4
  17      00000000 
  17      CF660000 
  17      C1B3FFFF 
  17      28250000 
  18              		.align 4
  19              	cordic_yong_cos_sin:
  20 0870 00000000 		.int 0x0000,0x4000,0x2D41,0x2D41,0x3B20,0x187D,0x3EC5,0x0C7C,0x3FB1,0x0645,0x3FEC,0x0323,0x3FFB,0x
  20      00400000 
  20      412D0000 
  20      412D0000 
  20      203B0000 
  21              		.align 4
  22              	dang_wei_biao:
  23 08f0 D3040000 		.word __dang_wei0 +1
  24 08f4 FD040000 		.word __dang_wei1 +1
  25 08f8 25050000 		.word __dang_wei2 +1
  26 08fc 4D050000 		.word __dang_wei3 +1
  27 0900 75050000 		.word __dang_wei4 +1
  28 0904 9D050000 		.word __dang_wei5 +1
  29              	an_jian_biao:
  30 0908 29040000 		.word __an_jian0         	   	   +1	
  31 090c DD030000 		.word __dang_wei_jia     	   	   +1
  32 0910 0B040000 		.word __pin_lv_jia      	   	   +1
  33 0914 11040000 		.word __an_jian3         	           +1
  34 0918 17040000 		.word __an_jian4 		   	   +1
  35 091c 1D040000 		.word __an_jian5          	          +1
  36 0920 23040000 		.word __an_jian6 		          +1
  37 0924 55030000 		.word __an_jian7			   +1
  38 0928 00000000 		.align 4
  38      00000000 
  39              	yjmwxwx:
ARM GAS  1.s 			page 2


  40 0930 796A6D77 		.ascii "yjmwxwx-20200808"
  40      7877782D 
  40      32303230 
  40      30383038 
  41              		.align 4
  42              	kong:
  43 0940 20202020 		.int 0x20202020
  44              	_fu:
  45 0944 2D       		.ascii "-"
  46              	hao_ou:
  47 0945 6DF40000 		.int 0xf46d
  48              	ou:
  49 0949 20F40000 	        .int 0xf420
  50              	qian_ou:
  51 094d 6BF40000 		.int 0xf46b
  52              	zhao_ou:
  53 0951 4DF40000 		.int 0xf44d
  54              		.int 
  55              	kai_lu_jiao_zhun:
  56 0955 6B616920 		.ascii "kai lu jiao zhun"
  56      6C75206A 
  56      69616F20 
  56      7A68756E 
  57              	duan_lu_jiao_zhun:
  58 0965 6475616E 		.ascii "duan lu jiaozhun"
  58      206C7520 
  58      6A69616F 
  58      7A68756E 
  59              	pi_pei_jiao_zhun:
  60 0975 70692070 		.ascii "pi pei jiao zhun"
  60      6569206A 
  60      69616F20 
  60      7A68756E 
  61 0985 00000000 		.align 4	
  61      00000000 
  61      000000
  62              		.equ STACKINIT,        	        0x20001000
  63              		.equ asciimabiao,		0x20000000
  64              		.equ fuhao,			0x200000f0
  65              		.equ Rs,			0x20000100	@串联电阻
  66              		.equ Xs,			0x20000104	@串联电抗
  67              		.equ Cs,			0x20000108	@串联电容
  68              		.equ jiaodu,			0x20000108
  69              		.equ kailu_r,			0x2000010c
  70              		.equ liangcheng,		0x20000110
  71              		.equ dangwei,			0x20000114
  72              		.equ shangbi_r,			0x20000184
  73              		.equ shangbi_i,			0x20000188
  74              		.equ xiabi_r,			0x2000018c
  75              		.equ xiabi_i,			0x20000190
  76              		.equ jiaozhunkaiguan,		0x20000194
  77              		.equ cankaodianzu,		0x200001c8
  78              		.equ xiaoshudianweizhi,		0x200001cc
  79              		.equ xiabifangdakaiguan,	0x200001d0
  80              		.equ shangbifangdakaiguan,	0x200001d4
  81              		.equ dangweijiayanshi,		0x200001d8
  82              		.equ caidanzhizhen,		0x200001dc
ARM GAS  1.s 			page 3


  83              		.equ caidanbiao,		0x200001e0
  84              	        .equ dianyabiaozhizhen,         0x200001f8
  85              	        .equ dianyabiaoman,             0x200001fc
  86              		.equ dianyabiao,		0x20000200
  87              		.equ zhengxiangbiao,		0x20000450
  88              		.equ fanxiangbiao,		0x20000700
  89              	        .equ lvboqizhizhen,             0x20000a00
  90              	        .equ lvboqihuanchong,           0x20000a04
  91              	        .equ lvboqizhizhen1,            0x20000b04
  92              	        .equ lvboqihuanchong1,          0x20000b08
  93              	        .equ lvboqizhizhen2,            0x20000c08
  94              	        .equ lvboqihuanchong2,          0x20000c0c
  95              	        .equ lvboqizhizhen3,            0x20000d10
  96              	        .equ lvboqihuanchong3,          0x20000d14
  97              		.section .text
  98              	vectors:
  99 0000 00100020 		.word STACKINIT
 100 0004 B1000000 		.word _start + 1
 101 0008 DD0E0000 		.word _nmi_handler + 1
 102 000c DF0E0000 		.word _hard_fault  + 1
 103 0010 00000000 		.word 0
 104 0014 00000000 		.word 0
 105 0018 00000000 		.word 0
 106 001c 00000000 		.word 0
 107 0020 00000000 		.word 0
 108 0024 00000000 		.word 0
 109 0028 00000000 		.word 0
 110 002c E10E0000 		.word _svc_handler +1
 111 0030 00000000 		.word 0
 112 0034 00000000 		.word 0
 113 0038 E30E0000 		.word _pendsv_handler +1
 114 003c E50E0000 		.word _systickzhongduan +1           @ 15
 115 0040 E50E0000 		.word aaa +1     @ _wwdg +1          @ 0
 116 0044 E50E0000 		.word aaa +1     @_pvd +1            @ 1
 117 0048 E50E0000 		.word aaa +1     @_rtc +1            @ 2
 118 004c E50E0000 		.word aaa +1     @_flash +1          @ 3
 119 0050 E50E0000 		.word aaa +1	@ _rcc + 1           @ 4
 120 0054 E50E0000 		.word aaa +1      @_exti0_1  +1      @ 5
 121 0058 E50E0000 		.word aaa +1      @ _exti2_3 +1      @ 6
 122 005c E50E0000 		.word aaa +1       @_exti4_15 +1     @ 7
 123 0060 E50E0000 		.word aaa +1                         @ 8
 124 0064 E50E0000 		.word aaa +1	@__dma_wan  +1	     @ 9
 125 0068 E50E0000 		.word aaa +1    @_dma1_2_3 +1        @ 10
 126 006c E50E0000 		.word aaa +1       @_dma1_4_5 +1     @ 11
 127 0070 E50E0000 		.word aaa +1	 @_adc1 +1           @ 12
 128 0074 E50E0000 		.word aaa +1       @_tim1_brk_up +1  @ 13
 129 0078 E50E0000 		.word aaa +1        @ _tim1_cc +1    @ 14
 130 007c E50E0000 		.word aaa +1         @_tim2 +1       @ 15
 131 0080 E50E0000 		.word aaa +1          @_tim3 +1      @ 16
 132 0084 E50E0000 		.word aaa +1                         @ 17
 133 0088 E50E0000 		.word aaa +1		             @ 18
 134 008c E50E0000 		.word aaa +1	@_tim14 +1           @ 19
 135 0090 E50E0000 		.word aaa +1                         @ 20
 136 0094 E50E0000 		.word aaa +1         @_tim16 +1      @ 21
 137 0098 E50E0000 		.word aaa +1         @_tim17 +1      @ 22
 138 009c E50E0000 		.word aaa +1          @_i2c   +1     @ 23
 139 00a0 E50E0000 		.word aaa +1                         @ 24
ARM GAS  1.s 			page 4


 140 00a4 E50E0000 		.word aaa +1           @_spi   +1    @ 25
 141 00a8 E50E0000 		.word aaa +1                         @ 26
 142 00ac E50E0000 		.word aaa +1         @_usart1 +1     @ 27
 143              		.align 2
 144              	_start:
 145 00b0 7648     		ldr r0, = 1029
 146 00b2 00F001F8 		bl __cordic_cos_sin
 147 00b6 01BE     		bkpt # 1
 148              	__cordic_cos_sin:
 149              		@入口R0
 150              		@出口R0=COS，R1=SIN
 151              		@ x= 0x4dba
 152              		@ r1=x,r2=y,r0=z,r4=d,r5=k,r6=cordic_mabiao
 153              	
 154 00b8 FCB5     		push {r2-r7,lr}
 155 00ba 4246     		mov r2, r8
 156 00bc 4B46     		mov r3, r9
 157 00be 0CB4     		push {r2-r3}
 158 00c0 0025     		movs r5, # 0
 159 00c2 2A46     		mov r2, r5
 160 00c4 2C46     		mov r4, r5
 161 00c6 7249     		ldr r1, = 0x4dba
 162              	cordicxunhuan:	 @ 循环
 163 00c8 C413     		asrs r4, r0, # 15
 164              		@ x
 165 00ca 1746     		mov r7, r2
 166 00cc 2A41     		asrs r2, r2, r5
 167 00ce 6240     		eors r2, r2, r4
 168 00d0 121B     		subs r2, r2, r4
 169 00d2 8B1A     		subs r3, r1, r2
 170              		@ y
 171 00d4 0E46     		mov r6, r1
 172 00d6 2941     		asrs r1, r1, r5
 173 00d8 6140     		eors r1, r1, r4
 174 00da 091B     		subs r1, r1, r4
 175 00dc 7F18     		adds r7, r7, r1
 176              		@ z
 177 00de 6D4E     		ldr r6, = cordic_yong_atan_biao
 178 00e0 AA00     		lsls r2, r5, # 2
 179 00e2 B158     		ldr r1, [r6, r2]
 180 00e4 6140     		eors r1, r1, r4
 181 00e6 091B     		subs r1, r1, r4
 182 00e8 401A     		subs r0, r0, r1
 183 00ea 1946     		mov r1, r3  		
 184 00ec 3A46     		mov r2, r7
 185 00ee 0135     		adds r5, # 1
 186 00f0 102D     		cmp r5, # 16
 187 00f2 E9D1     		bne cordicxunhuan
 188 00f4 1846     		mov r0, r3
 189 00f6 3946     		mov r1, r7
 190 00f8 0CBC     		pop {r2-r3}
 191 00fa 9046     		mov r8, r2
 192 00fc 9946     		mov r9, r3
 193 00fe FCBD     		pop {r2-r7,pc}
 194              	
 195              		
 196              		
ARM GAS  1.s 			page 5


 197              		
 198              		
 199              	shizhong:
 200 0100 654A     	        ldr r2, = 0x40022000   @FLASH访问控制
 201 0102 3221     	        movs r1, # 0x32
 202 0104 1160     	        str r1, [r2]           @FLASH缓冲 缓冲开启
 203 0106 6548     	        ldr r0, = 0x40021000 @ rcc
 204 0108 6549     		ldr r1, = 0x10001
 205 010a 0160     	        str r1, [r0]
 206              	denghse:
 207 010c 0168     	        ldr r1, [r0]
 208 010e 8903     	        lsls r1, r1, # 14
 209 0110 FCD5     	        bpl denghse
 210              	dengpllguan:
 211 0112 0168     	        ldr r1, [r0]
 212 0114 8901     		lsls r1, r1, # 6
 213 0116 FCD4     		bmi dengpllguan
 214 0118 6249     		ldr r1, = 0x150002
 215 011a 0046     		mov r0, r0
 216 011c 4160     		str r1, [r0, # 0x04]
 217 011e 0046     		mov r0, r0
 218 0120 6149     		ldr r1, = 0x1010000
 219 0122 0046     		mov r0, r0
 220 0124 0160     		str r1, [r0]
 221              	
 222              	dengpll:
 223 0126 0168     	        ldr r1, [r0]
 224 0128 8901     		lsls r1, # 6
 225 012a FCD5     		bpl dengpll
 226              	
 227              	
 228 012c 5F49     		ldr r1, = 100
 229 012e 0163     		str r1, [r0, # 0x30]
 230              	_waisheshizhong:                         @ 外设时钟
 231              	        @+0x14=RCC_AHBENR
 232              		@ 0=DMA @ 2=SRAM @ 4=FLITF@ 6=CRC @ 17=PA @ 18=PB @ 19=PC @ 20=PD @ 22=PF
 233 0130 5A48     		ldr r0, = 0x40021000
 234 0132 5F49     		ldr r1, = 0x60001
 235 0134 4161     	        str r1, [r0, # 0x14]
 236              	
 237              	        @+0x18外设时钟使能寄存器 (RCC_APB2ENR)
 238              	        @0=SYSCFG @5=USART6EN @9=ADC @11=TIM1 @12=SPI1 @14=USART1 @16=TIM15 @17=TIM16 @18=TIM17 @22
 239 0136 5F49     	        ldr r1, = 0xa00
 240 0138 8161     		str r1, [r0, # 0x18]
 241              		@+0X1C=RCC_APB1ENR
 242              		@ 1=TIM3 @ 4=TIM6 @ 5=TIM7 @ 8=TIM14 @ 11=WWDG @ 14=SPI @ 17=USRT2 @ 18=USART3 @ 20=USART5 @ 21=I2
 243              		@ 22=I2C2 @ 23=USB @ 28=PWR
 244 013a 5F4A     	        ldr r2, = 0x902
 245 013c C261     	        str r2, [r0, # 0x1c]
 246              	
 247              	_neicunqingling:
 248 013e 5F48     		ldr r0, = 0x20000000
 249 0140 0021     		movs r1, # 0
 250 0142 5F4B     		ldr r3, = 0x1000
 251              	_neicunqinglingxunhuan:
 252 0144 043B     		subs r3, # 4
 253 0146 C150     		str r1, [r0, r3]
ARM GAS  1.s 			page 6


 254 0148 FCD1     		bne _neicunqinglingxunhuan
 255              	
 256              	__fu_zhi_cai_dan_biao:
 257 014a 5E48     		ldr r0, = an_jian_biao
 258 014c 5E49     		ldr r1, = caidanbiao
 259 014e 0268     		ldr r2, [r0]
 260 0150 4368     		ldr r3, [r0, # 0x04]
 261 0152 8468     	        ldr r4, [r0, # 0x08]
 262 0154 C568     	        ldr r5, [r0, # 0x0c]
 263 0156 0669     	        ldr r6, [r0, # 0x10]
 264 0158 4769     	        ldr r7, [r0, # 0x14]
 265 015a 0A60     	        str r2, [r1]
 266 015c 4B60     	        str r3, [r1, # 0x04]
 267 015e 8C60     	        str r4, [r1, # 0x08]
 268 0160 CD60     	        str r5, [r1, # 0x0c]
 269 0162 0E61     	        str r6, [r1, # 0x10]
 270 0164 4F61     	        str r7, [r1, # 0x14]
 271 0166 8269     		ldr r2, [r0, # 0x18]
 272 0168 C369     		ldr r3, [r0, # 0x1c]
 273 016a 8A61     		str r2, [r1, # 0x18]
 274 016c CB61     		str r3, [r1, # 0x1c]
 275              	_waishezhongduan:				@外设中断
 276              		@0xE000E100    0-31  写1开，写0没效
 277              		@0XE000E180    0-31 写1关，写0没效
 278              		@0XE000E200    0-31 挂起，写0没效
 279              		@0XE000E280    0-31 清除， 写0没效
 280 016e 5748     		ldr r0, =  0xe000e100
 281 0170 5749     		ldr r1, = 0x200 @0x10200  @ 0x10000
 282 0172 0160     		str r1, [r0]
 283              	@_kanmengou:
 284              	@	ldr r0, = 0x40003000
 285              	@	ldr r1, = 0x5555
 286              	@	str r1, [r0]
 287              	@	movs r1, # 7
 288              	@	str r1, [r0, # 4]
 289              	@	ldr r1, = 0xfff
 290              	@	str r1, [r0, # 8]
 291              	@	ldr r1, = 0xaaaa
 292              	@	str r1, [r0]
 293              	@	ldr r1, = 0xcccc
 294              	@	str r1, [r0]
 295              	
 296              	
 297              	@_systick:				@ systick定时器初始化
 298              	@
 299              	@	ldr r0, = 0xe000e010
 300              	@	ldr r1, = 0xffffff
 301              	@	str r1, [r0, # 4]
 302              	@	str r1, [r0, # 8]	
 303              	@	movs r1, # 0x07
 304              	@	str r1, [r0]
 305              		
 306              	io_she_zhi:
 307              		@@@@@@@@@@@@@@@@@@@@@@@@@@@@@@@@@@@@@@@@@@@@@@@@@@@@@@@@@@@@@@@@@@@@@@@@@@@@@@@@@@@@@@@@@@@@@@
 308              		@a(0x48000000)b(0x48000400)c(0x48000800)d(0x48000c00)f(0x48001400)
 309              		@ 输入（00），通用输出（01），复用功能（10），模拟（11）
 310              		@偏移0x4 = 端口输出类型 @ （0 推挽），（ 1 开漏）
ARM GAS  1.s 			page 7


 311              		@偏移0x8 = 输出速度  00低速， 01中速， 11高速
 312              		@偏移0xC = 上拉下拉 (00无上下拉，  01 上拉， 10下拉)
 313              		@偏移0x10 = 输入数据寄存器
 314              		@偏移0x14 = 输出数据寄存器
 315              		@偏移0x18 = 端口开  0-15置位
 316              		@偏移0x28 = 端口关
 317              		@0X20 = 复用低
 318              		@GPIO口0（0-3位）每个IO口占用4位
 319              		@ AF0 = 0X0000, AF1 = 0X0001, AF2 = 0X0010 AF3 = 0X0011, AF4 = 0X0100
 320              		@ AF5 = 0X0101, AF6 = 0X0111, AF7 = 0X1000
 321              		@0x24 = 复用高
 322              		@GPIO口8 （0-3位）每个IO口占用4位
 323              		@ AF0 = 0X0000, AF1 = 0X0001, AF2 = 0X0010 AF3 = 0X0011, AF4 = 0X0100
 324              		@ AF5 = 0X0101, AF6 = 0X0111, AF7 = 0X1000
 325              		@@@@@@@@@@@@@@@@@@@@@@@@@@@@@@@@@@@@@@@@@@@@@@@@@@@@@@@@@@@@@@@@@@@@@@@@@@@@@@@@@@@@@@@@@@@@@@
 326              	
 327 0174 5748     		ldr r0, = 0x48000000
 328 0176 5849     		ldr r1, = 0x2824544f
 329 0178 0160     		str r1, [r0]
 330 017a 5849     		ldr r1, =  0x2e8
 331 017c 4160     		str r1, [r0, # 0x04]
 332 017e 5449     		ldr r1, = 0x200
 333 0180 4162     		str r1, [r0, # 0x24]
 334 0182 5749     		ldr r1, = 0x110
 335 0184 C160     		str r1, [r0, # 0x0c]
 336              		
 337 0186 5748     		ldr r0, = 0x48000400
 338 0188 0221     		movs r1, # 0x02
 339 018a 4160     		str r1, [r0, # 0x04]
 340 018c 0421     		movs r1, # 0x04
 341 018e C160     		str r1, [r0, # 0x0c]
 342              	_lcdchushihua:
 343 0190 3320     		movs r0, # 0x33
 344 0192 0021     		movs r1, # 0
 345 0194 00F0D9FC 		bl _xielcd
 346 0198 00F0D2FC 		bl _lcdyanshi
 347              	
 348 019c 3220     		movs r0, # 0x32
 349 019e 0021     		movs r1, # 0
 350 01a0 00F0D3FC 		bl _xielcd
 351 01a4 00F0CCFC 		bl _lcdyanshi
 352 01a8 2820     		movs r0, # 0x28
 353 01aa 0021     		movs r1, # 0
 354 01ac 00F0CDFC 		bl _xielcd
 355 01b0 00F0C6FC 		bl _lcdyanshi
 356 01b4 0C20     		movs r0, # 0x0c
 357 01b6 0021     		movs r1, # 0
 358 01b8 00F0C7FC 		bl _xielcd
 359 01bc 00F0C0FC 		bl _lcdyanshi
 360 01c0 0120     		movs r0, # 0x01
 361 01c2 0021     		movs r1, # 0
 362 01c4 00F0C1FC 		bl _xielcd
 363 01c8 00F0BAFC 		bl _lcdyanshi
 364              	
 365 01cc 8020     	        movs r0, # 0x80
 366 01ce 4649     	        ldr r1, = yjmwxwx
 367 01d0 1022     		movs r2, # 16
ARM GAS  1.s 			page 8


 368 01d2 00F0A7FC 	        bl _lcdxianshi
 369 01d6 4548     		ldr r0, = 0xffff
 370              	yjmwxwx_yanshi:
 371 01d8 0138     		subs r0, r0, # 1
 372 01da FDD1     		bne yjmwxwx_yanshi
 373              	
 374              	_adcchushihua:
 375 01dc 4448     	        ldr r0, = 0x40012400  @ adc基地址
 376 01de 4549     	        ldr r1, = 0x80000000
 377 01e0 8160     	        str r1, [r0, # 0x08]  @ ADC 控制寄存器 (ADC_CR)  @adc校准
 378              	_dengadcjiaozhun:
 379 01e2 8168     	        ldr r1, [r0, # 0x08]
 380 01e4 0900     	        movs r1, r1
 381 01e6 FCD4     	        bmi _dengadcjiaozhun   @ 等ADC校准
 382 01e8 0121     		movs r1, # 1
 383 01ea 0160     		str r1, [r0]
 384              	_kaiadc:
 385 01ec 8168     	        ldr r1, [r0, # 0x08]
 386 01ee 0122     	        movs r2, # 0x01
 387 01f0 1143     	        orrs r1, r1, r2
 388 01f2 8160     	        str r1, [r0, # 0x08]
 389              	_deng_adc_wen_ding:
 390 01f4 0168     	        ldr r1, [r0]
 391 01f6 C907     	        lsls r1, r1, # 31
 392 01f8 FCD5     	        bpl _deng_adc_wen_ding @ 等ADC稳定
 393              	_tongdaoxuanze:
 394 01fa 3F49     	        ldr r1, = 0x40000000
 395 01fc 0161     	        str r1, [r0, # 0x10]
 396 01fe 3F49     	        ldr r1, = 0x02
 397 0200 8162     	        str r1, [r0, # 0x28]    @ 通道选择寄存器 (ADC_CHSELR)
 398 0202 3F49     	        ldr r1, = 0x803 @ 0xc43		@TIM3 0x8c3 @0x2003 @0x8c3
 399 0204 C160     	        str r1, [r0, # 0x0c]    @ 配置寄存器 1 (ADC_CFGR1)
 400 0206 0021     	        movs r1, # 0
 401 0208 4161     		str r1, [r0, # 0x14]    @ ADC 采样时间寄存器 (ADC_SMPR)
 402 020a 8168     	        ldr r1, [r0, # 0x08]
 403 020c 3D4A     	        ldr r2, = 0x04         @ 开始转换
 404 020e 1143     		orrs r1, r1, r2
 405 0210 8160     	        str r1, [r0, # 0x08]    @ 控制寄存器 (ADC_CR)
 406              	dmachushihua:
 407              	        @+0=LSR,+4=IFCR,
 408              	        @+8=CCR1,+c=CNDTR1,+10=CPAR1+14=CMAR1,
 409              	        @+1c=CCR2,+20=CNDTR2,+24=CPAR2,+28=CMAR2
 410              	        @+30=CCR3,+34=CNDTR3,+38=CPAR2,+3c=CMAR3
 411              	        @+44=CCR4,+48=CNDTR4,+4c=CPAR4,+50=CMAR4
 412              	        @+58=CCR5,+5c=CNDTR5,+60=CPAR5,+64=CMAR5
 413              	        @+6C=CCR6,+70=CNDTR6,+74=CPAR6,+78=CMAR6
 414              	        @+80=CCR7,+84=CNDTR7,+88=CPAR7,+8c=CMAR7
 415              	        @tim1ch3DMA
 416              	
 417              	        @tim1ch3DMA
 418 0212 3D48     	        ldr r0, = 0x40020000
 419 0214 3D49     	        ldr r1, = 0x40012c3c @ 外设地址
 420 0216 0166     	        str r1, [r0, # 0x60]
 421 0218 3D49     	        ldr r1, = zheng_xian_100khz @ 储存器地址
 422 021a 4166     	        str r1, [r0, # 0x64]
 423 021c 3D49     	        ldr r1, = 20             @点数
 424 021e C165     	        str r1, [r0, # 0x5c]
ARM GAS  1.s 			page 9


 425 0220 3D49     	        ldr r1, = 0x35b1         @ 储存到外设
 426 0222 8165     	        str r1, [r0, # 0x58]
 427              	
 428              		@ adc dma
 429 0224 3848     		ldr r0, = 0x40020000
 430 0226 3D49     		ldr r1, = 0x40012440
 431 0228 0161     		str r1, [r0, # 0x10]
 432 022a 3D49     		ldr r1, = dianyabiao
 433 022c 4161     		str r1, [r0, # 0x14]
 434 022e 3D49     		ldr r1, = 260
 435 0230 C160     		str r1, [r0, # 0x0c]
 436 0232 3D49     		ldr r1, = 0x5a1 @  0x583 	@ 5a1
 437 0234 8160     		str r1, [r0, # 0x08]
 438              	
 439              		
 440              	tim1chushiha:				
 441 0236 3D48     	        ldr r0, = 0x40012c00 @ tim1_cr1
 442 0238 0021     	        movs r1, # 0
 443 023a 8162     	        str r1, [r0, # 0x28] @ psc
 444 023c 3C49     		ldr r1, = 27
 445 023e C162     	        str r1, [r0, # 0x2c] @ ARR
 446              		@movs r1, # 0x40
 447 0240 2021     	        movs r1, # 0x20
 448 0242 4160     	        str r1, [r0, # 0x04] @ TRGO
 449 0244 3821     	        movs r1, # 0x38
 450 0246 8161     	        str r1, [r0, # 0x18] @ ccmr1 cc1
 451 0248 1B21     	        movs r1, # 27
 452 024a 4163     	        str r1, [r0, # 0x34]
 453 024c 3949     	        ldr r1, = 0x68
 454 024e C161     	        str r1, [r0, # 0x1c] @ ccmr2  CC3
 455 0250 3949     		ldr r1, = 0x100    @  CC3
 456 0252 0162     		str r1, [r0, # 0x20] @ ccer
 457 0254 3949     		ldr r1, = 0x8000
 458 0256 4164     		str r1, [r0, # 0x44] @ BDTR
 459 0258 3949     	        ldr r1, = 0x800 @ CC3 DMA
 460 025a C160     	        str r1, [r0, # 0x0c] @ DIER
 461 025c 3949     	        ldr r1, = 0x81
 462 025e 0160     		str r1, [r0]
 463              	
 464 0260 1C48     		ldr r0,= 0x48000000
 465 0262 0821     		movs r1, # 0x08
 466 0264 8162     		str r1, [r0, # 0x28]
 467              	
 468              		
 469 0266 3848     		ldr r0, = 0xffffff
 470              	adc_yanshi:
 471 0268 0138     		subs r0, r0, # 1
 472 026a FDD1     		bne adc_yanshi
 473 026c 0120     	        movs r0, # 0x01
 474 026e 0021     	        movs r1, # 0
 475 0270 00F06BFC 	        bl _xielcd
 476 0274 00F064FC 		bl _lcdyanshi
 477              		
 478 0278 3448     		ldr r0, = liangcheng
 479 027a 8021     		movs r1, # 0x80
 480 027c 0160     		str r1, [r0]
 481              	
ARM GAS  1.s 			page 10


 482              	
 483 027e 3448     	        ldr r0, = dangwei
 484 0280 0121     		movs r1, # 1
 485 0282 0160     		str r1, [r0]
 486 0284 00F01EF9 		bl __dang_wei_she_zhi
 487              	
 488 0288 64E0     		b t1
 489 028a 00000504 		.ltorg
 489      0000BA4D 
 489      00000000 
 489      00000020 
 489      02400010 
 490              	__an_jian7:
 491              	t1:	
 492 0354 A348     		ldr r0, = dangwei
 493 0356 0121     		movs r1, # 1
 494 0358 0160     	        str r1, [r0]
 495 035a 00F0B3F8 	        bl __dang_wei_she_zhi
 496 035e 0120     	        movs r0, # 0x01
 497 0360 0021     	        movs r1, # 0
 498 0362 00F0F2FB 	        bl _xielcd
 499 0366 00F0EBFB 		bl _lcdyanshi
 500              	t:
 501 036a 00F015FA 		bl __ji_suan_zu_kang
 502 036e 9E48     		ldr r0, = shangbi_r
 503 0370 9E49     		ldr r1, = shangbi_i
 504 0372 9F4A     		ldr r2, = xiabi_r
 505 0374 9F4B     		ldr r3, = xiabi_i
 506 0376 0068     		ldr r0, [r0]
 507 0378 0968     		ldr r1, [r1]
 508 037a 1268     		ldr r2, [r2]
 509 037c 1B68     		ldr r3, [r3]
 510 037e 00F05FF9 		bl __xian_shi_shang_xia_bi
 511 0382 00F05DFB 		bl __an_jian
 512 0386 0428     		cmp r0, # 4
 513 0388 EFD1     		bne t
 514 038a 0120     	        movs r0, # 0x01
 515 038c 0021     		movs r1, # 0
 516 038e 00F0DCFB 		bl _xielcd
 517 0392 00F0D5FB 		bl _lcdyanshi
 518              	__jiaodu:
 519 0396 00F0FFF9 		bl __ji_suan_zu_kang
 520 039a 9348     		ldr r0, = shangbi_r
 521 039c 9349     		ldr r1, = shangbi_i
 522 039e 0068     		ldr r0, [r0]
 523 03a0 0968     		ldr r1, [r1]
 524 03a2 00F060FB 		bl __atan2_ji_suan
 525 03a6 0400     	       movs r4, r0
 526 03a8 07D5     	        bpl __jiaodu_bu_shi_zheng1
 527 03aa 8220     	        movs r0, # 0x82
 528 03ac 9249     	        ldr r1, = _fu
 529 03ae 0122     	        movs r2, # 1
 530 03b0 00F0B8FB 	        bl _lcdxianshi
 531 03b4 E443     	        mvns r4, r4
 532 03b6 0134     	        adds r4, r4, # 1
 533 03b8 04E0     	        b __xian_shi_jiaodu1
 534              	__jiaodu_bu_shi_zheng1:
ARM GAS  1.s 			page 11


 535 03ba 8220     	        movs r0, # 0x82
 536 03bc 8F49     	        ldr r1, = kong
 537 03be 0122     	        movs r2, # 1
 538 03c0 00F0B0FB 	        bl _lcdxianshi
 539              	__xian_shi_jiaodu1:
 540 03c4 2046     	        mov r0, r4
 541 03c6 0A21     	        movs r1, # 10
 542 03c8 8D4A     	        ldr r2, = asciimabiao
 543 03ca FF23     	        movs r3, # 0xff
 544 03cc 00F0F9FB 	        bl _zhuanascii
 545 03d0 8320     	        movs r0, # 0x83
 546 03d2 8B49     	        ldr r1, = asciimabiao
 547 03d4 0A22     	        movs r2, # 10
 548 03d6 00F0A5FB 	        bl _lcdxianshi
 549              	
 550 03da DCE7     		b __jiaodu
 551              	__dang_wei_jia:
 552 03dc 8948     		ldr r0, = dangweijiayanshi
 553 03de 0168     		ldr r1, [r0]
 554 03e0 0131     		adds r1, r1, # 1
 555 03e2 0160     		str r1, [r0]
 556 03e4 6429     		cmp r1, # 100
 557 03e6 09D1     		bne __dang_wei_fan_hui
 558 03e8 0021     		movs r1, # 0
 559 03ea 0160     		str r1, [r0]
 560 03ec 7D48     		ldr r0, = dangwei
 561 03ee 0168     		ldr r1, [r0]
 562 03f0 0131     		adds r1, r1, # 1
 563 03f2 0160     		str r1, [r0]
 564 03f4 0629     		cmp r1, # 6
 565 03f6 01D1     		bne __dang_wei_fan_hui
 566 03f8 0021     		movs r1, # 0
 567 03fa 0160     		str r1, [r0]
 568              	__dang_wei_fan_hui:
 569 03fc 00F062F8 		bl __dang_wei_she_zhi
 570 0400 00F0E1F8 		bl __dang_wei_xian_shi
 571 0404 00F01CFB 	        bl __an_jian
 572 0408 58E0     		b __cai_dan_diao_du
 573              	__pin_lv_jia:
 574 040a 00F019FB 	        bl __an_jian
 575 040e 55E0     		b __cai_dan_diao_du
 576              	__an_jian3:
 577 0410 00F016FB 	        bl __an_jian
 578 0414 52E0     	        b __cai_dan_diao_du
 579              	__an_jian4:
 580 0416 00F013FB 	        bl __an_jian
 581 041a 4FE0     	        b __cai_dan_diao_du
 582              	__an_jian5:
 583 041c 00F010FB 	        bl __an_jian
 584 0420 4CE0     	        b __cai_dan_diao_du
 585              	__an_jian6:
 586 0422 00F00DFB 	        bl __an_jian
 587 0426 49E0     		b __cai_dan_diao_du
 588              	__an_jian0:	
 589              	ting:	
 590 0428 00F0CDF8 		bl __dang_wei_xian_shi
 591 042c 00F0B4F9 		bl __ji_suan_zu_kang
ARM GAS  1.s 			page 12


 592 0430 00F076F9 		bl __dian_rong_ji_suan
 593              	__xianshi_zukang:
 594 0434 744A     		ldr r2, = cankaodianzu
 595 0436 7548     		ldr r0, = Rs		@dianzu
 596 0438 1268     		ldr r2, [r2]
 597 043a 0168     		ldr r1, [r0]
 598 043c 5143     		muls r1, r1, r2
 599 043e C913     		asrs r1, r1, # 15
 600 0440 0C00     	       movs r4, r1
 601 0442 07D5     		bpl __dian_zu_bu_shi_zheng
 602 0444 8220     		movs r0, # 0x82
 603 0446 6C49     	        ldr r1, = _fu
 604 0448 0122     	        movs r2, # 1
 605 044a 00F06BFB 	        bl _lcdxianshi
 606 044e E443     	        mvns r4, r4
 607 0450 0134     	        adds r4, r4, # 1
 608 0452 04E0     	        b __xian_shi_dian_zu
 609              	__dian_zu_bu_shi_zheng:
 610 0454 8220     		movs r0, # 0x82
 611 0456 6949     		ldr r1, = kong
 612 0458 0122     		movs r2, # 1
 613 045a 00F063FB 	        bl _lcdxianshi
 614              	__xian_shi_dian_zu:
 615 045e 2046     	        mov r0, r4
 616 0460 0A21     	        movs r1, # 10
 617 0462 6B4B     		ldr r3, = xiaoshudianweizhi
 618 0464 664A     	        ldr r2, = asciimabiao
 619 0466 1B68     	        ldr r3, [r3]
 620 0468 00F0ABFB 	        bl _zhuanascii
 621 046c 8320     	        movs r0, # 0x83
 622 046e 6449     	        ldr r1, = asciimabiao
 623 0470 0A22     	        movs r2, # 10
 624 0472 00F057FB 	        bl _lcdxianshi
 625              	
 626 0476 644A     		ldr r2, = cankaodianzu
 627 0478 6648     	        ldr r0, = Xs		@diankang
 628 047a 1268     		ldr r2, [r2]
 629 047c 0168     	        ldr r1, [r0]
 630 047e 5143     		muls r1, r1, r2
 631 0480 C913     		asrs r1, r1, # 15
 632 0482 0C00     	       movs r4, r1
 633 0484 07D5     	        bpl __dian_kang_bu_shi_zheng
 634 0486 C020     	        movs r0, # 0xc0
 635 0488 5B49     	        ldr r1, = _fu
 636 048a 0122     	        movs r2, # 1
 637 048c 00F04AFB 	        bl _lcdxianshi
 638 0490 E443     	        mvns r4, r4
 639 0492 0134     	        adds r4, r4, # 1
 640 0494 04E0     	        b __xian_shi_dian_kang
 641              	__dian_kang_bu_shi_zheng:
 642 0496 C020     	        movs r0, # 0xc0
 643 0498 5849     	        ldr r1, = kong
 644 049a 0122     	        movs r2, # 1
 645 049c 00F042FB 	        bl _lcdxianshi
 646              	__xian_shi_dian_kang:
 647 04a0 2046     	        mov r0, r4
 648 04a2 0E21     	        movs r1, # 14
ARM GAS  1.s 			page 13


 649 04a4 5A4B     		ldr r3, = xiaoshudianweizhi
 650 04a6 564A     	        ldr r2, = asciimabiao
 651 04a8 1B68     	        ldr r3, [r3]
 652 04aa 00F08AFB 	        bl _zhuanascii
 653 04ae C120     	        movs r0, # 0xc1
 654 04b0 5349     	        ldr r1, = asciimabiao
 655 04b2 0E22     	        movs r2, # 14
 656 04b4 00F036FB 	        bl _lcdxianshi
 657              	
 658 04b8 00F0C2FA 		bl __an_jian
 659              	__cai_dan_diao_du:
 660 04bc 8000     		lsls r0, r0, # 2
 661 04be 5649     		ldr r1, = caidanbiao
 662 04c0 0A58     		ldr r2, [r1, r0]
 663 04c2 9746     		mov pc, r2
 664              		
 665              	__dang_wei_she_zhi:	
 666              		@ liangcheng 0x00=100,0x80=1K,0x40=10K,0xc0=100K
 667              		@0=9,1=100,2=1k,3=10k,4=100k,5=900k
 668 04c4 3FB5     		push {r0-r5,lr}
 669 04c6 4749     		ldr r1, = dangwei
 670 04c8 5448     		ldr r0, = dang_wei_biao
 671 04ca 0968     		ldr r1, [r1]
 672 04cc 8900     		lsls r1, r1, # 2
 673 04ce 4258     		ldr r2, [r0, r1]
 674 04d0 9746     		mov pc, r2
 675              	__dang_wei0:
 676 04d2 4F48     	        ldr r0, = xiaoshudianweizhi
 677 04d4 FF21     	        movs r1, # 0xff
 678 04d6 4C4A     	        ldr r2, = cankaodianzu
 679 04d8 0160     	        str r1, [r0]
 680 04da 5149     	        ldr r1, = 32768
 681 04dc 1160     	        str r1, [r2]
 682 04de 5148     	        ldr r0, = shangbifangdakaiguan
 683 04e0 0121     		movs r1, # 1
 684 04e2 0160     		str r1, [r0]
 685 04e4 5048     	        ldr r0, = xiabifangdakaiguan
 686 04e6 0021     	        movs r1, # 0
 687 04e8 0160     	        str r1, [r0]
 688 04ea 8E20     		movs r0, # 0x8e
 689 04ec 4F49     	        ldr r1, = hao_ou
 690 04ee 0222     	        movs r2, # 2
 691 04f0 00F018FB 		bl _lcdxianshi
 692 04f4 4E48     	        ldr r0, = liangcheng
 693 04f6 0021     	        movs r1, # 0x00
 694 04f8 0160     	        str r1, [r0]
 695 04fa 3FBD     	        pop {r0-r5,pc}
 696              	__dang_wei1:
 697 04fc 4448     		ldr r0, = xiaoshudianweizhi
 698 04fe FF21     		movs r1, # 0xff
 699 0500 414A     		ldr r2, = cankaodianzu
 700 0502 0160     		str r1, [r0]
 701 0504 4649     		ldr r1, = 32768
 702 0506 1160     		str r1, [r2]
 703 0508 4648     	        ldr r0, = shangbifangdakaiguan
 704 050a 4749     	        ldr r1, = xiabifangdakaiguan
 705 050c 0122     		movs r2, # 1
ARM GAS  1.s 			page 14


 706 050e 0260     	        str r2, [r0]
 707 0510 0A60     	        str r2, [r1]
 708 0512 8E20     		movs r0, # 0x8e
 709 0514 4749     	        ldr r1, = ou
 710 0516 0222     	        movs r2, # 2
 711 0518 00F004FB 	        bl _lcdxianshi
 712 051c 4448     		ldr r0, = liangcheng
 713 051e 0021     		movs r1, # 0x00
 714 0520 0160     		str r1, [r0]
 715 0522 3FBD     	        pop {r0-r5,pc}
 716              	__dang_wei2:
 717 0524 3A48     	        ldr r0, = xiaoshudianweizhi
 718 0526 FF21     	        movs r1, # 0xff
 719 0528 374A     	        ldr r2, = cankaodianzu
 720 052a 0160     	        str r1, [r0]
 721 052c 3C49     	        ldr r1, = 32768
 722 052e 1160     	        str r1, [r2]
 723 0530 3C48     		ldr r0, = shangbifangdakaiguan
 724 0532 3D49     		ldr r1, = xiabifangdakaiguan
 725 0534 0022     		movs r2, # 0
 726 0536 0260     		str r2, [r0]
 727 0538 0A60     		str r2, [r1]
 728 053a 8E20     	        movs r0, # 0x8e
 729 053c 3D49     	        ldr r1, = ou
 730 053e 0222     	        movs r2, # 2
 731 0540 00F0F0FA 	        bl _lcdxianshi
 732 0544 3A48     		ldr r0, = liangcheng
 733 0546 8021     		movs r1, # 0x80
 734 0548 0160     		str r1, [r0]
 735 054a 3FBD     	        pop {r0-r5,pc}
 736              	__dang_wei3:
 737 054c 3048     	        ldr r0, = xiaoshudianweizhi
 738 054e FF21     	        movs r1, # 0xff
 739 0550 2D4A     	        ldr r2, = cankaodianzu
 740 0552 0160     	        str r1, [r0]
 741 0554 3249     	        ldr r1, = 32768
 742 0556 1160     	        str r1, [r2]
 743 0558 3248     	        ldr r0, = shangbifangdakaiguan
 744 055a 3349     	        ldr r1, = xiabifangdakaiguan
 745 055c 0022     		movs r2, # 0
 746 055e 0260     	        str r2, [r0]
 747 0560 0A60     	        str r2, [r1]
 748 0562 8E20     	        movs r0, # 0x8e
 749 0564 3449     	        ldr r1, = qian_ou
 750 0566 0222     	        movs r2, # 2
 751 0568 00F0DCFA 	        bl _lcdxianshi
 752 056c 3048     		ldr r0, = liangcheng
 753 056e 4021     		movs r1, # 0x40
 754 0570 0160     		str r1, [r0]
 755 0572 3FBD     	        pop {r0-r5,pc}
 756              	__dang_wei4:
 757 0574 2648     	        ldr r0, = xiaoshudianweizhi
 758 0576 FF21     	        movs r1, # 0xff
 759 0578 234A     	        ldr r2, = cankaodianzu
 760 057a 0160     	        str r1, [r0]
 761 057c 2849     	        ldr r1, = 32768
 762 057e 1160     	        str r1, [r2]
ARM GAS  1.s 			page 15


 763 0580 2848     	        ldr r0, = shangbifangdakaiguan
 764 0582 2949     	        ldr r1, = xiabifangdakaiguan
 765 0584 0022     		movs r2, # 0
 766 0586 0260     	        str r2, [r0]
 767 0588 0A60     	        str r2, [r1]
 768 058a 8E20     	        movs r0, # 0x8e
 769 058c 2A49     	        ldr r1, = qian_ou
 770 058e 0222     	        movs r2, # 2
 771 0590 00F0C8FA 	        bl _lcdxianshi
 772 0594 2648     		ldr r0, = liangcheng
 773 0596 C021     		movs r1, # 0xc0
 774 0598 0160     		str r1, [r0]
 775 059a 3FBD     	        pop {r0-r5,pc}
 776              	__dang_wei5:
 777 059c 1C48     	        ldr r0, = xiaoshudianweizhi
 778 059e FF21     	        movs r1, # 0xff
 779 05a0 194A     	        ldr r2, = cankaodianzu
 780 05a2 0160     	        str r1, [r0]
 781 05a4 1E49     	        ldr r1, = 32768
 782 05a6 1160     	        str r1, [r2]
 783 05a8 1E48     	        ldr r0, = shangbifangdakaiguan
 784 05aa 0021     		movs r1, # 0
 785 05ac 0160     		str r1, [r0]
 786 05ae 1E48     	        ldr r0, = xiabifangdakaiguan
 787 05b0 0121     	        movs r1, # 1
 788 05b2 0160     		str r1, [r0]
 789 05b4 8E20     	        movs r0, # 0x8e
 790 05b6 2149     	        ldr r1, = zhao_ou
 791 05b8 0222     	        movs r2, # 2
 792 05ba 00F0B3FA 	        bl _lcdxianshi
 793 05be 1C48     	        ldr r0, = liangcheng
 794 05c0 C021     	        movs r1, # 0xc0
 795 05c2 0160     	        str r1, [r0]
 796 05c4 3FBD     		pop {r0-r5,pc}
 797              	__dang_wei_xian_shi:
 798 05c6 0FB5     	        push {r0-r3,lr}
 799 05c8 0648     		ldr r0, = dangwei
 800 05ca 0121     		movs r1, # 1
 801 05cc 0068     		ldr r0, [r0]
 802 05ce 0C4A     	        ldr r2, = asciimabiao
 803 05d0 FF23     	        movs r3, # 0xff
 804 05d2 00F0F6FA 	        bl _zhuanascii
 805 05d6 8020     	        movs r0, # 0x80
 806 05d8 0949     	        ldr r1, = asciimabiao
 807 05da 0122     	        movs r2, # 1
 808 05dc 00F0A2FA 	        bl _lcdxianshi
 809 05e0 0FBD     	        pop {r0-r3,pc}
 810 05e2 00001401 		.ltorg
 810      00208401 
 810      00208801 
 810      00208C01 
 810      00209001 
 811              	__xian_shi_shang_xia_bi:
 812              		@入口 R0= 上臂实部，R1=上臂虚部，R2=下臂实部，R3=下臂虚部
 813              		@上臂实部       上臂虚部
 814              		@下臂实部       下臂虚部
 815 0640 F0B5     		push {r4-r7,lr}
ARM GAS  1.s 			page 16


 816 0642 1F46     		mov r7, r3
 817 0644 1646     		mov r6, r2
 818 0646 0D46     		mov r5, r1
 819              	@显示上臂实部
 820 0648 0400     		movs r4, r0
 821 064a 07D5     		bpl __shang_bi_shi_bu_zheng
 822 064c 8020     	        movs r0, # 0x80
 823 064e 8D49     	        ldr r1, = _fu
 824 0650 0122     	        movs r2, # 1
 825 0652 00F067FA 	        bl _lcdxianshi
 826 0656 E443     		mvns r4, r4
 827 0658 0134     		adds r4, r4, # 1
 828 065a 04E0     		b __xian_shi_shang_bi_shi_bu
 829              	__shang_bi_shi_bu_zheng:	
 830 065c 8020     	        movs r0, # 0x80
 831 065e 8A49     		ldr r1, = kong
 832 0660 0122     	        movs r2, # 1
 833 0662 00F05FFA 	        bl _lcdxianshi
 834              	__xian_shi_shang_bi_shi_bu:
 835 0666 2046     		mov r0, r4
 836 0668 0421     		movs r1, # 4
 837 066a 884A     		ldr r2, = asciimabiao
 838 066c FF23     		movs r3, # 0xff
 839 066e 00F0A8FA 		bl _zhuanascii
 840 0672 8120     		movs r0, # 0x81
 841 0674 8549     		ldr r1, = asciimabiao
 842 0676 0422     		movs r2, # 4
 843 0678 00F054FA 		bl _lcdxianshi
 844              	@显示上臂虚部
 845 067c 2C46     	        mov r4, r5
 846 067e 2400     		movs r4, r4
 847 0680 07D5     	        bpl __shang_bi_xu_bu_zheng
 848 0682 8A20     	        movs r0, # 0x8a
 849 0684 7F49     	        ldr r1, = _fu
 850 0686 0122     	        movs r2, # 1
 851 0688 00F04CFA 	        bl _lcdxianshi
 852 068c E443     	        mvns r4, r4
 853 068e 0134     	        adds r4, r4, # 1
 854 0690 04E0     	        b __xian_shi_shang_bi_xu_bu
 855              	__shang_bi_xu_bu_zheng:
 856 0692 8A20     	        movs r0, # 0x8a
 857 0694 7C49     		ldr r1, = kong
 858 0696 0122     	        movs r2, # 1
 859 0698 00F044FA 	        bl _lcdxianshi
 860              	__xian_shi_shang_bi_xu_bu:
 861 069c 2046     	        mov r0, r4
 862 069e 0421     	        movs r1, # 4
 863 06a0 7A4A     	        ldr r2, = asciimabiao
 864 06a2 FF23     	        movs r3, # 0xff
 865 06a4 00F08DFA 		bl _zhuanascii
 866 06a8 8B20     		movs r0, # 0x8b
 867 06aa 7849     	        ldr r1, = asciimabiao
 868 06ac 0422     	        movs r2, # 4
 869 06ae 00F039FA 		bl _lcdxianshi
 870              	@显示下臂实部：
 871 06b2 3446     	        mov r4, r6
 872 06b4 2400     		movs r4, r4
ARM GAS  1.s 			page 17


 873 06b6 07D5     	        bpl __xia_bi_shi_bu_zheng
 874 06b8 C020     	        movs r0, # 0xc0
 875 06ba 7249     	        ldr r1, = _fu
 876 06bc 0122     	        movs r2, # 1
 877 06be 00F031FA 	        bl _lcdxianshi
 878 06c2 E443     	        mvns r4, r4
 879 06c4 0134     		adds r4, r4, # 1
 880 06c6 04E0     		b __xian_shi_xia_bi_shi_bu
 881              	__xia_bi_shi_bu_zheng:
 882 06c8 C020     	        movs r0, # 0xc0
 883 06ca 6F49     	        ldr r1, = kong
 884 06cc 0122     	        movs r2, # 1
 885 06ce 00F029FA 		bl _lcdxianshi
 886              	__xian_shi_xia_bi_shi_bu:
 887 06d2 2046     		mov r0, r4
 888 06d4 0421     		movs r1, # 4
 889 06d6 6D4A     		ldr r2, = asciimabiao
 890 06d8 FF23     		movs r3, # 0xff
 891 06da 00F072FA 		bl _zhuanascii
 892 06de C120     	        movs r0, # 0xc1
 893 06e0 6A49     	        ldr r1, = asciimabiao
 894 06e2 0422     	        movs r2, # 4
 895 06e4 00F01EFA 	        bl _lcdxianshi
 896              	
 897              	@显示下臂虚部
 898 06e8 3C46     		mov r4, r7
 899 06ea 2400     		movs r4, r4
 900 06ec 07D5     	        bpl __xia_bi_xu_bu_zheng
 901 06ee CA20     	        movs r0, # 0xca
 902 06f0 6449     	        ldr r1, = _fu
 903 06f2 0122     	        movs r2, # 1
 904 06f4 00F016FA 	        bl _lcdxianshi
 905 06f8 E443     	        mvns r4, r4
 906 06fa 0134     	        adds r4, r4, # 1
 907 06fc 04E0     	        b __xian_shi_xia_bi_xu_bu
 908              	__xia_bi_xu_bu_zheng:
 909 06fe CA20     	        movs r0, # 0xca
 910 0700 6149     	        ldr r1, = kong
 911 0702 0122     	        movs r2, # 1
 912 0704 00F00EFA 	        bl _lcdxianshi
 913              	__xian_shi_xia_bi_xu_bu:
 914 0708 2046     	        mov r0, r4
 915 070a 0421     	        movs r1, # 4
 916 070c 5F4A     	        ldr r2, = asciimabiao
 917 070e FF23     	        movs r3, # 0xff
 918 0710 00F057FA 	        bl _zhuanascii
 919 0714 CB20     	        movs r0, # 0xcb
 920 0716 5D49     	        ldr r1, = asciimabiao
 921 0718 0422     	        movs r2, # 4
 922 071a 00F003FA 	        bl _lcdxianshi
 923 071e F0BD     		pop {r4-r7,pc}
 924              		
 925              	__dian_rong_ji_suan:
 926 0720 1FB5     		push {r0-r4,lr}
 927 0722 5B48     		ldr r0, = Xs
 928 0724 0268     		ldr r2, [r0]
 929 0726 1200     		movs r2, r2
ARM GAS  1.s 			page 18


 930 0728 01D5     		bpl __dianrong_bu_shi_fu
 931 072a D243     		mvns r2, r2
 932 072c 0132     		adds r2, r2, # 1
 933              	__dianrong_bu_shi_fu:
 934 072e 1000     		movs r0, r2
 935 0730 0A21     		movs r1, # 10
 936 0732 00F066FB 		bl __chu_fa
 937 0736 0246     		mov r2, r0
 938 0738 5649     		ldr r1, = 628318
 939 073a 4A43     		muls r2, r2, r1
 940 073c 5649     		ldr r1, = 0xd4a51000
 941 073e E820     		movs r0, # 0xe8
 942 0740 00F0F2FA 		bl __chufa64
 943 0744 554B     		ldr r3, = Cs
 944 0746 1960     		str r1, [r3]
 945 0748 1FBD     		pop {r0-r4,pc}
 946              	
 947              	
 948              	__xia_bi_dian_ya_cai_yang:
 949 074a 1EB5     		push {r1-r4,lr}
 950 074c 5448     		ldr r0, = zhengxiangbiao
 951 074e 0021     		movs r1, # 0
 952 0750 0C46     		mov r4, r1
 953 0752 544A     		ldr r2, = 256
 954              	__xia_bi_cai_yang_xun_huan:	
 955 0754 435A     		ldrh r3, [r0, r1]
 956 0756 E418     		adds r4, r4, r3
 957 0758 0231     		adds r1, r1, # 2
 958 075a 013A     		subs r2, r2, # 1
 959 075c FAD1     		bne __xia_bi_cai_yang_xun_huan
 960 075e 642C     		cmp r4, # 100
 961 0760 00D2     		bcs __xia_bi_cai_yang_fan_hui
 962 0762 0120     		movs r0, # 1
 963              	__xia_bi_cai_yang_fan_hui:	
 964 0764 1EBD     		pop {r1-r4,pc}
 965              	
 966              	__xiang_wei_xuan_zhuan:
 967 0766 FCB5     		push {r2-r7,lr}
 968              		@R0=R,R1=I
 969 0768 0346     		mov r3, r0
 970 076a 0846     		mov r0, r1
 971 076c 4E4C     	        ldr r4, = 32258         @cos
 972 076e 4F4D     		ldr r5, = 5757          @sin
 973 0770 2646     	        mov r6, r4
 974 0772 2F46     	        mov r7, r5
 975 0774 5C43     	        muls r4, r4, r3         @x*cos
 976 0776 4643     	        muls r6, r6, r0         @y*cos
 977 0778 5D43     	        muls r5, r5, r3         @x*sin
 978 077a 4743     	        muls r7, r7, r0         @y*sin
 979 077c E413     		asrs r4, r4, # 15
 980 077e ED13     		asrs r5, r5, # 15
 981 0780 F613     	        asrs r6, r6, # 15
 982 0782 FF13     	        asrs r7, r7, # 15
 983              	
 984 0784 E419     	        adds r4, r4, r7         @x
 985 0786 761B     	        subs r6, r6, r5         @y
 986 0788 3146     		mov r1, r6		@i
ARM GAS  1.s 			page 19


 987 078a 2046     		mov r0, r4		@r
 988 078c 484A     		ldr r2, = 35000
 989 078e 5043     		muls r0, r0, r2
 990 0790 5143     		muls r1, r1, r2
 991 0792 C013     		asrs r0, r0, # 15
 992 0794 C913     		asrs r1, r1, # 15
 993 0796 FCBD     		pop {r2-r7,pc}
 994              	__ji_suan_zu_kang:
 995 0798 FFB5     		push {r0-r7,lr}
 996 079a 464B     		ldr r3, = xiabifangdakaiguan
 997 079c 4648     		ldr r0, = 0x48000000
 998 079e 1A68     		ldr r2, [r3]
 999 07a0 4649     		ldr r1, = 0x200
 1000 07a2 8161     		str r1, [r0, # 0x18]
 1001 07a4 0821     		movs r1, # 0x08
 1002 07a6 012A     		cmp r2, # 1
 1003 07a8 01D1     		bne __xiabifangdaguan
 1004 07aa 8161     		str r1, [r0, # 0x18]
 1005 07ac 00E0     		b __jian_bo
 1006              	__xiabifangdaguan:
 1007 07ae 8162     		str r1, [r0, # 0x28]
 1008              	__jian_bo:	
 1009 07b0 00F054F8 		bl __tong_dao_qie_huan
 1010              	__ji_suan_xia_bi_dft:	
 1011 07b4 3A48     		ldr r0, = zhengxiangbiao
 1012 07b6 4249     		ldr r1, = fanxiangbiao
 1013 07b8 00F0B3F8 		bl __DFT_ji_suan
 1014 07bc 0646     		mov r6, r0
 1015 07be 0F46     		mov r7, r1
 1016 07c0 404B     		ldr r3, = shangbifangdakaiguan
 1017 07c2 3D48     		ldr r0, = 0x48000000
 1018 07c4 1A68     		ldr r2, [r3]
 1019 07c6 3D49     	        ldr r1, = 0x200
 1020 07c8 8162     	        str r1, [r0, # 0x28]
 1021 07ca 0821     		movs r1, # 0x08
 1022 07cc 012A     		cmp r2, # 1
 1023 07ce 01D1     	        bne __shangbifangdaguan
 1024 07d0 8161     	        str r1, [r0, # 0x18]
 1025 07d2 00E0     	        b __jian_bo1
 1026              	__shangbifangdaguan:
 1027 07d4 8162     	         str r1, [r0, # 0x28]
 1028              	__jian_bo1:	
 1029 07d6 00F041F8 	        bl __tong_dao_qie_huan
 1030 07da 3148     		ldr r0, = zhengxiangbiao
 1031 07dc 3849     		ldr r1, = fanxiangbiao
 1032 07de 00F0A0F8 	        bl __DFT_ji_suan
 1033 07e2 3246     		mov r2, r6
 1034 07e4 3B46     		mov r3, r7
 1035 07e6 D243     		mvns r2, r2
 1036 07e8 DB43     		mvns r3, r3
 1037 07ea 0132     		adds r2, r2, # 1
 1038 07ec 0133     		adds r3, r3, # 1
 1039 07ee C011     		asrs r0, r0, # 7
 1040 07f0 C911     		asrs r1, r1, # 7
 1041 07f2 D211     		asrs r2, r2, # 7
 1042 07f4 DB11     		asrs r3, r3, # 7
 1043 07f6 00F00FF8 		bl __shang_xia_bi_lv_bo
ARM GAS  1.s 			page 20


 1044 07fa 334C     		ldr r4, = shangbi_r
 1045 07fc 334D     		ldr r5, = shangbi_i
 1046 07fe 344E     		ldr r6, = xiabi_r
 1047 0800 344F     		ldr r7, = xiabi_i
 1048 0802 2060     		str r0, [r4]
 1049 0804 2960     		str r1, [r5]
 1050 0806 3260     		str r2, [r6]
 1051 0808 3B60     		str r3, [r7]
 1052 080a 00F021FA 		bl __fu_shu_chu_fa
 1053 080e 324C     		ldr r4, = Rs
 1054 0810 1F4D     		ldr r5, = Xs
 1055 0812 2260     		str r2, [r4]
 1056 0814 2960     		str r1, [r5]
 1057 0816 FFBD     		pop {r0-r7,pc}
 1058              	__shang_xia_bi_lv_bo:
 1059              		@入口R0=上臂实部，R1=上臂虚部，R2=下壁实部，R3=下壁虚部
 1060              		@出口同上
 1061 0818 F0B5     		push {r4-r7,lr}
 1062 081a 0746     		mov r7, r0
 1063 081c 0E46     		mov r6, r1
 1064 081e 1546     		mov r5, r2
 1065 0820 2E48     	        ldr r0, = lvboqihuanchong
 1066 0822 2F49     	        ldr r1, = 32
 1067 0824 2F4A     	        ldr r2, = lvboqizhizhen
 1068 0826 00F069F9 	        bl _lvboqi
 1069 082a 0446     		mov r4, r0
 1070 082c 2B46     		mov r3, r5
 1071 082e 2E48     	        ldr r0, = lvboqihuanchong1
 1072 0830 2B49     		ldr r1, = 32
 1073 0832 2E4A     	        ldr r2, = lvboqizhizhen1
 1074 0834 00F062F9 	        bl _lvboqi
 1075 0838 0546     		mov r5, r0
 1076 083a 3346     		mov r3, r6
 1077 083c 2C48     	        ldr r0, = lvboqihuanchong2
 1078 083e 2849     		ldr r1, = 32
 1079 0840 2C4A     	        ldr r2, = lvboqizhizhen2
 1080 0842 00F05BF9 	        bl _lvboqi
 1081 0846 0646     		mov r6, r0
 1082 0848 3B46     		mov r3, r7
 1083 084a 2B48     	        ldr r0, = lvboqihuanchong3
 1084 084c 2449     		ldr r1, = 32
 1085 084e 2B4A     	        ldr r2, = lvboqizhizhen3
 1086 0850 00F054F9 	        bl _lvboqi
 1087 0854 3146     		mov r1, r6
 1088 0856 2A46     		mov r2, r5
 1089 0858 2346     		mov r3, r4
 1090 085a F0BD     		pop {r4-r7,pc}	
 1091              	__tong_dao_qie_huan:
 1092 085c 0FB5     		push {r0-r3,lr}
 1093 085e 2848     		ldr r0, = dianyabiao
 1094 0860 284B     		ldr r3, = 0x40012428
 1095 0862 0121     		movs r1, # 0x01
 1096 0864 1960     		str r1, [r3]
 1097 0866 00F04FF8 		bl __tong_dao_qie_huan_yan_shi
 1098 086a 0D49     		ldr r1, = zhengxiangbiao
 1099 086c 0D4A     		ldr r2, =  256
 1100 086e 00F050F8 		bl __fu_zhi_nei_cun
ARM GAS  1.s 			page 21


 1101 0872 0221     		movs r1, # 0x02
 1102 0874 1960     		str r1, [r3]
 1103 0876 00F047F8 		bl __tong_dao_qie_huan_yan_shi
 1104 087a 1149     		ldr r1, = fanxiangbiao
 1105 087c 094A     		ldr r2, =  256
 1106 087e 00F048F8 		bl __fu_zhi_nei_cun
 1107 0882 0FBD     		pop {r0-r3,pc}
 1108 0884 44090000 		.ltorg
 1108      40090000 
 1108      00000020 
 1108      04010020 
 1108      5E960900 
 1109              	__tong_dao_qie_huan_yan_shi:
 1110 0908 80B5     		push {r7,lr}
 1111 090a 294F     		ldr r7, = 0xffff
 1112              	__tong_dao_qie_huan_yan_shi_xun_huan:
 1113 090c 013F     		subs r7, r7, # 1
 1114 090e FDD1     		bne __tong_dao_qie_huan_yan_shi_xun_huan
 1115 0910 80BD     		pop {r7,pc}
 1116              	__fu_zhi_nei_cun:
 1117              		@ 入口 R0 = 要复制的地址，R1=目标地址，R2=复制的数量
 1118 0912 18B5     		push {r3-r4,lr}
 1119 0914 0024     		movs r4, # 0
 1120              	__fu_zhi_xun_huan:	
 1121 0916 035B     		ldrh r3, [r0, r4]
 1122 0918 0B53     		strh r3, [r1, r4]
 1123 091a 0234     		adds r4, r4, # 2
 1124 091c 013A     		subs r2, r2, # 1
 1125 091e FAD1     		bne __fu_zhi_xun_huan
 1126 0920 18BD     		pop {r3-r4,pc}
 1127              	__DFT_ji_suan:
 1128              		@入口R0=正相表，R1=反相表
 1129 0922 FCB5     		push {r2-r7,lr}
 1130 0924 4446     		mov r4, r8
 1131 0926 4D46     		mov r5, r9
 1132 0928 5646     		mov r6, r10
 1133 092a 70B4     		push {r4-r6}
 1134 092c 0026     		movs r6, # 0
 1135 092e B046     		mov r8, r6
 1136 0930 B146     		mov r9, r6
 1137 0932 0122     		movs r2, # 1
 1138 0934 5202     		lsls r2, r2, # 9
 1139 0936 9246     		mov r10, r2
 1140 0938 3246     		mov r2, r6
 1141              	__ji_suan_dft_xun_huan:
 1142 093a 835A     		ldrh r3, [r0, r2]
 1143 093c 8C5A     		ldrh r4, [r1, r2]
 1144 093e 1B1B     		subs r3, r3, r4
 1145              	__ji_suan_dft:
 1146 0940 1C4D     		ldr r5, = xuan_zhuan_yin_zi
 1147 0942 AF59     		ldr r7, [r5, r6]
 1148 0944 0436     		adds r6, r6, # 4
 1149 0946 5F43     		muls r7, r7, r3		@ 实部
 1150 0948 FF13     		asrs r7, r7, # 15
 1151 094a 4446     		mov r4, r8
 1152 094c E419     		adds r4, r4, r7
 1153 094e A046     		mov r8, r4
ARM GAS  1.s 			page 22


 1154 0950 AF59     		ldr r7, [r5, r6]
 1155 0952 0436     		adds r6, r6, # 4
 1156 0954 5F43     		muls r7, r7, r3		@ 虚部
 1157 0956 FF13     		asrs r7, r7, # 15
 1158 0958 4C46     		mov r4, r9
 1159 095a E419     		adds r4, r4, r7
 1160 095c A146     		mov r9, r4
 1161 095e 0232     		adds r2, r2, # 2
 1162 0960 5245     		cmp r2, r10
 1163 0962 EAD1     		bne __ji_suan_dft_xun_huan	
 1164 0964 4046     		mov r0, r8
 1165 0966 4946     		mov r1, r9
 1166 0968 70BC     		pop {r4-r6}
 1167 096a A046     		mov r8, r4
 1168 096c A946     		mov r9, r5
 1169 096e B246     		mov r10, r6
 1170 0970 FCBD     		pop {r2-r7,pc}
 1171              	__xian_shi_jiao_du:
 1172 0972 1FB5     		push {r0-r4,lr}
 1173 0974 1048     	       ldr r0, = jiaodu
 1174 0976 0168     	        ldr r1, [r0]
 1175 0978 0C00     	       movs r4, r1
 1176 097a 07D5     	        bpl __jiaodu_bu_shi_zheng
 1177 097c 8720     	        movs r0, # 0x87
 1178 097e 0F49     	        ldr r1, = _fu
 1179 0980 0122     	        movs r2, # 1
 1180 0982 00F0CFF8 	        bl _lcdxianshi
 1181 0986 E443     	        mvns r4, r4
 1182 0988 0134     		adds r4, r4, # 1
 1183 098a 04E0     	        b __xian_shi_jiaodu
 1184              	__jiaodu_bu_shi_zheng:
 1185 098c 8720     	        movs r0, # 0x87
 1186 098e 0C49     		ldr r1, = kong
 1187 0990 0122     		movs r2, # 1
 1188 0992 00F0C7F8 	        bl _lcdxianshi
 1189              	__xian_shi_jiaodu:
 1190 0996 2046     	        mov r0, r4
 1191 0998 0521     	        movs r1, # 5
 1192 099a 0A4A     		ldr r2, = asciimabiao
 1193 099c FF23     	        movs r3, # 0xff
 1194 099e 00F010F9 	        bl _zhuanascii
 1195 09a2 8820     		movs r0, # 0x88
 1196 09a4 0749     	        ldr r1, = asciimabiao
 1197 09a6 0522     		movs r2, # 5
 1198 09a8 00F0BCF8 		bl _lcdxianshi
 1199 09ac 1FBD     		pop {r0-r4,pc}
 1200 09ae 0000FFFF 	        .ltorg
 1200      00007000 
 1200      00000801 
 1200      00204409 
 1200      00004009 
 1201              	
 1202              	
 1203              	_xieflash:			@ flsh解锁
 1204 09c8 4148     		ldr r0, = 0x40022000
 1205 09ca 4249     		ldr r1, = 0x45670123
 1206 09cc 4160     		str r1, [r0, # 0x04]
ARM GAS  1.s 			page 23


 1207 09ce 4249     		ldr r1, = 0xcdef89ab
 1208 09d0 4160     		str r1, [r0, # 0x04]
 1209              						@擦除2页
 1210 09d2 0125     		movs r5, # 1
 1211 09d4 414C     		ldr r4, = 0x8002000
 1212 09d6 0127     		movs r7, # 1
 1213 09d8 BF02     		lsls r7, r7, # 10
 1214              	_flashmang:
 1215 09da C268     		ldr r2, [r0, # 0x0c]
 1216 09dc D207     		lsls r2, r2, # 31
 1217 09de FCD4     		bmi _flashmang
 1218 09e0 0221     		movs r1, # 2
 1219 09e2 0161     		str r1, [r0, # 0x10]
 1220 09e4 4461     		str r4, [r0, # 0x14]
 1221 09e6 4221     		movs r1, # 0x42
 1222 09e8 0161     		str r1, [r0, # 0x10]
 1223 09ea 3C44     		add r4, r4, r7
 1224 09ec 013D     		subs r5, # 1
 1225 09ee F4D1     		bne _flashmang
 1226              							@写FLASH
 1227 09f0 3A4F     		ldr r7, = 0x8002000
 1228 09f2 3B4C     		ldr r4, = kailu_r
 1229 09f4 0025     		movs r5, # 0
 1230 09f6 0626     		movs r6, # 0x06
 1231              	_flashmang1:
 1232 09f8 C268     		ldr r2, [r0, # 0x0c]
 1233 09fa D207     		lsls r2, r2, # 31
 1234 09fc FCD4     		bmi _flashmang1
 1235 09fe 0121     		movs r1, # 1
 1236 0a00 0161     		str r1, [r0, # 0x10]
 1237 0a02 635B     		ldrh r3, [r4, r5]
 1238 0a04 7B53     		strh r3, [r7, r5]
 1239 0a06 0235     		adds r5, r5, # 2
 1240              	_flashmang2:
 1241 0a08 C268     		ldr r2, [r0, # 0x0c]
 1242 0a0a D207     		lsls r2, r2, # 31
 1243 0a0c FCD4     		bmi _flashmang2
 1244 0a0e 635B     		ldrh r3, [r4, r5]
 1245 0a10 7B53     		strh r3, [r7, r5]
 1246 0a12 0235     		adds r5, r5, # 2
 1247 0a14 013E     		subs r6, r6, # 1
 1248 0a16 EFD1     		bne _flashmang1
 1249              	_flashmang4:
 1250 0a18 C268     		ldr r2, [r0, # 0x0c]
 1251 0a1a D207     		lsls r2, r2, # 31
 1252 0a1c FCD4     		bmi _flashmang4
 1253 0a1e 8021     		movs r1, # 0x80
 1254              		@str r1, [r0]          		@flsh上锁
 1255 0a20 3048     		ldr r0, = 0xe000ed0c
 1256 0a22 3149     		ldr r1, = 0x05fa0004
 1257 0a24 0160     		str r1, [r0]          		@复位
 1258              		
 1259              	__fu_shu_cheng_fa:
 1260 0a26 FCB5     		push {r2-r7,lr}
 1261              		@r0=a,r1=b,r2=c,r3=d
 1262 0a28 0446     	        mov r4, r0      @a
 1263 0a2a 0D46     	        mov r5, r1      @b
ARM GAS  1.s 			page 24


 1264 0a2c 1646     		mov r6, r2	@c
 1265 0a2e 1F46     		mov r7, r3	@d
 1266 0a30 5043     	        muls r0, r0, r2 @a*c
 1267 0a32 5943     		muls r1, r1, r3 @b*d
 1268 0a34 401A     	        subs r0, r0, r1 @ac-bd
 1269 0a36 7C43     	        muls r4, r4, r7 @a*d
 1270 0a38 7543     	        muls r5, r5, r6 @b*c
 1271 0a3a 6419     	        adds r4, r4, r5 @ad+bc
 1272 0a3c 2146     		mov r1, r4
 1273 0a3e FCBD     		pop {r2-r7,pc}
 1274              		
 1275              	__an_jian:
 1276 0a40 0EB5     		push {r1-r3,lr}
 1277 0a42 2A48     		ldr r0, = 0x48000010
 1278 0a44 2A49     		ldr r1, = 0x48000410
 1279 0a46 0268     		ldr r2, [r0]	@pa4
 1280 0a48 0B68     		ldr r3, [r1]	@pb1
 1281 0a4a 1046     		mov r0, r2	@pa2
 1282 0a4c 4007     		lsls r0, r0, # 29
 1283 0a4e C00F     		lsrs r0, r0, # 31
 1284 0a50 D206     		lsls r2, r2, # 27
 1285 0a52 D20F     		lsrs r2, r2, # 31
 1286 0a54 5200     		lsls r2, r2, # 1
 1287 0a56 9B07     		lsls r3, r3, # 30
 1288 0a58 5B0F     		lsrs r3, r3, # 29
 1289 0a5a 1043     		orrs r0, r0, r2
 1290 0a5c 1843     		orrs r0, r0, r3
 1291 0a5e C043     		mvns r0, r0
 1292 0a60 4007     		lsls r0, r0, # 29
 1293 0a62 400F     		lsrs r0, r0, # 29
 1294 0a64 0EBD     		pop {r1-r3,pc}
 1295              	__atan2_ji_suan:
 1296              		@入口R0=实部，R1=虚部，结果=R0
 1297 0a66 FCB5     		push {r2-r7,lr}
 1298 0a68 4246     		mov r2, r8
 1299 0a6a 04B4     		push {r2}
 1300 0a6c 214B     		ldr r3, = cordic_yong_cos_sin
 1301 0a6e 0A22     		movs r2, # 10
 1302 0a70 5043     		muls r0, r0, r2
 1303 0a72 5143     		muls r1, r1, r2
 1304 0a74 0022     		movs r2, # 0
 1305 0a76 9046     		mov r8, r2
 1306 0a78 1F4C     		ldr r4, = 9000
 1307 0a7a E403     		lsls r4, r4, # 15
 1308              	__cordic_atan2_xun_huan:	
 1309              	__du_cos_sin:	
 1310 0a7c 1D68     		ldr r5, [r3]	@cos
 1311 0a7e 0433     		adds r3, r3, # 4
 1312 0a80 2F46     		mov r7, r5
 1313 0a82 1E68     		ldr r6, [r3]	@sin
 1314 0a84 0433     		adds r3, r3, # 4
 1315 0a86 3246     		mov r2, r6
 1316 0a88 4543     	        muls r5, r5, r0         @x*cos
 1317 0a8a 4243     	        muls r2, r2, r0         @x*sin
 1318 0a8c 4E43     	        muls r6, r6, r1         @y*sin
 1319 0a8e 4F43     	        muls r7, r7, r1         @y*cos
 1320 0a90 0900     		movs r1, r1
ARM GAS  1.s 			page 25


 1321 0a92 05D5     		bpl __ni_shi_zhen_zhuan
 1322              	__shun_shi_zhen_zhuan:
 1323 0a94 AD1B     		subs r5, r5, r6
 1324 0a96 BF18     		adds r7, r7, r2
 1325 0a98 4646     		mov r6, r8
 1326 0a9a 3619     		adds r6, r6, r4
 1327 0a9c B046     		mov r8, r6
 1328 0a9e 04E0     		b __xuan_zhuan_wan
 1329              	__ni_shi_zhen_zhuan:
 1330 0aa0 AD19     		adds r5, r5, r6
 1331 0aa2 BF1A     		subs r7, r7, r2
 1332 0aa4 4646     		mov r6, r8
 1333 0aa6 361B     		subs r6, r6, r4
 1334 0aa8 B046     		mov r8, r6
 1335              	__xuan_zhuan_wan:
 1336 0aaa 124E     		ldr r6, = cordic_yong_cos_sin
 1337 0aac 2022     		movs r2, # 32
 1338 0aae 9200     		lsls r2, r2, # 2
 1339 0ab0 B618     		adds r6, r6, r2
 1340 0ab2 AD13     		asrs r5, r5, # 14
 1341 0ab4 BF13     		asrs r7, r7, # 14
 1342 0ab6 2846     		mov r0, r5
 1343 0ab8 3946     		mov r1, r7
 1344 0aba 6408     		lsrs r4, r4, # 1	@旋转
 1345 0abc B342     		cmp r3,	r6 
 1346 0abe DDD1     		bne __cordic_atan2_xun_huan
 1347 0ac0 4046     		mov r0, r8
 1348 0ac2 C043     		mvns r0, r0
 1349 0ac4 0130     		adds r0, r0, # 1
 1350 0ac6 C013     		asrs r0, r0, # 15
 1351 0ac8 4246     		mov r2, r8
 1352 0aca 04BC     		pop {r2}
 1353 0acc FCBD     		pop {r2-r7,pc}
 1354 0ace 00000020 		.ltorg
 1354      02402301 
 1354      6745AB89 
 1354      EFCD0020 
 1354      00080C01 
 1355              	
 1356              	_lvboqi:
 1357              				@滤波器
 1358              				@R0=地址，R1=长度,r2=表指针地址,r3=ADC数值
 1359              				@出R0=结果
 1360 0afc FEB5     		push {r1-r7,lr}	
 1361 0afe 1568     		ldr r5, [r2]		@读出表指针
 1362 0b00 8E00     		lsls r6, r1, # 2	
 1363 0b02 4351     		str r3, [r0, r5]	@数值写到滤波器缓冲区
 1364 0b04 0435     		adds r5, r5, # 4
 1365 0b06 B542     		cmp r5, r6
 1366 0b08 00D1     		bne _lvboqimeidaohuanchongquding
 1367 0b0a 0025     		movs r5, # 0
 1368              	_lvboqimeidaohuanchongquding:
 1369 0b0c 1560     		str r5, [r2]
 1370 0b0e 0027     		movs r7, # 0
 1371              	_lvboqixunhuan:
 1372 0b10 B542     		cmp r5, r6
 1373 0b12 00D1     		bne _lvbozonghe
ARM GAS  1.s 			page 26


 1374 0b14 0025     		movs r5, # 0
 1375              	_lvbozonghe:
 1376 0b16 4459     		ldr r4, [r0, r5]
 1377 0b18 0435     		adds r5, r5, # 4
 1378 0b1a 3F19     		adds r7, r7, r4
 1379 0b1c 0139     		subs r1, r1, # 1
 1380 0b1e F7D1     		bne _lvboqixunhuan
 1381 0b20 7811     		asrs r0, r7, # 5	@修改
 1382 0b22 FEBD     		pop {r1-r7,pc}
 1383              	_lcdxianshi:	  		@r0=LCD位置，r1=数据地址，r2=长度
 1384 0b24 1FB5     		push {r0-r4,lr}
 1385 0b26 0C46     		mov r4, r1
 1386              	
 1387 0b28 0021     		movs r1, # 0
 1388 0b2a 00F00EF8 		bl _xielcd
 1389              	
 1390 0b2e 0121     		movs r1, # 1
 1391 0b30 0023     		movs r3, # 0
 1392              	_lcdxianshixunhuan:
 1393 0b32 E05C     		ldrb r0, [r4,r3]
 1394 0b34 00F009F8 		bl _xielcd
 1395 0b38 0133     		adds r3, r3, # 1
 1396 0b3a 9342     		cmp r3, r2
 1397 0b3c F9D1     		bne _lcdxianshixunhuan
 1398 0b3e 1FBD     		pop {r0-r4,pc}
 1399              	
 1400              	_lcdyanshi:
 1401 0b40 20B5     		push {r5,lr}
 1402 0b42 3D4D     		ldr r5, = 0x1000
 1403              	_lcdyanshixunhuan:
 1404 0b44 013D     		subs r5, r5, # 1
 1405 0b46 FDD1     		bne _lcdyanshixunhuan
 1406 0b48 20BD     		pop {r5,pc}
 1407              	
 1408              	_xielcd:			@入R0=8位,r1=0命令,r1=1数据
 1409 0b4a 3FB5     		push {r0-r5,lr}
 1410 0b4c 3B4C     		ldr r4, = liangcheng  @ 量程开关 (第6位和第7位)
 1411 0b4e 0246     		mov r2, r0
 1412 0b50 2568     		ldr r5, [r4]
 1413 0b52 1209     		lsrs r2, r2, # 4
 1414 0b54 9200     		lsls r2, r2, # 2	@ 高四位
 1415 0b56 0007     		lsls r0, r0, # 28
 1416 0b58 800E     		lsrs r0, r0, # 26	@ 低四位
 1417 0b5a C907     		lsls r1, r1, # 31
 1418 0b5c 01D5     		bpl __lcd_ming_ling
 1419              	__lcd_shu_ju:
 1420 0b5e 0323     		movs r3, # 0x03		@ RS = 1 E = 1
 1421 0b60 00E0     		b __xie_lcd_shu_ju
 1422              	__lcd_ming_ling:
 1423 0b62 0223     		movs r3, # 0x02		@ RS = 0 E = 1
 1424              	__xie_lcd_shu_ju:
 1425 0b64 5B19     		adds r3, r3, r5
 1426 0b66 0146     		mov r1, r0
 1427 0b68 D218     		adds r2, r2, r3
 1428 0b6a 1000     		movs r0, r2
 1429 0b6c 00F00BF8 		bl __74hc595
 1430 0b70 0238     		subs r0, r0, # 0x02
ARM GAS  1.s 			page 27


 1431 0b72 00F008F8 		bl __74hc595
 1432 0b76 0846     		mov r0, r1
 1433 0b78 C018     		adds r0, r0, r3
 1434 0b7a 00F004F8 		bl __74hc595
 1435 0b7e 0238     		subs r0, r0, # 0x02
 1436 0b80 00F001F8 		bl __74hc595
 1437 0b84 3FBD     		pop {r0-r5,pc}
 1438              		
 1439              	__74hc595:			@ 入R0=8位
 1440 0b86 FFB5     		push {r0-r7,lr}
 1441 0b88 2D4E     		ldr r6, = 0x48000000
 1442 0b8a 2025     		movs r5, # 0x20		@ SRCLK
 1443 0b8c 4022     		movs r2, # 0x40		@ RCLK
 1444 0b8e 8023     		movs r3, # 0x80		@ SER
 1445 0b90 1824     		movs r4, # 24
 1446              	__595_yiweixunhuan:
 1447 0b92 B262     		str r2, [r6, # 0x28]	@ rclk=0
 1448 0b94 B562     		str r5, [r6, # 0x28]	@ srclk=0
 1449              		@ovs r7, # 0xff
 1450 0b96 2B4F     		ldr r7, = 0x1ff
 1451              	__595_yanshi:
 1452 0b98 013F     		subs r7, r7, # 1
 1453 0b9a FDD1     		bne __595_yanshi
 1454 0b9c 0146     		mov r1, r0
 1455 0b9e A140     		lsls r1, r1, r4
 1456 0ba0 01D5     		bpl __ser_0
 1457              	__ser_1:
 1458 0ba2 B361     		str r3, [r6, # 0x18]	@ ser=1
 1459 0ba4 00E0     		b __595_yiwei
 1460              	__ser_0:
 1461 0ba6 B362     		str r3, [r6, # 0x28]	@ ser=0
 1462              	__595_yiwei:
 1463 0ba8 B561     		str r5, [r6, # 0x18]
 1464              		@movs r7, # 0xff
 1465 0baa 264F     		ldr r7, = 0x1ff
 1466              	__595_yanshi1:
 1467 0bac 013F     		subs r7, r7, # 1
 1468 0bae FDD1     		bne __595_yanshi1
 1469 0bb0 0134     		adds r4, r4, # 1
 1470 0bb2 202C     		cmp r4, # 32
 1471 0bb4 EDD1     		bne __595_yiweixunhuan
 1472 0bb6 B261     		str r2, [r6, # 0x18]	@ rclk=1
 1473              		@movs r7, # 0xff
 1474 0bb8 224F     		ldr r7, = 0x1ff
 1475              	__595_yanshi2:
 1476 0bba 013F     		subs r7, r7, # 1
 1477 0bbc FDD1     		bne __595_yanshi2
 1478 0bbe B262     		str r2, [r6, # 0x28]	@ rclk = 0
 1479 0bc0 FFBD     		pop {r0-r7,pc}
 1480              	
 1481              	
 1482              	
 1483              	_zhuanascii:					@ 16进制转ASCII
 1484              			@ R0要转的数据， R1长度，R2结果表首地址, r3=小数点位置
 1485 0bc2 FFB5     		push {r0-r7,lr}
 1486 0bc4 1F46     		mov r7, r3
 1487 0bc6 0546     		mov r5, r0
ARM GAS  1.s 			page 28


 1488 0bc8 0E46     		mov r6, r1
 1489 0bca 0A21     		movs r1, # 10
 1490              	_xunhuanqiuma:
 1491 0bcc 00F006F9 		bl _chufa
 1492 0bd0 0446     		mov r4, r0
 1493 0bd2 4C43     		muls r4, r1
 1494 0bd4 2B1B     		subs r3, r5, r4
 1495 0bd6 3033     		adds r3, r3, # 0x30
 1496 0bd8 0546     		mov r5, r0
 1497 0bda 013E     		subs r6, r6, # 1
 1498 0bdc 08D0     		beq _qiumafanhui
 1499 0bde BE42     		cmp r6, r7
 1500 0be0 02D1     		bne _meidaoxiaoshudian
 1501 0be2 2E24     		movs r4, # 0x2e		@小数点
 1502 0be4 9455     		strb r4, [r2,r6]	@插入小数点
 1503 0be6 013E     		subs r6, r6, # 1
 1504              	_meidaoxiaoshudian:
 1505 0be8 9355     		strb r3, [r2,r6]
 1506 0bea 3600     		movs r6, r6
 1507 0bec EED1     		bne _xunhuanqiuma
 1508 0bee FFBD     		pop {r0-r7,pc}
 1509              	_qiumafanhui:
 1510 0bf0 9355     		strb r3, [r2, r6]
 1511 0bf2 FFBD     		pop {r0-r7,pc}
 1512              	__ji_suan_fu_du:    @ 计算幅度
 1513              	                @ 入r0= 实部，r1= 虚部
 1514              	                @ 出r0 = 幅度
 1515              	                @ Mag ~=Alpha * max(|I|, |Q|) + Beta * min(|I|, |Q|)
 1516              	                @ Alpha * Max + Beta * Min
 1517 0bf4 0EB5     	        push {r1-r3,lr}
 1518 0bf6 0000     	        movs r0, r0
 1519 0bf8 01D5     	        bpl _shibubushifushu
 1520 0bfa C043     	        mvns r0, r0                             @ 是负数转成正数
 1521 0bfc 0130     	        adds r0, r0, # 1
 1522              	_shibubushifushu:                               @ 实部不是负数
 1523 0bfe 0900     	        movs r1, r1
 1524 0c00 01D5     	        bpl _xububushifushu
 1525 0c02 C943     	        mvns r1, r1                             @ 是负数转成正数
 1526 0c04 0131     	        adds r1, r1, # 1
 1527              	_xububushifushu:                                @ 虚部不是负数
 1528 0c06 0028     	        cmp r0, # 0
 1529 0c08 01D1     	        bne _panduanxubushibushi0
 1530 0c0a 0846     	        mov r0, r1
 1531 0c0c 0EBD     	        pop {r1-r3,pc}
 1532              	_panduanxubushibushi0:	
 1533 0c0e 0029     		cmp r1, # 0
 1534 0c10 00D1     		bne _jisuanfudu1
 1535 0c12 0EBD     		pop {r1-r3,pc}
 1536              	_jisuanfudu1:
 1537 0c14 0C4A     		ldr r2, = 31066		@ Alpha q15 0.948059448969
 1538 0c16 0D4B     		ldr r3, = 12867		@ Beta q15 0.392699081699
 1539 0c18 8142     		cmp r1, r0
 1540 0c1a 06D8     		bhi _alpha_min_beta_max
 1541              	_alpha_max_beta_min:
 1542 0c1c 5043     		muls r0, r0, r2
 1543 0c1e 5943     		muls r1, r1, r3
 1544 0c20 C013     		asrs r0, r0, # 15
ARM GAS  1.s 			page 29


 1545 0c22 C913     		asrs r1, r1, # 15
 1546 0c24 4018     		adds r0, r0, r1
 1547 0c26 0121     		movs r1, # 1
 1548 0c28 0EBD     		pop {r1-r3,pc}
 1549              	_alpha_min_beta_max:
 1550 0c2a 5843     		muls r0, r0, r3
 1551 0c2c 5143     		muls r1, r1, r2
 1552 0c2e C013     		asrs r0, r0, # 15
 1553 0c30 C913     		asrs r1, r1, # 15
 1554 0c32 4018     		adds r0, r0, r1
 1555 0c34 0021     		movs r1, # 0
 1556 0c36 0EBD     		pop {r1-r3,pc}
 1557 0c38 00100000 		.ltorg
 1557      10010020 
 1557      00000048 
 1557      FF010000 
 1557      5A790000 
 1558              	__fu_shu_chu_fa:
 1559 0c50 F0B5     		push {r4-r7,lr}
 1560              		@入口R0=a R1=b,R2=c R3=d
 1561              		@出口R1=虚部 R2=实部
 1562 0c52 4446     		mov r4, r8
 1563 0c54 10B4     		push {r4}
 1564              	__ji_suan_chu_fa:
 1565              		@ Z=50*[(a+bi)/(c+di)]=50*[(ac+bd)/(c*c+d*d)+(bc-ad)/(c*c+d*d)]
 1566 0c56 0446     		mov r4, r0
 1567 0c58 0D46     		mov r5, r1
 1568 0c5a 1646     		mov r6, r2
 1569              		@mov r7, r3
 1570 0c5c 9846     		mov r8, r3
 1571 0c5e 0027     		movs r7,  # 0
 1572 0c60 0000     	        movs r0, r0
 1573 0c62 02D5     	        bpl b1
 1574 0c64 C043     	        mvns r0, r0
 1575 0c66 0130     	        adds r0, r0, # 1
 1576 0c68 0137     	        adds r7, r7, # 1
 1577              	
 1578              	b1:
 1579 0c6a 1200     	        movs r2, r2
 1580 0c6c 02D5     	        bpl b2
 1581 0c6e D243     		mvns r2, r2
 1582 0c70 0132     	        adds r2, r2, # 1
 1583 0c72 0137     	        adds r7, r7, # 1
 1584              	b2:
 1585 0c74 5043     		muls r0, r0, r2
 1586 0c76 012F     	        cmp r7, # 1
 1587 0c78 01D1     	        bne b3
 1588 0c7a C043     	        mvns r0, r0
 1589 0c7c 0130     	        adds r0, r0, # 1
 1590              	b3:
 1591              		@muls r0, r0, r2		@ac
 1592 0c7e 0027     	        movs r7,  # 0
 1593 0c80 0900     	        movs r1, r1
 1594 0c82 02D5     	        bpl b4
 1595 0c84 C943     	        mvns r1, r1
 1596 0c86 0131     	        adds r1, r1, # 1
 1597 0c88 0137     	        adds r7, r7, # 1
ARM GAS  1.s 			page 30


 1598              	
 1599              	b4:
 1600 0c8a 1B00     	        movs r3, r3
 1601 0c8c 02D5     	        bpl b5
 1602 0c8e DB43     	        mvns r3, r3
 1603 0c90 0133     	        adds r3, r3, # 1
 1604 0c92 0137     	        adds r7, r7, # 1
 1605              	b5:
 1606 0c94 5943     	        muls r1, r1, r3
 1607 0c96 012F     	        cmp r7, # 1
 1608 0c98 01D1     	        bne b6
 1609 0c9a C943     	        mvns r1, r1
 1610 0c9c 0131     	        adds r1, r1, # 1
 1611              	b6:
 1612              	
 1613              	@	muls r1, r1, r3		@bd
 1614 0c9e 4018     		adds r0, r0, r1		@ac+bd
 1615 0ca0 1200     		movs r2, r2
 1616 0ca2 05D5     		bpl b7
 1617 0ca4 D243     		mvns r2, r2
 1618 0ca6 0132     		adds r2, r2, # 1
 1619 0ca8 5243     		muls r2, r2, r2
 1620 0caa D243     		mvns r2, r2
 1621 0cac 0132     		adds r2, r2, # 1
 1622 0cae 00E0     		b b8
 1623              	b7:	
 1624 0cb0 5243     	        muls r2, r2, r2         @c*c
 1625              	b8:
 1626 0cb2 1B00     		movs r3, r3
 1627 0cb4 05D5     		bpl b9
 1628 0cb6 DB43     		mvns r3, r3
 1629 0cb8 0133     		adds r3, r3, # 1
 1630 0cba 5B43     		muls r3, r3, r3
 1631 0cbc DB43     		mvns r3, r3
 1632 0cbe 0133     		adds r3, r3, # 1
 1633 0cc0 00E0     		b b10
 1634              	b9:	
 1635 0cc2 5B43     		muls r3, r3, r3		@d*d
 1636              	b10:	
 1637 0cc4 D218     		adds r2, r2, r3		@c*c+d*d
 1638 0cc6 7F49     		ldr r1, = 1000
 1639 0cc8 0023     		movs r3, # 0
 1640 0cca 0000     		movs r0, r0
 1641 0ccc 02D5     		bpl a1
 1642 0cce C043     		mvns r0, r0
 1643 0cd0 0130     		adds r0, r0, # 1
 1644 0cd2 0133     		adds r3, r3, # 1
 1645              	a1:
 1646 0cd4 1200     		movs r2, r2
 1647 0cd6 02D5     		bpl a2
 1648 0cd8 D243     		mvns r2, r2
 1649 0cda 0132     		adds r2, r2, # 1
 1650 0cdc 0133     		adds r3, r3, # 1
 1651              	a2:
 1652 0cde 00F047F8 		bl __chengfa
 1653 0ce2 00F021F8 		bl __chufa64		@(ac+bd)/(c*c+d*d)
 1654 0ce6 012B     		cmp r3, # 1
ARM GAS  1.s 			page 31


 1655 0ce8 01D1     		bne a3
 1656 0cea C943     		mvns r1, r1
 1657 0cec 0131     		adds r1, r1, # 1
 1658              	a3:	
 1659 0cee 02B4     		push {r1}
 1660 0cf0 4746     		mov r7, r8
 1661 0cf2 7543     		muls r5, r5, r6		@ bc
 1662 0cf4 7C43     		muls r4, r4, r7		@ ad
 1663 0cf6 2D1B     		subs r5, r5, r4		@ bc-ad
 1664 0cf8 7249     		ldr r1, = 1000
 1665 0cfa 0023     		movs r3, # 0
 1666 0cfc 2800     		movs r0, r5
 1667 0cfe 02D5     		bpl a4
 1668 0d00 C043     		mvns r0, r0
 1669 0d02 0130     		adds r0, r0, # 1
 1670 0d04 0133     		adds r3, r3, # 1
 1671              	a4:
 1672 0d06 1200     		movs r2, r2
 1673 0d08 02D5     		bpl a5
 1674 0d0a D243     		mvns r2, r2
 1675 0d0c 0132     		adds r2, r2, # 1
 1676 0d0e 0133     		adds r3, r3, # 1
 1677              	a5:
 1678 0d10 00F02EF8 		bl __chengfa
 1679 0d14 00F008F8 		bl __chufa64
 1680 0d18 012B     		cmp r3, # 1
 1681 0d1a 01D1     		bne __a6
 1682 0d1c C943     		mvns r1, r1
 1683 0d1e 0131     		adds r1, r1, # 1	@虚部
 1684              	__a6:	
 1685 0d20 04BC     		pop {r2}		@实
 1686 0d22 10BC     		pop {r4}
 1687 0d24 A046     		mov r8, r4
 1688 0d26 F0BD     		pop {r4-r7,pc}
 1689              	
 1690              	__chufa64:
 1691              	        @64位除32位
 1692              	        @ （R0=高32位R1=低32位）除（R2)= （R0高32）（R1低32）
 1693 0d28 F8B5     	        push {r3-r7,lr}
 1694 0d2a 002A     	        cmp r2, # 0
 1695 0d2c 1DD0     	        beq __chu_fa64_fan_hui0
 1696 0d2e 0029     	        cmp r1, # 0
 1697 0d30 01D1     	        bne __chu_fa64_ji_suan
 1698 0d32 0028     	        cmp r0, # 0
 1699 0d34 19D0     	        beq __chu_fa64_fan_hui0
 1700              	__chu_fa64_ji_suan:	
 1701 0d36 0024     	        movs r4, # 0
 1702 0d38 2746     	        mov r7, r4
 1703 0d3a 2346     	        mov r3, r4
 1704 0d3c 2546     	        mov r5, r4
 1705 0d3e 0126     	        movs r6, # 1
 1706 0d40 F607     	        lsls r6, r6, # 31
 1707              	__chu_fa64_xun_huan:
 1708 0d42 4900     	        lsls r1, r1, # 1
 1709 0d44 4041     	        adcs r0, r0, r0
 1710 0d46 6441     	        adcs r4, r4, r4
 1711 0d48 9442     	        cmp r4, r2
ARM GAS  1.s 			page 32


 1712 0d4a 02D3     	        bcc __chu_fa_yi_wei
 1713 0d4c 9B19     	        adds r3, r3, r6
 1714 0d4e 7D41     	        adcs r5, r5, r7
 1715 0d50 A41A     	        subs r4, r4, r2
 1716              	__chu_fa_yi_wei:
 1717 0d52 3600     	        movs r6, r6
 1718 0d54 04D0     	        beq __di_yi_wei
 1719 0d56 7608     	        lsrs r6, r6, # 1        @高32位移位
 1720 0d58 F3D1     	        bne __chu_fa64_xun_huan
 1721 0d5a 0127     	        movs r7, # 1
 1722 0d5c FF07     	        lsls r7, r7, # 31
 1723 0d5e F0E7     	        b __chu_fa64_xun_huan
 1724              	__di_yi_wei:            @低32位移位
 1725 0d60 7F08     		lsrs r7, r7, # 1
 1726 0d62 EED1     	        bne __chu_fa64_xun_huan
 1727 0d64 1846     	        mov r0, r3
 1728 0d66 2946     	        mov r1, r5
 1729 0d68 F8BD     	        pop {r3-r7,pc}
 1730              	__chu_fa64_fan_hui0:
 1731 0d6a 0020     		movs r0, # 0
 1732 0d6c 0021     		movs r1, # 0
 1733 0d6e F8BD     		pop {r3-r7,pc}
 1734              	
 1735              		
 1736              	__chengfa:
 1737              	        @入R0 乘以 R1
 1738              	        @出 R0高32 ， R1低32
 1739              		@0xffffffff*0xffffffff
 1740              	        @4        F F F E 0 0 0 1
 1741              	        @3                F F F E 0 0 0 1
 1742              	        @2                F F F E 0 0 0 1
 1743              	        @1                        F F F E 0 0 0 1
 1744              	        @         F F F F F F F E 0 0 0 0 0 0 0 1
 1745 0d70 FCB5     		push {r2-r7,lr}
 1746 0d72 0028     	        cmp r0, # 0
 1747 0d74 1CD0     	        beq __cheng_fa_fan_hui
 1748 0d76 0029     	        cmp r1, # 0
 1749 0d78 1AD0     	        beq __cheng_fa_fan_hui
 1750              	__ji_suan_cheng_fa:	
 1751 0d7a 0246     		mov r2, r0
 1752 0d7c 0B46     		mov r3, r1
 1753 0d7e 000C     		lsrs r0, r0, # 16	@高16
 1754 0d80 1204     		lsls r2, r2, # 16	@ 低16
 1755 0d82 120C     		lsrs r2, r2, # 16
 1756 0d84 090C     	        lsrs r1, r1, # 16	@高16
 1757 0d86 1B04     		lsls r3, r3, # 16	@低16
 1758 0d88 1B0C     		lsrs r3, r3, # 16
 1759 0d8a 1446     		mov r4, r2		
 1760 0d8c 0546     		mov r5, r0		
 1761 0d8e 5A43     		muls r2, r2, r3		@1
 1762 0d90 5843     		muls r0, r0, r3		@2
 1763 0d92 4C43     		muls r4, r4, r1		@3
 1764 0d94 4D43     		muls r5, r5, r1		@4
 1765 0d96 0646     		mov r6, r0		@2
 1766 0d98 2746     		mov r7, r4		@3
 1767 0d9a 0004     		lsls r0, r0, # 16	@2低
 1768 0d9c 2404     		lsls r4, r4, # 16	@3低
ARM GAS  1.s 			page 33


 1769 0d9e 360C     		lsrs r6, r6, # 16	@2高
 1770 0da0 3F0C     		lsrs r7, r7, # 16	@3高
 1771 0da2 1218     		adds r2, r2, r0
 1772 0da4 6241     		adcs r2, r2, r4
 1773 0da6 7541     		adcs r5, r5, r6
 1774 0da8 7D41     		adcs r5, r5, r7
 1775 0daa 2846     		mov r0, r5
 1776 0dac 1146     		mov r1, r2
 1777 0dae FCBD     		pop {r2-r7,pc}
 1778              	__cheng_fa_fan_hui:
 1779 0db0 0020     		movs r0, # 0
 1780 0db2 0021     		movs r1, # 0
 1781 0db4 FCBD     		pop {r2-r7,pc}
 1782              	__dai_yu_shu_chufa:                         @软件除法
 1783              	        @ r0 除以 r1 等于 商(r0)余R1
 1784 0db6 1CB5     	        push {r2-r4,lr}
 1785 0db8 0028     	        cmp r0, # 0
 1786 0dba 0ED0     	        beq __dai_yu_shu_chufafanhui
 1787 0dbc 0029     	        cmp r1, # 0
 1788 0dbe 0CD0     	        beq __dai_yu_shu_chufafanhui
 1789 0dc0 0246     	        mov r2, r0
 1790 0dc2 0123     	        movs r3, # 1
 1791 0dc4 DB07     	        lsls r3, r3, # 31
 1792 0dc6 0020     	        movs r0, # 0
 1793 0dc8 0446     	        mov r4, r0
 1794              	__dai_yu_shu_chufaxunhuan:
 1795 0dca 5200     	        lsls r2, r2, # 1
 1796 0dcc 6441     	        adcs r4, r4, r4
 1797 0dce 8C42     	        cmp r4, r1
 1798 0dd0 01D3     	        bcc __dai_yu_shu_chufaweishubudao0
 1799 0dd2 C018     		adds r0, r0, r3
 1800 0dd4 641A     	        subs r4, r4, r1
 1801              	__dai_yu_shu_chufaweishubudao0:
 1802 0dd6 5B08     	        lsrs r3, r3, # 1
 1803 0dd8 F7D1     	        bne __dai_yu_shu_chufaxunhuan
 1804              	__dai_yu_shu_chufafanhui:
 1805 0dda 1CBD     	        pop {r2-r4,pc}
 1806              	
 1807              	_chufa:				@软件除法
 1808              		@ r0 除以 r1 等于 商(r0)
 1809 0ddc 1EB5     		push {r1-r4,lr}
 1810 0dde 0028     		cmp r0, # 0
 1811 0de0 0ED0     		beq _chufafanhui
 1812 0de2 0029     		cmp r1, # 0
 1813 0de4 0CD0     		beq _chufafanhui
 1814 0de6 0246     		mov r2, r0
 1815 0de8 0123     		movs r3, # 1
 1816 0dea DB07     		lsls r3, r3, # 31
 1817 0dec 0020     		movs r0, # 0
 1818 0dee 0446     		mov r4, r0
 1819              	_chufaxunhuan:
 1820 0df0 5200     		lsls r2, r2, # 1
 1821 0df2 6441     		adcs r4, r4, r4
 1822 0df4 8C42     		cmp r4, r1
 1823 0df6 01D3     		bcc _chufaweishubudao0
 1824 0df8 C018     		adds r0, r0, r3
 1825 0dfa 641A     		subs r4, r4, r1
ARM GAS  1.s 			page 34


 1826              	_chufaweishubudao0:
 1827 0dfc 5B08     		lsrs r3, r3, # 1
 1828 0dfe F7D1     		bne _chufaxunhuan
 1829              	_chufafanhui:
 1830 0e00 1EBD     		pop {r1-r4,pc}
 1831              	__chu_fa:	@带符号
 1832 0e02 FEB5     		push {r1-r7,lr}
 1833 0e04 0028     	        cmp r0, # 0
 1834 0e06 1ED0     	        beq _chufafanhui1
 1835 0e08 0029     	        cmp r1, # 0
 1836 0e0a 1CD0     	        beq _chufafanhui1
 1837 0e0c 0025     		movs r5, # 0
 1838 0e0e 0000     		movs r0, r0
 1839 0e10 02D5     		bpl __pan_duan_bei_chu_shu
 1840 0e12 0135     		adds r5, r5, # 1
 1841 0e14 C043     		mvns r0, r0
 1842 0e16 0130     		adds r0, r0, # 1
 1843              	__pan_duan_bei_chu_shu:
 1844 0e18 0900     		movs r1, r1
 1845 0e1a 02D5     		bpl __ji_suan_chu_fa11
 1846 0e1c 0135     		adds r5, r5, # 1
 1847 0e1e C943     		mvns r1, r1
 1848 0e20 0131     		adds r1, r1, # 1
 1849              	__ji_suan_chu_fa11:	
 1850 0e22 0246     	        mov r2, r0
 1851 0e24 0123     	        movs r3, # 1
 1852 0e26 DB07     	        lsls r3, r3, # 31
 1853 0e28 0020     	        movs r0, # 0
 1854 0e2a 0446     	        mov r4, r0
 1855              	_chufaxunhuan1:
 1856 0e2c 5200     	        lsls r2, r2, # 1
 1857 0e2e 6441     	        adcs r4, r4, r4
 1858 0e30 8C42     	        cmp r4, r1
 1859 0e32 01D3     		bcc _chufaweishubudao00
 1860 0e34 C018     		adds r0, r0, r3
 1861 0e36 641A     		subs r4, r4, r1
 1862              	_chufaweishubudao00:
 1863 0e38 5B08     		lsrs r3, r3, # 1
 1864 0e3a F7D1     		bne _chufaxunhuan1
 1865 0e3c 012D     		cmp r5, # 1
 1866 0e3e 03D1     		bne _chufafanhui2
 1867 0e40 C043     		mvns r0, r0
 1868 0e42 0130     		adds r0, r0, # 1
 1869 0e44 FEBD     		pop {r1-r7,pc}
 1870              	_chufafanhui1:
 1871 0e46 0020     		movs r0, #0
 1872              	_chufafanhui2:	
 1873 0e48 FEBD     		pop {r1-r7,pc}
 1874              	
 1875              	__he_bing_dian_ya_biao:
 1876 0e4a FFB5     		push {r0-r7,lr}
 1877 0e4c 1E48     		ldr r0, = zhengxiangbiao
 1878 0e4e 1F49     		ldr r1, = fanxiangbiao
 1879 0e50 1F4A     		ldr r2, = 0x20000880
 1880 0e52 0023     		movs r3, # 0
 1881 0e54 1E46     		mov r6, r3
 1882 0e56 1F4F     		ldr r7, = 260
ARM GAS  1.s 			page 35


 1883 0e58 9846     		mov r8, r3	
 1884              	__he_bing_dian_ya_biao_xun_huan:
 1885 0e5a C45A     	        ldrh r4, [r0, r3]
 1886 0e5c CD5A     	        ldrh r5, [r1, r3]
 1887 0e5e 9846     	        mov r8, r3
 1888 0e60 AC42     	        cmp r4, r5
 1889 0e62 06D8     		bhi __zheng_dian_ya
 1890 0e64 2B46     		mov r3, r5
 1891 0e66 00F00EF8 	        bl __zhuan_bcd
 1892 0e6a 1B4D     	        ldr r5, = 0x80000000
 1893 0e6c 1D43     	        orrs r5, r5, r3
 1894 0e6e 9551     		str r5, [r2, r6]
 1895 0e70 03E0     	        b __dian_ya_biao_jia
 1896              	__zheng_dian_ya:
 1897 0e72 2346     	        mov r3, r4
 1898 0e74 00F007F8 	        bl __zhuan_bcd
 1899 0e78 9351     	        str r3, [r2, r6]
 1900              	__dian_ya_biao_jia:
 1901 0e7a 4346     	        mov r3, r8
 1902 0e7c 0233     	        adds r3, r3, # 2
 1903 0e7e 0436     	        adds r6, r6, # 4
 1904 0e80 013F     	        subs r7, r7, # 1
 1905 0e82 EAD1     		bne __he_bing_dian_ya_biao_xun_huan
 1906 0e84 FFBD     		pop {r0-r7,pc}
 1907              	__zhuan_bcd:
 1908 0e86 F7B5     		push {r0-r2,r4-r7,lr}
 1909 0e88 0A21     		movs r1, # 10
 1910 0e8a 1846     		mov r0, r3
 1911 0e8c 1D46     		mov r5, r3
 1912 0e8e 0826     		movs r6, # 8
 1913              	__bcd_xun_huan:
 1914 0e90 FFF7A4FF 		bl _chufa
 1915 0e94 0446     		mov r4, r0
 1916 0e96 4C43     		muls r4, r4, r1
 1917 0e98 2D1B     		subs r5, r5, r4
 1918 0e9a 20B4     		push {r5}
 1919 0e9c 0546     		mov r5, r0
 1920 0e9e 013E     		subs r6, r6, # 1
 1921 0ea0 F6D1     		bne __bcd_xun_huan
 1922 0ea2 FFBC     		pop {r0-r7}
 1923 0ea4 3601     		lsls r6, r6, # 4
 1924 0ea6 2D02     		lsls r5, r5, # 8
 1925 0ea8 2403     		lsls r4, r4, # 12
 1926 0eaa 1B04     		lsls r3, r3, # 16
 1927 0eac 1205     		lsls r2, r2, # 20
 1928 0eae 0906     		lsls r1, r1, # 24
 1929 0eb0 0007     		lsls r0, r0, # 28
 1930 0eb2 0343     		orrs r3, r3, r0
 1931 0eb4 0B43     		orrs r3, r3, r1
 1932 0eb6 1343     		orrs r3, r3, r2
 1933 0eb8 2343     		orrs r3, r3, r4
 1934 0eba 2B43     		orrs r3, r3, r5
 1935 0ebc 3343     		orrs r3, r3, r6
 1936 0ebe 3B43     		orrs r3, r3, r7
 1937 0ec0 F7BD     		pop {r0-r2,r4-r7,pc}
 1938 0ec2 0000E803 		.ltorg
 1938      00005004 
ARM GAS  1.s 			page 36


 1938      00200007 
 1938      00208008 
 1938      00200401 
 1939              	_nmi_handler:
 1940 0edc 7047     		bx lr
 1941              	_hard_fault:
 1942 0ede 7047     		bx lr
 1943              	_svc_handler:
 1944 0ee0 7047     		bx lr
 1945              	_pendsv_handler:
 1946 0ee2 7047     		bx lr
 1947              	_systickzhongduan:
 1948              	aaa:
 1949 0ee4 7047     		bx lr
 1950              		.ltorg
 1951 0ee6 C046     		.end
ARM GAS  1.s 			page 37


DEFINED SYMBOLS
                 1.s:9      .data:0000000000000000 $d
                 1.s:11     .data:0000000000000000 cordic_yong_atan_biao
                 1.s:13     .data:0000000000000040 zheng_xian_100khz
                 1.s:16     .data:0000000000000070 xuan_zhuan_yin_zi
                 1.s:19     .data:0000000000000870 cordic_yong_cos_sin
                 1.s:22     .data:00000000000008f0 dang_wei_biao
                 1.s:675    .text:00000000000004d2 __dang_wei0
                 1.s:696    .text:00000000000004fc __dang_wei1
                 1.s:716    .text:0000000000000524 __dang_wei2
                 1.s:736    .text:000000000000054c __dang_wei3
                 1.s:756    .text:0000000000000574 __dang_wei4
                 1.s:776    .text:000000000000059c __dang_wei5
                 1.s:29     .data:0000000000000908 an_jian_biao
                 1.s:588    .text:0000000000000428 __an_jian0
                 1.s:551    .text:00000000000003dc __dang_wei_jia
                 1.s:573    .text:000000000000040a __pin_lv_jia
                 1.s:576    .text:0000000000000410 __an_jian3
                 1.s:579    .text:0000000000000416 __an_jian4
                 1.s:582    .text:000000000000041c __an_jian5
                 1.s:585    .text:0000000000000422 __an_jian6
                 1.s:490    .text:0000000000000354 __an_jian7
                 1.s:39     .data:0000000000000930 yjmwxwx
                 1.s:42     .data:0000000000000940 kong
                 1.s:44     .data:0000000000000944 _fu
                 1.s:46     .data:0000000000000945 hao_ou
                 1.s:48     .data:0000000000000949 ou
                 1.s:50     .data:000000000000094d qian_ou
                 1.s:52     .data:0000000000000951 zhao_ou
                 1.s:55     .data:0000000000000955 kai_lu_jiao_zhun
                 1.s:57     .data:0000000000000965 duan_lu_jiao_zhun
                 1.s:59     .data:0000000000000975 pi_pei_jiao_zhun
                 1.s:62     *ABS*:0000000020001000 STACKINIT
                 1.s:63     *ABS*:0000000020000000 asciimabiao
                 1.s:64     *ABS*:00000000200000f0 fuhao
                 1.s:65     *ABS*:0000000020000100 Rs
                 1.s:66     *ABS*:0000000020000104 Xs
                 1.s:67     *ABS*:0000000020000108 Cs
                 1.s:68     *ABS*:0000000020000108 jiaodu
                 1.s:69     *ABS*:000000002000010c kailu_r
                 1.s:70     *ABS*:0000000020000110 liangcheng
                 1.s:71     *ABS*:0000000020000114 dangwei
                 1.s:72     *ABS*:0000000020000184 shangbi_r
                 1.s:73     *ABS*:0000000020000188 shangbi_i
                 1.s:74     *ABS*:000000002000018c xiabi_r
                 1.s:75     *ABS*:0000000020000190 xiabi_i
                 1.s:76     *ABS*:0000000020000194 jiaozhunkaiguan
                 1.s:77     *ABS*:00000000200001c8 cankaodianzu
                 1.s:78     *ABS*:00000000200001cc xiaoshudianweizhi
                 1.s:79     *ABS*:00000000200001d0 xiabifangdakaiguan
                 1.s:80     *ABS*:00000000200001d4 shangbifangdakaiguan
                 1.s:81     *ABS*:00000000200001d8 dangweijiayanshi
                 1.s:82     *ABS*:00000000200001dc caidanzhizhen
                 1.s:83     *ABS*:00000000200001e0 caidanbiao
                 1.s:84     *ABS*:00000000200001f8 dianyabiaozhizhen
                 1.s:85     *ABS*:00000000200001fc dianyabiaoman
                 1.s:86     *ABS*:0000000020000200 dianyabiao
ARM GAS  1.s 			page 38


                 1.s:87     *ABS*:0000000020000450 zhengxiangbiao
                 1.s:88     *ABS*:0000000020000700 fanxiangbiao
                 1.s:89     *ABS*:0000000020000a00 lvboqizhizhen
                 1.s:90     *ABS*:0000000020000a04 lvboqihuanchong
                 1.s:91     *ABS*:0000000020000b04 lvboqizhizhen1
                 1.s:92     *ABS*:0000000020000b08 lvboqihuanchong1
                 1.s:93     *ABS*:0000000020000c08 lvboqizhizhen2
                 1.s:94     *ABS*:0000000020000c0c lvboqihuanchong2
                 1.s:95     *ABS*:0000000020000d10 lvboqizhizhen3
                 1.s:96     *ABS*:0000000020000d14 lvboqihuanchong3
                 1.s:98     .text:0000000000000000 vectors
                 1.s:144    .text:00000000000000b0 _start
                 1.s:1939   .text:0000000000000edc _nmi_handler
                 1.s:1941   .text:0000000000000ede _hard_fault
                 1.s:1943   .text:0000000000000ee0 _svc_handler
                 1.s:1945   .text:0000000000000ee2 _pendsv_handler
                 1.s:1947   .text:0000000000000ee4 _systickzhongduan
                 1.s:1948   .text:0000000000000ee4 aaa
                            .text:0000000000000000 $d
                 1.s:143    .text:00000000000000b0 $t
                 1.s:148    .text:00000000000000b8 __cordic_cos_sin
                 1.s:162    .text:00000000000000c8 cordicxunhuan
                 1.s:199    .text:0000000000000100 shizhong
                 1.s:206    .text:000000000000010c denghse
                 1.s:210    .text:0000000000000112 dengpllguan
                 1.s:222    .text:0000000000000126 dengpll
                 1.s:230    .text:0000000000000130 _waisheshizhong
                 1.s:247    .text:000000000000013e _neicunqingling
                 1.s:251    .text:0000000000000144 _neicunqinglingxunhuan
                 1.s:256    .text:000000000000014a __fu_zhi_cai_dan_biao
                 1.s:275    .text:000000000000016e _waishezhongduan
                 1.s:306    .text:0000000000000174 io_she_zhi
                 1.s:342    .text:0000000000000190 _lcdchushihua
                 1.s:1408   .text:0000000000000b4a _xielcd
                 1.s:1400   .text:0000000000000b40 _lcdyanshi
                 1.s:1383   .text:0000000000000b24 _lcdxianshi
                 1.s:370    .text:00000000000001d8 yjmwxwx_yanshi
                 1.s:374    .text:00000000000001dc _adcchushihua
                 1.s:378    .text:00000000000001e2 _dengadcjiaozhun
                 1.s:384    .text:00000000000001ec _kaiadc
                 1.s:389    .text:00000000000001f4 _deng_adc_wen_ding
                 1.s:393    .text:00000000000001fa _tongdaoxuanze
                 1.s:406    .text:0000000000000212 dmachushihua
                 1.s:440    .text:0000000000000236 tim1chushiha
                 1.s:470    .text:0000000000000268 adc_yanshi
                 1.s:665    .text:00000000000004c4 __dang_wei_she_zhi
                 1.s:491    .text:0000000000000354 t1
                 1.s:489    .text:000000000000028a $d
                 1.s:489    .text:000000000000028c $d
                 1.s:492    .text:0000000000000354 $t
                 1.s:500    .text:000000000000036a t
                 1.s:994    .text:0000000000000798 __ji_suan_zu_kang
                 1.s:811    .text:0000000000000640 __xian_shi_shang_xia_bi
                 1.s:1275   .text:0000000000000a40 __an_jian
                 1.s:518    .text:0000000000000396 __jiaodu
                 1.s:1295   .text:0000000000000a66 __atan2_ji_suan
                 1.s:534    .text:00000000000003ba __jiaodu_bu_shi_zheng1
ARM GAS  1.s 			page 39


                 1.s:539    .text:00000000000003c4 __xian_shi_jiaodu1
                 1.s:1483   .text:0000000000000bc2 _zhuanascii
                 1.s:568    .text:00000000000003fc __dang_wei_fan_hui
                 1.s:797    .text:00000000000005c6 __dang_wei_xian_shi
                 1.s:659    .text:00000000000004bc __cai_dan_diao_du
                 1.s:589    .text:0000000000000428 ting
                 1.s:925    .text:0000000000000720 __dian_rong_ji_suan
                 1.s:593    .text:0000000000000434 __xianshi_zukang
                 1.s:609    .text:0000000000000454 __dian_zu_bu_shi_zheng
                 1.s:614    .text:000000000000045e __xian_shi_dian_zu
                 1.s:641    .text:0000000000000496 __dian_kang_bu_shi_zheng
                 1.s:646    .text:00000000000004a0 __xian_shi_dian_kang
                 1.s:810    .text:00000000000005e2 $d
                 1.s:810    .text:00000000000005e4 $d
                 1.s:815    .text:0000000000000640 $t
                 1.s:829    .text:000000000000065c __shang_bi_shi_bu_zheng
                 1.s:834    .text:0000000000000666 __xian_shi_shang_bi_shi_bu
                 1.s:855    .text:0000000000000692 __shang_bi_xu_bu_zheng
                 1.s:860    .text:000000000000069c __xian_shi_shang_bi_xu_bu
                 1.s:881    .text:00000000000006c8 __xia_bi_shi_bu_zheng
                 1.s:886    .text:00000000000006d2 __xian_shi_xia_bi_shi_bu
                 1.s:908    .text:00000000000006fe __xia_bi_xu_bu_zheng
                 1.s:913    .text:0000000000000708 __xian_shi_xia_bi_xu_bu
                 1.s:933    .text:000000000000072e __dianrong_bu_shi_fu
                 1.s:1831   .text:0000000000000e02 __chu_fa
                 1.s:1690   .text:0000000000000d28 __chufa64
                 1.s:948    .text:000000000000074a __xia_bi_dian_ya_cai_yang
                 1.s:954    .text:0000000000000754 __xia_bi_cai_yang_xun_huan
                 1.s:963    .text:0000000000000764 __xia_bi_cai_yang_fan_hui
                 1.s:966    .text:0000000000000766 __xiang_wei_xuan_zhuan
                 1.s:1006   .text:00000000000007ae __xiabifangdaguan
                 1.s:1008   .text:00000000000007b0 __jian_bo
                 1.s:1091   .text:000000000000085c __tong_dao_qie_huan
                 1.s:1010   .text:00000000000007b4 __ji_suan_xia_bi_dft
                 1.s:1127   .text:0000000000000922 __DFT_ji_suan
                 1.s:1026   .text:00000000000007d4 __shangbifangdaguan
                 1.s:1028   .text:00000000000007d6 __jian_bo1
                 1.s:1058   .text:0000000000000818 __shang_xia_bi_lv_bo
                 1.s:1558   .text:0000000000000c50 __fu_shu_chu_fa
                 1.s:1356   .text:0000000000000afc _lvboqi
                 1.s:1109   .text:0000000000000908 __tong_dao_qie_huan_yan_shi
                 1.s:1116   .text:0000000000000912 __fu_zhi_nei_cun
                 1.s:1108   .text:0000000000000884 $d
                 1.s:1110   .text:0000000000000908 $t
                 1.s:1112   .text:000000000000090c __tong_dao_qie_huan_yan_shi_xun_huan
                 1.s:1120   .text:0000000000000916 __fu_zhi_xun_huan
                 1.s:1141   .text:000000000000093a __ji_suan_dft_xun_huan
                 1.s:1145   .text:0000000000000940 __ji_suan_dft
                 1.s:1171   .text:0000000000000972 __xian_shi_jiao_du
                 1.s:1184   .text:000000000000098c __jiaodu_bu_shi_zheng
                 1.s:1189   .text:0000000000000996 __xian_shi_jiaodu
                 1.s:1200   .text:00000000000009ae $d
                 1.s:1200   .text:00000000000009b0 $d
                 1.s:1203   .text:00000000000009c8 _xieflash
                 1.s:1204   .text:00000000000009c8 $t
                 1.s:1214   .text:00000000000009da _flashmang
                 1.s:1231   .text:00000000000009f8 _flashmang1
ARM GAS  1.s 			page 40


                 1.s:1240   .text:0000000000000a08 _flashmang2
                 1.s:1249   .text:0000000000000a18 _flashmang4
                 1.s:1259   .text:0000000000000a26 __fu_shu_cheng_fa
                 1.s:1308   .text:0000000000000a7c __cordic_atan2_xun_huan
                 1.s:1309   .text:0000000000000a7c __du_cos_sin
                 1.s:1329   .text:0000000000000aa0 __ni_shi_zhen_zhuan
                 1.s:1322   .text:0000000000000a94 __shun_shi_zhen_zhuan
                 1.s:1335   .text:0000000000000aaa __xuan_zhuan_wan
                 1.s:1354   .text:0000000000000ace $d
                 1.s:1354   .text:0000000000000ad0 $d
                 1.s:1360   .text:0000000000000afc $t
                 1.s:1368   .text:0000000000000b0c _lvboqimeidaohuanchongquding
                 1.s:1371   .text:0000000000000b10 _lvboqixunhuan
                 1.s:1375   .text:0000000000000b16 _lvbozonghe
                 1.s:1392   .text:0000000000000b32 _lcdxianshixunhuan
                 1.s:1403   .text:0000000000000b44 _lcdyanshixunhuan
                 1.s:1422   .text:0000000000000b62 __lcd_ming_ling
                 1.s:1419   .text:0000000000000b5e __lcd_shu_ju
                 1.s:1424   .text:0000000000000b64 __xie_lcd_shu_ju
                 1.s:1439   .text:0000000000000b86 __74hc595
                 1.s:1446   .text:0000000000000b92 __595_yiweixunhuan
                 1.s:1451   .text:0000000000000b98 __595_yanshi
                 1.s:1460   .text:0000000000000ba6 __ser_0
                 1.s:1457   .text:0000000000000ba2 __ser_1
                 1.s:1462   .text:0000000000000ba8 __595_yiwei
                 1.s:1466   .text:0000000000000bac __595_yanshi1
                 1.s:1475   .text:0000000000000bba __595_yanshi2
                 1.s:1490   .text:0000000000000bcc _xunhuanqiuma
                 1.s:1807   .text:0000000000000ddc _chufa
                 1.s:1509   .text:0000000000000bf0 _qiumafanhui
                 1.s:1504   .text:0000000000000be8 _meidaoxiaoshudian
                 1.s:1512   .text:0000000000000bf4 __ji_suan_fu_du
                 1.s:1522   .text:0000000000000bfe _shibubushifushu
                 1.s:1527   .text:0000000000000c06 _xububushifushu
                 1.s:1532   .text:0000000000000c0e _panduanxubushibushi0
                 1.s:1536   .text:0000000000000c14 _jisuanfudu1
                 1.s:1549   .text:0000000000000c2a _alpha_min_beta_max
                 1.s:1541   .text:0000000000000c1c _alpha_max_beta_min
                 1.s:1557   .text:0000000000000c38 $d
                 1.s:1559   .text:0000000000000c50 $t
                 1.s:1564   .text:0000000000000c56 __ji_suan_chu_fa
                 1.s:1578   .text:0000000000000c6a b1
                 1.s:1584   .text:0000000000000c74 b2
                 1.s:1590   .text:0000000000000c7e b3
                 1.s:1599   .text:0000000000000c8a b4
                 1.s:1605   .text:0000000000000c94 b5
                 1.s:1611   .text:0000000000000c9e b6
                 1.s:1623   .text:0000000000000cb0 b7
                 1.s:1625   .text:0000000000000cb2 b8
                 1.s:1634   .text:0000000000000cc2 b9
                 1.s:1636   .text:0000000000000cc4 b10
                 1.s:1645   .text:0000000000000cd4 a1
                 1.s:1651   .text:0000000000000cde a2
                 1.s:1736   .text:0000000000000d70 __chengfa
                 1.s:1658   .text:0000000000000cee a3
                 1.s:1671   .text:0000000000000d06 a4
                 1.s:1677   .text:0000000000000d10 a5
ARM GAS  1.s 			page 41


                 1.s:1684   .text:0000000000000d20 __a6
                 1.s:1730   .text:0000000000000d6a __chu_fa64_fan_hui0
                 1.s:1700   .text:0000000000000d36 __chu_fa64_ji_suan
                 1.s:1707   .text:0000000000000d42 __chu_fa64_xun_huan
                 1.s:1716   .text:0000000000000d52 __chu_fa_yi_wei
                 1.s:1724   .text:0000000000000d60 __di_yi_wei
                 1.s:1778   .text:0000000000000db0 __cheng_fa_fan_hui
                 1.s:1750   .text:0000000000000d7a __ji_suan_cheng_fa
                 1.s:1782   .text:0000000000000db6 __dai_yu_shu_chufa
                 1.s:1804   .text:0000000000000dda __dai_yu_shu_chufafanhui
                 1.s:1794   .text:0000000000000dca __dai_yu_shu_chufaxunhuan
                 1.s:1801   .text:0000000000000dd6 __dai_yu_shu_chufaweishubudao0
                 1.s:1829   .text:0000000000000e00 _chufafanhui
                 1.s:1819   .text:0000000000000df0 _chufaxunhuan
                 1.s:1826   .text:0000000000000dfc _chufaweishubudao0
                 1.s:1870   .text:0000000000000e46 _chufafanhui1
                 1.s:1843   .text:0000000000000e18 __pan_duan_bei_chu_shu
                 1.s:1849   .text:0000000000000e22 __ji_suan_chu_fa11
                 1.s:1855   .text:0000000000000e2c _chufaxunhuan1
                 1.s:1862   .text:0000000000000e38 _chufaweishubudao00
                 1.s:1872   .text:0000000000000e48 _chufafanhui2
                 1.s:1875   .text:0000000000000e4a __he_bing_dian_ya_biao
                 1.s:1884   .text:0000000000000e5a __he_bing_dian_ya_biao_xun_huan
                 1.s:1896   .text:0000000000000e72 __zheng_dian_ya
                 1.s:1907   .text:0000000000000e86 __zhuan_bcd
                 1.s:1900   .text:0000000000000e7a __dian_ya_biao_jia
                 1.s:1913   .text:0000000000000e90 __bcd_xun_huan
                 1.s:1938   .text:0000000000000ec2 $d
                 1.s:1938   .text:0000000000000ec4 $d
                 1.s:1940   .text:0000000000000edc $t

NO UNDEFINED SYMBOLS
