ARM GAS  1.s 			page 1


   1              		 .thumb                 
   2              	         .syntax unified
   3              	.section .data
   4              		.align 4
   5              		
   6 0000 88BEC494 	shumaguanmabiao: .byte 0x88,0xbe,0xc4,0x94,0xb2,0x91,0x81,0xbc,0x80,0x90
   6      B29181BC 
   6      8090
   7 000a 08E743BC 	hongwaimabiao: .int 0xbc43e708,0xb847e708,0xbd42e708,0xbe41e708,0xbf40e708,0xb946e708,0xba45e708,0x
   7      08E747B8 
   7      08E742BD 
   7      08E741BE 
   7      08E740BF 
   8              	
   9 007e 80010204 	shuaxinbiao: .byte 0x80,0x01,0x02,0x04,0x08,0x10,0x20,0x40,0x00
   9      08102040 
   9      00
  10 0087 5B020000 	caidian: .word zhucaidan +1,dd1 +1,dd2 +1,dd3 +1,dd4 +1,dd5 +1,dd6 +1,dd7 +1,dd8 +1,dd9 +1,dd10 +1,
  10      83030000 
  10      AD020000 
  10      B3020000 
  10      CD020000 
  11              		
  12 00ff 00201D20 	yuefenbiao: .byte 0x00,0x20,0x1d,0x20,0x1f,0x20,0x1f,0x20,0x1f,0x20,0x1f,0x20,0x1f,0x20
  12      1F201F20 
  12      1F201F20 
  12      1F20
  13              	        	.equ STACKINIT,          0x20005000
  14              			.equ systickbiaozhi,     0x20000300
  15              	.section .text
  16              	xiangliangbiao:
  17 0000 00500020 		.word STACKINIT
  18 0004 0D010000 		.word _start + 1
  19 0008 B3040000 		.word _nmi_handler + 1
  20 000c B5040000 		.word _hard_fault  + 1
  21 0010 B7040000 		.word _memory_fault + 1
  22 0014 B9040000 		.word _bus_fault + 1
  23 0018 BB040000 		.word _usage_fault + 1
  24 001c 00000000 		.word 0
  25 0020 00000000 		.word 0
  26 0024 00000000 		.word 0
  27 0028 00000000 		.word 0
  28 002c 00000000 		.word 0
  29 0030 00000000 		.word 0
  30 0034 00000000 		.word 0
  31 0038 00000000 		.word 0
  32 003c BD040000 		.word systickdingshiqi +1
  33 0040 00000000 		.word	0 @WWDG  	0
  34 0044 00000000 		.word	0 @PVD  	1
  35 0048 00000000 		.word	0 @TAMPER	2
  36 004c 00000000 		.word	0 @RTC		3
  37 0050 00000000 		.word	0 @FLASH	4
  38 0054 00000000 		.word	0 @RCC		5
  39 0058 00000000 		.word	0 @EXTI0	6
  40 005c 00000000 		.word	0 @EXTI1	7
  41 0060 00000000 		.word	0 @EXTI2	8
  42 0064 00000000 		.word	0 @EXTI3	9
ARM GAS  1.s 			page 2


  43 0068 00000000 		.word	0 @EXTI4	10
  44 006c 00000000 		.word	0 @DMA11	11
  45 0070 00000000 		.word	0 @DMA12	12
  46 0074 00000000 		.word	0 @DMA13	13
  47 0078 00000000 		.word	0 @DMA14	14
  48 007c 00000000 		.word	0 @DMA15	15
  49 0080 00000000 		.word	0 @DMA16	16
  50 0084 00000000 		.word	0 @DMA17	17
  51 0088 00000000 		.word	0 @ADC1_2 	18
  52 008c 00000000 		.word	0 @USB_HP_CAN1_TX 19
  53 0090 00000000 		.word	0 @USB_LP_CAN1_RX0 20
  54 0094 00000000 		.word	0 @CAN1_RX1	21
  55 0098 00000000 		.word	0 @CAN1_SCE	22
  56 009c 00000000 		.word	0 @EXTI9_5	23
  57 00a0 00000000 		.word	0 @TIM1_BRK	24
  58 00a4 00000000 		.word	0 @TIM1_UP	25
  59 00a8 00000000 		.word	0 @TIM1_TRG_COM	26
  60 00ac 00000000 		.word	0 @TIM1_CC	27
  61 00b0 97050000 		.word	tim2dingshiqi +1  @TIM2 28
  62 00b4 00000000 		.word	0 @TIM3		29
  63 00b8 00000000 		.word	0 @TIM4		30
  64 00bc 00000000 		.word	0 @I2C1_EV	31
  65 00c0 00000000 		.word	0 @I2C1_ER	32
  66 00c4 00000000 		.word	0 @I2C2_EV	33
  67 00c8 00000000 		.word	0 @I2C2_ER	34
  68 00cc 00000000 		.word	0 @SPI1		35
  69 00d0 00000000 		.word	0 @SPI2		36
  70 00d4 00000000 		.word	0 @USART1	37
  71 00d8 00000000 		.word	0 @USART2	38
  72 00dc 00000000 		.word	0 @USART3	39
  73 00e0 00000000 		.word	0 @EXTI15_10	40
  74 00e4 00000000 		.word	0 @RTCAlarm_IRQ	41
  75 00e8 00000000 		.word	0 @USBWakeUp	42
  76 00ec 00000000 		.word	0	
  77 00f0 00000000 		.word	0	
  78 00f4 00000000 		.word	0
  79 00f8 00000000 		.word	0
  80 00fc 00000000 		.word	0
  81 0100 00000000 		.word	0
  82 0104 00000000 		.word	0
  83 0108 00000000 		.word	0 @BootRAM   
  84              	_start:
  85 010c DFF8DC04 		ldr r0, = 0x40010004
  86 0110 4FF00071 		ldr r1, = 0x02000000
  87 0114 0160     		str r1, [r0]
  88              	
  89 0116 4160     		str r1, [r0, # 0x04]
  90 0118 DFF8D404 		ldr r0, = 0x40021000
  91 011c DFF8D414 		ldr r1, = 0x14D83
  92 0120 0160     		str r1, [r0]
  93              	gsszbz: 
  94 0122 0268     		ldr r2, [r0]
  95 0124 4FF40031 		ldr r1, = 0x20000
  96 0128 1142     		tst r1, r2           @HSE高速时钟标志位           
  97 012a 00D1     		bne rccchushihua
  98 012c F9E7     		b gsszbz
  99              	rccchushihua: 
ARM GAS  1.s 			page 3


 100 012e DFF8C804 		ldr r0, = 0x40022000
 101 0132 4FF03201 		mov r1, # 0x00000032
 102 0136 0160     		str r1, [r0]           @FLASH缓冲 缓冲开启 
 103 0138 DFF8C004 		ldr r0, = 0x40021004
 104 013c DFF8C014 		ldr r1, = 0x1D8400
 105 0140 0160     		str r1, [r0]
 106 0142 DFF8AC04 		ldr r0, = 0x40021000
 107 0146 DFF8BC14 		ldr r1, = 0x1033D03
 108 014a 0160     		str r1, [r0]
 109              	chaxun:
 110 014c 0268     		ldr r2, [r0]
 111 014e 4FF00071 		ldr r1, = 0x2000000
 112 0152 1142     		tst r1, r2
 113 0154 00D1     		bne rccgg               @等待PLL稳定
 114 0156 F9E7     		b chaxun
 115              	rccgg:
 116 0158 DFF8A004 		ldr r0, = 0x40021004
 117 015c DFF8A814 		ldr r1, = 0x1D8402
 118 0160 0160     		str r1, [r0]            @ PLL作为系统时钟
 119              	
 120 0162 DFF88804 		ldr r0, = 0x40010004
 121 0166 4FF00071 		ldr r1, = 0x02000000
 122 016a 0160     		str r1, [r0]
 123              	
 124              	neicunqingling:                  @ 无聊把内存清0
 125 016c 4FF00050 		ldr r0, = 0x20000000
 126 0170 44F6FF72 		ldr r2, = 0x4fff         @ 区域是0X4FFF大的地方
 127 0174 4FF00001 		mov r1, # 0              @ 写0
 128              	qingling_xunhuan:                
 129 0178 40F8041B 		str r1, [r0], 4         
 130 017c 013A     		subs r2, # 1
 131 017e FBD1     		bne qingling_xunhuan     @ 循环清0
 132              	
 133              	chushihuayixieshuju:	 @初始化一些数据
 134 0180 DFF88804 		ldr r0, = 0x200004fc
 135 0184 DFF88814 		ldr r1, = 0x2200a000
 136 0188 0160     		str r1, [r0]
 137 018a DFF88804 		ldr r0, = 0x2000001c
 138 018e 6FF07F41 		ldr r1, = 0xffffff
 139 0192 0160     		str r1, [r0]
 140 0194 DFF88054 		ldr r5, = 0x20000024 @ 22000480
 141 0198 DFF88014 		ldr r1, = 0x00110001
 142 019c 4FF00112 		ldr r2, = 0x00010001
 143 01a0 DFF87C34 		ldr r3, = 0x00010101
 144 01a4 2960     		str r1, [r5]
 145 01a6 6A60     		str r2, [r5, # 4]
 146 01a8 AB60     		str r3, [r5, # 8]
 147              		
 148              	systick:
 149              		@0xe000e010 SYSTICK控制状态寄存器
 150              		@0=定时器使能
 151              		@1=（1倒数到0发出异常请，0无动作）
 152              		@2=（0外部始终1内核时钟）
 153              		@16= 如果赏赐读取本寄存器后SYSTICK已经数到0则该位为1如果读取该位则清0
 154              		@0xe000e014 重载值寄存器 数到0将要被重载的值
 155              		@0xe000e018 当前值，写清0
 156              		@0e000e01c
ARM GAS  1.s 			page 4


 157              		@0-23 10MS的时间内倒计数的格数
 158              		@ 30=(1教准不是准确的10MS)（0教准是准确的10MS）
 159 01aa DFF87804 		ldr r0, = 0xe000e010
 160 01ae 4FF00001 		mov r1, # 0               
 161 01b2 0160     		str r1, [r0]            @ 关掉SYSTICK
 162 01b4 42F22831 		ldr r1, = 9000      @ 重载数
 163 01b8 4160     		str r1, [r0, # 4]       @ 写进重载数
 164 01ba 8160     		str r1, [r0, # 8]       @ 清0当前数          
 165 01bc DFF86834 		ldr r3, = 0xe000ed23  @systick优先级
 166 01c0 4FF0F001 		mov r1, # 240
 167 01c4 1960     		str r1, [r3]
 168 01c6 4FF00301 		mov r1, # 3
 169 01ca 0160     		str r1, [r0] @ 开定时器
 170              		
 171              	waisheshizhong:
 172              	
 173              	
 174              		@APB2_ENR=0X40021018 0(AFIO)1(保留)2(PA)3(PB)4(PC)5(PD)6(PE)78(保留)
 175              		@9(ADC1)10(ADC2)11(TIM1)12(SPI1)13(保留)14（USART1）15(保留)
 176 01cc DFF85C04 		        ldr r0, = 0x40021018 @ APB2_ENR
 177 01d0 40F63C01 		        ldr r1, = 0x83c
 178 01d4 0160     		        str r1, [r0]
 179              		@APB1_ENR=0X4002101C
 180              		@0=TIM2,1=TIM3,2=TIM4,3=TIM5,4=TIM6,5=TIM7,11=WWDG
 181              		@14=SP12,15=SP13,17=UART3,19=UART4,20=UART5
 182              		@21=I2C,22=I2C2,23=USB,25=CAN,27=BKPT,28=PWR,29=DACEN
 183 01d6 DFF85804 			ldr r0, = 0X4002101C @ APB1_ENR
 184 01da 0521     			ldr r1, = 0x05
 185 01dc 0160     			str r1, [r0]
 186              		
 187              	zhongduankongzhi:
 188              		@SETENA0=0XE000E100,SETENA1=0XE000E104 @中断使能
 189              		@CLRENA0=0XE000E180,CLRENA1=0XE000E184 @中断除能
 190              		@SETPEND0=0XE000E200,SETPPEND1=0XE000E204 @中断悬起
 191              		@CLRPEND0=0XE000E280,CLRPEND1=0XE000E284  @中断解悬
 192              		@ACTIVE0=0XE000E300,ACTIVE1=0XE000E304   @ 中断活动状态
 193              		@0XE000E400-0XE000E43C 中断优先级阵列每个占8位
 194              		@0XE000ED00=CPUID，0XE000ED04=中断控制及状态寄存器
 195              		@0xe000ed08=向量表偏移，0xe000ed0c=应用程序中断及复位
 196              		@0xe000ed10=系统控制，0XE000ED14=配置与控制
 197              		@0xe000ed18-0xe000ed23=系统异常优先级阵列
 198 01de DFF85404 		ldr r0, = 0xe000ed0c
 199 01e2 DFF85414 		ldr r1, = 0x5fa0500
 200 01e6 0160     		str r1, [r0]
 201 01e8 DFF85004 		ldr r0, = 0xe000e400
 202 01ec 4FF0C001 		mov r1, # 0xc0
 203 01f0 C161     		str r1, [r0, # 28]
 204 01f2 DFF84C04 		ldr r0, = 0xe000e100 @ 中断使能
 205 01f6 4FF08051 		ldr r1, = 0x10000000
 206 01fa 0160     		str r1, [r0]
 207              		
 208              		
 209              		
 210              	timdingshiqi:
 211              	
 212              		
 213              		@tim1=0x40012c00
ARM GAS  1.s 			page 5


 214              		@+0=CR1 控制寄存器
 215              		@+4=CR2 控制寄存器2
 216              		@+8=SMCR 从模式控制寄存器
 217              		@+c=DIER 中断使能寄存器
 218              		@+10=SR 状态寄存器
 219              		@+14=EGR 事件产生寄存器
 220              		@+18=CCMR1 捕获/比较模式寄存器1
 221              		@+1C=CCMR2 捕获/比较模式寄存器2
 222              		@+20=CCER 捕获/比较使能寄存器
 223              		@+24=CNT 计数器
 224              		@+28=PSC 预分频器
 225              		@+2C=ARR 重载寄存器
 226              		@+30=RCR 重复计数寄存器
 227              		@+34=CCR1 捕获/比较寄存器1
 228              		@+38=CCR2 捕获/比较寄存器2
 229              		@+3C=CCR3 捕获/比较寄存器3
 230              		@+40=CCR4 捕获/比较寄存器4
 231              		@+44=BDTR 刹车/死区寄存器
 232              		@+48=DCR DMA控制器
 233              		@+4C=DMAR 连续模式的DMA地址
 234              		@TIM2=0x40000000
 235              	@18=CCMR1,18=OCMR1,1C=CCMR2,1C=OCMR2
 236              	@CNT与CCR比较占空，ARR与PSC决定频率。主频除以PSC=计数频率
 237 01fc 4FF08040 		ldr r0, = 0x40000000 @ tim2
 238 0200 4FF43471 		ldr r1, = 720
 239 0204 8162     		str r1, [r0, # 0x28] @ 分频
 240 0206 6FF07F41 		ldr r1, = 0xffffff
 241 020a C162     		str r1, [r0, # 0x2c] @ 重载
 242 020c 4FF00201 		mov r1, # 2
 243 0210 C160     		str r1, [r0, # 0x0c] @开中断
 244 0212 4FF0F101 		mov r1, # 0xf1
 245 0216 8161     		str r1, [r0, # 0x18] @ 捕获/比较模式
 246 0218 4FF00301 		mov r1, # 3
 247 021c 0162     		str r1, [r0, # 0x20] @ 下降沿捕获
 248 021e 8121     		ldr r1, = 0x81
 249 0220 0160     		str r1, [r0]
 250              	
 251              	tim1dingshiqi:
 252 0222 DFF82004 		ldr r0, = 0x40000800 @ TIM
 253 0226 4821     		ldr r1, = 72
 254 0228 8162     		str r1, [r0, # 0x28] @ PSC
 255 022a 4FF47A71 		ldr r1, =   1000
 256 022e C162     		str r1, [r0, # 0x2c] @ ARR
 257 0230 7821     		ldr r1, = 0x78
 258 0232 8161     		str r1, [r0, # 0x18] @ CCMR
 259 0234 0121     	        ldr r1, = 0x01
 260 0236 0162     	        str r1, [r0, # 0x20]
 261 0238 4FF4FA71 		ldr r1, = 500
 262 023c 4163     		str r1, [r0, # 0x34]
 263 023e 8121     		ldr r1, = 0x81
 264 0240 0160     		str r1, [r0]         @ cr1
 265              		
 266              		
 267              	IOshezhi:
 268              		
 269 0242 DFF80404 		ldr r0, = 0x40010c00
 270              		@PA=0x40010800 PB=0x40010c00 PC=0x40011000 
ARM GAS  1.s 			page 6


 271              		@PD=0x40011400 PE=0x40011800 PF=0x40011c00 
 272              		@ IO 1(通用推挽10M)2(通用推挽2M)3(通用推挽50M)
 273              		@4(浮空输入)5(通用开漏输出10M)6(通用开漏输出2M)
 274              		@7(通用开漏输出50M)8(上拉下拉输入)9(复用功能推挽输出10M)
 275              		@A(复用功能推挽输出2M)B(复用功能推挽输出50M)C(保留)
 276              		@D(复用功能开溜输出10M)E(复用功能开漏输出2M)F(复用功能开漏输出50M)
 277              		@ 偏移0X8=IDR 输入数据寄存器
 278              		@偏移0XC=ODR 输出数据寄存器
 279              		@偏移0X10=BSRR IO开
 280              		@偏移0X14=BRR  IO关
 281 0246 4FF03331 		ldr r1, = 0x33333333
 282 024a 4160     		str r1, [r0, # 0x04]
 283 024c 4FF0BB31 		ldr r1, = 0xbbbbbbbb
 284 0250 0160     		str r1, [r0]
 285 0252 4FF6FF71 		ldr r1, = 0xffff
 286 0256 C160     		str r1, [r0, # 0x0c]
 287              	tingzhule:
 288 0258 FEE7     		b tingzhule
 289              		
 290              		
 291              	zhucaidan:
 292              		
 293 025a F248     		ldr r0, = 0xe000e010
 294 025c 4FF00001 		mov r1, # 0
 295 0260 0160     		str r1, [r0]
 296 0262 00F02BF9 		bl systickdingshiqi
 297              		
 298 0266 00F0FAF8 		bl anjian
 299 026a F848     		ldr r0, = 0x20000014
 300 026c 00F0ADF8 		bl zhuan_shijinzhi
 301 0270 5CF8040C 		ldr r0, [r12, # -4]
 302 0274 4FF00801 		mov r1, # 8
 303 0278 F54A     		ldr r2, = 0x20000100
 304 027a 00F0C3F8 		bl zhuan_ascii
 305 027e F548     		ldr r0, = 0x20000018
 306 0280 00F0A3F8 		bl zhuan_shijinzhi
 307 0284 5CF8040C 		ldr r0, [r12, # -4]
 308 0288 4FF00801 		mov r1, # 8
 309 028c F24A     		ldr r2, = 0x20000110
 310 028e 00F0B9F8 		bl zhuan_ascii
 311              		
 312 0292 4FF00800 		mov r0, # 8
 313 0296 00F0F4F8 		bl xieshumaguan
 314              		
 315 029a F04B     		ldr r3, = 0x200004f8
 316 029c 1868     		ldr r0, [r3]
 317 029e F049     		ldr r1, = caidian
 318 02a0 D1F800E0 		ldr lr, [r1]
 319 02a4 4FEA8000 		lsl r0, # 2
 320 02a8 0A58     		ldr r2, [r1, r0]
 321 02aa 9746     		mov pc, r2
 322              	dd2:
 323 02ac 40F2011B 		ldr r11, = 0x101
 324 02b0 7047     		bx lr
 325              	dd3:
 326 02b2 2DE9FF47 		push {r0-r10,lr}
 327 02b6 EB4B     		ldr r3, = 0x20000020
ARM GAS  1.s 			page 7


 328 02b8 1B68     		ldr r3, [r3]
 329 02ba E448     		ldr r0, = 0x20000014
 330 02bc C15C     		ldrb r1, [r0, r3]
 331 02be 01F10101 		add r1, # 1
 332 02c2 C154     		strb r1, [r0, r3]
 333              		
 334 02c4 00F0C3F8 		bl qingchuanjian
 335              		
 336 02c8 BDE8FF87 		pop {r0-r10,pc}
 337              	dd4:
 338 02cc 2DE9FF47 		push {r0-r10,lr}
 339 02d0 E44D     		ldr r5, = 0x20000020
 340 02d2 2C68     		ldr r4, [r5]
 341 02d4 04F10104 		add r4, # 1
 342 02d8 082C     		cmp r4, # 8
 343 02da 08BF     		it eq
 344 02dc 0024     		moveq r4, # 0
 345 02de 2C60     		str r4, [r5]
 346 02e0 00F0B5F8 		bl qingchuanjian
 347 02e4 40F2031B 		ldr r11, = 0x103
 348 02e8 BDE8FF87 		pop {r0-r10,pc}
 349              		
 350              	dd5:
 351 02ec 4FF4827B 		ldr r11, = 0x104
 352 02f0 7047     		bx lr
 353              	dd6:
 354 02f2 40F2051B 		ldr r11, = 0x105
 355 02f6 7047     		bx lr
 356              	dd7:
 357 02f8 4FF4837B 		ldr r11, = 0x106
 358 02fc 7047     		bx lr
 359              	dd8:
 360 02fe 40F2071B 		ldr r11, = 0x107
 361 0302 7047     		bx lr
 362              	dd9:
 363 0304 4FF4847B 		ldr r11, = 0x108
 364 0308 7047     		bx lr
 365              	dd10:
 366 030a 40F2091B 		ldr r11, = 0x109
 367 030e 7047     		bx lr
 368              	dd11:
 369 0310 4FF4887B 		ldr r11, = 0x110
 370 0314 7047     		bx lr
 371              	dd12:
 372 0316 40F2111B 		ldr r11, = 0x111
 373 031a 7047     		bx lr
 374              	dd13:
 375 031c 4FF4897B 		ldr r11, = 0x112
 376 0320 7047     		bx lr
 377              	dd14:
 378 0322 40F2131B 		ldr r11, = 0x113
 379 0326 7047     		bx lr
 380              	dd15:
 381 0328 4FF48A7B 		ldr r11, = 0x114
 382 032c 7047     		bx lr
 383              	dd16:
 384 032e 40F2151B 		ldr r11, = 0x115
ARM GAS  1.s 			page 8


 385 0332 7047     		bx lr
 386              	dd17:
 387 0334 4FF48B7B 		ldr r11, = 0x116
 388 0338 7047     		bx lr
 389              	dd18:
 390 033a 40F2171B 		ldr r11, = 0x117
 391 033e 7047     		bx lr
 392              	dd19:
 393 0340 4FF48C7B 		ldr r11, = 0x118
 394 0344 7047     		bx lr
 395              	dd20:
 396 0346 40F2191B 		ldr r11, = 0x119
 397 034a 7047     		bx lr
 398              	dd21:
 399 034c 4FF4907B 		ldr r11, = 0x120
 400 0350 7047     		bx lr
 401              	dd22:
 402 0352 40F2211B 		ldr r11, = 0x121
 403 0356 7047     		bx lr
 404              	dd23:
 405 0358 4FF4917B 		ldr r11, = 0x122
 406 035c 7047     		bx lr
 407              	dd24:
 408 035e 40F2231B 		ldr r11, = 0x123
 409 0362 7047     		bx lr
 410              	dd25:
 411 0364 4FF4927B 		ldr r11, = 0x124
 412 0368 7047     		bx lr
 413              	dd26:
 414 036a 40F2251B 		ldr r11, = 0x125
 415 036e 7047     		bx lr
 416              	dd27:
 417 0370 4FF4937B 		ldr r11, = 0x126
 418 0374 7047     		bx lr
 419              	dd28:
 420 0376 40F2271B 		ldr r11, = 0x127
 421 037a 7047     		bx lr
 422              	dd29:
 423 037c 4FF4947B 		ldr r11, = 0x128
 424 0380 7047     		bx lr
 425              		
 426              		
 427              	dd1:
 428 0382 A848     		ldr r0, = 0xe000e010
 429 0384 4FF00301 		mov r1, # 3
 430 0388 0160     		str r1, [r0]
 431              		
 432              		
 433              	zhuye:
 434              		
 435 038a 00F068F8 		bl anjian
 436 038e B34A     		ldr r2, = 0x200004f8
 437 0390 1278     		ldrb r2, [r2]
 438 0392 022A     		cmp r2, # 2
 439 0394 08BF     		it eq
 440 0396 60E7     		beq zhucaidan
 441 0398 AC48     		ldr r0, = 0x20000014
ARM GAS  1.s 			page 9


 442 039a 00F016F8 		bl zhuan_shijinzhi
 443 039e 5CF8040C 		ldr r0, [r12, # -4]
 444 03a2 4FF00801 		mov r1, # 8
 445 03a6 AA4A     		ldr r2, = 0x20000100
 446 03a8 00F02CF8 		bl zhuan_ascii
 447              		
 448 03ac A948     		ldr r0, = 0x20000018
 449 03ae 00F00CF8 		bl zhuan_shijinzhi
 450 03b2 5CF8040C 		ldr r0, [r12, # -4]
 451 03b6 4FF00801 		mov r1, # 8
 452 03ba A74A     		ldr r2, = 0x20000110
 453 03bc 00F022F8 		bl zhuan_ascii
 454              		
 455 03c0 4FF00800 		mov r0, # 8
 456 03c4 00F05DF8 		bl xieshumaguan
 457 03c8 DFE7     		b zhuye
 458              	
 459              	zhuan_shijinzhi:   @ R0=要转换的数的地址
 460 03ca 2DE9FF43 		push {r0-r9,lr}
 461 03ce EC46     		mov r12, sp
 462 03d0 81B0     		sub sp, # 0x04	
 463 03d2 90F80080 		ldrb r8, [r0]
 464 03d6 4278     		ldrb r2, [r0, # 1]
 465 03d8 8378     		ldrb r3, [r0, # 2]
 466 03da C478     		ldrb r4, [r0, # 3]
 467 03dc 4FF06405 		mov r5, # 100
 468 03e0 02FB05F9 		mul r9, r2, r5
 469 03e4 42F21075 		movw r5, # 10000
 470 03e8 03FB05F7 		mul r7, r3, r5
 471 03ec 9E4D     		ldr r5, = 1000000
 472 03ee 04FB05F6 		mul r6, r4, r5
 473 03f2 C844     		add r8, r8, r9
 474 03f4 07EB0802 		add r2, r7, r8
 475 03f8 02EB0601 		add r1, r2, r6
 476 03fc 0091     		str r1, [sp]
 477 03fe E546     		mov sp, r12
 478 0400 BDE8FF83 		pop {r0-r9,pc}
 479              	zhuan_ascii: @ 入口R0=数据 R1= 长度 R2=出口
 480 0404 FFB5     		push {r0-r7,lr}
 481 0406 994F     		ldr r7, = shumaguanmabiao
 482 0408 4FF00A05 		mov r5, # 10
 483              	xunhuanqiuma:
 484 040c B0FBF5F4 		udiv r4, r0, r5
 485 0410 04FB05F6 		mul r6, r4, r5
 486 0414 A0EB0603 		sub r3, r0, r6
 487 0418 FE5C     		ldrb r6, [r7, r3]
 488 041a 02F8016B 		strb r6, [r2], # 1
 489 041e 2046     		mov r0, r4
 490 0420 0139     		subs r1, # 1
 491 0422 F3D1     		bne xunhuanqiuma
 492 0424 FFBD     		pop {r0-r7,pc}
 493              	xie595:    @ 入口0X20000000
 494              		
 495              		@74HC595 11=输入锁存 12=输出锁存 14=数据
 496 0426 3FB5     		push {r0-r5,lr}
 497 0428 9148     		ldr r0, = 0x422181b0 @ 位带地址  
 498 042a 4FF00101 		mov r1, # 1          @ 1
ARM GAS  1.s 			page 10


 499 042e 4FF00002 		mov r2, # 0          @ 0
 500 0432 4FF00853 		ldr r3, = 0x22000000 @ 0x20000000的位带
 501 0436 4FF01804 		mov r4, # 24         @ 写两个8位
 502              	xunhuan595:
 503 043a 8260     		str r2, [r0, # 0x08] @ 595_11 输入锁存
 504 043c 53F8045B 		ldr r5, [r3], # 4    @ 取出一位的数据
 505 0440 0560     		str r5, [r0]         @14脚输出数据
 506 0442 8160     		str r1, [r0, # 0x08] @ 锁存
 507 0444 013C     		subs r4, # 1         
 508 0446 F8D1     		bne xunhuan595       @循环16次
 509 0448 4260     		str r2, [r0, # 0x04] @ 12输出锁存
 510 044a 4160     		str r1, [r0, # 0x04] 
 511 044c 3FBD     		pop {r0-r5,pc}      @ 弹出各寄存器返回
 512              	qingchuanjian:
 513 044e 03B5     		push {r0-r1,lr}
 514 0450 8248     		ldr r0, = 0x200004f8
 515 0452 4FF00001 		mov r1, # 0
 516 0456 0160     		str r1, [r0]
 517 0458 8648     		ldr r0, = 0x20000500
 518 045a 0160     		str r1, [r0]
 519 045c 03BD     		pop {r0-r1,pc}
 520              	anjian:
 521 045e 2DE9FF5F 		push {r0-r12,lr}
 522 0462 844B     		ldr r3, = 0x20000500
 523 0464 844D     		ldr r5, = hongwaimabiao
 524 0466 4FF01D06 		mov r6, # 29
 525              	panduananjian:
 526 046a 55F8044B 		ldr r4, [r5], # 4
 527 046e 1A68     		ldr r2, [r3]
 528 0470 A242     		cmp r2, r4
 529 0472 02D0     		beq anjianzhengque
 530 0474 013E     		subs r6, # 1
 531 0476 F8D1     		bne panduananjian
 532 0478 01E0     		b anjianfanhui
 533              	anjianzhengque:
 534 047a 784A     		ldr r2, = 0x200004f8
 535 047c 1660     		str r6, [r2]
 536              		
 537              	anjianfanhui:
 538 047e BDE8FF9F 		pop {r0-r12,pc}
 539              	xieshumaguan: @ r0位数
 540 0482 2DE9FF5F 		push {r0-r12,lr}
 541 0486 DFF8D091 		ldr r9, = 0x20000110
 542 048a 714F     		ldr r7, = 0x20000100
 543 048c DFF8EC81 		ldr r8, = shuaxinbiao
 544 0490 4FF00056 		ldr r6, = 0x20000000
 545              	
 546              	xianshi:
 547 0494 18F8015B 		ldrb r5, [r8], # 1
 548 0498 17F8012B 		ldrb r2, [r7], # 1
 549 049c 19F8014B 		ldrb r4, [r9], # 1
 550 04a0 7270     		strb r2, [r6, # 1]
 551 04a2 B470     		strb r4, [r6, # 2]
 552 04a4 3570     		strb r5, [r6]
 553 04a6 FFF7BEFF 		bl xie595
 554 04aa 0138     		subs r0, # 1
 555 04ac F2D1     		bne xianshi
ARM GAS  1.s 			page 11


 556 04ae BDE8FF9F 		pop {r0-r12,pc}
 557              		
 558              	_nmi_handler:
 559 04b2 7047     		bx lr
 560              	_hard_fault:
 561 04b4 7047     		bx lr
 562              	_memory_fault:
 563 04b6 7047     		bx lr
 564              	_bus_fault:
 565 04b8 7047     		bx lr
 566              	_usage_fault:
 567 04ba 7047     	 	bx lr
 568              	systickdingshiqi:              @ SYSTICK定时期中断服务函数
 569 04bc 2DE9FF5F 		push {r0-r12,lr}
 570 04c0 6F48     		ldr r0, = 0xe00ed04
 571 04c2 4FF00071 		ldr r1, = 0x2000000 
 572 04c6 0160     		str r1, [r0]         @ 挂起SYSTICK
 573 04c8 6E4A     		ldr r2, = 0x20000010
 574 04ca 604C     		ldr r4, = 0x20000014
 575 04cc 6378     		ldrb r3, [r4, # 1]
 576 04ce A578     		ldrb r5, [r4, # 2]
 577 04d0 E678     		ldrb r6, [r4, # 3]
 578 04d2 94F80480 		ldrb r8, [r4, # 4]
 579 04d6 94F80590 		ldrb r9, [r4, # 5]
 580 04da 94F806A0 		ldrb r10, [r4, # 6]
 581 04de 94F807B0 		ldrb r11, [r4, # 7]
 582              		
 583 04e2 2778     		ldrb r7, [r4]
 584 04e4 1168     		ldr r1, [r2]
 585 04e6 4F48     		ldr r0, = 0xe000e010
 586 04e8 0068     		ldr r0, [r0]
 587 04ea 0028     		cmp r0, # 0
 588 04ec 01D0     		beq tiaoguojiajia
 589 04ee 01F10101 		add r1, # 1
 590              	tiaoguojiajia:
 591 04f2 B1F57A7F 		cmp.w r1, # 1000
 592 04f6 24BF     		itt cs
 593 04f8 0021     		movcs r1, # 0
 594 04fa 0133     		addcs r3, # 1
 595 04fc 3C2B     		cmp r3 ,# 60
 596 04fe 24BF     		itt cs
 597 0500 0023     		movcs r3, # 0
 598 0502 0135     		addcs r5, # 1
 599 0504 3C2D     		cmp r5, # 60
 600 0506 24BF     		itt cs
 601 0508 0025     		movcs r5, # 0
 602 050a 0136     		addcs r6, # 1
 603 050c 182E     		cmp r6, # 24
 604 050e 22BF     		ittt cs
 605 0510 0026     		movcs r6, # 0
 606 0512 0137     		addcs r7, # 1
 607 0514 08F10108 		addcs r8, # 1
 608 0518 082F     		cmp r7, # 8
 609 051a 28BF     		it cs
 610 051c 0127     		movcs r7, # 1
 611 051e 5A48     		ldr r0, = 0x20000038
 612 0520 DFF868C1 		ldr r12, = yuefenbiao
ARM GAS  1.s 			page 12


 613 0524 1CF80900 		ldrb r0, [r12, r9]
 614 0528 1D28     		cmp r0, # 0x1d
 615 052a 0CD1     		bne runnianbuchang
 616 052c DFF860C1 		ldr r12, = 0x22000480
 617 0530 2DE90202 		push {r1, r9}
 618 0534 4FEA8909 		lsl r9, # 2
 619 0538 5CF80A10 		ldr r1, [r12, r10]
 620 053c 0129     		cmp r1, # 1
 621 053e 08BF     		it eq
 622 0540 0130     		addeq r0, # 1
 623 0542 BDE80202 		pop {r1, r9}
 624              	runnianbuchang:	
 625 0546 8045     		cmp r8, r0
 626 0548 24BF     		itt cs
 627 054a 4FF00108 		movcs r8, # 1
 628 054e 09F10109 		addcs r9, # 1
 629 0552 B9F10D0F 		cmp r9, # 13
 630 0556 24BF     		itt cs 
 631 0558 4FF00109 		movcs r9, # 1
 632 055c 0AF1010A 		addcs r10, # 1
 633 0560 BAF1630F 		cmp r10, # 99
 634 0564 24BF     		itt cs
 635 0566 4FF0000A 		movcs r10, # 0
 636 056a 0BF1010B 		addcs r11, # 1
 637 056e BBF1630F 		cmp r11, # 99
 638 0572 28BF     		it cs
 639 0574 4FF0000B 		movcs r11, # 0
 640 0578 2770     		strb r7, [r4]
 641 057a 6370     		strb r3, [r4, # 1]
 642 057c A570     		strb r5, [r4, # 2]
 643 057e E670     		strb r6, [r4, # 3]
 644 0580 84F80480 		strb r8, [r4, # 4]
 645 0584 84F80590 		strb r9, [r4, # 5]
 646 0588 84F806A0 		strb r10, [r4, # 6]
 647 058c 84F807B0 		strb r11, [r4, # 7]
 648 0590 1160     		str r1, [r2]
 649 0592 BDE8FF9F 		pop {r0-r12,pc}
 650              	
 651              	tim2dingshiqi:
 652 0596 2DE9FF5F 		push {r0-r12,lr}
 653 059a 1C4A     		ldr r2, = 0x200004fc
 654 059c 3D48     		ldr r0, = 0x40000034
 655 059e 1368     		ldr r3, [r2]
 656 05a0 0168     		ldr r1, [r0]  @ 读取时间
 657 05a2 B1F5604F 		cmp.w r1, # 0xe000
 658 05a6 1AD8     		bhi tim2fanhui
 659 05a8 B1F5805F 		cmp.w r1, # 0x1000
 660 05ac 82BF     		ittt hi
 661 05ae 184C     		ldrhi r4, = 0x2200a000
 662 05b0 1460     		strhi r4, [r2]
 663 05b2 14E0     		bhi tim2fanhui
 664              		
 665 05b4 FF29     		cmp r1, # 0xff
 666 05b6 81BF     		itttt hi
 667 05b8 12F80C5C 		ldrbhi r5, [r2, # - 0x0c]
 668 05bc 0135     		addhi r5, # 1
 669 05be 02F80C5C 		strbhi r5, [r2, # - 0x0c]
ARM GAS  1.s 			page 13


 670 05c2 0CE0     		bhi tim2fanhui
 671 05c4 A029     		cmp r1, # 0xa0
 672 05c6 81BF     		itttt hi
 673 05c8 0126     		movhi r6, # 1
 674 05ca 43F8046B 		strhi r6, [r3], # 4
 675 05ce 1360     		strhi r3, [r2]
 676 05d0 05E0     		bhi tim2fanhui
 677              		
 678 05d2 6029     		cmp r1, # 0x60
 679 05d4 82BF     		ittt hi
 680 05d6 0026     		movhi r6, # 0
 681 05d8 43F8046B 		strhi r6, [r3], # 4
 682 05dc 1360     		strhi r3, [r2]
 683              		
 684              	tim2fanhui:
 685 05de 2E48     		ldr r0, = 0x40000024
 686 05e0 4FF00001 		mov r1,  # 0
 687 05e4 0160     		str r1, [r0]
 688 05e6 BDE8FF9F 		pop {r0-r12,pc}
 689 05ea 00000400 		
 689      01400010 
 689      0240834D 
 689      01000020 
 689      02400410 
ARM GAS  1.s 			page 14


DEFINED SYMBOLS
                 1.s:4      .data:00000000 $d
                 1.s:6      .data:00000000 shumaguanmabiao
                 1.s:7      .data:0000000a hongwaimabiao
                 1.s:9      .data:0000007e shuaxinbiao
                 1.s:10     .data:00000087 caidian
                 1.s:291    .text:0000025a zhucaidan
                 1.s:427    .text:00000382 dd1
                 1.s:322    .text:000002ac dd2
                 1.s:325    .text:000002b2 dd3
                 1.s:337    .text:000002cc dd4
                 1.s:350    .text:000002ec dd5
                 1.s:353    .text:000002f2 dd6
                 1.s:356    .text:000002f8 dd7
                 1.s:359    .text:000002fe dd8
                 1.s:362    .text:00000304 dd9
                 1.s:365    .text:0000030a dd10
                 1.s:368    .text:00000310 dd11
                 1.s:371    .text:00000316 dd12
                 1.s:374    .text:0000031c dd13
                 1.s:377    .text:00000322 dd14
                 1.s:380    .text:00000328 dd15
                 1.s:383    .text:0000032e dd16
                 1.s:386    .text:00000334 dd17
                 1.s:389    .text:0000033a dd18
                 1.s:392    .text:00000340 dd19
                 1.s:395    .text:00000346 dd20
                 1.s:398    .text:0000034c dd21
                 1.s:401    .text:00000352 dd22
                 1.s:404    .text:00000358 dd23
                 1.s:407    .text:0000035e dd24
                 1.s:410    .text:00000364 dd25
                 1.s:413    .text:0000036a dd26
                 1.s:416    .text:00000370 dd27
                 1.s:419    .text:00000376 dd28
                 1.s:422    .text:0000037c dd29
                 1.s:12     .data:000000ff yuefenbiao
                 1.s:13     *ABS*:20005000 STACKINIT
                 1.s:14     *ABS*:20000300 systickbiaozhi
                 1.s:16     .text:00000000 xiangliangbiao
                 1.s:84     .text:0000010c _start
                 1.s:558    .text:000004b2 _nmi_handler
                 1.s:560    .text:000004b4 _hard_fault
                 1.s:562    .text:000004b6 _memory_fault
                 1.s:564    .text:000004b8 _bus_fault
                 1.s:566    .text:000004ba _usage_fault
                 1.s:568    .text:000004bc systickdingshiqi
                 1.s:651    .text:00000596 tim2dingshiqi
                            .text:00000000 $d
                 1.s:85     .text:0000010c $t
                 1.s:93     .text:00000122 gsszbz
                 1.s:99     .text:0000012e rccchushihua
                 1.s:109    .text:0000014c chaxun
                 1.s:115    .text:00000158 rccgg
                 1.s:124    .text:0000016c neicunqingling
                 1.s:128    .text:00000178 qingling_xunhuan
                 1.s:133    .text:00000180 chushihuayixieshuju
ARM GAS  1.s 			page 15


                 1.s:148    .text:000001aa systick
                 1.s:171    .text:000001cc waisheshizhong
                 1.s:187    .text:000001de zhongduankongzhi
                 1.s:210    .text:000001fc timdingshiqi
                 1.s:251    .text:00000222 tim1dingshiqi
                 1.s:267    .text:00000242 IOshezhi
                 1.s:287    .text:00000258 tingzhule
                 1.s:520    .text:0000045e anjian
                 1.s:459    .text:000003ca zhuan_shijinzhi
                 1.s:479    .text:00000404 zhuan_ascii
                 1.s:539    .text:00000482 xieshumaguan
                 1.s:512    .text:0000044e qingchuanjian
                 1.s:433    .text:0000038a zhuye
                 1.s:483    .text:0000040c xunhuanqiuma
                 1.s:493    .text:00000426 xie595
                 1.s:502    .text:0000043a xunhuan595
                 1.s:525    .text:0000046a panduananjian
                 1.s:533    .text:0000047a anjianzhengque
                 1.s:537    .text:0000047e anjianfanhui
                 1.s:546    .text:00000494 xianshi
                 1.s:590    .text:000004f2 tiaoguojiajia
                 1.s:624    .text:00000546 runnianbuchang
                 1.s:684    .text:000005de tim2fanhui
                 1.s:689    .text:000005ea $d
                 1.s:689    .text:000005ec $d

NO UNDEFINED SYMBOLS
