ARM GAS  1.s 			page 1


   1              		 .thumb                 
   2              	         .syntax unified
   3              	.section .data
   4              		.equ STACKINIT,         0x20005000
   5              		.equ systickms, 	0x20000000
   6              	cordicbiao:
   7 0000 43320000 		.int 0x00003243, 0x00001DAC, 0x00000FAD, 0x000007F5, 0x000003FE, 0x000001FF, 0x000000FF, 0x0000007
   7      AC1D0000 
   7      AD0F0000 
   7      F5070000 
   7      FE030000 
   8              	
   9              	zhengxianbiao:
  10 0040 100E0B0F 		.short 0xe10,0xf0b,0x1005,0x10fc,0x11f0,0x12df,0x13c8,0x14aa,0x1584,0x1654,0x171a,0x17d5,0x1883,0x
  10      0510FC10 
  10      F011DF12 
  10      C813AA14 
  10      84155416 
  11              		
  12              	.section .text
  13              	_xiangliangbiao:
  14 0000 00500020 		.word STACKINIT
  15 0004 0D010000 		.word _start + 1
  16 0008 97020000 		.word _nmi_handler + 1
  17 000c 99020000 		.word _hard_fault  + 1
  18 0010 9B020000 		.word _memory_fault + 1
  19 0014 9D020000 		.word _bus_fault + 1
  20 0018 9F020000 		.word _usage_fault + 1
  21 001c 00000000 		.word 0
  22 0020 00000000 		.word 0
  23 0024 00000000 		.word 0
  24 0028 00000000 		.word 0
  25 002c 00000000 		.word 0
  26 0030 00000000 		.word 0
  27 0034 00000000 		.word 0
  28 0038 00000000 		.word 0
  29 003c A1020000 		.word systickdingshiqi +1
  30 0040 00000000 		.word	0 @WWDG  	0
  31 0044 00000000 		.word	0 @PVD  	1
  32 0048 00000000 		.word	0 @TAMPER	2
  33 004c 00000000 		.word	0 @RTC		3
  34 0050 00000000 		.word	0 @FLASH	4
  35 0054 00000000 		.word	0 @RCC		5
  36 0058 00000000 		.word	0 @EXTI0	6
  37 005c 00000000 		.word	0 @EXTI1	7
  38 0060 00000000 		.word	0 @EXTI2	8
  39 0064 00000000 		.word	0 @EXTI3	9
  40 0068 00000000 		.word	0 @EXTI4	10
  41 006c 00000000 		.word	0 @DMA11	11
  42 0070 00000000 		.word	0 @DMA12	12
  43 0074 00000000 		.word	0 @DMA13	13
  44 0078 00000000 		.word	0 @DMA14	14
  45 007c 00000000 		.word	0 @DMA15	15
  46 0080 00000000 		.word	0 @DMA16	16
  47 0084 00000000 		.word	0 @DMA17	17
  48 0088 00000000 		.word	0 @ADC1_2 	18
  49 008c 00000000 		.word	0 @USB_HP_CAN1_TX 19
ARM GAS  1.s 			page 2


  50 0090 00000000 		.word	0 @USB_LP_CAN1_RX0 20
  51 0094 00000000 		.word	0 @CAN1_RX1	21
  52 0098 00000000 		.word	0 @CAN1_SCE	22
  53 009c 00000000 		.word	0 @EXTI9_5	23
  54 00a0 00000000 		.word	0 @TIM1_BRK	24
  55 00a4 00000000 		.word	0 @TIM1_UP	25
  56 00a8 00000000 		.word	0 @TIM1_TRG_COM	26
  57 00ac 00000000 		.word	0 @TIM1_CC	27
  58 00b0 00000000 		.word	0 @tim2dingshiqi +1  @TIM2 28
  59 00b4 00000000 		.word	0 @tim3dingshiqi +1  @TIM3		29
  60 00b8 00000000 		.word	0 @TIM4		30
  61 00bc 00000000 		.word	0 @I2C1_EV	31
  62 00c0 00000000 		.word	0 @I2C1_ER	32
  63 00c4 00000000 		.word	0 @I2C2_EV	33
  64 00c8 00000000 		.word	0 @I2C2_ER	34
  65 00cc 00000000 		.word	0 @SPI1		35
  66 00d0 00000000 		.word	0 @SPI2		36
  67 00d4 00000000 		.word	0 @USART1	37
  68 00d8 00000000 		.word	0 @USART2	38
  69 00dc 00000000 		.word	0 @USART3	39
  70 00e0 00000000 		.word	0 @EXTI15_10	40
  71 00e4 00000000 		.word	0 @RTCAlarm_IRQ	41
  72 00e8 00000000 		.word	0 @USBWakeUp	42
  73 00ec 00000000 		.word	0	
  74 00f0 00000000 		.word	0	
  75 00f4 00000000 		.word	0
  76 00f8 00000000 		.word	0
  77 00fc 00000000 		.word	0
  78 0100 00000000 		.word	0
  79 0104 00000000 		.word	0
  80 0108 00000000 		.word	0 @BootRAM   
  81              	_start:
  82 010c 6548     		ldr r0, = 0x40021000
  83 010e 4FF00101 		mov r1, # 1
  84 0112 0160     		str r1, [r0]
  85              	_gsszbz: 
  86 0114 0268     		ldr r2, [r0]
  87 0116 1142     		tst r1, r2           @HSI时钟标志位           
  88 0118 00D1     		bne _rccchushihua
  89 011a FBE7     		b _gsszbz
  90              	_rccchushihua: 
  91 011c 624C     		ldr r4, = 0x40022000
  92 011e 4FF03201 		mov r1, # 0x00000032
  93 0122 2160     		str r1, [r4]           @FLASH缓冲 缓冲开启 
  94 0124 4FF4E011 		ldr r1, = 0x1c0000
  95 0128 4160     		str r1, [r0, # 0x04]
  96 012a 5E48     		ldr r0, = 0x40021000
  97 012c 5F49     		ldr r1, = 0x1000001
  98 012e 0160     		str r1, [r0]
  99              	_chaxun:
 100 0130 0268     		ldr r2, [r0]
 101 0132 4FF00071 		ldr r1, = 0x2000000
 102 0136 1142     		tst r1, r2
 103 0138 00D1     		bne _rccgg               @等待PLL稳定
 104 013a F9E7     		b _chaxun
 105              	_rccgg:
 106 013c 5C48     		ldr r0, = 0x40021004
ARM GAS  1.s 			page 3


 107 013e 5D49     		ldr r1, = 0x1c0002
 108 0140 0160     		str r1, [r0]            @ PLL作为系统时钟
 109              	
 110              	_neicunqingling:                  @ 无聊把内存清0
 111 0142 4FF00050 		ldr r0, = 0x20000000
 112 0146 44F6FF72 		ldr r2, = 0x4fff         @ 区域是0X4FFF大的地方
 113 014a 4FF00001 		mov r1, # 0              @ 写0
 114              	_qingling_xunhuan:                
 115 014e 40F8041B 		str r1, [r0], 4         
 116 0152 013A     		subs r2, # 1
 117 0154 FBD1     		bne _qingling_xunhuan     @ 循环清0
 118              	
 119              		
 120              	systick:
 121              		@0xe000e010 SYSTICK控制状态寄存器
 122              		@0=定时器使能
 123              		@1=（1倒数到0发出异常请，0无动作）
 124              		@2=（0外部始终1内核时钟）
 125              		@16= 如果赏赐读取本寄存器后SYSTICK已经数到0则该位为1如果读取该位则清0
 126              		@0xe000e014 重载值寄存器 数到0将要被重载的值
 127              		@0xe000e018 当前值，写清0
 128              		@0e000e01c
 129              		@0-23 10MS的时间内倒计数的格数
 130              		@ 30=(1教准不是准确的10MS)（0教准是准确的10MS）
 131 0156 5848     		ldr r0, = 0xe000e010
 132 0158 4FF00001 		mov r1, # 0               
 133 015c 0160     		str r1, [r0]            @ 关掉SYSTICK
 134 015e 42F22831 		ldr r1, = 9000      @ 重载数
 135 0162 4160     		str r1, [r0, # 4]       @ 写进重载数
 136 0164 8160     		str r1, [r0, # 8]       @ 清0当前数          
 137 0166 554B     		ldr r3, = 0xe000ed23  @systick优先级
 138 0168 4FF0F001 		mov r1, # 240
 139 016c 1960     		str r1, [r3]
 140 016e 4FF00301 		mov r1, # 3
 141 0172 0160     		str r1, [r0] @ 开定时器
 142              		
 143              	_waisheshizhong:
 144              	
 145              		@AHBENR=0x40021014
 146              		@0=DMA1,1=DMA2,2=SRAMEN,4=FLITFEN,6=CRCEN,8=FSMCEN,10=SDIOEN
 147              		
 148              		@APB2_ENR=0X40021018 0(AFIO)1(保留)2(PA)3(PB)4(PC)5(PD)6(PE)78(保留)
 149              		@9(ADC1)10(ADC2)11(TIM1)12(SPI1)13(保留)14（USART1）15(保留)
 150              		@APB1_ENR=0X4002101C
 151              		@0=TIM2,1=TIM3,2=TIM4,3=TIM5,4=TIM6,5=TIM7,11=WWDG
 152              		@14=SP12,15=SP13,17=UART3,19=UART4,20=UART5
 153              		@21=I2C,22=I2C2,23=USB,25=CAN,27=BKPT,28=PWR,29=DACEN
 154              	
 155 0174 5248     		ldr r0, = 0x40021014
 156 0176 4FF00101 		mov r1, # 1
 157 017a 0160     		str r1, [r0]
 158              		
 159 017c 5148     	        ldr r0, = 0x40021018 @ APB2_ENR
 160 017e 40F63C01 	        ldr r1, = 0x83c
 161 0182 0160     	        str r1, [r0]
 162              		
 163              	_zhongduankongzhi:
ARM GAS  1.s 			page 4


 164              		@SETENA0=0XE000E100,SETENA1=0XE000E104 @中断使能
 165              		@CLRENA0=0XE000E180,CLRENA1=0XE000E184 @中断除能
 166              		@SETPEND0=0XE000E200,SETPPEND1=0XE000E204 @中断悬起
 167              		@CLRPEND0=0XE000E280,CLRPEND1=0XE000E284  @中断解悬
 168              		@ACTIVE0=0XE000E300,ACTIVE1=0XE000E304   @ 中断活动状态
 169              		@0XE000E400-0XE000E43C 中断优先级阵列每个占8位
 170              		@0XE000ED00=CPUID，0XE000ED04=中断控制及状态寄存器
 171              		@0xe000ed08=向量表偏移，0xe000ed0c=应用程序中断及复位
 172              		@0xe000ed10=系统控制，0XE000ED14=配置与控制
 173              		@0xe000ed18-0xe000ed23=系统异常优先级阵列
 174 0184 5048     		ldr r0, = 0xe000ed0c
 175 0186 5149     		ldr r1, = 0x5fa0500
 176 0188 0160     		str r1, [r0]
 177 018a 5148     		ldr r0, = 0xe000e400
 178 018c 4FF0C801 		mov r1, # 200
 179 0190 C161     		str r1, [r0, # 28] @ tim2优先级
 180 0192 4FF0C801 		mov r1, # 200
 181 0196 C0F81D10 		str r1, [r0, # 29] @ tim3 优先级
 182              		
 183              		
 184 019a 4E48     		ldr r0, = 0xe000e100 @ 中断使能
 185              		@0-31号使能，0x300000000 = TIM2和TIM3
 186 019c 4FF04051 		ldr r1, = 0x30000000
 187 01a0 0160     		str r1, [r0]
 188              		
 189              	_tim1chushihua:
 190              		@tim1=0x40012c00
 191              		@+0=CR1 控制寄存器
 192              		@+4=CR2 控制寄存器2
 193              		@+8=SMCR 从模式控制寄存器
 194              		@+c=DIER 中断使能寄存器
 195              		@+10=SR 状态寄存器
 196              		@+14=EGR 事件产生寄存器
 197              		@+18=CCMR1 捕获/比较模式寄存器1
 198              		@+1C=CCMR2 捕获/比较模式寄存器2
 199              		@+20=CCER 捕获/比较使能寄存器
 200              		@+24=CNT 计数器
 201              		@+28=PSC 预分频器
 202              		@+2C=ARR 重载寄存器
 203              		@+30=RCR 重复计数寄存器
 204              		@+34=CCR1 捕获/比较寄存器1
 205              		@+38=CCR2 捕获/比较寄存器2
 206              		@+3C=CCR3 捕获/比较寄存器3
 207              		@+40=CCR4 捕获/比较寄存器4
 208              		@+44=BDTR 刹车/死区寄存器
 209              		@+48=DCR DMA控制器
 210              		@+4C=DMAR 连续模式的DMA地址
 211              		@TIM2=0x40000000
 212              		@18=CCMR1,18=OCMR1,1C=CCMR2,1C=OCMR2
 213              		@CNT与CCR比较占空，ARR与PSC决定频率。主频除以PSC=计数频率
 214              	
 215 01a2 4D48     		ldr r0, = 0x40012c00 @ tim1
 216 01a4 0021     		ldr r1, = 0
 217 01a6 8162     		str r1, [r0, # 0x28] @ 分频
 218 01a8 4FF4E151 		ldr r1, = 7200
 219 01ac C162     		str r1, [r0, # 0x2c] @ 重载
 220 01ae 46F66801 		ldr r1, =  0x6868
ARM GAS  1.s 			page 5


 221 01b2 8161     		str r1, [r0, # 0x18] @ 捕获/比较模式
 222 01b4 4FF06801 		mov r1, # 0x68
 223 01b8 C161     		str r1, [r0, # 0x1c]
 224 01ba 40F25551 		ldr r1, =  0x555
 225 01be 0162     		str r1, [r0, # 0x20]
 226 01c0 48F27701 		ldr r1, = 0x8077
 227 01c4 4164     		str r1, [r0, # 0x44]
 228 01c6 0021     		ldr r1, = 0
 229 01c8 C160     		str r1, [r0, # 0x0c]
 230 01ca 4FF0E101 		mov r1, # 0xe1
 231 01ce 0160     		str r1, [r0]
 232              		
 233              	_ioshezhi:
 234              		
 235              		@PA=0x40010800 PB=0x40010c00 PC=0x40011000 
 236              		@PD=0x40011400 PE=0x40011800 PF=0x40011c00 
 237              		@ IO 1(通用推挽10M)2(通用推挽2M)3(通用推挽50M)
 238              		@4(浮空输入)5(通用开漏输出10M)6(通用开漏输出2M)
 239              		@7(通用开漏输出50M)8(上拉下拉输入)9(复用功能推挽输出10M)
 240              		@A(复用功能推挽输出2M)B(复用功能推挽输出50M)C(保留)
 241              		@D(复用功能开溜输出10M)E(复用功能开漏输出2M)F(复用功能开漏输出50M)
 242              		@ 偏移0X8=IDR 输入数据寄存器
 243              		@偏移0XC=ODR 输出数据寄存器
 244              		@偏移0X10=BSRR IO开
 245              		@偏移0X14=BRR  IO关
 246 01d0 4248     		ldr r0, = 0x40010800
 247 01d2 4349     		ldr r1, = 0x44444bbb
 248 01d4 4160     		str r1, [r0, # 0x04]
 249 01d6 4348     		ldr r0, = 0x40010c00
 250 01d8 4349     		ldr r1, = 0xbbb44444
 251 01da 4160     		str r1, [r0, # 0x04]
 252              		
 253              	_dmachushihua:
 254              		DMA1= 0x40020000
 255              		@+0=LSR,+4=IFCR,
 256              		@+8=CCR1,+c=CNDTR1,+10=CPAR1+14=CMAR1,
 257              		@+1c=CCR2,+20=CNDTR2,+24=CPAR2,+28=CMAR2
 258              		@+30=CCR3,+34=CNDTR3,+38=CPAR2,+3c=CMAR3
 259              		@+44=CCR4,+48=CNDTR4,+4c=CPAR4,+50=CMAR4
 260              		@+58=CCR5,+5c=CNDTR5,+60=CPAR5,+64=CMAR5
 261              		@+6C=CCR6,+70=CNDTR6,+74=CPAR6,+78=CMAR6
 262              		@+80=CCR7,+84=CNDTR7,+88=CPAR7,+8c=CMAR7
 263 01dc 4348     		ldr r0, = 0x40020000
 264 01de 4449     		ldr r1, = 0x40012c34 @ tim1_ch1
 265 01e0 4162     		str r1, [r0, # 0x24]
 266 01e2 4449     		ldr r1, = zhengxianbiao
 267 01e4 8162     		str r1, [r0, # 0x28]
 268 01e6 5A21     		ldr r1, = 90
 269 01e8 0162     		str r1, [r0, # 0x20]
 270 01ea 42F2B151 		ldr r1, = 0x25b1
 271 01ee C161     		str r1, [r0, # 0x1c]
 272              		
 273 01f0 4149     		ldr r1, = 0x40012c38 @ tim1_ch2
 274 01f2 8163     		str r1, [r0, # 0x38]
 275 01f4 3F49     		ldr r1, = zhengxianbiao
 276 01f6 C163     		str r1, [r0, # 0x3c]
 277 01f8 5A21     		ldr r1, = 90
ARM GAS  1.s 			page 6


 278 01fa 4163     		str r1, [r0, # 0x34]
 279 01fc 42F2B151 		ldr r1, = 0x25b1
 280 0200 0163     		str r1, [r0, # 0x30]
 281              	
 282 0202 3E49     		ldr r1, = 0x40012c3c @ tim1_ch3
 283 0204 4167     		str r1, [r0, # 0x74]
 284 0206 3B49     		ldr r1, = zhengxianbiao
 285 0208 8167     		str r1, [r0, # 0x78]
 286 020a 5A21     		ldr r1, = 90
 287 020c 0167     		str r1, [r0, # 0x70]
 288 020e 42F2B151 		ldr r1, = 0x25b1
 289 0212 C166     		str r1, [r0, # 0x6c]
 290              		
 291              		
 292 0214 3048     		ldr r0, = 0x40012c00
 293 0216 4FF40071 		ldr r1, = 0x200
 294 021a C160     		str r1, [r0, # 0x0c]
 295              	
 296 021c 3C25     		ldr r5, = 60
 297              		
 298              	_chaxunch1:
 299 021e 334E     		ldr r6, = 0x40020000
 300 0220 376A     		ldr r7, [r6, # 0x20]
 301 0222 AF42     		cmp r7, r5
 302 0224 FBD8     		bhi _chaxunch1
 303              		
 304 0226 4FF4C061 		ldr r1, = 0x600
 305 022a C160     		str r1, [r0, # 0x0c]
 306              	
 307 022c 1E24     		ldr r4, = 30
 308              		
 309              	_chaxunch2:
 310 022e 2F4E     		ldr r6, = 0x40020000
 311 0230 376A     		ldr r7, [r6, # 0x20]
 312 0232 A742     		cmp r7, r4
 313 0234 FBD8     		bhi _chaxunch2
 314              		
 315 0236 4FF46061 		ldr r1, = 0xe00
 316 023a C160     		str r1, [r0, # 0x0c]
 317              		
 318              	_tingle:
 319 023c FEE7     		b _tingle
 320              	
 321              		
 322              	_cordic: @ 入 R0， 出R12
 323              		@16384 ×3.1415927/2 = 25734
 324              		@r0=x,r2=y,r0=z,r4=d,r5=k,r6=cordic_mabiao
 325 023e FFB5     		push {r0-r7,lr}
 326 0240 4FF00005 		mov r5, # 0
 327 0244 2A46     		mov r2, r5
 328 0246 2C46     		mov r4, r5
 329 0248 42F2DD61 		ldr r1, = 0x26dd
 330              	_cordicxunhuan:
 331 024c 4FEAE034 		asr r4, r0, # 15
 332              		@ x
 333 0250 1746     		mov r7, r2
 334 0252 42FA05F2 		asr r2, r5
ARM GAS  1.s 			page 7


 335 0256 82EA0402 		eor r2, r4
 336 025a A2EB0402 		sub r2, r4
 337 025e A1EB0203 		sub r3, r1, r2
 338              		@ y
 339 0262 0E46     		mov r6, r1
 340 0264 41FA05F1 		asr r1, r5
 341 0268 81EA0401 		eor r1, r4
 342 026c A1EB0401 		sub r1, r4
 343 0270 0F44     		add r7, r1
 344              		@ z
 345 0272 234E     		ldr r6, = cordicbiao
 346 0274 4FEA8502 		lsl r2, r5, # 2
 347 0278 B158     		ldr r1, [r6, r2]
 348 027a 81EA0401 		eor r1, r4
 349 027e A1EB0401 		sub r1, r4
 350 0282 A0EB0100 		sub r0, r1
 351 0286 BC46     		mov r12, r7 @ 正弦
 352 0288 1946     		mov r1, r3
 353 028a 3A46     		mov r2, r7
 354 028c 05F10105 		add r5, # 1
 355 0290 102D     		cmp r5, # 16
 356 0292 DBD1     		bne _cordicxunhuan
 357 0294 FFBD     		pop {r0-r7,pc}
 358              		
 359              		
 360              		
 361              	_nmi_handler:
 362 0296 7047     		bx lr
 363              	_hard_fault:
 364 0298 7047     		bx lr
 365              	_memory_fault:
 366 029a 7047     		bx lr
 367              	_bus_fault:
 368 029c 7047     		bx lr
 369              	_usage_fault:
 370 029e 7047     	 	bx lr
 371              	systickdingshiqi:	              @ SYSTICK定时期中断服务函数
 372 02a0 70470000 		bx lr
 372      00100240 
 372      00200240 
 372      01000001 
 372      04100240 
ARM GAS  1.s 			page 8


DEFINED SYMBOLS
                 1.s:4      *ABS*:20005000 STACKINIT
                 1.s:5      *ABS*:20000000 systickms
                 1.s:6      .data:00000000 cordicbiao
                 1.s:9      .data:00000040 zhengxianbiao
                 1.s:13     .text:00000000 _xiangliangbiao
                 1.s:81     .text:0000010c _start
                 1.s:361    .text:00000296 _nmi_handler
                 1.s:363    .text:00000298 _hard_fault
                 1.s:365    .text:0000029a _memory_fault
                 1.s:367    .text:0000029c _bus_fault
                 1.s:369    .text:0000029e _usage_fault
                 1.s:371    .text:000002a0 systickdingshiqi
                            .text:00000000 $d
                 1.s:82     .text:0000010c $t
                 1.s:85     .text:00000114 _gsszbz
                 1.s:90     .text:0000011c _rccchushihua
                 1.s:99     .text:00000130 _chaxun
                 1.s:105    .text:0000013c _rccgg
                 1.s:110    .text:00000142 _neicunqingling
                 1.s:114    .text:0000014e _qingling_xunhuan
                 1.s:120    .text:00000156 systick
                 1.s:143    .text:00000174 _waisheshizhong
                 1.s:163    .text:00000184 _zhongduankongzhi
                 1.s:189    .text:000001a2 _tim1chushihua
                 1.s:233    .text:000001d0 _ioshezhi
                 1.s:253    .text:000001dc _dmachushihua
                 1.s:254    *ABS*:40020000 DMA1
                 1.s:298    .text:0000021e _chaxunch1
                 1.s:309    .text:0000022e _chaxunch2
                 1.s:318    .text:0000023c _tingle
                 1.s:322    .text:0000023e _cordic
                 1.s:330    .text:0000024c _cordicxunhuan
                 1.s:372    .text:000002a2 $d
                 1.s:372    .text:000002a4 $d

NO UNDEFINED SYMBOLS
