ARM GAS  1.s 			page 1


   1              			@ stm32f030f4p6 asm
   2              		 .thumb
   3              		         .syntax unified
   4              	.section .data
   5              	qingping:
   6 0000 20202020 		.ascii "                "
   6      20202020 
   6      20202020 
   6      20202020 
   7              	fute:
   8 0010 56       		.ascii "V"
   9              	fute1:
  10 0011 563D     		.ascii	"V="
  11              	lcdshuju:
  12 0013 796A6D77 		.ascii  "yjmwxwx-20180225"
  12      7877782D 
  12      32303138 
  12      30323235 
  13              	dianhua:	
  14 0023 20202020 		.ascii	"      15552208295"
  14      20203135 
  14      35353232 
  14      30383239 
  14      35
  15              	qq:
  16 0034 20202051 		.ascii	"   QQ:3341656346"
  16      513A3333 
  16      34313635 
  16      36333436 
  17              		.equ STACKINIT,                 0x20001000
  18              		.equ asciimabiao,       0x20000000
  19              		.equ dianyabiao,	0x20000010
  20              		.equ pingjundianya,	0x20000410
  21              		.equ jishu,		0x20000414
  22              	.section .text
  23              	vectors:
  24 0000 00100020 		.word STACKINIT
  25 0004 B1000000 		.word _start + 1
  26 0008 79030000 		.word _nmi_handler + 1
  27 000c 7B030000 		.word _hard_fault  + 1
  28 0010 00000000 		.word 0
  29 0014 00000000 		.word 0
  30 0018 00000000 		.word 0
  31 001c 00000000 		.word 0
  32 0020 00000000 		.word 0
  33 0024 00000000 		.word 0
  34 0028 00000000 		.word 0
  35 002c 7D030000 		.word _svc_handler +1
  36 0030 00000000 		.word 0
  37 0034 00000000 		.word 0
  38 0038 7F030000 		.word _pendsv_handler +1
  39 003c 81030000 		.word _systickzhongduan +1               @ 15
  40 0040 8F030000 		.word aaa +1     @ _wwdg +1          @ 0
  41 0044 8F030000 		.word aaa +1     @_pvd +1            @ 1
  42 0048 8F030000 		.word aaa +1     @_rtc +1            @ 2
  43 004c 8F030000 		.word aaa +1     @_flash +1          @ 3
  44 0050 8F030000 		.word aaa +1	@ _rcc + 1          @ 4
ARM GAS  1.s 			page 2


  45 0054 8F030000 		.word aaa +1      @_exti0_1  +1      @ 5
  46 0058 8F030000 		.word aaa +1      @ _exti2_3 +1      @ 6
  47 005c 8F030000 		.word aaa +1       @_exti4_15 +1     @ 7
  48 0060 8F030000 		.word aaa +1                         @ 8
  49 0064 8F030000 		.word aaa +1 	@_dma1_1  +1    @ 9
  50 0068 8F030000 		.word aaa +1    @_dma1_2_3 +1        @ 10
  51 006c 8F030000 		.word aaa +1       @_dma1_4_5 +1     @ 11
  52 0070 8F030000 		.word aaa +1	 @_adc1 +1          @ 12
  53 0074 8F030000 		.word aaa +1       @_tim1_brk_up +1  @ 13
  54 0078 8F030000 		.word aaa +1        @ _tim1_cc +1    @ 14
  55 007c 8F030000 		.word aaa +1         @_tim2 +1       @ 15
  56 0080 8F030000 		.word aaa +1          @_tim3 +1      @ 16
  57 0084 8F030000 		.word aaa +1                         @ 17
  58 0088 8F030000 		.word aaa +1		                @ 18
  59 008c 8F030000 		.word aaa +1	@_tim14 +1    @ 19
  60 0090 8F030000 		.word aaa +1                         @ 20
  61 0094 8F030000 		.word aaa +1         @_tim16 +1      @ 21
  62 0098 8F030000 		.word aaa +1         @_tim17 +1      @ 22
  63 009c 8F030000 		.word aaa +1          @_i2c   +1     @ 23
  64 00a0 8F030000 		.word aaa +1                         @ 24
  65 00a4 8F030000 		.word aaa +1           @_spi   +1    @ 25
  66 00a8 8F030000 		.word aaa +1                         @ 26
  67 00ac 8F030000 		.word aaa +1         @_usart1 +1     @ 27
  68              		.align 2
  69              	
  70              	_start:
  71              	shizhong:
  72 00b0 7B48     		ldr r0, = 0x40021000 @ rcc
  73 00b2 7C4A     		ldr r2, = 0x40022000   @FLASH访问控制
  74 00b4 3221     		movs r1, # 0x32
  75 00b6 1160     		str r1, [r2]           @FLASH缓冲 缓冲开启
  76 00b8 7948     		ldr r0, = 0x40021000 @ rcc
  77 00ba 7B49     		ldr r1, = 0x100002
  78 00bc 4160     		str r1, [r0, # 0x04]
  79 00be 7B49     		ldr r1, = 0x1000001
  80 00c0 0160     		str r1, [r0]
  81              	dengrc:
  82 00c2 0168     		ldr r1, [r0]
  83 00c4 8907     		lsls r1, # 30
  84 00c6 FCD5     		bpl dengrc
  85              	dengpll:
  86 00c8 0168     		ldr r1, [r0]
  87 00ca 8901     		lsls r1, # 6
  88 00cc FCD5     		bpl dengpll
  89              		@0x34时钟控制寄存器 2 (RCC_CR2)
  90 00ce 0121     		movs r1, # 0x01
  91 00d0 4163     		str r1, [r0, # 0x34]  @ HSI开14M时钟
  92              	dengdai14mshizhongwending:
  93 00d2 416B     		ldr r1, [r0, # 0x34]
  94 00d4 8907     		lsls r1, r1, # 30     @ 左移30位
  95 00d6 FCD5     		bpl dengdai14mshizhongwending  @ 等待14M时钟稳定
  96              	
  97              	neicunqingling:
  98 00d8 7548     		ldr r0, = 0x20000000
  99 00da 0021     		movs r1, # 0
 100 00dc 754B     		ldr r3, = 0x1000
 101              	neicunqinglingxunhuan:
ARM GAS  1.s 			page 3


 102 00de 043B     		subs r3, # 4
 103 00e0 C150     		str r1, [r0, r3]
 104 00e2 FCD1     		bne neicunqinglingxunhuan
 105              	
 106              	_waisheshizhong:			 @ 外设时钟
 107              		@+0x14=RCC_AHBENR
 108              		@0=DMA @2=SRAM @4=FLITF@6=CRC @17=PA @18=PB @19=PC @20=PD @22=PF
 109 00e4 6E48     		ldr r0, = 0x40021000
 110 00e6 7449     		ldr r1, = 0x460005
 111 00e8 4161     		str r1, [r0, # 0x14]
 112              	
 113              		@+0x18外设时钟使能寄存器 (RCC_APB2ENR)
 114              		@0=SYSCFG @5=USART6EN @9=ADC @11=TIM1 @12=SPI1 @14=USART1 @16=TIM15 @17=TIM16 @18=TIM17 @22=DBGMCU
 115 00ea 7449     		ldr r1, = 0x200
 116 00ec 8161     		str r1, [r0, # 0x18]
 117              	io_she_zhi:
 118              		@@@@@@@@@@@@@@@@@@@@@@@@@@@@@@@@@@@@@@@@@@@@@@@@@@@@@@@@@@@@@@@@@@@@@@@@@@@@@@@@@@@@@@@@@@@@@@
 119              		@a(0x48000000)b(0x48000400)c(0x48000800)d(0x48000c00)f(0x48001400)
 120              		@ 输入（00），通用输出（01），复用功能（10），模拟（11）
 121              		@偏移0x4 = 端口输出类型 @ （0 推挽），（ 1 开漏）
 122              		@偏移0x8 = 输出速度  00低速， 01中速， 11高速
 123              		@偏移0xC = 上拉下拉 (00无上下拉，  01 上拉， 10下拉)
 124              		@偏移0x10 = 输入数据寄存器
 125              		@偏移0x14 = 输出数据寄存器
 126              		@偏移0x18 = 端口开  0-15置位
 127              		@偏移0x28 = 端口关
 128              		@0X20 = 复用低
 129              		@GPIO口0（0-3位）每个IO口占用4位
 130              		@ AF0 = 0X0000, AF1 = 0X0001, AF2 = 0X0010 AF3 = 0X0011, AF4 = 0X0100
 131              		@ AF5 = 0X0101, AF6 = 0X0111, AF7 = 0X1000
 132              		@0x24 = 复用高
 133              		@GPIO口8 （0-3位）每个IO口占用4位
 134              		@ AF0 = 0X0000, AF1 = 0X0001, AF2 = 0X0010 AF3 = 0X0011, AF4 = 0X0100
 135              		@ AF5 = 0X0101, AF6 = 0X0111, AF7 = 0X1000
 136              		@@@@@@@@@@@@@@@@@@@@@@@@@@@@@@@@@@@@@@@@@@@@@@@@@@@@@@@@@@@@@@@@@@@@@@@@@@@@@@@@@@@@@@@@@@@@@@
 137              	
 138 00ee 7448     		ldr r0, = 0x48000000
 139 00f0 7449     		ldr r1, = 0x28005553
 140 00f2 0160     		str r1, [r0]
 141              	
 142              	dmachushihua:
 143              		@+0=LSR,+4=IFCR,
 144              		@+8=CCR1,+c=CNDTR1,+10=CPAR1+14=CMAR1,
 145              		@+1c=CCR2,+20=CNDTR2,+24=CPAR2,+28=CMAR2
 146              		@+30=CCR3,+34=CNDTR3,+38=CPAR2,+3c=CMAR3
 147              		@+44=CCR4,+48=CNDTR4,+4c=CPAR4,+50=CMAR4
 148              		@+58=CCR5,+5c=CNDTR5,+60=CPAR5,+64=CMAR5
 149              		@+6C=CCR6,+70=CNDTR6,+74=CPAR6,+78=CMAR6
 150              		@+80=CCR7,+84=CNDTR7,+88=CPAR7,+8c=CMAR7
 151              	
 152              		@ adc dma
 153 00f4 7448     		ldr r0, = 0x40020000
 154 00f6 7549     		ldr r1, = 0x40012440
 155 00f8 0161     		str r1, [r0, # 0x10]
 156 00fa 7549     		ldr r1, = dianyabiao
 157 00fc 4161     		str r1, [r0, # 0x14]
 158 00fe 7549     		ldr r1, =  0xff
ARM GAS  1.s 			page 4


 159 0100 C160     		str r1, [r0, # 0x0c]
 160 0102 7549     		ldr r1, = 0xaa1
 161 0104 8160     		str r1, [r0, # 0x08]
 162              	
 163              	_adcchushihua:
 164 0106 7548     		ldr r0, = 0x40012400  @ adc基地址
 165 0108 7549     		ldr r1, = 0x80000000
 166 010a 8160     		str r1, [r0, # 0x08]  @ ADC 控制寄存器 (ADC_CR)  @adc校准
 167              	_dengadcjiaozhun:
 168 010c 8168     		ldr r1, [r0, # 0x08]
 169 010e 0900     		 movs r1, r1
 170 0110 FCD4     		bmi _dengadcjiaozhun   @ 等ADC校准
 171              	_kaiadc:
 172 0112 8168     		ldr r1, [r0, # 0x08]
 173 0114 0122     		movs r2, # 0x01
 174 0116 1143     		orrs r1, r1, r2
 175 0118 8160     		str r1, [r0, # 0x08]
 176              	_dengdaiadcwending:
 177 011a 0168     		ldr r1, [r0]
 178 011c C907     		lsls r1, r1, # 31
 179 011e FCD5     		bpl _dengdaiadcwending @ 等ADC稳定
 180              	_tongdaoxuanze:
 181 0120 7049     		ldr r1, = 0x01
 182 0122 8162     		str r1, [r0, # 0x28]    @ 通道选择寄存器 (ADC_CHSELR)
 183 0124 7049     		ldr r1, = 0x3003        @ 13 连续转换
 184 0126 C160     		str r1, [r0, # 0x0c]    @ 配置寄存器 1 (ADC_CFGR1)
 185 0128 0721     		movs r1, # 0x07         @
 186 012a 4161     		str r1, [r0, # 0x14]    @ ADC 采样时间寄存器 (ADC_SMPR)
 187 012c 8168     		ldr r1, [r0, # 0x08]
 188 012e 6F4A     		ldr r2, = 0x04         @ 开始转换
 189 0130 1143     		orrs r1, r1, r2
 190 0132 8160     		str r1, [r0, # 0x08]    @ 控制寄存器 (ADC_CR)
 191              	
 192              	
 193              	
 194              	_waishezhongduan:			@外设中断
 195              		@0xE000E100    0-31  写1开，写0没效
 196              		@0XE000E180    0-31 写1关，写0没效
 197              		@0XE000E200    0-31 挂起，写0没效
 198              		@0XE000E280    0-31 清除， 写0没效
 199              	
 200              		
 201              		
 202              	_lcdchushihua:
 203 0134 3320     		movs r0, # 0x33
 204 0136 0021     		movs r1, # 0
 205 0138 00F07BF8 		bl _xielcd
 206 013c 00F074F8 		bl _lcdyanshi
 207 0140 3220     		movs r0, # 0x32
 208 0142 0021     		movs r1, # 0
 209 0144 00F075F8 		bl _xielcd
 210 0148 00F06EF8 		bl _lcdyanshi
 211 014c 2820     		movs r0, # 0x28
 212 014e 0021     		movs r1, # 0
 213 0150 00F06FF8 		bl _xielcd
 214 0154 00F068F8 		bl _lcdyanshi
 215 0158 0C20     		movs r0, # 0x0c
ARM GAS  1.s 			page 5


 216 015a 0021     		movs r1, # 0
 217 015c 00F069F8 		bl _xielcd
 218 0160 00F062F8 		bl _lcdyanshi
 219 0164 0120     		movs r0, # 0x01
 220 0166 0021     		movs r1, # 0
 221 0168 00F063F8 		bl _xielcd
 222 016c 00F05CF8 		bl _lcdyanshi
 223              	
 224              	
 225              	_systick:				@ systick定时器初始化
 226              	
 227 0170 5F48     		ldr r0, = 0xe000e010
 228 0172 6049     		ldr r1, = 0xffffff
 229 0174 4160     		str r1, [r0, # 4]
 230 0176 8160     		str r1, [r0, # 8]
 231 0178 0721     		movs r1, # 0x07
 232 017a 0160     		str r1, [r0]
 233              	
 234              		
 235              	tingting:
 236 017c 5E48     		ldr r0, = jishu
 237 017e 0168     		ldr r1, [r0]
 238 0180 0A29     		cmp r1, # 10
 239 0182 04D0     		beq _lcddi1
 240 0184 1429     		cmp r1, # 20
 241 0186 09D0     		beq _lcddi2
 242 0188 1E29     		cmp r1, # 30
 243 018a 0ED0     		beq _lcddi3
 244 018c 16E0     		b _tiaoguolcdxunhuan
 245              	_lcddi1:
 246 018e 8020     		movs r0, # 0x80
 247 0190 5A49     		ldr r1, = lcdshuju
 248 0192 1022     		movs r2, # 16
 249 0194 FF23     		movs r3, # 0xff
 250 0196 00F039F8 		bl _lcdxianshi
 251 019a 0FE0     		b _tiaoguolcdxunhuan
 252              	_lcddi2:
 253 019c 8020     		movs r0, # 0x80
 254 019e 5849     		ldr r1, = dianhua
 255 01a0 1022     		movs r2, # 16
 256 01a2 FF23     		movs r3, # 0xff
 257 01a4 00F032F8 		bl _lcdxianshi
 258 01a8 08E0     		b _tiaoguolcdxunhuan
 259              	_lcddi3:
 260              		
 261 01aa 8020     		movs r0, # 0x80
 262 01ac 5549     		ldr r1, = qq
 263 01ae 1022     		movs r2, # 16
 264 01b0 FF23     		movs r3, # 0xff
 265 01b2 00F02BF8 		bl _lcdxianshi
 266 01b6 5048     		ldr r0, = jishu
 267 01b8 0021     		movs r1, # 0
 268 01ba 0160     		str r1, [r0]
 269              	_tiaoguolcdxunhuan:
 270              		
 271              		
 272              	
ARM GAS  1.s 			page 6


 273              	
 274              	
 275              		
 276              	
 277              	_adcpingjun:
 278 01bc 4448     		ldr r0, = dianyabiao
 279 01be 5249     		ldr r1, = 0x3fc
 280 01c0 0022     		movs r2, # 0
 281 01c2 1346     		mov r3, r2
 282 01c4 1C46     		mov r4, r3
 283              	_adcpingjunxunhuan:
 284 01c6 C258     		ldr r2, [r0, r3]
 285 01c8 A418     		adds r4, r4, r2
 286 01ca 0433     		adds r3, r3, # 4
 287 01cc 8B42     		cmp r3, r1
 288 01ce FAD1     		bne _adcpingjunxunhuan
 289 01d0 4E49     		ldr r1, = 3300
 290 01d2 200A     		lsrs r0, r4, # 8
 291 01d4 4843     		muls r0, r0, r1
 292 01d6 4E49     		ldr r1, = pingjundianya
 293 01d8 400B     		lsrs r0, r0, # 13		@求电压
 294 01da 0860     		str r0, [r1]
 295              	
 296              		
 297 01dc C020     		movs r0, # 0xc0
 298 01de 4D49     		ldr r1, = fute1
 299 01e0 0222     		movs r2, # 2
 300 01e2 00F013F8 		bl _lcdxianshi
 301              	
 302 01e6 4A4B     		ldr r3, = pingjundianya
 303 01e8 0521     		movs r1, # 5
 304 01ea 1868     		ldr r0, [r3]
 305 01ec 304A     		ldr r2, = asciimabiao
 306 01ee 0123     		movs r3, # 1
 307 01f0 00F096F8 		bl _zhuanascii
 308              	
 309 01f4 C320     		movs r0, # 0xc3
 310 01f6 2E49     		ldr r1, = asciimabiao
 311 01f8 0522     		movs r2, # 5
 312 01fa 00F007F8 		bl _lcdxianshi
 313              	
 314 01fe C820     		movs r0, # 0xc8
 315 0200 4549     		ldr r1, = fute
 316 0202 384A     		ldr r2, = 1
 317 0204 FF23     		movs r3, # 0xff
 318 0206 00F001F8 		bl _lcdxianshi
 319              		
 320 020a B7E7     		b tingting
 321              	
 322              	_lcdxianshi:  		@r0=LCD位置，r1=数据地址，r2=长度
 323 020c 1FB5     		push {r0-r4,lr}
 324 020e 0C46     		mov r4, r1
 325              		
 326 0210 0021     		movs r1, # 0	
 327 0212 00F00EF8 		bl _xielcd
 328              		
 329 0216 0121     		movs r1, # 1
ARM GAS  1.s 			page 7


 330 0218 0023     		movs r3, # 0
 331              	_lcdxianshixunhuan:
 332 021a E05C     		ldrb r0, [r4,r3]
 333 021c 00F009F8 		bl _xielcd
 334 0220 0133     		adds r3, r3, # 1
 335 0222 9342     		cmp r3, r2
 336 0224 F9D1     		bne _lcdxianshixunhuan
 337 0226 1FBD     		pop {r0-r4,pc}
 338              		
 339              	_lcdyanshi:
 340 0228 20B5     		push {r5,lr}
 341 022a 3C4D     		ldr r5, = 0x2000
 342              	_lcdyanshixunhuan:
 343 022c 013D     		subs r5, r5, # 1
 344 022e FDD1     		bne _lcdyanshixunhuan
 345 0230 20BD     		pop {r5,pc}
 346              		
 347              	_xielcd:		@入R0=8位,r1=0命令,r1=1数据
 348 0232 FFB5     		push {r0-r7,lr}
 349 0234 0609     		lsrs r6, r0, # 4
 350 0236 0007     		lsls r0, r0, # 28
 351 0238 000F     		lsrs r0, r0, # 28
 352 023a 8022     		movs r2, # 0x80		@ RS
 353 023c 4023     		movs r3, # 0x40		@ E
 354 023e 3C25     		movs r5, # 0x3c
 355 0240 1F4C     		ldr r4, = 0x48000000
 356 0242 0029     		cmp r1, # 0
 357 0244 01D0     		beq _lcdmingling
 358 0246 A261     		str r2, [r4, # 0x18]	@RS=1
 359 0248 00E0     		b _lcdshuju
 360              	_lcdmingling:
 361 024a A262     		str r2, [r4, # 0x28]	@RS=0
 362              	_lcdshuju:
 363 024c A361     		str r3, [r4, # 0x18]	@E=1
 364 024e A562     		str r5, [r4, # 0x28]
 365              	
 366 0250 F707     		lsls r7, r6, # 31
 367 0252 BF0E     		lsrs r7, r7, # 26
 368 0254 A761     		str r7, [r4, # 0x18]
 369              		
 370 0256 7708     		lsrs r7, r6, # 1
 371 0258 FF07     		lsls r7, r7, # 31
 372 025a FF0E     		lsrs r7, r7, # 27
 373 025c A761     		str r7, [r4, # 0x18]
 374              		
 375 025e B708     		lsrs r7, r6, # 2
 376 0260 FF07     		lsls r7, r7, # 31
 377 0262 3F0F     		lsrs r7, r7, # 28
 378 0264 A761     		str r7, [r4, # 0x18]
 379              		
 380 0266 F708     		lsrs r7, r6, # 3
 381 0268 FF07     		lsls r7, r7, # 31
 382 026a 7F0F     		lsrs r7, r7, # 29
 383 026c A761     		str r7, [r4, # 0x18]
 384              		
 385 026e FFF7DBFF 		bl _lcdyanshi
 386 0272 A362     		str r3, [r4, # 0x28]	@E=0
ARM GAS  1.s 			page 8


 387              	
 388              	
 389 0274 A361     		str r3, [r4, # 0x18]    @E=1
 390 0276 A562     		str r5, [r4, # 0x28]
 391              	
 392 0278 C707     		lsls r7, r0, # 31
 393 027a BF0E     		lsrs r7, r7, # 26
 394 027c A761     		str r7, [r4, # 0x18]
 395              	
 396 027e 4708     		lsrs r7, r0, # 1
 397 0280 FF07     		lsls r7, r7, # 31
 398 0282 FF0E     		lsrs r7, r7, # 27
 399 0284 A761     		str r7, [r4, # 0x18]
 400              	
 401 0286 8708     		lsrs r7, r0, # 2
 402 0288 FF07     		lsls r7, r7, # 31
 403 028a 3F0F     		lsrs r7, r7, # 28
 404 028c A761     		str r7, [r4, # 0x18]
 405              	
 406 028e C708     		lsrs r7, r0, # 3
 407 0290 FF07     		lsls r7, r7, # 31
 408 0292 7F0F     		lsrs r7, r7, # 29
 409 0294 A761     		str r7, [r4, # 0x18]
 410              	
 411 0296 FFF7C7FF 		bl _lcdyanshi
 412 029a A362     		str r3, [r4, # 0x28]    @E=0
 413              		
 414 029c FFBD     		pop {r0-r7,pc}
 415 029e 00000010 		.ltorg
 415      02400020 
 415      02400200 
 415      10000100 
 415      00010000 
 416              	
 417              	
 418              	_zhuanascii:				@ 16进制转数码管码
 419              			@ R0要转的数据， R1长度，R2结果表首地址, r3=小数点位置
 420 0320 FFB5     		push {r0-r7,lr}
 421 0322 1F46     		mov r7, r3
 422 0324 0546     		mov r5, r0
 423 0326 0E46     		mov r6, r1
 424 0328 0A21     		movs r1, # 10
 425              	_xunhuanqiuma:
 426 032a 00F012F8 		bl _chufa
 427 032e 0446     		mov r4, r0
 428 0330 4C43     		muls r4, r1
 429 0332 2B1B     		subs r3, r5, r4
 430 0334 3033     		adds r3, r3, # 0x30
 431 0336 0546     		mov r5, r0
 432 0338 013E     		subs r6, r6, # 1
 433 033a 08D0     		beq _qiumafanhui
 434 033c BE42     		cmp r6, r7
 435 033e 02D1     		bne _meidaoxiaoshudian  
 436 0340 2E24     		movs r4, # 0x2e		@小数点
 437 0342 9455     		strb r4, [r2,r6]	@插入小数点
 438 0344 013E     		subs r6, r6, # 1
 439              	_meidaoxiaoshudian:	
ARM GAS  1.s 			page 9


 440 0346 9355     		strb r3, [r2,r6]
 441 0348 3600     		movs r6, r6
 442 034a EED1     		bne _xunhuanqiuma
 443 034c FFBD     		pop {r0-r7,pc}
 444              	_qiumafanhui:
 445 034e 9355     		strb r3, [r2, r6]
 446 0350 FFBD     		pop {r0-r7,pc}
 447              		
 448              	_chufa:				@软件除法
 449              		@ r0 除以 r1 等于 商(r0)余数R1
 450 0352 1EB5     		push {r1-r4,lr}
 451 0354 0028     		cmp r0, # 0
 452 0356 0ED0     		beq _chufafanhui
 453 0358 0029     		cmp r1, # 0
 454 035a 0CD0     		beq _chufafanhui
 455 035c 0246     		mov r2, r0
 456 035e 0123     		movs r3, # 1
 457 0360 DB07     		lsls r3, r3, # 31
 458 0362 0020     		movs r0, # 0
 459 0364 0446     		mov r4, r0
 460              	_chufaxunhuan:
 461 0366 5200     		lsls r2, r2, # 1
 462 0368 6441     		adcs r4, r4, r4
 463 036a 8C42     		cmp r4, r1
 464 036c 01D3     		bcc _chufaweishubudao0
 465 036e C018     		adds r0, r0, r3
 466 0370 641A     		subs r4, r4, r1
 467              	_chufaweishubudao0:
 468 0372 5B08     		lsrs r3, r3, # 1
 469 0374 F7D1     		bne _chufaxunhuan
 470              	_chufafanhui:
 471 0376 1EBD     		pop {r1-r4,pc}
 472              		.ltorg
 473              	
 474              	_nmi_handler:
 475 0378 7047     		bx lr
 476              	_hard_fault:
 477 037a 7047     		bx lr
 478              	_svc_handler:
 479 037c 7047     		bx lr
 480              	_pendsv_handler:
 481 037e 7047     		bx lr
 482              	_systickzhongduan:
 483 0380 034A     		ldr r2, = jishu
 484 0382 0448     		ldr r0, = 0xe0000d04
 485 0384 1368     		ldr r3, [r2]
 486 0386 0449     		ldr r1, = 0x02000000
 487 0388 0133     		adds r3, r3, # 1
 488 038a 1360     		str r3, [r2]
 489 038c 0160     		str r1, [r0]                 @ 清除SYSTICK中断
 490              	aaa:
 491 038e 70471404 		bx lr
 491      0020040D 
 491      00E00000 
 491      0002
ARM GAS  1.s 			page 10


DEFINED SYMBOLS
                 1.s:5      .data:0000000000000000 qingping
                 1.s:7      .data:0000000000000010 fute
                 1.s:9      .data:0000000000000011 fute1
                 1.s:11     .data:0000000000000013 lcdshuju
                 1.s:13     .data:0000000000000023 dianhua
                 1.s:15     .data:0000000000000034 qq
                 1.s:17     *ABS*:0000000020001000 STACKINIT
                 1.s:18     *ABS*:0000000020000000 asciimabiao
                 1.s:19     *ABS*:0000000020000010 dianyabiao
                 1.s:20     *ABS*:0000000020000410 pingjundianya
                 1.s:21     *ABS*:0000000020000414 jishu
                 1.s:23     .text:0000000000000000 vectors
                 1.s:70     .text:00000000000000b0 _start
                 1.s:474    .text:0000000000000378 _nmi_handler
                 1.s:476    .text:000000000000037a _hard_fault
                 1.s:478    .text:000000000000037c _svc_handler
                 1.s:480    .text:000000000000037e _pendsv_handler
                 1.s:482    .text:0000000000000380 _systickzhongduan
                 1.s:490    .text:000000000000038e aaa
                            .text:0000000000000000 $d
                 1.s:68     .text:00000000000000b0 $t
                 1.s:71     .text:00000000000000b0 shizhong
                 1.s:81     .text:00000000000000c2 dengrc
                 1.s:85     .text:00000000000000c8 dengpll
                 1.s:92     .text:00000000000000d2 dengdai14mshizhongwending
                 1.s:97     .text:00000000000000d8 neicunqingling
                 1.s:101    .text:00000000000000de neicunqinglingxunhuan
                 1.s:106    .text:00000000000000e4 _waisheshizhong
                 1.s:117    .text:00000000000000ee io_she_zhi
                 1.s:142    .text:00000000000000f4 dmachushihua
                 1.s:163    .text:0000000000000106 _adcchushihua
                 1.s:167    .text:000000000000010c _dengadcjiaozhun
                 1.s:171    .text:0000000000000112 _kaiadc
                 1.s:176    .text:000000000000011a _dengdaiadcwending
                 1.s:180    .text:0000000000000120 _tongdaoxuanze
                 1.s:194    .text:0000000000000134 _waishezhongduan
                 1.s:202    .text:0000000000000134 _lcdchushihua
                 1.s:347    .text:0000000000000232 _xielcd
                 1.s:339    .text:0000000000000228 _lcdyanshi
                 1.s:225    .text:0000000000000170 _systick
                 1.s:235    .text:000000000000017c tingting
                 1.s:245    .text:000000000000018e _lcddi1
                 1.s:252    .text:000000000000019c _lcddi2
                 1.s:259    .text:00000000000001aa _lcddi3
                 1.s:269    .text:00000000000001bc _tiaoguolcdxunhuan
                 1.s:322    .text:000000000000020c _lcdxianshi
                 1.s:277    .text:00000000000001bc _adcpingjun
                 1.s:283    .text:00000000000001c6 _adcpingjunxunhuan
                 1.s:418    .text:0000000000000320 _zhuanascii
                 1.s:331    .text:000000000000021a _lcdxianshixunhuan
                 1.s:342    .text:000000000000022c _lcdyanshixunhuan
                 1.s:360    .text:000000000000024a _lcdmingling
                 1.s:362    .text:000000000000024c _lcdshuju
                 1.s:415    .text:000000000000029e $d
                 1.s:415    .text:00000000000002a0 $d
                 1.s:420    .text:0000000000000320 $t
ARM GAS  1.s 			page 11


                 1.s:425    .text:000000000000032a _xunhuanqiuma
                 1.s:448    .text:0000000000000352 _chufa
                 1.s:444    .text:000000000000034e _qiumafanhui
                 1.s:439    .text:0000000000000346 _meidaoxiaoshudian
                 1.s:470    .text:0000000000000376 _chufafanhui
                 1.s:460    .text:0000000000000366 _chufaxunhuan
                 1.s:467    .text:0000000000000372 _chufaweishubudao0
                 1.s:491    .text:0000000000000390 $d

NO UNDEFINED SYMBOLS
