ARM GAS  1.s 			page 1


   1              		 .thumb                 
   2              	         .syntax unified
   3              	.section .data
   4              		.equ STACKINIT,         0x20005000
   5 0000 6A6C696E 	yjmwxwx: .ascii "jlink ob boot 2017-11-19 yjmwxwx"
   5      6B206F62 
   5      20626F6F 
   5      74203230 
   5      31372D31 
   6              	.section .text
   7              	_xiangliangbiao:
   8 0000 00500020 		.word STACKINIT
   9 0004 1D000000 		.word _start + 1
  10 0008 21000000 		.word _nmi_handler + 1
  11 000c 23000000 		.word _hard_fault  + 1
  12 0010 25000000 		.word _memory_fault + 1
  13 0014 27000000 		.word _bus_fault + 1
  14 0018 29000000 		.word _usage_fault + 1
  15              	
  16              	_start:
  17              	tingting:
  18              	
  19 001c 0946     		mov r1, r1
  20              	
  21 001e FDE7     		b tingting	
  22              	_nmi_handler:
  23 0020 7047     		bx lr
  24              	_hard_fault:
  25 0022 7047     		bx lr
  26              	_memory_fault:
  27 0024 7047     		bx lr
  28              	_bus_fault:
  29 0026 7047     		bx lr
  30              	_usage_fault:
  31 0028 7047     	 	bx lr
ARM GAS  1.s 			page 2


DEFINED SYMBOLS
                 1.s:4      *ABS*:0000000020005000 STACKINIT
                 1.s:5      .data:0000000000000000 yjmwxwx
                 1.s:7      .text:0000000000000000 _xiangliangbiao
                 1.s:16     .text:000000000000001c _start
                 1.s:22     .text:0000000000000020 _nmi_handler
                 1.s:24     .text:0000000000000022 _hard_fault
                 1.s:26     .text:0000000000000024 _memory_fault
                 1.s:28     .text:0000000000000026 _bus_fault
                 1.s:30     .text:0000000000000028 _usage_fault
                 1.s:17     .text:000000000000001c tingting
                            .text:0000000000000000 $d
                 1.s:19     .text:000000000000001c $t

NO UNDEFINED SYMBOLS
