ARM GAS  1.s 			page 1


   1              		@ stm32f030f4p6 asm 
   2              		 .thumb                 
   3              	         .syntax unified
   4              	.section .data	
   5              	        	.equ STACKINIT,          0x20000300
   6              			.equ shumaguanma,	0x20000000
   7 0000 FC000000 	shumaguanmabiao:	.int 0xfc,0x50,0xea,0xf2,0x56,0xb6,0xbe,0xd0,0xfe,0xfa
   7      50000000 
   7      EA000000 
   7      F2000000 
   7      56000000 
   8 0028 96009700 	zhengxianbiao: 		.short 0x96,0x97,0x98,0x99,0x9a,0x9b,0x9c,0x9c,0x9d,0x9e,0x9f,0xa0,0xa1,0xa2,0xa3,
****  Warning: zero assumed for missing expression
   8      98009900 
   8      9A009B00 
   8      9C009C00 
   8      9D009E00 
   9              	
  10              		
  11              	.section .text
  12              	vectors:        
  13 0000 00030020 	        .word STACKINIT         
  14 0004 B1000000 	        .word _start + 1        
  15 0008 41020000 	        .word _nmi_handler + 1  
  16 000c 43020000 	        .word _hard_fault  + 1  
  17 0010 00000000 	        .word 0 
  18 0014 00000000 	        .word 0    
  19 0018 00000000 	        .word 0
  20 001c 00000000 		.word 0
  21 0020 00000000 		.word 0
  22 0024 00000000 		.word 0
  23 0028 00000000 		.word 0
  24 002c 45020000 		.word _svc_handler +1
  25 0030 00000000 		.word 0 
  26 0034 00000000 		.word 0
  27 0038 47020000 		.word _pendsv_handler +1
  28 003c 49020000 		.word _systick +1               @ 15   
  29 0040 00000000 		.word 0     @ _wwdg +1          @ 0
  30 0044 00000000 		.word 0     @_pvd +1            @ 1
  31 0048 00000000 		.word 0     @_rtc +1            @ 2
  32 004c 00000000 		.word 0     @_flash +1          @ 3
  33 0050 00000000 		.word 0     @ _rcc + 1          @ 4
  34 0054 00000000 		.word 0      @_exti0_1  +1      @ 5
  35 0058 00000000 		.word 0      @ _exti2_3 +1      @ 6
  36 005c 00000000 		.word 0       @_exti4_15 +1     @ 7
  37 0060 00000000 		.word 0                         @ 8
  38 0064 00000000 		.word 0         @_dma1_1  +1    @ 9
  39 0068 00000000 		.word 0    @_dma1_2_3 +1        @ 10
  40 006c 00000000 		.word 0       @_dma1_4_5 +1     @ 11
  41 0070 00000000 		.word 0      @_adc1 +1          @ 12
  42 0074 00000000 		.word 0       @_tim1_brk_up +1  @ 13
  43 0078 00000000 		.word 0        @ _tim1_cc +1    @ 14
  44 007c 00000000 		.word 0         @_tim2 +1       @ 15
  45 0080 00000000 		.word 0          @_tim3 +1      @ 16
  46 0084 00000000 		.word 0                         @ 17
  47 0088 00000000 		.word 0		                @ 18
  48 008c 55020000 		.word _tim14 +1    @ 19
ARM GAS  1.s 			page 2


  49 0090 00000000 		.word 0                         @ 20
  50 0094 00000000 		.word 0         @_tim16 +1      @ 21
  51 0098 00000000 		.word 0         @_tim17 +1      @ 22
  52 009c 00000000 		.word 0          @_i2c   +1     @ 23
  53 00a0 00000000 		.word 0                         @ 24
  54 00a4 00000000 		.word 0           @_spi   +1    @ 25
  55 00a8 00000000 		.word 0                         @ 26
  56 00ac 00000000 		.word 0         @_usart1 +1     @ 27
  57              		
  58              	_start:
  59              	shizhong:
  60 00b0 6948     		ldr r0, = 0x40021000 @ rcc
  61 00b2 6A4A     		ldr r2, = 0x40022000   @FLASH访问控制
  62 00b4 3221     		movs r1, # 0x32
  63 00b6 1160     		str r1, [r2]           @FLASH缓冲 缓冲开启
  64 00b8 6949     		ldr r1, = 0x110002     @HSE-PLL 6
  65 00ba 4160     		str r1, [r0, # 0x04]
  66 00bc 6949     		ldr r1, = 0x1090001
  67 00be 0160     		str r1, [r0]
  68              	dengrc:
  69 00c0 0168     		ldr r1, [r0]
  70 00c2 8907     		lsls r1, # 30
  71 00c4 FCD5     		bpl dengrc
  72              	dengjingzhen:
  73 00c6 0168     		ldr r1, [r0]
  74 00c8 8903     		lsls r1, # 14
  75 00ca FCD5     		bpl dengjingzhen
  76              	dengpll:
  77 00cc 0168     		ldr r1, [r0]
  78 00ce 8901     		lsls r1, # 6
  79 00d0 FCD5     		bpl dengpll
  80              		@0x34时钟控制寄存器 2 (RCC_CR2)
  81 00d2 0121     		movs r1, # 0x01
  82 00d4 4163     		str r1, [r0, # 0x34]  @ HSI开14M时钟
  83              	dengdai14mshizhongwending:
  84 00d6 416B     		ldr r1, [r0, # 0x34]
  85 00d8 8907     		lsls r1, r1, # 30     @ 左移30位
  86 00da FCD5     		bpl dengdai14mshizhongwending  @ 等待14M时钟稳定
  87              	waisheshizhong:	 @ 外设时钟              
  88              		@+0x14 #0(DMA),2(SRAM),4(FLITF),6(CRC),17(PA)
  89              		@18(PB),19(PC),20(PD),22(PF)
  90              		@+0x18 #0(SYSCFG),5(USART6),9(ADC),#11(TIM1)
  91              		@12(SPI), @14(USART1),16(TIM15),17(TIM16),
  92              		@18(TIM17),22(DBGMCU)
  93              		@+0X1C # 1(TIM3),4(TIM6),5(TIM7),8(TIM14),11(WWDG),
  94              		@14(SPI2),17(USART2),18(USART3),19(USART4),20(USART5)
  95              		@21(I2C1),22(I2C2),23(USB),28(PWR)
  96 00dc 5E48     		ldr r0, = 0x40021000
  97 00de 6249     		ldr r1, = 0x60005
  98 00e0 4161     		str r1, [r0, # 0x14]
  99 00e2 6249     		ldr r1, = 0x100
 100 00e4 C161     		str r1, [r0, # 0x1c]
 101 00e6 6249     		ldr r1, = 0x800
 102 00e8 8161     		str r1, [r0, # 0x18]
 103              	
 104              	waishezhongduan:	@外设中断
 105              		@0xE000E100    0-31 写1开，写0没效
ARM GAS  1.s 			page 3


 106              		@0XE000E180    0-31 写1关，写0没效
 107              		@0XE000E200    0-31 挂起，写0没效
 108              		@0XE000E280    0-31 清除， 写0没效
 109              	systick:
 110              		@ 0xe000ed20 30-31 优先级
 111 00ea 6248     		ldr r0, = 0xe000e010
 112 00ec 6249     		ldr r1, = 47999 @ 重载数
 113 00ee 4160     		str r1, [r0, # 4] @ 写入重载数
 114 00f0 8160     		str r1, [r0, # 8] @ 清除当前数
 115 00f2 0021     		movs r1, # 0
 116 00f4 0160     		str r1, [r0] @ 开定时器
 117              	
 118              	dmachushihua:
 119              		@+0=LSR,+4=IFCR,
 120              		@+8=CCR1,+c=CNDTR1,+10=CPAR1+14=CMAR1,
 121              		@+1c=CCR2,+20=CNDTR2,+24=CPAR2,+28=CMAR2
 122              		@+30=CCR3,+34=CNDTR3,+38=CPAR2,+3c=CMAR3
 123              		@+44=CCR4,+48=CNDTR4,+4c=CPAR4,+50=CMAR4
 124              		@+58=CCR5,+5c=CNDTR5,+60=CPAR5,+64=CMAR5
 125              		@+6C=CCR6,+70=CNDTR6,+74=CPAR6,+78=CMAR6
 126              		@+80=CCR7,+84=CNDTR7,+88=CPAR7,+8c=CMAR7
 127 00f6 6148     		ldr r0, = 0x40020000
 128 00f8 6149     		ldr r1, = 0x40012c3c @ 外设地址
 129 00fa 0166     		str r1, [r0, # 0x60]
 130 00fc 6149     		ldr r1, = zhengxianbiao @ 储存器地址
 131 00fe 4166     		str r1, [r0, # 0x64]
 132 0100 6149     		ldr r1, = 0x400        @ 1023个
 133 0102 C165     		str r1, [r0, # 0x5c]
 134 0104 6149     		ldr r1, = 0x25b1         @ 储存到外设
 135 0106 8165     		str r1, [r0, # 0x58]
 136              	
 137              	tim1chushiha:
 138 0108 6148     		ldr r0, = 0x40012c00 @ tim1_cr1
 139 010a 0321     		movs r1, # 3
 140 010c 8162     		str r1, [r0, # 0x28] @ psc
 141 010e 6149     		ldr r1, = 300
 142 0110 C162     		str r1, [r0, # 0x2c] @ ARR
 143 0112 6021     		ldr r1, = 0x60
 144 0114 C161     		str r1, [r0, # 0x1c] @ ccmr2  CC3
 145 0116 6049     		ldr r1, = 0xd00    @  CC3 互补
 146 0118 0162     		str r1, [r0, # 0x20] @ ccer
 147 011a 6049     		ldr r1, = 0x8000
 148 011c 4164     		str r1, [r0, # 0x44] @ BDTR
 149 011e 5449     		ldr r1, = 0x800 @ CC3 DMA
 150 0120 C160     		str r1, [r0, # 0x0c] @ DIER
 151 0122 8121     		ldr r1, = 0x81
 152 0124 0160     		str r1, [r0]
 153              		
 154              	
 155              		
 156              	io_she_zhi:
 157              	@@@@@@@@@@@@@@@@@@@@@@@@@@@@@@@@@@@@@@@@@@@@@@@@@@@@@@@@@@@@@@@@@@@@@@@@@@@@@@@@@@@@@@@@@@@@@@
 158              		@a(0x48000000)b(0x48000400)c(0x48000800)d(0x48000c00)f(0x48001400)
 159              		@ 输入（00），通用输出（01），复用功能（10），模拟（11）
 160              		@偏移0x4 = 端口输出类型 @ （0 推挽），（ 1 开漏）
 161              		@偏移0x8 = 输出速度  00低速， 01中速， 11高速
 162              		@偏移0xC = 上拉下拉 00无上下拉，  01 上拉， 10下拉
ARM GAS  1.s 			page 4


 163              		@偏移0x10 = 输入数据寄存器
 164              		@偏移0x14 = 输出数据寄存器
 165              		@偏移0x18 = 端口开  0-15置位 
 166              		@偏移0x28 = 端口关
 167              		@0X20 = 复用低
 168              		@GPIO口0（0-3位）每个IO口占用4位
 169              		@ AF0 = 0X0000, AF1 = 0X0001, AF2 = 0X0010 AF3 = 0X0011, AF4 = 0X0100
 170              		@ AF5 = 0X0101, AF6 = 0X0111, AF7 = 0X1000
 171              		@0x24 = 复用高
 172              		@GPIO口8 （0-3位）每个IO口占用4位
 173              		@ AF0 = 0X0000, AF1 = 0X0001, AF2 = 0X0010 AF3 = 0X0011, AF4 = 0X0100
 174              		@ AF5 = 0X0101, AF6 = 0X0111, AF7 = 0X1000
 175              	@@@@@@@@@@@@@@@@@@@@@@@@@@@@@@@@@@@@@@@@@@@@@@@@@@@@@@@@@@@@@@@@@@@@@@@@@@@@@@@@@@@@@@@@@@@@@@
 176 0126 5E48     		ldr r0, = 0x48000000 @ gpio_a
 177 0128 5E49     		ldr r1, = 0x28205600 @ pa4
 178 012a 0160     		str r1, [r0]
 179 012c 8168     		ldr r1, [r0, # 0x08]
 180 012e 5E4A     		ldr r2, = 0xfc00
 181 0130 1143     		orrs r1, r2
 182 0132 8160     		str r1, [r0, # 0x08]
 183 0134 5D49     		ldr r1, = 0x40000 @ tim14映射到PA4
 184 0136 0162     		str r1, [r0, # 0x20] @ ARRL
 185 0138 5D49     		ldr r1, = 0x200     @ tim1_ch3到PA10
 186 013a 4162     		str r1, [r0, # 0x24] @ ARRH
 187 013c 5D48     		ldr r0, = 0x48000400
 188 013e 0821     		movs r1, # 0x08 @ pb1
 189 0140 0160     		str r1, [r0]
 190 0142 2021     		movs r1, # 0x20 @ tim1_ch3n到PB1
 191 0144 0162     		str r1, [r0, # 0x20] @ ARRL
 192              	
 193              	
 194              	tingzhu:
 195 0146 5C48     		ldr r0, = 0x4002005c
 196 0148 0068     		ldr r0, [r0]
 197 014a 0821     		movs r1, # 8
 198 014c 5B4A     		ldr r2, = shumaguanma
 199 014e 00F005F8 		bl zhuanshumaguanma
 200 0152 0826     		movs r6, # 8
 201 0154 B600     		lsls r6, # 2
 202 0156 00F014F8 		bl xieshumaguan
 203 015a F4E7     		b tingzhu
 204              	
 205              		zhuanshumaguanma:@ 16进制转数码管码
 206              			@ R0要转的数据， R1长度，R2结果表首地址
 207 015c FFB5     		push {r0-r7,lr}
 208 015e 584F     		ldr r7, = shumaguanmabiao
 209 0160 0A25     		movs r5, # 10
 210 0162 AB46     		mov r11, r5
 211              	xunhuanqiuma:
 212 0164 8446     		mov r12, r0
 213 0166 00F041F8 		bl chufa
 214 016a 6446     		mov r4, r12
 215 016c 6C43     		muls r4, r5
 216 016e 2646     		mov r6, r4
 217 0170 831B     		subs r3, r0, r6
 218 0172 9B00     		lsls r3, # 2
 219 0174 FE58     		ldr r6, [r7, r3]
ARM GAS  1.s 			page 5


 220 0176 1660     		str r6, [r2]
 221 0178 0432     		adds r2, r2, # 4
 222 017a 6046     		mov r0, r12
 223 017c 0139     		subs r1, # 1
 224 017e F1D1     		bne xunhuanqiuma
 225 0180 FFBD     		pop {r0-r7,pc}
 226              		
 227              	xieshumaguan: @ r6=位数 @数码管码
 228 0182 FFB5     		push {r0-r7,lr}
 229 0184 4F49     		ldr r1, = 0x7f7f7f7f
 230 0186 0122     		movs r2, # 0x01
 231 0188 0027     		movs r7, # 0
 232 018a 4C4D     		ldr r5, = shumaguanma
 233              	shumaguanshuaxin:
 234 018c EB59     		ldr r3, [r5, r7]
 235 018e 0C0E     		lsrs r4, r1, # 24
 236 0190 2402     		lsls r4, r4, # 8
 237 0192 1C43     		orrs r4, r4, r3
 238 0194 A446     		mov r12, r4
 239 0196 00F005F8 		bl xie595
 240 019a D141     		rors r1, r2
 241 019c 0437     		adds  r7, r7, # 4
 242 019e B742     		cmp r7, r6
 243 01a0 F4D3     		bcc shumaguanshuaxin
 244 01a2 FFBD     		pop {r0-r7,pc}
 245              		
 246              	xie595: @ R12=要写的数据
 247 01a4 FFB5     		push {r0-r7,lr}
 248 01a6 4020     		movs r0, # 0x40
 249 01a8 8027     		movs r7, # 0x80 
 250 01aa 2026     		movs r6, # 0x20 
 251 01ac 6546     		mov r5, r12
 252 01ae 1023     		movs r3, # 16   @16位
 253 01b0 3B4A     		ldr r2, = 0x48000000 @ gpioa
 254 01b2 0121     		movs r1, # 0x01
 255              	xunhuan595:
 256 01b4 9661     		str r6, [r2, # 0x18]
 257 01b6 00F014F8 		bl yanshi
 258 01ba 0D42     		tst r5, r1
 259 01bc 01D1     		bne xie595_0
 260 01be 9762     		str r7, [r2, # 0x28]
 261 01c0 00E0     		b suocun595
 262              	xie595_0:
 263 01c2 9761     		str r7, [r2, # 0x18]
 264              	suocun595:
 265 01c4 00F00DF8 		bl yanshi
 266 01c8 6D08     		lsrs r5, # 1
 267 01ca 9662     		str r6, [r2, # 0x28]
 268 01cc 00F009F8 		bl yanshi
 269 01d0 013B     		subs r3, r3, # 1
 270 01d2 EFD1     		bne xunhuan595
 271 01d4 9061     		str r0, [r2, # 0x18]
 272 01d6 00F004F8 		bl yanshi
 273 01da 9062     		str r0, [r2, # 0x28]
 274 01dc 00F001F8 		bl yanshi
 275 01e0 FFBD     		pop {r0-r7,pc}
 276              	
ARM GAS  1.s 			page 6


 277              	yanshi:
 278 01e2 FFB5     		push {r0-r7,lr}
 279 01e4 0A20     		ldr r0, = 10
 280              	yanshi1:
 281 01e6 0138     		subs r0, # 1
 282 01e8 FDD1     		bne yanshi1
 283 01ea FFBD     		pop {r0-r7,pc}
 284              		
 285              	chufa:	@软件除法
 286              		@ r12 除以 R11
 287 01ec FFB5     		push {r0-r7,lr}
 288 01ee 6646     		mov r6, r12
 289 01f0 002E     		cmp r6, # 0
 290 01f2 1BD0     		beq chufafanhui
 291 01f4 5F46     		mov r7, r11
 292 01f6 002F     		cmp r7, # 0
 293 01f8 18D0     		beq chufafanhui
 294 01fa 0020     		movs r0, # 0
 295              	chufaxunhuan:
 296 01fc B446     		mov r12, r6
 297 01fe 00F016F8 		bl jianceweishu
 298 0202 6246     		mov r2, r12
 299 0204 BC46     		mov r12, r7
 300 0206 00F012F8 		bl jianceweishu
 301 020a 6346     		mov r3, r12
 302 020c 9A1A     		subs r2, r3, r2
 303 020e 3C46     		mov r4, r7
 304 0210 9440     		lsls r4, r2
 305 0212 2346     		mov r3, r4
 306 0214 9E42     		cmp r6, r3
 307 0216 00D3     		bcc dd1
 308 0218 01E0     		b dd2
 309              	dd1:
 310 021a 013A     		subs r2, r2, # 1
 311 021c 5B08     		lsrs r3, # 1
 312              	dd2:
 313 021e F61A     		subs r6, r6, r3
 314 0220 0123     		movs r3, # 1
 315 0222 9340     		lsls r3, r2
 316 0224 1843     		orrs  r0, r3
 317 0226 BE42     		cmp r6, r7
 318 0228 E8D2     		bcs chufaxunhuan
 319 022a 8446     		mov r12, r0
 320              	chufafanhui:
 321 022c FFBD     		pop {r0-r7,pc}
 322              	
 323              	jianceweishu:
 324 022e FFB5     		push {r0-r7,lr}
 325 0230 0020     		movs r0, # 0
 326 0232 6146     		mov r1, r12
 327              	jianceweishu1:
 328 0234 02D4     		bmi weishufanhui
 329 0236 0130     		adds r0, r0, # 1
 330 0238 4900     		lsls r1, # 1
 331 023a FBE7     		b jianceweishu1
 332              	weishufanhui:
 333 023c 8446     		mov r12, r0
ARM GAS  1.s 			page 7


 334 023e FFBD     		pop {r0-r7,pc}
 335              	
 336              	_nmi_handler:
 337 0240 7047     		bx lr
 338              	_hard_fault:
 339 0242 7047     		bx lr
 340              	_svc_handler:
 341 0244 7047     		bx lr
 342              	_pendsv_handler:
 343 0246 7047     		bx lr
 344              	_systick:
 345 0248 FFB5     		push {r0-r7,lr}
 346 024a 1F48     		ldr r0, = 0x20000300
 347 024c 0168     		ldr r1, [r0]
 348 024e 0131     		adds r1, r1, # 1
 349 0250 0160     		str r1, [r0]
 350 0252 FFBD     		pop {r0-r7,pc}
 351              	_tim14:
 352              	tim14ting:
 353 0254 70470000 		bx lr
 353      00100240 
 353      00200240 
 353      02001100 
 353      01000901 
ARM GAS  1.s 			page 8


DEFINED SYMBOLS
                 1.s:5      *ABS*:20000300 STACKINIT
                 1.s:6      *ABS*:20000000 shumaguanma
                 1.s:7      .data:00000000 shumaguanmabiao
                 1.s:8      .data:00000028 zhengxianbiao
                 1.s:12     .text:00000000 vectors
                 1.s:58     .text:000000b0 _start
                 1.s:336    .text:00000240 _nmi_handler
                 1.s:338    .text:00000242 _hard_fault
                 1.s:340    .text:00000244 _svc_handler
                 1.s:342    .text:00000246 _pendsv_handler
                 1.s:344    .text:00000248 _systick
                 1.s:351    .text:00000254 _tim14
                 1.s:59     .text:000000b0 shizhong
                            .text:00000000 $d
                 1.s:60     .text:000000b0 $t
                 1.s:68     .text:000000c0 dengrc
                 1.s:72     .text:000000c6 dengjingzhen
                 1.s:76     .text:000000cc dengpll
                 1.s:83     .text:000000d6 dengdai14mshizhongwending
                 1.s:87     .text:000000dc waisheshizhong
                 1.s:104    .text:000000ea waishezhongduan
                 1.s:109    .text:000000ea systick
                 1.s:118    .text:000000f6 dmachushihua
                 1.s:137    .text:00000108 tim1chushiha
                 1.s:156    .text:00000126 io_she_zhi
                 1.s:194    .text:00000146 tingzhu
                 1.s:205    .text:0000015c zhuanshumaguanma
                 1.s:227    .text:00000182 xieshumaguan
                 1.s:211    .text:00000164 xunhuanqiuma
                 1.s:285    .text:000001ec chufa
                 1.s:233    .text:0000018c shumaguanshuaxin
                 1.s:246    .text:000001a4 xie595
                 1.s:255    .text:000001b4 xunhuan595
                 1.s:277    .text:000001e2 yanshi
                 1.s:262    .text:000001c2 xie595_0
                 1.s:264    .text:000001c4 suocun595
                 1.s:280    .text:000001e6 yanshi1
                 1.s:320    .text:0000022c chufafanhui
                 1.s:295    .text:000001fc chufaxunhuan
                 1.s:323    .text:0000022e jianceweishu
                 1.s:309    .text:0000021a dd1
                 1.s:312    .text:0000021e dd2
                 1.s:327    .text:00000234 jianceweishu1
                 1.s:332    .text:0000023c weishufanhui
                 1.s:352    .text:00000254 tim14ting
                 1.s:353    .text:00000256 $d
                 1.s:353    .text:00000258 $d

NO UNDEFINED SYMBOLS
