ARM GAS  1.s 			page 1


   1              		 .thumb                 
   2              	         .syntax unified
   3              	.section .data
   4              		.align 4
   5 0000 40E240E2 	hongwaimabiao:	 .int 0xe240e240,0xe25ce25c,0xe2e8e2e8,0xe200e200,0xe210e210,0xe208e208,0xe218e218,0
   5      5CE25CE2 
   5      E8E2E8E2 
   5      00E200E2 
   5      10E210E2 
   6              	        	.equ zhanding,          0x20000300
   7              		.section .text
   8              	zhongduanxiangliangbiao:
   9 0000 01030020 		.word zhanding +1
  10 0004 BD000000 		.word fuwei +1
  11 0008 8F010000 		.word nmi +1
  12 000c 91010000 		.word hardf +1
  13 0010 00000000 		.word 0
  14 0014 00000000 		.word 0
  15 0018 00000000 		.word 0
  16 001c 00000000 		.word 0
  17 0020 00000000 		.word 0
  18 0024 00000000 		.word 0
  19 0028 00000000 		.word 0
  20 002c 93010000 		.word svc +1
  21 0030 00000000 		.word 0
  22 0034 00000000 		.word 0
  23 0038 95010000 		.word pendsv +1
  24 003c 97010000 		.word systick +1
  25 0040 00000000 		.word 0
  26 0044 00000000 		.word 0
  27 0048 00000000 		.word 0
  28 004c 00000000 		.word 0
  29 0050 00000000 		.word 0
  30 0054 00000000 		.word 0
  31 0058 00000000 		.word 0
  32 005c 00000000 		.word 0
  33 0060 00000000 		.word 0
  34 0064 00000000 		.word 0
  35 0068 00000000 		.word 0
  36 006c 00000000 		.word 0
  37 0070 00000000 		.word 0
  38 0074 00000000 		.word 0
  39 0078 00000000 		.word 0
  40 007c 00000000 		.word 0
  41 0080 99010000 		.word tim3 +1
  42 0084 00000000 		.word 0
  43 0088 00000000 		.word 0
  44 008c C7010000 		.word tim14 +1
  45 0090 00000000 		.word 0
  46 0094 00000000 		.word 0
  47 0098 00000000 		.word 0
  48 009c 00000000 		.word 0
  49 00a0 00000000 		.word 0
  50 00a4 00000000 		.word 0
  51 00a8 00000000 		.word 0
  52 00ac 00000000 		.word 0
  53 00b0 00000000 		.word 0
ARM GAS  1.s 			page 2


  54 00b4 00000000 		.word 0
  55 00b8 00000000 		.word 0
  56              	fuwei:	
  57              	shizhong:
  58 00bc 4F48     		ldr r0, = 0x40021000 @ rcc_cr
  59 00be 5049     		ldr r1, = 0x15683     
  60 00c0 0160     		str r1, [r0]
  61              	gsszbz: 
  62 00c2 0268     		ldr r2, [r0]
  63 00c4 4F49     		ldr r1, = 0x20000    
  64 00c6 1142     		tst r1, r2           @HSE时钟标志位           
  65 00c8 00D1     		bne rccchushihua
  66 00ca FAE7     		b gsszbz
  67              	rccchushihua: 
  68 00cc 4E48     		ldr r0, = 0x40022000   @FLASH访问控制
  69 00ce 3221     		movs r1, # 0x32
  70 00d0 0160     		str r1, [r0]           @FLASH缓冲 缓冲开启 
  71 00d2 4E48     		ldr r0, = 0x40021004 
  72 00d4 4E49     		ldr r1, = 0x110000    @ HSE-PLL-6倍频
  73 00d6 0160     		str r1, [r0]
  74 00d8 4848     		ldr r0, = 0x40021000
  75 00da 4E49     		ldr r1, = 0x1035683     @ PLL开
  76 00dc 0160     		str r1, [r0]
  77              	chaxun:
  78 00de 0268     		ldr r2, [r0]
  79 00e0 4D49     		ldr r1, = 0x2000000     @ PLL锁定标志位
  80 00e2 1142     		tst r1, r2              
  81 00e4 00D1     		bne rccgg               @ 等待PLL锁定 
  82 00e6 FAE7     		b chaxun
  83              	rccgg:
  84 00e8 4848     		ldr r0, = 0x40021004
  85 00ea 4C49     		ldr r1, = 0x11000a      @ PLL作为系统时钟
  86 00ec 0160     		str r1, [r0]
  87 00ee 4C49     		ldr r1, = 0x400
  88 00f0 0020     		movs r0, # 0
  89 00f2 4C4A     		ldr r2, = 0x20000000
  90              	neicunqingling:
  91 00f4 1060     		str r0, [r2]
  92 00f6 0432     		adds r2, # 0x04
  93 00f8 0139     		subs r1, # 1
  94 00fa FBD1     		bne neicunqingling
  95              	quanjubianliang:
  96 00fc 4A48     		ldr r0, = 0x200004fc
  97 00fe 4B49     		ldr r1, = 0x20000500
  98 0100 0160     		str r1, [r0]
  99 0102 4B48     		ldr r0, = 0x200007fc
 100 0104 4B49     		ldr r1, = 0x20000800
 101 0106 0160     		str r1, [r0]
 102              	shi_zhong_she_zhi:
 103 0108 4B48     		ldr r0, = 0x40021014    @ AHB外部时钟
 104 010a 4C49     		ldr r1, = 0x60014       @ 开时钟
 105 010c 0160     		str r1, [r0]
 106              		@ DMA（0）SRAM（2）FLITF（4）CRC（6）PA（17）
 107              		@PB（18）PC（19）PD（20）PF（22）TSCEN（24）
 108 010e 4C48     		ldr r0, = 0x4002101c
 109 0110 4C49     		ldr r1, = 0x132
 110 0112 0160     		str r1, [r0]
ARM GAS  1.s 			page 3


 111              	zhongduanshezhi:
 112 0114 4C48     		ldr r0, = 0xe000e100
 113 0116 4D49     		ldr r1, = 0x90000
 114 0118 0160     		str r1, [r0]
 115              	tim3chushihua:
 116 011a 4D48     		ldr r0, = 0x40000400
 117 011c 1021     		ldr r1, = 0x10
 118 011e C160     		str r1, [r0, # 0x0c]     
 119 0120 4C49     		ldr r1, = 480
 120 0122 8162     		str r1, [r0, # 0x28]
 121 0124 4C49     		ldr r1, = 0xffff
 122 0126 C162     		str r1, [r0, # 0x2c]
 123 0128 4C49     		ldr r1, = 0xf100
 124 012a C161     		str r1, [r0, # 0x1c]
 125 012c 4C49     		ldr r1, = 0x3000
 126 012e 0162     		str r1, [r0, # 0x20]
 127 0130 0121     		movs r1, # 0x01
 128 0132 4161     		str r1, [r0, # 0x14]
 129 0134 4B49     		ldr r1, = 0x201
 130 0136 0160     		str r1, [r0]
 131              	tim14chushihua:
 132 0138 4B48     		ldr r0, = 0x40002000
 133 013a 0221     		movs r1, # 0x02
 134 013c C160     		str r1, [r0, # 0x0c]
 135 013e 4B49     		ldr r1, = 4800
 136 0140 8162     		str r1, [r0, # 0x28]
 137 0142 4549     		ldr r1, = 0xffff
 138 0144 C162     		str r1, [r0, # 0x2c]
 139 0146 F121     		movs r1, # 0xf1
 140 0148 8161     		str r1, [r0, # 0x18]
 141 014a 0321     		movs r1, # 0x03
 142 014c 0162     		str r1, [r0, # 0x20]
 143 014e 0121     		movs r1, # 0x01
 144 0150 4161     		str r1, [r0, # 0x14]
 145 0152 4449     		ldr r1, = 0x201
 146 0154 0160     		str r1, [r0]
 147              		
 148              	io_she_zhi:
 149              		@a(0x48000000)b(0x48000400)c(0x48000800)d(0x48000c00)f(0x48001400)
 150 0156 4648     		ldr r0, = 0x48000000   @ 端口模式
 151              		@ 输入（00）通用输出（01）复用功能（10）模拟（11）
 152 0158 4649     		ldr r1, = 0x28008200  
 153 015a 0160     		str r1, [r0]
 154 015c 4649     		ldr r1, = 0x40000000
 155 015e 0162     		str r1, [r0, # 0x20]
 156              		@偏移0x4 = 端口输出类型 @ （0 推挽）（ 1 开漏）
 157              		@偏移0x8 = 输出速度  00低速 01中速 11高速
 158              		@偏移0xC = 上拉下拉 00无上下拉  01 上拉 10下拉
 159              		@偏移0x10 = 输入数据寄存器
 160              		@偏移0x14 = 输出数据寄存器
 161              		@偏移0x18 = 端口开  0-15置位 
 162              		@偏移0x28 = 端口关
 163              		@0X20 = 复用低
 164              		@0x24 = 复用高
 165 0160 4648     		ldr r0, = 0x48000400
 166 0162 0821     		movs r1, # 0x08
 167 0164 0160     		str r1, [r0]
ARM GAS  1.s 			page 4


 168 0166 1021     		movs r1, # 0x10
 169 0168 0162     		str r1, [r0, # 0x20]
 170              	
 171              	tingzhu:
 172 016a FEE7     		b tingzhu
 173              	anjian:
 174 016c FFB5     		push {r0-r7,lr}
 175 016e 444F     		ldr r7, = 0x200004f8
 176 0170 2E4B     		ldr r3, = 0x20000500
 177 0172 444D     		ldr r5, = hongwaimabiao
 178 0174 1E26     		movs r6, # 30        @ 按键数量
 179              	panduananjian:
 180 0176 2C68     		ldr r4, [r5]
 181 0178 0435     		adds r5, r5, # 4
 182 017a 1A68     		ldr r2, [r3]          @ 取出解码后的码
 183 017c A242     		cmp r2, r4           @ 比较两个码
 184 017e 02D0     		beq anjianfanhui
 185 0180 013E     		subs r6, r6, # 1
 186 0182 F8D1     		bne panduananjian
 187 0184 FFBD     		pop {r0-r7,pc}
 188              	anjianfanhui:
 189 0186 3E60     		str r6, [r7]
 190 0188 0021     		movs r1, # 0
 191 018a 1960     		str r1, [r3]
 192 018c FFBD     		pop {r0-r7,pc}
 193              		
 194              	nmi:
 195 018e 7047     		bx lr
 196              	hardf:
 197 0190 7047     		bx lr
 198              	svc:
 199 0192 7047     		bx lr
 200              	pendsv:
 201 0194 7047     		bx lr
 202              	systick:
 203 0196 7047     		bx lr
 204              	tim3:
 205 0198 7FB5     		push {r0-r6,lr}
 206 019a 2448     		ldr r0, = 0x20000500
 207 019c 0168     		ldr r1, [r0]
 208 019e 2C4A     		ldr r2, = 0x40000400
 209 01a0 136C     		ldr r3, [r2, # 0x40]
 210 01a2 D02B     		cmp r3, # 0xd0
 211 01a4 0CD8     		bhi tim3fanhui
 212 01a6 602B     		cmp r3, # 0x60
 213 01a8 0AD9     		bls tim3fanhui
 214 01aa A02B     		cmp r3, # 0xa0
 215 01ac 04D2     		bcs dengyu1
 216 01ae 4900     		lsls r1, # 1
 217 01b0 0024     		movs r4, # 0
 218 01b2 2143     		orrs r1, r4
 219 01b4 0160     		str r1, [r0]
 220 01b6 03E0     		b tim3fanhui
 221              	dengyu1:
 222 01b8 4900     		lsls r1, # 1
 223 01ba 0124     		movs r4, # 1
 224 01bc 2143     		orrs r1, r4
ARM GAS  1.s 			page 5


 225 01be 0160     		str r1, [r0]
 226              	tim3fanhui:
 227 01c0 0121     		movs r1, # 0x01
 228 01c2 5161     		str r1, [r2, # 0x14]
 229 01c4 7FBD     		pop {r0-r6,pc}
 230              	tim14:
 231 01c6 7FB5     		push {r0-r6,lr}
 232 01c8 1A48     		ldr r0, = 0x20000800
 233 01ca 0168     		ldr r1, [r0]
 234 01cc 264A     		ldr r2, = 0x40002000
 235 01ce 536B     		ldr r3, [r2, # 0x34]
 236 01d0 152B     		cmp r3, # 0x15
 237 01d2 0FD8     		bhi tim14fanhui
 238 01d4 DB06     		lsls r3, r3, # 27
 239 01d6 02D4     		bmi maling
 240 01d8 4900     		lsls r1, r1, # 0x01
 241 01da 0123     		movs r3, # 1
 242 01dc 01E0     		b tim14fanhui1
 243              	maling:
 244 01de 4900     		lsls r1, r1, # 0x01
 245 01e0 0023     		movs r3, # 0
 246              	tim14fanhui1:
 247 01e2 1943     		orrs r1, r1, r3
 248 01e4 0160     		str r1, [r0]
 249 01e6 2848     		ldr r0, = 0xffffff
 250 01e8 0140     		ands  r1, r1, r0
 251 01ea 284B     		ldr r3, = 0x5f5dd7
 252 01ec 9942     		cmp r1, r3
 253 01ee 01D1     		bne tim14fanhui
 254 01f0 8346     		mov r11, r0
 255 01f2 8246     		mov r10, r0
 256              	tim14fanhui:
 257              		
 258 01f4 0121     		movs r1, # 1
 259 01f6 5161     		str r1, [r2, # 0x14]
 260 01f8 7FBD     		pop {r0-r6,pc}
 261 01fa 00000010 		
 261      02408356 
 261      01000000 
 261      02000020 
 261      02400410 
ARM GAS  1.s 			page 6


DEFINED SYMBOLS
                 1.s:4      .data:00000000 $d
                 1.s:5      .data:00000000 hongwaimabiao
                 1.s:6      *ABS*:20000300 zhanding
                 1.s:8      .text:00000000 zhongduanxiangliangbiao
                 1.s:56     .text:000000bc fuwei
                 1.s:194    .text:0000018e nmi
                 1.s:196    .text:00000190 hardf
                 1.s:198    .text:00000192 svc
                 1.s:200    .text:00000194 pendsv
                 1.s:202    .text:00000196 systick
                 1.s:204    .text:00000198 tim3
                 1.s:230    .text:000001c6 tim14
                 1.s:57     .text:000000bc shizhong
                            .text:00000000 $d
                 1.s:58     .text:000000bc $t
                 1.s:61     .text:000000c2 gsszbz
                 1.s:67     .text:000000cc rccchushihua
                 1.s:77     .text:000000de chaxun
                 1.s:83     .text:000000e8 rccgg
                 1.s:90     .text:000000f4 neicunqingling
                 1.s:95     .text:000000fc quanjubianliang
                 1.s:102    .text:00000108 shi_zhong_she_zhi
                 1.s:111    .text:00000114 zhongduanshezhi
                 1.s:115    .text:0000011a tim3chushihua
                 1.s:131    .text:00000138 tim14chushihua
                 1.s:148    .text:00000156 io_she_zhi
                 1.s:171    .text:0000016a tingzhu
                 1.s:173    .text:0000016c anjian
                 1.s:179    .text:00000176 panduananjian
                 1.s:188    .text:00000186 anjianfanhui
                 1.s:226    .text:000001c0 tim3fanhui
                 1.s:221    .text:000001b8 dengyu1
                 1.s:256    .text:000001f4 tim14fanhui
                 1.s:243    .text:000001de maling
                 1.s:246    .text:000001e2 tim14fanhui1
                 1.s:261    .text:000001fa $d
                 1.s:261    .text:000001fc $d

NO UNDEFINED SYMBOLS
