ARM GAS  1.s 			page 1


   1              		 .thumb                 
   2              	         .syntax unified
   3              	.section .data
   4              		.align 4
   5              		
   6 0000 88BEC494 	shumaguanmabiao: .byte 0x88,0xbe,0xc4,0x94,0xb2,0x91,0x81,0xbc,0x80,0x90
   6      B29181BC 
   6      8090
   7 000a 08E743BC 	hongwaimabiao: .int 0xbc43e708,0xb847e708,0xbd42e708,0xbe41e708,0xbf40e708,0xb946e708,0xba45e708,0x
   7      08E747B8 
   7      08E742BD 
   7      08E741BE 
   7      08E740BF 
   8              	
   9 007e 80010204 	shuaxinbiao: .byte 0x80,0x01,0x02,0x04,0x08,0x10,0x20,0x40,0x00
   9      08102040 
   9      00
  10 0087 4D020000 	caidian: .word zhucaidan +1,dd1 +1,dd2 +1,dd3 +1,dd4 +1,dd5 +1,dd6 +1,dd7 +1,dd8 +1,dd9 +1,dd10 +1,
  10      7D030000 
  10      A7020000 
  10      AD020000 
  10      C7020000 
  11              		
  12 00ff 00201D20 	yuefenbiao: .byte 0x00,0x20,0x1d,0x20,0x1f,0x20,0x1f,0x20,0x1f,0x20,0x1f,0x20,0x1f,0x20
  12      1F201F20 
  12      1F201F20 
  12      1F20
  13              	        	.equ STACKINIT,          0x20005000
  14              			.equ systickbiaozhi,     0x20000300
  15              	.section .text
  16              	xiangliangbiao:
  17 0000 00500020 		.word STACKINIT
  18 0004 0D010000 		.word _start + 1
  19 0008 B5040000 		.word _nmi_handler + 1
  20 000c B7040000 		.word _hard_fault  + 1
  21 0010 B9040000 		.word _memory_fault + 1
  22 0014 BB040000 		.word _bus_fault + 1
  23 0018 BD040000 		.word _usage_fault + 1
  24 001c 00000000 		.word 0
  25 0020 00000000 		.word 0
  26 0024 00000000 		.word 0
  27 0028 00000000 		.word 0
  28 002c 00000000 		.word 0
  29 0030 00000000 		.word 0
  30 0034 00000000 		.word 0
  31 0038 00000000 		.word 0
  32 003c BF040000 		.word systickdingshiqi +1
  33 0040 00000000 		.word	0 @WWDG  	0
  34 0044 00000000 		.word	0 @PVD  	1
  35 0048 00000000 		.word	0 @TAMPER	2
  36 004c 00000000 		.word	0 @RTC		3
  37 0050 00000000 		.word	0 @FLASH	4
  38 0054 00000000 		.word	0 @RCC		5
  39 0058 00000000 		.word	0 @EXTI0	6
  40 005c 00000000 		.word	0 @EXTI1	7
  41 0060 00000000 		.word	0 @EXTI2	8
  42 0064 00000000 		.word	0 @EXTI3	9
ARM GAS  1.s 			page 2


  43 0068 00000000 		.word	0 @EXTI4	10
  44 006c 00000000 		.word	0 @DMA11	11
  45 0070 00000000 		.word	0 @DMA12	12
  46 0074 00000000 		.word	0 @DMA13	13
  47 0078 00000000 		.word	0 @DMA14	14
  48 007c 00000000 		.word	0 @DMA15	15
  49 0080 00000000 		.word	0 @DMA16	16
  50 0084 00000000 		.word	0 @DMA17	17
  51 0088 00000000 		.word	0 @ADC1_2 	18
  52 008c 00000000 		.word	0 @USB_HP_CAN1_TX 19
  53 0090 00000000 		.word	0 @USB_LP_CAN1_RX0 20
  54 0094 00000000 		.word	0 @CAN1_RX1	21
  55 0098 00000000 		.word	0 @CAN1_SCE	22
  56 009c 00000000 		.word	0 @EXTI9_5	23
  57 00a0 00000000 		.word	0 @TIM1_BRK	24
  58 00a4 00000000 		.word	0 @TIM1_UP	25
  59 00a8 00000000 		.word	0 @TIM1_TRG_COM	26
  60 00ac 00000000 		.word	0 @TIM1_CC	27
  61 00b0 99050000 		.word	tim2dingshiqi +1  @TIM2 28
  62 00b4 00000000 		.word	0 @TIM3		29
  63 00b8 00000000 		.word	0 @TIM4		30
  64 00bc 00000000 		.word	0 @I2C1_EV	31
  65 00c0 00000000 		.word	0 @I2C1_ER	32
  66 00c4 00000000 		.word	0 @I2C2_EV	33
  67 00c8 00000000 		.word	0 @I2C2_ER	34
  68 00cc 00000000 		.word	0 @SPI1		35
  69 00d0 00000000 		.word	0 @SPI2		36
  70 00d4 00000000 		.word	0 @USART1	37
  71 00d8 00000000 		.word	0 @USART2	38
  72 00dc 00000000 		.word	0 @USART3	39
  73 00e0 00000000 		.word	0 @EXTI15_10	40
  74 00e4 00000000 		.word	0 @RTCAlarm_IRQ	41
  75 00e8 00000000 		.word	0 @USBWakeUp	42
  76 00ec 00000000 		.word	0	
  77 00f0 00000000 		.word	0	
  78 00f4 00000000 		.word	0
  79 00f8 00000000 		.word	0
  80 00fc 00000000 		.word	0
  81 0100 00000000 		.word	0
  82 0104 00000000 		.word	0
  83 0108 00000000 		.word	0 @BootRAM   
  84              	_start:
  85 010c DFF8DC04 		ldr r0, = 0x40010004
  86 0110 4FF00071 		ldr r1, = 0x02000000
  87 0114 0160     		str r1, [r0]
  88              	
  89 0116 4160     		str r1, [r0, # 0x04]
  90 0118 DFF8D404 		ldr r0, = 0x40021000
  91 011c DFF8D414 		ldr r1, = 0x14D83
  92 0120 0160     		str r1, [r0]
  93              	gsszbz: 
  94 0122 0268     		ldr r2, [r0]
  95 0124 4FF40031 		ldr r1, = 0x20000
  96 0128 1142     		tst r1, r2           @HSE高速时钟标志位           
  97 012a 00D1     		bne rccchushihua
  98 012c F9E7     		b gsszbz
  99              	rccchushihua: 
ARM GAS  1.s 			page 3


 100 012e DFF8C804 		ldr r0, = 0x40022000
 101 0132 4FF03201 		mov r1, # 0x00000032
 102 0136 0160     		str r1, [r0]           @FLASH缓冲 缓冲开启 
 103 0138 DFF8C004 		ldr r0, = 0x40021004
 104 013c DFF8C014 		ldr r1, = 0x1D8400
 105 0140 0160     		str r1, [r0]
 106 0142 DFF8AC04 		ldr r0, = 0x40021000
 107 0146 DFF8BC14 		ldr r1, = 0x1033D03
 108 014a 0160     		str r1, [r0]
 109              	chaxun:
 110 014c 0268     		ldr r2, [r0]
 111 014e 4FF00071 		ldr r1, = 0x2000000
 112 0152 1142     		tst r1, r2
 113 0154 00D1     		bne rccgg               @等待PLL稳定
 114 0156 F9E7     		b chaxun
 115              	rccgg:
 116 0158 DFF8A004 		ldr r0, = 0x40021004
 117 015c DFF8A814 		ldr r1, = 0x1D8402
 118 0160 0160     		str r1, [r0]            @ PLL作为系统时钟
 119              	
 120 0162 DFF88804 		ldr r0, = 0x40010004
 121 0166 4FF00071 		ldr r1, = 0x02000000
 122 016a 0160     		str r1, [r0]
 123              	
 124              	neicunqingling:                  @ 无聊把内存清0
 125 016c 4FF00050 		ldr r0, = 0x20000000
 126 0170 44F6FF72 		ldr r2, = 0x4fff         @ 区域是0X4FFF大的地方
 127 0174 4FF00001 		mov r1, # 0              @ 写0
 128              	qingling_xunhuan:                
 129 0178 40F8041B 		str r1, [r0], 4         
 130 017c 013A     		subs r2, # 1
 131 017e FBD1     		bne qingling_xunhuan     @ 循环清0
 132              	
 133              	chushihuayixieshuju:	 @初始化一些数据
 134 0180 DFF88804 		ldr r0, = 0x200004fc
 135 0184 DFF88814 		ldr r1, = 0x2200a000
 136 0188 0160     		str r1, [r0]
 137 018a DFF88804 		ldr r0, = 0x2000001c
 138 018e 6FF07F41 		ldr r1, = 0xffffff
 139 0192 0160     		str r1, [r0]
 140 0194 DFF88054 		ldr r5, = 0x20000024 @ 22000480
 141 0198 DFF88014 		ldr r1, = 0x00110001
 142 019c 4FF00112 		ldr r2, = 0x00010001
 143 01a0 DFF87C34 		ldr r3, = 0x00010101
 144 01a4 2960     		str r1, [r5]
 145 01a6 6A60     		str r2, [r5, # 4]
 146 01a8 AB60     		str r3, [r5, # 8]
 147              		
 148              	systick:
 149              		@0xe000e010 SYSTICK控制状态寄存器
 150              		@0=定时器使能
 151              		@1=（1倒数到0发出异常请，0无动作）
 152              		@2=（0外部始终1内核时钟）
 153              		@16= 如果赏赐读取本寄存器后SYSTICK已经数到0则该位为1如果读取该位则清0
 154              		@0xe000e014 重载值寄存器 数到0将要被重载的值
 155              		@0xe000e018 当前值，写清0
 156              		@0e000e01c
ARM GAS  1.s 			page 4


 157              		@0-23 10MS的时间内倒计数的格数
 158              		@ 30=(1教准不是准确的10MS)（0教准是准确的10MS）
 159 01aa DFF87804 		ldr r0, = 0xe000e010
 160 01ae 4FF00001 		mov r1, # 0               
 161 01b2 0160     		str r1, [r0]            @ 关掉SYSTICK
 162 01b4 42F22831 		ldr r1, = 9000      @ 重载数
 163 01b8 4160     		str r1, [r0, # 4]       @ 写进重载数
 164 01ba 8160     		str r1, [r0, # 8]       @ 清0当前数          
 165 01bc DFF86834 		ldr r3, = 0xe000ed23  @systick优先级
 166 01c0 4FF0F001 		mov r1, # 240
 167 01c4 1960     		str r1, [r3]
 168 01c6 4FF00301 		mov r1, # 3
 169 01ca 0160     		str r1, [r0] @ 开定时器
 170              		
 171              	waisheshizhong:
 172              	
 173              	
 174              		@APB2_ENR=0X40021018 0(AFIO)1(保留)2(PA)3(PB)4(PC)5(PD)6(PE)78(保留)
 175              		@9(ADC1)10(ADC2)11(TIM1)12(SPI1)13(保留)14（USART1）15(保留)
 176 01cc DFF85C04 		        ldr r0, = 0x40021018 @ APB2_ENR
 177 01d0 3C21     		        ldr r1, = 0x3c
 178 01d2 0160     		        str r1, [r0]
 179              		@APB1_ENR=0X4002101C
 180              		@0=TIM2,1=TIM3,2=TIM4,3=TIM5,4=TIM6,5=TIM7,11=WWDG
 181              		@14=SP12,15=SP13,17=UART3,19=UART4,20=UART5
 182              		@21=I2C,22=I2C2,23=USB,25=CAN,27=BKPT,28=PWR,29=DACEN
 183 01d4 DFF85804 			ldr r0, = 0X4002101C @ APB1_ENR
 184 01d8 0121     			ldr r1, = 0x01
 185 01da 0160     			str r1, [r0]
 186              		
 187              	zhongduankongzhi:
 188              		@SETENA0=0XE000E100,SETENA1=0XE000E104 @中断使能
 189              		@CLRENA0=0XE000E180,CLRENA1=0XE000E184 @中断除能
 190              		@SETPEND0=0XE000E200,SETPPEND1=0XE000E204 @中断悬起
 191              		@CLRPEND0=0XE000E280,CLRPEND1=0XE000E284  @中断解悬
 192              		@ACTIVE0=0XE000E300,ACTIVE1=0XE000E304   @ 中断活动状态
 193              		@0XE000E400-0XE000E43C 中断优先级阵列每个占8位
 194              		@0XE000ED00=CPUID，0XE000ED04=中断控制及状态寄存器
 195              		@0xe000ed08=向量表偏移，0xe000ed0c=应用程序中断及复位
 196              		@0xe000ed10=系统控制，0XE000ED14=配置与控制
 197              		@0xe000ed18-0xe000ed23=系统异常优先级阵列
 198 01dc DFF85404 		ldr r0, = 0xe000ed0c
 199 01e0 DFF85414 		ldr r1, = 0x5fa0500
 200 01e4 0160     		str r1, [r0]
 201 01e6 DFF85404 		ldr r0, = 0xe000e400
 202 01ea 4FF0C001 		mov r1, # 0xc0
 203 01ee C161     		str r1, [r0, # 28]
 204 01f0 DFF84C04 		ldr r0, = 0xe000e100 @ 中断使能
 205 01f4 4FF08051 		ldr r1, = 0x10000000
 206 01f8 0160     		str r1, [r0]
 207              		
 208              		
 209              		
 210              	timdingshiqi:
 211              		@tim1=0x40012c00
 212              		@+0=CR1 控制寄存器
 213              		@+4=CR2 控制寄存器2
ARM GAS  1.s 			page 5


 214              		@+8=SMCR 从模式控制寄存器
 215              		@+c=DIER 中断使能寄存器
 216              		@+10=SR 状态寄存器
 217              		@+14=EGR 事件产生寄存器
 218              		@+18=CCMR1 捕获/比较模式寄存器1
 219              		@+1C=CCMR2 捕获/比较模式寄存器2
 220              		@+20=CCER 捕获/比较使能寄存器
 221              		@+24=CNT 计数器
 222              		@+28=PSC 预分频器
 223              		@+2C=ARR 重载寄存器
 224              		@+30=RCR 重复计数寄存器
 225              		@+34=CCR1 捕获/比较寄存器1
 226              		@+38=CCR2 捕获/比较寄存器2
 227              		@+3C=CCR3 捕获/比较寄存器3
 228              		@+40=CCR4 捕获/比较寄存器4
 229              		@+44=BDTR 刹车/死区寄存器
 230              		@+48=DCR DMA控制器
 231              		@+4C=DMAR 连续模式的DMA地址
 232              		@TIM2=0x40000000
 233              	@18=CCMR1,18=OCMR1,1C=CCMR2,1C=OCMR2
 234              	@CNT与CCR比较占空，ARR与PSC决定频率。主频除以PSC=计数频率
 235 01fa 4FF08040 		ldr r0, = 0x40000000 @ tim2
 236 01fe 4FF43471 		ldr r1, = 720
 237 0202 8162     		str r1, [r0, # 0x28] @ 分频
 238 0204 6FF07F41 		ldr r1, = 0xffffff
 239 0208 C162     		str r1, [r0, # 0x2c] @ 重载
 240 020a 4FF00201 		mov r1, # 2
 241 020e C160     		str r1, [r0, # 0x0c] @开中断
 242 0210 4FF0F101 		mov r1, # 0xf1
 243 0214 8161     		str r1, [r0, # 0x18] @ 捕获/比较模式
 244 0216 4FF00301 		mov r1, # 3
 245 021a 0162     		str r1, [r0, # 0x20] @ 下降沿捕获
 246 021c 8121     		ldr r1, = 0x81
 247 021e 0160     		str r1, [r0]
 248              		
 249              	IOshezhi:
 250              		
 251 0220 DFF82004 		ldr r0, = 0x40010c00
 252              		@PA=0x40010800 PB=0x40010c00 PC=0x40011000 
 253              		@PD=0x40011400 PE=0x40011800 PF=0x40011c00 
 254              		@ IO 1(通用推挽10M)2(通用推挽2M)3(通用推挽50M)
 255              		@4(浮空输入)5(通用开漏输出10M)6(通用开漏输出2M)
 256              		@7(通用开漏输出50M)8(上拉下拉输入)9(复用功能推挽输出10M)
 257              		@A(复用功能推挽输出2M)B(复用功能推挽输出50M)C(保留)
 258              		@D(复用功能开溜输出10M)E(复用功能开漏输出2M)F(复用功能开漏输出50M)
 259              		@ 偏移0X8=IDR 输入数据寄存器
 260              		@偏移0XC=ODR 输出数据寄存器
 261              		@偏移0X10=BSRR IO开
 262              		@偏移0X14=BRR  IO关
 263 0224 DFF82014 		ldr r1, = 0x45554444
 264 0228 4160     		str r1, [r0, # 0x04]
 265              	
 266              	kammengou:
 267 022a DFF82004 		ldr r0, = 0x40003000
 268 022e 45F25551 		ldr r1, = 0x5555
 269 0232 0160     		str r1, [r0]
 270 0234 4FF00401 		mov r1, # 4
ARM GAS  1.s 			page 6


 271 0238 4160     		str r1, [r0, # 4]
 272 023a 4FF42371 		ldr r1, = 0x28c
 273 023e 8160     		str r1, [r0, # 8]
 274 0240 4AF6AA21 		ldr r1, = 0xaaaa
 275 0244 0160     		str r1, [r0]
 276 0246 4CF6CC41 		ldr r1, = 0xcccc
 277 024a 0160     		str r1, [r0]
 278              	
 279              		
 280              	zhucaidan:
 281              	
 282 024c FF48     		ldr r0, = 0x40003000
 283 024e 4AF6AA21 		ldr r1, = 0xaaaa
 284 0252 0160     		str r1, [r0]  @ 看门狗
 285              		
 286 0254 F348     		ldr r0, = 0xe000e010
 287 0256 4FF00001 		mov r1, # 0
 288 025a 0160     		str r1, [r0]
 289 025c 00F02FF9 		bl systickdingshiqi
 290              		
 291 0260 00F0FEF8 		bl anjian
 292 0264 FA48     		ldr r0, = 0x20000014
 293 0266 00F0B1F8 		bl zhuan_shijinzhi
 294 026a 5CF8040C 		ldr r0, [r12, # -4]
 295 026e 4FF00801 		mov r1, # 8
 296 0272 F84A     		ldr r2, = 0x20000100
 297 0274 00F0C7F8 		bl zhuan_ascii
 298 0278 F748     		ldr r0, = 0x20000018
 299 027a 00F0A7F8 		bl zhuan_shijinzhi
 300 027e 5CF8040C 		ldr r0, [r12, # -4]
 301 0282 4FF00801 		mov r1, # 8
 302 0286 F54A     		ldr r2, = 0x20000110
 303 0288 00F0BDF8 		bl zhuan_ascii
 304              		
 305 028c 4FF00800 		mov r0, # 8
 306 0290 00F0F8F8 		bl xieshumaguan
 307              		
 308 0294 F24B     		ldr r3, = 0x200004f8
 309 0296 1868     		ldr r0, [r3]
 310 0298 F249     		ldr r1, = caidian
 311 029a D1F800E0 		ldr lr, [r1]
 312 029e 4FEA8000 		lsl r0, # 2
 313 02a2 0A58     		ldr r2, [r1, r0]
 314 02a4 9746     		mov pc, r2
 315              	dd2:
 316 02a6 40F2011B 		ldr r11, = 0x101
 317 02aa 7047     		bx lr
 318              	dd3:
 319 02ac 2DE9FF47 		push {r0-r10,lr}
 320 02b0 ED4B     		ldr r3, = 0x20000020
 321 02b2 1B68     		ldr r3, [r3]
 322 02b4 E648     		ldr r0, = 0x20000014
 323 02b6 C15C     		ldrb r1, [r0, r3]
 324 02b8 01F10101 		add r1, # 1
 325 02bc C154     		strb r1, [r0, r3]
 326              		
 327 02be 00F0C7F8 		bl qingchuanjian
ARM GAS  1.s 			page 7


 328              		
 329 02c2 BDE8FF87 		pop {r0-r10,pc}
 330              	dd4:
 331 02c6 2DE9FF47 		push {r0-r10,lr}
 332 02ca E74D     		ldr r5, = 0x20000020
 333 02cc 2C68     		ldr r4, [r5]
 334 02ce 04F10104 		add r4, # 1
 335 02d2 082C     		cmp r4, # 8
 336 02d4 08BF     		it eq
 337 02d6 0024     		moveq r4, # 0
 338 02d8 2C60     		str r4, [r5]
 339 02da 00F0B9F8 		bl qingchuanjian
 340 02de 40F2031B 		ldr r11, = 0x103
 341 02e2 BDE8FF87 		pop {r0-r10,pc}
 342              		
 343              	dd5:
 344 02e6 4FF4827B 		ldr r11, = 0x104
 345 02ea 7047     		bx lr
 346              	dd6:
 347 02ec 40F2051B 		ldr r11, = 0x105
 348 02f0 7047     		bx lr
 349              	dd7:
 350 02f2 4FF4837B 		ldr r11, = 0x106
 351 02f6 7047     		bx lr
 352              	dd8:
 353 02f8 40F2071B 		ldr r11, = 0x107
 354 02fc 7047     		bx lr
 355              	dd9:
 356 02fe 4FF4847B 		ldr r11, = 0x108
 357 0302 7047     		bx lr
 358              	dd10:
 359 0304 40F2091B 		ldr r11, = 0x109
 360 0308 7047     		bx lr
 361              	dd11:
 362 030a 4FF4887B 		ldr r11, = 0x110
 363 030e 7047     		bx lr
 364              	dd12:
 365 0310 40F2111B 		ldr r11, = 0x111
 366 0314 7047     		bx lr
 367              	dd13:
 368 0316 4FF4897B 		ldr r11, = 0x112
 369 031a 7047     		bx lr
 370              	dd14:
 371 031c 40F2131B 		ldr r11, = 0x113
 372 0320 7047     		bx lr
 373              	dd15:
 374 0322 4FF48A7B 		ldr r11, = 0x114
 375 0326 7047     		bx lr
 376              	dd16:
 377 0328 40F2151B 		ldr r11, = 0x115
 378 032c 7047     		bx lr
 379              	dd17:
 380 032e 4FF48B7B 		ldr r11, = 0x116
 381 0332 7047     		bx lr
 382              	dd18:
 383 0334 40F2171B 		ldr r11, = 0x117
 384 0338 7047     		bx lr
ARM GAS  1.s 			page 8


 385              	dd19:
 386 033a 4FF48C7B 		ldr r11, = 0x118
 387 033e 7047     		bx lr
 388              	dd20:
 389 0340 40F2191B 		ldr r11, = 0x119
 390 0344 7047     		bx lr
 391              	dd21:
 392 0346 4FF4907B 		ldr r11, = 0x120
 393 034a 7047     		bx lr
 394              	dd22:
 395 034c 40F2211B 		ldr r11, = 0x121
 396 0350 7047     		bx lr
 397              	dd23:
 398 0352 4FF4917B 		ldr r11, = 0x122
 399 0356 7047     		bx lr
 400              	dd24:
 401 0358 40F2231B 		ldr r11, = 0x123
 402 035c 7047     		bx lr
 403              	dd25:
 404 035e 4FF4927B 		ldr r11, = 0x124
 405 0362 7047     		bx lr
 406              	dd26:
 407 0364 40F2251B 		ldr r11, = 0x125
 408 0368 7047     		bx lr
 409              	dd27:
 410 036a 4FF4937B 		ldr r11, = 0x126
 411 036e 7047     		bx lr
 412              	dd28:
 413 0370 40F2271B 		ldr r11, = 0x127
 414 0374 7047     		bx lr
 415              	dd29:
 416 0376 4FF4947B 		ldr r11, = 0x128
 417 037a 7047     		bx lr
 418              		
 419              		
 420              	dd1:
 421 037c A948     		ldr r0, = 0xe000e010
 422 037e 4FF00301 		mov r1, # 3
 423 0382 0160     		str r1, [r0]
 424              		
 425              		
 426              	zhuye:
 427              	
 428 0384 B148     		ldr r0, = 0x40003000
 429 0386 4AF6AA21 		ldr r1, = 0xaaaa
 430 038a 0160     		str r1, [r0]        @看门狗
 431              		
 432              		
 433 038c 00F068F8 		bl anjian
 434 0390 B34A     		ldr r2, = 0x200004f8
 435 0392 1278     		ldrb r2, [r2]
 436 0394 022A     		cmp r2, # 2
 437 0396 08BF     		it eq
 438 0398 58E7     		beq zhucaidan
 439 039a AD48     		ldr r0, = 0x20000014
 440 039c 00F016F8 		bl zhuan_shijinzhi
 441 03a0 5CF8040C 		ldr r0, [r12, # -4]
ARM GAS  1.s 			page 9


 442 03a4 4FF00801 		mov r1, # 8
 443 03a8 AA4A     		ldr r2, = 0x20000100
 444 03aa 00F02CF8 		bl zhuan_ascii
 445              		
 446 03ae AA48     		ldr r0, = 0x20000018
 447 03b0 00F00CF8 		bl zhuan_shijinzhi
 448 03b4 5CF8040C 		ldr r0, [r12, # -4]
 449 03b8 4FF00801 		mov r1, # 8
 450 03bc A74A     		ldr r2, = 0x20000110
 451 03be 00F022F8 		bl zhuan_ascii
 452              		
 453 03c2 4FF00800 		mov r0, # 8
 454 03c6 00F05DF8 		bl xieshumaguan
 455 03ca DBE7     		b zhuye
 456              	
 457              	zhuan_shijinzhi:   @ R0=要转换的数的地址
 458 03cc 2DE9FF43 		push {r0-r9,lr}
 459 03d0 EC46     		mov r12, sp
 460 03d2 81B0     		sub sp, # 0x04	
 461 03d4 90F80080 		ldrb r8, [r0]
 462 03d8 4278     		ldrb r2, [r0, # 1]
 463 03da 8378     		ldrb r3, [r0, # 2]
 464 03dc C478     		ldrb r4, [r0, # 3]
 465 03de 4FF06405 		mov r5, # 100
 466 03e2 02FB05F9 		mul r9, r2, r5
 467 03e6 42F21075 		movw r5, # 10000
 468 03ea 03FB05F7 		mul r7, r3, r5
 469 03ee 9F4D     		ldr r5, = 1000000
 470 03f0 04FB05F6 		mul r6, r4, r5
 471 03f4 C844     		add r8, r8, r9
 472 03f6 07EB0802 		add r2, r7, r8
 473 03fa 02EB0601 		add r1, r2, r6
 474 03fe 0091     		str r1, [sp]
 475 0400 E546     		mov sp, r12
 476 0402 BDE8FF83 		pop {r0-r9,pc}
 477              	zhuan_ascii: @ 入口R0=数据 R1= 长度 R2=出口
 478 0406 FFB5     		push {r0-r7,lr}
 479 0408 994F     		ldr r7, = shumaguanmabiao
 480 040a 4FF00A05 		mov r5, # 10
 481              	xunhuanqiuma:
 482 040e B0FBF5F4 		udiv r4, r0, r5
 483 0412 04FB05F6 		mul r6, r4, r5
 484 0416 A0EB0603 		sub r3, r0, r6
 485 041a FE5C     		ldrb r6, [r7, r3]
 486 041c 02F8016B 		strb r6, [r2], # 1
 487 0420 2046     		mov r0, r4
 488 0422 0139     		subs r1, # 1
 489 0424 F3D1     		bne xunhuanqiuma
 490 0426 FFBD     		pop {r0-r7,pc}
 491              	xie595:    @ 入口0X20000000
 492              		
 493              		@74HC595 11=输入锁存 12=输出锁存 14=数据
 494 0428 3FB5     		push {r0-r5,lr}
 495 042a 9248     		ldr r0, = 0x422181b0 @ 位带地址  
 496 042c 4FF00101 		mov r1, # 1          @ 1
 497 0430 4FF00002 		mov r2, # 0          @ 0
 498 0434 4FF00853 		ldr r3, = 0x22000000 @ 0x20000000的位带
ARM GAS  1.s 			page 10


 499 0438 4FF01804 		mov r4, # 24         @ 写两个8位
 500              	xunhuan595:
 501 043c 8260     		str r2, [r0, # 0x08] @ 595_11 输入锁存
 502 043e 53F8045B 		ldr r5, [r3], # 4    @ 取出一位的数据
 503 0442 0560     		str r5, [r0]         @14脚输出数据
 504 0444 8160     		str r1, [r0, # 0x08] @ 锁存
 505 0446 013C     		subs r4, # 1         
 506 0448 F8D1     		bne xunhuan595       @循环16次
 507 044a 4260     		str r2, [r0, # 0x04] @ 12输出锁存
 508 044c 4160     		str r1, [r0, # 0x04] 
 509 044e 3FBD     		pop {r0-r5,pc}      @ 弹出各寄存器返回
 510              	qingchuanjian:
 511 0450 03B5     		push {r0-r1,lr}
 512 0452 8348     		ldr r0, = 0x200004f8
 513 0454 4FF00001 		mov r1, # 0
 514 0458 0160     		str r1, [r0]
 515 045a 8748     		ldr r0, = 0x20000500
 516 045c 0160     		str r1, [r0]
 517 045e 03BD     		pop {r0-r1,pc}
 518              	anjian:
 519 0460 2DE9FF5F 		push {r0-r12,lr}
 520 0464 844B     		ldr r3, = 0x20000500
 521 0466 854D     		ldr r5, = hongwaimabiao
 522 0468 4FF01D06 		mov r6, # 29
 523              	panduananjian:
 524 046c 55F8044B 		ldr r4, [r5], # 4
 525 0470 1A68     		ldr r2, [r3]
 526 0472 A242     		cmp r2, r4
 527 0474 02D0     		beq anjianzhengque
 528 0476 013E     		subs r6, # 1
 529 0478 F8D1     		bne panduananjian
 530 047a 01E0     		b anjianfanhui
 531              	anjianzhengque:
 532 047c 784A     		ldr r2, = 0x200004f8
 533 047e 1660     		str r6, [r2]
 534              		
 535              	anjianfanhui:
 536 0480 BDE8FF9F 		pop {r0-r12,pc}
 537              	xieshumaguan: @ r0位数
 538 0484 2DE9FF5F 		push {r0-r12,lr}
 539 0488 DFF8D091 		ldr r9, = 0x20000110
 540 048c 714F     		ldr r7, = 0x20000100
 541 048e DFF8F081 		ldr r8, = shuaxinbiao
 542 0492 4FF00056 		ldr r6, = 0x20000000
 543              	
 544              	xianshi:
 545 0496 18F8015B 		ldrb r5, [r8], # 1
 546 049a 17F8012B 		ldrb r2, [r7], # 1
 547 049e 19F8014B 		ldrb r4, [r9], # 1
 548 04a2 7270     		strb r2, [r6, # 1]
 549 04a4 B470     		strb r4, [r6, # 2]
 550 04a6 3570     		strb r5, [r6]
 551 04a8 FFF7BEFF 		bl xie595
 552 04ac 0138     		subs r0, # 1
 553 04ae F2D1     		bne xianshi
 554 04b0 BDE8FF9F 		pop {r0-r12,pc}
 555              		
ARM GAS  1.s 			page 11


 556              	_nmi_handler:
 557 04b4 7047     		bx lr
 558              	_hard_fault:
 559 04b6 7047     		bx lr
 560              	_memory_fault:
 561 04b8 7047     		bx lr
 562              	_bus_fault:
 563 04ba 7047     		bx lr
 564              	_usage_fault:
 565 04bc 7047     	 	bx lr
 566              	systickdingshiqi:              @ SYSTICK定时期中断服务函数
 567 04be 2DE9FF5F 		push {r0-r12,lr}
 568 04c2 7048     		ldr r0, = 0xe00ed04
 569 04c4 4FF00071 		ldr r1, = 0x2000000 
 570 04c8 0160     		str r1, [r0]         @ 挂起SYSTICK
 571 04ca 6F4A     		ldr r2, = 0x20000010
 572 04cc 604C     		ldr r4, = 0x20000014
 573 04ce 6378     		ldrb r3, [r4, # 1]
 574 04d0 A578     		ldrb r5, [r4, # 2]
 575 04d2 E678     		ldrb r6, [r4, # 3]
 576 04d4 94F80480 		ldrb r8, [r4, # 4]
 577 04d8 94F80590 		ldrb r9, [r4, # 5]
 578 04dc 94F806A0 		ldrb r10, [r4, # 6]
 579 04e0 94F807B0 		ldrb r11, [r4, # 7]
 580              		
 581 04e4 2778     		ldrb r7, [r4]
 582 04e6 1168     		ldr r1, [r2]
 583 04e8 4E48     		ldr r0, = 0xe000e010
 584 04ea 0068     		ldr r0, [r0]
 585 04ec 0028     		cmp r0, # 0
 586 04ee 01D0     		beq tiaoguojiajia
 587 04f0 01F10101 		add r1, # 1
 588              	tiaoguojiajia:
 589 04f4 B1F57A7F 		cmp.w r1, # 1000
 590 04f8 24BF     		itt cs
 591 04fa 0021     		movcs r1, # 0
 592 04fc 0133     		addcs r3, # 1
 593 04fe 3C2B     		cmp r3 ,# 60
 594 0500 24BF     		itt cs
 595 0502 0023     		movcs r3, # 0
 596 0504 0135     		addcs r5, # 1
 597 0506 3C2D     		cmp r5, # 60
 598 0508 24BF     		itt cs
 599 050a 0025     		movcs r5, # 0
 600 050c 0136     		addcs r6, # 1
 601 050e 182E     		cmp r6, # 24
 602 0510 22BF     		ittt cs
 603 0512 0026     		movcs r6, # 0
 604 0514 0137     		addcs r7, # 1
 605 0516 08F10108 		addcs r8, # 1
 606 051a 082F     		cmp r7, # 8
 607 051c 28BF     		it cs
 608 051e 0127     		movcs r7, # 1
 609 0520 5A48     		ldr r0, = 0x20000038
 610 0522 DFF86CC1 		ldr r12, = yuefenbiao
 611 0526 1CF80900 		ldrb r0, [r12, r9]
 612 052a 1D28     		cmp r0, # 0x1d
ARM GAS  1.s 			page 12


 613 052c 0CD1     		bne runnianbuchang
 614 052e DFF864C1 		ldr r12, = 0x22000480
 615 0532 2DE90202 		push {r1, r9}
 616 0536 4FEA8909 		lsl r9, # 2
 617 053a 5CF80A10 		ldr r1, [r12, r10]
 618 053e 0129     		cmp r1, # 1
 619 0540 08BF     		it eq
 620 0542 0130     		addeq r0, # 1
 621 0544 BDE80202 		pop {r1, r9}
 622              	runnianbuchang:	
 623 0548 8045     		cmp r8, r0
 624 054a 24BF     		itt cs
 625 054c 4FF00108 		movcs r8, # 1
 626 0550 09F10109 		addcs r9, # 1
 627 0554 B9F10D0F 		cmp r9, # 13
 628 0558 24BF     		itt cs 
 629 055a 4FF00109 		movcs r9, # 1
 630 055e 0AF1010A 		addcs r10, # 1
 631 0562 BAF1630F 		cmp r10, # 99
 632 0566 24BF     		itt cs
 633 0568 4FF0000A 		movcs r10, # 0
 634 056c 0BF1010B 		addcs r11, # 1
 635 0570 BBF1630F 		cmp r11, # 99
 636 0574 28BF     		it cs
 637 0576 4FF0000B 		movcs r11, # 0
 638 057a 2770     		strb r7, [r4]
 639 057c 6370     		strb r3, [r4, # 1]
 640 057e A570     		strb r5, [r4, # 2]
 641 0580 E670     		strb r6, [r4, # 3]
 642 0582 84F80480 		strb r8, [r4, # 4]
 643 0586 84F80590 		strb r9, [r4, # 5]
 644 058a 84F806A0 		strb r10, [r4, # 6]
 645 058e 84F807B0 		strb r11, [r4, # 7]
 646 0592 1160     		str r1, [r2]
 647 0594 BDE8FF9F 		pop {r0-r12,pc}
 648              	
 649              	tim2dingshiqi:
 650 0598 2DE9FF5F 		push {r0-r12,lr}
 651 059c 1B4A     		ldr r2, = 0x200004fc
 652 059e 3E48     		ldr r0, = 0x40000034
 653 05a0 1368     		ldr r3, [r2]
 654 05a2 0168     		ldr r1, [r0]  @ 读取时间
 655 05a4 B1F5604F 		cmp.w r1, # 0xe000
 656 05a8 1AD8     		bhi tim2fanhui
 657 05aa B1F5805F 		cmp.w r1, # 0x1000
 658 05ae 82BF     		ittt hi
 659 05b0 174C     		ldrhi r4, = 0x2200a000
 660 05b2 1460     		strhi r4, [r2]
 661 05b4 14E0     		bhi tim2fanhui
 662              		
 663 05b6 FF29     		cmp r1, # 0xff
 664 05b8 81BF     		itttt hi
 665 05ba 12F80C5C 		ldrbhi r5, [r2, # - 0x0c]
 666 05be 0135     		addhi r5, # 1
 667 05c0 02F80C5C 		strbhi r5, [r2, # - 0x0c]
 668 05c4 0CE0     		bhi tim2fanhui
 669 05c6 A029     		cmp r1, # 0xa0
ARM GAS  1.s 			page 13


 670 05c8 81BF     		itttt hi
 671 05ca 0126     		movhi r6, # 1
 672 05cc 43F8046B 		strhi r6, [r3], # 4
 673 05d0 1360     		strhi r3, [r2]
 674 05d2 05E0     		bhi tim2fanhui
 675              		
 676 05d4 6029     		cmp r1, # 0x60
 677 05d6 82BF     		ittt hi
 678 05d8 0026     		movhi r6, # 0
 679 05da 43F8046B 		strhi r6, [r3], # 4
 680 05de 1360     		strhi r3, [r2]
 681              		
 682              	tim2fanhui:
 683 05e0 2E48     		ldr r0, = 0x40000024
 684 05e2 4FF00001 		mov r1,  # 0
 685 05e6 0160     		str r1, [r0]
 686 05e8 BDE8FF9F 		pop {r0-r12,pc}
 687 05ec 04000140 		
 687      00100240 
 687      834D0100 
 687      00200240 
 687      04100240 
ARM GAS  1.s 			page 14


DEFINED SYMBOLS
                 1.s:4      .data:00000000 $d
                 1.s:6      .data:00000000 shumaguanmabiao
                 1.s:7      .data:0000000a hongwaimabiao
                 1.s:9      .data:0000007e shuaxinbiao
                 1.s:10     .data:00000087 caidian
                 1.s:280    .text:0000024c zhucaidan
                 1.s:420    .text:0000037c dd1
                 1.s:315    .text:000002a6 dd2
                 1.s:318    .text:000002ac dd3
                 1.s:330    .text:000002c6 dd4
                 1.s:343    .text:000002e6 dd5
                 1.s:346    .text:000002ec dd6
                 1.s:349    .text:000002f2 dd7
                 1.s:352    .text:000002f8 dd8
                 1.s:355    .text:000002fe dd9
                 1.s:358    .text:00000304 dd10
                 1.s:361    .text:0000030a dd11
                 1.s:364    .text:00000310 dd12
                 1.s:367    .text:00000316 dd13
                 1.s:370    .text:0000031c dd14
                 1.s:373    .text:00000322 dd15
                 1.s:376    .text:00000328 dd16
                 1.s:379    .text:0000032e dd17
                 1.s:382    .text:00000334 dd18
                 1.s:385    .text:0000033a dd19
                 1.s:388    .text:00000340 dd20
                 1.s:391    .text:00000346 dd21
                 1.s:394    .text:0000034c dd22
                 1.s:397    .text:00000352 dd23
                 1.s:400    .text:00000358 dd24
                 1.s:403    .text:0000035e dd25
                 1.s:406    .text:00000364 dd26
                 1.s:409    .text:0000036a dd27
                 1.s:412    .text:00000370 dd28
                 1.s:415    .text:00000376 dd29
                 1.s:12     .data:000000ff yuefenbiao
                 1.s:13     *ABS*:20005000 STACKINIT
                 1.s:14     *ABS*:20000300 systickbiaozhi
                 1.s:16     .text:00000000 xiangliangbiao
                 1.s:84     .text:0000010c _start
                 1.s:556    .text:000004b4 _nmi_handler
                 1.s:558    .text:000004b6 _hard_fault
                 1.s:560    .text:000004b8 _memory_fault
                 1.s:562    .text:000004ba _bus_fault
                 1.s:564    .text:000004bc _usage_fault
                 1.s:566    .text:000004be systickdingshiqi
                 1.s:649    .text:00000598 tim2dingshiqi
                            .text:00000000 $d
                 1.s:85     .text:0000010c $t
                 1.s:93     .text:00000122 gsszbz
                 1.s:99     .text:0000012e rccchushihua
                 1.s:109    .text:0000014c chaxun
                 1.s:115    .text:00000158 rccgg
                 1.s:124    .text:0000016c neicunqingling
                 1.s:128    .text:00000178 qingling_xunhuan
                 1.s:133    .text:00000180 chushihuayixieshuju
ARM GAS  1.s 			page 15


                 1.s:148    .text:000001aa systick
                 1.s:171    .text:000001cc waisheshizhong
                 1.s:187    .text:000001dc zhongduankongzhi
                 1.s:210    .text:000001fa timdingshiqi
                 1.s:249    .text:00000220 IOshezhi
                 1.s:266    .text:0000022a kammengou
                 1.s:518    .text:00000460 anjian
                 1.s:457    .text:000003cc zhuan_shijinzhi
                 1.s:477    .text:00000406 zhuan_ascii
                 1.s:537    .text:00000484 xieshumaguan
                 1.s:510    .text:00000450 qingchuanjian
                 1.s:426    .text:00000384 zhuye
                 1.s:481    .text:0000040e xunhuanqiuma
                 1.s:491    .text:00000428 xie595
                 1.s:500    .text:0000043c xunhuan595
                 1.s:523    .text:0000046c panduananjian
                 1.s:531    .text:0000047c anjianzhengque
                 1.s:535    .text:00000480 anjianfanhui
                 1.s:544    .text:00000496 xianshi
                 1.s:588    .text:000004f4 tiaoguojiajia
                 1.s:622    .text:00000548 runnianbuchang
                 1.s:682    .text:000005e0 tim2fanhui
                 1.s:687    .text:000005ec $d

NO UNDEFINED SYMBOLS
