ARM GAS  1.s 			page 1


   1              		@ stm32f030f4p6 asm
   2              		@fft 8点
   3              		 .thumb                 
   4              	         .syntax unified
   5              	.section .data	
   6              	       	.equ STACKINIT,                 0x20001000
   7 0000 00000000 	shuru:	.int 0,1,2,3,4,5,6,7,8,9,10,11,12,13,14,15
   7      01000000 
   7      02000000 
   7      03000000 
   7      04000000 
   8 0040 10000000 		.int 16,17,18,19,20,21,22,23,24,25,26,27,28,29,30,31
   8      11000000 
   8      12000000 
   8      13000000 
   8      14000000 
   9              	
  10              	.section .text
  11              	vectors:        
  12 0000 00100020 	        .word STACKINIT         
  13 0004 3D000000 	        .word _start + 1        
  14 0008 85000000 	        .word _nmi_handler + 1  
  15 000c 87000000 	        .word _hard_fault  + 1  
  16 0010 00000000 	        .word 0 
  17 0014 00000000 	        .word 0    
  18 0018 00000000 	        .word 0
  19 001c 00000000 		.word 0
  20 0020 00000000 		.word 0
  21 0024 00000000 		.word 0
  22 0028 00000000 		.word 0
  23 002c 89000000 		.word _svc_handler +1
  24 0030 00000000 		.word 0 
  25 0034 00000000 		.word 0
  26 0038 8B000000 		.word _pendsv_handler +1
  27              		
  28              	_start:
  29              	
  30              	_shizhong:	                     @时钟设置
  31 003c 134A     		ldr r2, = 0x40022000   @FLASH访问控制
  32 003e 3221     		movs r1, # 0x32
  33 0040 1160     		str r1, [r2]
  34 0042 1348     		ldr r0, = 0x40021000 @ rcc
  35              		@0x34时钟控制寄存器 2 (RCC_CR2)
  36 0044 0121     		movs r1, # 0x01
  37 0046 4163     		str r1, [r0, # 0x34]  @ HSI开14M时钟
  38              	_dengdai14mshizhongwending:	    @等14M时钟稳定
  39 0048 416B     		ldr r1, [r0, # 0x34]
  40 004a 8907     		lsls r1, r1, # 30     @ 左移30位
  41 004c FCD5     		bpl _dengdai14mshizhongwending  @ 等待14M时钟稳定
  42              	
  43              	_neicunqingling:	                         @ 0x1000的内存清零
  44              		                                 @ 1K=1024BIT=0X400
  45 004e 1148     		ldr r0, = 0x20000000
  46 0050 0021     		movs r1, # 0
  47 0052 114B     		ldr r3, = 0x1000
  48              	_neicunqinglingxunhuan:	                   @ 内存清零循环
  49 0054 043B     		subs r3, # 4
ARM GAS  1.s 			page 2


  50 0056 C150     		str r1, [r0, r3]
  51 0058 FCD1     		bne _neicunqinglingxunhuan
  52              	
  53              		
  54              	_fftjisuan:
  55 005a 1048     		ldr r0, = shuru
  56 005c 0D49     		ldr r1, = 0x20000000
  57 005e 104A     		ldr r2, = 0x20000040
  58 0060 9046     		mov r8, r2
  59              	_fft1:
  60 0062 0468     		ldr r4, [r0]
  61 0064 4568     		ldr r5, [r0, # 0x04]
  62 0066 8668     		ldr r6, [r0, # 0x08]
  63 0068 C768     		ldr r7, [r0, # 0x0c]
  64 006a 6219     		adds  r2, r4, r5
  65 006c 631B     		subs r3, r4, r5
  66 006e F419     		adds r4, r6, r7
  67 0070 F51B     		subs r5, r6, r7
  68 0072 0A60     		str r2, [r1]
  69 0074 8B60     		str r3, [r1, # 0x08]
  70 0076 0C61     		str r4, [r1, # 0x10]
  71 0078 8D61     		str r5, [r1, # 0x18]
  72 007a 1030     		adds r0, r0, # 0x10
  73 007c 2031     		adds r1, r1, # 0x20
  74 007e 4145     		cmp r1, r8
  75 0080 EFD1     		bne _fft1
  76              	_fft2:
  77              	_tingting:
  78 0082 FEE7     		b _tingting
  79              			
  80              	_nmi_handler:
  81 0084 7047     		bx lr
  82              	_hard_fault:
  83 0086 7047     		bx lr
  84              	_svc_handler:
  85 0088 7047     		bx lr
  86              	_pendsv_handler:
  87 008a 70470020 		bx lr
  87      02400010 
  87      02400000 
  87      00200010 
  87      00000000 
ARM GAS  1.s 			page 3


DEFINED SYMBOLS
                 1.s:6      *ABS*:0000000020001000 STACKINIT
                 1.s:7      .data:0000000000000000 shuru
                 1.s:11     .text:0000000000000000 vectors
                 1.s:28     .text:000000000000003c _start
                 1.s:80     .text:0000000000000084 _nmi_handler
                 1.s:82     .text:0000000000000086 _hard_fault
                 1.s:84     .text:0000000000000088 _svc_handler
                 1.s:86     .text:000000000000008a _pendsv_handler
                 1.s:30     .text:000000000000003c _shizhong
                            .text:0000000000000000 $d
                 1.s:31     .text:000000000000003c $t
                 1.s:38     .text:0000000000000048 _dengdai14mshizhongwending
                 1.s:43     .text:000000000000004e _neicunqingling
                 1.s:48     .text:0000000000000054 _neicunqinglingxunhuan
                 1.s:54     .text:000000000000005a _fftjisuan
                 1.s:59     .text:0000000000000062 _fft1
                 1.s:76     .text:0000000000000082 _fft2
                 1.s:77     .text:0000000000000082 _tingting
                 1.s:87     .text:000000000000008c $d

NO UNDEFINED SYMBOLS
