ARM GAS  1.s 			page 1


   1              		 .thumb                 
   2              	         .syntax unified
   3              	.section .data
   4 0000 00000100 	lcdchushihuamabiao: .byte 0x00,0x00,0x01,0x00,0x03,0x00,0x0f,0x00,0x10,0x00,0x11,0x00,0x12,0x11,0x2
   4      03000F00 
   4      10001100 
   4      12112027 
   4      212730EF 
   5              		
   6              		
   7              		
   8              	         .equ STACKINIT, 0x20005000
   9              		.equ lcdyanshi,    8000
  10              		.equ resyanshi,   80000
  11              		.equ lcdyanshi2,   80000
  12              		.equ lcdwr,      0x422201a8
  13              		.equ lcdrd,      0x422201ac
  14              		.equ lcdcs,      0x422201b0
  15              		.equ lcdmang,	 0x42220118
  16              	
  17              	
  18              		.equ lcdrs,      0x4221818c
  19              		.equ lcdrst,     0x42218190
  20              		.equ fengmingqi, 0x422201a0
  21              		.equ lcddx,      0x422181a0
  22              		.equ lcdshuju,   0x22006000
  23              	.section .text
  24              	vectors:        
  25 0000 00500020 	        .word STACKINIT         
  26 0004 41000000 	        .word _start + 1        
  27 0008 A3030000 	        .word _nmi_handler + 1  
  28 000c A5030000 	        .word _hard_fault  + 1  
  29 0010 A7030000 	        .word _memory_fault + 1 
  30 0014 A9030000 	        .word _bus_fault + 1    
  31 0018 AB030000 	        .word _usage_fault + 1 
  32 001c 00000000 		.word 0
  33 0020 00000000 		.word 0
  34 0024 00000000 		.word 0
  35 0028 00000000 		.word 0
  36 002c 00000000 		.word 0
  37 0030 00000000 		.word 0
  38 0034 00000000 		.word 0 
  39 0038 00000000 		.word 0
  40 003c AD030000 		.word _dingshiqi + 1
  41              	_start:
  42 0040 4FF00000 		mov r0, # 0
  43 0044 4FF00001 		mov r1, # 0
  44 0048 4FF00002 		mov r2, # 0
  45 004c 4FF00003 		mov r3, # 0
  46 0050 4FF00004 		mov r4, # 0
  47 0054 4FF00005 		mov r5, # 0
  48 0058 4FF00006 		mov r6, # 0 
  49 005c 4FF00007 		mov r7, # 0
  50 0060 4FF00008 		mov r8, # 0
  51 0064 4FF00009 		mov r9, # 0
  52              	shizhong:
  53 0068 D148     		ldr r0, = 0x40021000
ARM GAS  1.s 			page 2


  54 006a D249     		ldr r1, = 0x14D83
  55 006c 0160     		str r1, [r0]
  56              	gsszbz: 
  57 006e 0268     		ldr r2, [r0]
  58 0070 D149     		ldr r1, = 0x20000
  59 0072 1142     		tst r1, r2           @高速时钟标志位           
  60 0074 00D1     		bne rccchushihua
  61 0076 FAE7     		b gsszbz
  62              	rccchushihua: 
  63 0078 D048     		ldr r0, = 0x40022000
  64 007a 4FF03201 		mov r1, # 0x00000032
  65 007e 0160     		str r1, [r0]           @FLASH缓冲 缓冲开启 
  66 0080 CF48     		ldr r0, = 0x40021004
  67 0082 D049     		ldr r1, = 0x1D8400
  68 0084 0160     		str r1, [r0]
  69 0086 CA48     		ldr r0, = 0x40021000
  70 0088 CF49     		ldr r1, = 0x1033D03
  71 008a 0160     		str r1, [r0]
  72              	chaxun:
  73 008c 0268     		ldr r2, [r0]
  74 008e CF49     		ldr r1, = 0x2000000
  75 0090 1142     		tst r1, r2
  76 0092 00D1     		bne rccgg
  77 0094 FAE7     		b chaxun
  78              	rccgg:
  79 0096 CA48     		ldr r0, = 0x40021004
  80 0098 CD49     		ldr r1, = 0x1D8402
  81 009a 0160     		str r1, [r0]
  82              	rccapb2enr:
  83 009c CD48     		ldr r0, = 0x40021018
  84 009e 4FF03D01 		mov r1, # 0x3d
  85 00a2 0160     		str r1, [r0]
  86              		
  87 00a4 CC48     	        ldr r0, = 0x40010004 @ AFIO_MAPR
  88 00a6 C949     		ldr r1, = 0x02000000
  89 00a8 0160     		str r1, [r0]
  90              	ioshezhi:
  91 00aa CC48     		ldr r0, = 0x40010800
  92 00ac CC49     		ldr r1, = 0x24444444
  93 00ae 4160     		str r1, [r0, # 4]
  94 00b0 CC48     		ldr r0, = 0x40010c00
  95 00b2 CD49     		ldr r1, = 0x44455444
  96 00b4 0160     		str r1, [r0]
  97 00b6 CD49     		ldr r1, = 0x55555555
  98 00b8 4160     		str r1, [r0, # 4]
  99 00ba CD48     		ldr r0, = 0x40011004
 100 00bc CD49     		ldr r1, = 0x44455555
 101 00be 0160     		str r1, [r0]
 102 00c0 CD4D     		ldr r5, = lcdyanshi
 103              	lcdresres:
 104 00c2 013D     		subs r5, # 1
 105 00c4 FDD1     		bne lcdresres
 106 00c6 CD48     		ldr r0, = lcdrst
 107 00c8 4FF00001 		mov r1, # 0
 108 00cc 0160     		str r1, [r0]
 109 00ce CC4D     		ldr r5, = resyanshi
 110              	lcdresres1:
ARM GAS  1.s 			page 3


 111 00d0 013D     		subs r5, # 1
 112 00d2 FDD1     		bne lcdresres1
 113 00d4 4FF00101 		mov r1, # 1
 114 00d8 0160     		str r1, [r0]
 115 00da CA48     		ldr r0, = fengmingqi
 116 00dc 0160     		str r1, [r0]
 117              		
 118              	lcdchushihua:
 119 00de CA48     		ldr r0, = 0x20000300
 120 00e0 4FF00001 		mov r1, # 0x00
 121 00e4 0160     		str r1, [r0]
 122 00e6 00F0CAF8 		bl lcdxiemingling
 123 00ea 4FF00C01 		mov r1, # 0x0c
 124 00ee 0160     		str r1, [r0]
 125 00f0 00F0F8F8 		bl lcdxieshuju
 126              	
 127 00f4 C24D     		ldr r5, = resyanshi
 128              	yanshi10:
 129 00f6 013D     		subs r5, # 1
 130 00f8 FDD1     		bne yanshi10
 131              	
 132 00fa 4FF00101 		mov r1, # 0x01
 133 00fe 0160     		str r1, [r0]
 134 0100 00F0BDF8 		bl lcdxiemingling
 135 0104 4FF03401 		mov r1, # 0x34
 136 0108 0160     		str r1, [r0]
 137 010a 00F0EBF8 		bl lcdxieshuju
 138              	
 139              		
 140 010e BC4D     		ldr r5, = resyanshi
 141              	yanshi11:
 142 0110 013D     		subs r5, # 1
 143 0112 FDD1     		bne yanshi11
 144              	
 145 0114 4FF09001 	        mov r1, # 0x90
 146 0118 0160     		str r1, [r0]
 147 011a 00F0B0F8 		bl lcdxiemingling
 148 011e 4FF06B01 		mov r1, # 107
 149 0122 0160     		str r1, [r0]
 150 0124 00F0DEF8 		bl lcdxieshuju
 151              	
 152 0128 4FF01001 		mov r1, # 0x10
 153 012c 0160     		str r1, [r0]
 154 012e 00F0A6F8 		bl lcdxiemingling
 155 0132 4FF04001 		mov r1, # 0x40
 156 0136 0160     		str r1, [r0]
 157 0138 00F0D4F8 		bl lcdxieshuju
 158              	
 159 013c 4FF01101 		mov r1, # 0x11
 160 0140 0160     		str r1, [r0]
 161 0142 00F09CF8 		bl lcdxiemingling
 162 0146 4FF0F001 		mov r1, # 0xf0
 163 014a 0160     		str r1, [r0]
 164 014c 00F0CAF8 		bl lcdxieshuju
 165              	
 166 0150 4FF01201 		mov r1, # 0x12
 167 0154 0160     		str r1, [r0]
ARM GAS  1.s 			page 4


 168 0156 00F092F8 		bl lcdxiemingling
 169 015a 4FF03101 		mov r1, # 0x31
 170 015e 0160     		str r1, [r0]
 171 0160 00F0C0F8 		bl lcdxieshuju
 172              	
 173 0164 4FF0F001 		mov r1, # 0xf0
 174 0168 0160     		str r1, [r0]
 175 016a 00F088F8 		bl lcdxiemingling
 176 016e 4FF08001 		mov r1, # 0x80
 177 0172 0160     		str r1, [r0]
 178 0174 00F0B6F8 		bl lcdxieshuju
 179              	
 180 0178 4FF0F101 		mov r1, # 0xf1
 181 017c 0160     		str r1, [r0]
 182 017e 00F07EF8 		bl lcdxiemingling
 183 0182 4FF00F01 		mov r1, # 0x0f
 184 0186 0160     		str r1, [r0]
 185 0188 00F0ACF8 		bl lcdxieshuju
 186              	
 187 018c 4FF08001 		mov r1, # 0x80
 188 0190 0160     		str r1, [r0]
 189 0192 00F074F8 		bl lcdxiemingling
 190 0196 4FF03301 		mov r1, # 0x33
 191 019a 0160     		str r1, [r0]
 192 019c 00F0A2F8 		bl lcdxieshuju
 193              	
 194 01a0 4FF00F01 		mov r1, # 0x0f
 195 01a4 0160     		str r1, [r0]
 196 01a6 00F06AF8 		bl lcdxiemingling
 197 01aa 4FF03001 		mov r1, # 0x30
 198 01ae 0160     		str r1, [r0]
 199 01b0 00F098F8 		bl lcdxieshuju
 200              	
 201 01b4 4FF04101 		mov r1, # 0x41
 202 01b8 0160     		str r1, [r0]
 203 01ba 00F060F8 		bl lcdxiemingling
 204 01be 4FF00001 		mov r1, # 0x00
 205 01c2 0160     		str r1, [r0]
 206 01c4 00F08EF8 		bl lcdxieshuju
 207              	
 208 01c8 4FF02101 		mov r1, # 0x21
 209 01cc 0160     		str r1, [r0]
 210 01ce 00F056F8 		bl lcdxiemingling
 211 01d2 4FF02701 		mov r1, # 0x27
 212 01d6 0160     		str r1, [r0]
 213 01d8 00F084F8 		bl lcdxieshuju
 214              	
 215 01dc 4FF05101 		mov r1, # 0x51
 216 01e0 0160     		str r1, [r0]
 217 01e2 00F04CF8 		bl lcdxiemingling
 218 01e6 4FF00001 		mov r1, # 0x00
 219 01ea 0160     		str r1, [r0]
 220 01ec 00F07AF8 		bl lcdxieshuju
 221              	
 222 01f0 4FF03101 		mov r1, # 0x31
 223 01f4 0160     		str r1, [r0]
 224 01f6 00F042F8 		bl lcdxiemingling
ARM GAS  1.s 			page 5


 225 01fa 4FF07F01 		mov r1, # 0x7f
 226 01fe 0160     		str r1, [r0]
 227 0200 00F070F8 		bl lcdxieshuju
 228              	
 229 0204 4FF04001 		 mov r1, # 0x40
 230 0208 0160     		 str r1, [r0]
 231 020a 00F038F8 		 bl lcdxiemingling
 232 020e 4FF00001 		 mov r1, # 0x00
 233 0212 0160     		str r1, [r0]
 234 0214 00F066F8 		bl lcdxieshuju
 235              	
 236 0218 4FF02001 		 mov r1, # 0x20
 237 021c 0160     		 str r1, [r0]
 238 021e 00F02EF8 		 bl lcdxiemingling
 239 0222 4FF02701 		 mov r1, # 0x27
 240 0226 0160     		str r1, [r0]
 241 0228 00F05CF8 		bl lcdxieshuju
 242              	
 243 022c 4FF05001 		 mov r1, # 0x50
 244 0230 0160     		str r1, [r0]
 245 0232 00F024F8 		bl lcdxiemingling
 246 0236 4FF00001 		mov r1, # 0x00
 247 023a 0160     		str r1, [r0]
 248 023c 00F052F8 		bl lcdxieshuju
 249              	
 250 0240 4FF03001 		mov r1, # 0x30
 251 0244 0160     		str r1, [r0]
 252 0246 00F01AF8 		bl lcdxiemingling
 253 024a 4FF07F01 		mov r1, # 0x7f
 254 024e 0160     		str r1, [r0]
 255 0250 00F048F8 		bl lcdxieshuju
 256              	
 257 0254 4FF06001 		 mov r1, # 0x60
 258 0258 0160     		 str r1, [r0]
 259 025a 00F010F8 		bl lcdxiemingling
 260 025e 4FF00001 		 mov r1, # 0x00
 261 0262 0160     		str r1, [r0]
 262 0264 00F03EF8 		bl lcdxieshuju
 263              	
 264 0268 4FF07001 		mov r1, # 0x70
 265 026c 0160     		str r1, [r0]
 266 026e 00F006F8 		bl lcdxiemingling
 267 0272 4FF00001 		mov r1, # 0x00
 268 0276 0160     		str r1, [r0]
 269 0278 00F034F8 		bl lcdxieshuju
 270              	
 271 027c 71E0     		b tiaochulcdchushihua
 272              		
 273              	
 274              	
 275              		
 276              		
 277              		
 278              		
 279              	
 280              		
 281              	lcdxiemingling:
ARM GAS  1.s 			page 6


 282 027e 2DE9FF43 		push {r0-r9, lr}
 283              	
 284 0282 DFF88881 		ldr r8, = lcdcs
 285 0286 4FF00009 		mov r9, # 0
 286 028a C8F80090 		str r9, [r8]
 287              	
 288 028e DFF88081 		ldr r8, = lcdrd
 289 0292 4FF00109 		mov r9, # 1
 290 0296 C8F80090 		str r9, [r8]
 291              		
 292 029a DFF87881 		ldr r8, = lcdrs
 293 029e 4FF00109 		mov r9, # 1
 294 02a2 C8F80090 		str r9, [r8]
 295              	
 296 02a6 DFF87081 		ldr r8, = lcdshuju
 297 02aa B8E8FF00 		ldmia r8!, {r0-r7}
 298 02ae DFF86C81 		ldr r8, = lcddx
 299 02b2 A8E8FF00 		stmia r8!, {r0-r7}
 300              	
 301 02b6 DFF86881 		ldr r8, = lcdwr
 302 02ba 4FF00009 		mov r9, # 0
 303 02be C8F80090 		str r9, [r8]
 304              		
 305 02c2 4D4D     		ldr r5, = lcdyanshi
 306              		
 307              	dd1:
 308 02c4 013D     		subs r5, # 1
 309 02c6 FDD1     		bne dd1
 310 02c8 DFF85481 		ldr r8, = lcdwr
 311 02cc 4FF00109 		mov r9, # 1
 312 02d0 C8F80090 		str r9, [r8]
 313              		
 314 02d4 DFF83481 		ldr r8, = lcdcs
 315 02d8 4FF00109 		mov r9, # 1
 316 02dc C8F80090 		str r9, [r8]
 317              		
 318 02e0 BDE8FF83 		pop {r0-r9, pc}
 319              	
 320              	lcdxieshuju:
 321 02e4 2DE9FF43 		push {r0-r9, lr}
 322 02e8 454D     		ldr r5, = lcdyanshi2
 323              	lcdxieshujuyanshi3:
 324 02ea 013D     		subs r5, # 1
 325 02ec FDD1     		bne lcdxieshujuyanshi3
 326              	
 327 02ee DFF81C81 		ldr r8, = lcdcs
 328 02f2 4FF00009 		mov r9, # 0
 329 02f6 C8F80090 		str r9, [r8]
 330              	
 331 02fa 3F4D     		ldr r5, = lcdyanshi
 332              	lcdshujuyanshi:
 333 02fc 013D     		subs r5, # 1
 334 02fe FDD1     		bne lcdshujuyanshi
 335              	
 336              		
 337 0300 DFF80C81 		ldr r8, = lcdrd
 338 0304 4FF00109 		mov r9, # 1
ARM GAS  1.s 			page 7


 339 0308 C8F80090 		str r9, [r8]
 340              	
 341 030c DFF80481 		ldr r8, = lcdrs
 342 0310 4FF00009 		mov r9, # 0
 343 0314 C8F80090 		str r9, [r8]
 344              	
 345 0318 DFF8FC80 		ldr r8, = lcdshuju
 346 031c B8E8FF00 		ldmia r8!, {r0-r7}
 347 0320 DFF8F880 		ldr r8, = lcddx
 348 0324 A8E8FF00 		stmia r8!, {r0-r7}
 349              	
 350              		
 351 0328 DFF8F480 		ldr r8, = lcdwr
 352 032c 4FF00009 		mov r9, # 0
 353 0330 C8F80090 		str r9, [r8]
 354              		
 355 0334 304D     		ldr r5, = lcdyanshi
 356              	dd2:
 357 0336 013D     		subs r5, # 1
 358 0338 FDD1     		bne dd2
 359 033a DFF8E480 		ldr r8, = lcdwr
 360 033e 4FF00109 		mov r9, # 1
 361 0342 C8F80090 		str r9, [r8]
 362              	
 363 0346 2C4D     		ldr r5, = lcdyanshi
 364              	lcdxieshujuyanshi1:
 365 0348 013D     		subs r5, # 1
 366 034a FDD1     		bne lcdxieshujuyanshi1
 367              		
 368 034c DFF8BC80 		ldr r8, = lcdcs
 369 0350 4FF00109 		mov r9, # 1
 370 0354 C8F80090 		str r9, [r8]
 371              	
 372 0358 294D     		ldr r5, = lcdyanshi2
 373              	lcdxieshujuyanshi2:
 374 035a 013D     		subs r5, # 1
 375 035c FDD1     		bne lcdxieshujuyanshi2
 376              		
 377 035e BDE8FF83 		pop {r0-r9, pc}
 378              		
 379              		
 380              	tiaochulcdchushihua:
 381 0362 2948     		ldr r0, = 0x20000300
 382 0364 4FF00001 		mov r1, # 0x00
 383 0368 0160     		str r1, [r0]
 384 036a FFF788FF 		bl lcdxiemingling
 385              	
 386 036e 4FF00C01 		mov r1, # 0x0c
 387 0372 0160     		str r1, [r0]
 388 0374 FFF7B6FF 		bl lcdxieshuju
 389              	
 390 0378 4FF01201 		mov r1, # 0x12
 391 037c 0160     		str r1, [r0]
 392 037e FFF77EFF 		bl lcdxiemingling
 393              	
 394 0382 4FF03201 		mov r1, # 0x32
 395 0386 0160     		str r1, [r0]
ARM GAS  1.s 			page 8


 396 0388 FFF7ACFF 		bl lcdxieshuju
 397              		
 398              	
 399 038c 4FF0B001 		mov r1, # 0xb0
 400 0390 0160     		str r1, [r0]
 401 0392 FFF774FF 		bl lcdxiemingling
 402              	
 403 0396 4FF04101 		mov r1, # 0x41
 404 039a 0160     		str r1, [r0]
 405 039c FFF7A2FF 		bl lcdxieshuju
 406              		
 407              	
 408 03a0 DFE7     		b tiaochulcdchushihua
 409              		
 410              	_nmi_handler:
 411 03a2 7047     		bx lr
 412              	_hard_fault:
 413 03a4 7047     		bx lr
 414              	_memory_fault:
 415 03a6 7047     		bx lr
 416              	_bus_fault:
 417 03a8 7047     		bx lr
 418              	_usage_fault:
 419 03aa 7047     		bx lr
 420              	_dingshiqi:
 421 03ac 7047     		bx lr
 422              	
 423              		
 424              		
 425 03ae 00000010 		
 425      0240834D 
 425      01000000 
 425      02000020 
 425      02400410 
ARM GAS  1.s 			page 9


DEFINED SYMBOLS
                 1.s:4      .data:00000000 lcdchushihuamabiao
                 1.s:8      *ABS*:20005000 STACKINIT
                 1.s:9      *ABS*:00001f40 lcdyanshi
                 1.s:10     *ABS*:00013880 resyanshi
                 1.s:11     *ABS*:00013880 lcdyanshi2
                 1.s:12     *ABS*:422201a8 lcdwr
                 1.s:13     *ABS*:422201ac lcdrd
                 1.s:14     *ABS*:422201b0 lcdcs
                 1.s:15     *ABS*:42220118 lcdmang
                 1.s:18     *ABS*:4221818c lcdrs
                 1.s:19     *ABS*:42218190 lcdrst
                 1.s:20     *ABS*:422201a0 fengmingqi
                 1.s:21     *ABS*:422181a0 lcddx
                 1.s:22     *ABS*:22006000 lcdshuju
                 1.s:24     .text:00000000 vectors
                 1.s:41     .text:00000040 _start
                 1.s:410    .text:000003a2 _nmi_handler
                 1.s:412    .text:000003a4 _hard_fault
                 1.s:414    .text:000003a6 _memory_fault
                 1.s:416    .text:000003a8 _bus_fault
                 1.s:418    .text:000003aa _usage_fault
                 1.s:420    .text:000003ac _dingshiqi
                            .text:00000000 $d
                 1.s:42     .text:00000040 $t
                 1.s:52     .text:00000068 shizhong
                 1.s:56     .text:0000006e gsszbz
                 1.s:62     .text:00000078 rccchushihua
                 1.s:72     .text:0000008c chaxun
                 1.s:78     .text:00000096 rccgg
                 1.s:82     .text:0000009c rccapb2enr
                 1.s:90     .text:000000aa ioshezhi
                 1.s:103    .text:000000c2 lcdresres
                 1.s:110    .text:000000d0 lcdresres1
                 1.s:118    .text:000000de lcdchushihua
                 1.s:281    .text:0000027e lcdxiemingling
                 1.s:320    .text:000002e4 lcdxieshuju
                 1.s:128    .text:000000f6 yanshi10
                 1.s:141    .text:00000110 yanshi11
                 1.s:380    .text:00000362 tiaochulcdchushihua
                 1.s:307    .text:000002c4 dd1
                 1.s:323    .text:000002ea lcdxieshujuyanshi3
                 1.s:332    .text:000002fc lcdshujuyanshi
                 1.s:356    .text:00000336 dd2
                 1.s:364    .text:00000348 lcdxieshujuyanshi1
                 1.s:373    .text:0000035a lcdxieshujuyanshi2
                 1.s:425    .text:000003ae $d

NO UNDEFINED SYMBOLS
