ARM GAS  1.s 			page 1


   1              		@@单片机stm32f030f4p6
   2              		@@ tim1 spwm,TIM3周期同步
   3              		@作者：yjmwxwx
   4              		@时间：2019-06-18
   5              		@编译器：ARM-NONE-EABI-AS
   6              		 .thumb
   7              		         .syntax unified
   8              		.section .data
   9              	
  10              	zheng_xian_biao:
  11 0000 12001500 		.short 18,21,24,27,29,31,33,34,35,35,34,33,31,29,27,24,21,18,14,11,8,6,4,2,1,0,0,1,2,4,6,8,11,14,1
  11      18001B00 
  11      1D001F00 
  11      21002200 
  11      23002300 
  12              	yjmwxwx:
  13              		.equ STACKINIT,        	        0x20001000
  14              		.section .text
  15              	vectors:
  16 0000 00100020 		.word STACKINIT
  17 0004 B1000000 		.word _start + 1
  18 0008 47010000 		.word _nmi_handler + 1
  19 000c 49010000 		.word _hard_fault  + 1
  20 0010 00000000 		.word 0
  21 0014 00000000 		.word 0
  22 0018 00000000 		.word 0
  23 001c 00000000 		.word 0
  24 0020 00000000 		.word 0
  25 0024 00000000 		.word 0
  26 0028 00000000 		.word 0
  27 002c 4B010000 		.word _svc_handler +1
  28 0030 00000000 		.word 0
  29 0034 00000000 		.word 0
  30 0038 4D010000 		.word _pendsv_handler +1
  31 003c 4F010000 		.word aaa +1	@_systickzhongduan +1               @ 15
  32 0040 4F010000 		.word aaa +1     @ _wwdg +1          @ 0
  33 0044 4F010000 		.word aaa +1     @_pvd +1            @ 1
  34 0048 4F010000 		.word aaa +1     @_rtc +1            @ 2
  35 004c 4F010000 		.word aaa +1     @_flash +1          @ 3
  36 0050 4F010000 		.word aaa +1	@ _rcc + 1          @ 4
  37 0054 4F010000 		.word aaa +1      @_exti0_1  +1      @ 5
  38 0058 4F010000 		.word aaa +1      @ _exti2_3 +1      @ 6
  39 005c 4F010000 		.word aaa +1       @_exti4_15 +1     @ 7
  40 0060 4F010000 		.word aaa +1                         @ 8
  41 0064 4F010000 		.word aaa +1 	@_dma1_1  +1    @ 9
  42 0068 4F010000 		.word aaa +1    @_dma1_2_3 +1        @ 10
  43 006c 4F010000 		.word aaa +1       @_dma1_4_5 +1     @ 11
  44 0070 4F010000 		.word aaa +1	 @_adc1 +1          @ 12
  45 0074 4F010000 		.word aaa +1       @_tim1_brk_up +1  @ 13
  46 0078 4F010000 		.word aaa +1        @ _tim1_cc +1    @ 14
  47 007c 4F010000 		.word aaa +1         @_tim2 +1       @ 15
  48 0080 4F010000 		.word aaa +1          @_tim3 +1      @ 16
  49 0084 4F010000 		.word aaa +1                         @ 17
  50 0088 4F010000 		.word aaa +1		                @ 18
  51 008c 4F010000 		.word aaa +1	@_tim14 +1    @ 19
  52 0090 4F010000 		.word aaa +1                         @ 20
  53 0094 4F010000 		.word aaa +1         @_tim16 +1      @ 21
ARM GAS  1.s 			page 2


  54 0098 4F010000 		.word aaa +1         @_tim17 +1      @ 22
  55 009c 4F010000 		.word aaa +1          @_i2c   +1     @ 23
  56 00a0 4F010000 		.word aaa +1                         @ 24
  57 00a4 4F010000 		.word aaa +1           @_spi   +1    @ 25
  58 00a8 4F010000 		.word aaa +1                         @ 26
  59 00ac 4F010000 		.word aaa +1         @_usart1 +1     @ 27
  60              		.align 2
  61              	
  62              	_start:
  63              	
  64              	
  65              	
  66              	_waisheshizhong:			 @ 外设时钟
  67              		@+0x14=RCC_AHBENR
  68              		@ 0=DMA @ 2=SRAM @ 4=FLITF@ 6=CRC @ 17=PA @ 18=PB @ 19=PC @ 20=PD @ 22=PF
  69 00b0 2748     		ldr r0, = 0x40021000
  70 00b2 2849     		ldr r1, = 0x60001
  71 00b4 4161     		str r1, [r0, # 0x14]
  72              	
  73              		@+0x18外设时钟使能寄存器 (RCC_APB2ENR)
  74              		@0=SYSCFG @5=USART6EN @9=ADC @11=TIM1 @12=SPI1 @14=USART1 @16=TIM15 @17=TIM16 @18=TIM17 @22=DBGMCU
  75 00b6 2849     		ldr r1, = 0x800
  76 00b8 8161     		str r1, [r0, # 0x18]
  77              		@+0X1C=RCC_APB1ENR
  78              		@ 1=TIM3 @ 4=TIM6 @ 5=TIM7 @ 8=TIM14 @ 11=WWDG @ 14=SPI @ 17=USRT2 @ 18=USART3 @ 20=USART5 @ 21=I2
  79              		@ 22=I2C2 @ 23=USB @ 28=PWR
  80 00ba 0222     		movs r2, # 2
  81 00bc C261     		str r2, [r0, # 0x1c]
  82              	tim1chushiha:				@ 128M
  83 00be 274D     		ldr r5, = 0x40012c00 @ tim1_cr1
  84 00c0 0021     		movs r1, # 0
  85 00c2 A962     		str r1, [r5, # 0x28] @ psc
  86 00c4 2649     		ldr r1, = 35
  87 00c6 E962     		str r1, [r5, # 0x2c] @ ARR
  88 00c8 2649     		ldr r1, = 0x68
  89 00ca E961     		str r1, [r5, # 0x1c] @ ccmr2  CC3
  90 00cc 2649     		ldr r1, = 0x100    @  CC3
  91 00ce 2962     		str r1, [r5, # 0x20] @ ccer
  92 00d0 2649     		ldr r1, = 0x8000
  93 00d2 6964     		str r1, [r5, # 0x44] @ BDTR
  94 00d4 2049     		ldr r1, = 0x800 @ CC3 DMA
  95 00d6 E960     		str r1, [r5, # 0x0c] @ DIER
  96 00d8 254C     		ldr r4, = 0xe1
  97              	tim3chushihua:				@ 64M
  98 00da 2648     		ldr r0, = 0x40000400 @ tim3_cr1
  99 00dc 0021     		movs r1, # 0 
 100 00de 8162     		str r1, [r0, # 0x28] @ psc
 101 00e0 2549     		ldr r1, = 595
 102 00e2 C162     		str r1, [r0, # 0x2c] @ ARR
 103 00e4 2549     		ldr r1, =   0x3800
 104 00e6 C161     		str r1, [r0, # 0x1c] @ ccmr2
 105 00e8 2549     		ldr r1, =  0x1000
 106 00ea 0162     		str r1, [r0, # 0x20] @ ccer
 107 00ec 2249     		ldr r1, = 595
 108 00ee 0164     		str r1, [r0, # 0x40] @ ccr4
 109 00f0 8121     		movs r1, # 0x81
 110 00f2 0160     		str r1, [r0]
ARM GAS  1.s 			page 3


 111 00f4 2C60     		str r4, [r5]
 112              	
 113              	dmachushihua:
 114              		@+0=LSR,+4=IFCR,
 115              		@+8=CCR1,+c=CNDTR1,+10=CPAR1+14=CMAR1,
 116              		@+1c=CCR2,+20=CNDTR2,+24=CPAR2,+28=CMAR2
 117              		@+30=CCR3,+34=CNDTR3,+38=CPAR2,+3c=CMAR3
 118              		@+44=CCR4,+48=CNDTR4,+4c=CPAR4,+50=CMAR4
 119              		@+58=CCR5,+5c=CNDTR5,+60=CPAR5,+64=CMAR5
 120              		@+6C=CCR6,+70=CNDTR6,+74=CPAR6,+78=CMAR6
 121              		@+80=CCR7,+84=CNDTR7,+88=CPAR7,+8c=CMAR7
 122              	
 123              		@tim1ch3DMA
 124 00f6 2348     		ldr r0, = 0x40020000
 125 00f8 2349     		ldr r1, = 0x40012c3c @ 外设地址
 126 00fa 0166     		str r1, [r0, # 0x60]
 127 00fc 2349     		ldr r1, = zheng_xian_biao @ 储存器地址
 128 00fe 4166     		str r1, [r0, # 0x64]
 129 0100 1749     		ldr r1, = 35             @点数
 130 0102 C165     		str r1, [r0, # 0x5c]
 131 0104 2249     		ldr r1, = 0x25b1         @ 储存到外设
 132 0106 8165     		str r1, [r0, # 0x58]
 133              	
 134              	io_she_zhi:
 135              		@@@@@@@@@@@@@@@@@@@@@@@@@@@@@@@@@@@@@@@@@@@@@@@@@@@@@@@@@@@@@@@@@@@@@@@@@@@@@@@@@@@@@@@@@@@@@@
 136              		@a(0x48000000)b(0x48000400)c(0x48000800)d(0x48000c00)f(0x48001400)
 137              		@ 输入（00），通用输出（01），复用功能（10），模拟（11）
 138              		@偏移0x4 = 端口输出类型 @ （0 推挽），（ 1 开漏）
 139              		@偏移0x8 = 输出速度  00低速， 01中速， 11高速
 140              		@偏移0xC = 上拉下拉 (00无上下拉，  01 上拉， 10下拉)
 141              		@偏移0x10 = 输入数据寄存器
 142              		@偏移0x14 = 输出数据寄存器
 143              		@偏移0x18 = 端口开  0-15置位
 144              		@偏移0x28 = 端口关
 145              		@0X20 = 复用低
 146              		@GPIO口0（0-3位）每个IO口占用4位
 147              		@ AF0 = 0X0000, AF1 = 0X0001, AF2 = 0X0010 AF3 = 0X0011, AF4 = 0X0100
 148              		@ AF5 = 0X0101, AF6 = 0X0111, AF7 = 0X1000
 149              		@0x24 = 复用高
 150              		@GPIO口8 （0-3位）每个IO口占用4位
 151              		@ AF0 = 0X0000, AF1 = 0X0001, AF2 = 0X0010 AF3 = 0X0011, AF4 = 0X0100
 152              		@ AF5 = 0X0101, AF6 = 0X0111, AF7 = 0X1000
 153              		@@@@@@@@@@@@@@@@@@@@@@@@@@@@@@@@@@@@@@@@@@@@@@@@@@@@@@@@@@@@@@@@@@@@@@@@@@@@@@@@@@@@@@@@@@@@@@
 154              	
 155 0108 2248     		ldr r0, = 0x48000000
 156 010a 2349     		ldr r1, = 0x28205403
 157 010c 0160     		str r1, [r0]
 158 010e 2349     		ldr r1, = 0x200
 159 0110 4162     		str r1, [r0, # 0x24]
 160              		
 161 0112 2348     		ldr r0, = 0x48000400
 162 0114 0821     		movs r1, # 0x08 @ pb1
 163 0116 0160     		str r1, [r0]
 164 0118 1021     		movs r1, # 0x10  @ tim3_4到PB1
 165 011a 0162     		str r1, [r0, # 0x20] @ ARRL
 166              	shizhong:
 167 011c 214A     		ldr r2, = 0x40022000   @FLASH访问控制
ARM GAS  1.s 			page 4


 168 011e 3221     		movs r1, # 0x32
 169 0120 1160     		str r1, [r2]           @FLASH缓冲 缓冲开启
 170 0122 0B48     	        ldr r0, = 0x40021000 @ rcc
 171 0124 2049     	        ldr r1, = 0x10001
 172 0126 0160     	        str r1, [r0]
 173              	denghse:
 174 0128 0168     	        ldr r1, [r0]
 175 012a 8903     	        lsls r1, r1, # 14
 176 012c FCD5     	        bpl denghse
 177              	dengpllguan:
 178 012e 0168     	        ldr r1, [r0]
 179 0130 8901     	        lsls r1, r1, # 6
 180 0132 FCD4     	        bmi dengpllguan
 181 0134 1D49     	        ldr r1, = 0x3d0002
 182 0136 4160     	        str r1, [r0, # 0x04]
 183 0138 1D49     	        ldr r1, = 0x1010000
 184 013a 0000     		movs r0, r0
 185 013c 0160     	        str r1, [r0]
 186              		
 187              	dengpll:
 188 013e 0168     		ldr r1, [r0]
 189 0140 8901     		lsls r1, # 6
 190 0142 FCD5     		bpl dengpll
 191              		
 192 0144 01BE     		bkpt # 1
 193              	
 194              	_nmi_handler:
 195 0146 7047     		bx lr
 196              	_hard_fault:
 197 0148 7047     		bx lr
 198              	_svc_handler:
 199 014a 7047     		bx lr
 200              	_pendsv_handler:
 201 014c 7047     		bx lr
 202              	_systickzhongduan:
 203              	aaa:
 204 014e 70470010 		bx lr
 204      02400100 
 204      06000008 
 204      0000002C 
 204      01402300 
ARM GAS  1.s 			page 5


DEFINED SYMBOLS
                 1.s:10     .data:0000000000000000 zheng_xian_biao
                 1.s:12     .data:0000000000000046 yjmwxwx
                 1.s:13     *ABS*:0000000020001000 STACKINIT
                 1.s:15     .text:0000000000000000 vectors
                 1.s:62     .text:00000000000000b0 _start
                 1.s:194    .text:0000000000000146 _nmi_handler
                 1.s:196    .text:0000000000000148 _hard_fault
                 1.s:198    .text:000000000000014a _svc_handler
                 1.s:200    .text:000000000000014c _pendsv_handler
                 1.s:203    .text:000000000000014e aaa
                            .text:0000000000000000 $d
                 1.s:60     .text:00000000000000b0 $t
                 1.s:66     .text:00000000000000b0 _waisheshizhong
                 1.s:82     .text:00000000000000be tim1chushiha
                 1.s:97     .text:00000000000000da tim3chushihua
                 1.s:113    .text:00000000000000f6 dmachushihua
                 1.s:134    .text:0000000000000108 io_she_zhi
                 1.s:166    .text:000000000000011c shizhong
                 1.s:173    .text:0000000000000128 denghse
                 1.s:177    .text:000000000000012e dengpllguan
                 1.s:187    .text:000000000000013e dengpll
                 1.s:202    .text:000000000000014e _systickzhongduan
                 1.s:204    .text:0000000000000150 $d

NO UNDEFINED SYMBOLS
