ARM GAS  1.s 			page 1


   1              		 .thumb                 
   2              	         .syntax unified
   3              	.section .data
   4              		.align 4
   5 0000 472F472F 	hongwaimabiao: .int 0x2f472f47,0x1f471f47,0x3b473b47,0x2b472b47,0x37473747,0x27472747,0x33473347,0x
   5      471F471F 
   5      473B473B 
   5      472B472B 
   5      47374737 
   6 0078 117D2329 	shumaguanmabiao: .byte 0x11,0x7d,0x23,0x29,0x4d,0x89,0x81,0x3d,0x01,0x09
   6      4D89813D 
   6      0109
   7 0082 40201008 	shuaxinbiao: .byte 0x40,0x20,0x10,0x08,0x04,0x02
   7      0402
   8              			.equ STACKINIT,          0x20005000
   9              			.equ systickbiaozhi,     0x20000300
  10              			.equ jidianqipb10,       0x422181a8
  11              	.section .text
  12              	xiangliangbiao:
  13 0000 00500020 		.word STACKINIT
  14 0004 0D010000 		.word _start + 1
  15 0008 F3020000 		.word _nmi_handler + 1
  16 000c F5020000 		.word _hard_fault  + 1
  17 0010 F7020000 		.word _memory_fault + 1
  18 0014 F9020000 		.word _bus_fault + 1
  19 0018 FB020000 		.word _usage_fault + 1
  20 001c 00000000 		.word 0
  21 0020 00000000 		.word 0
  22 0024 00000000 		.word 0
  23 0028 00000000 		.word 0
  24 002c 00000000 		.word 0
  25 0030 00000000 		.word 0
  26 0034 00000000 		.word 0
  27 0038 00000000 		.word 0
  28 003c FD020000 		.word systickdingshiqi +1
  29 0040 00000000 		.word	0 @WWDG  	0
  30 0044 00000000 		.word	0 @PVD  	1
  31 0048 00000000 		.word	0 @TAMPER	2
  32 004c 00000000 		.word	0 @RTC		3
  33 0050 00000000 		.word	0 @FLASH	4
  34 0054 00000000 		.word	0 @RCC		5
  35 0058 00000000 		.word	0 @EXTI0	6
  36 005c 00000000 		.word	0 @EXTI1	7
  37 0060 00000000 		.word	0 @EXTI2	8
  38 0064 00000000 		.word	0 @EXTI3	9
  39 0068 00000000 		.word	0 @EXTI4	10
  40 006c 00000000 		.word	0 @DMA11	11
  41 0070 00000000 		.word	0 @DMA12	12
  42 0074 00000000 		.word	0 @DMA13	13
  43 0078 00000000 		.word	0 @DMA14	14
  44 007c 00000000 		.word	0 @DMA15	15
  45 0080 00000000 		.word	0 @DMA16	16
  46 0084 00000000 		.word	0 @DMA17	17
  47 0088 00000000 		.word	0 @ADC1_2 	18
  48 008c 00000000 		.word	0 @USB_HP_CAN1_TX 19
  49 0090 00000000 		.word	0 @USB_LP_CAN1_RX0 20
  50 0094 00000000 		.word	0 @CAN1_RX1	21
ARM GAS  1.s 			page 2


  51 0098 00000000 		.word	0 @CAN1_SCE	22
  52 009c 00000000 		.word	0 @EXTI9_5	23
  53 00a0 00000000 		.word	0 @TIM1_BRK	24
  54 00a4 00000000 		.word	0 @TIM1_UP	25
  55 00a8 00000000 		.word	0 @TIM1_TRG_COM	26
  56 00ac 00000000 		.word	0 @TIM1_CC	27
  57 00b0 1F030000 		.word	tim2dingshiqi +1  @TIM2 28
  58 00b4 00000000 		.word	0  @TIM3		29
  59 00b8 00000000 		.word	0 @TIM4		30
  60 00bc 00000000 		.word	0 @I2C1_EV	31
  61 00c0 00000000 		.word	0 @I2C1_ER	32
  62 00c4 00000000 		.word	0 @I2C2_EV	33
  63 00c8 00000000 		.word	0 @I2C2_ER	34
  64 00cc 00000000 		.word	0 @SPI1		35
  65 00d0 00000000 		.word	0 @SPI2		36
  66 00d4 00000000 		.word	0 @USART1	37
  67 00d8 00000000 		.word	0 @USART2	38
  68 00dc 00000000 		.word	0 @USART3	39
  69 00e0 00000000 		.word	0 @EXTI15_10	40
  70 00e4 00000000 		.word	0 @RTCAlarm_IRQ	41
  71 00e8 00000000 		.word	0 @USBWakeUp	42
  72 00ec 00000000 		.word	0	
  73 00f0 00000000 		.word	0	
  74 00f4 00000000 		.word	0
  75 00f8 00000000 		.word	0
  76 00fc 00000000 		.word	0
  77 0100 00000000 		.word	0
  78 0104 00000000 		.word	0
  79 0108 00000000 		.word	0 @BootRAM   
  80              	_start:
  81 010c 9948     		ldr r0, = 0x40010004
  82 010e 4FF00071 		ldr r1, = 0x02000000
  83 0112 0160     		str r1, [r0]
  84              	
  85 0114 4160     		str r1, [r0, # 0x04]
  86 0116 9848     		ldr r0, = 0x40021000
  87 0118 9849     		ldr r1, = 0x14D83
  88 011a 0160     		str r1, [r0]
  89              	gsszbz: 
  90 011c 0268     		ldr r2, [r0]
  91 011e 4FF40031 		ldr r1, = 0x20000
  92 0122 1142     		tst r1, r2           @HSE高速时钟标志位           
  93 0124 00D1     		bne rccchushihua
  94 0126 F9E7     		b gsszbz
  95              	rccchushihua: 
  96 0128 9548     		ldr r0, = 0x40022000
  97 012a 4FF03201 		mov r1, # 0x00000032
  98 012e 0160     		str r1, [r0]           @FLASH缓冲 缓冲开启 
  99 0130 9448     		ldr r0, = 0x40021004
 100 0132 9549     		ldr r1, = 0x1D8400
 101 0134 0160     		str r1, [r0]
 102 0136 9048     		ldr r0, = 0x40021000
 103 0138 9449     		ldr r1, = 0x1033D03
 104 013a 0160     		str r1, [r0]
 105              	chaxun:
 106 013c 0268     		ldr r2, [r0]
 107 013e 4FF00071 		ldr r1, = 0x2000000
ARM GAS  1.s 			page 3


 108 0142 1142     		tst r1, r2
 109 0144 00D1     		bne rccgg               @等待PLL稳定
 110 0146 F9E7     		b chaxun
 111              	rccgg:
 112 0148 8E48     		ldr r0, = 0x40021004
 113 014a 9149     		ldr r1, = 0x1D8402
 114 014c 0160     		str r1, [r0]            @ PLL作为系统时钟
 115              	
 116 014e 8948     		ldr r0, = 0x40010004
 117 0150 4FF00071 		ldr r1, = 0x02000000
 118 0154 0160     		str r1, [r0]
 119              	
 120              	neicunqingling:                  @ 无聊把内存清0
 121 0156 4FF00050 		ldr r0, = 0x20000000
 122 015a 44F6FF72 		ldr r2, = 0x4fff         @ 区域是0X4FFF大的地方
 123 015e 4FF00001 		mov r1, # 0              @ 写0
 124              	qingling_xunhuan:                
 125 0162 40F8041B 		str r1, [r0], 4         
 126 0166 013A     		subs r2, # 1
 127 0168 FBD1     		bne qingling_xunhuan     @ 循环清0
 128              	
 129              	chushihuashuju:
 130 016a 8A48     		ldr r0, = 0x200005e0
 131 016c 8A49     		ldr r1, = 0x2200c000
 132 016e 0160     		str r1, [r0]
 133 0170 4FF01801 		mov r1, # 24
 134 0174 4160     		str r1, [r0, # 0x04]
 135 0176 4FF00001 		mov r1, # 0
 136 017a 8160     		str r1, [r0, # 0x08]
 137              	
 138 017c 8748     		ldr r0, = 0x20000020
 139 017e 4FF42F71 		ldr r1, = 700
 140 0182 0160     		str r1, [r0]
 141              	
 142              		
 143              	systick:
 144              		@0xe000e010 SYSTICK控制状态寄存器
 145              		@0=定时器使能
 146              		@1=（1倒数到0发出异常请，0无动作）
 147              		@2=（0外部始终1内核时钟）
 148              		@16= 如果赏赐读取本寄存器后SYSTICK已经数到0则该位为1如果读取该位则清0
 149              		@0xe000e014 重载值寄存器 数到0将要被重载的值
 150              		@0xe000e018 当前值，写清0
 151              		@0e000e01c
 152              		@0-23 10MS的时间内倒计数的格数
 153              		@ 30=(1教准不是准确的10MS)（0教准是准确的10MS）
 154 0184 8648     		ldr r0, = 0xe000e010
 155 0186 4FF00001 		mov r1, # 0               
 156 018a 0160     		str r1, [r0]            @ 关掉SYSTICK
 157 018c 42F22831 		ldr r1, = 9000      @ 重载数
 158 0190 4160     		str r1, [r0, # 4]       @ 写进重载数
 159 0192 8160     		str r1, [r0, # 8]       @ 清0当前数          
 160 0194 834B     		ldr r3, = 0xe000ed23  @systick优先级
 161 0196 4FF0F001 		mov r1, # 240
 162 019a 1960     		str r1, [r3]
 163 019c 4FF00301 		mov r1, # 3
 164 01a0 0160     		str r1, [r0] @ 开定时器
ARM GAS  1.s 			page 4


 165              		
 166              	waisheshizhong:
 167              	
 168              		@AHBENR=0x40021014
 169              		@0=DMA1,1=DMA2,2=SRAMEN,4=FLITFEN,6=CRCEN,8=FSMCEN,10=SDIOEN
 170              		
 171              		@APB2_ENR=0X40021018 0(AFIO)1(保留)2(PA)3(PB)4(PC)5(PD)6(PE)78(保留)
 172              		@9(ADC1)10(ADC2)11(TIM1)12(SPI1)13(保留)14（USART1）15(保留)
 173 01a2 8148     		        ldr r0, = 0x40021018 @ APB2_ENR
 174 01a4 3C21     		        ldr r1, = 0x3c
 175 01a6 0160     		        str r1, [r0]
 176              		@APB1_ENR=0X4002101C
 177              		@0=TIM2,1=TIM3,2=TIM4,3=TIM5,4=TIM6,5=TIM7,11=WWDG
 178              		@14=SP12,15=SP13,17=UART3,19=UART4,20=UART5
 179              		@21=I2C,22=I2C2,23=USB,25=CAN,27=BKPT,28=PWR,29=DACEN
 180 01a8 8048     			ldr r0, = 0X4002101C @ APB1_ENR
 181 01aa 0321     			ldr r1, = 0x03
 182 01ac 0160     			str r1, [r0]
 183              		
 184              	zhongduankongzhi:
 185              		@SETENA0=0XE000E100,SETENA1=0XE000E104 @中断使能
 186              		@CLRENA0=0XE000E180,CLRENA1=0XE000E184 @中断除能
 187              		@SETPEND0=0XE000E200,SETPPEND1=0XE000E204 @中断悬起
 188              		@CLRPEND0=0XE000E280,CLRPEND1=0XE000E284  @中断解悬
 189              		@ACTIVE0=0XE000E300,ACTIVE1=0XE000E304   @ 中断活动状态
 190              		@0XE000E400-0XE000E43C 中断优先级阵列每个占8位
 191              		@0XE000ED00=CPUID，0XE000ED04=中断控制及状态寄存器
 192              		@0xe000ed08=向量表偏移，0xe000ed0c=应用程序中断及复位
 193              		@0xe000ed10=系统控制，0XE000ED14=配置与控制
 194              		@0xe000ed18-0xe000ed23=系统异常优先级阵列
 195 01ae 8048     		ldr r0, = 0xe000ed0c
 196 01b0 8049     		ldr r1, = 0x5fa0500
 197 01b2 0160     		str r1, [r0]
 198 01b4 8048     		ldr r0, = 0xe000e400
 199 01b6 4FF0C801 		mov r1, # 200
 200 01ba C161     		str r1, [r0, # 28] @ tim2优先级
 201              		
 202 01bc 7F48     		ldr r0, = 0xe000e100 @ 中断使能
 203              		@0-31号使能，0x300000000 = TIM2和TIM3
 204 01be 4FF08051 		ldr r1, = 0x10000000
 205 01c2 0160     		str r1, [r0]
 206              		
 207              	tim2chushihua:
 208              		@tim1=0x40012c00
 209              		@+0=CR1 控制寄存器
 210              		@+4=CR2 控制寄存器2
 211              		@+8=SMCR 从模式控制寄存器
 212              		@+c=DIER 中断使能寄存器
 213              		@+10=SR 状态寄存器
 214              		@+14=EGR 事件产生寄存器
 215              		@+18=CCMR1 捕获/比较模式寄存器1
 216              		@+1C=CCMR2 捕获/比较模式寄存器2
 217              		@+20=CCER 捕获/比较使能寄存器
 218              		@+24=CNT 计数器
 219              		@+28=PSC 预分频器
 220              		@+2C=ARR 重载寄存器
 221              		@+30=RCR 重复计数寄存器
ARM GAS  1.s 			page 5


 222              		@+34=CCR1 捕获/比较寄存器1
 223              		@+38=CCR2 捕获/比较寄存器2
 224              		@+3C=CCR3 捕获/比较寄存器3
 225              		@+40=CCR4 捕获/比较寄存器4
 226              		@+44=BDTR 刹车/死区寄存器
 227              		@+48=DCR DMA控制器
 228              		@+4C=DMAR 连续模式的DMA地址
 229              		@TIM2=0x40000000
 230              		@18=CCMR1,18=OCMR1,1C=CCMR2,1C=OCMR2
 231              		@CNT与CCR比较占空，ARR与PSC决定频率。主频除以PSC=计数频率
 232              	
 233 01c4 4FF08040 		ldr r0, = 0x40000000 @ tim2
 234 01c8 4FF43471 		ldr r1, = 720
 235 01cc 8162     		str r1, [r0, # 0x28] @ 分频
 236 01ce 6FF07F41 		ldr r1, = 0xffffff
 237 01d2 C162     		str r1, [r0, # 0x2c] @ 重载
 238 01d4 4FF00201 		mov r1, # 2
 239 01d8 C160     		str r1, [r0, # 0x0c] @开中断
 240 01da 4FF0F101 		mov r1, # 0xf1
 241 01de 8161     		str r1, [r0, # 0x18] @ 捕获/比较模式
 242 01e0 4FF00301 		mov r1, # 3
 243 01e4 0162     		str r1, [r0, # 0x20] @ 下降沿捕获
 244 01e6 8121     		ldr r1, = 0x81
 245 01e8 0160     		str r1, [r0]
 246              	tim3chushihua:
 247 01ea 7548     		ldr r0, = 0x40000400 @ TIM3
 248 01ec 4FF43471 		ldr r1, = 720
 249 01f0 8162     		str r1, [r0, # 0x28] @ PSC @分频
 250 01f2 4FF47A71 		ldr r1, =   1000
 251 01f6 C162     		str r1, [r0, # 0x2c] @ ARR  @ 重载
 252 01f8 6021     		ldr r1, = 0x60
 253 01fa 8161     		str r1, [r0, # 0x18] @ CCMR 捕获 比较模式
 254 01fc 0121     		ldr r1, = 0x01
 255 01fe 0162     		str r1, [r0, # 0x20]  @ 下降沿捕获
 256 0200 4FF4FA71 		ldr r1, = 500
 257 0204 4163     		str r1, [r0, # 0x34]
 258 0206 8121     		ldr r1, = 0x81
 259 0208 0160     		str r1, [r0]         @ cr1 
 260              		
 261              	IOshezhi:
 262              		
 263              		@PA=0x40010800 PB=0x40010c00 PC=0x40011000 
 264              		@PD=0x40011400 PE=0x40011800 PF=0x40011c00 
 265              		@ IO 1(通用推挽10M)2(通用推挽2M)3(通用推挽50M)
 266              		@4(浮空输入)5(通用开漏输出10M)6(通用开漏输出2M)
 267              		@7(通用开漏输出50M)8(上拉下拉输入)9(复用功能推挽输出10M)
 268              		@A(复用功能推挽输出2M)B(复用功能推挽输出50M)C(保留)
 269              		@D(复用功能开溜输出10M)E(复用功能开漏输出2M)F(复用功能开漏输出50M)
 270              		@ 偏移0X8=IDR 输入数据寄存器
 271              		@偏移0XC=ODR 输出数据寄存器
 272              		@偏移0X10=BSRR IO开
 273              		@偏移0X14=BRR  IO关
 274 020a 6E48     		ldr r0, = 0x40010c00
 275 020c 6E49     		ldr r1, = 0x45554444
 276 020e 4160     		str r1, [r0, # 0x04]
 277 0210 6E48     		ldr r0, = 0x40010800
 278 0212 6F49     		ldr r1, = 0x4b444444
ARM GAS  1.s 			page 6


 279 0214 0160     		str r1, [r0]
 280              	zhucaidan:
 281 0216 00F05AF8 		bl anjian
 282 021a 6E48     		ldr r0, = 0x20000500
 283 021c 0068     		ldr r0, [r0]
 284 021e 4FF00601 		mov r1, # 6
 285 0222 6D4A     		ldr r2, = 0x20000100
 286 0224 00F042F8 		bl zhuan_ascii
 287 0228 4FF00600 		mov r0, # 6
 288 022c 00F02BF8 		bl xieshumaguan
 289 0230 6348     		ldr r0, = 0x40000400
 290 0232 416B     		ldr r1, [r0, # 0x34]
 291              	pwmjian:
 292 0234 A1F10101 		sub r1, # 1
 293 0238 4163     		str r1, [r0, # 0x34]
 294 023a 4FF4FA73 		ldr r3, = 500
 295 023e 9942     		cmp r1, r3
 296 0240 F8D9     		bls pwmjian
 297 0242 4FF00001 		mov r1, # 0
 298 0246 4163     		str r1, [r0, # 0x34]
 299              	pwmjia:
 300 0248 01F10101 		add r1, # 1
 301 024c 4163     		str r1, [r0, # 0x34]
 302 024e 4FF4FA73 		ldr r3, = 500
 303 0252 9942     		cmp r1, r3
 304 0254 F8D3     		bcc pwmjia
 305 0256 4FF4FA71 		ldr r1, = 500
 306 025a 4163     		str r1, [r0, # 0x34]
 307 025c DBE7     	          b zhucaidan
 308              	xie595:    @ 入口0X20000000
 309              		
 310              		@74HC595 11=输入锁存 12=输出锁存 14=数据
 311 025e FFB5     		push {r0-r7,lr}
 312 0260 5E48     		ldr r0, =  0x422181b0 @ 位带地址  
 313 0262 4FF00101 		mov r1, # 1       @ 1
 314 0266 4FF00002 		mov r2, # 0          @ 0
 315 026a 4FF00853 		ldr r3, = 0x22000000 @ 0x20000000的位带
 316 026e 4FF01004 		mov r4, # 16         @ 写两个8位
 317              	xunhuan595:
 318 0272 4260     		str r2, [r0, # 0x04] @ 595_11 输入锁存
 319 0274 53F8045B 		ldr r5, [r3], # 4    @ 取出一位的数据
 320 0278 0560     		str r5, [r0]         @14脚输出数据
 321 027a 4160     		str r1, [r0, # 0x04] @ 锁存
 322 027c 013C     		subs r4, # 1         
 323 027e F8D1     		bne xunhuan595       @循环16次
 324 0280 8260     		str r2, [r0, # 0x08] @ 12输出锁存
 325 0282 8160     		str r1, [r0, # 0x08] 
 326 0284 FFBD     		pop {r0-r7,pc}      @ 弹出各寄存器返回
 327              		
 328              	xieshumaguan:	 @ r0位数
 329 0286 2DE9FF41 		push {r0-r8,lr}
 330 028a 534F     		ldr r7, = 0x20000100
 331 028c DFF85081 		ldr r8, = shuaxinbiao
 332 0290 4FF00056 		ldr r6, = 0x20000000
 333              	
 334              	xianshi:
 335 0294 18F8015B 		ldrb r5, [r8], # 1
ARM GAS  1.s 			page 7


 336 0298 17F8012B 		ldrb r2, [r7], # 1
 337 029c 3570     		strb r5, [r6]
 338 029e 7270     		strb r2, [r6, # 0x01]
 339 02a0 FFF7DDFF 		bl xie595
 340 02a4 0138     		subs r0, # 1
 341 02a6 F5D1     		bne xianshi
 342 02a8 BDE8FF81 		pop {r0-r8,pc}
 343              	zhuan_ascii:	 @ 入口R0=数据 R1= 长度 R2=出口
 344 02ac FFB5     		push {r0-r7,lr}
 345 02ae 4D4F     		ldr r7, = shumaguanmabiao
 346 02b0 4FF00A05 		mov r5, # 10
 347              	xunhuanqiuma:
 348 02b4 B0FBF5F4 		udiv r4, r0, r5
 349 02b8 04FB05F6 		mul r6, r4, r5
 350 02bc A0EB0603 		sub r3, r0, r6
 351 02c0 FE5C     		ldrb r6, [r7, r3]
 352 02c2 02F8016B 		strb r6, [r2], # 1
 353 02c6 2046     		mov r0, r4
 354 02c8 0139     		subs r1, # 1
 355 02ca F3D1     		bne xunhuanqiuma
 356 02cc FFBD     		pop {r0-r7,pc}
 357              	
 358              	anjian:
 359 02ce 2DE9FF5F 		push {r0-r12,lr}
 360 02d2 404B     		ldr r3, = 0x20000500
 361 02d4 444D     		ldr r5, = hongwaimabiao
 362 02d6 4FF01E06 		mov r6, # 30        @ 按键数量
 363              	panduananjian:
 364 02da 55F8044B 		ldr r4, [r5], # 4
 365 02de 1A68     		ldr r2, [r3]
 366 02e0 A242     		cmp r2, r4
 367 02e2 02D0     		beq anjianzhengque
 368 02e4 013E     		subs r6, # 1
 369 02e6 F8D1     		bne panduananjian
 370 02e8 01E0     		b anjianfanhui
 371              	anjianzhengque:
 372 02ea 404A     		ldr r2, = 0x200004f8
 373 02ec 1660     		str r6, [r2]
 374              	
 375              	anjianfanhui:
 376 02ee BDE8FF9F 		pop {r0-r12,pc}
 377              	_nmi_handler:
 378 02f2 7047     		bx lr
 379              	_hard_fault:
 380 02f4 7047     		bx lr
 381              	_memory_fault:
 382 02f6 7047     		bx lr
 383              	_bus_fault:
 384 02f8 7047     		bx lr
 385              	_usage_fault:
 386 02fa 7047     	 	bx lr
 387              	systickdingshiqi:	              @ SYSTICK定时期中断服务函数
 388 02fc 2DE9FF47 		push {r0-r10,lr}
 389 0300 3B48     		ldr r0, = 0xe000ed04
 390 0302 4FF00071 		ldr r1, = 0x2000000
 391 0306 0160     		str r1, [r0]
 392 0308 3A4A     		ldr r2, = 0x20000010
ARM GAS  1.s 			page 8


 393 030a 1168     		ldr r1, [r2]
 394 030c 3A4C     		ldr r4, = 999999
 395 030e 01F10101 		add r1, # 1
 396 0312 A142     		cmp r1, r4
 397 0314 28BF     		it cs
 398 0316 0021     		movcs r1, # 0
 399 0318 1160     		str r1, [r2]
 400 031a BDE8FF87 		pop {r0-r10,pc}
 401              	tim2dingshiqi:
 402 031e 2DE9FF5F 		push {r0-r12,lr}
 403 0322 364A     		ldr r2, = 0x200004fc
 404 0324 3648     		ldr r0, = 0x40000034
 405 0326 1368     		ldr r3, [r2]
 406 0328 0168     		ldr r1, [r0]  @ 读取时间
 407 032a B1F5604F 		cmp.w r1, # 0xe000
 408 032e 1AD8     		bhi tim2fanhui
 409 0330 B1F5805F 		cmp.w r1, # 0x1000
 410 0334 82BF     		ittt hi
 411 0336 334C     		ldrhi r4, = 0x2200a000
 412 0338 1460     		strhi r4, [r2]
 413 033a 14E0     		bhi tim2fanhui
 414              	
 415 033c FF29     		cmp r1, # 0xff
 416 033e 81BF     		itttt hi
 417 0340 12F80C5C 		ldrbhi r5, [r2, # - 0x0c]
 418 0344 0135     		addhi r5, # 1
 419 0346 02F80C5C 		strbhi r5, [r2, # - 0x0c]
 420 034a 0CE0     		bhi tim2fanhui
 421 034c 9029     		cmp r1, # 0x90
 422 034e 81BF     		itttt hi
 423 0350 0126     		movhi r6, # 1
 424 0352 43F8046B 		strhi r6, [r3], # 4
 425 0356 1360     		strhi r3, [r2]
 426 0358 05E0     		bhi tim2fanhui
 427              	
 428 035a 5029     		cmp r1, # 0x50
 429 035c 82BF     		ittt hi
 430 035e 0026     		movhi r6, # 0
 431 0360 43F8046B 		strhi r6, [r3], # 4
 432 0364 1360     		strhi r3, [r2]
 433              	
 434              	tim2fanhui:
 435 0366 2848     		ldr r0, = 0x40000024
 436 0368 4FF00001 		mov r1,  # 0
 437 036c 0160     		str r1, [r0]
 438 036e BDE8FF9F 		pop {r0-r12,pc}
 438      00000400 
 438      01400010 
 438      0240834D 
 438      01000020 
ARM GAS  1.s 			page 9


DEFINED SYMBOLS
                 1.s:4      .data:00000000 $d
                 1.s:5      .data:00000000 hongwaimabiao
                 1.s:6      .data:00000078 shumaguanmabiao
                 1.s:7      .data:00000082 shuaxinbiao
                 1.s:8      *ABS*:20005000 STACKINIT
                 1.s:9      *ABS*:20000300 systickbiaozhi
                 1.s:10     *ABS*:422181a8 jidianqipb10
                 1.s:12     .text:00000000 xiangliangbiao
                 1.s:80     .text:0000010c _start
                 1.s:377    .text:000002f2 _nmi_handler
                 1.s:379    .text:000002f4 _hard_fault
                 1.s:381    .text:000002f6 _memory_fault
                 1.s:383    .text:000002f8 _bus_fault
                 1.s:385    .text:000002fa _usage_fault
                 1.s:387    .text:000002fc systickdingshiqi
                 1.s:401    .text:0000031e tim2dingshiqi
                            .text:00000000 $d
                 1.s:81     .text:0000010c $t
                 1.s:89     .text:0000011c gsszbz
                 1.s:95     .text:00000128 rccchushihua
                 1.s:105    .text:0000013c chaxun
                 1.s:111    .text:00000148 rccgg
                 1.s:120    .text:00000156 neicunqingling
                 1.s:124    .text:00000162 qingling_xunhuan
                 1.s:129    .text:0000016a chushihuashuju
                 1.s:143    .text:00000184 systick
                 1.s:166    .text:000001a2 waisheshizhong
                 1.s:184    .text:000001ae zhongduankongzhi
                 1.s:207    .text:000001c4 tim2chushihua
                 1.s:246    .text:000001ea tim3chushihua
                 1.s:261    .text:0000020a IOshezhi
                 1.s:280    .text:00000216 zhucaidan
                 1.s:358    .text:000002ce anjian
                 1.s:343    .text:000002ac zhuan_ascii
                 1.s:328    .text:00000286 xieshumaguan
                 1.s:291    .text:00000234 pwmjian
                 1.s:299    .text:00000248 pwmjia
                 1.s:308    .text:0000025e xie595
                 1.s:317    .text:00000272 xunhuan595
                 1.s:334    .text:00000294 xianshi
                 1.s:347    .text:000002b4 xunhuanqiuma
                 1.s:363    .text:000002da panduananjian
                 1.s:371    .text:000002ea anjianzhengque
                 1.s:375    .text:000002ee anjianfanhui
                 1.s:434    .text:00000366 tim2fanhui
                 1.s:438    .text:00000372 $d
                 1.s:438    .text:00000374 $d

NO UNDEFINED SYMBOLS
