ARM GAS  led-stm32.s 			page 1


   1              	@@@
   2              	        .thumb                 
   3              	        .syntax unified
   4              	
   5              	.section .data
   6              	
   7 0000 1F001FF8 	yjm:	 .short 0x001f, 0xf81f, 0xffe0, 0x07ff, 0xf800
   7      E0FFFF07 
   7      00F8
   8              	@@@
   9              	        .equ STACKINIT, 	0x20005000
  10              		.equ gpioddi,   	0x40011400
  11              	        .equ gpiododr,   	0x4001140C
  12              	        .equ RCC_APB2ENR,	0x40021018
  13              		.equ syskz,		0xE000E010 @ 控制寄存器
  14              		.equ syscz,		0xE000E014 @systick定时器重载
  15              		.equ syssz,		0xE000E018 @systick计数值查询
  16              		.equ rcckz,		0x40021000 @rcc时钟控制寄存器
  17              		.equ rccpz,		0x40021004 @时钟配置寄存器
  18              		.equ flashacr,		0x40022000 @flash闪存访问寄存器
  19              		.equ lcdyanshi,		80000
  20              		.equ lcdid,		0x20000100
  21              	
  22              		
  23              	.section .text
  24              	
  25              	vectors_table:
  26              	vectors:        
  27 0000 00500020 	        .word STACKINIT         
  28 0004 41000000 	        .word _start + 1        
  29 0008 67030000 	        .word _nmi_handler + 1  
  30 000c 69030000 	        .word _hard_fault  + 1  
  31 0010 6B030000 	        .word _memory_fault + 1 
  32 0014 6D030000 	        .word _bus_fault + 1    
  33 0018 6F030000 	        .word _usage_fault + 1   
  34 001c 00000000 		.word 0
  35 0020 00000000 		.word 0
  36 0024 00000000 		.word 0
  37 0028 00000000 		.word 0
  38 002c 00000000 		.word 0
  39 0030 00000000 		.word 0
  40 0034 00000000 		.word 0 
  41 0038 00000000 		.word 0
  42 003c 71030000 		.word _dingshiqi + 1
  43              	_start:
  44              	
  45 0040 4FF00005 		mov r5, # 0
  46              	
  47              	
  48              	shizhong:
  49 0044 CB48     		ldr r0, = rcckz
  50 0046 CC49     		ldr r1, = 0x14D83
  51 0048 0160     		str r1, [r0]
  52              	gsszbz: @高速时钟标志位
  53 004a 0168     		ldr r1, [r0]
  54 004c CB4A     		ldr r2, = 0x34D83
  55 004e 8A42     		cmp r2, r1 
ARM GAS  led-stm32.s 			page 2


  56 0050 7FF4FBAF 		bne	gsszbz
  57              	
  58              		@FLASH缓冲 缓冲开启 
  59 0054 CA48     		ldr r0, = flashacr
  60 0056 4FF03201 		mov r1, # 0x00000032
  61 005a 0160     		str r1, [r0]
  62              		@设置
  63 005c C948     		ldr r0, = rccpz
  64 005e CA49     		ldr r1, = 0x1D8400
  65 0060 0160     		str r1, [r0]
  66              		
  67 0062 C448     		ldr r0, = rcckz
  68 0064 C949     		ldr r1, = 0x1033D03
  69 0066 0160     		str r1, [r0]
  70              	chaxun:
  71 0068 0168     		ldr r1, [r0]
  72 006a C94A     		ldr r2, = 0x03033D03
  73 006c 9142     		cmp r1, r2
  74 006e 7FF4FBAF 		bne chaxun
  75              	
  76 0072 C448     		ldr r0, = rccpz
  77 0074 C749     		ldr r1, = 0x1D8402
  78 0076 0160     		str r1, [r0]
  79              	
  80              		
  81              		
  82              	systick:
  83              	
  84 0078 C749     		ldr r1, = syskz
  85 007a C848     		ldr r0, = syscz
  86 007c C84A     		ldr r2, = syssz
  87              		
  88 007e 4FF00003 		mov r3, #0
  89 0082 0B60     		str r3, [r1]
  90              	
  91 0084 C74B     		ldr r3, = 0x2328
  92 0086 0360     		str r3, [r0]
  93 0088 1360     		str r3, [r2]
  94              	
  95 008a 4FF00303 		mov r3, # 0x03
  96 008e 0B60     		str r3, [r1]
  97              	
  98              	
  99              	ledled:
 100              	
 101 0090 C54E     	        ldr r6, = RCC_APB2ENR
 102 0092 4FF03900 	        mov r0, 0x39
 103 0096 3060     	        str r0, [r6]
 104              	
 105 0098 C44E     	        ldr r6, = gpioddi
 106 009a C548     	        ldr r0, = 0x44444344
 107 009c 3060     	        str r0, [r6]
 108              	
 109 009e 4FF00002 	        mov r2, 0            
 110 00a2 4FF00403 	        mov r3, 0x04        
 111 00a6 C34E     	        ldr r6, = gpiododr 
 112              	lcdchushihua1:
ARM GAS  led-stm32.s 			page 3


 113              		@@AFIO-MAPR 开SWD
 114 00a8 C348     		ldr r0, = 0x40010004
 115 00aa C449     		ldr r1, = 0x02000000
 116 00ac 0160     		str r1, [r0]
 117              		
 118 00ae C448     		ldr r0, = 0x40011000
 119 00b0 C449     		ldr r1, = 0x33444444 
 120 00b2 0160     		str r1, [r0]
 121              	
 122 00b4 C448     		ldr r0, = 0x40011004
 123 00b6 C549     		ldr r1, = 0x44444333
 124 00b8 0160     		str r1, [r0]
 125              	
 126 00ba C548     		ldr r0, = 0x4001100C
 127 00bc C549     		ldr r1, = 0x7c0
 128 00be 0160     		str r1, [r0]
 129              	
 130 00c0 C548     		ldr r0, = 0x40010C00
 131 00c2 C649     		ldr r1, = 0x33333333
 132 00c4 0160     		str r1, [r0]
 133              	
 134 00c6 C648     		ldr r0, = 0x40010C04
 135 00c8 C449     		ldr r1, = 0x33333333
 136 00ca 0160     		str r1, [r0]
 137              	
 138 00cc C548     		ldr r0, = 0x40010C0C
 139 00ce C649     		ldr r1, = 0xffff
 140 00d0 0160     		str r1, [r0]
 141              	
 142 00d2 4FF00004 		mov r4, # 0x0000
 143 00d6 4FF00107 		mov r7, # 0x0001
 144 00da 00F014F9 		bl lcdchushihua2
 145 00de 00F03CF9 		bl yanshi
 146              	
 147              	
 148 00e2 4FF01504 		mov r4, # 0x0015
 149 00e6 4FF03007 		mov r7, # 0x0030
 150 00ea 00F00CF9 		bl lcdchushihua2
 151              	
 152 00ee 4FF09A04 		mov r4, # 0x009a
 153 00f2 4FF01007 		mov r7, # 0x0010
 154 00f6 00F006F9 		bl lcdchushihua2
 155              	
 156 00fa 4FF01104 		mov r4, # 0x0011
 157 00fe 4FF02007 		mov r7, # 0x0020
 158 0102 00F000F9 		bl lcdchushihua2
 159              	
 160 0106 4FF01004 		mov r4, # 0x0010
 161 010a 43F22847 		movw r7, # 0x3428
 162 010e 00F0FAF8 		bl lcdchushihua2
 163              	
 164 0112 4FF01204 		mov r4, # 0x0012
 165 0116 4FF00207 		mov r7, # 0x0002
 166 011a 00F0F4F8 		bl lcdchushihua2
 167              	
 168 011e 4FF01304 		mov r4, # 0x0013
 169 0122 41F23807 		movw r7, # 0x1038
ARM GAS  led-stm32.s 			page 4


 170 0126 00F0EEF8 		bl lcdchushihua2
 171              	
 172 012a 00F016F9 		bl yanshi
 173              	
 174              		@@@@
 175              	
 176              		
 177              	
 178 012e 4FF01204 		mov r4, # 0x0012
 179 0132 4FF01207 		mov r7, # 0x0012
 180 0136 00F0E6F8 		bl lcdchushihua2
 181              	
 182 013a 00F00EF9 		bl yanshi
 183              	
 184 013e 4FF01004 		mov r4, # 0x0010
 185 0142 43F22047 		movw r7, # 0x3420
 186 0146 00F0DEF8 		bl lcdchushihua2
 187              	
 188 014a 4FF01304 		mov r4, # 0x0013
 189 014e 43F23807 		movw r7, # 0x3038
 190 0152 00F0D8F8 		bl lcdchushihua2
 191              	
 192 0156 00F000F9 		bl yanshi
 193              	
 194 015a 4FF03004 		mov r4, # 0x0030
 195 015e 4FF00007 		mov r7, # 0x0000
 196 0162 00F0D0F8 		bl lcdchushihua2
 197              	
 198 0166 4FF03104 		mov r4, # 0x0031
 199 016a 40F20247 		movw r7,# 0x0402
 200 016e 00F0CAF8 		bl lcdchushihua2
 201              	
 202 0172 4FF03204 		mov r4, # 0x0032
 203 0176 40F20737 		movw r7, # 0x0307
 204 017a 00F0C4F8 		bl lcdchushihua2
 205              	
 206              		@@@@@@
 207              	
 208 017e 4FF03304 		mov r4, # 0x0033
 209 0182 40F20437 		movw r7, # 0x0304
 210 0186 00F0BEF8 		bl lcdchushihua2
 211              	
 212 018a 4FF03404 		mov r4, # 0x0034
 213 018e 4FF00407 		mov r7, # 0x0004
 214 0192 00F0B8F8 		bl lcdchushihua2
 215              	
 216 0196 4FF03504 		mov r4, # 0x0035
 217 019a 40F20147 		movw r7, # 0x0401
 218 019e 00F0B2F8 		bl lcdchushihua2
 219              	
 220              	
 221              	
 222 01a2 4FF03604 		mov r4, # 0x0036
 223 01a6 40F20777 		movw r7, # 0x0707
 224 01aa 00F0ACF8 		bl lcdchushihua2
 225              	
 226 01ae 4FF03704 		mov r4, # 0x0037
ARM GAS  led-stm32.s 			page 5


 227 01b2 40F20537 		movw r7, #0x0305
 228 01b6 00F0A6F8 		bl lcdchushihua2
 229              	
 230 01ba 4FF03804 		mov r4, # 0x0038
 231 01be 40F21067 		movw r7, # 0x0610
 232 01c2 00F0A0F8 		bl lcdchushihua2
 233              	
 234              		@@@@@
 235              	
 236 01c6 4FF03904 		mov r4, # 0x0039
 237 01ca 40F21067 		movw r7, # 0x0610
 238 01ce 00F09AF8 		bl lcdchushihua2
 239              	
 240 01d2 4FF00104 		mov r4, # 0x0001
 241 01d6 40F20017 		movw r7, # 0x0100
 242 01da 00F094F8 		bl lcdchushihua2
 243              	
 244 01de 4FF00204 		mov r4, # 0x0002
 245 01e2 40F20037 		movw r7, # 0x0300
 246 01e6 00F08EF8 		bl lcdchushihua2
 247              	
 248 01ea 4FF00304 		mov r4, # 0x0003
 249 01ee 41F23007 		movw r7, #0x1030
 250 01f2 00F088F8 		bl lcdchushihua2
 251              	
 252 01f6 4FF00804 		mov r4, # 0x0008
 253 01fa 40F60807 		movw r7, # 0x0808
 254 01fe 00F082F8 		bl lcdchushihua2
 255              	
 256 0202 4FF00A04 		mov r4, # 0x000a
 257 0206 4FF00807 		mov r7, # 0x0008
 258 020a 00F07CF8 		bl lcdchushihua2
 259              	
 260              		@@@@@
 261              	
 262 020e 4FF06004 		mov r4, # 0x0060
 263 0212 42F20077 		movw r7, #0x2700
 264 0216 00F076F8 		bl lcdchushihua2
 265              	
 266 021a 4FF06104 		mov r4, # 0x0061
 267 021e 4FF00107 		mov r7, # 0x0001
 268 0222 00F070F8 		bl lcdchushihua2
 269              	
 270 0226 4FF09004 		mov r4, # 0x0090
 271 022a 40F23E17 		movw r7, # 0x013e
 272 022e 00F06AF8 		bl lcdchushihua2
 273              	
 274 0232 4FF09204 		mov r4, # 0x0092
 275 0236 40F20017 		movw r7, # 0x0100
 276 023a 00F064F8 		bl lcdchushihua2
 277              	
 278 023e 4FF09304 		mov r4, # 0x0093
 279 0242 C0F20017 		movt r7, #0x0100
 280 0246 00F05EF8 		bl lcdchushihua2
 281              	
 282 024a 4FF0A004 		mov r4, # 0x00a0
 283 024e 43F20007 		movw r7, #0x3000
ARM GAS  led-stm32.s 			page 6


 284 0252 00F058F8 		bl lcdchushihua2
 285              	
 286              		@@@@@@
 287              	
 288 0256 4FF0A304 		mov r4, # 0x00a3
 289 025a 4FF01007 		mov r7, # 0x0010
 290 025e 00F052F8 		bl lcdchushihua2
 291              	
 292 0262 4FF00704 		mov r4, # 0x0007
 293 0266 4FF00107 		mov r7, # 0x0001
 294 026a 00F04CF8 		bl lcdchushihua2
 295              	
 296 026e 4FF00704 		mov r4, # 0x0007
 297 0272 4FF02107 		mov r7, # 0x0021
 298 0276 00F046F8 		bl lcdchushihua2
 299              	
 300 027a 4FF00704 		mov r4, # 0x0007
 301 027e 4FF02307 		mov r7, # 0x0023
 302 0282 00F040F8 		bl lcdchushihua2
 303              	
 304 0286 4FF00704 		mov r4, # 0x0007
 305 028a 4FF03307 		mov r7, # 0x0033
 306 028e 00F03AF8 		bl lcdchushihua2
 307              	
 308 0292 4FF00704 		mov r4, # 0x0007
 309 0296 40F23317 		movw r7, # 0x0133
 310 029a 00F034F8 		bl lcdchushihua2
 311              	
 312 029e 4FF0F008 		mov r8, # 240
 313              	
 314 02a2 40F24019 		movw r9, # 320
 315              	
 316 02a6 DFF844B1 		ldr r11, = yjm
 317              	
 318 02aa BBF800A0 		ldrh r10, [r11]
 319              	
 320              	
 321              			
 322              	main:
 323              	
 324              	
 325              		
 326              	
 327              	lcdlielie:	
 328 02ae B8F10108 		subs r8, 1
 329 02b2 BBF800A0 		ldrh r10, [r11]
 330 02b6 40F00B80 		bne lcdhanghang
 331 02ba 4FF0F008 		mov r8, # 240
 332 02be 1BF1020B 		adds r11, 2
 333 02c2 4FF60000 		movw r0, # 0xf800
 334 02c6 8245     		cmp r10, r0
 335 02c8 7FF4F1AF 		bne lcdlielie
 336 02cc DFF81CB1 		ldr r11, = yjm
 337              		
 338              	
 339              	lcdhanghang:
 340 02d0 B9F10109 		subs r9, 1
ARM GAS  led-stm32.s 			page 7


 341 02d4 40F00480 		bne lcdshuaping
 342 02d8 40F24019 		movw r9, # 320
 343 02dc FFF7E7BF 		b main
 344              	
 345              	lcdshuaping:
 346 02e0 4FF02004 		mov r4, # 0x0020
 347 02e4 4746     		mov r7, r8
 348 02e6 00F00EF8 		bl lcdchushihua2
 349              	
 350 02ea 4FF02104 		mov r4, # 0x0021
 351 02ee 4F46     		mov r7, r9
 352 02f0 00F009F8 		bl lcdchushihua2
 353              	
 354 02f4 4FF02204 		mov r4, # 0x0022
 355 02f8 5746     		mov r7, r10
 356 02fa 00F004F8 		bl lcdchushihua2
 357 02fe FFF7E7BF 		b lcdhanghang
 358              	
 359              	
 360 0302 FFF7D4BF 		b main
 361              	
 362              	lcdchushihua2:
 363              	
 364 0306 2DE9F04F 		push {r4-r11, lr}
 365 030a 3148     		ldr r0, = 0x4001100C
 366 030c 4FF49861 		mov r1, # 0x4c0
 367 0310 0160     		str r1, [r0]
 368              		
 369 0312 3448     		ldr r0, = 0x40010C0C
 370 0314 0460     		str r4, [r0]
 371              	
 372 0316 2E48     		ldr r0, = 0x4001100C
 373 0318 4FF48861 		mov r1, # 0x440
 374 031c 0160     		str r1, [r0]
 375              	
 376 031e 2C48     		ldr r0, = 0x4001100C
 377 0320 4FF4F861 		mov r1, # 0x7c0
 378 0324 0160     		str r1, [r0]
 379              	
 380 0326 2A48     		ldr r0, = 0x4001100C
 381 0328 4FF4B861 		mov r1, # 0x5c0
 382 032c 0160     		str r1, [r0]
 383              	
 384 032e 2D48     		ldr r0, = 0x40010C0C
 385 0330 0760     		str r7, [r0]
 386              	
 387 0332 2748     		ldr r0, = 0x4001100C
 388 0334 4FF4A861 		mov r1, # 0x540
 389 0338 0160     		str r1, [r0]
 390              	
 391 033a 2548     		ldr r0, = 0x4001100C
 392 033c 4FF4F861 		mov r1, # 0x7c0
 393 0340 0160     		str r1, [r0]
 394 0342 BDE8F08F 		pop {r4-r11, pc}
 395              				
 396              		
 397              	ledcctv:                 
ARM GAS  led-stm32.s 			page 8


 398 0346 2DE9F04F 		push {r4-r11, lr}
 399 034a 3360     		str r3, [r6]
 400 034c 00F005F8 		bl yanshi
 401 0350 3260     		str r2, [r6]
 402 0352 00F002F8 		bl yanshi
 403 0356 BDE8F08F 		pop {r4-r11, pc}
 404              	
 405              	yanshi:	
 406 035a 322D     		cmp r5, #50
 407 035c 7FF4FDAF 		bne yanshi
 408 0360 4FF00005 		mov r5, #0
 409 0364 7047     		bx lr
 410              	
 411              		
 412              			
 413              	
 414              	
 415              	_nmi_handler:
 416 0366 7047     		bx lr
 417              	_hard_fault:
 418 0368 7047     		bx lr
 419              	_memory_fault:
 420 036a 7047     		bx lr
 421              	_bus_fault:
 422 036c 7047     		bx lr
 423              	_usage_fault:
 424 036e 7047     		bx lr
 425              	_dingshiqi:
 426 0370 0135     		adds r5, 1	
 427 0372 7047     		bx lr
 428              	         
 429 0374 00100240 	
 429      834D0100 
 429      834D0300 
 429      00200240 
 429      04100240 
ARM GAS  led-stm32.s 			page 9


DEFINED SYMBOLS
         led-stm32.s:7      .data:00000000 yjm
         led-stm32.s:9      *ABS*:20005000 STACKINIT
         led-stm32.s:10     *ABS*:40011400 gpioddi
         led-stm32.s:11     *ABS*:4001140c gpiododr
         led-stm32.s:12     *ABS*:40021018 RCC_APB2ENR
         led-stm32.s:13     *ABS*:e000e010 syskz
         led-stm32.s:14     *ABS*:e000e014 syscz
         led-stm32.s:15     *ABS*:e000e018 syssz
         led-stm32.s:16     *ABS*:40021000 rcckz
         led-stm32.s:17     *ABS*:40021004 rccpz
         led-stm32.s:18     *ABS*:40022000 flashacr
         led-stm32.s:19     *ABS*:00013880 lcdyanshi
         led-stm32.s:20     *ABS*:20000100 lcdid
         led-stm32.s:25     .text:00000000 vectors_table
         led-stm32.s:26     .text:00000000 vectors
         led-stm32.s:43     .text:00000040 _start
         led-stm32.s:415    .text:00000366 _nmi_handler
         led-stm32.s:417    .text:00000368 _hard_fault
         led-stm32.s:419    .text:0000036a _memory_fault
         led-stm32.s:421    .text:0000036c _bus_fault
         led-stm32.s:423    .text:0000036e _usage_fault
         led-stm32.s:425    .text:00000370 _dingshiqi
                            .text:00000000 $d
         led-stm32.s:45     .text:00000040 $t
         led-stm32.s:48     .text:00000044 shizhong
         led-stm32.s:52     .text:0000004a gsszbz
         led-stm32.s:70     .text:00000068 chaxun
         led-stm32.s:82     .text:00000078 systick
         led-stm32.s:99     .text:00000090 ledled
         led-stm32.s:112    .text:000000a8 lcdchushihua1
         led-stm32.s:362    .text:00000306 lcdchushihua2
         led-stm32.s:405    .text:0000035a yanshi
         led-stm32.s:322    .text:000002ae main
         led-stm32.s:327    .text:000002ae lcdlielie
         led-stm32.s:339    .text:000002d0 lcdhanghang
         led-stm32.s:345    .text:000002e0 lcdshuaping
         led-stm32.s:397    .text:00000346 ledcctv
         led-stm32.s:429    .text:00000374 $d

NO UNDEFINED SYMBOLS
