ARM GAS  led-stm32.s 			page 1


   1 0000 C046     		mov r8, r8
   2 0002 C046     		mov r8, r8
   3 0004 C046     		mov r8, r8
   4 0006 C046     		mov r8, r8
   5 0008 00F000F8 		bl dd1 @@2704
   6              	dd1:
   7 000c 00F004F8 		bl dd2  @@ 2798
   8 0010 0028     		cmp r0, # 0
   9 0012 FFD0     		beq dd3
  10              	dd3:
  11 0014 00F002F8 		bl dd5 @@2624
  12              	dd2:
  13 0018 0120     		mov r0, # 1
  14 001a 7047     		bx lr
  15              	dd5:
  16 001c 10B5     		push {r4, lr}
  17 001e 7C21     		ldr r1, = 0x7c
  18 0020 7944     		add r1, pc
  19 0022 1C31     		add r1, # 28
  20 0024 9C21     		ldr r1, = 0x9c
  21 0026 7C44     		add r4, pc
  22 0028 1A34     		add r4, # 26
  23 002a A142     		cmp r1, r4
  24 002c 05D0     		beq dd6 @@2644
  25              	da1:	
  26 002e 081D     		add r0, r1, # 4
  27 0030 0A68     		ldr r2, [r1]
  28 0032 5118     		add r1, r2, r1
  29 0034 8847     		blx r1 @@ 26b2 @@ cc1 @ 25c8
  30              		@@ 263e
  31 0036 211C     		mov r1, r4
  32 0038 F9D1     		bne da1 @@ 2636
  33              	dd6:
  34 003a 10BD     		pop {r4, pc}
  35              	dd9:
  36 003c 4168     		ldr r1, [r0, # 0x04]
  37 003e CB07     		lsl r3, r1, # 31
  38 0040 44BF0000 		.word 0xbf44
  39 0044 A9F10000 		.word 0xf1a9
  40 0048 01030000 		.word 0x0301
  41 004c 59180000 		.word 0x1859
  42              		
  43              	dd8:
  44 0050 0023     		mov r3, # 0
  45              		
  46              	dd7:
  47 0052 4B60     		str r3, [r1, # 0x04]
  48 0054 043A     		sub r2, r2, # 4
  49 0056 FBD1     		bne dd8@@ 26b0
  50 0058 4268     		ldr r2, [r0, # 0x04]
  51 005a 002A     		cmp r2, # 0
  52 005c EED1     		bne dd9 @@26a2
  53 005e 7047     		bx lr
  54              		
  55              	cc1:
  56 0060 10B4     		push {r4}
  57 0062 FFE7     		b cc2 @ 25ec
ARM GAS  led-stm32.s 			page 2


  58              	cc2:
  59 0064 4368     		ldr r3, [r0, # 0x04]
  60 0066 002B     		cmp r3, # 0
  61 0068 FFD1     		bne cc3 @ 25cc
  62              	cc3:
  63 006a 0168     		ldr r1, [r0]
  64 006c 0918     		add r1, r1, r0
  65 006e 0430     		add r0, r0, # 4
  66 0070 4268     		ldr r2, [r0, # 0x04]
  67 0072 D407     		lsl r4, r2, # 31
  68 0074 44BF0000 		.word 0xbf44
  69 0078 A9F10000 		.word 0xf1a9
  70 007c 01040000 		.word 0x0401
  71 0080 A2180000 		.word 0x18a2
  72              	cc5:
  73 0084 4C68     		ldr r4, [r1, # 0x04]
  74 0086 5460     		str r4, [r2, # 0x04]
  75 0088 043B     		sub r3, r3, #4
  76 008a FBD1     		bne cc5
  77 008c 10BC     		pop {r4}
  78 008e 7047     		bx lr @ 263e
ARM GAS  led-stm32.s 			page 3


DEFINED SYMBOLS
         led-stm32.s:1      .text:00000000 $t
         led-stm32.s:6      .text:0000000c dd1
         led-stm32.s:12     .text:00000018 dd2
         led-stm32.s:10     .text:00000014 dd3
         led-stm32.s:15     .text:0000001c dd5
         led-stm32.s:33     .text:0000003a dd6
         led-stm32.s:25     .text:0000002e da1
         led-stm32.s:35     .text:0000003c dd9
         led-stm32.s:38     .text:00000040 $d
         led-stm32.s:43     .text:00000050 dd8
         led-stm32.s:44     .text:00000050 $t
         led-stm32.s:46     .text:00000052 dd7
         led-stm32.s:55     .text:00000060 cc1
         led-stm32.s:58     .text:00000064 cc2
         led-stm32.s:62     .text:0000006a cc3
         led-stm32.s:68     .text:00000074 $d
         led-stm32.s:72     .text:00000084 cc5
         led-stm32.s:73     .text:00000084 $t

NO UNDEFINED SYMBOLS
