ARM GAS  1.s 			page 1


   1              		 .thumb                 
   2              	         .syntax unified
   3              	.section .data
   4              		.align 4
   5              		
   6 0000 88BEC494 	shumaguanmabiao: .byte 0x88,0xbe,0xc4,0x94,0xb2,0x91,0x81,0xbc,0x80,0x90
   6      B29181BC 
   6      8090
   7 000a 00FF45BA 	hongwaimabiao: .int 0xba45ff00,0xb946ff00,0xb847ff00,0xbb44ff00,0xbf40ff00,0xbc43ff00,0xf807ff00,0x
   7      00FF46B9 
   7      00FF47B8 
   7      00FF44BB 
   7      00FF40BF 
   8 005a 80010204 	shuaxinbiao: .byte 0x80,0x01,0x02,0x04,0x08,0x10,0x20,0x40,0x00
   8      08102040 
   8      00
   9 0063 87020000 	caidian: .word zhucaidan +1,dd1 +1,dd2 +1,dd3 +1,dd4 +1,dd5 +1,dd6 +1,dd7 +1,dd8 +1,dd9 +1,dd10 +1,
   9      F1030000 
   9      E7020000 
   9      ED020000 
   9      07030000 
  10              		
  11 00db 00201D20 	yuefenbiao: .byte 0x00,0x20,0x1d,0x20,0x1f,0x20,0x1f,0x20,0x1f,0x20,0x1f,0x20,0x1f,0x20
  11      1F201F20 
  11      1F201F20 
  11      1F20
  12              	        	.equ STACKINIT,          0x20005000
  13              			.equ systickbiaozhi,     0x20000300
  14              	.section .text
  15              	xiangliangbiao:
  16 0000 00500020 		.word STACKINIT
  17 0004 0D010000 		.word _start + 1
  18 0008 21050000 		.word _nmi_handler + 1
  19 000c 23050000 		.word _hard_fault  + 1
  20 0010 25050000 		.word _memory_fault + 1
  21 0014 27050000 		.word _bus_fault + 1
  22 0018 29050000 		.word _usage_fault + 1
  23 001c 00000000 		.word 0
  24 0020 00000000 		.word 0
  25 0024 00000000 		.word 0
  26 0028 00000000 		.word 0
  27 002c 00000000 		.word 0
  28 0030 00000000 		.word 0
  29 0034 00000000 		.word 0
  30 0038 00000000 		.word 0
  31 003c 2B050000 		.word systickdingshiqi +1
  32 0040 00000000 		.word	0 @WWDG  	0
  33 0044 00000000 		.word	0 @PVD  	1
  34 0048 00000000 		.word	0 @TAMPER	2
  35 004c 00000000 		.word	0 @RTC		3
  36 0050 00000000 		.word	0 @FLASH	4
  37 0054 00000000 		.word	0 @RCC		5
  38 0058 00000000 		.word	0 @EXTI0	6
  39 005c 00000000 		.word	0 @EXTI1	7
  40 0060 00000000 		.word	0 @EXTI2	8
  41 0064 00000000 		.word	0 @EXTI3	9
  42 0068 00000000 		.word	0 @EXTI4	10
ARM GAS  1.s 			page 2


  43 006c 00000000 		.word	0 @DMA11	11
  44 0070 00000000 		.word	0 @DMA12	12
  45 0074 00000000 		.word	0 @DMA13	13
  46 0078 00000000 		.word	0 @DMA14	14
  47 007c 00000000 		.word	0 @DMA15	15
  48 0080 00000000 		.word	0 @DMA16	16
  49 0084 00000000 		.word	0 @DMA17	17
  50 0088 00000000 		.word	0 @ADC1_2 	18
  51 008c 00000000 		.word	0 @USB_HP_CAN1_TX 19
  52 0090 00000000 		.word	0 @USB_LP_CAN1_RX0 20
  53 0094 00000000 		.word	0 @CAN1_RX1	21
  54 0098 00000000 		.word	0 @CAN1_SCE	22
  55 009c 00000000 		.word	0 @EXTI9_5	23
  56 00a0 00000000 		.word	0 @TIM1_BRK	24
  57 00a4 00000000 		.word	0 @TIM1_UP	25
  58 00a8 00000000 		.word	0 @TIM1_TRG_COM	26
  59 00ac 00000000 		.word	0 @TIM1_CC	27
  60 00b0 05060000 		.word	tim2dingshiqi +1  @TIM2 28
  61 00b4 00000000 		.word	0 @TIM3		29
  62 00b8 00000000 		.word	0 @TIM4		30
  63 00bc 00000000 		.word	0 @I2C1_EV	31
  64 00c0 00000000 		.word	0 @I2C1_ER	32
  65 00c4 00000000 		.word	0 @I2C2_EV	33
  66 00c8 00000000 		.word	0 @I2C2_ER	34
  67 00cc 00000000 		.word	0 @SPI1		35
  68 00d0 00000000 		.word	0 @SPI2		36
  69 00d4 00000000 		.word	0 @USART1	37
  70 00d8 00000000 		.word	0 @USART2	38
  71 00dc 00000000 		.word	0 @USART3	39
  72 00e0 00000000 		.word	0 @EXTI15_10	40
  73 00e4 00000000 		.word	0 @RTCAlarm_IRQ	41
  74 00e8 00000000 		.word	0 @USBWakeUp	42
  75 00ec 00000000 		.word	0	
  76 00f0 00000000 		.word	0	
  77 00f4 00000000 		.word	0
  78 00f8 00000000 		.word	0
  79 00fc 00000000 		.word	0
  80 0100 00000000 		.word	0
  81 0104 00000000 		.word	0
  82 0108 00000000 		.word	0 @BootRAM   
  83              	_start:
  84 010c DFF84805 		ldr r0, = 0x40010004
  85 0110 4FF00071 		ldr r1, = 0x02000000
  86 0114 0160     		str r1, [r0]
  87              	
  88 0116 4160     		str r1, [r0, # 0x04]
  89 0118 DFF84005 		ldr r0, = 0x40021000
  90 011c DFF84015 		ldr r1, = 0x14D83
  91 0120 0160     		str r1, [r0]
  92              	gsszbz: 
  93 0122 0268     		ldr r2, [r0]
  94 0124 4FF40031 		ldr r1, = 0x20000
  95 0128 1142     		tst r1, r2           @HSE高速时钟标志位           
  96 012a 00D1     		bne rccchushihua
  97 012c F9E7     		b gsszbz
  98              	rccchushihua: 
  99 012e DFF83405 		ldr r0, = 0x40022000
ARM GAS  1.s 			page 3


 100 0132 4FF03201 		mov r1, # 0x00000032
 101 0136 0160     		str r1, [r0]           @FLASH缓冲 缓冲开启 
 102 0138 DFF82C05 		ldr r0, = 0x40021004
 103 013c DFF82C15 		ldr r1, = 0x1D8400
 104 0140 0160     		str r1, [r0]
 105 0142 DFF81805 		ldr r0, = 0x40021000
 106 0146 DFF82815 		ldr r1, = 0x1033D03
 107 014a 0160     		str r1, [r0]
 108              	chaxun:
 109 014c 0268     		ldr r2, [r0]
 110 014e 4FF00071 		ldr r1, = 0x2000000
 111 0152 1142     		tst r1, r2
 112 0154 00D1     		bne rccgg               @等待PLL稳定
 113 0156 F9E7     		b chaxun
 114              	rccgg:
 115 0158 DFF80C05 		ldr r0, = 0x40021004
 116 015c DFF81415 		ldr r1, = 0x1D8402
 117 0160 0160     		str r1, [r0]            @ PLL作为系统时钟
 118              	
 119 0162 DFF8F404 		ldr r0, = 0x40010004
 120 0166 4FF00071 		ldr r1, = 0x02000000
 121 016a 0160     		str r1, [r0]
 122              	
 123              	neicunqingling:                  @ 无聊把内存清0
 124 016c 4FF00050 		ldr r0, = 0x20000000
 125 0170 44F6FF72 		ldr r2, = 0x4fff         @ 区域是0X4FFF大的地方
 126 0174 4FF00001 		mov r1, # 0              @ 写0
 127              	qingling_xunhuan:                
 128 0178 40F8041B 		str r1, [r0], 4         
 129 017c 013A     		subs r2, # 1
 130 017e FBD1     		bne qingling_xunhuan     @ 循环清0
 131              	
 132              	chushihuayixieshuju:	 @初始化一些数据
 133 0180 DFF8F404 		ldr r0, = 0x200004fc
 134 0184 DFF8F414 		ldr r1, = 0x2200a000
 135 0188 0160     		str r1, [r0]
 136 018a DFF8F404 		ldr r0, = 0x2000001c
 137 018e 6FF07F41 		ldr r1, = 0xffffff
 138 0192 0160     		str r1, [r0]
 139 0194 DFF8EC54 		ldr r5, = 0x20000024 @ 22000480
 140 0198 DFF8EC14 		ldr r1, = 0x00110001
 141 019c 4FF00112 		ldr r2, = 0x00010001
 142 01a0 DFF8E834 		ldr r3, = 0x00010101
 143 01a4 2960     		str r1, [r5]
 144 01a6 6A60     		str r2, [r5, # 4]
 145 01a8 AB60     		str r3, [r5, # 8]
 146              	
 147              	
 148              		@ dma
 149 01aa DFF8E404 		ldr r0, = 0x20000600
 150 01ae 4FF4FA71 		ldr r1, = 500
 151 01b2 0160     		str r1, [r0]
 152              		
 153              	systick:
 154              		@0xe000e010 SYSTICK控制状态寄存器
 155              		@0=定时器使能
 156              		@1=（1倒数到0发出异常请，0无动作）
ARM GAS  1.s 			page 4


 157              		@2=（0外部始终1内核时钟）
 158              		@16= 如果赏赐读取本寄存器后SYSTICK已经数到0则该位为1如果读取该位则清0
 159              		@0xe000e014 重载值寄存器 数到0将要被重载的值
 160              		@0xe000e018 当前值，写清0
 161              		@0e000e01c
 162              		@0-23 10MS的时间内倒计数的格数
 163              		@ 30=(1教准不是准确的10MS)（0教准是准确的10MS）
 164 01b4 DFF8DC04 		ldr r0, = 0xe000e010
 165 01b8 4FF00001 		mov r1, # 0               
 166 01bc 0160     		str r1, [r0]            @ 关掉SYSTICK
 167 01be 42F22831 		ldr r1, = 9000      @ 重载数
 168 01c2 4160     		str r1, [r0, # 4]       @ 写进重载数
 169 01c4 8160     		str r1, [r0, # 8]       @ 清0当前数          
 170 01c6 DFF8D034 		ldr r3, = 0xe000ed23  @systick优先级
 171 01ca 4FF0F001 		mov r1, # 240
 172 01ce 1960     		str r1, [r3]
 173 01d0 4FF00301 		mov r1, # 3
 174 01d4 0160     		str r1, [r0] @ 开定时器
 175              		
 176              	waisheshizhong:
 177              		@AHBENR=0x40021014
 178              		@0=DMA1,1=DMA2,2=SRAMEN,4=FLITFEN,6=CRCEN,8=FSMCEN,10=SDIOEN
 179 01d6 DFF8C404 		ldr r0, = 0x40021014
 180 01da 4FF01501 		mov r1, # 0x15
 181 01de 0160     		str r1, [r0]
 182              		
 183              		@APB2_ENR=0X40021018 0(AFIO)1(保留)2(PA)3(PB)4(PC)5(PD)6(PE)78(保留)
 184              		@9(ADC1)10(ADC2)11(TIM1)12(SPI1)13(保留)14（USART1）15(保留)
 185 01e0 DFF8BC04 		        ldr r0, = 0x40021018 @ APB2_ENR
 186 01e4 40F63C01 		        ldr r1, = 0x83c
 187 01e8 0160     		        str r1, [r0]
 188              		@APB1_ENR=0X4002101C
 189              		@0=TIM2,1=TIM3,2=TIM4,3=TIM5,4=TIM6,5=TIM7,11=WWDG
 190              		@14=SP12,15=SP13,17=UART3,19=UART4,20=UART5
 191              		@21=I2C,22=I2C2,23=USB,25=CAN,27=BKPT,28=PWR,29=DACEN
 192 01ea DFF8B804 			ldr r0, = 0X4002101C @ APB1_ENR
 193 01ee 3F21     			ldr r1, = 0x3f
 194 01f0 0160     			str r1, [r0]
 195              		
 196              	zhongduankongzhi:
 197              		@SETENA0=0XE000E100,SETENA1=0XE000E104 @中断使能
 198              		@CLRENA0=0XE000E180,CLRENA1=0XE000E184 @中断除能
 199              		@SETPEND0=0XE000E200,SETPPEND1=0XE000E204 @中断悬起
 200              		@CLRPEND0=0XE000E280,CLRPEND1=0XE000E284  @中断解悬
 201              		@ACTIVE0=0XE000E300,ACTIVE1=0XE000E304   @ 中断活动状态
 202              		@0XE000E400-0XE000E43C 中断优先级阵列每个占8位
 203              		@0XE000ED00=CPUID，0XE000ED04=中断控制及状态寄存器
 204              		@0xe000ed08=向量表偏移，0xe000ed0c=应用程序中断及复位
 205              		@0xe000ed10=系统控制，0XE000ED14=配置与控制
 206              		@0xe000ed18-0xe000ed23=系统异常优先级阵列
 207 01f2 DFF8B404 		ldr r0, = 0xe000ed0c
 208 01f6 DFF8B414 		ldr r1, = 0x5fa0500
 209 01fa 0160     		str r1, [r0]
 210 01fc DFF8B004 		ldr r0, = 0xe000e400
 211 0200 4FF0C001 		mov r1, # 0xc0
 212 0204 C161     		str r1, [r0, # 28]
 213 0206 DFF8AC04 		ldr r0, = 0xe000e100 @ 中断使能
ARM GAS  1.s 			page 5


 214 020a 4FF08051 		ldr r1, = 0x10000000
 215 020e 0160     		str r1, [r0]
 216              	
 217              	
 218              	dmachushihua:
 219              	DMA1= 0x40020000
 220              		@+0=LSR,+4=IFCR,
 221              		@+8=CCR1,+c=CNDTR1,+10=CPAR1+14=CMAR1,
 222              		@+1c=CCR2,+20=CNDTR2,+24=CPAR2,+28=CMAR2
 223              		@+30=CCR3,+34=CNDTR3,+38=CPAR2,+3c=CMAR3
 224              		@+44=CCR4,+48=CNDTR4,+4c=CPAR4,+50=CMAR4
 225              		@+58=CCR5,+5c=CNDTR5,+60=CPAR5,+64=CMAR5
 226              		@+6C=CCR6,+70=CNDTR6,+74=CPAR6,+78=CMAR6
 227              		@+80=CCR7,+84=CNDTR7,+88=CPAR7,+8c=CMAR7
 228 0210 DFF8A404 		ldr r0, = 0x40020000
 229 0214 DFF8A414 		ldr r1, = 0x40000834
 230 0218 0161     		str r1, [r0, # 0x10]
 231 021a DFF87414 		ldr r1, = 0x20000600
 232 021e 4161     		str r1, [r0, # 0x14]
 233 0220 8F21     		ldr r1, = 0x8f
 234 0222 C160     		str r1, [r0, # 0x0c]
 235 0224 42F63121 		ldr r1, = 0x2a31
 236 0228 8160     		str r1, [r0, # 0x8]
 237              		
 238              		
 239              	timdingshiqi:
 240              	
 241              		
 242              		@tim1=0x40012c00
 243              		@+0=CR1 控制寄存器
 244              		@+4=CR2 控制寄存器2
 245              		@+8=SMCR 从模式控制寄存器
 246              		@+c=DIER 中断使能寄存器
 247              		@+10=SR 状态寄存器
 248              		@+14=EGR 事件产生寄存器
 249              		@+18=CCMR1 捕获/比较模式寄存器1
 250              		@+1C=CCMR2 捕获/比较模式寄存器2
 251              		@+20=CCER 捕获/比较使能寄存器
 252              		@+24=CNT 计数器
 253              		@+28=PSC 预分频器
 254              		@+2C=ARR 重载寄存器
 255              		@+30=RCR 重复计数寄存器
 256              		@+34=CCR1 捕获/比较寄存器1
 257              		@+38=CCR2 捕获/比较寄存器2
 258              		@+3C=CCR3 捕获/比较寄存器3
 259              		@+40=CCR4 捕获/比较寄存器4
 260              		@+44=BDTR 刹车/死区寄存器
 261              		@+48=DCR DMA控制器
 262              		@+4C=DMAR 连续模式的DMA地址
 263              		@TIM2=0x40000000
 264              	@18=CCMR1,18=OCMR1,1C=CCMR2,1C=OCMR2
 265              	@CNT与CCR比较占空，ARR与PSC决定频率。主频除以PSC=计数频率
 266 022a 4FF08040 		ldr r0, = 0x40000000 @ tim2
 267 022e 4FF43471 		ldr r1, = 720
 268 0232 8162     		str r1, [r0, # 0x28] @ 分频
 269 0234 6FF07F41 		ldr r1, = 0xffffff
 270 0238 C162     		str r1, [r0, # 0x2c] @ 重载
ARM GAS  1.s 			page 6


 271 023a 4FF00201 		mov r1, # 2
 272 023e C160     		str r1, [r0, # 0x0c] @开中断
 273 0240 4FF0F101 		mov r1, # 0xf1
 274 0244 8161     		str r1, [r0, # 0x18] @ 捕获/比较模式
 275 0246 4FF00301 		mov r1, # 3
 276 024a 0162     		str r1, [r0, # 0x20] @ 下降沿捕获
 277 024c 8121     		ldr r1, = 0x81
 278 024e 0160     		str r1, [r0]
 279              	
 280              	tim1dingshiqi:
 281 0250 DFF86C04 		ldr r0, = 0x40000800 @ TIM
 282 0254 4821     		ldr r1, = 72
 283 0256 8162     		str r1, [r0, # 0x28] @ PSC
 284 0258 4FF47A71 		ldr r1, =   1000
 285 025c C162     		str r1, [r0, # 0x2c] @ ARR
 286 025e 7821     		ldr r1, = 0x78
 287 0260 8161     		str r1, [r0, # 0x18] @ CCMR
 288 0262 0121     	        ldr r1, = 0x01
 289 0264 0162     	        str r1, [r0, # 0x20]
 290 0266 4FF40071 		ldr r1, = 0x200
 291 026a C160     		str r1, [r0, # 0x0c]
 292 026c 8121     		ldr r1, = 0x81
 293 026e 0160     		str r1, [r0]         @ cr1
 294              		
 295              	IOshezhi:
 296              		
 297 0270 DFF85004 		ldr r0, = 0x40010c00
 298              		@PA=0x40010800 PB=0x40010c00 PC=0x40011000 
 299              		@PD=0x40011400 PE=0x40011800 PF=0x40011c00 
 300              		@ IO 1(通用推挽10M)2(通用推挽2M)3(通用推挽50M)
 301              		@4(浮空输入)5(通用开漏输出10M)6(通用开漏输出2M)
 302              		@7(通用开漏输出50M)8(上拉下拉输入)9(复用功能推挽输出10M)
 303              		@A(复用功能推挽输出2M)B(复用功能推挽输出50M)C(保留)
 304              		@D(复用功能开溜输出10M)E(复用功能开漏输出2M)F(复用功能开漏输出50M)
 305              		@ 偏移0X8=IDR 输入数据寄存器
 306              		@偏移0XC=ODR 输出数据寄存器
 307              		@偏移0X10=BSRR IO开
 308              		@偏移0X14=BRR  IO关
 309 0274 4FF03331 		ldr r1, = 0x33333333
 310 0278 4160     		str r1, [r0, # 0x04]
 311 027a 4FF0BB31 		ldr r1, = 0xbbbbbbbb
 312 027e 0160     		str r1, [r0]
 313 0280 4FF6FF71 		ldr r1, = 0xffff
 314 0284 C160     		str r1, [r0, # 0x0c]
 315              	
 316              		
 317              		
 318              	zhucaidan:
 319              		
 320 0286 DFF80C04 		ldr r0, = 0xe000e010
 321 028a 4FF00001 		mov r1, # 0
 322 028e 0160     		str r1, [r0]
 323 0290 00F04BF9 		bl systickdingshiqi
 324              		
 325 0294 00F01AF9 		bl anjian
 326 0298 DFF82C04 		ldr r0, = 0x20000014
 327 029c 00F0CCF8 		bl zhuan_shijinzhi
ARM GAS  1.s 			page 7


 328 02a0 5CF8040C 		ldr r0, [r12, # -4]
 329 02a4 4FF00801 		mov r1, # 8
 330 02a8 DFF82024 		ldr r2, = 0x20000100
 331 02ac 00F0E1F8 		bl zhuan_ascii
 332 02b0 DFF81C04 		ldr r0, = 0x20000018
 333 02b4 00F0C0F8 		bl zhuan_shijinzhi
 334 02b8 5CF8040C 		ldr r0, [r12, # -4]
 335 02bc 4FF00801 		mov r1, # 8
 336 02c0 DFF81024 		ldr r2, = 0x20000110
 337 02c4 00F0D5F8 		bl zhuan_ascii
 338              		
 339 02c8 4FF00800 		mov r0, # 8
 340 02cc 00F010F9 		bl xieshumaguan
 341              		
 342 02d0 DFF80434 		ldr r3, = 0x200004f8
 343 02d4 1868     		ldr r0, [r3]
 344 02d6 DFF80414 		ldr r1, = caidian
 345 02da D1F800E0 		ldr lr, [r1]
 346 02de 4FEA8000 		lsl r0, # 2
 347 02e2 0A58     		ldr r2, [r1, r0]
 348 02e4 9746     		mov pc, r2
 349              	dd2:
 350 02e6 40F2011B 		ldr r11, = 0x101
 351 02ea 7047     		bx lr
 352              	dd3:
 353 02ec 2DE9FF47 		push {r0-r10,lr}
 354 02f0 FB4B     		ldr r3, = 0x20000020
 355 02f2 1B68     		ldr r3, [r3]
 356 02f4 F448     		ldr r0, = 0x20000014
 357 02f6 C15C     		ldrb r1, [r0, r3]
 358 02f8 01F10101 		add r1, # 1
 359 02fc C154     		strb r1, [r0, r3]
 360              		
 361 02fe 00F0DDF8 		bl qingchuanjian
 362              		
 363 0302 BDE8FF87 		pop {r0-r10,pc}
 364              	dd4:
 365 0306 2DE9FF47 		push {r0-r10,lr}
 366 030a F54D     		ldr r5, = 0x20000020
 367 030c 2C68     		ldr r4, [r5]
 368 030e 04F10104 		add r4, # 1
 369 0312 082C     		cmp r4, # 8
 370 0314 08BF     		it eq
 371 0316 0024     		moveq r4, # 0
 372 0318 2C60     		str r4, [r5]
 373 031a 00F0CFF8 		bl qingchuanjian
 374 031e 40F2031B 		ldr r11, = 0x103
 375 0322 BDE8FF87 		pop {r0-r10,pc}
 376              		
 377              	dd5:
 378 0326 4FF4827B 		ldr r11, = 0x104
 379 032a 7047     		bx lr
 380              	dd6:
 381 032c 40F2051B 		ldr r11, = 0x105
 382 0330 7047     		bx lr
 383              	dd7:
 384 0332 4FF4837B 		ldr r11, = 0x106
ARM GAS  1.s 			page 8


 385 0336 7047     		bx lr
 386              	dd8:
 387 0338 40F2071B 		ldr r11, = 0x107
 388 033c 7047     		bx lr
 389              	dd9:
 390 033e 4FF4847B 		ldr r11, = 0x108
 391 0342 7047     		bx lr
 392              	dd10:
 393 0344 40F2091B 		ldr r11, = 0x109
 394 0348 7047     		bx lr
 395              	dd11:
 396 034a 4FF4887B 		ldr r11, = 0x110
 397 034e 7047     		bx lr
 398              	dd12:
 399 0350 40F2111B 		ldr r11, = 0x111
 400 0354 7047     		bx lr
 401              	dd13:
 402 0356 4FF4897B 		ldr r11, = 0x112
 403 035a 7047     		bx lr
 404              	dd14:
 405 035c 40F2131B 		ldr r11, = 0x113
 406 0360 7047     		bx lr
 407              	dd15:
 408 0362 4FF48A7B 		ldr r11, = 0x114
 409 0366 7047     		bx lr
 410              	dd16:
 411 0368 40F2151B 		ldr r11, = 0x115
 412 036c 7047     		bx lr
 413              	dd17:
 414 036e 4FF48B7B 		ldr r11, = 0x116
 415 0372 7047     		bx lr
 416              	dd18:
 417 0374 40F2171B 		ldr r11, = 0x117
 418 0378 7047     		bx lr
 419              	dd19:
 420 037a 3FB5     		push {r0-r5,lr}
 421 037c D94A     		ldr r2, = 0x4000082c
 422 037e 1268     		ldr r2, [r2]
 423 0380 C348     		ldr r0, = 0x20000600
 424 0382 0168     		ldr r1, [r0]
 425 0384 01F10A01 		add r1, r1, # 10
 426 0388 9142     		cmp r1, r2 
 427 038a 88BF     		it hi
 428 038c 1146     		movhi r1, r2
 429 038e 0160     		str r1, [r0]
 430 0390 4FF48C7B 		ldr r11, = 0x118
 431 0394 00F092F8 		bl qingchuanjian
 432 0398 3FBD     		pop {r0-r5,pc}
 433              	dd20:
 434 039a 40F2191B 		ldr r11, = 0x119
 435 039e 7047     		bx lr
 436              	dd21:
 437 03a0 3FB5     		push {r0-r5,lr}
 438 03a2 D04A     		ldr r2, = 0x4000082c
 439 03a4 1268     		ldr r2, [r2]
 440 03a6 BA48     		ldr r0, = 0x20000600
 441 03a8 0168     		ldr r1, [r0]
ARM GAS  1.s 			page 9


 442 03aa A1F10A01 		sub r1, r1, # 10
 443 03ae 9142     		cmp r1, r2
 444 03b0 88BF     		it hi
 445 03b2 0021     		movhi r1, # 0
 446 03b4 0160     		str r1, [r0]
 447 03b6 4FF4907B 		ldr r11, = 0x120
 448 03ba 00F07FF8 		bl qingchuanjian
 449 03be 3FBD     		pop {r0-r5,pc}
 450              	dd22:
 451 03c0 40F2211B 		ldr r11, = 0x121
 452 03c4 7047     		bx lr
 453              	dd23:
 454 03c6 4FF4917B 		ldr r11, = 0x122
 455 03ca 7047     		bx lr
 456              	dd24:
 457 03cc 40F2231B 		ldr r11, = 0x123
 458 03d0 7047     		bx lr
 459              	dd25:
 460 03d2 4FF4927B 		ldr r11, = 0x124
 461 03d6 7047     		bx lr
 462              	dd26:
 463 03d8 40F2251B 		ldr r11, = 0x125
 464 03dc 7047     		bx lr
 465              	dd27:
 466 03de 4FF4937B 		ldr r11, = 0x126
 467 03e2 7047     		bx lr
 468              	dd28:
 469 03e4 40F2271B 		ldr r11, = 0x127
 470 03e8 7047     		bx lr
 471              	dd29:
 472 03ea 4FF4947B 		ldr r11, = 0x128
 473 03ee 7047     		bx lr
 474              		
 475              		
 476              	dd1:
 477 03f0 A848     		ldr r0, = 0xe000e010
 478 03f2 4FF00301 		mov r1, # 3
 479 03f6 0160     		str r1, [r0]
 480              		
 481              		
 482              	zhuye:
 483              		
 484 03f8 00F068F8 		bl anjian
 485 03fc B64A     		ldr r2, = 0x200004f8
 486 03fe 1278     		ldrb r2, [r2]
 487 0400 022A     		cmp r2, # 2
 488 0402 08BF     		it eq
 489 0404 3FE7     		beq zhucaidan
 490 0406 B048     		ldr r0, = 0x20000014
 491 0408 00F016F8 		bl zhuan_shijinzhi
 492 040c 5CF8040C 		ldr r0, [r12, # -4]
 493 0410 4FF00801 		mov r1, # 8
 494 0414 AD4A     		ldr r2, = 0x20000100
 495 0416 00F02CF8 		bl zhuan_ascii
 496              		
 497 041a AD48     		ldr r0, = 0x20000018
 498 041c 00F00CF8 		bl zhuan_shijinzhi
ARM GAS  1.s 			page 10


 499 0420 5CF8040C 		ldr r0, [r12, # -4]
 500 0424 4FF00801 		mov r1, # 8
 501 0428 AA4A     		ldr r2, = 0x20000110
 502 042a 00F022F8 		bl zhuan_ascii
 503              		
 504 042e 4FF00800 		mov r0, # 8
 505 0432 00F05DF8 		bl xieshumaguan
 506 0436 DFE7     		b zhuye
 507              	
 508              	zhuan_shijinzhi:   @ R0=要转换的数的地址
 509 0438 2DE9FF43 		push {r0-r9,lr}
 510 043c EC46     		mov r12, sp
 511 043e 81B0     		sub sp, # 0x04	
 512 0440 90F80080 		ldrb r8, [r0]
 513 0444 4278     		ldrb r2, [r0, # 1]
 514 0446 8378     		ldrb r3, [r0, # 2]
 515 0448 C478     		ldrb r4, [r0, # 3]
 516 044a 4FF06405 		mov r5, # 100
 517 044e 02FB05F9 		mul r9, r2, r5
 518 0452 42F21075 		movw r5, # 10000
 519 0456 03FB05F7 		mul r7, r3, r5
 520 045a A34D     		ldr r5, = 1000000
 521 045c 04FB05F6 		mul r6, r4, r5
 522 0460 C844     		add r8, r8, r9
 523 0462 07EB0802 		add r2, r7, r8
 524 0466 02EB0601 		add r1, r2, r6
 525 046a 0091     		str r1, [sp]
 526 046c E546     		mov sp, r12
 527 046e BDE8FF83 		pop {r0-r9,pc}
 528              	zhuan_ascii: @ 入口R0=数据 R1= 长度 R2=出口
 529 0472 FFB5     		push {r0-r7,lr}
 530 0474 9D4F     		ldr r7, = shumaguanmabiao
 531 0476 4FF00A05 		mov r5, # 10
 532              	xunhuanqiuma:
 533 047a B0FBF5F4 		udiv r4, r0, r5
 534 047e 04FB05F6 		mul r6, r4, r5
 535 0482 A0EB0603 		sub r3, r0, r6
 536 0486 FE5C     		ldrb r6, [r7, r3]
 537 0488 02F8016B 		strb r6, [r2], # 1
 538 048c 2046     		mov r0, r4
 539 048e 0139     		subs r1, # 1
 540 0490 F3D1     		bne xunhuanqiuma
 541 0492 FFBD     		pop {r0-r7,pc}
 542              	xie595:    @ 入口0X20000000
 543              		
 544              		@74HC595 11=输入锁存 12=输出锁存 14=数据
 545 0494 3FB5     		push {r0-r5,lr}
 546 0496 9648     		ldr r0, = 0x422181b0 @ 位带地址  
 547 0498 4FF00101 		mov r1, # 1          @ 1
 548 049c 4FF00002 		mov r2, # 0          @ 0
 549 04a0 4FF00853 		ldr r3, = 0x22000000 @ 0x20000000的位带
 550 04a4 4FF01804 		mov r4, # 24         @ 写两个8位
 551              	xunhuan595:
 552 04a8 8260     		str r2, [r0, # 0x08] @ 595_11 输入锁存
 553 04aa 53F8045B 		ldr r5, [r3], # 4    @ 取出一位的数据
 554 04ae 0560     		str r5, [r0]         @14脚输出数据
 555 04b0 8160     		str r1, [r0, # 0x08] @ 锁存
ARM GAS  1.s 			page 11


 556 04b2 013C     		subs r4, # 1         
 557 04b4 F8D1     		bne xunhuan595       @循环16次
 558 04b6 4260     		str r2, [r0, # 0x04] @ 12输出锁存
 559 04b8 4160     		str r1, [r0, # 0x04] 
 560 04ba 3FBD     		pop {r0-r5,pc}      @ 弹出各寄存器返回
 561              	qingchuanjian:
 562 04bc 03B5     		push {r0-r1,lr}
 563 04be 8648     		ldr r0, = 0x200004f8
 564 04c0 4FF00001 		mov r1, # 0
 565 04c4 0160     		str r1, [r0]
 566 04c6 8B48     		ldr r0, = 0x20000500
 567 04c8 0160     		str r1, [r0]
 568 04ca 03BD     		pop {r0-r1,pc}
 569              	anjian:
 570 04cc 2DE9FF5F 		push {r0-r12,lr}
 571 04d0 884B     		ldr r3, = 0x20000500      @解码后
 572 04d2 894D     		ldr r5, = hongwaimabiao   @按键码表
 573 04d4 4FF01506 		mov r6, # 21             @ 按键数量
 574 04d8 1A68     		ldr r2, [r3]
 575              	panduananjian:
 576 04da 55F8044B 		ldr r4, [r5], # 4
 577 04de A242     		cmp r2, r4
 578 04e0 02D0     		beq anjianzhengque
 579 04e2 013E     		subs r6, # 1
 580 04e4 F9D1     		bne panduananjian
 581 04e6 01E0     		b anjianfanhui
 582              	anjianzhengque:
 583 04e8 7B4A     		ldr r2, = 0x200004f8
 584 04ea 1660     		str r6, [r2]
 585              		
 586              	anjianfanhui:
 587 04ec BDE8FF9F 		pop {r0-r12,pc}
 588              	xieshumaguan: @ r0位数
 589 04f0 2DE9FF5F 		push {r0-r12,lr}
 590 04f4 DFF8DC91 		ldr r9, = 0x20000110
 591 04f8 744F     		ldr r7, = 0x20000100
 592 04fa DFF80082 		ldr r8, = shuaxinbiao
 593 04fe 4FF00056 		ldr r6, = 0x20000000
 594              	
 595              	xianshi:
 596 0502 18F8015B 		ldrb r5, [r8], # 1
 597 0506 17F8012B 		ldrb r2, [r7], # 1
 598 050a 19F8014B 		ldrb r4, [r9], # 1
 599 050e 7270     		strb r2, [r6, # 1]
 600 0510 B470     		strb r4, [r6, # 2]
 601 0512 3570     		strb r5, [r6]
 602 0514 FFF7BEFF 		bl xie595
 603 0518 0138     		subs r0, # 1
 604 051a F2D1     		bne xianshi
 605 051c BDE8FF9F 		pop {r0-r12,pc}
 606              		
 607              	_nmi_handler:
 608 0520 7047     		bx lr
 609              	_hard_fault:
 610 0522 7047     		bx lr
 611              	_memory_fault:
 612 0524 7047     		bx lr
ARM GAS  1.s 			page 12


 613              	_bus_fault:
 614 0526 7047     		bx lr
 615              	_usage_fault:
 616 0528 7047     	 	bx lr
 617              	systickdingshiqi:              @ SYSTICK定时期中断服务函数
 618 052a 2DE9FF5F 		push {r0-r12,lr}
 619 052e 7448     		ldr r0, = 0xe00ed04
 620 0530 4FF00071 		ldr r1, = 0x2000000 
 621 0534 0160     		str r1, [r0]         @ 挂起SYSTICK
 622 0536 734A     		ldr r2, = 0x20000010
 623 0538 634C     		ldr r4, = 0x20000014
 624 053a 6378     		ldrb r3, [r4, # 1]
 625 053c A578     		ldrb r5, [r4, # 2]
 626 053e E678     		ldrb r6, [r4, # 3]
 627 0540 94F80480 		ldrb r8, [r4, # 4]
 628 0544 94F80590 		ldrb r9, [r4, # 5]
 629 0548 94F806A0 		ldrb r10, [r4, # 6]
 630 054c 94F807B0 		ldrb r11, [r4, # 7]
 631              		
 632 0550 2778     		ldrb r7, [r4]
 633 0552 1168     		ldr r1, [r2]
 634 0554 4F48     		ldr r0, = 0xe000e010
 635 0556 0068     		ldr r0, [r0]
 636 0558 0028     		cmp r0, # 0
 637 055a 01D0     		beq tiaoguojiajia
 638 055c 01F10101 		add r1, # 1
 639              	tiaoguojiajia:
 640 0560 B1F57A7F 		cmp.w r1, # 1000
 641 0564 24BF     		itt cs
 642 0566 0021     		movcs r1, # 0
 643 0568 0133     		addcs r3, # 1
 644 056a 3C2B     		cmp r3 ,# 60
 645 056c 24BF     		itt cs
 646 056e 0023     		movcs r3, # 0
 647 0570 0135     		addcs r5, # 1
 648 0572 3C2D     		cmp r5, # 60
 649 0574 24BF     		itt cs
 650 0576 0025     		movcs r5, # 0
 651 0578 0136     		addcs r6, # 1
 652 057a 182E     		cmp r6, # 24
 653 057c 22BF     		ittt cs
 654 057e 0026     		movcs r6, # 0
 655 0580 0137     		addcs r7, # 1
 656 0582 08F10108 		addcs r8, # 1
 657 0586 082F     		cmp r7, # 8
 658 0588 28BF     		it cs
 659 058a 0127     		movcs r7, # 1
 660 058c 5E48     		ldr r0, = 0x20000038
 661 058e DFF87CC1 		ldr r12, = yuefenbiao
 662 0592 1CF80900 		ldrb r0, [r12, r9]
 663 0596 1D28     		cmp r0, # 0x1d
 664 0598 0CD1     		bne runnianbuchang
 665 059a DFF874C1 		ldr r12, = 0x22000480
 666 059e 2DE90202 		push {r1, r9}
 667 05a2 4FEA8909 		lsl r9, # 2
 668 05a6 5CF80A10 		ldr r1, [r12, r10]
 669 05aa 0129     		cmp r1, # 1
ARM GAS  1.s 			page 13


 670 05ac 08BF     		it eq
 671 05ae 0130     		addeq r0, # 1
 672 05b0 BDE80202 		pop {r1, r9}
 673              	runnianbuchang:	
 674 05b4 8045     		cmp r8, r0
 675 05b6 24BF     		itt cs
 676 05b8 4FF00108 		movcs r8, # 1
 677 05bc 09F10109 		addcs r9, # 1
 678 05c0 B9F10D0F 		cmp r9, # 13
 679 05c4 24BF     		itt cs 
 680 05c6 4FF00109 		movcs r9, # 1
 681 05ca 0AF1010A 		addcs r10, # 1
 682 05ce BAF1630F 		cmp r10, # 99
 683 05d2 24BF     		itt cs
 684 05d4 4FF0000A 		movcs r10, # 0
 685 05d8 0BF1010B 		addcs r11, # 1
 686 05dc BBF1630F 		cmp r11, # 99
 687 05e0 28BF     		it cs
 688 05e2 4FF0000B 		movcs r11, # 0
 689 05e6 2770     		strb r7, [r4]
 690 05e8 6370     		strb r3, [r4, # 1]
 691 05ea A570     		strb r5, [r4, # 2]
 692 05ec E670     		strb r6, [r4, # 3]
 693 05ee 84F80480 		strb r8, [r4, # 4]
 694 05f2 84F80590 		strb r9, [r4, # 5]
 695 05f6 84F806A0 		strb r10, [r4, # 6]
 696 05fa 84F807B0 		strb r11, [r4, # 7]
 697 05fe 1160     		str r1, [r2]
 698 0600 BDE8FF9F 		pop {r0-r12,pc}
 699              	
 700              	tim2dingshiqi:
 701 0604 2DE9FF5F 		push {r0-r12,lr}
 702 0608 1B4A     		ldr r2, = 0x200004fc
 703 060a 4248     		ldr r0, = 0x40000034
 704 060c 1368     		ldr r3, [r2]
 705 060e 0168     		ldr r1, [r0]  @ 读取时间
 706 0610 B1F5604F 		cmp.w r1, # 0xe000
 707 0614 1AD8     		bhi tim2fanhui
 708 0616 B1F5805F 		cmp.w r1, # 0x1000
 709 061a 82BF     		ittt hi
 710 061c 174C     		ldrhi r4, = 0x2200a000
 711 061e 1460     		strhi r4, [r2]
 712 0620 14E0     		bhi tim2fanhui
 713              		
 714 0622 FF29     		cmp r1, # 0xff
 715 0624 81BF     		itttt hi
 716 0626 12F80C5C 		ldrbhi r5, [r2, # - 0x0c]
 717 062a 0135     		addhi r5, # 1
 718 062c 02F80C5C 		strbhi r5, [r2, # - 0x0c]
 719 0630 0CE0     		bhi tim2fanhui
 720 0632 A029     		cmp r1, # 0xa0
 721 0634 81BF     		itttt hi
 722 0636 0126     		movhi r6, # 1
 723 0638 43F8046B 		strhi r6, [r3], # 4
 724 063c 1360     		strhi r3, [r2]
 725 063e 05E0     		bhi tim2fanhui
 726              		
ARM GAS  1.s 			page 14


 727 0640 6029     		cmp r1, # 0x60
 728 0642 82BF     		ittt hi
 729 0644 0026     		movhi r6, # 0
 730 0646 43F8046B 		strhi r6, [r3], # 4
 731 064a 1360     		strhi r3, [r2]
 732              		
 733              	tim2fanhui:
 734 064c 3248     		ldr r0, = 0x40000024
 735 064e 4FF00001 		mov r1,  # 0
 736 0652 0160     		str r1, [r0]
 737 0654 BDE8FF9F 		pop {r0-r12,pc}
 738 0658 04000140 		
 738      00100240 
 738      834D0100 
 738      00200240 
 738      04100240 
ARM GAS  1.s 			page 15


DEFINED SYMBOLS
                 1.s:4      .data:00000000 $d
                 1.s:6      .data:00000000 shumaguanmabiao
                 1.s:7      .data:0000000a hongwaimabiao
                 1.s:8      .data:0000005a shuaxinbiao
                 1.s:9      .data:00000063 caidian
                 1.s:318    .text:00000286 zhucaidan
                 1.s:476    .text:000003f0 dd1
                 1.s:349    .text:000002e6 dd2
                 1.s:352    .text:000002ec dd3
                 1.s:364    .text:00000306 dd4
                 1.s:377    .text:00000326 dd5
                 1.s:380    .text:0000032c dd6
                 1.s:383    .text:00000332 dd7
                 1.s:386    .text:00000338 dd8
                 1.s:389    .text:0000033e dd9
                 1.s:392    .text:00000344 dd10
                 1.s:395    .text:0000034a dd11
                 1.s:398    .text:00000350 dd12
                 1.s:401    .text:00000356 dd13
                 1.s:404    .text:0000035c dd14
                 1.s:407    .text:00000362 dd15
                 1.s:410    .text:00000368 dd16
                 1.s:413    .text:0000036e dd17
                 1.s:416    .text:00000374 dd18
                 1.s:419    .text:0000037a dd19
                 1.s:433    .text:0000039a dd20
                 1.s:436    .text:000003a0 dd21
                 1.s:450    .text:000003c0 dd22
                 1.s:453    .text:000003c6 dd23
                 1.s:456    .text:000003cc dd24
                 1.s:459    .text:000003d2 dd25
                 1.s:462    .text:000003d8 dd26
                 1.s:465    .text:000003de dd27
                 1.s:468    .text:000003e4 dd28
                 1.s:471    .text:000003ea dd29
                 1.s:11     .data:000000db yuefenbiao
                 1.s:12     *ABS*:20005000 STACKINIT
                 1.s:13     *ABS*:20000300 systickbiaozhi
                 1.s:15     .text:00000000 xiangliangbiao
                 1.s:83     .text:0000010c _start
                 1.s:607    .text:00000520 _nmi_handler
                 1.s:609    .text:00000522 _hard_fault
                 1.s:611    .text:00000524 _memory_fault
                 1.s:613    .text:00000526 _bus_fault
                 1.s:615    .text:00000528 _usage_fault
                 1.s:617    .text:0000052a systickdingshiqi
                 1.s:700    .text:00000604 tim2dingshiqi
                            .text:00000000 $d
                 1.s:84     .text:0000010c $t
                 1.s:92     .text:00000122 gsszbz
                 1.s:98     .text:0000012e rccchushihua
                 1.s:108    .text:0000014c chaxun
                 1.s:114    .text:00000158 rccgg
                 1.s:123    .text:0000016c neicunqingling
                 1.s:127    .text:00000178 qingling_xunhuan
                 1.s:132    .text:00000180 chushihuayixieshuju
ARM GAS  1.s 			page 16


                 1.s:153    .text:000001b4 systick
                 1.s:176    .text:000001d6 waisheshizhong
                 1.s:196    .text:000001f2 zhongduankongzhi
                 1.s:218    .text:00000210 dmachushihua
                 1.s:219    *ABS*:40020000 DMA1
                 1.s:239    .text:0000022a timdingshiqi
                 1.s:280    .text:00000250 tim1dingshiqi
                 1.s:295    .text:00000270 IOshezhi
                 1.s:569    .text:000004cc anjian
                 1.s:508    .text:00000438 zhuan_shijinzhi
                 1.s:528    .text:00000472 zhuan_ascii
                 1.s:588    .text:000004f0 xieshumaguan
                 1.s:561    .text:000004bc qingchuanjian
                 1.s:482    .text:000003f8 zhuye
                 1.s:532    .text:0000047a xunhuanqiuma
                 1.s:542    .text:00000494 xie595
                 1.s:551    .text:000004a8 xunhuan595
                 1.s:575    .text:000004da panduananjian
                 1.s:582    .text:000004e8 anjianzhengque
                 1.s:586    .text:000004ec anjianfanhui
                 1.s:595    .text:00000502 xianshi
                 1.s:639    .text:00000560 tiaoguojiajia
                 1.s:673    .text:000005b4 runnianbuchang
                 1.s:733    .text:0000064c tim2fanhui
                 1.s:738    .text:00000658 $d

NO UNDEFINED SYMBOLS
