ARM GAS  led-stm32.s 			page 1


   1              		 .thumb                 
   2              	         .syntax unified
   3              	.section .data
   4 0000 02280E06 	mingling:	.byte 0x02, 0x28, 0x0e, 0x06, 0x01
   4      01
   5 0005 66666666 	lcdshuju:	.byte 0x66, 0x66, 0x66, 0x66, 0x66, 0x66, 0x66, 0x66, 0x66, 0x66, 0x66, 0x66, 0x66, 0x66,
   5      66666666 
   5      66666666 
   5      66666666 
   6              		@.ascii "4_LINE DRIVER"
   7              		
   8              	        	.equ STACKINIT,          0x20005000
   9              			.equ yanshius,           0x20000200
  10              			.equ ledkongzhi,         0x20000204
  11              			.equ lcdshu,		  0x20000208
  12              			.equ lcdyanshi,		80000
  13              	
  14              		
  15              	
  16              	.section .text
  17              	vectors:        
  18 0000 00500020 	        .word STACKINIT         
  19 0004 41000000 	        .word _start + 1        
  20 0008 8F010000 	        .word _nmi_handler + 1  
  21 000c 91010000 	        .word _hard_fault  + 1  
  22 0010 93010000 	        .word _memory_fault + 1 
  23 0014 95010000 	        .word _bus_fault + 1    
  24 0018 97010000 	        .word _usage_fault + 1 
  25 001c 00000000 		.word 0
  26 0020 00000000 		.word 0
  27 0024 00000000 		.word 0
  28 0028 00000000 		.word 0
  29 002c 00000000 		.word 0
  30 0030 00000000 		.word 0
  31 0034 00000000 		.word 0 
  32 0038 00000000 		.word 0
  33 003c 99010000 		.word _dingshiqi + 1
  34              	
  35              	_start:
  36 0040 5648     		ldr r0, = yanshius
  37 0042 5749     		ldr r1, = 0xfffe
  38 0044 0160     		str r1, [r0]
  39 0046 4FF00000 		mov r0, # 0
  40 004a 4FF00001 		mov r1, # 0
  41 004e 4FF00002 		mov r2, # 0
  42 0052 4FF00003 		mov r3, # 0
  43 0056 4FF00004 		mov r4, # 0
  44 005a 4FF00005 		mov r5, # 0
  45 005e 4FF00006 		mov r6, # 0 
  46 0062 4FF00007 		mov r7, # 0
  47 0066 4FF00008 		mov r8, # 0
  48 006a 4FF00009 		mov r9, # 0
  49 006e 4FF0000A 		mov r10, # 0
  50 0072 4FF0000B 		mov r11, # 0 
  51              	
  52              	@@AFIO-MAPR 开SWD模式
  53 0076 4B48     		ldr r0, = 0x40010004
ARM GAS  led-stm32.s 			page 2


  54 0078 4B49     		ldr r1, = 0x02000000
  55 007a 0160     		str r1, [r0]
  56              	
  57              	
  58              	rccapb2enr:
  59 007c 4B48     	        ldr r0, = 0x40021018
  60 007e 4FF03D01 	        mov r1, # 0x3D
  61 0082 0160     	        str r1, [r0]
  62              	ioshezhi:
  63 0084 4A48     		ldr r0, = 0x40010800 @ gpioa
  64 0086 4B49     		ldr r1, = 0x44443443
  65 0088 0160     		str r1, [r0]
  66 008a 4B48     	        ldr r0, = 0x40010c04
  67 008c 4B49     	        ldr r1, = 0x33334444
  68 008e 0160     	        str r1, [r0]
  69              	zhuchengxu:
  70              	lcdchushihua:
  71 0090 4FF00003 		mov r3, # 0
  72 0094 4A48     		ldr r0, = 0x20000208
  73 0096 4B49     		ldr r1, = mingling
  74              	lcdchushihua1:
  75 0098 CA5C     		ldrb r2, [r1, r3]
  76 009a 0260     		str r2, [r0]
  77 009c 03F10103 		add r3, # 1
  78 00a0 DFF824A1 		ldr r10, = 0x42210180
  79 00a4 4FF00009 		mov r9,  # 0
  80 00a8 CAF80090 		str r9, [r10]
  81 00ac 00F046F8 		bl xielcd
  82 00b0 042B     		cmp r3, # 4
  83 00b2 7FF4F1AF 		bne lcdchushihua1
  84              	
  85              	lcdis7:
  86              	
  87 00b6 4FF00004 		mov r4, # 0
  88              	
  89              	lcdchengxu:
  90 00ba 4FF00003 		mov r3, # 0
  91 00be 4FF08002 		mov r2, # 0x80
  92 00c2 3F48     		ldr r0, = 0x20000208
  93              	lcdzl:
  94 00c4 2244     		add r2, r2, r4
  95 00c6 0260     		str r2, [r0]
  96 00c8 DFF8FCA0 		ldr r10, = 0x42210180
  97 00cc 4FF00009 		mov r9,  # 0
  98 00d0 CAF80090 		str r9, [r10]
  99 00d4 00F032F8 		bl xielcd
 100 00d8 4FF00003 		mov r3, # 0
 101 00dc 3848     		ldr r0, = 0x20000208
 102 00de 3B49     		ldr r1, = lcdshuju
 103              	lcdsj:
 104 00e0 CA5C     		ldrb r2, [r1, r3]
 105 00e2 0260     		str r2, [r0]
 106 00e4 03F10103 		add r3, # 1
 107 00e8 DFF8DCA0 		ldr r10, = 0x42210180
 108 00ec 4FF00109 		mov r9,  # 1
 109 00f0 CAF80090 		str r9, [r10]
 110              	
ARM GAS  led-stm32.s 			page 3


 111 00f4 00F022F8 		bl xielcd
 112 00f8 102B     		cmp r3, # 16
 113 00fa 7FF4F1AF 		bne lcdsj
 114 00fe 402C     		cmp r4, # 0x40
 115 0100 00F00480 		beq tinglea
 116 0104 4FF04004 		mov r4, # 0x40
 117 0108 FFF7D7BF 		b lcdchengxu
 118              	
 119              	tinglea:
 120 010c FFF7D3BF 		b lcdis7
 121              	
 122              	
 123              	sysyanshi:
 124 0110 3FB5     		push {r0-r5, lr}
 125 0112 2F48     		ldr r0, = 0xE000E010
 126 0114 2149     		ldr r1, = yanshius
 127 0116 0968     		ldr r1, [r1] 
 128 0118 4160     		str r1, [r0, # 4]
 129 011a 8160     		str r1, [r0, # 8]
 130 011c 2D4C     		ldr r4, = 0xFFFFF0
 131 011e A142     		cmp r1, r4
 132 0120 40F00480 		bne kaidingshiqi
 133 0124 4FF00102 		mov r2, # 0x01
 134 0128 0260     		str r2, [r0]
 135 012a 3FBD     		pop {r0-r5, pc}
 136              	kaidingshiqi:
 137 012c 4FF00102 		mov r2, # 0x01
 138 0130 0260     		str r2, [r0]
 139              	tingzaizhe:
 140 0132 8368     		ldr r3, [r0, # 8]
 141 0134 002B     		cmp r3, # 0 
 142 0136 7FF4FCAF 		bne tingzaizhe
 143 013a 3FBD     		pop {r0-r5, pc}
 144              		
 145              	
 146              	xielcd:
 147 013c 2DE9FF43 		push {r0-r9, lr}
 148 0140 254C     		ldr r4, = 0x22004110
 149 0142 0FCC     		ldmia r4!, {r0-r3}
 150 0144 00F006F8 		bl xielcd1
 151 0148 244C     		ldr r4, = 0x22004100
 152 014a 0FCC     		ldmia r4!, {r0-r3}
 153 014c 00F002F8 		bl xielcd1
 154 0150 BDE8FF83 		pop {r0-r9, pc}
 155              		
 156              	xielcd1:
 157 0154 00B5     		push {lr}
 158 0156 224F     		ldr r7,  = 0x4221018c
 159 0158 4FF0010B 		mov r11, # 1
 160 015c C7F800B0 		str r11, [r7]
 161 0160 204D     		ldr r5, = 0x422181b0
 162 0162 0FC5     		stmia r5!, {r0-r3}
 163 0164 C046     		mov r8, r8
 164 0166 C046     		mov r8, r8
 165 0168 C046     		mov r8, r8
 166 016a C046     		mov r8, r8
 167 016c C046     		mov r8, r8
ARM GAS  led-stm32.s 			page 4


 168 016e C046     		mov r8, r8
 169 0170 C046     		mov r8, r8
 170 0172 C046     		mov r8, r8
 171 0174 C046     		mov r8, r8
 172 0176 C046     		mov r8, r8
 173 0178 C046     		mov r8, r8
 174 017a C046     		mov r8, r8
 175 017c C046     		mov r8, r8
 176 017e C046     		mov r8, r8
 177 0180 C046     		mov r8, r8
 178 0182 C046     		mov r8, r8
 179              	
 180              	
 181 0184 4FF0000B 		mov r11, # 0
 182 0188 C7F800B0 		str r11, [r7]
 183 018c 00BD     		pop {pc}
 184              		
 185              	_nmi_handler:
 186 018e 7047     		bx lr
 187              	_hard_fault:
 188 0190 7047     		bx lr
 189              	_memory_fault:
 190 0192 7047     		bx lr
 191              	_bus_fault:
 192 0194 7047     		bx lr
 193              	_usage_fault:
 194 0196 7047     	 	bx lr
 195              	_dingshiqi:
 196 0198 7047     		bx lr
 197 019a 00000002 		
 197      0020FEFF 
 197      00000400 
 197      01400000 
 197      00021810 
ARM GAS  led-stm32.s 			page 5


DEFINED SYMBOLS
         led-stm32.s:4      .data:00000000 mingling
         led-stm32.s:5      .data:00000005 lcdshuju
         led-stm32.s:8      *ABS*:20005000 STACKINIT
         led-stm32.s:9      *ABS*:20000200 yanshius
         led-stm32.s:10     *ABS*:20000204 ledkongzhi
         led-stm32.s:11     *ABS*:20000208 lcdshu
         led-stm32.s:12     *ABS*:00013880 lcdyanshi
         led-stm32.s:17     .text:00000000 vectors
         led-stm32.s:35     .text:00000040 _start
         led-stm32.s:185    .text:0000018e _nmi_handler
         led-stm32.s:187    .text:00000190 _hard_fault
         led-stm32.s:189    .text:00000192 _memory_fault
         led-stm32.s:191    .text:00000194 _bus_fault
         led-stm32.s:193    .text:00000196 _usage_fault
         led-stm32.s:195    .text:00000198 _dingshiqi
                            .text:00000000 $d
         led-stm32.s:36     .text:00000040 $t
         led-stm32.s:58     .text:0000007c rccapb2enr
         led-stm32.s:62     .text:00000084 ioshezhi
         led-stm32.s:69     .text:00000090 zhuchengxu
         led-stm32.s:70     .text:00000090 lcdchushihua
         led-stm32.s:74     .text:00000098 lcdchushihua1
         led-stm32.s:146    .text:0000013c xielcd
         led-stm32.s:85     .text:000000b6 lcdis7
         led-stm32.s:89     .text:000000ba lcdchengxu
         led-stm32.s:93     .text:000000c4 lcdzl
         led-stm32.s:103    .text:000000e0 lcdsj
         led-stm32.s:119    .text:0000010c tinglea
         led-stm32.s:123    .text:00000110 sysyanshi
         led-stm32.s:136    .text:0000012c kaidingshiqi
         led-stm32.s:139    .text:00000132 tingzaizhe
         led-stm32.s:156    .text:00000154 xielcd1
         led-stm32.s:197    .text:0000019a $d

NO UNDEFINED SYMBOLS
