ARM GAS  1.s 			page 1


   1              		 .thumb                 
   2              	         .syntax unified
   3              	.section .data
   4              		.align 4
   5              		
   6 0000 88BEC494 	shumaguanmabiao: .byte 0x88,0xbe,0xc4,0x94,0xb2,0x91,0x81,0xbc,0x80,0x90
   6      B29181BC 
   6      8090
   7 000a 00FF45BA 	hongwaimabiao: .int 0xba45ff00,0xb946ff00,0xb847ff00,0xbb44ff00,0xbf40ff00,0xbc43ff00,0xf807ff00,0x
   7      00FF46B9 
   7      00FF47B8 
   7      00FF44BB 
   7      00FF40BF 
   8 005a 80010204 	shuaxinbiao: .byte 0x80,0x01,0x02,0x04,0x08,0x10,0x20,0x40,0x00
   8      08102040 
   8      00
   9 0063 4D020000 	caidian: .word zhucaidan +1,dd1 +1,dd2 +1,dd3 +1,dd4 +1,dd5 +1,dd6 +1,dd7 +1,dd8 +1,dd9 +1,dd10 +1,
   9      89030000 
   9      5F020000 
   9      65020000 
   9      7F020000 
  10              		
  11 00db 00201D20 	yuefenbiao: .byte 0x00,0x20,0x1d,0x20,0x1f,0x20,0x1f,0x20,0x1f,0x20,0x1f,0x20,0x1f,0x20
  11      1F201F20 
  11      1F201F20 
  11      1F20
  12              	        	.equ STACKINIT,          0x20005000
  13              			.equ systickbiaozhi,     0x20000300
  14              			.equ wendu,              0x42210184
  15              		
  16              	.section .text
  17              	xiangliangbiao:
  18 0000 00500020 		.word STACKINIT
  19 0004 0D010000 		.word _start + 1
  20 0008 C5030000 		.word _nmi_handler + 1
  21 000c C7030000 		.word _hard_fault  + 1
  22 0010 C9030000 		.word _memory_fault + 1
  23 0014 CB030000 		.word _bus_fault + 1
  24 0018 CD030000 		.word _usage_fault + 1
  25 001c 00000000 		.word 0
  26 0020 00000000 		.word 0
  27 0024 00000000 		.word 0
  28 0028 00000000 		.word 0
  29 002c 00000000 		.word 0
  30 0030 00000000 		.word 0
  31 0034 00000000 		.word 0
  32 0038 00000000 		.word 0
  33 003c CF030000 		.word systickdingshiqi +1
  34 0040 00000000 		.word	0 @WWDG  	0
  35 0044 00000000 		.word	0 @PVD  	1
  36 0048 00000000 		.word	0 @TAMPER	2
  37 004c 00000000 		.word	0 @RTC		3
  38 0050 00000000 		.word	0 @FLASH	4
  39 0054 00000000 		.word	0 @RCC		5
  40 0058 00000000 		.word	0 @EXTI0	6
  41 005c 00000000 		.word	0 @EXTI1	7
  42 0060 00000000 		.word	0 @EXTI2	8
ARM GAS  1.s 			page 2


  43 0064 00000000 		.word	0 @EXTI3	9
  44 0068 00000000 		.word	0 @EXTI4	10
  45 006c 00000000 		.word	0 @DMA11	11
  46 0070 00000000 		.word	0 @DMA12	12
  47 0074 00000000 		.word	0 @DMA13	13
  48 0078 00000000 		.word	0 @DMA14	14
  49 007c 00000000 		.word	0 @DMA15	15
  50 0080 00000000 		.word	0 @DMA16	16
  51 0084 00000000 		.word	0 @DMA17	17
  52 0088 00000000 		.word	0 @ADC1_2 	18
  53 008c 00000000 		.word	0 @USB_HP_CAN1_TX 19
  54 0090 00000000 		.word	0 @USB_LP_CAN1_RX0 20
  55 0094 00000000 		.word	0 @CAN1_RX1	21
  56 0098 00000000 		.word	0 @CAN1_SCE	22
  57 009c 00000000 		.word	0 @EXTI9_5	23
  58 00a0 00000000 		.word	0 @TIM1_BRK	24
  59 00a4 00000000 		.word	0 @TIM1_UP	25
  60 00a8 00000000 		.word	0 @TIM1_TRG_COM	26
  61 00ac 00000000 		.word	0 @TIM1_CC	27
  62 00b0 DD030000 		.word	tim2dingshiqi +1  @TIM2 28
  63 00b4 00000000 		.word	0 @TIM3		29
  64 00b8 00000000 		.word	0 @TIM4		30
  65 00bc 00000000 		.word	0 @I2C1_EV	31
  66 00c0 00000000 		.word	0 @I2C1_ER	32
  67 00c4 00000000 		.word	0 @I2C2_EV	33
  68 00c8 00000000 		.word	0 @I2C2_ER	34
  69 00cc 00000000 		.word	0 @SPI1		35
  70 00d0 00000000 		.word	0 @SPI2		36
  71 00d4 00000000 		.word	0 @USART1	37
  72 00d8 00000000 		.word	0 @USART2	38
  73 00dc 00000000 		.word	0 @USART3	39
  74 00e0 00000000 		.word	0 @EXTI15_10	40
  75 00e4 00000000 		.word	0 @RTCAlarm_IRQ	41
  76 00e8 00000000 		.word	0 @USBWakeUp	42
  77 00ec 00000000 		.word	0	
  78 00f0 00000000 		.word	0	
  79 00f4 00000000 		.word	0
  80 00f8 00000000 		.word	0
  81 00fc 00000000 		.word	0
  82 0100 00000000 		.word	0
  83 0104 00000000 		.word	0
  84 0108 00000000 		.word	0 @BootRAM   
  85              	_start:
  86 010c C848     		ldr r0, = 0x40010004
  87 010e 4FF00071 		ldr r1, = 0x02000000
  88 0112 0160     		str r1, [r0]
  89              	
  90 0114 4160     		str r1, [r0, # 0x04]
  91 0116 C748     		ldr r0, = 0x40021000
  92 0118 C749     		ldr r1, = 0x14D83
  93 011a 0160     		str r1, [r0]
  94              	gsszbz: 
  95 011c 0268     		ldr r2, [r0]
  96 011e 4FF40031 		ldr r1, = 0x20000
  97 0122 1142     		tst r1, r2           @HSE高速时钟标志位           
  98 0124 00D1     		bne rccchushihua
  99 0126 F9E7     		b gsszbz
ARM GAS  1.s 			page 3


 100              	rccchushihua: 
 101 0128 C448     		ldr r0, = 0x40022000
 102 012a 4FF03201 		mov r1, # 0x00000032
 103 012e 0160     		str r1, [r0]           @FLASH缓冲 缓冲开启 
 104 0130 C348     		ldr r0, = 0x40021004
 105 0132 C449     		ldr r1, = 0x1D8400
 106 0134 0160     		str r1, [r0]
 107 0136 BF48     		ldr r0, = 0x40021000
 108 0138 C349     		ldr r1, = 0x1033D03
 109 013a 0160     		str r1, [r0]
 110              	chaxun:
 111 013c 0268     		ldr r2, [r0]
 112 013e 4FF00071 		ldr r1, = 0x2000000
 113 0142 1142     		tst r1, r2
 114 0144 00D1     		bne rccgg               @等待PLL稳定
 115 0146 F9E7     		b chaxun
 116              	rccgg:
 117 0148 BD48     		ldr r0, = 0x40021004
 118 014a C049     		ldr r1, = 0x1D8402
 119 014c 0160     		str r1, [r0]            @ PLL作为系统时钟
 120              	
 121 014e B848     		ldr r0, = 0x40010004
 122 0150 4FF00071 		ldr r1, = 0x02000000
 123 0154 0160     		str r1, [r0]
 124              	
 125              	neicunqingling:                  @ 无聊把内存清0
 126 0156 4FF00050 		ldr r0, = 0x20000000
 127 015a 44F6FF72 		ldr r2, = 0x4fff         @ 区域是0X4FFF大的地方
 128 015e 4FF00001 		mov r1, # 0              @ 写0
 129              	qingling_xunhuan:                
 130 0162 40F8041B 		str r1, [r0], 4         
 131 0166 013A     		subs r2, # 1
 132 0168 FBD1     		bne qingling_xunhuan     @ 循环清0
 133              	
 134              	chushihuayixieshuju:	 @初始化一些数据
 135 016a B948     		ldr r0, = 0x200004fc
 136 016c B949     		ldr r1, = 0x2200a000
 137 016e 0160     		str r1, [r0]
 138 0170 B948     		ldr r0, = 0x2000001c
 139 0172 6FF07F41 		ldr r1, = 0xffffff
 140 0176 0160     		str r1, [r0]
 141 0178 B84D     		ldr r5, = 0x20000024 @ 22000480
 142 017a B949     		ldr r1, = 0x00110001
 143 017c 4FF00112 		ldr r2, = 0x00010001
 144 0180 B84B     		ldr r3, = 0x00010101
 145 0182 2960     		str r1, [r5]
 146 0184 6A60     		str r2, [r5, # 4]
 147 0186 AB60     		str r3, [r5, # 8]
 148              	
 149              	
 150              		@ dma
 151 0188 B748     		ldr r0, = 0x20000600
 152 018a 4FF4FA71 		ldr r1, = 500
 153 018e 0160     		str r1, [r0]
 154              		
 155              	systick:
 156              		@0xe000e010 SYSTICK控制状态寄存器
ARM GAS  1.s 			page 4


 157              		@0=定时器使能
 158              		@1=（1倒数到0发出异常请，0无动作）
 159              		@2=（0外部始终1内核时钟）
 160              		@16= 如果赏赐读取本寄存器后SYSTICK已经数到0则该位为1如果读取该位则清0
 161              		@0xe000e014 重载值寄存器 数到0将要被重载的值
 162              		@0xe000e018 当前值，写清0
 163              		@0e000e01c
 164              		@0-23 10MS的时间内倒计数的格数
 165              		@ 30=(1教准不是准确的10MS)（0教准是准确的10MS）
 166 0190 B648     		ldr r0, = 0xe000e010
 167 0192 4FF00001 		mov r1, # 0               
 168 0196 0160     		str r1, [r0]            @ 关掉SYSTICK
 169 0198 42F22831 		ldr r1, = 9000      @ 重载数
 170 019c 4160     		str r1, [r0, # 4]       @ 写进重载数
 171 019e 8160     		str r1, [r0, # 8]       @ 清0当前数          
 172 01a0 B34B     		ldr r3, = 0xe000ed23  @systick优先级
 173 01a2 4FF0F001 		mov r1, # 240
 174 01a6 1960     		str r1, [r3]
 175 01a8 4FF00301 		mov r1, # 3
 176 01ac 0160     		str r1, [r0] @ 开定时器
 177              		
 178              	waisheshizhong:
 179              		@AHBENR=0x40021014
 180              		@0=DMA1,1=DMA2,2=SRAMEN,4=FLITFEN,6=CRCEN,8=FSMCEN,10=SDIOEN
 181 01ae B148     		ldr r0, = 0x40021014
 182 01b0 4FF01501 		mov r1, # 0x15
 183 01b4 0160     		str r1, [r0]
 184              		
 185              		@APB2_ENR=0X40021018 0(AFIO)1(保留)2(PA)3(PB)4(PC)5(PD)6(PE)78(保留)
 186              		@9(ADC1)10(ADC2)11(TIM1)12(SPI1)13(保留)14（USART1）15(保留)
 187 01b6 B048     		        ldr r0, = 0x40021018 @ APB2_ENR
 188 01b8 40F63C01 		        ldr r1, = 0x83c
 189 01bc 0160     		        str r1, [r0]
 190              		@APB1_ENR=0X4002101C
 191              		@0=TIM2,1=TIM3,2=TIM4,3=TIM5,4=TIM6,5=TIM7,11=WWDG
 192              		@14=SP12,15=SP13,17=UART3,19=UART4,20=UART5
 193              		@21=I2C,22=I2C2,23=USB,25=CAN,27=BKPT,28=PWR,29=DACEN
 194 01be AF48     			ldr r0, = 0X4002101C @ APB1_ENR
 195 01c0 3F21     			ldr r1, = 0x3f
 196 01c2 0160     			str r1, [r0]
 197              		
 198              	zhongduankongzhi:
 199              		@SETENA0=0XE000E100,SETENA1=0XE000E104 @中断使能
 200              		@CLRENA0=0XE000E180,CLRENA1=0XE000E184 @中断除能
 201              		@SETPEND0=0XE000E200,SETPPEND1=0XE000E204 @中断悬起
 202              		@CLRPEND0=0XE000E280,CLRPEND1=0XE000E284  @中断解悬
 203              		@ACTIVE0=0XE000E300,ACTIVE1=0XE000E304   @ 中断活动状态
 204              		@0XE000E400-0XE000E43C 中断优先级阵列每个占8位
 205              		@0XE000ED00=CPUID，0XE000ED04=中断控制及状态寄存器
 206              		@0xe000ed08=向量表偏移，0xe000ed0c=应用程序中断及复位
 207              		@0xe000ed10=系统控制，0XE000ED14=配置与控制
 208              		@0xe000ed18-0xe000ed23=系统异常优先级阵列
 209 01c4 AE48     		ldr r0, = 0xe000ed0c
 210 01c6 AF49     		ldr r1, = 0x5fa0500
 211 01c8 0160     		str r1, [r0]
 212 01ca AF48     		ldr r0, = 0xe000e400
 213 01cc 4FF0C001 		mov r1, # 0xc0
ARM GAS  1.s 			page 5


 214 01d0 C161     		str r1, [r0, # 28]
 215 01d2 AE48     		ldr r0, = 0xe000e100 @ 中断使能
 216 01d4 4FF08051 		ldr r1, = 0x10000000
 217 01d8 0160     		str r1, [r0]
 218              	
 219              	
 220              	dmachushihua:
 221              	DMA1= 0x40020000
 222              		@+0=LSR,+4=IFCR,
 223              		@+8=CCR1,+c=CNDTR1,+10=CPAR1+14=CMAR1,
 224              		@+1c=CCR2,+20=CNDTR2,+24=CPAR2,+28=CMAR2
 225              		@+30=CCR3,+34=CNDTR3,+38=CPAR2,+3c=CMAR3
 226              		@+44=CCR4,+48=CNDTR4,+4c=CPAR4,+50=CMAR4
 227              		@+58=CCR5,+5c=CNDTR5,+60=CPAR5,+64=CMAR5
 228              		@+6C=CCR6,+70=CNDTR6,+74=CPAR6,+78=CMAR6
 229              		@+80=CCR7,+84=CNDTR7,+88=CPAR7,+8c=CMAR7
 230 01da AD48     		ldr r0, = 0x40020000
 231 01dc AD49     		ldr r1, = 0x40000834
 232 01de 0161     		str r1, [r0, # 0x10]
 233 01e0 A149     		ldr r1, = 0x20000600
 234 01e2 4161     		str r1, [r0, # 0x14]
 235 01e4 8F21     		ldr r1, = 0x8f
 236 01e6 C160     		str r1, [r0, # 0x0c]
 237 01e8 42F63121 		ldr r1, = 0x2a31
 238 01ec 8160     		str r1, [r0, # 0x8]
 239              		
 240              		
 241              	timdingshiqi:
 242              	
 243              		
 244              		@tim1=0x40012c00
 245              		@+0=CR1 控制寄存器
 246              		@+4=CR2 控制寄存器2
 247              		@+8=SMCR 从模式控制寄存器
 248              		@+c=DIER 中断使能寄存器
 249              		@+10=SR 状态寄存器
 250              		@+14=EGR 事件产生寄存器
 251              		@+18=CCMR1 捕获/比较模式寄存器1
 252              		@+1C=CCMR2 捕获/比较模式寄存器2
 253              		@+20=CCER 捕获/比较使能寄存器
 254              		@+24=CNT 计数器
 255              		@+28=PSC 预分频器
 256              		@+2C=ARR 重载寄存器
 257              		@+30=RCR 重复计数寄存器
 258              		@+34=CCR1 捕获/比较寄存器1
 259              		@+38=CCR2 捕获/比较寄存器2
 260              		@+3C=CCR3 捕获/比较寄存器3
 261              		@+40=CCR4 捕获/比较寄存器4
 262              		@+44=BDTR 刹车/死区寄存器
 263              		@+48=DCR DMA控制器
 264              		@+4C=DMAR 连续模式的DMA地址
 265              		@TIM2=0x40000000
 266              	@18=CCMR1,18=OCMR1,1C=CCMR2,1C=OCMR2
 267              	@CNT与CCR比较占空，ARR与PSC决定频率。主频除以PSC=计数频率
 268 01ee 4FF08040 		ldr r0, = 0x40000000 @ tim2
 269 01f2 4FF43471 		ldr r1, = 720
 270 01f6 8162     		str r1, [r0, # 0x28] @ 分频
ARM GAS  1.s 			page 6


 271 01f8 6FF07F41 		ldr r1, = 0xffffff
 272 01fc C162     		str r1, [r0, # 0x2c] @ 重载
 273 01fe 4FF00201 		mov r1, # 2
 274 0202 C160     		str r1, [r0, # 0x0c] @开中断
 275 0204 4FF0F101 		mov r1, # 0xf1
 276 0208 8161     		str r1, [r0, # 0x18] @ 捕获/比较模式
 277 020a 4FF00301 		mov r1, # 3
 278 020e 0162     		str r1, [r0, # 0x20] @ 下降沿捕获
 279 0210 8121     		ldr r1, = 0x81
 280 0212 0160     		str r1, [r0]
 281              	
 282              	tim1dingshiqi:
 283 0214 A048     		ldr r0, = 0x40000800 @ TIM
 284 0216 4821     		ldr r1, = 72
 285 0218 8162     		str r1, [r0, # 0x28] @ PSC
 286 021a 4FF47A71 		ldr r1, =   1000
 287 021e C162     		str r1, [r0, # 0x2c] @ ARR
 288 0220 7821     		ldr r1, = 0x78
 289 0222 8161     		str r1, [r0, # 0x18] @ CCMR
 290 0224 0121     	        ldr r1, = 0x01
 291 0226 0162     	        str r1, [r0, # 0x20]
 292 0228 4FF40071 		ldr r1, = 0x200
 293 022c C160     		str r1, [r0, # 0x0c]
 294 022e 8121     		ldr r1, = 0x81
 295 0230 0160     		str r1, [r0]         @ cr1
 296              		
 297              	IOshezhi:
 298              		
 299 0232 9A48     		ldr r0, = 0x40010c00
 300              		@PA=0x40010800 PB=0x40010c00 PC=0x40011000 
 301              		@PD=0x40011400 PE=0x40011800 PF=0x40011c00 
 302              		@ IO 1(通用推挽10M)2(通用推挽2M)3(通用推挽50M)
 303              		@4(浮空输入)5(通用开漏输出10M)6(通用开漏输出2M)
 304              		@7(通用开漏输出50M)8(上拉下拉输入)9(复用功能推挽输出10M)
 305              		@A(复用功能推挽输出2M)B(复用功能推挽输出50M)C(保留)
 306              		@D(复用功能开溜输出10M)E(复用功能开漏输出2M)F(复用功能开漏输出50M)
 307              		@ 偏移0X8=IDR 输入数据寄存器
 308              		@偏移0XC=ODR 输出数据寄存器
 309              		@偏移0X10=BSRR IO开
 310              	
 311              		@偏移0X14=BRR  IO关
 312 0234 4FF03331 		ldr r1, = 0x33333333
 313 0238 4160     		str r1, [r0, # 0x04]
 314 023a 4FF0BB31 		ldr r1, = 0xbbbbbbbb
 315 023e 0160     		str r1, [r0]
 316 0240 4FF6FF71 		ldr r1, = 0xffff
 317 0244 C160     		str r1, [r0, # 0x0c]
 318 0246 9648     		ldr r0, = 0x40010800
 319 0248 9649     		ldr r1, = 0x44444434
 320 024a 0160     		str r1, [r0]
 321              		
 322              		
 323              		
 324              	zhucaidan:
 325 024c 4FF00C00 		mov r0, # 12
 326 0250 9549     		ldr r1, = caidian
 327 0252 D1F800E0 		ldr lr, [r1]
ARM GAS  1.s 			page 7


 328 0256 4FEA8000 		lsl r0, # 2
 329 025a 0A58     		ldr r2, [r1, r0]
 330 025c 9746     		mov pc, r2
 331              	dd2:
 332 025e 40F2011B 		ldr r11, = 0x101
 333 0262 7047     		bx lr
 334              	dd3:
 335 0264 2DE9FF47 		push {r0-r10,lr}
 336 0268 904B     		ldr r3, = 0x20000020
 337 026a 1B68     		ldr r3, [r3]
 338 026c 9048     		ldr r0, = 0x20000014
 339 026e C15C     		ldrb r1, [r0, r3]
 340 0270 01F10101 		add r1, # 1
 341 0274 C154     		strb r1, [r0, r3]
 342              		
 343 0276 00F08BF8 		bl qingchuanjian
 344              		
 345 027a BDE8FF87 		pop {r0-r10,pc}
 346              	dd4:
 347 027e 2DE9FF47 		push {r0-r10,lr}
 348 0282 8A4D     		ldr r5, = 0x20000020
 349 0284 2C68     		ldr r4, [r5]
 350 0286 04F10104 		add r4, # 1
 351 028a 082C     		cmp r4, # 8
 352 028c 08BF     		it eq
 353 028e 0024     		moveq r4, # 0
 354 0290 2C60     		str r4, [r5]
 355 0292 00F07DF8 		bl qingchuanjian
 356 0296 40F2031B 		ldr r11, = 0x103
 357 029a BDE8FF87 		pop {r0-r10,pc}
 358              		
 359              	dd5:
 360 029e 4FF4827B 		ldr r11, = 0x104
 361 02a2 7047     		bx lr
 362              	dd6:
 363 02a4 40F2051B 		ldr r11, = 0x105
 364 02a8 7047     		bx lr
 365              	dd7:
 366 02aa 4FF4837B 		ldr r11, = 0x106
 367 02ae 7047     		bx lr
 368              	dd8:
 369 02b0 40F2071B 		ldr r11, = 0x107
 370 02b4 7047     		bx lr
 371              	dd9:
 372 02b6 4FF4847B 		ldr r11, = 0x108
 373 02ba 7047     		bx lr
 374              	dd10:
 375 02bc 40F2091B 		ldr r11, = 0x109
 376 02c0 7047     		bx lr
 377              	dd11:
 378 02c2 4FF4887B 		ldr r11, = 0x110
 379 02c6 7047     		bx lr
 380              	dd12:
 381 02c8 2DE9FF47 		        push {r0-r10,lr}
 382 02cc 7948     		        ldr r0, = wendu
 383 02ce 4FF00001 		        mov r1, # 0
 384 02d2 0160     		        str r1, [r0]
ARM GAS  1.s 			page 8


 385 02d4 784A     		        ldr r2, = 0x20000010
 386 02d6 1368     		        ldr r3, [r2]
 387 02d8 4FF00104 			mov r4, # 1
 388 02dc B3F5FA7F 			cmp r3, # 500
 389 02e0 04BF     			itt eq
 390 02e2 1160     			streq r1, [r2]
 391 02e4 0460     		        streq r4, [r0]
 392 02e6 40F2111B 			ldr r11, = 0x111
 393 02ea BDE8FF87 			pop {r0-r10,pc}
 394              		
 395              	dd13:
 396 02ee 4FF4897B 		ldr r11, = 0x112
 397 02f2 7047     		bx lr
 398              	dd14:
 399 02f4 40F2131B 		ldr r11, = 0x113
 400 02f8 7047     		bx lr
 401              	dd15:
 402 02fa 4FF48A7B 		ldr r11, = 0x114
 403 02fe 7047     		bx lr
 404              	dd16:
 405 0300 40F2151B 		ldr r11, = 0x115
 406 0304 7047     		bx lr
 407              	dd17:
 408 0306 4FF48B7B 		ldr r11, = 0x116
 409 030a 7047     		bx lr
 410              	dd18:
 411 030c 40F2171B 		ldr r11, = 0x117
 412 0310 7047     		bx lr
 413              	dd19:
 414 0312 3FB5     		push {r0-r5,lr}
 415 0314 694A     		ldr r2, = 0x4000082c
 416 0316 1268     		ldr r2, [r2]
 417 0318 5348     		ldr r0, = 0x20000600
 418 031a 0168     		ldr r1, [r0]
 419 031c 01F10A01 		add r1, r1, # 10
 420 0320 9142     		cmp r1, r2 
 421 0322 88BF     		it hi
 422 0324 1146     		movhi r1, r2
 423 0326 0160     		str r1, [r0]
 424 0328 4FF48C7B 		ldr r11, = 0x118
 425 032c 00F030F8 		bl qingchuanjian
 426 0330 3FBD     		pop {r0-r5,pc}
 427              	dd20:
 428 0332 40F2191B 		ldr r11, = 0x119
 429 0336 7047     		bx lr
 430              	dd21:
 431 0338 3FB5     		push {r0-r5,lr}
 432 033a 604A     		ldr r2, = 0x4000082c
 433 033c 1268     		ldr r2, [r2]
 434 033e 4A48     		ldr r0, = 0x20000600
 435 0340 0168     		ldr r1, [r0]
 436 0342 A1F10A01 		sub r1, r1, # 10
 437 0346 9142     		cmp r1, r2
 438 0348 88BF     		it hi
 439 034a 0021     		movhi r1, # 0
 440 034c 0160     		str r1, [r0]
 441 034e 4FF4907B 		ldr r11, = 0x120
ARM GAS  1.s 			page 9


 442 0352 00F01DF8 		bl qingchuanjian
 443 0356 3FBD     		pop {r0-r5,pc}
 444              	dd22:
 445 0358 40F2211B 		ldr r11, = 0x121
 446 035c 7047     		bx lr
 447              	dd23:
 448 035e 4FF4917B 		ldr r11, = 0x122
 449 0362 7047     		bx lr
 450              	dd24:
 451 0364 40F2231B 		ldr r11, = 0x123
 452 0368 7047     		bx lr
 453              	dd25:
 454 036a 4FF4927B 		ldr r11, = 0x124
 455 036e 7047     		bx lr
 456              	dd26:
 457 0370 40F2251B 		ldr r11, = 0x125
 458 0374 7047     		bx lr
 459              	dd27:
 460 0376 4FF4937B 		ldr r11, = 0x126
 461 037a 7047     		bx lr
 462              	dd28:
 463 037c 40F2271B 		ldr r11, = 0x127
 464 0380 7047     		bx lr
 465              	dd29:
 466 0382 4FF4947B 		ldr r11, = 0x128
 467 0386 7047     		bx lr
 468              		
 469              		
 470              	dd1:
 471 0388 3848     		ldr r0, = 0xe000e010
 472 038a 4FF00301 		mov r1, # 3
 473 038e 0160     		str r1, [r0]
 474              		
 475              		
 476              	
 477              	qingchuanjian:
 478 0390 03B5     		push {r0-r1,lr}
 479 0392 4B48     		ldr r0, = 0x200004f8
 480 0394 4FF00001 		mov r1, # 0
 481 0398 0160     		str r1, [r0]
 482 039a 4A48     		ldr r0, = 0x20000500
 483 039c 0160     		str r1, [r0]
 484 039e 03BD     		pop {r0-r1,pc}
 485              	anjian:
 486 03a0 2DE9FF5F 		push {r0-r12,lr}
 487 03a4 474B     		ldr r3, = 0x20000500      @解码后
 488 03a6 484D     		ldr r5, = hongwaimabiao   @按键码表
 489 03a8 4FF01506 		mov r6, # 21             @ 按键数量
 490 03ac 1A68     		ldr r2, [r3]
 491              	panduananjian:
 492 03ae 55F8044B 		ldr r4, [r5], # 4
 493 03b2 A242     		cmp r2, r4
 494 03b4 02D0     		beq anjianzhengque
 495 03b6 013E     		subs r6, # 1
 496 03b8 F9D1     		bne panduananjian
 497 03ba 01E0     		b anjianfanhui
 498              	anjianzhengque:
ARM GAS  1.s 			page 10


 499 03bc 404A     		ldr r2, = 0x200004f8
 500 03be 1660     		str r6, [r2]
 501              		
 502              	anjianfanhui:
 503 03c0 BDE8FF9F 		pop {r0-r12,pc}
 504              	_nmi_handler:
 505 03c4 7047     		bx lr
 506              	_hard_fault:
 507 03c6 7047     		bx lr
 508              	_memory_fault:
 509 03c8 7047     		bx lr
 510              	_bus_fault:
 511 03ca 7047     		bx lr
 512              	_usage_fault:
 513 03cc 7047     	 	bx lr
 514              	systickdingshiqi:              @ SYSTICK定时期中断服务
 515 03ce 0FB5     		push {r0-r3,lr}
 516 03d0 3948     		ldr r0, = 0x20000010
 517 03d2 0168     		ldr r1, [r0]
 518 03d4 01F10101 		add r1, # 1
 519 03d8 0160     		str r1, [r0]
 520 03da 0FBD     		pop {r0-r3,pc}
 521              		
 522              		
 523              	tim2dingshiqi:
 524 03dc 2DE9FF5F 		push {r0-r12,lr}
 525 03e0 1B4A     		ldr r2, = 0x200004fc
 526 03e2 3A48     		ldr r0, = 0x40000034
 527 03e4 1368     		ldr r3, [r2]
 528 03e6 0168     		ldr r1, [r0]  @ 读取时间
 529 03e8 B1F5604F 		cmp.w r1, # 0xe000
 530 03ec 1AD8     		bhi tim2fanhui
 531 03ee B1F5805F 		cmp.w r1, # 0x1000
 532 03f2 82BF     		ittt hi
 533 03f4 174C     		ldrhi r4, = 0x2200a000
 534 03f6 1460     		strhi r4, [r2]
 535 03f8 14E0     		bhi tim2fanhui
 536              		
 537 03fa FF29     		cmp r1, # 0xff
 538 03fc 81BF     		itttt hi
 539 03fe 12F80C5C 		ldrbhi r5, [r2, # - 0x0c]
 540 0402 0135     		addhi r5, # 1
 541 0404 02F80C5C 		strbhi r5, [r2, # - 0x0c]
 542 0408 0CE0     		bhi tim2fanhui
 543 040a A029     		cmp r1, # 0xa0
 544 040c 81BF     		itttt hi
 545 040e 0126     		movhi r6, # 1
 546 0410 43F8046B 		strhi r6, [r3], # 4
 547 0414 1360     		strhi r3, [r2]
 548 0416 05E0     		bhi tim2fanhui
 549              		
 550 0418 6029     		cmp r1, # 0x60
 551 041a 82BF     		ittt hi
 552 041c 0026     		movhi r6, # 0
 553 041e 43F8046B 		strhi r6, [r3], # 4
 554 0422 1360     		strhi r3, [r2]
 555              		
ARM GAS  1.s 			page 11


 556              	tim2fanhui:
 557 0424 2A48     		ldr r0, = 0x40000024
 558 0426 4FF00001 		mov r1,  # 0
 559 042a 0160     		str r1, [r0]
 560 042c BDE8FF9F 		pop {r0-r12,pc}
 561 0430 04000140 		
 561      00100240 
 561      834D0100 
 561      00200240 
 561      04100240 
ARM GAS  1.s 			page 12


DEFINED SYMBOLS
                 1.s:4      .data:00000000 $d
                 1.s:6      .data:00000000 shumaguanmabiao
                 1.s:7      .data:0000000a hongwaimabiao
                 1.s:8      .data:0000005a shuaxinbiao
                 1.s:9      .data:00000063 caidian
                 1.s:324    .text:0000024c zhucaidan
                 1.s:470    .text:00000388 dd1
                 1.s:331    .text:0000025e dd2
                 1.s:334    .text:00000264 dd3
                 1.s:346    .text:0000027e dd4
                 1.s:359    .text:0000029e dd5
                 1.s:362    .text:000002a4 dd6
                 1.s:365    .text:000002aa dd7
                 1.s:368    .text:000002b0 dd8
                 1.s:371    .text:000002b6 dd9
                 1.s:374    .text:000002bc dd10
                 1.s:377    .text:000002c2 dd11
                 1.s:380    .text:000002c8 dd12
                 1.s:395    .text:000002ee dd13
                 1.s:398    .text:000002f4 dd14
                 1.s:401    .text:000002fa dd15
                 1.s:404    .text:00000300 dd16
                 1.s:407    .text:00000306 dd17
                 1.s:410    .text:0000030c dd18
                 1.s:413    .text:00000312 dd19
                 1.s:427    .text:00000332 dd20
                 1.s:430    .text:00000338 dd21
                 1.s:444    .text:00000358 dd22
                 1.s:447    .text:0000035e dd23
                 1.s:450    .text:00000364 dd24
                 1.s:453    .text:0000036a dd25
                 1.s:456    .text:00000370 dd26
                 1.s:459    .text:00000376 dd27
                 1.s:462    .text:0000037c dd28
                 1.s:465    .text:00000382 dd29
                 1.s:11     .data:000000db yuefenbiao
                 1.s:12     *ABS*:20005000 STACKINIT
                 1.s:13     *ABS*:20000300 systickbiaozhi
                 1.s:14     *ABS*:42210184 wendu
                 1.s:17     .text:00000000 xiangliangbiao
                 1.s:85     .text:0000010c _start
                 1.s:504    .text:000003c4 _nmi_handler
                 1.s:506    .text:000003c6 _hard_fault
                 1.s:508    .text:000003c8 _memory_fault
                 1.s:510    .text:000003ca _bus_fault
                 1.s:512    .text:000003cc _usage_fault
                 1.s:514    .text:000003ce systickdingshiqi
                 1.s:523    .text:000003dc tim2dingshiqi
                            .text:00000000 $d
                 1.s:86     .text:0000010c $t
                 1.s:94     .text:0000011c gsszbz
                 1.s:100    .text:00000128 rccchushihua
                 1.s:110    .text:0000013c chaxun
                 1.s:116    .text:00000148 rccgg
                 1.s:125    .text:00000156 neicunqingling
                 1.s:129    .text:00000162 qingling_xunhuan
ARM GAS  1.s 			page 13


                 1.s:134    .text:0000016a chushihuayixieshuju
                 1.s:155    .text:00000190 systick
                 1.s:178    .text:000001ae waisheshizhong
                 1.s:198    .text:000001c4 zhongduankongzhi
                 1.s:220    .text:000001da dmachushihua
                 1.s:221    *ABS*:40020000 DMA1
                 1.s:241    .text:000001ee timdingshiqi
                 1.s:282    .text:00000214 tim1dingshiqi
                 1.s:297    .text:00000232 IOshezhi
                 1.s:477    .text:00000390 qingchuanjian
                 1.s:485    .text:000003a0 anjian
                 1.s:491    .text:000003ae panduananjian
                 1.s:498    .text:000003bc anjianzhengque
                 1.s:502    .text:000003c0 anjianfanhui
                 1.s:556    .text:00000424 tim2fanhui
                 1.s:561    .text:00000430 $d

NO UNDEFINED SYMBOLS
