ARM GAS  111.s 			page 1


   1              	  	.thumb                 
   2              	        .syntax unified
   3              	
   4              	.section .data
   5              		.align 4
   6 0000 32303135 	shijian:	 .ascii "2015-06-01"
   6      2D30362D 
   6      3031
   7 000a 594A4D57 	AYJMWXWX:	 .ascii "YJMWXWX"
   7      585758
   8 0011 53544D33 	ASTM32ASM:	 .ascii "STM32ASM"
   8      3241534D 
   9 0019 4D56     	dianyamv:	 .ascii "MV"
  10 001b 2E       	dian:	         .ascii "."
  11 001c 2743     	duxi:	         .ascii "'C"
  12 001e 54494D33 	tim3xianshi:	 .ascii "TIM3"
  13 0022 484F4E47 	ahongwai:	 .ascii "HONGWAI"
  13      574149
  14 0029 414E4A49 	aanjian:	 .ascii "ANJIAN"
  14      414E
  15 002f 3E       	guangbiao:	 .ascii ">"
  16              	lcdcsh:
  17 0030 00000100 		.short 0x0000,0x0001,0x0015,0x0030,0x009a,0x0010,0x0011,0x0020,0x0010,0x3428,0x0012,0x0002,0x0013,
  17      15003000 
  17      9A001000 
  17      11002000 
  17      10002834 
  18              		
  19 00c4 00000100 	hongwaijiema:	.int 0x10000,0x20000,0x30000,0xff000,0x22006180
  19      00000200 
  19      00000300 
  19      00F00F00 
  19      80610022 
  20 00d8 5DA2FF00 	hongwaimabiao:	.int 0xffa25d,0xff629d,0xffe21d,0xff22dd,0xff02fd,0xffc23d,0xffe01f,0xffa857,0xff906
  20      9D62FF00 
  20      1DE2FF00 
  20      DD22FF00 
  20      FD02FF00 
  21              	lcdmabiao:
  22 0128 00000000 		.byte 0x00,0x00,0x00,0x00,0x00,0x00,0x00,0x00,0x00,0x00,0x00,0x00,0x00,0x00,0x00,0x00,0x00,0x00,0x
  22      00000000 
  22      00000000 
  22      00000000 
  22      00000008 
  23 04d8 E6010000 	caidan:	 .word adcchushihua, systick
  23      96010000 
  24              		
  25              	
  26              	        .equ STACKINIT, 	0x20005000
  27              		.equ lcdyanshia, 	40000
  28              		
  29              		
  30              		
  31              		
  32              	.section .text
  33              	vectors:        
  34 0000 00500020 	        .word STACKINIT         
ARM GAS  111.s 			page 2


  35 0004 B9000000 	        .word _start + 1        
  36 0008 89060000 	        .word _nmi_handler + 1  
  37 000c 8B060000 	        .word _hard_fault  + 1  
  38 0010 8D060000 	        .word _memory_fault + 1 
  39 0014 8F060000 	        .word _bus_fault + 1    
  40 0018 91060000 	        .word _usage_fault + 1 
  41 001c 00000000 		.word 0
  42 0020 00000000 		.word 0
  43 0024 00000000 		.word 0
  44 0028 00000000 		.word 0
  45 002c 00000000 		.word 0
  46 0030 00000000 		.word 0
  47 0034 00000000 		.word 0 
  48 0038 00000000 		.word 0
  49 003c 93060000 		.word _dingshiqi + 1
  50 0040 00000000 		.word 0
  51 0044 00000000 		.word 0
  52 0048 00000000 		.word 0
  53 004c 00000000 		.word 0
  54 0050 00000000 		.word 0
  55 0054 00000000 		.word 0
  56 0058 00000000 		.word 0
  57 005c 95060000 		.word _extzhongduan + 1
  58 0060 00000000 		.word 0
  59 0064 00000000 		.word 0
  60 0068 00000000 		.word 0
  61 006c 00000000 		.word 0
  62 0070 00000000 		.word 0
  63 0074 00000000 		.word 0
  64 0078 00000000 		.word 0
  65 007c 00000000 		.word 0
  66 0080 00000000 		.word 0
  67 0084 00000000 		.word 0
  68 0088 00000000 		.word 0
  69 008c 00000000 		.word 0
  70 0090 00000000 		.word 0
  71 0094 00000000 		.word 0
  72 0098 00000000 		.word 0
  73 009c 00000000 		.word 0
  74 00a0 00000000 		.word 0
  75 00a4 00000000 		.word 0
  76 00a8 00000000 		.word 0
  77 00ac 00000000 		.word 0
  78 00b0 00000000 		.word 0
  79 00b4 21070000 		.word _tim3dingshiqi + 1
  80              		
  81              	_start:
  82              	chushihua:
  83 00b8 DFF87406 		ldr r0, = 0x20000014
  84 00bc 4FF00001 		mov r1, # 0
  85 00c0 0160     		str r1, [r0]
  86 00c2 4160     		str r1, [r0, # 4]
  87 00c4 DFF86C06 		ldr r0, = 0x20000300
  88 00c8 4FF00001 		mov r1, # 0
  89 00cc 0161     		str r1, [r0, # 0x10]
  90 00ce 4161     		str r1, [r0, # 0x14]
  91 00d0 8161     		str r1, [r0, # 0x18]
ARM GAS  111.s 			page 3


  92 00d2 C161     		str r1, [r0, # 0x1c]
  93 00d4 8160     		str r1, [r0, # 8]
  94 00d6 DFF86016 		ldr r1, = 0x22006200
  95 00da 0160     		str r1, [r0]
  96 00dc 4FF00001 		mov r1, # 0
  97 00e0 4160     		str r1, [r0, # 4]
  98              	@@AFIO-MAPR 开SWD模式
  99 00e2 DFF85806 		ldr r0, = 0x40010004
 100 00e6 DFF85816 		ldr r1, = 0x02000000
 101 00ea 0160     		str r1, [r0]
 102              	shizhong:
 103 00ec DFF85406 		ldr r0, = 0x40021000
 104 00f0 DFF85416 		ldr r1, = 0x14D83
 105 00f4 0160     		str r1, [r0]
 106              	gsszbz: 
 107 00f6 0268     		ldr r2, [r0]
 108 00f8 DFF85016 		ldr r1, = 0x20000
 109 00fc 1142     		tst r1, r2           @高速时钟标志位           
 110 00fe 00D1     		bne rccchushihua
 111 0100 F9E7     		b gsszbz
 112              	rccchushihua: 
 113 0102 DFF84C06 		ldr r0, = 0x40022000
 114 0106 4FF03201 		mov r1, # 0x00000032
 115 010a 0160     		str r1, [r0]           @FLASH缓冲 缓冲开启 
 116 010c DFF84406 		ldr r0, = 0x40021004
 117 0110 DFF84416 		ldr r1, = 0x1D8400
 118 0114 0160     		str r1, [r0]
 119 0116 DFF82C06 		ldr r0, = 0x40021000
 120 011a DFF84016 		ldr r1, = 0x1033D03
 121 011e 0160     		str r1, [r0]
 122              	chaxun:
 123 0120 0268     		ldr r2, [r0]
 124 0122 DFF81C16 		ldr r1, = 0x2000000
 125 0126 1142     		tst r1, r2
 126 0128 00D1     		bne rccgg
 127 012a F9E7     		b chaxun
 128              	rccgg:
 129 012c DFF82406 		ldr r0, = 0x40021004
 130 0130 DFF82C16 		ldr r1, = 0x1d8402
 131 0134 0160     		str r1, [r0]
 132              	
 133 0136 DFF82C06 		ldr r0, = 0x40021018 @rcc_apb2_enr
 134 013a 40F23D21 		movw r1, # 0x23d
 135 013e 0160     		str r1, [r0]
 136              	
 137 0140 DFF82406 		ldr r0, = 0x4002101c @ rcc_apb1_enr
 138 0144 4FF00201 		mov r1, # 0x02
 139 0148 0160     		str r1, [r0] @ 开TIM3时钟
 140              	tim3chushihua:
 141 014a DFF82006 		ldr r0, = 0x40000400
 142 014e 4FF07001 		mov r1, # 0x70
 143 0152 8161     		str r1, [r0, # 0x18] @ccmr1
 144 0154 4FF00101 		mov r1, # 1
 145 0158 0162     		str r1, [r0, # 0x20] @ ccer
 146 015a 4FF04801 		mov r1, # 72
 147 015e 8162     		str r1, [r0, # 0x28]     @ psc fenpin
 148 0160 DFF80C16 		ldr r1, = 0x100
ARM GAS  111.s 			page 4


 149 0164 C162     		str r1, [r0, # 0x2c]     @ arr 重载
 150 0166 DFF80C16 		ldr r1, = 0x50
 151 016a 4163     		str r1, [r0, # 0x34]  @ ccr1
 152 016c 4FF00101 		mov r1, # 1
 153 0170 0160     		str r1, [r0]  @ cr1
 154              		
 155              		
 156              	
 157              		
 158              	zhongduan:
 159 0172 DFF80406 		ldr r0, = 0xe000ed0c
 160 0176 DFF80416 		ldr r1, = 0x5fa0500
 161 017a 0160     		str r1, [r0]
 162              	
 163 017c DFF80006 		ldr r0, = 0xe000e100 @setpend0
 164 0180 DFF80016 		ldr r1, = 0x20000080
 165 0184 0160     		str r1, [r0]
 166              	
 167 0186 DFF80006 		ldr r0, = 0xe000e400
 168 018a 4FF00301 		mov r1, # 3
 169 018e 4160     		str r1, [r0, # 0x04]
 170 0190 4FF0EA01 		mov r1, # 234
 171 0194 C160     		str r1, [r0, # 0x0c]
 172              		
 173              	
 174              	systick:
 175 0196 DFF8F405 		ldr r0, = 0xe000e010
 176 019a 4FF00001 		mov r1, # 0
 177 019e 0160     		str r1, [r0] 
 178 01a0 DFF8EC15 		ldr r1, = 0xffffff
 179 01a4 4160     		str r1, [r0, # 4]
 180 01a6 8160     		str r1, [r0, # 8]
 181 01a8 4FF00001 		mov r1, # 0
 182 01ac 0160     		str r1, [r0]
 183 01ae DFF8E405 		ldr r0, = 0xe000ed23  @systick优先级
 184 01b2 4FF0F001 		mov r1, # 240
 185 01b6 0160     		str r1, [r0]
 186              	wangbuzhongduanchushihua:
 187 01b8 DFF8DC05 		ldr r0, = 0x40010008 @ afio_exticr1
 188 01bc 4FF00001 		mov r1, # 0
 189 01c0 0160     		str r1, [r0]
 190 01c2 DFF8D805 		ldr r0, = 0x40010400 @ exti_imr 中断屏蔽
 191 01c6 4FF00201 		mov r1, # 0x02
 192 01ca 0160     		str r1, [r0]
 193 01cc 4160     		str r1, [r0, # 0x04] @ exti_emr 事件屏蔽
 194 01ce C160     		str r1, [r0, # 0x0c] @ exti_ftsr 下降沿触发
 195              	led1chushihua:
 196 01d0 DFF8CC05 		ldr r0, = 0x40011400
 197 01d4 DFF8CC15 		ldr r1, = 0x44444344
 198 01d8 0160     		str r1, [r0]
 199              	
 200 01da 4FF00401 		mov r1, # 4
 201 01de C160     		str r1, [r0, # 12]
 202 01e0 DFF8C405 		ldr r0, = 0x20000010
 203 01e4 0160     		str r1, [r0]
 204              		
 205              		
ARM GAS  111.s 			page 5


 206              	adcchushihua:
 207 01e6 DFF8C405 		ldr r0, = 0x4001240c
 208 01ea DFF8C415 		ldr r1, = 0x1c0000
 209 01ee 0160     		str r1, [r0]
 210 01f0 DFF8C005 		ldr r0, = 0x40012434
 211 01f4 4FF01001 		mov r1, # 0x10
 212 01f8 0160     		str r1, [r0]
 213 01fa DFF8BC05 		ldr r0, = 0x40012408
 214 01fe DFF8BC15 		ldr r1, = 0x9e0009
 215 0202 0160     		str r1, [r0]
 216              		
 217              	adcjiaozhun:
 218 0204 0168     		ldr r1, [r0]
 219 0206 11F0080F 		tst r1, # 0x8
 220 020a FBD1     		bne adcjiaozhun
 221 020c DFF8B015 		ldr r1, = 0x9e005
 222 0210 0160     		str r1, [r0]
 223              	adcjiaozhun1:
 224 0212 0168     		ldr r1, [r0]
 225 0214 11F0040F 		tst r1, # 0x4
 226 0218 FBD1     		bne adcjiaozhun1
 227 021a DFF8A825 		ldr r2, = 0x4001244c
 228 021e 1268     		ldr r2, [r2]
 229 0220 DFF8A415 		ldr r1, = 0x2000011c
 230 0224 0A60     		str r2, [r1]
 231 0226 DFF8A415 		ldr r1, = 0xde0003
 232 022a 0160     		str r1, [r0]
 233              	
 234              		
 235              	ioshezhi:
 236 022c DFF8A005 		ldr r0, = 0x40010800
 237 0230 DFF8A015 		ldr r1, = 0x4A444484
 238 0234 0160     		str r1, [r0]
 239 0236 4FF00201 		mov r1, # 0x02
 240 023a C160     		str r1, [r0, # 0x0c]
 241              		
 242              	
 243              		
 244              		@@AFIO-MAPR 开SWD
 245 023c DFF8FC04 		ldr r0, = 0x40010004
 246 0240 DFF8FC14 		ldr r1, = 0x02000000
 247 0244 0160     		str r1, [r0]
 248 0246 DFF89005 		ldr r0, = 0x40011000
 249 024a DFF89015 		ldr r1, = 0x33444444 
 250 024e 0160     		str r1, [r0]
 251 0250 DFF88C15 		ldr r1, = 0x44444333
 252 0254 4160     		str r1, [r0, # 4]
 253 0256 DFF88C15 		ldr r1, = 0x7c0
 254 025a C160     		str r1, [r0, # 0xc]
 255 025c DFF88805 		ldr r0, = 0x40010C00
 256 0260 DFF88815 		ldr r1, = 0x33333333
 257 0264 0160     		str r1, [r0]
 258 0266 DFF88415 		ldr r1, = 0x33333333
 259 026a 4160     		str r1, [r0, # 4]
 260 026c DFF88015 		ldr r1, = 0xffff
 261 0270 C160     		str r1, [r0, # 0xc]
 262 0272 DFF88055 		ldr r5, = lcdyanshia
ARM GAS  111.s 			page 6


 263 0276 4FF00006 		mov r6, # 0
 264 027a 4FF00002 		mov r2, # 0
 265              	lcdchushihua:
 266 027e 06F10106 		add r6, # 1
 267 0282 DFF87405 		ldr r0, = lcdcsh
 268 0286 845A     		ldrh r4, [r0, r2]
 269 0288 02F10202 		add r2, # 2
 270 028c 875A     		ldrh r7, [r0, r2]
 271 028e 02F10202 		add r2, # 2
 272 0292 012E     		cmp r6, # 1
 273 0294 0BD0     		beq yanshi1
 274 0296 072E     		cmp r6, # 7
 275 0298 09D0     		beq yanshi1
 276 029a 082E     		cmp r6, # 8
 277 029c 07D0     		beq yanshi1
 278 029e 0A2E     		cmp r6, # 10
 279 02a0 05D0     		beq yanshi1
 280 02a2 00F02DF8 		bl lcdchushihua2
 281              		
 282              	lcd1:
 283 02a6 942A     		cmp r2, # 0x94
 284 02a8 00F2C180 		bhi tiaochulcdchushihua
 285 02ac E7E7     		b lcdchushihua
 286              		
 287              	yanshi1:
 288 02ae 00F027F8 		bl lcdchushihua2
 289 02b2 00F0A3F8 		bl yanshi
 290 02b6 F6E7     		b lcd1
 291              	lcdbeijingse:
 292              		@r0hangqishi r2lieqishi r1hangjieshu r3liejieshu r6yanse
 293 02b8 2DE9FF41 		push {r0-r8, lr}
 294 02bc E846     		mov r8, r13
 295              	xxxxxx:
 296 02be 4FF02004 		mov r4, # 0x20
 297 02c2 0746     		mov r7, r0
 298 02c4 00F01CF8 		bl lcdchushihua2
 299 02c8 00F10100 		add r0, # 1
 300 02cc 8842     		cmp r0, r1
 301 02ce 04D1     		bne yyyyyy
 302 02d0 4FF00000 		mov r0, # 0
 303 02d4 C546     		mov r13, r8
 304 02d6 BDE8FF81 		pop {r0-r8, pc}
 305              		
 306              	yyyyyy:
 307 02da 4FF02104 		mov r4, # 0x21
 308 02de 1746     		mov r7, r2
 309 02e0 00F00EF8 		bl lcdchushihua2
 310 02e4 02F10102 		add r2, # 1
 311 02e8 B2EB030F 		cmp.w r2, r3
 312 02ec 02D1     		bne xielcd
 313 02ee 4FF00002 		mov r2, # 0
 314 02f2 E4E7     		b xxxxxx
 315              	xielcd:
 316 02f4 4FF02204 		mov r4, # 0x22
 317 02f8 3746     		mov r7, r6
 318 02fa 00F001F8 		bl lcdchushihua2
 319 02fe ECE7     		b yyyyyy
ARM GAS  111.s 			page 7


 320              	
 321              	lcdchushihua2:
 322 0300 2DE98B41 		push {r0,r1,r3,r7,r8,lr}
 323 0304 E846     		mov r8, r13
 324 0306 DFF8F404 		ldr r0, = 0x4001100c
 325 030a 4FF49861 		mov r1, # 0x4c0
 326 030e 0160     		str r1, [r0]
 327 0310 DFF8EC34 		ldr r3, = 0x40010c0c
 328 0314 1C60     		str r4, [r3]
 329 0316 4FF48861 		mov r1, # 0x440
 330 031a 0160     		str r1, [r0]
 331 031c 4FF4F861 		mov r1, # 0x7c0
 332 0320 0160     		str r1, [r0]
 333 0322 4FF4B861 		mov r1, # 0x5c0
 334 0326 0160     		str r1, [r0]
 335 0328 1F60     		str r7, [r3]
 336 032a 4FF4A861 		mov r1, # 0x540
 337 032e 0160     		str r1, [r0]
 338 0330 4FF4F861 		mov r1, # 0x7c0
 339 0334 0160     		str r1, [r0]
 340 0336 C546     		mov r13, r8
 341 0338 BDE88B81 		pop {r0,r1,r3,r7,r8,pc}
 342              		
 343              	lcdxiedongxi:
 344 033c 2DE9FF5F 		push {r0-r12, lr}
 345 0340 6D46     		mov r5, r13
 346 0342 4FF00003 		mov r3, # 0
 347 0346 4FF00008 		mov r8, # 0
 348 034a 4FF00009 		mov r9, # 0
 349              	qulcdma:
 350 034e DFF8B4B4 		ldr r11, = lcdmabiao	
 351 0352 C15C     	        ldrb r1, [r0, r3]
 352 0354 03F10103 		add r3, # 1
 353 0358 A1F12004 		sub r4, r1, # 32
 354 035c 4FF01007 		mov r7, # 16
 355 0360 04FB07F4 		mul r4, r4, r7
 356 0364 A344     		add r11, r4
 357 0366 DFF8A014 		ldr r1, = 0x20000200
 358 036a 0968     		ldr r1, [r1]
 359 036c 8B42     		cmp r3, r1
 360 036e 04D1     		bne xiezi
 361 0370 4FF00003 		mov r3, # 0
 362 0374 AD46     		mov r13, r5
 363 0376 BDE8FF9F 		pop {r0-r12, pc}
 364              		
 365              		
 366              	xiezi:
 367 037a 1BF80860 		ldrb r6, [r11, r8]
 368 037e 4FF02104 		mov r4, # 0x21
 369 0382 08EB0207 		add r7, r8, r2
 370 0386 FFF7BBFF 		bl lcdchushihua2
 371 038a 08F10108 		add r8, # 1
 372 038e B8F1100F 		cmp r8, # 16
 373 0392 10D1     		bne  xiezi1
 374 0394 4FF00008 		mov r8, # 0
 375 0398 0CF1080C 		add r12, # 8
 376 039c BCF1F00F 		cmp r12, # 240
ARM GAS  111.s 			page 8


 377 03a0 D5D9     		bls qulcdma
 378 03a2 4FF0000C 		mov r12, # 0
 379 03a6 02F12002 		add r2, # 32
 380 03aa B2F5A07F 		cmp r2, # 320
 381 03ae CED9     		bls qulcdma
 382 03b0 4FF00002 		mov r2, # 0
 383 03b4 CBE7     		b qulcdma
 384              		
 385              	xiezi1:
 386 03b6 4FF02004 		mov r4, # 0x20
 387 03ba 09EB0C07 		add r7, r9, r12
 388 03be FFF79FFF 		bl lcdchushihua2
 389 03c2 09F10109 		add r9, # 1
 390 03c6 B9F1080F 		cmp r9, # 8
 391 03ca 02D1     		bne lcdyu
 392 03cc 4FF00009 		mov r9, # 0
 393 03d0 D3E7     		b xiezi
 394              	lcdyu:
 395 03d2 16F0010F 		tst r6, # 0x01
 396 03d6 08D1     		bne lcdxiezi
 397              	lcdxiezi1:
 398 03d8 4FF02204 		mov r4, # 0x22
 399 03dc 4FF60007 		movw r7, # 0xf800
 400 03e0 FFF78EFF 		bl lcdchushihua2
 401 03e4 4FEA7606 		ror r6, # 1
 402 03e8 E5E7     		b xiezi1
 403              	lcdxiezi:
 404 03ea 4FF02204 		mov r4, # 0x22
 405 03ee 4FF01F07 		mov r7, # 0x1f
 406 03f2 FFF785FF 		bl lcdchushihua2
 407 03f6 4FEA7606 		ror r6, # 1
 408 03fa DCE7     		b xiezi1
 409              	yanshi:
 410 03fc 013D     		subs r5, # 1
 411 03fe FDD1     		bne yanshi
 412 0400 FC4D     		ldr r5, = lcdyanshia
 413 0402 7047     		bx lr
 414              		
 415              	shijinzhizhuanakesima: @ 十进制转ASCII
 416 0404 2DE9DB41 		push {r0,r1,r3,r4,r6,r7,r8,lr}
 417 0408 E846     		mov r8, r13
 418 040a 3168     		ldr r1, [r6]
 419 040c 4FF00A04 		mov r4, # 10
 420              	zhuanhuanaks:
 421 0410 013B     		subs r3, # 1
 422 0412 B1FBF4F6 		udiv r6, r1, r4
 423 0416 06FB04F7 		mul r7, r6, r4
 424 041a A1EB0707 		sub r7, r1, r7
 425 041e 07F13007 		add r7, # 0x30
 426 0422 C754     		strb r7, [r0, r3]
 427 0424 3146     		mov r1, r6
 428 0426 F3D1     		bne zhuanhuanaks
 429 0428 C546     		mov r13, r8
 430 042a BDE8DB81 		pop {r0,r1,r3,r4,r6,r7,r8,pc}
 431              	
 432              		
 433              		
ARM GAS  111.s 			page 9


 434              	tiaochulcdchushihua:
 435 042e 4FF00000 		mov r0, # 0       @行起始
 436 0432 4FF0F001 		mov r1, # 240     @行结束
 437 0436 4FF00002 		mov r2, # 0       @列起始
 438 043a 40F24013 		movw r3, # 320    @列结束
 439 043e 4FF60006 		movw r6, # 0xf800 @颜色
 440 0442 FFF739FF 		bl lcdbeijingse     @lcd背景色
 441              		
 442 0446 F048     		ldr r0, = 0x20000200  @ 显示位数
 443 0448 4FF00901 		mov r1, # 9
 444 044c 0160     		str r1, [r0]
 445 044e 4FF04002 		mov r2, # 64           @ 列偏移 
 446 0452 4FF0200C 		mov r12, # 32          @ 行偏移
 447 0456 ED48     		ldr r0, = ASTM32ASM    @ 显示的东西
 448 0458 FFF770FF 		bl lcdxiedongxi
 449 045c EA48     		ldr r0, = 0x20000200
 450 045e 4FF00801 		mov r1, # 8
 451 0462 0160     		str r1, [r0]
 452 0464 4FF05002 		mov r2, # 80
 453 0468 4FF0200C 		mov r12, # 32
 454 046c E848     		ldr r0, = AYJMWXWX
 455 046e FFF765FF 		bl lcdxiedongxi
 456 0472 E548     		ldr r0, = 0x20000200
 457 0474 4FF00B01 		mov r1, # 11
 458 0478 0160     		str r1, [r0]
 459 047a 4FF06002 		mov r2, # 96
 460 047e 4FF0200C 		mov r12, # 32
 461 0482 E448     		ldr r0, = shijian
 462 0484 FFF75AFF 		bl lcdxiedongxi
 463 0488 DF48     		ldr r0, = 0x20000200
 464 048a 4FF00301 		mov r1, # 3
 465 048e 0160     		str r1, [r0]
 466 0490 4FF07002 		mov r2, # 112
 467 0494 4FF0700C 		mov r12, # 112
 468 0498 DF48     		ldr r0, = dianyamv
 469 049a FFF74FFF 		bl lcdxiedongxi
 470              	
 471              	adchaofu:	
 472 049e DA48     	        ldr r0, = 0x20000200
 473 04a0 4FF00701 		mov r1, # 7
 474 04a4 0160     		str r1, [r0]
 475 04a6 4FF07002 		mov r2, # 112
 476 04aa 4FF0200C 		mov r12, # 32
 477 04ae C54E     		ldr r6, = 0x4001244c
 478 04b0 3068     		ldr r0, [r6]
 479 04b2 C549     		ldr r1, = 0x2000011c
 480 04b4 D94E     		ldr r6, = 0x2000010c
 481 04b6 0968     		ldr r1, [r1]
 482 04b8 A0EB0100 		sub r0, r1
 483 04bc 40F25233 		movw r3, # 850
 484 04c0 03FB00F0 		mul r0, r3
 485 04c4 4FEA9020 		lsr r0, # 10
 486 04c8 3060     		str r0, [r6]
 487 04ca 4FF00603 		mov r3, # 6
 488 04ce D448     		ldr r0, = 0x20000100
 489 04d0 FFF798FF 		bl shijinzhizhuanakesima
 490 04d4 FFF732FF 		bl lcdxiedongxi
ARM GAS  111.s 			page 10


 491              	xianshiwendu:
 492 04d8 CB49     		ldr r1, = 0x20000200
 493 04da 4FF00403 		mov r3, # 4
 494 04de 0B60     		str r3, [r1]
 495 04e0 4FF08002 		mov r2, # 128
 496 04e4 4FF0200C 		mov r12, # 32
 497 04e8 B64E     		ldr r6, = 0x4001244c
 498 04ea 3068     		ldr r0, [r6]
 499 04ec B649     		ldr r1, = 0x2000011c
 500 04ee 0968     		ldr r1, [r1]
 501 04f0 A0EB0100 		sub r0, r1
 502 04f4 40F25233 		movw r3, # 850
 503 04f8 03FB00F0 		mul r0, r3
 504 04fc 4FEA9020 		lsr r0, # 10
 505 0500 4FF47A71 		mov r1, # 1000
 506 0504 00FB01F0 		mul r0, r0, r1
 507 0508 C64C     		ldr r4, = 1430000
 508 050a A4EB0004 		sub r4, r0
 509 050e 4FF02B03 		mov r3, # 43
 510 0512 B4FBF3F0 		udiv r0, r4, r3
 511 0516 40F6C414 		movw r4, # 2500
 512 051a 2044     		add r0, r4
 513 051c C24E     		ldr r6, = 0x20000108
 514 051e 3060     		str r0, [r6]
 515 0520 4FF00503 		mov r3, # 5
 516 0524 BE48     		ldr r0, = 0x20000100
 517 0526 FFF76DFF 		bl shijinzhizhuanakesima
 518 052a FFF707FF 		bl lcdxiedongxi
 519 052e B648     		ldr r0, = 0x20000200
 520 0530 4FF00501 		mov r1, # 5
 521 0534 0160     		str r1, [r0]
 522 0536 4FF08002 		mov r2, # 128
 523 053a 4FF0400C 		mov r12, # 64
 524 053e BA4E     		ldr r6, = 0x20000108
 525 0540 4FF00203 		mov r3, # 2
 526 0544 B648     		ldr r0, = 0x20000100
 527 0546 FFF75DFF 		bl shijinzhizhuanakesima
 528 054a FFF7F7FE 		bl lcdxiedongxi
 529              		
 530              		
 531              	
 532              		
 533 054e AE48     		ldr r0, = 0x20000200
 534 0550 4FF00201 		mov r1, # 2
 535 0554 0160     		str r1, [r0]
 536 0556 4FF08002 		mov r2, # 128
 537 055a 4FF0380C 		mov r12, # 56
 538 055e B348     		ldr r0, = dian
 539 0560 FFF7ECFE 		bl lcdxiedongxi
 540              	
 541 0564 A848     		ldr r0, = 0x20000200
 542 0566 4FF00301 		mov r1, # 3
 543 056a 0160     		str r1, [r0]
 544 056c 4FF08002 		mov r2, # 128
 545 0570 4FF0700C 		mov r12, # 112
 546 0574 AE48     		ldr r0, = duxi
 547 0576 FFF7E1FE 		bl lcdxiedongxi
ARM GAS  111.s 			page 11


 548              	
 549 057a A348     		ldr r0, = 0x20000200
 550 057c 4FF00501 		mov r1, # 5
 551 0580 0160     		str r1, [r0]
 552 0582 4FF09002 		mov r2, # 144
 553 0586 4FF0200C 		mov r12, # 32
 554 058a AA48     		ldr r0, = tim3xianshi
 555 058c FFF7D6FE 		bl lcdxiedongxi
 556              	
 557 0590 9D48     		ldr r0, = 0x20000200
 558 0592 4FF00901 		mov r1, # 9
 559 0596 0160     		str r1, [r0]
 560 0598 4FF09002 		mov r2, # 144
 561 059c 4FF0580C 		mov r12, # 88
 562 05a0 9F48     		ldr r0, = 0x20000100
 563 05a2 814E     		ldr r6, = 0x20000010
 564 05a4 4FF00803 		mov r3, # 8
 565 05a8 FFF72CFF 		bl shijinzhizhuanakesima
 566 05ac FFF7C6FE 		bl lcdxiedongxi
 567              	
 568 05b0 9548     		ldr r0, = 0x20000200
 569 05b2 4FF00801 		mov r1, # 8
 570 05b6 0160     		str r1, [r0]
 571 05b8 4FF0A002 		mov r2, # 160
 572 05bc 4FF0200C 		mov r12, # 32
 573 05c0 9D48     		ldr r0, = ahongwai
 574 05c2 FFF7BBFE 		bl lcdxiedongxi
 575              	
 576 05c6 9048     		ldr r0, = 0x20000200
 577 05c8 4FF00901 		mov r1, # 9
 578 05cc 0160     		str r1, [r0]
 579 05ce 4FF0A002 		mov r2, # 160
 580 05d2 4FF0680C 		mov r12, # 104
 581 05d6 994E     		ldr r6, = 0x2000030c
 582 05d8 4FF00803 		mov r3, # 8
 583 05dc 9048     		ldr r0, = 0x20000100
 584 05de FFF711FF 		bl shijinzhizhuanakesima
 585 05e2 FFF7ABFE 		bl lcdxiedongxi
 586              	hongwaianjianpanduan:  
 587 05e6 9548     		ldr r0, = 0x2000030c @ 红外码
 588 05e8 9549     		ldr r1, = hongwaimabiao
 589 05ea 50F8044C 		ldr r4, [r0, # - 4]
 590 05ee 0268     		ldr r2, [r0]
 591 05f0 0B59     		ldr r3, [r1, r4]
 592 05f2 04F10404 		add r4, # 4
 593 05f6 40F8044C 		str r4, [r0, # - 4]
 594 05fa 542C     		cmp r4, # 84
 595 05fc 03D1     		bne bijiaoanjian
 596 05fe 4FF00004 		mov r4, # 0
 597 0602 40F8044C 		str r4, [r0, # - 4]
 598              	bijiaoanjian:
 599 0606 9A42     		cmp r2, r3
 600 0608 04D1     		bne anjianxianshi
 601              	nageanjian:
 602 060a 50F8041C 		ldr r1, [r0, # - 4]
 603 060e 4FEA9101 		lsr r1, # 2
 604 0612 8160     		str r1, [r0, # 8]
ARM GAS  111.s 			page 12


 605              	anjianxianshi:
 606 0614 7C48     		ldr r0, = 0x20000200
 607 0616 4FF00701 		mov r1, # 7
 608 061a 0160     		str r1, [r0]
 609 061c 4FF0B002 		mov r2, # 176
 610 0620 4FF0200C 		mov r12, # 32
 611 0624 8748     		ldr r0, = aanjian
 612 0626 FFF789FE 		bl lcdxiedongxi
 613 062a 7748     		ldr r0, = 0x20000200
 614 062c 4FF00301 		mov r1, # 3
 615 0630 0160     		str r1, [r0]
 616 0632 4FF0B002 		mov r2, # 176
 617 0636 4FF0580C 		mov r12, # 88
 618 063a 834E     		ldr r6, = 0x20000314
 619 063c 4FF00203 		mov r3, # 2
 620 0640 7748     		ldr r0, = 0x20000100
 621 0642 FFF7DFFE 		bl shijinzhizhuanakesima
 622 0646 FFF779FE 		bl lcdxiedongxi
 623              		@ 光标
 624 064a 6F48     		ldr r0, = 0x20000200
 625 064c 4FF00201 		mov r1, # 2
 626 0650 0160     		str r1, [r0]
 627 0652 7E48     		ldr r0, = 0x2000031c
 628 0654 0268     		ldr r2, [r0]
 629 0656 4FF0100C 		mov r12, # 16
 630 065a 7D48     		ldr r0, = guangbiao
 631 065c FFF76EFE 		bl lcdxiedongxi
 632              		
 633              		
 634              		
 635              	
 636              		@ laba
 637 0660 424A     		ldr r2, = 0x40000400
 638 0662 4FF00001 		mov r1, # 0
 639 0666 1162     		str r1, [r2, # 0x20]
 640 0668 7748     		ldr r0, = 0x20000314
 641 066a 0168     		ldr r1, [r0]
 642 066c 0129     		cmp r1, # 1
 643 066e 02D1     		bne kailaba
 644 0670 4FF00001 		mov r1, # 0
 645 0674 1162     		str r1, [r2, # 0x20]
 646              	kailaba:	
 647 0676 1429     		cmp r1, # 20
 648 0678 02D1     		bne anjianfanhui
 649 067a 4FF00101 		mov r1, # 1
 650 067e 1162     		str r1, [r2, # 0x20]
 651              		
 652              		
 653              	anjianfanhui:
 654 0680 7448     		ldr r0, = 0x20000320
 655 0682 7549     		ldr r1, = caidan
 656 0684 0160     		str r1, [r0]
 657              		
 658 0686 0AE7     		b adchaofu
 659              	_nmi_handler:
 660 0688 7047     		bx lr
 661              	_hard_fault:
ARM GAS  111.s 			page 13


 662 068a 7047     		bx lr
 663              	_memory_fault:
 664 068c 7047     		bx lr
 665              	_bus_fault:
 666 068e 7047     		bx lr
 667              	_usage_fault:
 668 0690 7047     		bx lr
 669              	_dingshiqi:
 670 0692 7047     		bx lr
 671              		
 672              		
 673              	_extzhongduan:
 674 0694 2DE9FF5F 		push {r0-r12, lr}
 675 0698 E846     		mov r8, sp
 676              	guandingshi:
 677 069a 3C48     		ldr r0, = 0xe000e010
 678 069c 4FF00001 		mov r1, # 0
 679 06a0 0160     		str r1, [r0]
 680 06a2 8668     		ldr r6, [r0, # 0x08]
 681 06a4 8660     		str r6, [r0, # 0x08]
 682              	hwkaidingshi:
 683 06a6 4FF00701 		mov r1, # 0x07
 684 06aa 0160     		str r1, [r0]
 685 06ac 6B49     		ldr r1, = 0x42210104
 686 06ae 214B     		ldr r3, = 0x20000300
 687              	hwchaxungao: 
 688 06b0 0A68     		ldr r2, [r1]
 689 06b2 012A     		cmp r2, # 1
 690 06b4 FCD1     		bne hwchaxungao
 691              	hwgaodimaichong:
 692 06b6 4FF00002 		mov r2, # 0
 693 06ba 0260     		str r2, [r0]
 694 06bc 344D     		ldr r5, = 0xffffff
 695 06be A5EB0606 		sub r6, r5, r6
 696 06c2 674D     		ldr r5, = hongwaijiema
 697 06c4 2A69     		ldr r2, [r5, # 16]
 698 06c6 1F68     		ldr r7, [r3]
 699 06c8 9742     		cmp r7, r2
 700 06ca 01D1     		bne hwpanduan
 701 06cc 1A4F     		ldr r7, = 0x22006200
 702 06ce 1F60     		str r7, [r3]
 703              	hwpanduan:
 704 06d0 EA68     		ldr r2, [r5, # 12]
 705 06d2 9642     		cmp r6, r2
 706 06d4 11D8     		bhi hwfanhui1
 707 06d6 AA68     		ldr r2, [r5, # 8]
 708 06d8 9642     		cmp r6, r2
 709 06da 06D8     		bhi hwjiajia
 710 06dc 6A68     		ldr r2, [r5, # 4]
 711 06de 9642     		cmp r6, r2
 712 06e0 0ED8     		bhi hw1
 713 06e2 2A68     		ldr r2, [r5]
 714 06e4 9642     		cmp r6, r2
 715 06e6 05D8     		bhi hw0
 716 06e8 10E0     		b hwfanhui
 717              	hwjiajia:
 718 06ea 5A68     		ldr r2, [r3, # 4]
ARM GAS  111.s 			page 14


 719 06ec 02F10102 		add r2, # 1
 720 06f0 5A60     		str r2, [r3, # 4]
 721 06f2 0BE0     		b hwfanhui
 722              		
 723              	hw0:
 724 06f4 4FF00004 		mov r4, # 0
 725 06f8 04E0     		b hwchucun
 726              	hwfanhui1:  @红外写数据偏移重载
 727 06fa 0F4A     		ldr r2, = 0x22006200
 728 06fc 1A60     		str r2, [r3]
 729 06fe 05E0     		b hwfanhui
 730              	hw1:
 731 0700 4FF00104 		mov r4, # 1
 732              	hwchucun:
 733 0704 1A68     		ldr r2, [r3]
 734 0706 42F8044D 		stmfd r2!, {r4}
 735 070a 1A60     		str r2, [r3]
 736              	hwfanhui:
 737 070c 4FF00702 		mov r2, # 0x07
 738 0710 0260     		str r2, [r0]
 739 0712 5448     		ldr r0, = 0x40010414 @ exti_pr 挂起
 740 0714 4FF00201 		mov r1, # 0x02
 741 0718 0160     		str r1, [r0]
 742 071a C546     		mov sp, r8
 743 071c BDE8FF9F 		pop {r0-r12, pc}
 744              		
 745              		
 746              	_tim3dingshiqi:
 747 0720 1FB5     		push {r0-r4, lr}
 748 0722 6C46     		mov r4, sp
 749 0724 5048     		ldr r0, = 0xe000e180
 750 0726 5149     		ldr r1, = 0x20000000
 751 0728 0160     		str r1, [r0]
 752 072a A546     		mov sp, r4
 753 072c 1FBD     		pop {r0-r4, pc}
 754              		
 755 072e 00001400 		
 755      00200003 
 755      00200062 
 755      00220400 
 755      01400000 
ARM GAS  111.s 			page 15


DEFINED SYMBOLS
               111.s:5      .data:00000000 $d
               111.s:6      .data:00000000 shijian
               111.s:7      .data:0000000a AYJMWXWX
               111.s:8      .data:00000011 ASTM32ASM
               111.s:9      .data:00000019 dianyamv
               111.s:10     .data:0000001b dian
               111.s:11     .data:0000001c duxi
               111.s:12     .data:0000001e tim3xianshi
               111.s:13     .data:00000022 ahongwai
               111.s:14     .data:00000029 aanjian
               111.s:15     .data:0000002f guangbiao
               111.s:16     .data:00000030 lcdcsh
               111.s:19     .data:000000c4 hongwaijiema
               111.s:20     .data:000000d8 hongwaimabiao
               111.s:21     .data:00000128 lcdmabiao
               111.s:23     .data:000004d8 caidan
               111.s:206    .text:000001e6 adcchushihua
               111.s:174    .text:00000196 systick
               111.s:26     *ABS*:20005000 STACKINIT
               111.s:27     *ABS*:00009c40 lcdyanshia
               111.s:33     .text:00000000 vectors
               111.s:81     .text:000000b8 _start
               111.s:659    .text:00000688 _nmi_handler
               111.s:661    .text:0000068a _hard_fault
               111.s:663    .text:0000068c _memory_fault
               111.s:665    .text:0000068e _bus_fault
               111.s:667    .text:00000690 _usage_fault
               111.s:669    .text:00000692 _dingshiqi
               111.s:673    .text:00000694 _extzhongduan
               111.s:746    .text:00000720 _tim3dingshiqi
               111.s:82     .text:000000b8 chushihua
                            .text:00000000 $d
               111.s:83     .text:000000b8 $t
               111.s:102    .text:000000ec shizhong
               111.s:106    .text:000000f6 gsszbz
               111.s:112    .text:00000102 rccchushihua
               111.s:122    .text:00000120 chaxun
               111.s:128    .text:0000012c rccgg
               111.s:140    .text:0000014a tim3chushihua
               111.s:158    .text:00000172 zhongduan
               111.s:186    .text:000001b8 wangbuzhongduanchushihua
               111.s:195    .text:000001d0 led1chushihua
               111.s:217    .text:00000204 adcjiaozhun
               111.s:223    .text:00000212 adcjiaozhun1
               111.s:235    .text:0000022c ioshezhi
               111.s:265    .text:0000027e lcdchushihua
               111.s:287    .text:000002ae yanshi1
               111.s:321    .text:00000300 lcdchushihua2
               111.s:282    .text:000002a6 lcd1
               111.s:434    .text:0000042e tiaochulcdchushihua
               111.s:409    .text:000003fc yanshi
               111.s:291    .text:000002b8 lcdbeijingse
               111.s:295    .text:000002be xxxxxx
               111.s:306    .text:000002da yyyyyy
               111.s:315    .text:000002f4 xielcd
               111.s:343    .text:0000033c lcdxiedongxi
ARM GAS  111.s 			page 16


               111.s:349    .text:0000034e qulcdma
               111.s:366    .text:0000037a xiezi
               111.s:385    .text:000003b6 xiezi1
               111.s:394    .text:000003d2 lcdyu
               111.s:403    .text:000003ea lcdxiezi
               111.s:397    .text:000003d8 lcdxiezi1
               111.s:415    .text:00000404 shijinzhizhuanakesima
               111.s:420    .text:00000410 zhuanhuanaks
               111.s:471    .text:0000049e adchaofu
               111.s:491    .text:000004d8 xianshiwendu
               111.s:586    .text:000005e6 hongwaianjianpanduan
               111.s:598    .text:00000606 bijiaoanjian
               111.s:605    .text:00000614 anjianxianshi
               111.s:601    .text:0000060a nageanjian
               111.s:646    .text:00000676 kailaba
               111.s:653    .text:00000680 anjianfanhui
               111.s:676    .text:0000069a guandingshi
               111.s:682    .text:000006a6 hwkaidingshi
               111.s:687    .text:000006b0 hwchaxungao
               111.s:691    .text:000006b6 hwgaodimaichong
               111.s:703    .text:000006d0 hwpanduan
               111.s:726    .text:000006fa hwfanhui1
               111.s:717    .text:000006ea hwjiajia
               111.s:730    .text:00000700 hw1
               111.s:723    .text:000006f4 hw0
               111.s:736    .text:0000070c hwfanhui
               111.s:732    .text:00000704 hwchucun
               111.s:755    .text:0000072e $d

NO UNDEFINED SYMBOLS
