ARM GAS  1.s 			page 1


   1              		 .thumb                 
   2              	         .syntax unified
   3              	.section .data
   4              		.align 4
   5              		
   6 0000 039F250D 	shumaguanmabiao: .byte 0x03,0x9f,0x25,0x0d,0x99,0x49,0x41,0x1f,0x01,0x09
   6      9949411F 
   6      0109
   7 000a 00FF45BA 	hongwaimabiao: .int 0xba45ff00,0xb946ff00,0xb847ff00,0xbb44ff00,0xbf40ff00,0xbc43ff00,0xf807ff00,0x
   7      00FF46B9 
   7      00FF47B8 
   7      00FF44BB 
   7      00FF40BF 
   8 005a 40201008 	shuaxinbiao: .byte 0x40,0x20,0x10,0x08,0x40,0x20,0x10,0x08
   8      40201008 
   9              		
  10 0062 1D040000 	caidian: .word zhucaidan +1,dd1 +1,dd2 +1,dd3 +1,dd4 +1,dd5 +1,dd6 +1,dd7 +1,dd8 +1,dd9 +1,dd10 +1,
  10      1D040000 
  10      1D040000 
  10      1D040000 
  10      1D040000 
  11              		
  12              	        	.equ STACKINIT,          0x20005000
  13              			.equ systickbiaozhi,     0x20000300
  14              			.equ dq18b20,		 0x42210184
  15              	.section .text
  16              	xiangliangbiao:
  17 0000 00500020 		.word STACKINIT
  18 0004 0D010000 		.word _start + 1
  19 0008 1F050000 		.word _nmi_handler + 1
  20 000c 21050000 		.word _hard_fault  + 1
  21 0010 23050000 		.word _memory_fault + 1
  22 0014 25050000 		.word _bus_fault + 1
  23 0018 27050000 		.word _usage_fault + 1
  24 001c 00000000 		.word 0
  25 0020 00000000 		.word 0
  26 0024 00000000 		.word 0
  27 0028 00000000 		.word 0
  28 002c 00000000 		.word 0
  29 0030 00000000 		.word 0
  30 0034 00000000 		.word 0
  31 0038 00000000 		.word 0
  32 003c 29050000 		.word systickdingshiqi +1
  33 0040 00000000 		.word	0 @WWDG  	0
  34 0044 00000000 		.word	0 @PVD  	1
  35 0048 00000000 		.word	0 @TAMPER	2
  36 004c 00000000 		.word	0 @RTC		3
  37 0050 00000000 		.word	0 @FLASH	4
  38 0054 00000000 		.word	0 @RCC		5
  39 0058 00000000 		.word	0 @EXTI0	6
  40 005c 00000000 		.word	0 @EXTI1	7
  41 0060 00000000 		.word	0 @EXTI2	8
  42 0064 00000000 		.word	0 @EXTI3	9
  43 0068 00000000 		.word	0 @EXTI4	10
  44 006c 00000000 		.word	0 @DMA11	11
  45 0070 00000000 		.word	0 @DMA12	12
  46 0074 00000000 		.word	0 @DMA13	13
ARM GAS  1.s 			page 2


  47 0078 00000000 		.word	0 @DMA14	14
  48 007c 00000000 		.word	0 @DMA15	15
  49 0080 00000000 		.word	0 @DMA16	16
  50 0084 00000000 		.word	0 @DMA17	17
  51 0088 00000000 		.word	0 @ADC1_2 	18
  52 008c 00000000 		.word	0 @USB_HP_CAN1_TX 19
  53 0090 00000000 		.word	0 @USB_LP_CAN1_RX0 20
  54 0094 00000000 		.word	0 @CAN1_RX1	21
  55 0098 00000000 		.word	0 @CAN1_SCE	22
  56 009c 00000000 		.word	0 @EXTI9_5	23
  57 00a0 00000000 		.word	0 @TIM1_BRK	24
  58 00a4 00000000 		.word	0 @TIM1_UP	25
  59 00a8 00000000 		.word	0 @TIM1_TRG_COM	26
  60 00ac 00000000 		.word	0 @TIM1_CC	27
  61 00b0 53050000 		.word	tim2dingshiqi +1  @TIM2 28
  62 00b4 A7050000 		.word	tim3dingshiqi +1  @TIM3		29
  63 00b8 00000000 		.word	0 @TIM4		30
  64 00bc 00000000 		.word	0 @I2C1_EV	31
  65 00c0 00000000 		.word	0 @I2C1_ER	32
  66 00c4 00000000 		.word	0 @I2C2_EV	33
  67 00c8 00000000 		.word	0 @I2C2_ER	34
  68 00cc 00000000 		.word	0 @SPI1		35
  69 00d0 00000000 		.word	0 @SPI2		36
  70 00d4 00000000 		.word	0 @USART1	37
  71 00d8 00000000 		.word	0 @USART2	38
  72 00dc 00000000 		.word	0 @USART3	39
  73 00e0 00000000 		.word	0 @EXTI15_10	40
  74 00e4 00000000 		.word	0 @RTCAlarm_IRQ	41
  75 00e8 00000000 		.word	0 @USBWakeUp	42
  76 00ec 00000000 		.word	0	
  77 00f0 00000000 		.word	0	
  78 00f4 00000000 		.word	0
  79 00f8 00000000 		.word	0
  80 00fc 00000000 		.word	0
  81 0100 00000000 		.word	0
  82 0104 00000000 		.word	0
  83 0108 00000000 		.word	0 @BootRAM   
  84              	_start:
  85 010c DFF8A404 		ldr r0, = 0x40010004
  86 0110 4FF00071 		ldr r1, = 0x02000000
  87 0114 0160     		str r1, [r0]
  88              	
  89 0116 4160     		str r1, [r0, # 0x04]
  90 0118 DFF89C04 		ldr r0, = 0x40021000
  91 011c DFF89C14 		ldr r1, = 0x14D83
  92 0120 0160     		str r1, [r0]
  93              	gsszbz: 
  94 0122 0268     		ldr r2, [r0]
  95 0124 4FF40031 		ldr r1, = 0x20000
  96 0128 1142     		tst r1, r2           @HSE高速时钟标志位           
  97 012a 00D1     		bne rccchushihua
  98 012c F9E7     		b gsszbz
  99              	rccchushihua: 
 100 012e DFF89004 		ldr r0, = 0x40022000
 101 0132 4FF03201 		mov r1, # 0x00000032
 102 0136 0160     		str r1, [r0]           @FLASH缓冲 缓冲开启 
 103 0138 DFF88804 		ldr r0, = 0x40021004
ARM GAS  1.s 			page 3


 104 013c DFF88814 		ldr r1, = 0x1D8400
 105 0140 0160     		str r1, [r0]
 106 0142 DFF87404 		ldr r0, = 0x40021000
 107 0146 DFF88414 		ldr r1, = 0x1033D03
 108 014a 0160     		str r1, [r0]
 109              	chaxun:
 110 014c 0268     		ldr r2, [r0]
 111 014e 4FF00071 		ldr r1, = 0x2000000
 112 0152 1142     		tst r1, r2
 113 0154 00D1     		bne rccgg               @等待PLL稳定
 114 0156 F9E7     		b chaxun
 115              	rccgg:
 116 0158 DFF86804 		ldr r0, = 0x40021004
 117 015c DFF87014 		ldr r1, = 0x1D8402
 118 0160 0160     		str r1, [r0]            @ PLL作为系统时钟
 119              	
 120 0162 DFF85004 		ldr r0, = 0x40010004
 121 0166 4FF00071 		ldr r1, = 0x02000000
 122 016a 0160     		str r1, [r0]
 123              	
 124              	neicunqingling:                  @ 无聊把内存清0
 125 016c 4FF00050 		ldr r0, = 0x20000000
 126 0170 44F6FF72 		ldr r2, = 0x4fff         @ 区域是0X4FFF大的地方
 127 0174 4FF00001 		mov r1, # 0              @ 写0
 128              	qingling_xunhuan:                
 129 0178 40F8041B 		str r1, [r0], 4         
 130 017c 013A     		subs r2, # 1
 131 017e FBD1     		bne qingling_xunhuan     @ 循环清0
 132              	
 133              	chushihuayixieshuju:	 @初始化一些数据
 134 0180 DFF85004 		ldr r0, = 0x200004fc
 135 0184 DFF85014 		ldr r1, = 0x2200a000
 136 0188 0160     		str r1, [r0]
 137 018a DFF85004 		ldr r0, = 0x2000001c
 138 018e 6FF07F41 		ldr r1, = 0xffffff
 139 0192 0160     		str r1, [r0]
 140 0194 DFF84854 		ldr r5, = 0x20000024 @ 22000480
 141 0198 DFF84814 		ldr r1, = 0x00110001
 142 019c 4FF00112 		ldr r2, = 0x00010001
 143 01a0 DFF84434 		ldr r3, = 0x00010101
 144 01a4 2960     		str r1, [r5]
 145 01a6 6A60     		str r2, [r5, # 4]
 146 01a8 AB60     		str r3, [r5, # 8]
 147              		
 148              		@ dma
 149 01aa DFF84004 		ldr r0, = 0x20000600
 150 01ae 4FF4FA71 		ldr r1, = 500
 151 01b2 0160     		str r1, [r0]
 152              	systick:
 153              		@0xe000e010 SYSTICK控制状态寄存器
 154              		@0=定时器使能
 155              		@1=（1倒数到0发出异常请，0无动作）
 156              		@2=（0外部始终1内核时钟）
 157              		@16= 如果赏赐读取本寄存器后SYSTICK已经数到0则该位为1如果读取该位则清0
 158              		@0xe000e014 重载值寄存器 数到0将要被重载的值
 159              		@0xe000e018 当前值，写清0
 160              		@0e000e01c
ARM GAS  1.s 			page 4


 161              		@0-23 10MS的时间内倒计数的格数
 162              		@ 30=(1教准不是准确的10MS)（0教准是准确的10MS）
 163 01b4 DFF83804 		ldr r0, = 0xe000e010
 164 01b8 4FF00001 		mov r1, # 0               
 165 01bc 0160     		str r1, [r0]            @ 关掉SYSTICK
 166 01be 42F22831 		ldr r1, = 9000      @ 重载数
 167 01c2 4160     		str r1, [r0, # 4]       @ 写进重载数
 168 01c4 8160     		str r1, [r0, # 8]       @ 清0当前数          
 169 01c6 DFF82C34 		ldr r3, = 0xe000ed23  @systick优先级
 170 01ca 4FF0F001 		mov r1, # 240
 171 01ce 1960     		str r1, [r3]
 172 01d0 4FF00001 		mov r1, # 0x00
 173 01d4 0160     		str r1, [r0] @ 开定时器
 174              		
 175              	waisheshizhong:
 176              	
 177              		@AHBENR=0x40021014
 178              		@0=DMA1,1=DMA2,2=SRAMEN,4=FLITFEN,6=CRCEN,8=FSMCEN,10=SDIOEN
 179 01d6 DFF82004 		ldr r0, = 0x40021014
 180 01da 4FF01501 		mov r1, # 0x15
 181 01de 0160     		str r1, [r0]
 182              		
 183              		@APB2_ENR=0X40021018 0(AFIO)1(保留)2(PA)3(PB)4(PC)5(PD)6(PE)78(保留)
 184              		@9(ADC1)10(ADC2)11(TIM1)12(SPI1)13(保留)14（USART1）15(保留)
 185 01e0 DFF81804 		        ldr r0, = 0x40021018 @ APB2_ENR
 186 01e4 40F63C01 		        ldr r1, = 0x83c
 187 01e8 0160     		        str r1, [r0]
 188              		@APB1_ENR=0X4002101C
 189              		@0=TIM2,1=TIM3,2=TIM4,3=TIM5,4=TIM6,5=TIM7,11=WWDG
 190              		@14=SP12,15=SP13,17=UART3,19=UART4,20=UART5
 191              		@21=I2C,22=I2C2,23=USB,25=CAN,27=BKPT,28=PWR,29=DACEN
 192 01ea DFF81404 			ldr r0, = 0X4002101C @ APB1_ENR
 193 01ee 3F21     			ldr r1, = 0x3f
 194 01f0 0160     			str r1, [r0]
 195              		
 196              	zhongduankongzhi:
 197              		@SETENA0=0XE000E100,SETENA1=0XE000E104 @中断使能
 198              		@CLRENA0=0XE000E180,CLRENA1=0XE000E184 @中断除能
 199              		@SETPEND0=0XE000E200,SETPPEND1=0XE000E204 @中断悬起
 200              		@CLRPEND0=0XE000E280,CLRPEND1=0XE000E284  @中断解悬
 201              		@ACTIVE0=0XE000E300,ACTIVE1=0XE000E304   @ 中断活动状态
 202              		@0XE000E400-0XE000E43C 中断优先级阵列每个占8位
 203              		@0XE000ED00=CPUID，0XE000ED04=中断控制及状态寄存器
 204              		@0xe000ed08=向量表偏移，0xe000ed0c=应用程序中断及复位
 205              		@0xe000ed10=系统控制，0XE000ED14=配置与控制
 206              		@0xe000ed18-0xe000ed23=系统异常优先级阵列
 207 01f2 DFF81004 		ldr r0, = 0xe000ed0c
 208 01f6 DFF81014 		ldr r1, = 0x5fa0500
 209 01fa 0160     		str r1, [r0]
 210 01fc DFF80C04 		ldr r0, = 0xe000e400
 211 0200 4FF0C001 		mov r1, # 0xc0
 212 0204 C161     		str r1, [r0, # 28]
 213 0206 DFF80804 		ldr r0, = 0xe000e100 @ 中断使能
 214 020a 4FF08051 		ldr r1, = 0x10000000 @ tim2 
 215 020e 0160     		str r1, [r0]
 216              	dmachushihua:
 217              		DMA1= 0x40020000
ARM GAS  1.s 			page 5


 218              		@+0=LSR,+4=IFCR,
 219              		@+8=CCR1,+c=CNDTR1,+10=CPAR1+14=CMAR1,
 220              		@+1c=CCR2,+20=CNDTR2,+24=CPAR2,+28=CMAR2
 221              		@+30=CCR3,+34=CNDTR3,+38=CPAR2,+3c=CMAR3
 222              		@+44=CCR4,+48=CNDTR4,+4c=CPAR4,+50=CMAR4
 223              		@+58=CCR5,+5c=CNDTR5,+60=CPAR5,+64=CMAR5
 224              		@+6C=CCR6,+70=CNDTR6,+74=CPAR6,+78=CMAR6
 225              		@+80=CCR7,+84=CNDTR7,+88=CPAR7,+8c=CMAR7
 226 0210 DFF80004 		ldr r0, = 0x40020000
 227 0214 DFF80014 		ldr r1, = 0x40000834
 228 0218 0161     		str r1, [r0, # 0x10]
 229 021a F449     		ldr r1, = 0x20000600
 230 021c 4161     		str r1, [r0, # 0x14]
 231 021e 8F21     		ldr r1, = 0x8f
 232 0220 C160     		str r1, [r0, # 0x0c]
 233 0222 42F63121 		ldr r1, = 0x2a31
 234 0226 8160     		str r1, [r0, # 0x8]
 235              		
 236              		
 237              	timdingshiqi:
 238              		@tim1=0x40012c00
 239              		@+0=CR1 控制寄存器
 240              		@+4=CR2 控制寄存器2
 241              		@+8=SMCR 从模式控制寄存器
 242              		@+c=DIER 中断使能寄存器
 243              		@+10=SR 状态寄存器
 244              		@+14=EGR 事件产生寄存器
 245              		@+18=CCMR1 捕获/比较模式寄存器1
 246              		@+1C=CCMR2 捕获/比较模式寄存器2
 247              		@+20=CCER 捕获/比较使能寄存器
 248              		@+24=CNT 计数器
 249              		@+28=PSC 预分频器
 250              		@+2C=ARR 重载寄存器
 251              		@+30=RCR 重复计数寄存器
 252              		@+34=CCR1 捕获/比较寄存器1
 253              		@+38=CCR2 捕获/比较寄存器2
 254              		@+3C=CCR3 捕获/比较寄存器3
 255              		@+40=CCR4 捕获/比较寄存器4
 256              		@+44=BDTR 刹车/死区寄存器
 257              		@+48=DCR DMA控制器
 258              		@+4C=DMAR 连续模式的DMA地址
 259              		@TIM2=0x40000000
 260              	@18=CCMR1,18=OCMR1,1C=CCMR2,1C=OCMR2
 261              	@CNT与CCR比较占空，ARR与PSC决定频率。主频除以PSC=计数频率
 262 0228 4FF08040 		ldr r0, = 0x40000000 @ tim2
 263 022c 4FF43471 		ldr r1, = 720
 264 0230 8162     		str r1, [r0, # 0x28] @ 分频
 265 0232 6FF07F41 		ldr r1, = 0xffffff
 266 0236 C162     		str r1, [r0, # 0x2c] @ 重载
 267 0238 4FF00201 		mov r1, # 2
 268 023c C160     		str r1, [r0, # 0x0c] @开中断
 269 023e F121     		ldr r1, = 0xf1
 270 0240 8161     		str r1, [r0, # 0x18] @ 捕获/比较模式
 271 0242 4FF00301 		mov r1, # 3
 272 0246 0162     		str r1, [r0, # 0x20] @ 下降沿捕获
 273 0248 8121     		ldr r1, = 0x81
 274 024a 0160     		str r1, [r0]
ARM GAS  1.s 			page 6


 275              	tim3chushihua:
 276 024c F348     		ldr r0, = 0x40000400 @ tim3
 277 024e 4FF00001 		mov r1, # 0
 278 0252 8162     		str r1, [r0, # 0x28]
 279 0254 C162     		str r1, [r0, # 0x2c]
 280              	tim4chushihua:
 281 0256 F248     		ldr r0, = 0x40000800 @ TIM
 282 0258 4821     		ldr r1, = 72
 283 025a 8162     		str r1, [r0, # 0x28] @ PSC
 284 025c 4FF47A71 		ldr r1, =   1000
 285 0260 C162     		str r1, [r0, # 0x2c] @ ARR
 286 0262 7821     		ldr r1, = 0x78
 287 0264 8161     		str r1, [r0, # 0x18] @ CCMR
 288 0266 0121     		        ldr r1, = 0x01
 289 0268 0162     		        str r1, [r0, # 0x20]
 290 026a 4FF40071 		ldr r1, = 0x200
 291 026e C160     		str r1, [r0, # 0x0c]
 292 0270 8121     		ldr r1, = 0x81
 293 0272 0160     		str r1, [r0]         @ cr1
 294              		
 295              	IOshezhi:
 296              		
 297              		@PA=0x40010800 PB=0x40010c00 PC=0x40011000 
 298              		@PD=0x40011400 PE=0x40011800 PF=0x40011c00 
 299              		@ IO 1(通用推挽10M)2(通用推挽2M)3(通用推挽50M)
 300              		@4(浮空输入)5(通用开漏输出10M)6(通用开漏输出2M)
 301              		@7(通用开漏输出50M)8(上拉下拉输入)9(复用功能推挽输出10M)
 302              		@A(复用功能推挽输出2M)B(复用功能推挽输出50M)C(保留)
 303              		@D(复用功能开溜输出10M)E(复用功能开漏输出2M)F(复用功能开漏输出50M)
 304              		@ 偏移0X8=IDR 输入数据寄存器
 305              		@偏移0XC=ODR 输出数据寄存器
 306              		@偏移0X10=BSRR IO开
 307              		@偏移0X14=BRR  IO关
 308 0274 EB48     		ldr r0, = 0x40010c00
 309 0276 4FF03331 		ldr r1, = 0x33333333
 310 027a 4160     		str r1, [r0, # 0x04]
 311 027c 4FF0BB31 		ldr r1, = 0xbbbbbbbb
 312 0280 0160     		str r1, [r0]
 313 0282 4FF6FF71 		ldr r1, = 0xffff
 314 0286 C160     		str r1, [r0, # 0x0c]
 315              	
 316 0288 E748     		ldr r0, = 0x40010800
 317 028a E849     		ldr r1,	= 0x44444555
 318 028c 4160     		str r1, [r0, # 0x04]
 319              	
 320 028e 00F08BF8 		bl fuwei18b20
 321              	
 322 0292 E748     		ldr r0, = 0x20000200
 323 0294 4FF0CC01 		mov r1, # 0xcc
 324 0298 0160     		str r1, [r0]
 325 029a 00F04BF8 		bl xie18b20
 326 029e 4FF04401 		mov r1, # 0x44
 327 02a2 0160     		str r1, [r0]
 328 02a4 00F046F8 		bl xie18b20
 329 02a8 4FF6FF7B 		ldr r11, = 0xffff
 330 02ac 4FF6FF7A 		ldr r10, = 0xffff
 331 02b0 00F0A8F8 		bl tim3yanshi
ARM GAS  1.s 			page 7


 332              	tim3yanshipanduan:
 333 02b4 DCF810B0 		ldr r11, [r12, # 0x10]
 334 02b8 5FEACB7B 		lsls r11, # 31
 335 02bc FAD5     		bpl tim3yanshipanduan
 336 02be 4FF0000B 		mov r11, # 0
 337 02c2 CCF810B0 		str r11, [r12, # 0x10]
 338              	
 339              		
 340 02c6 DA48     		ldr r0, = 0x20000200
 341 02c8 4FF0CC01 		mov r1, # 0xcc
 342 02cc 00F032F8 		bl xie18b20
 343 02d0 4FF0BE01 		mov r1, # 0xbe
 344 02d4 00F02EF8 		bl xie18b20
 345              	
 346 02d8 D64A     		ldr r2, = 0x20000800
 347              	btingzhu:
 348 02da D348     		ldr r0, = 0x40010800
 349 02dc D649     		ldr r1, = 0x44444454
 350 02de 0160     		str r1, [r0]
 351 02e0 4FF00201 		mov r1, # 0x02
 352 02e4 4161     		str r1, [r0, # 0x14]
 353 02e6 4FF0000B 		mov r11, # 0
 354 02ea 4FF0500A 		mov r10, # 80
 355 02ee 00F089F8 		bl tim3yanshi
 356              	tim3duyanshi1:
 357 02f2 DCF810B0 		ldr r11, [r12, # 0x10]
 358 02f6 5FEACB7B 		lsls r11, # 31
 359 02fa FAD5     		bpl tim3duyanshi1
 360 02fc CA48     		ldr r0, = 0x40010800
 361 02fe 4FF04431 		ldr r1, = 0x44444444
 362 0302 0160     		str r1, [r0]
 363 0304 4FF0000B 		mov r11, # 0
 364 0308 CCF810B0 		str r11, [r12, # 0x10]
 365 030c 4FF0000B 		mov r11, # 0
 366 0310 41F2707A 		ldr r10, = 6000
 367 0314 00F076F8 		bl tim3yanshi
 368              		
 369              	tim3duyanshi:
 370 0318 DCF810B0 		ldr r11, [r12, # 0x10]
 371 031c 5FEACB7B 		lsls r11, # 31
 372 0320 FAD5     		bpl tim3duyanshi
 373 0322 C648     		ldr r0, = 0x40010808
 374 0324 0168     		ldr r1, [r0]
 375 0326 42F8041B 		str r1, [r2], # 0x04
 376 032a 4FF0000B 		mov r11, # 0
 377 032e CCF810B0 		str r11, [r12, # 0x10]
 378 0332 D2E7     		b btingzhu
 379              		
 380              	xie18b20: @ 0x20000200
 381 0334 1FB5     		push {r0-r4,lr}
 382 0336 C248     		ldr r0, = 0x22004000 @ 0x20000200
 383 0338 4FF00801 		mov r1, # 8
 384              	xie18b208wei:
 385 033c 50F8044B 		ldr r4, [r0], # 4
 386 0340 00F003F8 		bl xie18b201
 387 0344 0139     		subs r1, # 1
 388 0346 F9D1     		bne xie18b208wei
ARM GAS  1.s 			page 8


 389 0348 1FBD     		pop {r0-r4,pc}
 390              		
 391              	xie18b201: @ r4= 一位的数据
 392 034a 2DE9FF5F 		push {r0-r12,lr}
 393 034e B648     		ldr r0, = 0x40010800
 394 0350 B949     		ldr r1, = 0x44444454
 395 0352 0160     		str r1, [r0]
 396 0354 4FF00201 		mov r1, # 0x02
 397 0358 4161     		str r1, [r0, 0x14]
 398 035a 4FF0000B 		mov r11, # 0
 399 035e 4FF0500A 		mov r10, # 80
 400 0362 00F04FF8 		bl tim3yanshi
 401              	tim3panduan:
 402 0366 DCF810B0 		ldr r11, [r12, # 0x10]
 403 036a 5FEACB7B 		lsls r11, # 31
 404 036e FAD5     		bpl tim3panduan
 405 0370 4FF00001 		mov r1, # 0
 406 0374 CCF81010 		str r1, [r12, # 0x10]
 407 0378 4FF00201 		mov r1, # 0x02
 408 037c 0161     		str r1, [r0, # 0x10]
 409 037e 012C     		cmp r4, # 1
 410 0380 0CBF     		ite eq
 411 0382 0161     		streq r1, [r0, # 0x10]
 412 0384 4161     		strne r1, [r0, # 0x14]
 413 0386 4FF0000B 		mov r11, # 0
 414 038a 4FF4E15A 		ldr r10, = 7200
 415 038e 00F039F8 		bl tim3yanshi
 416              	tim3panduan1:
 417 0392 DCF810B0 		ldr r11, [r12, # 0x10]
 418 0396 5FEACB7B 		lsls r11, # 31
 419 039a FAD5     		bpl tim3panduan1
 420 039c 4FF00001 		mov r1, # 0
 421 03a0 CCF81010 		str r1, [r12, # 0x10]
 422 03a4 BDE8FF9F 		pop {r0-r12,pc}
 423              	fuwei18b20:
 424 03a8 2DE9FF5F 		push {r0-r12,lr}
 425 03ac 9E48     		ldr r0, = 0x40010800
 426 03ae A249     		ldr r1, = 0x44444454
 427 03b0 0160     		str r1, [r0]
 428 03b2 4FF00201 		mov r1, # 0x02
 429 03b6 4161     		str r1, [r0, # 0x14]
 430 03b8 4FF0000B 		mov r11, # 0 @ psc     72000除PSC=计数频率
 431 03bc 49F2E87A 		ldr r10, = 38888 @ arr ARR 除 计数频率= MS 
 432 03c0 00F020F8 		bl tim3yanshi
 433              	tim3cs1:
 434 03c4 DCF810B0 		ldr r11, [r12, # 0x10]
 435 03c8 5FEACB7B 		lsls r11, # 31
 436 03cc FAD5     		bpl tim3cs1
 437 03ce 4FF00201 		mov r1, # 0x02
 438 03d2 CCF81010 		str r1, [r12, # 0x10]
 439 03d6 9448     		ldr r0, = 0x40010800
 440 03d8 4FF04431 		ldr r1, = 0x44444444
 441 03dc 0160     		str r1, [r0]
 442              	dqxunhuan:
 443 03de 9748     		ldr r0, = 0x40010808
 444 03e0 0168     		ldr r1, [r0]
 445 03e2 8907     		lsls r1, # 30
ARM GAS  1.s 			page 9


 446 03e4 FBD4     		bmi dqxunhuan
 447 03e6 4FF0000B 		mov r11, # 0
 448 03ea 4FF6FF7A 		ldr r10, = 0xffff
 449 03ee 00F009F8 		bl tim3yanshi
 450              	dqxunhuan1:
 451 03f2 0168     		ldr r1, [r0]
 452 03f4 8907     		lsls r1, # 30
 453 03f6 FCD5     		bpl dqxunhuan1
 454 03f8 8848     		ldr r0, = 0x40000400
 455 03fa 4FF00001 		mov r1, # 0
 456 03fe 0160     		str r1, [r0]
 457 0400 BDE8FF9F 		pop {r0-r12,pc}
 458              		
 459              	tim3yanshi: @ r11=psc r10= arr
 460 0404 00B5     		push {lr}
 461 0406 DFF814C2 		ldr r12, = 0x40000400
 462 040a CCF828B0 		str r11, [r12, # 0x28]
 463 040e CCF82CA0 		str r10, [r12, # 0x2c]
 464 0412 4FF0090B 		mov r11, # 0x09
 465 0416 CCF800B0 		str r11, [r12]
 466 041a 00BD     		pop {pc}
 467              	zhucaidan:
 468              	dd0:
 469              	dd1:
 470              	dd2:
 471              	dd3:
 472              	dd4:
 473              	dd5:
 474              	dd6:
 475              	dd7:
 476              	dd8:
 477              	dd9:
 478              	dd10:
 479              	dd11:
 480              	dd12:
 481              	dd13:
 482              	dd14:
 483              	dd15:
 484              	dd16:
 485              	dd17:
 486              	dd18:
 487              	dd19:
 488              	dd20:
 489              	dd21:
 490              	dd22:
 491              	dd23:
 492              	dd24:
 493              	dd25:
 494              	dd26:
 495              	dd27:
 496              	dd28:
 497              	dd29:
 498              	zhuye:
 499 041c 00F05AF8 		bl anjian
 500 0420 884A     		ldr r2, = 0x200004f8
 501 0422 1268     		ldr r2, [r2]
 502 0424 152A     		cmp r2, # 21
ARM GAS  1.s 			page 10


 503 0426 F9D0     		beq zhucaidan
 504 0428 874A     		ldr r2, = 0x20000014
 505 042a 1068     		ldr r0, [r2]
 506 042c 4FF00401 		mov r1, # 4
 507 0430 864A     		ldr r2, = 0x20000100
 508 0432 00F022F8 		bl zhuan_ascii
 509 0436 4FF00400 		mov r0, # 4
 510 043a 00F05DF8 		bl xieshumaguan
 511 043e EDE7     		b zhuye
 512              	
 513              	zhuan_shijinzhi:   @ R0=要转换的数的地址
 514 0440 2DE9FF43 		push {r0-r9,lr}
 515 0444 EC46     		mov r12, sp
 516 0446 81B0     		sub sp, # 0x04	
 517 0448 90F80080 		ldrb r8, [r0]
 518 044c 4278     		ldrb r2, [r0, # 1]
 519 044e 8378     		ldrb r3, [r0, # 2]
 520 0450 C478     		ldrb r4, [r0, # 3]
 521 0452 4FF06405 		mov r5, # 100
 522 0456 02FB05F9 		mul r9, r2, r5
 523 045a 42F21075 		movw r5, # 10000
 524 045e 03FB05F7 		mul r7, r3, r5
 525 0462 7B4D     		ldr r5, = 1000000
 526 0464 04FB05F6 		mul r6, r4, r5
 527 0468 C844     		add r8, r8, r9
 528 046a 07EB0802 		add r2, r7, r8
 529 046e 02EB0601 		add r1, r2, r6
 530 0472 0091     		str r1, [sp]
 531 0474 E546     		mov sp, r12
 532 0476 BDE8FF83 		pop {r0-r9,pc}
 533              	zhuan_ascii: @ 入口R0=数据 R1= 长度 R2=出口
 534 047a FFB5     		push {r0-r7,lr}
 535 047c 754F     		ldr r7, = shumaguanmabiao
 536 047e 4FF00A05 		mov r5, # 10
 537              	xunhuanqiuma:
 538 0482 B0FBF5F4 		udiv r4, r0, r5
 539 0486 04FB05F6 		mul r6, r4, r5
 540 048a A0EB0603 		sub r3, r0, r6
 541 048e FE5C     		ldrb r6, [r7, r3]
 542 0490 02F8016B 		strb r6, [r2], # 1
 543 0494 2046     		mov r0, r4
 544 0496 0139     		subs r1, # 1
 545 0498 F3D1     		bne xunhuanqiuma
 546 049a FFBD     		pop {r0-r7,pc}
 547              	
 548              	xie595:    @ 入口0X20000000
 549              		
 550              		@74HC595 11=输入锁存 12=输出锁存 14=数据
 551 049c 3FB5     		push {r0-r5,lr}
 552 049e 6E48     		ldr r0, =  0x422101a0 @ 位带地址  
 553 04a0 4FF00101 		mov r1, # 1       @ 1
 554 04a4 4FF00002 		mov r2, # 0          @ 0
 555 04a8 4FF00853 		ldr r3, = 0x22000000 @ 0x20000000的位带
 556 04ac 4FF01004 		mov r4, # 16         @ 写两个8位
 557              	xunhuan595:
 558 04b0 8260     		str r2, [r0, # 0x08] @ 595_11 输入锁存
 559 04b2 53F8045B 		ldr r5, [r3], # 4    @ 取出一位的数据
ARM GAS  1.s 			page 11


 560 04b6 0560     		str r5, [r0]         @14脚输出数据
 561 04b8 8160     		str r1, [r0, # 0x08] @ 锁存
 562 04ba 013C     		subs r4, # 1         
 563 04bc F8D1     		bne xunhuan595       @循环16次
 564 04be 4260     		str r2, [r0, # 0x04] @ 12输出锁存
 565 04c0 4160     		str r1, [r0, # 0x04] 
 566 04c2 3FBD     		pop {r0-r5,pc}      @ 弹出各寄存器返回
 567              		
 568              	qingchuanjian:
 569 04c4 03B5     		push {r0-r1,lr}
 570 04c6 5F48     		ldr r0, = 0x200004f8
 571 04c8 4FF00001 		mov r1, # 0
 572 04cc 0160     		str r1, [r0]
 573 04ce 6348     		ldr r0, = 0x20000500
 574 04d0 0160     		str r1, [r0]
 575 04d2 03BD     		pop {r0-r1,pc}
 576              	anjian:
 577 04d4 2DE9FF5F 		push {r0-r12,lr}
 578 04d8 604B     		ldr r3, = 0x20000500
 579 04da 614D     		ldr r5, = hongwaimabiao
 580 04dc 4FF01506 		mov r6, # 21        @ 按键数量
 581              	panduananjian:
 582 04e0 55F8044B 		ldr r4, [r5], # 4
 583 04e4 1A68     		ldr r2, [r3]
 584 04e6 A242     		cmp r2, r4
 585 04e8 02D0     		beq anjianzhengque
 586 04ea 013E     		subs r6, # 1
 587 04ec F8D1     		bne panduananjian
 588 04ee 01E0     		b anjianfanhui
 589              	anjianzhengque:
 590 04f0 544A     		ldr r2, = 0x200004f8
 591 04f2 1660     		str r6, [r2]
 592              		
 593              	anjianfanhui:
 594 04f4 BDE8FF9F 		pop {r0-r12,pc}
 595              	xieshumaguan: @ r0位数
 596 04f8 2DE9FF5F 		push {r0-r12,lr}
 597 04fc 534F     		ldr r7, = 0x20000100
 598 04fe DFF86481 		ldr r8, = shuaxinbiao
 599 0502 4FF00056 		ldr r6, = 0x20000000
 600              	
 601              	xianshi:
 602 0506 18F8015B 		ldrb r5, [r8], # 1
 603 050a 17F8012B 		ldrb r2, [r7], # 1
 604 050e 3570     		strb r5, [r6]
 605 0510 7270     		strb r2, [r6, # 0x01]
 606 0512 FFF7C3FF 		bl xie595
 607 0516 0138     		subs r0, # 1
 608 0518 F5D1     		bne xianshi
 609 051a BDE8FF9F 		pop {r0-r12,pc}
 610              		
 611              	_nmi_handler:
 612 051e 7047     		bx lr
 613              	_hard_fault:
 614 0520 7047     		bx lr
 615              	_memory_fault:
 616 0522 7047     		bx lr
ARM GAS  1.s 			page 12


 617              	_bus_fault:
 618 0524 7047     		bx lr
 619              	_usage_fault:
 620 0526 7047     	 	bx lr
 621              	systickdingshiqi:	              @ SYSTICK定时期中断服务函数
 622 0528 2DE9FF5F 		push {r0-r12,lr}
 623 052c 4E48     		ldr r0, = 0xe000ed04
 624 052e 4FF00071 		ldr r1, = 0x2000000
 625 0532 0160     		str r1, [r0]         @ 挂起SYSTICK
 626 0534 4D4A     		ldr r2, = 0x20000010
 627 0536 1168     		ldr r1, [r2]
 628 0538 5368     		ldr r3, [r2, # 0x04]
 629 053a 01F10101 		add r1, # 1
 630 053e B1F57A7F 		cmp.w r1, # 1000
 631 0542 28BF     		it cs
 632 0544 0021     		movcs r1, # 0
 633 0546 03F10103 		add r3, # 1
 634 054a 1160     		str r1, [r2]
 635 054c 5360     		str r3, [r2, # 0x04]
 636 054e BDE8FF9F 		pop {r0-r12,pc}
 637              		
 638              	tim2dingshiqi:
 639 0552 2DE9FF5F 		push {r0-r12,lr}	
 640 0556 1F4A     		ldr r2, = 0x200004fc
 641 0558 4548     		ldr r0, = 0x40000034
 642 055a 1368     		ldr r3, [r2]
 643 055c 0168     		ldr r1, [r0]  @ 读取时间
 644 055e B1F5604F 		cmp.w r1, # 0xe000
 645 0562 1AD8     		bhi tim2fanhui
 646 0564 B1F5805F 		cmp.w r1, # 0x1000
 647 0568 82BF     		ittt hi
 648 056a 1B4C     		ldrhi r4, = 0x2200a000
 649 056c 1460     		strhi r4, [r2]
 650 056e 14E0     		bhi tim2fanhui
 651 0570 FF29     		cmp r1, # 0xff
 652 0572 81BF     		itttt hi
 653 0574 12F80C5C 		ldrbhi r5, [r2, # - 0x0c]
 654 0578 0135     		addhi r5, # 1
 655 057a 02F80C5C 		strbhi r5, [r2, # - 0x0c]
 656 057e 0CE0     		bhi tim2fanhui
 657 0580 A029     		cmp r1, # 0xa0
 658 0582 81BF     		itttt hi
 659 0584 0126     		movhi r6, # 1
 660 0586 43F8046B 		strhi r6, [r3], # 4
 661 058a 1360     		strhi r3, [r2]
 662 058c 05E0     		bhi tim2fanhui
 663 058e 6029     		cmp r1, # 0x60
 664 0590 82BF     		ittt hi
 665 0592 0026     		movhi r6, # 0
 666 0594 43F8046B 		strhi r6, [r3], # 4
 667 0598 1360     		strhi r3, [r2]
 668              	tim2fanhui:
 669 059a 3648     		ldr r0, = 0x40000024
 670 059c 4FF00001 		mov r1,  # 0
 671 05a0 0160     		str r1, [r0]
 672 05a2 BDE8FF9F 		pop {r0-r12,pc}
 673              	
ARM GAS  1.s 			page 13


 674              		
 675              	tim3dingshiqi:
 676 05a6 00B5     		push {lr}
 677 05a8 3349     		ldr r1, = 0x20000220
 678 05aa 0A68     		ldr r2, [r1]
 679 05ac 02F10102 		add r2, # 1
 680 05b0 0A60     		str r2, [r1]
 681 05b2 00BD     		pop {pc}
 682 05b4 04000140 		
 682      00100240 
 682      834D0100 
 682      00200240 
 682      04100240 
ARM GAS  1.s 			page 14


DEFINED SYMBOLS
                 1.s:4      .data:00000000 $d
                 1.s:6      .data:00000000 shumaguanmabiao
                 1.s:7      .data:0000000a hongwaimabiao
                 1.s:8      .data:0000005a shuaxinbiao
                 1.s:10     .data:00000062 caidian
                 1.s:467    .text:0000041c zhucaidan
                 1.s:469    .text:0000041c dd1
                 1.s:470    .text:0000041c dd2
                 1.s:471    .text:0000041c dd3
                 1.s:472    .text:0000041c dd4
                 1.s:473    .text:0000041c dd5
                 1.s:474    .text:0000041c dd6
                 1.s:475    .text:0000041c dd7
                 1.s:476    .text:0000041c dd8
                 1.s:477    .text:0000041c dd9
                 1.s:478    .text:0000041c dd10
                 1.s:479    .text:0000041c dd11
                 1.s:480    .text:0000041c dd12
                 1.s:481    .text:0000041c dd13
                 1.s:482    .text:0000041c dd14
                 1.s:483    .text:0000041c dd15
                 1.s:484    .text:0000041c dd16
                 1.s:485    .text:0000041c dd17
                 1.s:486    .text:0000041c dd18
                 1.s:487    .text:0000041c dd19
                 1.s:488    .text:0000041c dd20
                 1.s:489    .text:0000041c dd21
                 1.s:12     *ABS*:20005000 STACKINIT
                 1.s:13     *ABS*:20000300 systickbiaozhi
                 1.s:14     *ABS*:42210184 dq18b20
                 1.s:16     .text:00000000 xiangliangbiao
                 1.s:84     .text:0000010c _start
                 1.s:611    .text:0000051e _nmi_handler
                 1.s:613    .text:00000520 _hard_fault
                 1.s:615    .text:00000522 _memory_fault
                 1.s:617    .text:00000524 _bus_fault
                 1.s:619    .text:00000526 _usage_fault
                 1.s:621    .text:00000528 systickdingshiqi
                 1.s:638    .text:00000552 tim2dingshiqi
                 1.s:675    .text:000005a6 tim3dingshiqi
                            .text:00000000 $d
                 1.s:85     .text:0000010c $t
                 1.s:93     .text:00000122 gsszbz
                 1.s:99     .text:0000012e rccchushihua
                 1.s:109    .text:0000014c chaxun
                 1.s:115    .text:00000158 rccgg
                 1.s:124    .text:0000016c neicunqingling
                 1.s:128    .text:00000178 qingling_xunhuan
                 1.s:133    .text:00000180 chushihuayixieshuju
                 1.s:152    .text:000001b4 systick
                 1.s:175    .text:000001d6 waisheshizhong
                 1.s:196    .text:000001f2 zhongduankongzhi
                 1.s:216    .text:00000210 dmachushihua
                 1.s:217    *ABS*:40020000 DMA1
                 1.s:237    .text:00000228 timdingshiqi
                 1.s:275    .text:0000024c tim3chushihua
ARM GAS  1.s 			page 15


                 1.s:280    .text:00000256 tim4chushihua
                 1.s:295    .text:00000274 IOshezhi
                 1.s:423    .text:000003a8 fuwei18b20
                 1.s:380    .text:00000334 xie18b20
                 1.s:459    .text:00000404 tim3yanshi
                 1.s:332    .text:000002b4 tim3yanshipanduan
                 1.s:347    .text:000002da btingzhu
                 1.s:356    .text:000002f2 tim3duyanshi1
                 1.s:369    .text:00000318 tim3duyanshi
                 1.s:384    .text:0000033c xie18b208wei
                 1.s:391    .text:0000034a xie18b201
                 1.s:401    .text:00000366 tim3panduan
                 1.s:416    .text:00000392 tim3panduan1
                 1.s:433    .text:000003c4 tim3cs1
                 1.s:442    .text:000003de dqxunhuan
                 1.s:450    .text:000003f2 dqxunhuan1
                 1.s:468    .text:0000041c dd0
                 1.s:490    .text:0000041c dd22
                 1.s:491    .text:0000041c dd23
                 1.s:492    .text:0000041c dd24
                 1.s:493    .text:0000041c dd25
                 1.s:494    .text:0000041c dd26
                 1.s:495    .text:0000041c dd27
                 1.s:496    .text:0000041c dd28
                 1.s:497    .text:0000041c dd29
                 1.s:498    .text:0000041c zhuye
                 1.s:576    .text:000004d4 anjian
                 1.s:533    .text:0000047a zhuan_ascii
                 1.s:595    .text:000004f8 xieshumaguan
                 1.s:513    .text:00000440 zhuan_shijinzhi
                 1.s:537    .text:00000482 xunhuanqiuma
                 1.s:548    .text:0000049c xie595
                 1.s:557    .text:000004b0 xunhuan595
                 1.s:568    .text:000004c4 qingchuanjian
                 1.s:581    .text:000004e0 panduananjian
                 1.s:589    .text:000004f0 anjianzhengque
                 1.s:593    .text:000004f4 anjianfanhui
                 1.s:601    .text:00000506 xianshi
                 1.s:668    .text:0000059a tim2fanhui
                 1.s:682    .text:000005b4 $d

NO UNDEFINED SYMBOLS
